981.007908641
784.535927158
884.800315373
1027.35380218
1373.3652496
1215.22187736
1321.283954
1399.38707512
1502.76044191
1625.19507946
1977.25732557
2107.95340676
1877.71472064
2327.66630999
2111.79617813
2200.00236347
2596.27891615
2699.24689842
2520.27407043
2874.89323574
2709.44302958
3106.07213758
2913.27866064
3294.8673421
3085.49106846
3224.07947583
3340.05369682
3402.18409117
3789.34714506
3916.25857668
4026.63272161
3793.91860675
3914.34483113
3971.65428789
4101.40682705
4218.01366705
4630.63022389
4398.60349128
4490.81202506
4604.39463047
4990.46446137
4798.65806924
5213.00219332
4990.58044649
5372.35600753
5216.53514131
5292.39085759
5376.85754162
5527.33856242
5610.86096473
