690.357862753
789.48553918
878.28454161
978.883858857
1385.68886293
1492.81941724
1306.42658874
1692.35030072
1477.51406532
1905.40602713
1688.04784401
1828.02493491
1908.94200294
1997.52594593
2389.88433219
2475.57007378
2297.48180089
2398.84744996
2779.72883709
2612.41489642
2687.32786529
3065.02168851
3185.56320612
3263.31266999
3105.57514701
3181.76742699
3596.99629643
3402.61537712
3505.76771446
3911.54829228
3679.68590651
4114.31841146
3910.84953292
4019.25015792
4110.12059986
4218.55290985
4317.5541522
4399.40720998
4490.70471919
4614.69223773
4677.82869437
4778.24040018
5218.30278071
4985.45038843
5094.91815346
5188.31839374
5570.17699957
5409.14169301
5523.84162887
5914.14352257
6003.66443394
6082.15648589
6181.85303826
5990.91682466
6399.11476854
6218.36931626
6617.0073845
6379.10932343
6569.04019675
6580.7350744
7010.27236758
6787.57503141
6902.79529972
7323.5275577
7077.37804731
7184.86131444
7314.68131855
7427.31819282
7810.850502
7595.99030405
7971.6217278
7800.00333764
7893.91149682
7975.19751301
8079.29097779
8223.40617921
8314.52335287
8373.86385996
8778.66929671
8616.82047975
8718.67328867
8804.73829237
9172.26157247
9290.61666511
9091.22097823
9480.10912341
9307.90814204
9655.43709883
9521.19209099
9892.82780174
9983.95413483
9813.67513708
9909.61139846
9983.31509384
10083.2319791
10224.2225701
10298.4685769
10408.4637009
10521.8844393
10888.9320595
11024.1512109
11076.6285434
11185.1853762
11324.4502794
11109.509834
11193.3502543
11306.0491983
11706.3744784
11520.4272772
11585.8518283
11717.260269
11807.2589343
11921.5698037
12321.9887652
12423.0388939
12230.2701399
12631.4190558
12687.6189475
12508.6546673
12908.0221556
12719.6624108
12805.9080445
12900.9133939
13001.4479096
13392.1077248
13225.8273026
13602.7852612
13704.8318738
13766.5005431
13591.4339564
14007.7934137
14080.0977251
13903.8053919
14013.223129
14127.691748
14199.267784
14323.8414721
14395.5000301
14514.4438257
14558.6497277
15019.2526837
14816.4651992
15164.3742399
15010.5318282
15112.012918
15501.941328
15602.3083779
15702.6166903
15740.7211616
15605.572728
15990.3760285
15793.4469867
15907.9039698
16010.6874925
16389.1309025
16176.870858
16576.4910598
16416.5793117
16510.376212
16607.3754414
16688.6308127
16775.5174394
17219.3541294
17285.3103538
17386.7252165
17500.2587702
17625.3672275
17387.9981372
17831.3007841
17579.044591
17699.0006621
17811.7951542
17903.3832242
18319.418068
18428.9429948
18193.9734985
18285.7269105
18664.7857627
18493.9620955
18902.1162819
18690.5621624
18805.3059235
18891.8341645
18983.4544891
19374.9695534
19243.1224632
19576.1785069
19446.0345746
19749.3100512
19588.7181172
19952.3632167
19811.9653478
19915.2444718
20014.8655273
20421.6594186
20233.2130559
20303.4130187
20425.004427
20824.2360132
20611.4690943
20984.6520168
21097.0417194
21178.1569672
20981.3607381
21407.582509
21192.2271025
21275.9727809
21675.8536723
21812.6571941
21623.0721422
21705.097375
22078.8916168
21887.1648172
21999.1693424
22084.5474136
22502.7817229
22304.8927513
22389.4196919
22482.0258142
22925.2335639
22737.3083943
23100.6748929
22929.5067864
23008.3175049
23417.5263464
23479.0071684
23328.5038352
23715.8448159
23776.9420752
23904.6763373
24007.840965
24099.3885594
24188.9359443
24320.8304817
24083.953798
24191.8946579
24307.1147333
24384.5677861
24524.2667848
24623.0114258
24705.9965926
24780.9107966
25228.1847727
25021.1609181
25387.6619448
25182.3049242
25577.8128335
25396.6420318
25798.5399677
25578.6674176
25980.8792058
26109.8262094
25867.0458228
25983.4996764
26366.259523
26203.2268314
26305.7047286
26392.875289
26500.8307478
26906.2675176
27005.7999008
26781.8759474
26918.4151841
26983.0650872
27127.3224747
27186.1027416
27296.4580843
27417.4819371
27499.7180918
27605.6563884
27710.2654026
27822.1389284
28185.0715586
27998.4877419
28090.4388251
28495.1493047
28601.5570817
28389.4770466
28817.595575
28652.5001309
28704.4149373
28795.3008226
28917.0611711
29298.2800467
29080.3926197
29457.9689272
29286.1215677
29670.2176868
29520.288658
29906.7465865
29710.7132024
29786.599876
30207.1922638
29993.7006525
30414.1986314
30214.0478694
30609.7379982
30408.0717732
30505.4342297
30899.6465475
31062.2153992
31069.6585591
30910.7321795
31024.8392821
31093.7413791
31190.685465
31331.0381438
31379.4221565
31530.4500604
31595.219997
31701.0839576
31833.0338214
32190.1120113
32319.1931579
32384.959185
32225.5886811
32335.3916484
32418.2970412
32798.2533014
32585.823484
32678.6204293
32786.5671714
32912.9257758
33004.1544942
33419.3922097
33506.4244248
33298.7486437
33671.2938642
33532.4705794
33903.842689
33724.5340761
33792.740793
33884.1663793
34010.6278629
34398.337001
34210.6206437
34639.014302
34675.6300275
34793.4586143
34895.926871
34672.682268
35095.1532807
35223.4546143
35317.5012585
35098.2026304
35505.0532677
35313.8847591
35383.6145259
35519.280249
35583.5660077
36029.221841
35796.2390974
36199.3716017
35989.5243663
36070.1170801
36204.7927729
36315.2758832
36364.8118542
36500.9164543
36588.0322275
36697.2344371
36795.8459759
36911.725425
36981.3772901
37390.6288154
37198.9825536
37307.172522
37381.0747155
37804.9360024
37593.4524745
37710.3355129
37757.7176538
38177.165929
37988.3873074
38401.5494401
38184.6848724
38589.7607464
38683.9150608
38804.0870071
38590.5086796
38718.3471355
38792.6831525
38902.4786319
39312.0874052
39407.2355361
39495.0223512
39287.2908595
39399.773143
39497.5051138
39889.7475688
39699.4142687
40107.0191249
39930.2710757
39984.8481904
40103.2588931
40472.4613073
40299.6468959
40411.3745702
40513.8059176
40601.1753012
