702.154920387
812.336441527
1194.92697641
1317.39262106
1354.66499361
1230.10607159
1576.81897844
1676.69985423
1502.44448063
1609.87421828
1962.84787752
2098.64207273
1919.73915606
2294.48541309
2106.01359803
2174.9736678
2336.36712154
2693.03227104
2491.97625488
2595.01992274
3017.02176032
3087.43574772
2900.14933186
3027.33060921
3424.11874398
3179.45093484
3282.05998204
3681.49786485
3459.93216391
3911.99699915
3679.37281663
4062.44947518
3901.76324239
4000.68625479
4096.37426956
4225.38588504
4335.1704763
4710.64847252
4506.45237936
4896.64543157
4998.59994198
4813.12378089
5241.05676744
5298.66279728
5366.21181131
5225.63780333
5299.26047865
5692.4000753
5490.78073147
5883.07197639
6003.0590243
5830.51987255
5898.396845
5984.63529614
6428.57263613
6493.96459088
6309.97231861
6359.61940751
6504.4082906
6902.82447411
6676.59646285
6824.90587681
6895.14817893
7004.70598864
7387.43806984
7500.63080006
7596.55568671
7387.55363475
7798.19788862
7623.89377192
7681.54658353
7806.77314782
7911.90843759
8008.75350669
8112.69438259
8216.98006241
8293.79713599
8395.05703888
8476.01520446
8630.07878128
8970.01740395
9128.58857804
8911.68384765
9321.13329389
9427.47839739
9499.59259609
9286.02313554
9705.10951866
9494.79709937
9927.83547381
10011.5991165
9780.41620297
10174.9993995
9974.5201657
10110.3253854
10486.6574336
10608.8294776
10702.7461898
10510.11848
10604.6756835
10955.7575592
11090.3440925
11168.5599851
10991.18369
11129.2537152
11497.2059748
11279.2164035
11384.9685622
11512.7232676
11902.2692692
11991.5744369
11815.0405911
11924.8545073
11992.2392275
12411.388509
12211.0156536
12607.2941215
12382.6181868
12492.9114799
12598.925397
13028.2526465
12803.0807929
12880.0884112
13000.5994154
13400.1386642
13515.8529066
13284.3835359
13672.0112406
13797.1289681
13901.2052954
13975.2843363
13802.2734994
13906.6760767
14299.9304106
14423.5563974
14204.1399332
14599.7971077
14400.7239946
14517.4521939
14904.9976718
14987.4735517
15087.6064553
15223.9901035
15305.8526741
15094.7055197
15178.1813223
15316.904104
15720.7526938
15487.2002823
15881.6667702
15957.2675933
16107.1781946
16160.7240092
16302.0786294
16402.1591688
16203.8255924
16282.9902812
16702.9575864
16492.7822141
16905.9243251
16999.8017338
16811.3837792
16896.9219469
17022.9052891
17128.1567649
17193.4969209
17317.391223
17694.7330788
17790.633918
17588.6283939
18027.8694476
18111.2346707
17916.7850249
18331.3229571
18115.7796362
18490.9878971
18575.9636484
18694.2888711
18448.0978628
18585.405551
18710.977041
18811.0221068
18917.9796546
19328.7682269
19086.5195751
19477.3132014
19278.9281473
19383.9504817
19471.8116195
19594.2341043
19727.0203586
19781.9946158
20205.1286418
20305.3495
20126.1454765
20193.7549864
20280.2542478
20702.6987881
20811.8981034
20590.0209524
21005.9705856
21087.1746816
21219.0141871
21011.2302179
21122.0359875
21195.2598803
21319.228822
21687.3411919
21486.385868
21571.1012043
21992.6701394
21811.4369771
21926.5868721
22007.4207902
22085.3234673
22494.5842212
22280.864653
22400.8683905
22492.4360143
22558.0614384
22697.9343097
23032.8838605
22916.9287602
22983.7600944
23122.4670508
23236.9912211
23577.525805
23699.7397026
23511.2642367
23926.7139948
24029.6884375
23794.5957848
23875.6122605
24267.5806269
24110.4023954
24210.4351339
24304.1710584
24437.6779806
24487.7223168
24873.3532331
24717.8278205
24779.4513938
24919.8735755
24986.6972227
25360.0982872
25253.6259262
25325.6286588
25399.7568363
25530.2199083
25861.823109
25703.4653732
25801.3192668
25888.6738196
26013.7412572
26378.5250595
26510.0763726
26313.4786904
26438.9406554
26519.3227548
26602.9078301
26977.3654339
26823.5519142
27172.0382095
27003.4191228
27092.0333407
27214.0403124
27304.6107233
27688.6675345
27810.1615712
27561.1671613
27992.9844342
28072.1261254
28231.9508868
28023.5542173
28103.3113418
28208.3684529
28601.5278885
28408.4658619
28499.1077618
28924.9243546
28989.9022673
28789.6173944
28893.4031481
29319.6327908
29377.1721848
29184.4541006
29618.5726456
29699.4844435
29788.1948565
29888.1266444
29708.2567988
29779.6157713
29893.0888441
30312.2024782
30147.3163818
30194.5398954
30300.8272255
30701.6105133
30788.1025025
30592.725587
30694.1315576
30787.90275
31192.5870629
31035.6435485
31372.7819786
31501.2530621
31304.8808514
31390.5115572
31493.4763153
31908.2448754
31738.078842
32085.3079894
32197.6913754
32022.9224176
32371.8603614
32503.0544095
32269.7527459
32403.0650268
32496.9121164
32564.2266316
32696.2241651
32766.3870819
32903.8982809
33003.5891349
33083.2970859
33523.5493845
33292.4640297
33383.4093946
33500.714073
33891.8966788
33981.1054144
34095.9031343
33930.5785336
34021.3838536
34395.1879452
34218.7632711
34289.7823966
34702.3839692
34520.632559
34616.9452804
34716.8523417
34800.1881006
35217.353816
35319.0404721
35085.9136135
35464.9645839
35281.9184802
35686.8445205
35510.5311309
35880.2163883
35721.034231
36101.3907781
36188.6210235
35993.2616543
36419.9015575
36490.8485664
36625.8739195
36700.3929636
36474.2389522
36607.4234921
36699.6723237
36784.9940661
37221.7641791
36977.5062276
37128.9425468
37196.414734
37346.5423491
37698.3236591
37792.7906219
37599.9820377
38002.7857147
38058.3000032
37888.0242746
37977.5124147
38110.9103055
38480.8442805
38587.0149779
38380.9561722
38811.8956962
38907.8087102
38710.1220571
38811.9955022
38908.1061482
39325.4648507
39083.2334105
39212.6016106
39282.1607204
39686.8590407
39796.1258449
39877.2941432
39689.1896663
40103.9346203
39863.9790705
39975.8107268
40081.0513607
40206.373671
40291.2991066
40389.2964666
40798.9830076
40886.3401571
40673.3629964
40777.1620397
40914.3242676
40994.3991775
41376.9696005
41490.8830386
41331.8419605
41397.0664057
41524.2373032
41906.3124812
41695.85766
41798.5259674
41890.9977754
41982.5156874
42399.7167713
42218.9172714
42612.4156012
42419.5638916
42499.3948897
42631.6718366
43002.4209426
43053.9140945
43184.5494841
43288.0924309
43083.6282799
43216.8795758
43289.169203
43705.2797044
43490.4058359
43593.6799072
43723.609436
44098.9181591
44178.2255385
43983.7508532
44102.0917402
44533.2315614
44297.0595811
44429.1024579
44488.2492908
44620.0720334
45006.4764937
45101.6477314
44897.3977185
44957.9105765
45389.5188707
45224.7699451
45618.1183827
45406.6427597
45830.1212336
45600.3897461
45674.3812943
45791.1508327
45910.8904717
45991.748339
46112.2747135
46179.9670077
46286.9530593
46679.9688062
46478.4029255
46584.0048175
46984.5064125
46790.0489704
47197.158521
47257.7719457
47102.3373103
47194.1482539
47291.6861161
47389.3313322
47499.9638098
47873.020623
47690.1701147
47789.6467813
47885.621497
48042.5976942
48115.0525757
48455.2119549
48308.6837769
48435.0053678
48509.5985522
48578.3024522
48959.9845026
48805.0359998
48904.2519851
49284.0667277
49104.8423393
49493.279302
49592.0902336
49384.4762256
49512.0992421
49605.2002636
49673.710582
49822.9016133
49872.4921506
50016.4428357
50394.8640965
50213.7932478
50595.9250143
50692.3577536
50511.6069388
50594.3489295
