647.541346569
783.471085293
1196.95860374
1001.43757037
1137.88326008
1504.31656528
1565.51966059
1398.44918487
1773.77117342
1885.99744044
2027.47668855
2093.21013668
1914.68666126
2022.43368346
2064.49731661
2156.41234491
2609.3710723
2700.13820952
2492.37937824
2611.95311451
2704.69383092
2807.70579542
3195.45932165
2995.49379923
3394.33284665
3545.86412266
3301.64926075
3453.04158596
3786.62399563
3593.62819129
3668.51537774
3790.87841126
4181.49743554
4335.85550117
4087.61869356
4503.91051498
4285.88399981
4392.38448461
4529.0213866
4598.97656637
4729.56322591
5130.14678919
5182.01989295
5019.27448086
5116.62979358
5198.52140993
5317.37880232
5396.62157668
5515.64079875
5883.02956087
5698.80531558
6065.67590785
5925.106668
6281.79648163
6378.14712832
6480.37920537
6574.33120142
6416.79986516
6472.81043156
6877.55782044
6693.96115201
6806.06710404
7213.99374984
7019.08369249
7096.6797513
7187.98480321
7301.46894443
7708.56330533
7802.02582205
7886.30226151
7965.31985139
8085.53272032
8190.87857975
8308.70010199
8051.11370247
8188.72963127
8322.16157053
8418.46080592
8505.4176356
8567.4349453
8694.81529769
8785.80529581
8903.57919813
8983.60373385
9113.13242694
9220.2480669
9601.6587009
9387.78102799
9492.79148396
9605.60190242
9991.63662208
10105.3193175
9897.61374245
10001.4885671
10111.110476
10204.7822281
10645.7978021
10668.524654
10806.1431507
10926.4622975
10703.1885465
10813.7965457
10870.4830868
11000.1937321
11102.9784291
11241.0171115
11300.3090229
11417.6731548
11796.7412267
11594.4716384
11681.0386068
11787.2700159
11866.4261156
12297.3647278
12393.6972261
12188.6801059
12319.3683956
12396.7881422
12490.9261927
12584.5103778
13021.0320814
12798.4572741
13183.3038684
12978.3208272
13083.7407119
13190.8729827
13296.3192337
13713.5319221
13486.0237829
13611.5553078
13715.5241738
14136.008226
13904.4340191
14299.8583842
14108.8595502
14191.913018
14293.2553741
14404.9519547
14480.4241781
14886.6841028
14974.5725128
14795.487945
14909.7461709
14993.5420624
15380.371828
15216.1304621
15638.2308284
15703.8021782
15775.4463582
15597.3997459
15992.387398
15793.131343
16193.6612334
16007.1073349
16388.3953987
16519.5033604
16301.7583852
16750.7125252
16474.7606056
16913.2648985
17012.368543
17102.352419
16878.2644855
17003.430391
17401.2616696
17181.4699948
17278.3844506
17727.3617119
17517.1156996
17907.1666774
17728.5833145
17831.4795006
17889.5607844
18008.7966404
18112.4110012
18203.4541524
18295.5908241
18407.650191
18496.4457073
18937.3294685
18663.753672
18800.6382595
19213.1508603
19296.5723763
19108.9435994
19500.8826119
19611.3411085
19397.9378319
19492.0838195
19907.5446766
19684.5880395
20103.9775424
20224.1020728
20297.0380704
20413.5275771
20485.1364569
20307.3089036
20426.2474505
20773.8495898
20908.7723784
20687.2694315
20805.2650976
20902.1538294
21260.7572735
21413.1242416
21510.3069395
21289.5606834
21434.6378094
21530.5958371
21627.1318053
21726.768374
22084.7428119
22183.1536374
22313.877553
22104.6214878
22503.216612
22600.1653646
22414.44943
22504.6323872
22608.3144312
22982.3052672
22769.4492907
22917.4812774
22994.9771099
23368.7095721
23495.4452196
23326.8813513
23713.1892263
23494.0689927
23598.3871712
23959.7507816
24077.9099334
23891.5735557
23968.5650993
24427.4475808
24214.0580407
24285.247781
24415.3312808
24495.8195723
24893.821658
25017.311204
25095.5617383
25177.295068
25009.003077
25134.8462707
25205.0066889
25281.2129381
25677.5452538
25505.3544552
25571.455528
25736.787986
26064.1340392
25870.005564
26285.4323547
26110.9611634
26177.7625957
26316.8475566
26699.619142
26483.2849422
26594.9303815
26705.8314358
27110.9972543
26914.6994035
26974.970237
27093.1715571
27216.5421609
27303.6172181
27412.6164739
27512.012209
27931.4953722
27694.2264537
27825.0056954
28203.8711109
28309.2834476
28099.1515795
28231.9766015
28585.9015253
28417.084281
28509.0103726
28571.3657923
28702.7260509
29071.6766929
28889.6886379
28988.4692385
29415.4567519
29198.0243591
29635.6934551
29355.2939827
29485.1734376
29601.0514147
29698.5768115
30086.9490769
29914.6680063
29981.5149911
30436.3051666
30482.2481814
30613.1777888
30383.3228252
30765.3621359
30870.1843893
30948.6024866
31087.9667247
30899.3752345
31267.4476841
31103.6765181
31173.4139196
31324.7769407
31433.8150594
31491.3377205
31608.9377739
31974.7179876
31818.2857131
31902.1982628
32293.7289837
32411.8965974
32184.3671722
32304.6329049
32668.3361868
32773.3013423
32896.8265168
32987.9125715
33066.1061156
32917.5733962
32996.9070088
33074.2116775
33496.7193121
33615.2981663
33665.5289195
33772.8691957
33912.9751298
33689.831604
33811.6230623
34241.0518178
33990.7233924
34401.3630311
34225.5594279
34315.8684587
34375.5357262
34474.9771233
34877.7619987
34998.3370073
35094.1584652
34917.6882556
34996.0188797
35115.8529971
35213.8850689
35302.2552726
35411.9562844
35790.2551879
35912.4241303
35686.5925825
36078.8833198
36211.6106407
35994.9589041
36114.5030815
36204.3449667
36297.5442709
36698.2194185
36533.5292495
36620.1838702
37013.0222193
36804.4073013
37239.0714295
36995.1893147
37390.7662108
37205.841003
37285.5115625
37693.8281927
37506.3058067
37615.2619019
37981.3927612
38089.6084869
38201.8584986
37992.0875402
38402.69395
38494.0954877
38596.4193889
38673.2343293
38511.0127958
38602.0786249
38688.617474
39118.2127664
38900.4617161
39041.9053806
39117.3143974
39225.6190749
39280.2421756
39377.2017655
39511.611335
39617.8057194
39977.6543192
39804.7491525
39910.5873372
40015.5721576
40109.6552949
40197.5362648
40314.5003836
40718.9127765
40522.5847443
40891.1354022
40680.3604593
40765.4748453
41184.0617092
41263.8504415
41372.6636559
41212.0231935
41309.2799355
41719.7499991
41467.671362
41882.7541864
42014.6088424
42069.9013817
42243.2982628
41997.4167914
42118.8105366
42185.1360859
42286.8976447
42395.0969805
42804.1665403
42599.2088586
42699.367416
43107.319699
42911.677988
43256.5249361
43409.8702434
43248.0727229
43311.1347151
43416.468961
43500.6185853
43610.7524235
43702.0555198
43792.5242824
44172.8012846
44005.6645819
44125.1934621
44190.613004
44288.8717548
44684.8454378
44467.7366324
44885.9750979
44688.5358951
44795.6215165
45197.4098271
45317.3862079
45108.7075969
45191.1387996
45296.4159279
45385.3574347
45749.4803542
45625.0191316
45713.0074437
45811.7435835
46227.2044921
45990.0067754
46076.1304976
46176.9717848
46303.8819493
46687.156243
46775.3722133
46602.7495087
46703.3728225
47112.0469555
47189.9277858
47312.1449959
47066.7384664
47165.3240637
47607.1210956
47389.2252289
47763.715367
47604.3862712
47992.777263
48060.1898355
48163.7816084
48293.7766449
48078.8935402
48526.3382492
48279.2024183
48394.5238251
48498.7258413
48891.1320394
48696.2931565
48784.6538474
48872.6042887
49014.6323136
49362.942952
49217.8586526
49313.7479021
49380.5711102
49481.8712199
49571.2541618
50013.2479377
50070.8765605
50219.8178461
50012.0918499
50442.0420766
50509.6546729
50319.3453386
50700.735695
50799.877579
50570.3444286
50713.8166557
50823.4478749
50922.6426954
51004.850301
51135.8678617
51484.4693941
51309.9120623
51432.1042841
51488.1196386
51882.7227257
51658.9150532
52094.6651987
52244.0963153
51996.8722299
52080.905836
52224.0380191
52297.4792299
52686.8626824
52511.2131879
52592.5462116
52710.6935107
53084.6301382
53179.4861249
53010.9446085
53067.9916634
53198.7932146
53267.0659675
53691.1971364
53492.9533197
53606.2025509
53698.082011
53797.4706725
53871.7429192
54314.0903203
54123.8082312
54187.4599812
54602.9783713
54383.5570649
54818.9895874
54603.6615066
55017.3381031
55084.202486
55227.2895583
55025.7198026
55111.8041785
55213.5987369
55614.1481798
55679.5481112
55809.8928621
55616.953985
56016.0929144
56087.9122918
55909.0433896
56026.2873206
56091.6629529
56506.4553079
56330.2961789
56708.0191136
56479.2741789
56616.8374624
56661.9911043
57117.5193338
56878.0744795
57293.0800304
57097.071282
57511.1605758
57303.503966
57389.3055931
57799.7587891
57584.9496255
57651.5787889
58088.2796755
57910.9382699
58308.0901416
58089.8632035
58193.8473097
58308.2071456
58421.7904684
58809.525206
58581.9059263
59019.6271982
58793.6784641
58883.3631805
59306.901483
59117.9155313
59215.6110193
59590.046551
59673.6557141
59790.8317169
59597.0842597
59692.7502678
59781.247574
59899.2757782
60276.4568513
60370.1410198
60213.1443334
60579.8408677
60435.6178858
60552.7436862
60900.665343
60999.2573062
61098.5795947
61199.2147412
61006.6907042
61112.5501154
61200.0123056
61605.2608068
61433.4770733
61790.5003903
61597.7774046
61724.4966982
61761.2201772
61927.5477775
62311.4548388
62419.7638913
62506.8548376
62328.9005246
62703.9717153
62520.3460224
62635.7656116
62703.1519061
62794.9483086
62931.1966884
63030.1717496
63091.9383334
63186.3010467
63343.6526945
63684.3379341
63523.0131616
63883.0425989
63740.3009771
63799.6213963
63907.8001498
64315.7999468
64386.2167598
64192.6705152
64292.4538773
64397.7660413
64823.4869965
64902.6260511
64685.7641579
64808.3751303
64887.9420467
65275.3838045
65390.6259824
65190.84673
65269.5466282
65403.9299353
65519.4369556
65567.3969145
65687.0472053
66103.316227
66158.7724594
66030.2831561
66133.1067516
66184.9571091
66310.1410889
66385.1326564
66827.3552313
66608.5695742
66726.1067733
66806.036873
67208.2660984
66974.1924426
67097.6154568
67206.0118716
67302.6939064
67393.9714649
67501.8822402
67587.7229034
67686.3018554
68060.9157391
67916.0023153
68005.5012046
68381.0127763
68493.5226074
68596.2462836
68397.3702767
68840.2351851
68888.620012
68686.1739424
68802.8284643
69201.3879338
68988.6278105
69111.6841073
69213.3273451
69293.8168012
69695.8236924
69518.8655348
69899.0368595
70033.0508595
70103.9053773
69921.2920071
70015.1542824
70401.1825665
70504.9810769
70294.0658113
70429.4511671
70508.1771187
70628.508176
70710.9681641
70785.3585506
71210.9964969
71026.7994025
71084.5596284
71527.9673866
71601.6344543
71375.9717673
71811.1903171
71602.7258864
71952.1437844
71812.5554047
71907.7799861
72343.8463135
72080.2454412
72492.5105978
72265.794525
72405.0188371
72507.695262
72622.2228006
73018.2700055
72776.8959958
72914.2584781
73007.8105782
73377.4262173
73187.8709798
73301.0934134
73421.2843174
73527.2673439
73594.1521175
73711.5257468
74135.1470604
73901.6185563
73998.8476143
74407.056833
74197.1913949
74606.2691044
74393.2096405
74517.7192366
74913.2032957
74719.002578
75087.9854662
74920.9721203
75272.6138012
75399.7814277
75212.5881065
75269.2990636
75700.1413725
75818.7631165
75883.0948077
75717.7830574
76108.5140081
75931.6121658
75995.1232507
76088.2510437
76528.6485516
76607.5223361
76414.9611288
76734.270412
76576.129445
76711.4468201
76818.8758914
76888.2275141
76989.3195039
77098.4043821
77515.1340465
77599.7333115
77698.765925
77539.2948815
77913.8031893
77696.1793957
78139.7018007
78204.2320342
78296.0466068
78371.4045644
78496.1592009
78603.1134186
78669.560567
78508.4982102
78922.7857848
78693.4967043
78793.4642829
78912.8624985
79017.4636422
79115.2106447
79212.7962966
79646.6501896
79401.6303521
79498.4705667
79907.1687599
79718.6518219
79791.6982861
79884.4362205
79991.1514354
80109.1033212
80491.1819789
80625.5372423
80411.0635178
80517.2010274
80599.9812087
81029.0132875
80800.6447237
80913.9523813
81008.1834483
81091.7002877
81177.6779444
81307.0007542
81372.9225023
81526.5224268
81882.6709669
81711.8129737
82124.579696
82182.1423266
81982.2296642
82076.2346082
82203.7551673
82612.0106899
82719.2575444
82826.8060996
82616.2419505
82703.6246435
82803.041597
83211.2676676
82962.4937134
83105.4706413
83504.9464643
83605.3375183
83423.256154
83504.2242778
83910.0226175
83684.7096812
83777.1754654
83907.0653443
84261.5471863
84112.0015927
84189.2526902
84632.7381063
84711.9608735
84482.5954634
84914.8651841
84691.7836329
85084.4787201
85197.6230973
85016.6373429
85408.1895093
85487.0222308
85301.3668123
85406.6665936
85493.1481665
85643.0408637
85978.6566061
85800.3359096
86177.5951603
85988.3621698
86122.793232
86501.9876474
86619.2988803
86692.1490054
86806.8886786
86614.4565895
86707.6352868
86793.9867718
87156.3405761
87329.5244107
87106.9447079
87516.6655394
87604.7429489
87686.3727651
87515.1738813
87578.7961536
87717.5273144
87775.3465426
87924.3506307
88314.9687033
88400.2966721
88515.8872409
88332.7146739
88649.1060335
88485.3786989
88899.0316541
89023.6815354
89109.7468931
88914.8006026
88996.0446136
89413.811356
89209.7996937
89307.9203599
89698.1033579
89456.9170369
89590.7239889
89999.2845931
89815.6681362
89884.2616728
89988.8437807
90082.71202
90215.6553179
90296.7711228
90394.1070724
90514.4519297
90637.4831404
90712.3115479
91104.9877922
90903.3313021
91008.6071763
91452.8544609
91547.784363
91330.205769
91415.1024371
91530.925922
91601.3183736
91746.2083097
91826.0794321
91929.0903646
91998.1633482
92405.1000519
92155.6414669
92298.2153853
92370.6722534
92511.3133785
92905.2162306
93012.4252609
92797.1033987
92920.8933562
93018.1237179
93430.8147141
93202.8232408
93294.2332405
93698.720596
93833.6137355
93632.3564597
93996.6196454
94126.0837249
94191.6875698
93947.6321263
94093.3693177
94478.2924916
94314.3105942
94394.3995511
94500.7496086
94599.6414678
94673.3994323
95105.0467098
94886.6220965
94998.4728411
95424.706222
95200.7545897
95302.7049559
95426.1889754
95817.6630023
95614.0418107
95998.6687832
96104.1994551
95859.3015476
95963.4363936
96120.7403993
96196.266378
96315.480041
96665.8960571
96791.0333708
96893.8080049
96981.6112865
96828.0148696
96933.0115947
97334.4180986
97388.694773
97170.7925861
97568.1476493
97406.1771891
97789.4023888
97611.1738102
98009.7952237
97804.0599506
97913.7546953
98016.3494709
98085.4537764
98197.3662684
98602.6018213
98704.874689
98512.9689561
98612.3970977
98979.0826891
99102.6138246
98906.1474224
99008.506748
99109.0269474
99233.2353761
99627.1622165
99393.1865863
99826.9783021
99602.3852301
100024.590856
100069.566247
99875.4420515
100241.971603
100094.991969
100183.422445
100284.655872
100364.970722
100471.474437
100898.395522
100652.017893
100806.526945
101199.111764
101003.457479
101089.237294
101502.335702
101565.316448
101396.334502
101495.378198
101607.399836
101690.507215
102103.076483
101883.284064
102307.34966
102144.842539
102192.955175
102591.085308
102759.251895
102804.110012
102605.721755
102684.039917
102831.311599
103207.957712
103313.22445
103099.679438
103522.994226
103607.271773
103391.142801
103796.929958
103611.201909
103948.506743
103822.312312
103913.967024
103976.932159
104105.90975
104200.57981
104304.770871
104372.972419
104499.301311
104625.794238
104988.134149
105094.846557
104888.626558
105004.585835
105125.532767
105502.467065
105598.921137
105402.603254
105503.454632
105622.020109
105680.647392
105814.740664
105938.736887
106299.940163
106054.143943
106209.63101
106294.288374
106403.124187
106499.95779
106600.131171
107006.062244
107119.502091
106897.493714
106962.953321
107139.421969
107515.7157
107304.951076
107397.099959
107783.691541
107884.527977
107720.148361
108126.380373
107893.586132
107975.063354
108376.190425
108193.452617
108302.589091
108688.013242
108747.986234
108899.213212
108682.523085
108819.410465
108894.095599
108972.313009
109107.432805
109499.121731
109607.639855
109406.057888
109781.586964
109596.98476
109997.574732
110089.570765
109902.967781
110293.680873
110050.368931
110175.778132
110330.112875
110395.241333
110516.121154
110876.620706
110992.669071
110807.30566
111210.088119
111027.872552
111084.112203
111209.398473
111321.815652
111669.887427
111501.139351
111898.863693
111981.299057
112095.457357
111927.281452
111998.142067
112097.302181
112483.855744
112647.378634
112404.821078
112817.108524
112559.865414
112697.389681
113080.661344
112891.787989
112981.945689
113082.986574
113212.188361
113311.94832
113397.060995
113497.343778
113890.450735
113724.169994
113783.13557
114210.937721
113999.966155
114094.396442
114532.863818
114633.710215
114397.410358
114765.265559
114593.464024
114979.476641
114789.853008
115172.883116
115022.699218
115100.33912
115197.030029
115284.864377
115711.372254
115758.438494
115600.166043
115683.575426
116055.701101
116165.820222
115996.760122
116364.557577
116191.627554
116317.421544
116730.387353
116789.760786
116901.591603
116703.669345
117104.440425
116915.504935
116972.814577
117380.549803
117243.625648
117592.83015
117706.241231
117524.92391
117868.012414
117724.199375
117842.109007
118189.84296
118008.449061
118083.436715
118229.807256
118326.206222
118383.223045
118492.38557
118894.799559
118662.853794
118799.492326
118909.455614
119037.380023
119111.034049
119503.114168
119308.099625
119404.062638
119500.57298
119620.953014
119693.87113
120101.840453
120195.339496
120032.490083
120105.93856
120188.754216
120273.481304
120406.876697
120489.159927
120903.132494
121003.362319
120819.99587
120939.496581
120995.098536
121378.356633
121173.190509
121297.301904
121406.616156
121502.884286
121629.694987
121678.792183
121833.308821
121900.780152
122028.806845
122120.052957
122467.710346
122607.32315
122711.973982
122516.532659
122612.680426
123039.184374
122808.519077
122881.904356
123280.150036
123382.7564
123526.735445
123270.765027
123372.666971
123496.561183
123599.079675
123695.612903
123762.334414
123923.749327
123997.076292
124128.657796
124219.678381
124269.69395
124379.281146
124493.670551
124891.506864
124690.664717
125104.185158
125170.636624
125008.79426
125357.433782
125227.705629
125561.987393
125680.324516
125512.664586
125575.777204
125974.272982
125800.714901
125896.661193
126302.966458
126402.60402
126188.600561
126605.774928
126395.943917
126483.218662
126579.832343
127005.513431
127124.771809
127234.136644
127288.854421
127417.015809
127193.448749
127272.276423
127733.098291
127513.611103
127599.379343
128000.690087
127808.187295
127878.132779
127991.732614
128380.039616
128184.552468
128283.34707
128390.520477
128495.270968
128915.295139
129011.757258
129152.706153
128900.937643
129021.174083
129396.082883
129481.964857
129272.752837
129411.357498
129510.330236
129585.619992
130018.337811
129818.9794
129897.477196
129990.020841
130107.873841
130230.099299
130581.155211
130408.271023
130515.978074
130893.184862
130685.087056
131080.922377
131219.058696
130986.045719
131399.590045
131171.347113
131326.218136
131401.553111
131789.338662
131606.986212
131670.365086
131788.371296
132207.336755
132296.437998
132121.447235
132532.089346
132546.3982
132411.969004
132508.371368
132892.536335
132695.994496
133075.114736
132908.244504
132998.582978
133108.747485
133174.290708
133340.743318
133404.055061
133483.455905
133913.564961
133692.362203
133828.284797
133903.340283
134025.229679
134080.775673
134209.790182
134321.258051
134370.346866
134544.572788
134581.229418
134998.037172
135080.010177
134921.170551
135307.416493
135091.290218
135523.17243
135325.271384
135430.457821
135773.805147
135903.902124
135700.87313
135789.689076
135913.302964
136019.463106
136368.15201
136536.049012
136603.856716
136747.471868
136798.820546
136918.686973
137010.060274
136779.357814
136895.251269
136988.06944
137072.228799
137495.874787
137308.036231
137391.593799
137500.635089
137596.393871
137708.188485
137813.008832
137890.934897
138023.560738
138363.444385
138515.834036
138281.28064
138414.018597
138799.26365
138607.080042
138707.709793
138811.460624
139254.795
139000.651188
139367.017447
139501.368431
139312.205567
139684.905677
139831.099991
139604.538203
139942.986246
139789.760543
140184.680473
140314.339372
140108.241031
140499.705034
140318.881545
140690.490767
140801.044866
140871.922663
140698.453812
140783.38059
140933.398407
141295.464376
141405.919387
141454.252059
141313.809804
141695.740997
141502.076432
141584.861294
141675.145997
141827.569877
142195.648747
142000.553702
142089.264671
142186.824589
142307.574258
142681.721067
142795.398747
142889.474436
142714.500314
143092.633446
142905.225687
143313.276238
143370.717591
143202.072132
143311.196986
143411.177372
143801.067353
143578.955911
143700.427703
144112.045466
143901.021172
144002.045151
144059.248207
144499.11737
144278.284949
144712.730819
144527.515845
144591.379511
145018.440083
144805.220731
145204.051657
145325.460699
145109.97938
145191.520207
145327.586133
145397.600499
145475.519425
145854.64063
145966.931621
146109.228214
145940.544875
146284.627162
146109.791778
146524.907931
146592.4762
146395.906145
146474.755901
146615.254146
146707.750475
146791.242638
147197.744349
146982.445219
147121.218005
147478.797573
147605.102663
147392.143913
147492.100105
147609.77729
147714.512445
147803.045585
147913.881591
148313.694105
148107.688429
148203.231006
148299.682069
148695.883906
148781.403579
148565.480512
148669.482011
148792.571211
148910.315866
149303.324138
149407.830958
149215.698373
149291.966396
149429.269423
149498.142992
149605.410751
149994.362831
149782.496143
149906.774618
150301.654408
150094.879257
150186.308842
150572.447293
150397.691916
150834.147345
150572.335278
150989.283416
150799.592024
150915.439314
150992.644277
151080.880276
151176.428453
151317.828123
151679.949865
151792.95407
151583.552105
151695.165648
151791.709641
151881.236043
152005.478673
152117.053836
152193.006658
152339.472028
152680.336407
152511.36045
152609.575103
152718.313047
152767.574694
153178.826212
153015.162283
153082.121468
153207.26096
153307.170407
153693.052105
153835.568059
153902.218578
154031.821221
153812.704296
154195.2004
154025.009977
154431.247313
154505.34716
154617.854128
154417.358307
154515.749639
154619.847077
155017.501971
155127.611971
154881.392838
154996.295277
155079.302674
155217.71906
155286.134958
155727.433688
155493.268921
155614.172956
155719.87143
155808.573723
156197.455572
156300.478945
156102.842356
156232.07545
156270.713838
156671.396524
156773.168749
156843.184564
157002.236233
156796.925464
156868.120458
156976.093563
157121.227822
157210.310488
157590.952773
157705.231386
157792.356704
157590.135329
157712.169767
157791.675576
157909.215994
158022.52498
158126.121821
158490.37014
158579.671013
158708.467217
158767.54361
158885.012557
158702.659605
158832.296647
158908.182371
159302.936387
159127.599661
159496.422321
159605.883292
159686.210598
159498.611199
159602.466235
159713.62578
159798.841469
159946.003478
159999.774855
160397.593509
160519.995936
160628.653395
160720.593935
160499.795698
160577.223732
160712.603896
160810.925866
160905.495454
161316.093668
161127.94161
161502.753947
161578.378999
161389.508617
161492.651191
161599.429241
161712.940154
161802.481793
162223.333852
162284.760898
162101.326354
162515.854692
162564.465284
162688.878617
162484.89379
162904.839684
162714.903759
163107.887355
163193.631396
163314.794967
163096.163835
163207.805877
163607.423328
163702.718267
163836.551962
163895.941844
163685.914138
163803.252954
163906.740308
164294.261891
164101.930896
164217.235258
164316.685225
164713.17096
164490.42586
164878.7938
164711.872954
164826.495273
165150.119605
165007.584358
165433.732558
165483.982395
165630.786558
165721.423848
165494.416116
165593.556954
165959.172118
165830.318286
166225.765116
166011.130469
166088.152607
166188.360773
166292.215502
166405.77868
166487.86218
166624.73728
166706.706703
166792.70302
167185.577509
166990.892088
167103.138071
167209.714136
167311.895393
167701.113468
167809.880823
167934.1322
167718.138992
168114.582494
167912.475978
168000.637805
168393.280808
168475.342803
168588.419902
168382.365543
168474.335668
168900.020149
168938.573388
168774.89144
168888.235632
169006.867273
169066.078377
169499.806847
169283.193257
169722.723844
169817.528416
169568.035876
169693.720488
170097.555409
169909.594217
169972.058128
170085.745235
170210.981963
170329.263555
170372.415241
170504.059477
170917.271734
171018.838612
170830.440075
171173.261295
170976.156229
171107.351124
171508.777882
171287.57526
171415.639215
171784.080029
171590.839486
172004.986628
171781.212893
171873.94058
172012.797697
172095.464976
172222.446321
172558.709391
172384.735463
172485.715144
172604.100253
172692.354145
172781.19249
172893.656646
173289.871877
173059.299944
173197.754846
173597.723071
173436.856277
173480.867069
173579.47381
173711.747539
173793.492625
174238.090626
174015.149194
174419.371338
174221.62825
174292.078709
174408.100761
174485.240013
174629.731601
174688.972232
174764.644633
175200.116889
175322.397143
175430.965331
175225.832983
175640.080033
175437.858839
175777.080362
175598.30238
175701.385535
175839.184281
176226.315463
176308.093615
176084.205941
176201.404482
176302.090038
176692.777988
176792.571336
176618.4834
176656.498784
176836.861109
177219.076363
177004.917631
177108.783081
177515.2189
177288.686716
177710.432264
177830.388362
177596.700093
178018.785771
178117.268828
177919.461669
178021.746951
178390.478204
178182.46168
178605.072819
178377.38872
178853.249975
178596.665472
178664.742563
178790.536983
178873.563778
178972.484253
179391.561657
179211.609747
179277.814082
179700.044132
179790.411705
179603.240682
179703.457018
179814.302887
179892.413287
180268.712747
180382.261399
180200.233268
180291.206848
180387.204619
180505.601081
180616.024927
181024.086397
181091.093907
180909.312823
181013.449103
181441.858985
181512.890777
181310.744075
181707.491654
181529.915788
181904.815535
181994.439873
182062.880195
182196.264225
182303.422291
182086.746596
182179.763839
182582.175475
182721.306011
182495.158987
182874.106243
182709.890602
183074.771479
182931.11087
183012.080584
183092.250462
183165.251711
183613.263895
183679.478966
183500.218463
183609.871709
183686.967183
184095.996964
183921.561511
183990.05104
184107.239549
184513.476416
184605.342478
184376.548359
184477.490898
184916.879338
184966.034951
185089.598118
185196.70794
185278.763809
185096.698982
185194.439142
185311.335854
185384.268593
185769.22835
185913.064609
185711.1979
185796.632236
185884.858284
186318.031668
186124.319465
186518.396752
186563.381969
186429.011506
186505.69529
186919.094907
186713.66555
186814.309252
186897.957974
187313.621525
187099.820963
187213.913305
187562.816821
187721.967145
187492.019627
187905.341729
188021.152253
188123.415335
188185.736229
188319.658176
188103.895195
188216.672687
188264.516832
188400.058099
188819.122328
188600.194822
189022.326909
188813.886475
188912.72079
188989.361506
189107.842514
189215.883958
189296.656887
189655.857708
189540.780551
189600.450697
190031.825412
190082.524383
190201.367012
190287.523298
190408.738077
190214.188991
190599.806786
190418.680281
190511.285346
190578.92898
190998.180627
190801.767926
190907.367715
191337.706221
191099.704788
191182.588007
191304.251845
191397.86082
191798.808079
191859.791014
191691.972281
191802.938089
191915.399333
191968.417645
192104.577455
192231.529068
192318.580809
192389.793867
192751.188479
192898.196669
192713.910841
193097.846677
192890.708967
192987.836548
193090.395145
193171.379661
193299.245033
193386.632506
193469.38529
193578.758841
193989.163084
193794.593609
194202.757424
194034.113749
194110.041687
194484.499572
194314.182533
194690.924334
194507.595005
194887.12918
194733.794156
194798.809312
194941.984963
195006.785349
195125.673495
195473.149907
195620.042603
195403.882125
195495.894606
195613.737387
195721.806316
196074.391804
195909.398941
195986.088032
196102.14422
196492.887119
196617.06137
196376.995366
196788.884797
196884.870725
196682.1064
197089.218306
196873.573979
196993.745333
197059.172193
197508.285066
197640.431501
197400.181962
197810.220501
197597.565432
197701.28902
198083.342951
198185.95032
198022.133895
198420.816709
198534.759206
198622.485915
198685.88381
198844.384098
198621.681638
198693.401602
198800.10204
199220.881546
199311.184136
199107.230484
199488.218205
199645.289135
199410.632818
199799.481188
199604.924408
199712.704778
200121.03266
199910.720245
199983.106458
200392.658796
200502.830488
200295.285104
200408.838879
200498.206331
200599.922578
