692.718630092
836.16274584
903.44484924
1288.54964617
1095.64041287
1184.52929444
1311.0175899
1416.344112
1492.39919968
1573.79251992
1964.16748363
1811.30502291
1893.88009539
1999.85409494
2387.55261886
2175.89849625
2570.99819921
2406.07347318
2817.370356
2920.19900561
2937.36826367
2809.43722843
3178.22468658
3010.27295987
3401.38671976
3198.7947637
3584.68255962
3697.79527955
3497.46971671
3607.44464225
3688.76577845
3792.01885311
4196.33716996
3987.48077637
4139.12834459
4474.09721883
4297.4227062
4674.3074076
4807.06651115
4586.54846403
4973.744838
5067.11805507
4913.94413038
5004.23529327
5386.20453236
5505.3036902
5600.0605376
5707.39177586
5503.18903314
5598.90588558
5729.38708416
6108.64348214
5888.89071333
6017.65303616
6113.39020176
6203.50291642
6279.95243847
6397.33217219
6769.90105555
6628.60481238
6681.50766082
7154.37046957
6885.66581694
7014.92325746
7384.34232166
7171.98538604
7615.52366095
7694.76269803
7816.3578951
7604.01362698
7683.36172672
7803.08766026
8183.65910772
8299.30055471
8414.15440398
8189.82392972
8297.79464146
8680.12337753
8525.65517882
8863.86511832
8697.0214333
8793.09275105
8899.10464285
8984.80730333
9418.40362558
9509.15081816
9285.21006021
9386.31995238
9807.09291228
9574.78976608
10002.8952569
10124.7636392
9934.12489755
10299.1921059
10119.2589225
10198.1933806
10281.5657121
10392.1346316
10522.3711823
10614.8735575
10684.0348978
11064.0305681
11191.2157815
11287.1345515
11101.3922874
11168.8629075
11269.231418
11402.6564747
11827.1674327
11893.6883638
12003.8512252
12110.185224
12213.2749504
12002.9031555
12082.942906
12216.191521
12313.6896674
12407.043565
12510.5445776
12569.4650397
12701.5138032
12791.4986586
12923.2047578
13011.7911355
13109.9752592
13173.6007605
13309.7162055
13382.9454099
13504.3927534
13876.7975434
13984.3715867
13803.4237483
14199.7524744
14017.6541611
14398.4642324
14504.4793955
14585.3028146
14423.6437706
14790.677884
14615.2725038
14698.1587063
14819.1051008
14894.3507516
15288.6824884
15072.8325493
15487.9024157
15312.6121448
15685.0930672
15809.4479251
15606.2815031
16010.582683
15791.8237069
16196.8901599
15989.5333287
16090.0145224
16236.2806719
16626.3872052
16393.0642318
16842.3363532
16894.9742834
16697.9229506
16840.0383209
17219.8310225
17295.9689934
17391.3276586
17208.0344008
17318.5302432
17403.8643815
17802.3599746
17898.2399531
17716.2327716
17791.4245749
17880.4502958
18001.123044
18081.1467535
18561.0484943
18323.7952109
18421.0675158
18489.2680237
18590.842614
18680.1607803
18818.6567448
19204.4360643
19301.7151985
19104.9153095
19217.0971449
19308.5727271
19718.000587
19810.1933424
19609.2239748
19715.3800733
19785.0586185
19886.0882816
20271.7548926
20390.4978446
20177.1529169
20312.8269262
20384.2551993
20836.6319909
20856.2568631
20988.6668538
21108.955837
21199.729177
21285.2215488
21106.6365152
21233.9749627
21279.1014269
21705.2072507
21799.6137559
21605.195195
21713.9915995
21821.2380563
22189.4734782
21993.3445121
22399.2937654
22210.8305929
22312.2500025
22402.922403
22505.5419209
22600.0126428
22687.1733773
22779.2444131
23182.4063282
23007.1073598
23066.7604829
23213.1140983
23304.8456662
23399.8962606
23833.5268671
23620.1271968
23695.8849474
23780.4488301
23873.5622876
24324.71652
24131.4923713
24189.2180454
24600.7112958
24422.3702735
24489.2541097
24608.3348175
25033.3099582
24821.7903329
24905.6902117
25011.7101981
25079.741569
25177.7502225
25643.7224823
25673.3280514
25504.1751864
25909.2888088
25990.2630477
25793.3977449
26182.7630946
25987.0883376
26379.9932212
26206.8340432
26325.7037651
26409.7601229
26483.0889011
26885.9431088
26994.0045514
26809.4537147
27195.7345266
27015.0478159
27114.0986515
27195.045612
27312.6267461
27424.349137
27504.6291399
27642.9753869
27709.6416489
28092.5211642
28173.574759
28318.9350468
28404.3227453
28192.2462411
28339.784124
28424.4738729
28824.4994367
28591.314712
28698.8281223
29115.614868
28909.4433117
29013.8768035
29407.1548992
29224.7757454
29273.4184853
29711.4794457
29825.1161608
29569.8647137
29680.4846177
29799.3128759
29924.2834759
30012.0056898
30107.2489285
30211.4514182
30314.0518173
30403.2317119
30830.4808026
30598.8583337
30667.7022921
31094.4526552
30885.4954197
31005.8317
31080.9392133
31484.3538486
31309.5818881
31407.406739
31514.3688961
31901.3403691
31703.2459033
32107.0685251
32173.0270749
32004.3747127
32105.7821495
32503.9882791
32598.7025759
32373.5650329
32776.3144254
32910.5904575
32997.6029634
33114.1783709
32903.4276032
32988.6999028
33120.6932936
33193.5100395
33601.5416854
33383.4254215
33494.5600202
33874.4635765
34019.9047404
33773.5194427
34214.264114
34024.4873066
34420.8072657
34167.0568277
34279.6067498
34704.4366405
34490.1861186
34590.5154635
34690.2703126
35104.7752788
35192.6844284
34969.7859399
35380.8283197
35501.5384746
35582.0284375
35409.5537107
35803.5782036
35590.7692044
35677.3030844
36111.7025349
35862.3439201
36318.3409536
36111.4885391
36471.3131682
36596.6832437
36409.9650121
36525.3873452
36610.6121324
37014.0461255
37084.0290271
36873.5059257
37018.9119751
37423.0377746
37491.5560478
37291.4141033
37670.4321906
37529.1084158
37938.2655842
38023.4659915
37840.5363051
38169.0604319
38255.3576437
38091.5540097
38211.1344073
38626.2315229
38415.1232877
38517.5125513
38607.6640088
38684.8203063
38813.7678191
38880.9439052
39252.034995
39091.7180262
39184.828487
39576.5454481
39673.3239562
39759.0711522
39597.4494895
39698.8083173
39801.2991899
39885.1513961
40293.5963854
40104.678484
40225.0508679
40630.1036829
40693.386748
40492.7013065
40634.2973
40692.4120854
40814.2169358
41205.3842795
41282.2991746
41407.4935279
41205.3869142
41306.2824042
41727.6817874
41461.5448885
41943.9012517
41685.938252
41832.6701929
42189.1137889
42011.3894743
42377.233418
42476.8369717
42605.3058706
42411.294095
42482.8207265
42589.8223147
42710.9180916
43101.3286802
42899.320684
42983.1167174
43082.9848888
43172.588069
43327.9088939
43386.8810421
43804.3446224
43569.1776437
43700.2087803
43833.2876193
44210.7894328
44017.5443052
44412.1736856
44527.064773
44323.6386294
44725.6636299
44807.8000121
44899.1896197
44713.7443565
44806.8744073
44903.9339922
45009.9518179
45080.1228246
45215.3584441
45665.1861595
45397.2332907
45754.7377919
45589.0273568
46037.0749636
45801.9303265
45903.915588
46264.7145148
46117.5710409
46188.1214527
46648.198423
46700.228917
46828.0950892
46608.6889232
47001.7080609
47091.1667383
46899.561396
46996.1149516
47421.0352133
47524.6405913
47283.7050224
47664.8694832
47484.2593945
47906.6222552
47713.3607617
47836.0023374
47914.0566864
48002.3202987
48144.0730936
48210.4085705
48302.7081925
48413.7521429
48808.6338914
48588.8407534
48689.3617485
48825.6034341
48916.5080562
49317.2613518
49394.470268
49206.5879484
49297.8712807
49399.2178893
49514.4542283
49601.9828619
49683.6546025
50061.3299858
50201.422856
50282.3596024
50415.2002802
50168.592905
50285.8944822
50401.698125
50515.9056605
50611.9354392
50714.6924953
50789.3162039
50921.32369
50977.3090021
51079.4616865
51199.5777765
51589.7592179
51418.2392054
51479.3481517
51923.288788
51694.9450759
51780.2932805
52187.18288
51993.9694565
52419.5345668
52244.110493
52626.8996682
52389.9661382
52496.4548137
52620.508756
52684.4277049
52812.3183635
52884.494432
53286.9157284
53438.6700873
53514.4141181
53600.9374106
53370.5791071
53485.1437331
53602.498321
53718.0174391
53803.1244494
54223.6922879
54296.5128804
54082.841534
54515.7030119
54306.9300585
54678.6962414
54816.6339642
54598.7259173
54706.8524355
54787.684922
54897.7358224
55342.4972993
55118.5220844
55202.899313
55309.3019072
55393.488086
55504.6300404
55906.2464898
55732.2189748
55823.7076705
55863.1523239
55978.9686336
56101.6030959
56214.9517271
56311.7932776
56413.0425876
56492.5563129
56653.9068365
56719.6198775
56810.3104895
57190.1588666
57319.9316362
57108.0599677
57217.9056904
57608.4069354
57701.0408728
57836.7929662
57601.0418514
57986.5371
58093.5436976
58222.4100467
58336.3551808
58090.8860009
58179.139293
58592.1277862
58407.9408055
58482.5732811
58614.6199616
58695.3657626
59095.7550814
58897.9243499
58990.0573713
59124.0858235
59207.0187601
59579.0684673
59414.832317
59507.7836446
59612.7148178
59970.6365603
59801.4474855
59902.0880447
60004.6837509
60139.9182289
60470.7094358
60345.4391229
60685.4852487
60491.4143112
60904.8215142
60697.8888353
60785.0431076
60911.8236056
61303.2783246
61089.8526064
61484.5089446
61311.7869611
61378.8177628
61481.9562537
61887.3913361
61981.1789027
62103.8538354
61901.1425652
62306.7539529
62117.4551599
62226.9002615
62296.0560615
62722.2545756
62792.4720469
62616.1181681
62702.8852104
62794.3316081
62931.4865942
63006.0158295
63075.9832522
63217.2392059
63277.2340701
63673.4907846
63519.2548974
63625.8296463
64026.7743913
64096.3873102
64186.5621531
64292.2797261
64066.9160366
64228.889578
64319.5226968
64426.6657808
64483.6276727
64927.3840496
64692.0503144
64815.9547052
65214.7595487
64990.6626889
65087.8204861
65199.1964098
65310.9649624
65405.0191936
65787.9525244
65592.3025507
65708.1491506
66122.0308215
66190.8970908
65997.4808559
66086.3189307
66229.4174854
66549.8861483
66420.4316779
66519.962411
66888.1784488
66997.7422456
66796.7995378
66915.3832486
67007.4177716
67086.7733765
67488.63837
67573.3223636
67414.9429922
67500.9792556
67604.9071587
67704.4046943
68109.6237698
67896.6573811
68284.179861
68082.0914541
68186.3951979
68589.6493756
68678.9477987
68488.6791646
68609.3812747
68725.5173054
68824.2703067
68870.3501088
69004.416996
69101.9875126
69219.2045898
69310.2211708
69706.3994186
69507.8801566
69616.278835
70027.8316541
69812.897428
70189.6011507
70005.4647929
70392.2148411
70185.8404586
70597.7201335
70723.4717181
70497.9059551
70598.8737178
70715.5371773
71084.1186679
70897.3058792
71006.590326
71396.9626888
71198.2001535
71322.7652921
71383.0723927
71756.221648
71898.4455301
72015.4870611
71795.7649466
71917.9923193
72318.6074319
72099.5775135
72481.8380929
72286.947635
72361.5999883
72470.0780388
72644.3925901
72699.0124575
73119.3975441
72889.9016734
72991.3411008
73113.9366659
73199.9660812
73302.9092599
73399.0483086
73802.541969
73906.8565927
73685.1251696
73816.4341196
74215.974578
74005.2887425
74399.6215165
74499.2131814
74637.1096931
74704.8560255
74498.2848367
74601.4191593
74995.4605436
74835.185015
75164.2135346
75323.080461
75104.2921974
75190.6442461
75580.358887
75406.2262845
75817.860387
75913.6496926
75717.0578138
75847.2338856
76228.9952795
76287.8033506
76389.5606838
76527.6074583
76296.603135
76401.8568366
76509.6538682
76610.3819553
76694.0011816
76790.1241952
76917.323377
77284.5335315
77410.5361067
77210.0111331
77297.7817231
77394.6367068
77792.2394575
77901.2975301
77990.3421513
78111.2289184
77895.9383402
78305.8408384
78136.5098388
78506.7704144
78568.5366457
78402.8426361
78759.1831489
78592.0310286
78707.8713613
78820.4103299
79220.1434625
79310.1680736
79384.4476803
79223.5994171
79297.3075988
79716.8252285
79532.9163802
79592.3021138
79949.161451
79801.3682753
80198.9410019
80308.5833062
80375.0505261
80211.8073211
80266.7042837
80399.4998666
80799.1173673
80869.5443415
80694.322455
80787.2072615
81179.1440115
81023.7544622
81148.3784284
81213.487283
81619.793062
81676.2796234
81544.9972757
81608.0420907
81734.8566896
82069.774905
81891.1321179
81991.3067787
82380.2052441
82528.5280396
82317.7600947
82399.0345981
82476.8962717
82610.3379164
82990.3861727
82848.7714685
82891.1365832
83038.8587717
83388.3195843
83485.8375377
83295.5819263
83736.1441137
83807.9682956
83605.9188018
83700.3671351
83815.1240131
83904.1789611
84033.5225292
84123.568251
84170.9273518
84300.1581482
84420.3862985
84795.5254578
84597.847367
84698.3491198
84809.864532
85187.3005697
84988.0958098
85104.1383541
85200.7263134
85600.2866679
85730.9456076
85824.6807143
85628.3646724
85696.0051568
85816.2819219
85900.9661265
86271.6595444
86087.0026032
86520.68903
86269.1370807
86701.1999995
86761.4265585
86562.4863615
86698.032635
87076.9738646
86911.0979086
87333.1438898
87361.9933402
87479.4065642
87263.3089441
87682.7135461
87483.4456159
87926.3198558
88007.1679418
87820.8627306
87909.8735003
88302.3740431
88420.5897039
88197.2138594
88591.2027534
88684.5115627
88505.305654
88604.6226261
89002.7499477
88813.0479004
88895.1891393
89295.1328158
89361.1336436
89170.5599547
89319.0546558
89387.1398733
89499.1845799
89935.0290144
89713.4670023
89789.9349957
89928.4117903
89998.4197458
90128.120733
90208.6732799
90276.5659462
90729.7438648
90776.6699756
90903.5231527
90973.9491688
91111.5824151
91169.1878686
91006.5226232
91094.2204792
91223.7232652
91594.8209015
91393.9570724
91492.665955
91606.0863296
91645.151499
92083.5228234
92211.5304411
91980.7443918
92100.6871158
92187.838992
92592.6660744
92386.4487691
92784.6431099
92626.1812756
92966.1443937
92769.2670228
92893.0107159
92991.0826695
93116.0082834
93189.5433196
93277.8260351
93690.2643497
93793.8106499
93937.5068042
93990.4681297
94097.3185123
93910.064199
94001.0278274
94071.855019
94220.6086117
94305.6341222
94379.8389977
94531.5010113
94924.2321215
94710.9630547
95074.6031871
95182.963177
95320.4880452
95392.3504553
95236.2410815
95598.1467213
95720.5098282
95844.4102536
95914.7481828
95983.1220886
95828.0555813
96189.0067122
96012.5638348
96396.6691352
96177.7129522
96305.9774938
96383.4297907
96819.3340705
96584.4085828
96685.8964795
96833.8487508
96919.3307233
97281.728213
97100.4632783
97235.7628025
97298.2154041
97421.2114492
97488.3732192
97600.4260868
97694.7142941
97789.6534763
98233.4528756
98022.6548968
98077.9533596
98526.8101242
98310.9004273
98407.5299871
98807.5567859
98901.5195439
98709.445664
99103.7495225
99226.5759173
99277.5432241
99105.4051417
99177.9706074
99605.4858854
99423.679833
99522.3721039
99905.8014488
99714.3059207
100095.185627
99896.194903
99960.3734373
100120.900442
100182.540837
100323.124737
100410.851355
100767.493682
100913.701985
100993.881178
100790.327347
100903.920315
101307.313534
101387.597768
101218.744175
101592.414667
101417.147861
101503.248597
101535.542984
101705.163377
101807.479026
102197.331113
102007.186887
102124.976022
102180.74064
102592.758271
102438.036736
102504.901095
102620.806528
102709.316382
102824.616523
102894.247533
103024.169473
103106.702337
103219.810125
103320.934441
103381.427965
103516.958218
103585.450519
104027.509579
104047.382274
104207.561973
103997.962734
104070.290998
104203.628194
104295.759339
104415.032887
104499.968476
104611.891348
105003.234557
104807.928658
104913.923309
105307.780326
105101.733294
105514.826645
105303.213165
105442.212939
105825.246689
105602.180081
106016.39956
105805.262364
105887.707863
106263.129109
106105.655045
106180.515892
106279.387443
106742.52192
106474.571789
106618.008901
106695.233319
106810.501644
106915.768301
107005.85213
107076.391152
107214.4466
107581.311103
107428.661743
107776.688889
107862.010686
107708.383461
107839.38998
107883.861523
108328.386609
108431.425011
108188.127086
108607.901416
108374.697403
108491.239829
108909.108891
108711.397004
109115.987358
108926.089396
109252.06843
109079.841565
109508.607294
109298.470397
109378.599214
109807.782711
109588.366104
109701.144895
109778.915981
110237.820332
110019.917696
110106.770284
110507.604923
110296.92473
110718.497491
110769.84352
110594.752755
110693.340109
111066.438118
110889.651014
110997.906188
111377.977148
111513.304892
111587.354219
111386.411002
111831.519819
111901.161476
111718.904881
111806.462329
111903.783351
112275.402157
112106.057642
112191.770619
112286.661627
112726.791797
112771.039861
112600.892761
113013.952054
113090.331755
112897.077715
113302.04326
113415.342476
113212.89608
113600.034762
113711.284304
113475.217532
113887.188428
114032.796059
114119.585356
113938.10137
114011.205261
114140.326016
114212.806603
114323.58989
114412.369976
114484.124791
114929.930977
114744.022857
114794.04834
115216.195508
115289.91096
115131.901278
115501.962387
115297.664478
115707.977222
115500.385687
115867.027892
115993.71978
115777.444582
116199.550136
116037.367013
116378.599388
116497.821555
116607.924537
116712.001287
116812.017804
116597.290876
116735.652603
116823.907445
117230.786921
117296.329799
117416.599184
117208.767924
117302.974173
117397.772343
117830.059554
117620.895418
117708.024165
117792.769196
117890.370262
118276.047924
118091.366133
118186.767397
118598.404943
118374.124096
118523.047933
118612.584263
118703.376486
118805.731788
118888.443685
119005.180675
119098.615834
119201.870158
119607.381503
119696.056929
119802.062406
119924.370312
119985.924267
119783.473092
119903.045713
120013.271949
120095.607585
120476.95366
120301.482543
120716.965464
120537.243482
120621.795256
120693.01386
120776.093904
120907.657221
121000.114068
121104.252935
121226.033243
121283.380345
121421.996526
121810.228048
121624.947847
121977.522865
122095.471245
122176.51346
122004.026607
122087.243161
122197.820485
122302.613691
122702.154698
122532.48923
122908.839625
122712.8226
122777.994565
122904.100311
123313.96969
123095.138614
123223.30486
123307.234147
123379.575745
123795.519389
123608.467998
123719.640421
123823.416555
124200.721031
123994.657096
124070.595407
124205.777274
124294.800929
124423.925542
124511.910904
124621.683154
124684.491134
125078.351058
124929.442691
125287.916284
125383.440955
125215.296801
125594.967131
125428.859333
125500.981555
125902.818513
125726.83978
126119.049538
125867.751578
126016.203092
126348.279467
126212.24029
126617.647588
126692.486433
126774.517785
126906.249371
126690.425473
127121.023584
127198.916741
127018.676005
127121.587586
127178.888885
127566.413996
127418.58455
127783.623049
127889.04175
127698.661948
128090.631657
127932.495285
128005.670366
128086.641294
128506.633916
128282.342037
128708.054333
128522.683553
128912.64247
128988.381488
129093.869439
128922.093814
128974.190629
129089.447215
129470.362739
129274.737094
129371.475001
129793.668434
129617.230613
129695.125647
130078.344355
130202.480476
130020.918466
130105.094555
130477.954705
130602.36255
130366.580048
130536.796251
130920.353271
131004.818677
131120.396108
130892.047634
130977.706508
131107.263646
131515.676066
131290.916263
131712.189994
131513.162497
131621.307926
131746.259963
131787.763354
132164.086239
131995.459332
132398.342931
132209.953655
132325.005069
132351.972737
132491.065934
132896.11332
133021.550588
132815.869535
133217.055239
133007.631387
133126.97453
133201.560543
133299.22494
133409.601606
133535.664644
133946.566758
133680.200925
134105.375033
133883.179361
134261.053652
134357.653956
134200.74908
134586.263929
134415.394432
134528.971172
134880.880614
134696.958228
134802.270718
135169.457685
135001.419727
135096.318269
135188.797476
135299.259626
135379.695253
135488.951572
135896.288772
135689.808176
135784.817951
135888.202888
136010.340284
136097.766306
136184.27942
136589.767314
136401.510715
136519.884538
136595.587151
136699.206759
137082.281646
137173.546868
137291.001223
137401.741373
137505.175078
137596.399873
137398.498493
137481.153154
137615.787897
138002.92213
138119.066302
138203.722256
138291.222556
138102.861573
138185.153018
138283.818798
138702.950023
138823.651747
138943.53418
139008.149304
138787.190122
139175.276597
139011.201655
139093.03098
139509.692161
139575.565382
139393.223506
139530.896336
139615.936663
139727.03573
139789.561958
139900.740663
139993.253706
140099.169383
140193.116233
140597.986768
140398.659724
140817.850771
140607.465281
140670.646518
140826.657085
141193.720436
141267.021067
141132.970356
141193.211956
141302.669871
141713.077649
141521.215632
141608.780291
141979.532093
142087.377479
142221.351764
142005.226802
142359.651133
142208.248294
142587.31675
142401.327019
142850.026988
142630.026683
142978.227037
142770.178905
142917.025729
143268.175527
143109.108574
143515.054672
143318.083815
143697.309085
143516.499445
143910.730234
143697.688435
144096.446896
143908.007954
144008.553951
144430.410114
144145.426996
144577.547417
144696.51356
144487.489416
144621.806301
144970.972248
145111.258178
145190.221802
145010.05843
145093.508814
145535.352657
145568.965381
145368.890172
145814.368153
145950.974418
145994.406733
145810.585096
145874.232227
146329.585887
146092.71881
146215.229927
146603.203802
146404.204086
146493.711181
146592.651858
147002.986295
147084.441475
146889.730465
147014.98927
147369.774732
147225.804369
147291.108459
147427.125463
147808.147995
147585.342172
147700.883147
147777.594406
147898.604197
148032.248535
148446.415495
148515.50786
148288.957457
148673.659998
148471.814876
148926.55263
149011.49701
148773.815432
148919.70182
148984.095861
149099.678322
149540.033049
149280.720503
149724.184931
149490.539848
149619.721976
149999.237966
149782.992139
149923.026617
150269.546804
150419.649874
150191.167779
150314.959822
150393.508235
150526.999157
150603.203322
150729.346266
151107.025887
150910.072522
150982.59145
151088.93371
151478.752794
151301.037054
151386.528378
151800.263804
151891.5348
152022.782755
151811.601905
152201.931414
152309.169128
152124.945905
152233.587464
152322.020492
152424.289007
152774.933183
152908.504729
152998.179851
153097.383349
152895.972661
153318.590901
153110.800028
153470.731684
153603.724308
153673.676588
153837.852089
153930.234419
153965.105647
154072.732652
153872.504128
153955.309901
154377.472886
154500.654124
154306.863982
154386.423848
154808.377646
154614.821192
154691.946912
154811.480318
154892.214016
155304.098991
155394.192431
155513.961392
155596.684127
155403.353839
155519.376584
155893.956099
155969.189688
155803.452986
155893.173304
156321.929187
156112.696133
156198.878326
156307.2855
156388.994306
156507.767824
156625.206891
157015.539298
156804.912625
156885.512705
157008.159429
157381.19107
157174.474759
157280.22386
157674.805196
157755.269489
157908.046332
157700.872605
157804.124716
158163.270335
158026.015058
158415.448283
158500.400281
158607.165717
158698.861892
158499.977793
158901.571829
158986.208828
158783.041514
158908.416395
158979.8399
159091.599132
159239.982539
159291.353977
159395.883407
159497.308366
159910.310404
159992.374782
159827.692634
159879.414145
160287.410953
160402.951654
160237.795421
160286.790341
160735.386035
160813.402541
160912.528185
160977.6704
160780.343152
161193.761083
161015.574235
161095.428677
161220.443512
161612.327422
161717.635622
161501.238501
161888.418789
162011.752964
161807.938697
162201.71889
162271.898861
162388.045662
162206.427876
162580.007178
162403.490981
162486.403603
162608.927668
162700.619496
163100.094913
162909.007181
163310.607938
163108.737473
163211.381868
163585.748712
163422.241025
163772.286444
163605.442553
164012.510845
164118.824416
163884.145575
164270.759519
164109.254189
164497.906702
164315.850282
164396.115359
164479.062828
164582.340145
164687.935934
164809.997077
164902.032387
165322.849626
165410.590392
165204.786927
165311.38697
165748.564907
165775.772749
165578.799035
165727.228285
165800.382493
165883.874998
166007.645233
166097.550959
166214.418483
166271.162182
166694.132806
166518.959398
166903.398555
167018.628948
167065.170184
167218.034764
167291.045425
167103.346052
167561.441907
167328.60713
167395.922821
167484.750561
167620.58021
167664.277049
167815.168374
168224.594031
168272.595053
168079.205451
168198.011375
168327.883066
168718.87319
168812.51269
168616.34346
168703.521999
168842.340863
168891.718581
168990.588799
169393.273868
169163.695516
169346.937574
169415.145178
169512.720062
169592.854704
170024.192681
170120.12822
170220.503726
170005.351294
170100.544094
170520.953228
170328.240518
170406.888994
170818.262007
170564.847139
170991.754725
171088.405075
171180.726692
171298.056684
171088.849876
171534.632307
171319.757023
171384.095417
171518.977438
171926.145206
172004.286609
171776.605054
172221.749956
172029.798355
172081.968546
172528.814065
172289.839496
172387.185814
172536.241733
172608.006878
172678.008021
173103.011965
173196.683358
173035.320774
173120.716839
173472.944213
173615.850183
173687.157427
173836.142933
173866.966306
173703.781579
174094.479675
173887.853289
173998.814473
174106.288797
174204.86392
174294.875384
174416.124768
174835.72367
174946.833064
175003.745974
174789.976869
175212.540102
174984.959658
175100.863485
175218.950322
175608.231737
175411.879015
175506.821011
175627.33034
175738.260338
176146.387766
175903.674779
176243.452314
176427.247949
176190.233376
176306.996709
176727.138723
176507.203349
176600.376395
177018.958664
176771.771129
176884.558993
177298.319835
177126.598513
177217.338869
177306.224602
177682.300579
177496.418203
177592.27246
177693.980293
178140.431874
177850.855612
178294.129335
178098.848306
178224.478947
178325.81095
178391.968387
178503.829114
178599.800229
178713.731656
178797.258747
178888.541896
179327.951384
179087.631043
179473.989301
179304.951334
179413.6402
179522.251479
179593.397881
180028.551511
180101.759238
180170.011784
179990.880393
180111.305359
180552.142592
180283.893307
180415.204405
180501.950623
180609.641773
180691.108389
181097.286208
181180.90649
181310.298564
181085.678976
181208.410364
181610.166765
181418.457906
181498.219488
181926.052341
182014.727484
182126.989514
181925.71898
182007.83379
182401.60295
182204.551294
182562.069794
182690.673321
182518.639676
182611.492658
182725.632372
182805.496874
182873.643104
183280.302906
183430.614631
183202.707082
183600.999678
183681.753154
183485.146648
183882.721084
183991.78897
183786.025606
183892.004739
184036.563618
184414.976032
184504.2569
184602.447305
184415.59189
184505.564549
184884.304458
184657.558142
184815.402013
184930.491979
184995.457439
185102.491547
185503.041737
185297.758013
185703.568898
185466.399649
185901.291775
185719.403251
185784.37869
185903.957696
186261.816246
186082.227344
186511.236066
186617.071095
186732.516818
186803.261235
186629.396494
187001.929107
186781.519953
186933.324173
187306.495538
187117.21528
187495.392839
187290.822254
187420.474431
187817.55971
187938.626544
187729.884212
188081.756573
187887.862268
187971.84231
188390.128985
188199.564692
188298.948558
188688.662394
188497.51393
188905.607928
188978.563009
188800.701081
188925.60423
188995.826881
189095.210483
189237.104926
189282.453881
189411.278926
189486.348036
189615.233001
189683.320606
189798.793479
189885.550822
190004.794345
190415.948929
190201.360154
190294.364659
190420.207728
190491.070916
190925.369516
190714.400563
190806.312023
191182.311401
191332.020445
191077.08733
191500.404896
191636.329947
191363.264342
191507.332556
191612.191025
191712.606541
191803.582558
192189.793376
192029.433504
192100.218437
192201.735109
192607.686001
192687.985764
192500.513926
192891.592912
192692.806046
192800.878791
192885.177678
193309.676122
193108.158385
193517.586895
193304.490871
193695.416204
193757.057803
193923.317972
193693.755667
193814.940195
193897.344758
194024.274968
194384.34438
194487.807589
194615.037688
194388.991255
194781.266677
194567.955706
194990.446354
195098.327611
195174.025885
195313.443124
195119.161369
195163.525315
195569.549779
195700.371223
195774.068993
195905.12864
195682.253454
195795.780092
195915.344139
196300.498192
196106.422184
196208.480007
196311.977543
196710.680281
196477.947174
196628.72098
197004.114684
197115.255277
197207.525584
197328.515522
197066.938784
197215.255402
197295.616994
197426.212512
197507.187095
197888.995214
197705.27898
197802.718837
197869.908656
197994.889457
198102.154443
198214.838761
198627.058587
198647.913838
198797.197113
198594.195487
198703.787392
199099.275428
199190.353783
198974.985093
199126.973193
199503.905273
199645.356284
199676.884309
199853.304811
199563.345675
200004.676519
199830.18259
199922.924904
199992.946551
200098.123322
200193.051343
200588.609755
200705.69954
200813.329012
200597.753889
200957.264027
200813.759826
200916.177318
201025.824787
201090.196151
201503.985045
201615.442745
201388.225049
201803.794624
201908.180305
201663.535958
201812.846088
202214.780055
202311.119278
202408.444318
202525.031786
202592.355655
202430.96783
202804.090352
202604.978048
202692.125628
203118.358599
203168.230599
203295.769122
203383.923671
203195.848037
203288.735841
203680.210769
203492.146317
203596.617666
203699.921052
203799.746076
203878.295504
204280.732212
204074.839163
204477.810128
204314.195761
204687.449273
204835.458125
204897.461582
204977.925443
204813.34495
204880.160463
205323.207281
205361.863444
205518.256879
205271.180112
205405.944334
205504.337122
205593.589192
205690.835939
205830.610055
206207.707423
206007.868246
206123.299153
206199.099916
206626.668458
206400.332946
206519.260746
206584.822857
206983.549448
207119.271485
207200.020933
207294.295521
207087.280066
207190.721956
207321.239858
207421.173538
207477.948173
207568.751695
207679.528706
208086.019339
208187.18765
207993.757303
208082.592283
208188.157645
208292.456171
208714.344039
208526.260465
208907.087377
208695.321387
208798.050274
208899.121065
209305.528322
209128.194439
209178.719012
209644.842582
209710.129198
209531.290855
209925.23527
209683.548307
210063.227739
209894.571644
210334.993122
210410.913014
210524.484747
210281.269028
210405.125702
210512.591432
210623.466878
210708.038774
210787.679642
210905.310642
211280.075339
211103.644533
211484.93658
211313.973586
211401.537091
211513.700899
211938.079063
211979.679231
212087.860994
211908.808447
212309.081954
212105.971541
212473.876964
212314.706656
212381.081384
212777.595817
212590.677695
212669.350752
212792.77106
212889.378095
213283.259562
213122.329683
213501.569094
213312.972191
213400.484357
213815.832037
213616.50902
213695.852532
214112.740804
214223.751857
214022.507545
214123.133557
214210.792255
214583.448083
214659.713219
214494.665368
214594.554056
214708.509715
214798.366182
214901.608375
214987.010825
215108.638325
215182.429582
215616.564784
215675.710773
215514.598655
215889.918927
215964.013253
216061.721356
215916.883474
216278.262415
216104.33188
216189.4275
216311.074372
216711.55361
216506.457142
216908.455207
216715.460107
216779.333066
217190.410842
217020.782034
217070.472375
217488.844999
217322.999444
217707.684333
217493.210572
217570.669643
217700.564587
217786.36187
217911.550821
218299.439089
218366.958576
218225.191463
218296.844148
218401.964559
218817.997703
218576.538263
218989.900818
218811.093556
218914.988723
218997.504344
219390.192508
219169.920245
219295.536489
219380.133702
219768.747372
219602.839675
219980.618127
219814.676476
220163.496278
220018.770177
220117.882478
220209.522234
220329.332807
220725.538198
220829.136872
220596.005888
220727.652998
220825.552652
220902.893528
221330.207969
221392.592465
221491.096828
221297.381261
221431.127121
221492.408237
221923.490705
221691.801591
221808.343091
222196.022285
222268.501483
222125.774781
222502.090235
222316.496405
222394.905499
222524.303794
222579.449348
222710.581889
222830.112901
223212.413555
223322.319654
223083.168351
223516.584646
223619.113344
223707.020935
223522.994462
223590.951406
223693.917122
224076.845241
224213.915705
224240.701959
224099.325023
224166.367039
224619.120081
224416.805054
224472.793707
224886.85062
224704.1099
225077.147345
225189.072314
225290.862639
225102.078918
225209.796793
225301.350474
225425.769307
225543.692825
225592.422361
225682.521473
225832.595657
226203.796813
226010.102797
226113.999967
226227.948636
226588.754133
226697.078038
226819.089326
226610.270044
227007.297754
227177.33412
227176.150843
227308.333844
227081.422181
227500.234383
227579.389457
227388.797263
227486.239847
227620.29932
227707.492359
227793.078862
227906.21847
227985.207792
228421.472026
228501.984011
228301.507595
228699.826978
228507.324992
228639.950396
228682.45037
228791.235956
228900.052614
228980.362054
229397.059771
229214.243915
229287.176954
229702.267175
229535.200308
229931.129211
229705.341533
230092.238159
229905.595229
230024.789781
230376.401107
230186.566805
230593.886622
230407.126131
230467.791903
230610.298591
231020.208586
230806.161071
230853.530723
231343.291214
231077.946929
231187.067439
231331.365013
231425.971694
231514.03886
231610.45638
231988.631865
231795.042231
231893.251326
231989.204521
232433.757725
232173.243873
232601.93696
232697.283625
232792.161736
232614.366434
232963.649407
232780.794849
232886.455589
233299.870357
233366.831051
233190.176383
233317.094715
233389.609783
233504.714101
233598.279535
234029.474989
234121.960291
234212.188705
234289.910568
234427.623704
234516.687953
234313.885281
234685.888926
234489.635005
234895.168123
235025.36354
234789.367203
234911.95757
235293.927674
235379.035266
235220.238721
235310.848295
235417.163959
235791.426751
235626.291169
235714.677656
235834.858097
235917.332218
236299.449702
236100.964655
236546.219583
236292.200011
236375.626039
236811.34807
236582.691754
237011.271258
236805.596396
236914.729829
237296.634659
237429.347603
237179.878696
237630.713917
237726.764446
237513.010295
237609.392548
237982.413396
237791.945869
238172.469109
238340.637721
238422.086142
238513.256026
238275.203593
238401.153488
238802.527272
238587.802953
238670.795639
239112.079414
239180.744618
239014.283299
239106.529772
239213.662194
239594.252217
239659.007601
239814.741617
239586.601997
239713.153717
239790.877166
239895.344016
239980.526119
240095.365793
240174.028731
240570.617325
240399.028881
240791.765746
240931.832944
241027.500913
241058.63825
240890.208747
240975.577233
241364.185459
241478.821577
241618.26444
241398.899666
241503.070084
241603.202388
241979.100197
242099.757828
241874.262269
242016.013991
242114.623801
242190.368057
242601.476461
242441.843002
242762.690857
242616.43503
242699.1861
242840.3594
243197.166012
243007.370588
243082.196397
243221.044074
243313.42312
243400.726944
243462.526087
243917.944886
243721.881048
243807.865047
244205.96705
244327.985434
244110.899537
244191.244995
244622.435624
244407.562996
244505.11283
244893.757554
244699.572935
244810.534638
244900.271758
245013.422197
245085.740551
245184.691772
245312.121416
245663.455642
245785.485629
245601.822116
245717.065277
246072.331417
246214.804116
246296.670033
246099.245873
246206.276245
246342.886619
246373.868137
246800.349592
246598.563717
246698.206366
246793.412607
246865.258518
247296.72747
247130.558176
247210.825108
247319.665831
247396.275001
247490.720165
247896.28654
247694.476341
247779.610095
248180.12642
247995.95141
248111.926099
248204.538428
248304.917461
248397.480381
248522.281704
248624.28196
248706.00183
249089.734849
248911.217342
249332.615485
249380.801796
249450.705751
249576.828004
249397.664799
249491.7045
249572.774572
250009.641614
250102.959985
250175.038985
249998.842694
250395.913918
250187.182128
250622.810656
250706.191283
250490.646307
250597.933228
250724.064857
250825.65224
251173.644465
251281.68799
251138.579298
251191.348808
251253.736083
251716.681059
251781.209962
251593.808369
251689.578944
251776.19874
251916.721115
252295.220794
252073.614485
252501.637298
252345.022849
252724.382071
252771.104217
252578.265413
253002.899629
253087.860289
253197.142409
252994.763628
253099.107682
253203.838415
253327.15531
253710.331036
253506.81935
253928.424436
253718.53691
253793.12487
253906.24701
254003.101644
254123.144462
254188.949009
254275.153178
254375.890098
254810.9616
254608.798504
254988.25775
255063.91456
255209.270767
255026.070636
255426.735052
255208.013889
255624.208609
255680.871163
255532.772421
255911.836709
255982.842148
256111.42786
255897.714273
256307.096967
256385.682646
256187.581981
256298.606964
256390.286852
256784.538393
256586.16007
256711.799979
256838.887761
257216.076345
257001.392361
257110.792894
257214.808314
257266.428436
257407.325507
257489.01701
257894.543441
258002.414375
258115.705708
257901.123859
257982.768678
258099.823028
258193.055448
258599.758797
258698.035175
258536.828077
258884.48042
258702.923573
259107.992961
258888.69212
259001.561144
259393.978426
259535.693907
259608.310592
259392.222176
259487.426296
259565.402159
260009.948396
260103.315776
259896.676545
260017.064062
260384.664007
260214.853739
260302.320274
260416.75697
260504.349042
260923.039396
261022.259004
260797.968623
260914.001448
260986.846337
261068.673846
261186.145337
261617.107542
261733.099531
261540.065166
261908.003276
262016.544945
262150.153524
262227.555753
262308.717413
262412.685454
262479.616872
262593.911474
262729.817428
262787.761517
262882.34325
262708.591017
263099.298491
262923.235628
262993.785414
263128.627972
263153.981552
263637.997621
263417.972907
263778.298115
263908.075808
263698.835351
263799.172262
263882.240571
264014.56531
264389.37288
264234.629286
264303.474543
264692.386186
264505.483505
264619.213692
264713.795607
264807.37704
264920.559661
265286.466882
265113.1973
265220.646972
265572.967579
265741.641044
265817.898302
265881.659192
265687.494456
266131.676112
266239.497674
265992.844762
266129.915976
266189.811078
266300.835611
266695.281374
266799.685268
266633.103816
266986.523739
266814.579984
267215.933343
266954.501712
267082.099608
267512.045535
267311.008662
267421.171813
267817.360947
267908.595635
267707.868598
268102.203704
268167.763135
268009.052885
268106.234249
268483.267791
268293.784498
268432.172078
268492.066237
268556.433524
268982.191805
268785.578007
268922.287894
269304.502618
269120.270198
269209.192348
269298.052766
269725.200708
269801.147487
269575.971408
269704.013505
269810.407442
270185.87593
270287.708376
270139.224459
270505.203401
270298.249353
270716.841634
270485.280782
270900.044528
270670.197904
271068.32115
270873.73459
271329.199044
271441.077215
271527.672601
271311.629362
271387.605048
271805.066939
271884.826329
271688.48069
272097.761252
271916.346092
272305.398962
272437.49495
272167.680845
272328.466856
272420.462768
272488.885381
272650.816814
272690.677679
272796.027896
272927.842196
272972.979774
273081.382205
273196.816652
273314.256019
273405.892906
273523.310259
273584.967243
273695.607102
273823.263987
273919.634891
273997.630852
274074.40813
274190.800361
274613.70945
274416.192478
274491.094067
274595.773362
275015.823519
275092.144356
275185.815015
275249.188449
275386.849556
275214.969423
275613.521345
275413.327656
275544.827003
275627.18541
275979.460312
275760.557794
275902.513085
276311.618046
276113.009253
276485.720919
276295.691874
276387.225522
276505.921078
276613.970741
276997.604293
276795.301118
276936.906233
277331.879614
277364.411826
277210.99478
277306.092386
277407.792546
277497.384345
277582.133169
277996.50127
278108.18874
277920.248792
278035.686322
278115.338071
278185.88077
278578.224129
278707.650399
278814.570493
278593.869841
278707.82432
278803.241451
278878.317578
279271.361309
279421.099252
279200.042433
279301.817433
279701.472652
279799.268892
279612.459188
280027.006553
279802.285233
279893.804949
280013.360081
280434.166408
280196.365738
280294.268513
280674.995105
280478.023974
280606.92169
280736.73491
280782.640621
280893.356023
281034.948459
281418.730766
281185.19108
281324.953606
281403.657478
281822.407719
281934.346556
281702.070883
281736.562382
281878.533218
282230.633733
282068.082591
282240.089577
282659.36474
282405.804019
282504.324302
282610.595951
282709.153413
283085.304582
282916.001815
283321.01139
283082.975096
283510.375841
283268.748464
283663.113192
283469.882499
283911.766778
284016.84729
283831.130818
283893.961954
284310.93415
284133.725582
284160.704339
284602.71586
284415.932422
284497.715918
284601.41434
284707.156488
285094.06159
284879.521247
285315.500344
285439.082832
285516.496718
285319.393161
285683.082796
285836.134255
285928.245823
285710.210731
286095.514733
285901.339107
286289.436318
286117.312726
286210.172008
286578.569122
286427.941462
286499.566625
286629.357366
286707.778149
286799.892152
287167.37478
286974.258277
287361.058544
287237.651307
287601.862804
287395.387459
287531.928997
287614.006335
287720.111666
287810.519709
287936.417714
288027.110736
288397.542681
288192.329593
288291.205737
288656.021176
288785.68819
288632.448848
288668.758153
288778.767422
288936.481717
288973.863795
289413.889384
289485.200318
289299.662412
289411.909229
289515.407873
289896.927978
289721.103354
290092.708591
289878.311205
290298.42363
290421.198416
290192.009094
290567.72319
290381.907498
290792.218031
290900.47233
290993.262276
290777.861018
290886.561212
291007.459724
291083.210922
291488.183755
291299.708542
291402.811506
291525.476327
291918.805313
291983.381361
291809.407616
292228.30511
291978.713686
292403.141248
292516.229638
292328.662218
292424.807031
292497.057335
292896.336453
292694.631393
292799.556483
292899.441496
292975.113491
293401.789423
293509.577717
293305.359951
293410.566396
293523.771988
293597.959019
294004.947771
294097.78997
293891.664824
294277.881418
294107.865927
294497.533876
294318.597874
294415.332645
294499.846732
294597.179167
294690.396788
295100.955458
295170.779058
295004.718241
295121.199919
295494.814261
295621.55186
295409.474501
295522.557848
295620.050901
296025.636993
295818.414536
295911.905458
296036.377323
296130.635869
296202.83604
296614.3602
296396.19943
296807.336455
296914.402854
296684.742567
296828.948662
296910.131083
297298.277091
297075.43279
297200.556807
297300.831856
297399.7974
297485.374991
297885.668215
297988.041121
297777.188194
298178.491401
298005.382756
298106.744809
298522.647873
298554.621073
298417.825776
298505.235009
298937.339895
299015.211047
299095.498133
299227.93574
299272.932099
299095.339041
299495.697755
299600.845016
299726.474605
299528.902262
299607.007054
299693.880879
299795.57096
300191.514116
300002.414642
300432.005626
300150.963805
300291.895829
300406.160971
300495.506995
300600.549894
300692.226764
300818.958512
301208.441633
301252.859715
301118.407755
301183.64725
301312.847929
301393.159147
301757.38734
301887.343732
301701.560394
301807.189855
301905.593396
302297.361318
302381.062022
302484.0988
302560.385908
302427.111509
302460.708737
302912.973197
302711.026856
302811.108234
302908.094253
302984.8011
303369.397538
303508.636403
303276.197957
303703.095036
303478.110383
303572.387249
303714.26522
303788.110502
304187.572933
304012.427653
304392.676498
304240.760485
304560.284573
304718.010239
304808.084743
304604.421693
304987.464509
304780.733449
304947.790488
305322.804154
305415.757336
305483.233296
305280.627551
305409.058438
305811.839825
305602.020688
305723.823506
305820.36791
305914.361893
306007.347229
306429.378589
306501.700575
306596.152894
306704.241634
306799.670603
306593.47831
306704.492854
307127.571455
307222.987496
307305.769116
307088.867142
307498.887955
307590.268138
307699.364754
307789.709576
307926.545453
307988.430221
308086.004208
308236.923019
307998.485324
308400.282421
308169.533198
308320.564549
308410.949495
308788.648267
308621.264828
308741.571248
308802.176181
309199.651814
309027.703436
309395.135511
309543.09159
309288.604695
309372.158746
309503.984616
309595.033524
310015.260518
310102.008408
309900.817109
310013.082205
310119.426822
310189.76909
310604.686743
310414.699065
310495.760665
310924.38138
310701.671278
310817.560443
310880.671347
311315.62794
311100.168238
311460.747224
311287.829747
311732.16827
311770.532594
311586.708923
311739.826762
311781.871009
312231.814718
312295.119344
312128.210248
312462.497095
312618.248344
312711.421339
312810.378805
312589.272305
312982.961986
313137.328878
312879.903508
313022.981417
313397.756781
313165.317899
313284.512723
313373.34001
313789.047293
313909.435538
313689.481948
313756.905119
314182.779744
314288.306018
314422.549258
314190.993455
314314.489039
314734.762576
314786.764222
314914.204342
315035.464268
315056.356367
314890.347344
315025.691473
315400.789794
315483.761933
315300.887426
315713.235625
315802.005535
315591.41163
315983.878062
315796.892122
316191.995905
316017.560934
316124.004213
316435.707153
316335.821734
316400.177905
316497.18993
316601.777912
316703.764353
316811.225086
317160.486262
317283.429157
317100.589505
317474.900745
317654.488718
317688.794494
317789.228877
317591.8294
317971.87842
317797.577268
318177.353702
317990.479844
318384.312779
318211.006403
318598.615881
318383.930593
318517.097005
318910.399234
318689.350538
318798.389691
319213.102248
319011.747488
319125.276655
319207.233388
319278.21432
319434.867016
319496.52386
319924.325006
319694.973086
319782.784039
319891.169016
320291.531961
320096.056487
320181.157124
320581.686403
320373.211274
320498.570731
320588.30213
320998.572251
320768.856975
320910.19608
320937.372802
321381.208893
321471.618741
321316.743687
321405.11932
321513.816511
321605.17986
321688.448555
321827.587041
321920.920655
321987.714689
322379.510535
322209.070007
322608.70523
322710.766437
322495.320465
322584.760282
322672.508643
323105.6243
323210.399082
323293.246775
323083.60113
323192.14914
323295.336683
323692.313654
323479.832811
323882.197576
323984.567832
323801.336949
323875.605535
324308.003766
324095.133005
324177.286673
324604.506983
324434.460533
324503.486499
324574.521085
324707.54707
324792.611241
324908.738048
325256.75663
325089.512825
325214.594387
325589.507332
325716.283416
325802.69133
325585.37493
325996.077668
325811.502222
325892.122579
326276.488831
326395.061233
326234.894244
326290.039649
326381.769462
326479.622912
326879.140684
326716.25313
327118.706988
326917.493209
327029.235492
327385.028852
327224.362188
327591.962825
327696.091862
327491.510232
327874.017266
327714.834973
328097.082583
327918.601907
327989.129535
328093.824206
328219.433754
328330.409361
328399.311208
328511.580914
328904.051144
328754.977509
328814.31528
329207.76435
329017.890798
329093.387968
329514.789394
329604.978593
329380.399784
329495.319402
329636.69913
330018.828891
330103.396922
329917.553312
330022.120629
330424.45454
330187.670551
330285.543231
330380.75201
330519.958347
330883.599438
330719.241705
330809.692037
331197.156495
330975.870991
331418.837318
331226.635453
331295.322181
331367.513398
331491.876764
331602.736874
331700.584617
332121.398632
331897.161643
332337.199085
332359.465078
332203.880886
332312.764101
332717.954631
332765.422663
332617.163866
332685.084058
333117.677283
333203.855183
333246.571254
333094.125548
333225.898816
333329.750565
333410.937595
333492.713173
333890.657959
333981.397647
333792.966891
333891.178988
334277.322651
334402.002016
334223.805543
334313.70552
334380.582776
334494.767995
334932.31168
334710.409643
334806.617633
334882.212391
335305.639018
335111.834977
335201.424119
335580.25592
335431.062493
335813.409271
335586.10301
335693.678387
335786.458661
336191.540163
336290.515017
336098.360104
336211.310546
336594.315924
336399.996671
336505.79392
336890.63308
336703.165313
336810.475925
337162.820311
337320.763926
337107.907426
337248.818843
337318.951529
337407.473194
337792.193994
337910.705639
337711.137292
337793.193727
338188.72697
337993.319401
338088.749458
338490.542895
338279.426771
338394.992104
338489.623073
338608.24481
338979.358924
338784.077283
339201.907069
339351.030693
339101.447458
339516.676624
339298.836812
339442.938525
339528.55208
339922.336405
339728.142447
340101.910717
340228.632569
340020.932998
340112.910968
340492.288531
340300.504892
340695.08692
340516.12148
340917.34962
341003.810256
341086.894214
340872.155813
340992.126703
341111.221356
341215.120358
341318.696714
341407.025576
341794.736766
341906.626438
341711.248249
342067.449119
341889.008709
341989.979404
342110.279078
342210.956434
342606.834146
342407.545532
342478.374821
342912.576731
342983.994265
342812.76394
342883.427032
342990.95972
343381.880557
343230.932817
343298.142336
343389.294602
343491.835983
343607.944871
344018.022238
343788.473757
343883.168164
343995.433486
344415.332708
344185.034986
344309.122198
344417.346906
344515.383024
344918.195545
344709.405148
344769.778451
345171.905462
344990.827743
345079.621759
345215.732628
345263.791134
345398.328538
345514.596223
345585.893084
345722.070996
346109.939756
345869.710933
346004.303723
346112.045995
346522.13686
346603.516607
346395.094104
346517.073841
346901.031929
346692.100728
346787.379296
347220.127098
346996.049067
347085.375583
347190.912424
347584.117768
347415.074344
347532.773038
347585.911919
347995.020612
347785.566974
347895.523877
347992.113214
348089.60073
348177.720148
348289.21901
348386.597109
348790.141938
348907.270076
348710.102468
348811.28084
348909.791231
349300.108948
349099.802771
349512.622021
349617.344381
349421.374796
349485.613917
349606.862505
349723.490592
350062.158505
350219.372624
350269.763837
350099.479411
350150.130621
350617.889725
350709.845892
350849.345287
350588.512368
350700.32982
351139.123673
350892.819755
351015.969901
351403.863862
351485.847243
351567.184624
351405.906832
351493.675981
351923.054044
351688.309918
352080.610275
352191.671653
352316.449692
352094.292023
352173.701629
352309.624233
352700.31744
352824.136765
352887.640613
352713.842409
353100.380213
352916.494093
352997.36797
353086.25306
353489.247299
353299.185159
353424.644518
353814.040397
353920.947969
353707.722088
353798.836147
353921.019095
354314.643725
354395.735838
354524.048838
354599.998295
354404.347203
354497.883417
354899.634756
354706.67477
354787.246877
354887.54167
354998.063944
355087.902124
355186.095739
355577.073544
355412.019824
355780.165167
355891.49899
355683.840891
355793.62387
355909.212856
355991.16633
356390.545565
356525.972669
356575.11279
356378.27044
356500.211948
356621.876216
356693.796066
356793.407602
356877.957601
357024.842772
357410.413782
357473.294167
357316.671902
357435.786356
357785.782682
357590.890669
357669.98514
357819.334181
357893.457596
358328.781636
358413.71642
358213.600223
358580.139785
358399.833019
358528.653087
358900.476825
359003.82775
358813.952035
358907.174503
358997.38603
359091.024757
359218.652736
359600.423038
359685.091008
359471.879867
359894.585035
359989.709926
360125.632675
359869.088632
360274.617281
360087.849795
360213.82492
360298.795847
360399.690881
360476.139938
360574.580404
360707.070506
361061.774476
360935.08902
361287.103456
361407.412003
361203.616814
361604.912677
361386.392089
361828.718025
361555.706369
361704.248574
361822.754782
362206.247721
362330.969817
362085.881452
362184.13109
362280.875073
362406.088837
362488.15877
362601.771566
362975.071997
363083.157419
362897.980976
362998.011723
363093.478759
363511.08141
363643.265922
363406.733105
363845.675436
363916.548329
363987.709756
363829.495981
363901.405849
363999.783449
364111.668258
364506.401009
364265.760195
364411.273428
364831.748659
364894.215618
364720.834471
364824.74666
364881.444458
365282.918003
365106.814127
365205.937751
365613.693825
365720.046301
365499.154135
365900.788562
365660.610638
365815.682302
365899.919771
366299.791388
366393.892172
366195.381952
366319.70685
366726.192908
366486.589228
366643.23951
367003.60015
367070.236633
367232.178839
367294.68498
367088.436493
367190.568117
367274.542503
367663.637565
367477.526067
367867.836719
367686.958798
367790.552616
367930.999921
367993.743288
368378.058232
368205.011474
368587.423231
368417.975242
368815.434803
368636.907295
368726.214502
368790.121416
368907.871952
369280.614333
369400.094901
369493.757661
369307.081468
369387.80258
369552.491047
369596.668738
370003.785655
369769.189177
369880.561656
369986.03893
370394.548566
370481.430127
370580.489136
370388.933476
370799.258656
370880.676632
371008.680346
370820.36428
370917.043916
370991.973572
371381.1232
371193.249412
371311.291666
371420.642327
371781.529828
371595.126138
371972.238174
372122.994331
372176.956098
372343.564613
372385.850152
372460.891797
372297.002156
372704.454768
372496.626493
372904.004091
372728.936049
373064.39662
373212.710249
373005.374786
373412.304179
373190.924106
373573.45917
373410.267933
373526.586611
373639.171719
374027.681363
373810.144048
373919.199866
374023.482286
374400.535636
374193.349772
374276.580268
374730.444682
374803.938247
374893.875496
374689.012831
374825.768704
374919.881428
375286.748651
375099.934969
375178.887712
375312.207248
375385.09503
375496.262352
375917.096062
375987.225396
375809.201981
375904.566861
375981.215859
376112.041984
376491.147689
376292.396123
376405.344804
376800.817623
376593.790077
376706.716679
376815.911527
376890.504725
377322.266115
377359.720469
377204.046167
377577.956679
377707.396863
377528.966888
377618.329907
377968.974421
377787.89833
377946.257692
377989.492862
378094.993064
378482.033226
378594.003529
378400.485163
378493.834026
378920.837013
379043.458301
378803.529576
378892.969591
379306.234608
379103.348873
379190.68716
379597.218295
379660.779353
379504.530691
379927.87883
379727.482062
380085.295926
380204.168405
380022.121471
380412.115557
380462.517467
380306.897188
380374.892082
380491.512178
380631.611028
380994.93179
380801.929161
380896.046617
381292.315331
381090.542593
381514.674465
381585.366743
381429.034405
381504.818336
381588.483652
381995.992291
381818.622828
381903.625041
382328.996189
382392.991476
382209.603317
382338.128738
382434.236665
382798.584487
382597.376768
382720.293332
383099.651217
383194.80986
383302.883193
383104.100127
383488.975245
383564.298167
383382.315497
383504.368066
383925.245345
383735.959765
383792.194106
383898.906099
384287.782083
384372.826553
384212.45658
384574.742679
384420.247046
384787.718624
384615.820106
384999.504788
384817.237049
384935.447094
385310.530112
385086.400206
385532.695125
385299.457281
385728.966392
385792.827345
385600.650019
385998.115975
385793.068225
386177.811151
385971.724859
386381.20221
386502.881674
386294.397125
386411.64805
386507.560676
386585.416707
386998.011462
387119.483848
387199.437392
387285.184057
387405.536117
387184.198917
387301.159225
387728.779593
387776.355131
387919.675767
387719.608337
388104.18518
387921.976849
387943.347567
388090.370302
388541.86696
388623.391928
388429.245121
388481.198602
388611.390871
388654.115998
389076.468905
389187.659403
388997.571172
389409.54349
389535.88459
389615.084073
389373.741887
389521.004238
389617.072359
389693.022008
390103.967133
389909.174566
390300.412464
390401.748165
390181.610174
390578.120128
390395.227019
390509.370079
390601.380063
390993.205634
390793.8581
391189.108955
391305.420026
391101.509381
391218.871083
391290.815611
391726.684962
391816.971223
391619.224561
391997.61726
391803.843791
392220.240325
391973.870071
392431.655171
392209.162511
392590.231373
392701.926367
392510.591238
392871.366608
392680.428628
393096.234564
393193.120194
393000.471332
393106.484769
393174.229328
393335.372136
393725.356149
393488.468941
393910.516889
393988.652759
393782.563875
393908.229461
394001.270389
394420.838074
394475.525699
394301.564002
394400.397155
394508.786133
394610.511449
395016.605808
395082.736589
394902.281096
395022.653314
395398.593769
395474.303794
395289.859194
395369.836363
395534.295756
395905.681004
395717.843354
395813.739649
395893.656136
396003.169851
396103.663305
396503.395074
396299.248912
396403.108911
396475.472767
396608.897234
396702.016468
397102.134019
397178.102899
396988.316645
397124.435471
397484.074452
397265.807001
397389.809608
397510.235577
397602.907329
397715.058
397803.782655
398218.285791
398000.601129
398411.532712
398230.619722
398613.010263
398680.054676
398835.94917
398866.054228
398702.614875
399125.157246
398910.13476
399019.685344
399097.172366
399234.192907
399584.371003
399732.115472
399814.228224
399617.829626
400033.195369
400081.1357
400179.690261
400017.258161
400392.839945
400201.195895
400638.747214
400715.725052
400811.091119
400599.795718
401029.275876
400810.083887
400923.381794
401024.865036
401106.841408
401482.39116
401314.921047
401375.493226
401508.872972
401568.198879
402030.437122
401821.528904
401897.398446
401954.884715
402410.153594
402499.685678
402608.417887
402399.031911
402491.915856
402592.510969
402691.959338
403133.615998
402887.600425
403011.897216
403404.193767
403457.207041
403309.969887
403426.157816
403774.588579
403576.010198
403997.131194
403803.799568
403876.004346
404012.411211
404112.028679
404509.487395
404588.9243
404408.276382
404499.05135
404900.242051
405023.56648
404744.089326
404890.787561
405273.980661
405124.47969
405487.274912
405307.189035
405711.594453
405530.109477
405881.176821
405730.836212
405834.091373
406223.962339
406001.289529
406096.142718
406489.449249
406630.684484
406718.680256
406493.547158
406612.117918
406676.999518
406807.589216
406882.072462
406983.704258
407384.613726
407508.969447
407281.550583
407677.212844
407495.407863
407874.067091
407993.880505
408090.670196
407933.462508
408328.408434
408380.284322
408214.654968
408610.858612
408677.217827
408777.475415
408578.301437
408715.312271
409082.376971
409189.073375
409286.669959
409373.308825
409215.335091
409296.862571
409669.769453
409482.661799
409876.921781
409989.629164
409815.237381
410189.725536
409980.888385
410438.710114
410201.366879
410636.050228
410426.530093
410484.63582
410632.39802
410685.239245
410804.437819
410886.292354
410957.88141
411105.88812
411532.425402
411268.710939
411703.077446
411531.797417
411582.731323
411704.009151
411798.997348
412207.154689
412036.821269
412112.433429
412202.816725
412326.749131
412374.401565
412497.354588
412601.721476
412707.197217
412777.255063
412885.015732
413309.350539
413407.923886
413192.202296
413300.605348
413410.42464
413507.043325
413934.323854
413703.840597
413812.395505
414205.039098
414289.72054
414068.153512
414197.279597
414281.380019
414423.171734
414501.631118
414900.549372
414701.882811
415074.108483
414908.942543
415010.725362
415099.660751
415506.156604
415570.473969
415368.422753
415809.297035
415882.408427
415979.033824
416090.18065
416182.880791
416290.431868
416400.605967
416227.781548
416611.881008
416402.163198
416798.528651
416630.438713
416699.952354
416800.715108
417203.444696
417035.189496
417369.477531
417206.818819
417301.957083
417410.548407
417496.356229
417615.104146
417735.720417
417800.885028
417902.581423
418310.121321
418091.156162
418223.01458
418314.681839
418430.849587
418474.188729
418587.449061
418973.302444
419096.80643
419189.156026
419006.571494
419403.923176
419207.092156
419333.546967
419383.221718
419463.583515
419598.753957
420007.191231
419810.09258
419930.997111
420285.242325
420419.529049
420189.524864
420579.878408
420391.009744
420740.795445
420623.947814
420721.296114
421070.61544
420865.18872
421262.25024
421095.591768
421193.115059
421568.50582
421391.089561
421787.544103
421600.830867
421988.411728
421819.597213
422214.71046
422003.176293
422112.734592
422238.247824
422285.679941
422405.743866
422514.396923
422898.194134
422993.661419
423075.777153
422908.52847
422999.049458
423123.059888
423461.890313
423610.267291
423693.786559
423524.689071
423561.262954
423702.69276
423800.513311
423888.034694
423988.191706
424372.831306
424225.135807
424308.75897
424398.161675
424503.468415
424894.185251
424744.718456
424795.909871
425205.813636
425013.227626
425107.978569
425207.780692
425570.428248
425717.207348
425835.86407
425605.418193
425992.069256
425824.032184
425910.300315
425992.423791
426102.16388
426207.124481
426291.458952
426702.992076
426509.496551
426923.315542
426999.106557
426816.008561
427192.863833
427016.07655
427089.818422
427504.090825
427308.607798
427435.48249
427483.722451
427884.720574
427688.368829
428101.593189
427939.288908
428306.021392
428102.91313
428539.884943
428307.720473
428371.678105
428494.205222
428893.69877
428731.823287
429081.223217
428910.34249
428988.737387
429419.66835
429512.96718
429611.486121
429681.586
429822.657464
429857.077733
429689.457516
429812.736682
430212.181545
430030.810297
430107.9031
430464.892707
430308.052824
430391.094409
430815.194806
430926.666877
430987.832625
430819.178499
430884.449316
430985.080034
431421.489638
431533.578536
431294.031303
431405.853342
431495.49386
431908.385316
432016.065446
431817.538157
431893.046419
431972.263263
432090.96069
432499.477588
432585.704905
432417.165461
432491.286882
432901.841715
432689.065198
432796.486613
432918.106863
433290.027847
433086.358349
433188.007338
433625.742623
433385.76227
433505.143576
433597.505177
433687.891661
434118.123102
433924.916791
434018.104735
434081.702336
434211.064112
434283.363031
434712.217849
434509.855563
434912.40814
434994.897317
434788.585276
434907.371427
434999.566808
435059.19955
435219.154518
435586.099702
435385.982337
435781.192695
435610.488749
435680.257537
435812.231726
435895.616948
435990.397166
436088.09511
436181.623824
436292.411886
436395.42864
436525.857898
436884.871501
436663.696368
436821.739578
437173.810191
437007.287876
437127.256034
437200.021095
437308.9907
437400.660367
437790.586473
437611.915208
437996.860553
437815.804976
437901.823882
438020.21161
438370.822256
438213.998098
438289.60703
438700.244619
438508.07317
438913.428091
438746.686982
438789.851081
439213.469071
438975.739838
439352.900079
439485.049025
439587.228741
439687.053437
439808.299705
439633.576568
440031.453994
439807.934696
439891.376133
440280.544835
440096.442896
440218.538483
440580.008155
440693.55879
440467.855606
440601.242766
440716.018211
440804.521723
440889.640527
440990.304909
441101.951515
441190.305187
441586.283782
441424.128238
441461.304539
441884.13173
441674.368069
442100.571176
441861.783058
441998.531291
442405.594792
442193.765298
442316.049783
442685.770813
442520.130005
442907.204167
442710.049015
442796.160089
442889.60039
443320.00854
443127.58528
443500.280402
443311.683732
443407.18686
443789.863096
443922.141931
443981.58661
444076.039961
443884.192642
443979.554352
444114.052475
444210.080857
444580.050182
444420.967108
444507.277902
444864.051921
444708.711203
445101.24497
445221.722532
445049.900046
445359.34945
445211.53693
445314.499958
445691.896047
445504.518791
445616.120501
445980.834284
446133.615778
446204.664183
445987.31695
446113.917463
446196.823654
446328.71691
446696.220931
446786.925401
446947.996969
446719.290156
446773.690486
446912.773984
447307.528341
447105.53292
447483.809797
447593.023918
447691.895411
447744.850758
447902.756525
447732.348463
448089.466114
447905.351232
448318.13868
448087.222344
448177.059008
448629.596459
448421.891593
448500.068713
448616.658151
448711.577476
448804.530273
449151.464442
449288.906714
449098.611752
449520.568732
449611.982301
449365.699836
449785.98672
449914.903028
449993.211726
449789.650403
449895.783407
450015.916257
450104.581369
450496.726507
450320.141328
450698.913448
450793.60662
450901.886282
450720.015377
451109.485907
450895.062767
451009.136561
451062.522868
451173.213051
451301.891651
451701.95039
451497.196683
451608.509668
451706.543351
452091.769161
451883.86038
452285.209165
452082.516343
452206.351202
452271.749121
452711.325212
452784.131725
452583.49187
453015.227721
452825.568116
452903.213783
452994.458752
453397.690621
453223.478961
453604.716221
453370.433675
453497.581763
453595.441193
454028.798315
454120.76263
453892.226553
453995.291539
454092.89149
454186.85001
454318.317088
454686.869502
454510.000417
454910.054362
454704.095426
454837.971064
454895.500911
455292.518875
455402.563473
455189.230448
455583.243402
455723.70969
455826.093604
455909.598881
455700.411371
455802.730555
455929.539302
455986.689663
456080.900475
456173.951078
456639.987606
456409.828172
456511.33631
456586.594307
457002.926316
456806.467124
457211.297849
457002.589696
457087.90736
457210.728091
457346.112062
457702.429519
457491.157298
457885.067814
458018.183212
458076.731585
457877.771955
458022.887762
458365.028928
458203.331237
458290.245518
458406.813581
458497.354064
458625.420383
459001.332217
458847.394744
458910.865211
458995.324077
459097.64328
459198.515841
459303.894873
459400.485688
459488.405294
459907.223312
459668.587783
460089.739716
459908.313172
460035.370573
460097.547056
460224.137349
460295.147997
460705.267567
460488.149197
460585.035934
461018.579924
461071.302922
460887.576505
461333.304346
461095.776209
461195.103756
461625.676228
461393.229816
461508.188923
461585.133581
461677.353928
461813.197723
461885.386749
462018.246922
462396.199867
462182.540937
462273.834184
462395.431597
462818.023624
462879.998609
463008.673066
462785.100804
462915.858924
463274.744118
463085.172787
463206.012539
463596.670886
463696.849222
463489.453066
463906.571479
463695.674048
464087.016923
463917.561395
464019.015089
464089.509355
464207.869641
464274.129156
464401.899692
464812.899037
464615.290821
465021.11836
464824.091085
465199.69332
465323.712823
465370.828537
465501.886671
465571.075391
465652.641692
465521.380506
465585.955362
466004.834284
466111.536775
465908.817828
466022.539646
466094.653423
466206.669317
466316.965143
466415.872942
466498.969083
466602.805921
466705.138606
466782.866228
466914.785553
467015.987556
467099.286755
467520.580084
467316.192518
467691.209142
467500.32592
467853.045139
467708.781894
467801.191311
468222.196569
467992.106023
468100.9755
468521.200912
468288.231255
468393.763403
468521.471594
468597.439853
468705.159838
468803.009492
468890.460771
469020.353823
469111.002089
469177.598164
469274.445989
469436.869787
469815.917162
469893.22984
469985.86383
469819.33183
469914.787952
470313.169663
470388.327087
470237.217678
470318.604357
470697.6999
470787.085007
470900.193122
470726.456058
470808.505508
470914.768704
471024.883379
471141.301354
471236.383542
471641.296969
471400.252393
471508.110571
471889.696646
471999.402278
472086.23664
471902.569402
472327.370889
472108.780589
472191.587659
472621.226497
472702.340677
472485.686473
472617.809394
473065.27962
472802.133119
472940.527025
473002.465158
473398.641466
473221.300248
473296.413887
473391.866823
473821.326712
473588.754736
474006.746878
473788.48133
473886.805682
473999.073774
474387.460387
474204.943383
474618.242121
474722.397105
474828.046062
474878.876602
475019.417584
474801.764766
475201.32128
475016.30502
475130.343938
475189.267587
475306.91218
475699.283694
475778.736801
475897.217738
475982.602539
476088.727368
475897.717116
476002.765213
476368.132784
476218.353969
476606.139659
476386.802145
476477.845707
476576.890623
476654.391247
476793.275604
477195.75986
476996.290409
477359.073339
477187.96637
477579.448887
477384.151855
477489.075505
477588.680589
477994.00598
478078.233415
478196.241152
478011.337902
478400.339233
478207.278497
478619.546326
478420.289468
478490.145529
478623.138827
478746.42345
479088.999221
479198.390683
479258.752754
479133.998018
479497.180869
479302.122189
479408.780667
479509.061508
479904.995076
479694.856798
480085.480867
479907.136608
479999.495703
480408.703491
480214.878544
480607.624386
480406.317932
480524.056216
480585.478473
481001.028318
481129.034527
480864.931845
481308.968024
481372.195048
481513.293881
481632.224607
481713.732314
481776.852023
481858.727166
481698.439455
482136.627008
482213.442093
481996.237865
482375.697937
482524.668099
482297.950651
482416.03256
482479.740039
482881.23853
482719.855331
483132.858911
482869.225065
482988.482032
483376.894838
483227.16309
483283.785488
483399.837475
483800.165586
483615.556122
483681.761335
483777.854936
483912.002949
484313.215411
484436.278051
484479.22063
484296.563798
484398.253729
484801.314976
484587.834658
484689.163317
485091.164982
485202.533716
484975.553289
485121.239232
485499.458232
485358.133223
485410.201591
485486.009836
485922.073229
485722.269607
486118.90388
486203.204658
486298.672741
486432.922873
486204.372288
486590.732152
486424.869577
486492.270826
486858.886455
486698.219168
487113.504419
486891.931392
487354.918663
487416.213212
487231.929335
487312.651082
487385.926954
487804.598037
487617.83083
488016.270677
488107.207856
488198.403789
488285.731346
488416.940812
488209.659493
488276.952683
488688.263845
488471.483312
488610.473838
488703.501928
488809.570475
488885.169067
489018.431755
489393.765555
489205.863743
489325.306777
489359.794752
489766.930359
489895.021966
489701.72165
489780.684807
490183.492272
490018.509436
490405.312478
490484.317663
490601.073396
490402.362238
490465.056013
490627.910249
490996.721438
490802.17419
491199.942124
490972.463691
491398.79328
491187.973222
491294.101881
491696.750151
491511.057186
491587.819167
491702.900642
492116.125707
492205.001197
492311.401171
492095.485405
492523.265235
492622.278713
492690.463713
492806.835861
492891.326373
492709.043317
493073.401687
493228.366182
493305.278477
493093.909891
493191.911427
493602.277858
493708.279353
493513.74501
493914.778547
493987.95736
493816.741202
494177.881094
494014.757422
494399.198222
494175.973296
494596.483257
494402.672648
494503.255172
494888.490411
495000.024772
494790.675649
494893.093578
495290.701928
495129.914984
495190.165344
495566.864008
495416.549546
495795.676968
495600.408989
495653.607103
495749.279848
495880.266231
496004.963765
496096.025993
496180.327502
496634.189442
496713.381078
496810.62346
496593.010623
496719.962382
496798.602605
497213.945384
497281.944827
497379.410973
497182.797262
497265.381393
497698.046714
497809.417431
497895.164267
497704.910038
498107.799033
498150.343396
498257.966148
498441.685486
498222.41395
498306.372791
498667.96451
498790.29419
498865.1733
498688.350478
498813.427237
498888.455061
499063.550152
499113.615015
499527.458921
499270.488167
499404.551067
499788.859317
499599.17243
500014.478045
500130.566783
499885.558072
500280.030043
500413.274762
500200.13029
500290.312444
500713.617419
500521.344531
500880.690361
500997.492339
501076.419272
501209.286362
501347.607795
501074.613126
501187.228979
501306.531712
501684.138791
501773.394939
501562.329268
502005.051185
502075.653067
501940.857265
502295.652282
502376.58204
502202.04337
502314.571853
502393.856891
502511.086755
502589.747277
502722.439536
503109.165489
503189.798833
502997.832042
503146.345214
503191.237486
503303.656049
503383.964572
503477.249605
503592.996493
504018.140584
504094.782414
504209.420058
504307.355765
504111.161512
504200.7352
504289.906511
504381.127658
504834.585757
504612.912581
504987.155989
505085.751609
504878.256932
505304.673703
505410.466968
505188.587893
505623.441155
505701.808878
505804.395004
505608.472689
505676.644651
505799.579462
505906.899935
505987.905932
506345.850202
506193.58618
506312.333463
506380.743986
506494.24146
506856.835987
506971.710468
507105.086136
507179.316553
507271.514995
507111.823266
507486.396762
507320.002175
507423.441116
507818.719699
507902.754782
507679.277196
508088.225123
508215.637906
508002.108876
508413.825858
508197.459606
508317.331302
508415.325396
508820.121201
508919.137081
508967.894332
508784.221616
509230.476265
508989.319212
509129.355313
509203.806228
509319.754441
509410.33705
509492.978926
509894.614478
509983.467644
509803.799832
509891.936999
510253.044676
510109.575461
510432.956897
510312.750739
510743.274961
510809.621072
510922.824476
510973.864317
510794.430779
510899.406303
511016.454643
511097.770952
511231.461332
511290.159723
511413.153951
511527.365177
511892.718116
512011.415688
511791.175231
511895.445717
512290.206425
512389.20392
512495.417957
512571.170136
512710.159591
512509.430106
512912.077209
512727.944527
512804.604467
513183.507424
513361.667074
513143.064808
513192.464622
513616.626937
513365.932551
513501.950726
513623.46846
513710.497886
514110.319566
513877.071335
514311.023581
514405.87522
514472.346181
514317.183689
514395.770306
514481.822142
514593.038483
514701.892322
515112.24992
514897.895357
515011.33479
515382.961236
515477.397733
515604.555423
515411.988647
515788.728301
515896.591913
515993.48764
516128.312076
516207.299132
515986.199116
516420.070305
516179.077317
516254.217964
516677.189813
516467.76983
516605.171256
517007.915035
517075.677625
516911.373242
516978.180302
517113.380958
517484.076383
517318.256882
517695.935528
517769.977523
517611.932155
517689.721261
518116.573991
517870.169211
518008.835219
518109.452198
518512.184091
518579.037329
518679.784485
518514.042085
518912.708463
519027.539454
519086.309109
519187.894653
519007.752626
519117.727375
519253.133917
519298.855403
519390.459012
519501.569508
519916.304598
519708.835295
520072.687859
519923.950928
520022.552932
520124.484849
520208.821748
520294.211475
520681.713653
520828.442082
520896.278571
520705.262152
520792.739649
521188.840774
521280.141886
521406.820043
521175.246574
521585.526736
521387.873658
521469.369343
521604.337805
521736.884652
522117.21316
522212.052982
522034.577532
522113.3406
522227.639919
522296.080172
522390.88084
522515.445551
522628.559093
522994.82536
522817.696021
523216.110109
523025.083519
523126.091989
523460.622626
523308.212723
523718.16253
523485.651031
523882.247098
523661.135245
523825.63092
523934.923419
524338.714099
524442.013372
524513.850808
524597.972082
524402.122606
524528.635376
524594.797254
524689.202958
525109.047806
524911.633962
525289.448785
525434.551955
525489.764304
525611.211651
525357.023284
525533.803069
525588.201125
525713.588273
525785.794904
526196.583667
526296.353518
526130.356316
526499.248427
526656.187508
526375.847445
526486.427369
526600.297075
526672.858741
526792.454995
527193.920706
527273.224402
527100.694574
527512.376015
527320.411405
527392.510803
527489.965601
527623.884526
527967.958021
527795.766648
527902.57984
527994.491127
528400.181555
528532.141046
528300.08138
528416.660053
528523.061989
528623.337469
528989.511941
529115.599587
528956.291309
529282.980527
529106.508714
529219.383627
529312.426884
529414.355598
529523.845105
529561.917866
529684.363972
530124.480631
530186.552613
530325.276267
530117.538935
530236.968041
530587.077347
530726.634426
530494.28789
530909.136753
531017.508161
531137.974541
530935.203783
531008.267093
531418.287087
531524.64853
531606.942342
531711.210593
531465.094844
531596.428069
531708.79469
531788.858214
531893.993654
532289.610755
532094.850752
532202.153209
532634.087958
532688.950217
532769.818992
532615.045095
532981.30999
533084.954575
533222.139197
533326.955888
533398.739044
533206.150605
533586.918055
533705.444291
533494.438238
533596.481095
533706.518108
533766.841687
534232.003163
534020.477328
534114.70503
534219.396889
534629.603213
534383.567109
534513.718302
534904.563577
534698.790978
534801.321855
534901.590655
534981.053375
535095.412547
535201.7586
535614.698832
535430.823355
535807.885736
535599.571095
535996.898924
535824.354223
535880.121638
536305.053587
536428.835173
536498.075359
536278.532954
536721.618986
536507.430171
536928.426475
536988.20532
536825.582664
536907.687182
537017.43344
537432.629448
537524.604754
537589.976002
537398.292822
537806.724914
537927.491986
537705.106237
538096.331588
537888.970551
537990.656309
538402.734468
538222.272265
538614.025868
538404.32418
538829.816238
538911.498233
538693.374275
539071.657368
539180.441712
538997.68567
539108.243477
539212.972815
539594.714113
539404.578903
539498.271657
539588.556812
539707.281511
540080.907834
540204.552587
539998.590877
540102.941314
540530.901269
540316.357339
540676.773078
540806.266867
540599.542142
540722.90691
541088.45072
540915.472526
540993.200295
541077.716706
541204.990934
541293.277919
541745.257845
541812.484155
541935.075108
541695.216893
542106.359669
541913.693573
542266.190061
542080.764398
542178.589048
542606.928646
542707.691153
542491.375334
542588.655993
542985.687446
543080.494539
542889.121726
543003.424638
543428.596741
543213.073975
543595.877082
543737.590406
543803.994393
543904.135179
543672.312127
543860.467433
543897.319697
544002.179124
544125.664991
544195.939633
544314.884351
544380.970438
544524.309152
544861.008796
544690.725612
544814.550697
545209.934564
545010.418883
545109.694546
545515.886287
545318.7435
545411.188579
545788.702357
545602.865801
545984.650761
546119.264448
545903.106953
546276.693975
546422.119471
546470.342338
546611.731283
546699.3474
546476.644772
546904.569342
546699.612892
546806.586117
546922.263505
547003.429871
547381.496105
547213.49762
547295.710904
547717.625697
547481.647548
547601.828404
547997.217468
547820.326495
547921.273663
548009.185032
548116.773956
548523.473519
548310.101064
548420.850726
548847.769221
548603.452251
548734.759488
548810.730968
549205.646247
548953.362147
549120.715794
549194.33659
549602.225948
549389.062243
549491.003789
549625.47009
549711.969433
550061.686145
550194.41466
550284.437488
550074.025832
550519.242689
550600.070383
550374.569274
550543.520546
550888.071287
550707.929736
550791.203049
551198.169675
551332.784234
551083.683729
551495.319646
551557.408115
551722.053244
551504.870059
551884.481361
551692.634211
551791.908676
552240.751273
552003.24963
552125.843031
552197.345503
552318.550939
552679.448626
552478.993932
552587.846784
552692.791571
553111.961802
553199.751561
553001.528611
553402.168557
553205.046461
553311.717355
553683.296302
553501.863469
553619.047303
553735.914025
554109.240331
553874.970264
554014.883733
554393.433235
554481.799826
554589.102136
554406.750753
554524.466336
554908.662757
554702.370777
555087.433635
554925.46998
554978.436944
555395.775113
555499.629131
555288.074151
555399.146177
555526.50149
555619.601615
555704.460414
555803.414351
555940.184592
555987.360557
556108.381714
556223.949621
556613.371501
556670.90992
556791.876548
556565.166172
557014.548072
557081.931794
557216.485519
557003.223589
557095.079741
557175.852898
557580.436624
557421.843785
557498.520758
557885.646652
557685.528102
557807.835598
558220.946928
558004.07704
558391.361468
558213.060296
558269.359192
558693.01736
558788.576892
558566.894976
558701.46943
559128.29893
558916.337058
559306.582928
559083.582123
559512.781021
559612.220158
559417.544972
559809.208805
559619.788892
559699.922524
559780.449132
559911.36855
559981.398373
560140.114662
560200.15743
560309.017593
560416.855936
560776.931556
560633.604174
560986.811011
561105.643521
560886.528454
561001.870773
561435.157192
561186.281189
561321.783792
561431.781305
561790.281664
561612.551109
561660.034767
562047.164456
561899.523518
562015.692219
562107.92656
562237.6874
562305.752232
562413.099306
562802.856358
562941.903081
562667.70709
562813.246939
562886.780331
563288.578443
563087.812533
563201.295003
563583.970581
563396.351557
563524.438033
563914.735534
563686.18179
563772.527274
563894.874031
563954.13792
564408.569037
564208.47732
564297.54914
564667.435718
564479.036216
564901.688469
564702.864694
564777.850239
565184.034216
565011.955818
565418.233954
565199.898235
565276.578177
565420.434192
565535.850546
565885.755974
566005.322203
565831.587044
565896.482477
566003.822766
566389.196902
566241.074913
566299.457401
566379.924754
566488.857567
566577.943137
566688.601508
566834.720347
566902.447145
567302.210011
567420.923872
567203.149727
567284.988126
567390.898874
567768.496642
567892.954908
567692.498966
568137.278632
568237.159493
568290.630974
568111.164808
568191.73873
568312.884281
568397.012382
568489.592489
568604.393648
568691.120285
569152.166279
568943.106637
568988.656072
569109.47324
569214.974892
569302.984442
569405.511404
569523.033584
569895.270759
569729.747266
569795.705812
569862.799124
570302.418903
570377.112685
570477.813467
570307.357784
570427.570244
570769.413881
570913.764263
570696.447825
571099.603817
570878.201366
571015.264429
571137.634055
571224.195969
571595.841239
571408.39791
571522.935732
571610.644229
571701.389202
571802.085028
571885.385982
572006.60488
572107.274618
572185.71544
572614.428537
572650.185577
572504.322352
572599.06649
572712.641937
573070.177476
573212.127309
573001.627247
573123.715408
573190.180672
573282.678301
573413.047466
573483.462282
573923.175318
573727.04256
573820.03808
574202.369884
574001.709742
574131.598936
574179.572157
574560.156999
574668.015332
574539.036259
574905.083944
574703.698313
575097.417422
574891.656433
575021.307197
575077.419315
575514.856456
575607.165833
575429.109301
575529.108997
575889.358023
576009.240958
576110.153159
575888.291246
576298.314666
576383.48181
576517.768826
576271.596755
576698.818595
576802.916237
576613.954747
576687.119762
576805.323825
576900.059796
577281.807592
577402.024613
577188.039803
577289.983045
577699.653997
577483.096361
577897.24973
577991.149288
577813.13333
577897.651836
578003.579652
578358.873539
578499.67934
578622.39959
578699.286699
578746.674483
578894.693146
578698.293303
578781.275906
578886.807489
579295.13599
579402.827951
579505.414333
579305.043363
579629.001479
579529.110751
579891.007102
579698.719484
580085.540098
580241.153909
580294.02726
580146.569949
580181.666019
580313.242121
580424.096656
580799.198247
580610.503968
580996.584506
580826.129447
581210.050078
581298.936771
581121.146271
581221.455412
581307.461914
581708.558433
581801.140997
581906.256705
581992.192748
581799.731931
582193.202703
582008.385993
582068.207715
582499.759644
582603.717684
582698.614674
582505.270238
582603.100875
582984.774579
583060.414835
583203.98568
583308.779105
583410.206336
583223.058257
583646.761313
583411.285466
583525.974056
583582.209557
583975.624879
583808.642428
584184.762708
584000.748943
584113.939937
584165.781089
584563.742244
584400.438693
584514.747559
584594.297928
584712.752551
584785.760184
585243.074338
585029.617623
585126.947569
585507.144432
585284.585222
585742.867867
585768.196983
585588.060975
586000.790208
585773.383458
585913.117151
586306.414446
586113.552917
586491.754924
586324.322412
586719.857863
586785.479511
586618.31339
586701.944946
586794.172899
586870.297174
586970.823511
587098.473393
587195.040215
587588.09013
587412.813583
587510.276875
587600.658786
587721.207124
587842.587655
588181.3544
588032.022157
588426.260927
588223.471519
588280.091088
588703.432154
588489.957685
588575.772076
588689.474022
588779.288814
588903.433655
589026.930592
589141.04869
589529.170547
589312.303365
589383.467685
589534.014129
589874.015588
589707.099538
589807.981367
590150.195689
590294.327001
590082.833366
590191.384941
590279.413612
590680.139762
590824.05014
590618.792384
591008.979926
590777.022488
591188.997228
591024.000289
591081.88514
591209.052444
591596.52144
591676.455702
591786.393492
591625.524087
591721.043943
591799.142416
591924.176298
591983.542179
592122.333879
592503.571134
592289.493815
592401.643993
592519.562017
592872.28113
592983.806441
592809.977173
593215.780102
593011.063087
593119.687106
593210.725401
593285.232272
593421.513175
593492.960739
593594.478279
593990.041237
594116.732027
593872.490633
594293.993139
594110.407986
594504.224549
594318.777701
594746.469562
594795.60543
594914.812809
595036.625591
594800.461662
594902.479899
595028.697062
595411.73695
595482.966
595577.291949
595405.017187
595459.981613
595581.210727
595712.414707
595778.283665
595926.79168
596009.279874
596109.40548
596503.997408
596612.199166
596391.283152
596499.217024
596594.650869
596723.458126
596824.438104
597197.607859
597019.994891
597094.840881
597515.719369
597298.265644
597400.969194
597500.926761
597866.441385
597987.981184
597779.778927
597894.129626
598001.227737
598111.096003
598229.62075
598608.617557
598668.67164
598498.33104
598601.559781
598708.383658
598830.970396
599188.87757
599011.652724
599119.221455
599529.185861
599622.086303
599413.061236
599505.451432
599874.599681
599732.787784
600132.988863
599893.636338
600297.319381
600422.397829
600502.248097
600271.480872
600406.007978
600480.080691
600591.625379
