721.418271582
1050.78527556
1161.36487061
1317.15243987
1400.05700236
1238.97692296
1279.33305993
1713.36167944
1852.24772656
1607.36415569
1683.03510335
1829.49401573
1929.6397425
2008.94613445
2094.06532243
2491.80719755
2286.64869521
2415.13925249
2480.83895352
2599.90523809
3000.22578228
3089.50427615
3236.81877714
3021.30676379
3373.98252597
3223.45518689
3340.26199168
3415.87256611
3511.37629646
3882.21081556
3670.21015072
3804.93261183
4211.12467469
4330.62815415
4112.76232447
4215.33538245
4607.39161664
4434.20656133
4512.60918693
4884.20211426
4701.90432285
4804.55851268
4891.81263907
5005.95297461
5121.41805351
5191.08122249
5590.6095918
5430.59840828
5763.79367051
5593.7455493
5697.70449902
6123.54062828
5909.60552316
6313.37068945
6404.91317698
6210.38162521
6285.44818939
6418.28444463
6739.1985486
6594.61721581
6714.96348965
7125.62909229
7213.8430853
7287.84806988
7103.68935489
7202.99778646
7597.25024673
7369.02802951
7491.51075241
7908.70421964
7715.62915651
8096.05837798
7915.09308839
8006.69897563
8085.36171914
8198.33344268
8659.66716349
8715.42137479
8509.06257252
8608.12097235
8978.98772115
8802.38788202
9191.87923166
8968.49432838
9091.75823287
9204.04579107
9295.67575807
9694.46733453
9489.59130679
9594.50901679
10047.3008808
9747.79232499
10168.27384
9999.82224351
10085.3069685
10248.9100572
10289.2588526
10416.4837273
10801.018989
10644.3924418
10702.4586407
10792.5773125
10866.6490547
11009.9247951
11064.0325244
11463.2097514
11325.8974126
11688.6539442
11781.8556815
11848.6589156
11706.375341
12080.5700187
12206.8614408
12011.1404857
12120.1272646
12458.5854549
12562.051254
12429.0412566
12783.584622
12616.9673516
12715.0856071
12844.1976886
12899.6508475
13286.0944504
13120.7314633
13198.5922524
13331.94259
13384.2008393
13487.5470483
13572.3039745
13713.7702926
14126.7667089
13890.5167725
13983.0436785
14399.7447303
14190.0018376
14311.9177521
14400.5643756
14787.9753954
14594.3801952
14980.8058267
15126.9020946
15234.1778584
15051.3415704
15106.7852001
15466.587506
15291.0896112
15703.2818716
15803.8889292
15598.8094614
15702.2212826
15795.7733486
15898.038243
16010.5313075
16097.9787287
16519.6016195
16620.8864791
16706.6391385
16787.6409891
16599.2107369
17010.6817534
16776.9065267
16908.5938472
17303.8525155
17117.7301178
17508.7064253
17325.3531267
17369.4176229
17797.6316393
17912.4024861
17709.9538353
17797.5998051
17871.2698771
18278.3259658
18402.0414067
18201.1939638
18340.5108546
18692.5245287
18515.5094572
18616.2639332
18705.25632
18822.8863918
19165.4153828
19036.4991436
19359.0380994
19186.8895287
19311.1858006
19387.0355722
19526.887121
19619.3500928
19692.2800718
19779.5512218
19923.5764498
19989.036258
20409.6450132
20214.7427085
20572.4312848
20380.8139534
20467.5765835
20877.1238509
20687.6853134
21089.979077
20885.0008054
21305.4183239
21062.8115372
21459.2357468
21309.1244637
21411.8870441
21507.246884
21576.6334014
22003.6033085
22101.3245386
21898.7510747
22302.2182287
22404.2045153
22237.6406977
22272.5407188
22712.4187442
22540.9721564
22618.7804892
22687.9936584
22827.074101
22926.1691029
23289.046235
23359.4819067
23187.9831205
23292.6413886
23719.8914345
23510.3303691
23644.3958694
23706.75686
23797.2962972
24212.7931656
24035.0707537
24057.8965672
24192.468936
24600.9080547
24753.4255973
24789.4274785
24868.6642656
24698.3948879
24801.3718198
24882.4487395
25012.6549941
25436.5366544
25192.7464987
25335.4412753
25423.9659606
25479.6150491
25587.2221092
25723.3097011
25827.4848403
25935.5536319
26013.2602925
26082.5734492
26222.3170837
26564.8216227
26399.0064872
26489.5212466
26616.4536185
26680.9150893
27093.7591741
27225.8081295
27013.6544686
27375.5026506
27499.6885757
27590.3299398
27402.8531472
27501.1165517
27906.4050772
27994.6639603
27773.5009051
27926.2160319
28007.9042877
28401.4433383
28461.4926109
28605.5334934
28415.6845108
28791.9498752
28603.6063377
28699.7700861
28773.6168408
28917.4307555
29296.8932999
29421.0504032
29225.6392331
29309.6307307
29433.7493387
29461.7701718
29636.5931435
29714.5805834
29798.6728699
29906.7397699
30018.3115393
30105.3777911
30499.3243243
30286.0344622
30434.094397
30812.3442598
30604.918883
30715.4933963
31090.9449355
31192.9384426
31309.4104055
31439.9867802
31520.3050297
31634.4073671
31381.2271125
31819.0653375
31609.8425857
32043.7176911
32100.2473094
31904.4943348
32030.2021719
32083.0094605
32196.5390275
32588.3915592
32397.1164318
32450.5136918
32894.9228464
32717.6606721
32824.1415746
33200.7065109
33293.229508
33384.8534992
33522.6142228
33578.9067126
33416.5870488
33754.8570585
33905.5621838
33686.6018904
33800.067231
33881.8999742
34003.0116296
34094.8903201
34502.5239587
34588.525303
34412.7894257
34480.223049
34587.378387
34711.4671883
34824.9137848
35200.9803766
34977.2966471
35368.5167585
35514.1256406
35282.114687
35653.6651553
35803.3484672
35590.6001727
35723.8872735
36094.4601111
35878.8258682
35974.823575
36353.4379276
36196.9209498
36281.3206403
36414.1352951
36757.5691859
36585.3920534
36676.7341165
36811.723172
37178.5775583
37317.3363015
37128.4096616
37223.3838383
37299.1031775
37404.0890468
37799.794428
37587.3154267
38015.8146281
37787.8603878
37903.4164268
37978.3052593
38102.2669156
38519.9965742
38296.5859354
38744.3726146
38772.3380752
38863.6001624
38694.8158332
39087.2080025
39243.1556701
39277.5465339
39377.018996
39196.1668761
39304.1213784
39706.4784205
39804.7435971
39602.4315072
40014.6673983
39816.6162519
39919.0917898
40299.0577564
40380.5716587
40454.7101068
40602.5244816
40390.5256538
40496.1526725
40597.4503186
40715.3248094
40794.1108603
40908.7141626
40989.4714905
41401.5449833
41530.7539244
41294.8209077
41414.9361785
41506.7205204
41908.417085
41711.1212693
41830.0772999
41875.2988642
41992.002172
42103.8615848
42192.5234561
42291.2877228
42686.1550313
42492.7510423
42572.0503357
42699.8900291
43089.1836703
43238.8314868
42994.3974523
43375.3628711
43179.4834768
43614.9452456
43692.7587299
43499.0980429
43577.3772576
43998.4826306
43833.8450831
44205.1424592
44021.7719284
44078.4360662
44559.2093175
44600.7267137
44709.0421883
44495.0224058
44617.1237215
44700.6622972
44791.4218507
44899.2718037
44983.093917
45079.1749258
45195.7643217
45296.6434439
45672.1164131
45494.4205776
45620.9871126
46040.0826653
46093.0589773
45905.8218749
46319.9715851
46069.1882403
46194.0234989
46277.9719105
46390.2565468
46796.3688765
46611.560165
46712.7247068
47043.0426417
47187.9345363
46974.4123244
47059.4998792
47527.5880825
47298.3938061
47398.6038088
47789.9087771
47918.2589547
47703.0716815
47814.3919247
47885.9032502
47996.912551
48075.4534163
48510.0750058
48317.8684151
48406.7263969
48487.4223882
48566.4239205
48978.8515231
49111.512622
48900.5803473
48993.5898727
49388.4280565
49510.7476792
49312.7530662
49401.2973903
49463.8408459
49615.6906748
49717.3454528
49821.6530863
49916.8956118
50017.6358129
50127.5992219
50193.6500175
50321.5402532
50704.5311073
50501.1807854
50606.1770011
50702.1294907
50811.2178919
50888.0332793
51264.5795594
51099.4405175
51218.7055339
51286.0321281
51698.8294417
51772.5772667
51577.0545988
51997.0548318
52078.4383246
51881.0853824
52012.2910862
52098.4093822
52486.4435382
52628.7008688
52402.812081
52502.7824918
52591.3320323
52701.4579113
52768.2474786
52891.6288566
53329.3404164
53385.3030353
53500.5693463
53618.4004917
53739.8707302
53816.3720081
53623.5397907
53999.1547078
54086.3739735
53910.7562539
54010.6595156
54420.6530011
54199.3582874
54328.590385
54738.5169726
54854.2265748
54634.7764087
54724.4575754
55097.5287153
54888.664402
55288.6494517
55411.7398124
55440.1486915
55616.5504598
55426.7282008
55498.3077473
55595.3057681
55709.4114114
55800.7875625
55898.9373719
56019.1497088
56110.8934591
56197.6989343
56320.918579
56410.7159025
56799.3866924
56562.6268896
56997.5079273
56776.4989553
57199.2507435
57001.4806707
57090.0221114
57171.6397448
57303.0966876
57667.2447622
57801.4947828
57565.3997862
57705.2924577
57785.8087385
57891.2740666
57976.8904015
58388.9140599
58492.3629369
58297.7086158
58720.4220999
58774.8328876
58612.1141569
58677.2161089
59117.195346
59214.7434902
59017.1048807
59081.9004541
59500.4337146
59608.4085272
59427.8069624
59497.6324491
59903.5653918
59713.2612397
59784.7045382
59907.0163813
60022.8363298
60091.6368601
60501.3201888
60294.0800314
60434.4610658
60818.5869687
60570.4034533
60705.5226458
60796.7556843
60892.4556364
61297.6698095
61125.9890489
61182.0078337
61291.3895899
61405.3899838
61515.3836383
61905.49652
61977.4445844
62064.9307365
61934.6580182
62018.6520156
62107.832778
62178.0347876
62311.6171393
62359.5546425
62521.9463979
62595.2289773
62709.2626022
62819.3696739
63154.0544481
63289.105982
63094.6272646
63189.7105773
63621.6912805
63736.0195351
63507.9678513
63597.6404737
63719.1932416
63822.0056352
63901.9731709
63998.1150811
64102.1770052
64507.2895618
64305.2367935
64407.4062726
64815.2805932
64893.3688715
64978.3963135
65116.4738169
65180.9799366
64993.7483954
65094.0553128
65461.6431584
65566.2018236
65690.6989812
65798.1079416
65897.2684389
65726.4961196
65825.2953636
65903.0675492
66279.6746202
66103.7240827
66184.3492971
66271.1648358
66362.0351849
66811.8557889
66635.9804424
67015.706044
67118.4061653
66913.0485857
67011.0616883
67090.1018133
67226.3879655
67608.4228979
67396.9882949
67518.9233488
67608.1144247
67686.6521433
67801.8906834
67892.5876334
68284.7442953
68384.3152684
68476.8193095
68561.7879587
68415.8301678
68491.2743892
68868.7375822
68708.5963835
69103.6945874
69180.6473237
69018.3173265
69104.747875
69478.502707
69609.3250062
69400.2381392
69814.0833187
69920.5381135
69707.0680958
69770.0875755
70146.9223837
70308.7823535
70374.1567913
70204.6152392
70301.545087
70361.5645059
70799.5293203
70942.6792775
70719.6360907
70801.8732003
70904.9661566
71004.6974653
71394.7934288
71171.2155566
71595.2231552
71387.6387774
71539.4505879
71914.4976487
71990.7270807
72090.7001539
71896.9160118
72019.8091937
72117.5610254
72202.8965425
72293.5328713
72416.0765273
72807.0233769
72606.5687413
72701.5515816
72794.1621245
72889.8697275
73300.8215073
73383.2118035
73191.0742115
73624.7193905
73394.8443327
73813.5360098
73604.9550021
73714.6344397
74109.7832285
74206.0160314
74007.1261082
74122.5063716
74194.8594929
74632.880287
74422.3633553
74513.3113805
74602.0395781
74984.7006197
74797.3907889
74883.7284468
75011.3307097
75407.2283151
75194.6040507
75280.8485009
75431.6830114
75827.6210859
75582.4967288
76001.5538421
76080.5962987
76205.663768
75989.4826636
76404.7189692
76195.1322866
76326.702397
76671.1300613
76520.9247911
76612.3795852
77007.1222949
77085.6494054
76885.404132
77308.0203657
77105.496131
77225.7746153
77590.170801
77694.8185561
77543.7152703
77625.1134832
77700.3568952
78112.0416295
78180.3219436
78276.41058
78059.4177551
78501.4629386
78284.8995635
78427.6554517
78508.291566
78894.6404852
79038.8549325
78783.2883268
78913.2409869
78975.6168219
79075.77541
79183.9304205
79316.8797653
79682.4660363
79820.5093107
79866.6525256
79689.2508062
79780.4355795
80184.1572377
80001.9736788
80134.3338035
80204.4175804
80317.2705223
80470.2548786
80515.7554959
80610.5653933
81002.1945706
80791.7913895
80922.7066924
81292.3362816
81118.5020452
81212.8236974
81570.6401988
81665.2432334
81518.804424
81606.631506
81997.4896743
82053.0601091
82177.5579407
81994.4935145
82098.6847666
82512.5606739
82318.0739887
82379.3918311
82804.2846956
82609.1800343
82715.9822508
83084.2748854
82938.3636046
83325.9557663
83116.5273797
83205.7973757
83297.8982804
83690.4950814
83533.2717095
83596.7887626
83714.9588997
83811.1495946
84204.7639348
84033.833078
84087.3344688
84501.7974368
84296.6251886
84408.7804078
84789.1536391
84608.0372444
85007.6326726
84779.2005754
84934.2526784
85019.3235343
85078.1373569
85237.8500365
85305.793756
85712.2854691
85823.0189368
85903.0512629
85997.3875504
86132.5131198
85927.826855
86319.8935801
86381.5700514
86548.6729097
86580.5330676
86703.4282298
86799.4030069
86582.8638846
86686.6464093
86796.9939126
86896.913797
87286.8859771
87114.5526722
87497.531798
87302.8289374
87421.8894299
87503.3769041
87912.1050499
87705.8571875
87800.1109592
88212.7468896
88327.4618536
88403.4426728
88504.9565476
88303.3163483
88724.5782691
88508.577822
88899.5890158
89017.7940479
88770.1906826
88911.0525135
89292.1853491
89401.8058364
89223.8289156
89600.6643745
89711.9174212
89799.6350044
89593.8415549
89706.517275
89802.158037
89883.3326737
90013.7151776
90403.4763575
90195.2198676
90343.0294282
90409.7346557
90493.1257235
90858.971554
