716.15976311
807.250879037
927.939602303
1022.57895822
1371.94075155
1502.0811744
1324.99418202
1698.97088457
1804.36834033
1916.04449985
1985.62252195
2079.42005533
2179.40861271
2004.02098741
2377.808006
2226.96029589
2304.41303791
2373.26418813
2513.76641197
2573.61463102
2701.10136782
3102.56602291
3182.34789359
3306.37942414
3397.16356851
3231.38807418
3576.72596306
3712.00525516
3503.74165537
3606.75173626
4027.49295672
3821.44756145
3907.97416095
4303.48606733
4400.43865035
4208.62040985
4592.79921136
4390.93739339
4528.57560371
4628.53372751
4968.93501468
4776.40401034
4923.29615501
4994.43157421
5430.74192036
5182.84589384
5296.84490705
5690.16185403
5823.41231913
5602.21733738
6039.00905262
6090.11604502
5891.37495531
6311.02673301
6110.57726654
6459.41803302
6594.36000173
6712.89405687
6810.80135552
6600.27142609
7011.55248658
6785.57106729
7216.879374
7301.79238212
7091.05684658
7226.69848158
7288.30681566
7421.69208511
7512.80466206
7601.29636787
7723.47951468
7809.29039809
7897.72326401
8290.56828801
8057.42502828
8218.30992272
8621.05401577
8404.25743002
8811.63876568
8625.91980938
9009.9456858
9105.09378059
8897.67999279
9306.74209357
9144.35372824
9549.52512171
9343.95441967
9395.77313801
9503.30495243
9894.89431476
9680.02340738
9792.40821903
9881.28191716
10324.2350562
10102.2412643
10213.0654862
10316.9156575
10699.480455
10784.9720976
10603.9896125
10976.0968789
10796.1874869
10889.2114816
11001.8314733
11418.4267179
11196.7337658
11314.5727268
11403.5364213
11482.8228422
11603.903239
11981.4740512
11831.0866891
11884.1442721
12019.8328338
12419.7926762
12206.3573703
12624.8553302
12428.2706776
12496.9368617
12592.4451147
12693.7081633
13103.4440726
13197.9561085
13321.3908843
13121.4499141
13202.928659
13287.1546484
13386.1296017
13476.6365061
13856.3246084
14017.870833
13794.668249
14219.0405746
14026.8952213
14406.4043809
14215.9620358
14323.6270588
14667.1205487
14526.0536966
14569.4340581
14727.3657612
15107.1885467
14914.6011225
15011.2399268
15127.8199338
15196.5498945
15588.8504323
15397.8722471
15493.7690239
15599.4100367
16005.1912509
15855.9929634
15870.0763329
16000.1465239
16102.5810785
16220.9707251
16613.8257882
16414.2755553
16460.7986656
16584.8139756
16672.417403
17094.5027983
16897.4954722
17000.9385061
17410.2348472
17497.4735856
17555.0426085
17689.6939265
17811.2150278
17595.7206046
17993.4979494
17798.7320415
17886.560319
17999.614541
18391.5189612
18189.987902
18316.1053249
18431.3602633
18498.1365409
18586.1957357
18719.595231
18782.2637621
18909.1840917
19010.40265
19120.0788769
19492.6084088
19281.2206825
19424.1673965
19519.1592293
19882.8246272
19711.2926454
19799.8819719
19910.416862
20011.4082059
20106.2248985
20219.8461453
20329.8559668
20709.7153044
20498.4014912
20885.5277139
20705.7813716
20790.3539677
20902.7050564
21008.5267259
21079.8810761
21209.7079375
21266.0197445
21412.9512875
21497.0150476
21873.9753059
21705.242119
21791.8601196
22180.0614512
22293.2105766
22112.0311574
22508.4717596
22305.2635514
22453.1662686
22786.662741
22558.6812531
22681.9796112
22797.958371
23190.0475021
22983.0090247
23393.445451
23233.8151922
23282.9287733
23710.7178322
23769.2404694
23593.366025
23686.8728113
24102.668123
23891.0065048
24282.5031958
24115.8256281
24210.3948601
24279.4826535
24423.9451347
24520.258143
24623.9704603
24705.5207157
25092.6503497
24898.7544942
25297.2697612
25410.4561237
25522.034126
25280.8679146
25697.0308177
25512.5473978
25915.1011135
25694.0819344
26078.7140899
25903.2761246
25980.8595471
26111.0738609
26491.5718946
26321.2988584
26698.8554118
26836.090328
26917.7444529
26993.6259405
27110.303676
26911.6574443
27000.0369215
27078.0851786
27174.0653548
27636.2049533
27408.727641
27814.6280235
27599.5940814
27705.9472036
28136.8487122
27890.7676511
27971.1839937
28386.3327513
28225.9361101
28311.2077158
28691.1435739
28815.7180779
28569.9554518
29010.8895941
29128.9687414
29200.5521232
29294.7277648
29124.530655
29520.5763934
29635.2818842
29398.6406481
29498.8770425
29626.6336256
29688.5652564
29795.279699
30226.2561444
30286.6797512
30418.9079812
30213.6802323
30301.8349395
30345.1050125
30779.4182857
30882.1328566
30994.3097439
30800.4537775
30891.658449
31310.8498099
31105.6082574
31496.0876875
31605.9741459
31367.2705364
31527.0752887
31588.9224885
31743.5629679
32068.5487055
31904.3685721
32001.0313156
32085.7053185
32233.4831798
32308.7509535
32407.411588
32814.9172944
32891.2907789
32710.9083448
32802.5979009
32890.1465794
33004.7387434
33403.0543368
33219.0080378
33572.6934515
33392.3656439
33799.1611037
33614.0629407
34015.5924707
33770.7423174
34196.9284461
34292.2620571
34138.717041
34215.92857
34293.8505274
34707.2466995
34497.0187233
34885.2766486
34696.4236086
34794.0760137
35188.9815194
35288.4844551
35384.7360014
35177.4407278
35591.0448524
35388.934303
35513.1368702
35605.4759612
35988.1681905
36108.4766665
35890.6652608
36305.5279487
36095.9900193
36463.2308667
36601.6924727
36412.617336
36476.1646284
36892.5939478
36654.8665018
37095.7130183
36900.5010335
36995.5474592
37078.6168705
37514.1158357
37305.1130539
37723.6943199
37525.5519477
37885.5314261
38012.2766084
37803.7690524
37881.6863263
38313.7974386
38087.9296239
38489.9215717
38313.6320115
38398.11389
38508.9920956
38907.7698385
38706.5680254
39107.1864316
38901.1422443
39247.962838
39419.0487524
39486.3822578
39594.3426828
39402.5474227
39774.9761967
39616.6271088
39990.8193876
39833.6544361
39902.9298922
40036.4790741
40421.4908334
40211.5404225
40293.0754886
40403.0949985
40799.5383094
40627.0849619
40999.893065
41107.3847785
40889.2806856
41288.7232239
41094.982516
41486.3771604
41602.785193
41683.3719174
41790.0306449
41613.9648862
41706.4204266
42104.4946641
42196.255078
42000.7776809
42445.9664366
42150.7968383
42317.7122968
42394.6632602
42471.2939763
42909.2040093
42971.1909531
42795.4817428
43227.9106555
43002.20102
43111.071793
43225.4171559
43638.3735696
43379.7474222
43765.646558
43882.0307761
44012.2161445
44111.2083809
44219.6593343
43987.6623185
44356.6127927
44511.8068385
44313.8752291
44395.5648418
44796.0362518
44583.2443081
44707.3008445
44806.9354727
44889.4145269
44963.648524
45122.7840706
45198.8475151
45322.1069602
45392.6733894
45527.5373894
45898.187329
45699.7955079
45810.3205819
46190.7457312
46291.6195244
46113.5920834
46228.19361
46590.4086502
46400.8459459
46475.7512104
46900.7644409
46982.068204
46790.6346752
46939.6253535
47326.0934872
47409.3477494
47179.1467085
47270.3071813
47375.4277401
47784.1680517
47572.8864645
47689.2144051
48116.3666609
48184.6924754
48016.1637028
48386.5745177
48214.5280143
48586.951587
48428.6373421
48521.4230103
48618.0926257
48990.2021719
48803.3130076
48888.503683
49293.6204735
49110.3345916
49201.6672552
49602.7692091
49408.9566709
49488.535678
49596.0134402
49671.772041
49817.4787178
50226.4828961
50290.1532151
50091.1108278
50206.0367728
50316.5337933
50392.6189565
50770.5630084
50894.3751449
