1010.98597266
806.870326217
899.144959213
1005.32606893
1069.87497787
1522.84880237
1320.70425199
1731.77905661
1470.19609505
1612.85134911
2005.365273
1792.46283794
2184.53310032
2017.77952241
2119.78703616
2188.32220826
2553.21721327
2723.08859907
2795.9952539
2863.47361062
2717.93211597
3101.65286675
3210.29048474
2998.38144701
3090.80771849
3200.84104989
3318.17003982
3390.49884492
3508.97907458
3587.65453561
3693.10783055
4117.14370057
3886.84106347
4296.39523456
4093.6851002
4168.06583157
4298.3786437
4398.09282384
4513.34329466
4594.65702635
4700.92426536
5052.06843905
5208.04295789
5002.66454057
5100.01253216
5193.93868477
5266.7476099
5679.78327413
5468.16922194
5601.44673008
5704.82691422
6090.0126932
5903.78221323
6018.24478178
6094.42711965
6182.89856714
6568.96628213
6707.77694775
6503.53297056
6637.33415852
7004.43223803
7100.60398029
7178.71471993
6963.12767817
7385.22836425
7197.08422569
7611.57894463
7410.60859517
7795.61985617
7605.13631585
7987.98159043
7819.18724596
7902.12180766
8316.03398811
8133.68774344
8224.95623202
8325.89648347
8397.03339341
8782.1775959
8881.1674719
8990.53545393
8791.55347179
9181.77898071
8976.17674894
9432.97997481
9491.13191099
9282.52095559
9673.24136215
9491.11206525
9613.3069814
9672.91010502
10115.6495885
9917.31548858
9968.93672256
10129.9303704
10543.1887002
10293.8235541
10703.2147073
10816.0480374
10864.2236808
10681.6446692
10793.7768877
10870.6429191
11242.0211287
11110.8586256
11205.6492193
11298.1580914
11414.0579022
11512.2836173
11598.3162171
11963.4865102
11804.5415716
11904.4544532
12034.061807
12118.3537748
12520.4135323
12275.9733776
12390.9199361
12777.6354196
12613.4559416
12730.1705949
12782.3771001
12873.5282029
13030.2741322
13384.2944894
13493.1832282
13565.1904655
13726.4676322
13509.6705038
13594.2918099
13693.6924976
14089.0525601
13902.1886357
14274.2550153
14100.2843632
14178.564496
14608.9450789
14374.0269975
14826.6124224
14923.8882299
15020.1808621
14811.3181615
14901.7826981
15295.2708276
15099.3133846
15206.455834
15311.9433879
15376.7373867
15490.2718709
15894.0729011
15694.8633873
16101.4853458
16196.1405131
16274.2947899
16092.3429768
16179.9278758
16333.3357809
16390.4759568
16501.9839818
16604.6625942
16705.0421267
16832.9140979
17245.9685865
17015.0601073
17407.9497143
17508.5764549
17290.1203814
17696.2772495
17777.0759604
17599.2661974
18034.476997
17802.0842285
17894.925494
18264.115064
18105.3426324
18485.8721654
18265.5146607
18695.5774199
18806.6425802
18597.4385848
18706.6472789
18811.6229034
18919.6959905
18998.9034907
19425.9183547
19506.8694051
19298.189743
19415.0671349
19784.8837135
19619.8617736
19983.191307
19813.924313
20202.0875877
20290.6392526
20393.7687044
20221.9360594
20574.272056
20671.153103
20809.1365225
20628.1328558
20662.3710354
21110.9318114
20904.6948718
21021.2192053
21414.0378488
21185.2828091
21593.7814753
21388.1953203
21821.2319862
21900.9573378
22009.6089572
21832.7853776
21871.7745508
22247.3029534
22371.6027414
22184.8427649
22294.868465
22688.6293436
22491.6164106
22896.1974233
23002.945024
23095.2051954
22895.7259181
22999.1417527
23077.5536631
23190.7057719
23313.666801
23695.4519946
23786.7494042
23623.4763933
23719.2036434
23772.0430387
24195.3906689
24010.0075573
24120.0229993
24534.5886663
24308.2890041
24406.4366267
24514.2159315
24882.8826756
24732.8264739
24825.5566378
24898.0872005
24990.2723242
25117.1013142
25194.3133701
25342.4514914
25711.4599064
25493.175983
25601.4956954
25705.0149865
26091.6856888
26168.3591681
25989.3487906
26411.4929613
26533.3022767
26585.1230791
26390.1507268
26498.5262937
26887.6203606
27017.167726
27115.5722042
27212.9369311
27269.1341809
27416.4020122
27494.6783506
27629.527389
27713.1647218
27487.3169297
27626.3373694
27692.840055
27801.7897647
28204.9690484
28040.9163919
28099.3232962
28519.7765025
28320.5718997
28420.1345384
28511.0952723
28615.2640574
28692.6460062
29098.2899066
28906.591494
29289.9618779
29384.1917451
29199.2861746
29297.6177698
29409.7795472
29530.2471643
29609.3506305
29728.2214492
29783.0336834
29887.3823822
30010.4542329
30136.6060931
30190.015597
30578.8092456
30408.1962271
30486.6278461
30926.4625868
30685.9378798
31128.5045677
31224.2103621
30983.4723128
31060.3847285
31197.5173398
31292.3070211
31414.7361865
31478.9735859
31606.5925539
31729.7695425
31792.7552524
32203.5207974
32012.5929093
32114.1467988
32211.395487
32261.1490912
32425.1817798
32510.2921716
32913.74462
32724.4830458
33126.6660108
32878.3969368
33037.7256546
33371.0245637
33193.420165
33606.2680213
33374.956278
33517.9562378
33598.209728
33734.1007354
33799.6484645
33897.6224653
33988.5323333
34066.8533322
34177.0450904
34312.6525722
34394.0727448
34511.3817359
34589.4006689
35022.5371903
34774.8892064
34879.7015993
34997.636288
35093.0947976
35204.7506759
35583.2519466
35700.7552451
35787.9810338
35598.0393374
35705.1100951
36116.948816
35906.5973214
36007.3992005
36078.2106059
36219.5403004
36314.1398579
36401.2385371
36766.2423543
36579.0984715
36702.4342943
37115.9618545
36908.7072276
36980.5658746
37064.3630479
37495.3932957
37602.5694792
37397.0355681
37485.1438237
37898.0893188
37724.0523718
37772.4419314
37924.0873957
37971.0148156
38410.199007
38509.7142203
38298.399621
38725.9868816
38763.2589336
38903.766032
39037.0713097
39069.0439502
38921.8488715
39017.0176546
39114.4402328
39498.1952313
39596.8765101
39374.6706501
39499.4501646
39627.747823
39680.3337052
39782.9415996
39873.4957255
40256.5988707
40388.2759014
40199.2340737
40641.7437647
40704.4139542
40527.1682127
40605.6040213
41008.9310349
40803.5775352
40909.0075974
40983.7956945
41126.5691077
41178.8911457
41291.0862441
41399.3157541
41497.2421787
41624.8114818
41726.2165308
41802.398251
42198.2793028
41990.5202258
42381.5873321
42236.6856662
42272.0986958
42400.0013185
42815.9229451
42902.5487883
42988.0678375
42810.1147921
43203.0389613
43031.0402658
43070.0664282
43511.8274108
43611.8263936
43393.8199661
43475.2361182
43600.2170937
43692.1410055
43793.8091927
44177.8012821
44295.9466311
44090.4102755
44224.4647002
44314.8894728
44411.6814644
44514.353375
44937.6739573
45025.4025896
44799.4847438
45208.5750945
44992.966641
45106.5575549
45465.749409
45560.7139618
45704.6429384
45481.4932107
45586.9044471
45967.1830964
45824.2013269
45878.418083
45984.4531874
46090.1905583
46191.2130912
46275.0300485
46375.4784035
46502.9371206
46914.0553746
46699.958048
46796.9910253
46872.8802301
47307.618698
47081.1272327
47507.0244836
47296.4028875
47696.817766
47505.5213569
47592.0000016
47994.2970361
47802.0256498
48234.6512383
48353.3542794
48099.0604353
48224.941
48296.2374176
48391.5330465
48522.6406957
48872.5012625
48677.3017344
49082.6479308
48912.2671893
48953.2644463
49097.9122565
49228.0337671
49293.4107136
49399.9343532
49817.647087
49942.1030888
49689.722445
49798.2036294
50184.2103561
50301.2261461
50082.9152043
50485.6526349
50353.2822446
50423.3735648
50494.7194953
50901.0721063
51003.7242308
51092.0103884
51228.5286676
51301.46919
51395.1776278
51205.566004
51289.1075601
51433.6246334
51779.5861384
51917.9003591
51689.013731
52132.0227086
51908.7845316
52031.1667051
52418.6811981
52198.3248163
52287.9550209
52416.7433893
52773.0937918
52886.2005893
52695.98033
53138.7512111
52893.082969
53295.7001596
53397.7589839
53192.3334834
53580.169171
53421.4394191
53794.0351456
53909.8451678
53668.6758445
53794.5768408
53911.9208724
53977.4760271
54119.6598421
54547.9138225
54600.978224
54385.5489398
54515.7068659
54906.4675661
54690.7952989
55074.378549
55215.5296428
55331.1979435
55415.0445408
55466.6939651
55594.6920996
55669.6575262
55477.3477031
55906.9025986
55702.2180273
55772.5743866
56214.2351831
56013.1140749
56437.8990299
56475.2622663
56317.8763419
56389.8182463
56785.2033075
56873.1022066
56698.8072118
56783.6965954
56876.8830546
56988.7623007
57408.8942887
57191.2729527
57296.984014
57376.1014797
57479.1815978
57884.8244732
57997.0597631
57822.1887933
58202.6371035
58270.2416831
58445.6389826
58192.99763
58611.3488184
58403.8526237
58835.237308
58578.6312614
59025.0295796
58795.6581521
59209.3897053
59309.2096323
59073.3113765
59508.082069
59305.3465467
59719.4438566
59501.8319036
59624.7651131
59683.1197448
59819.3744474
59915.0660459
60311.0123205
60423.0436148
60540.2212979
60305.2777943
60678.3761014
60499.7804835
60624.3737984
60681.6135045
60814.9691733
61192.8491626
61293.4190529
61109.0064658
61485.3991743
61605.835398
61677.282262
61758.6814643
61601.5793628
61978.0708528
61800.2765964
61905.2353045
62302.9393269
62392.4038932
62194.3798286
62596.2232673
62716.1211008
62476.0088762
62901.2336594
62718.7342133
63088.5774451
62896.8546646
63016.9981091
63103.7791732
63190.7297149
63278.3039265
63437.6209208
63807.8264681
63617.018848
64037.6388811
64089.9702025
63906.8503404
64309.0284161
64410.7501289
64181.8175668
64302.5404279
64689.8554653
64490.3533709
64615.6910321
64721.6102649
65096.8465158
65200.5796338
65298.6042485
65091.3562512
65204.3115767
65609.2611915
65408.9001223
65500.6696932
65558.7613887
65970.9925788
66129.4884663
66179.3254919
65963.4383669
66378.400331
66182.3856886
66572.9750051
66707.5424258
66509.253699
66884.257629
66712.879577
66804.8177218
67201.6816912
67302.6271109
67112.8038976
67462.8688648
67302.756286
67408.0592135
67503.4600449
67910.7249493
68013.6218523
67774.8720898
67849.450853
67996.1549045
68388.8919599
68539.5212223
68628.1716079
68672.0049922
68514.6823522
68582.7551566
69026.9859981
68790.5233678
68901.2151902
69308.6079048
69408.1587854
69471.66494
69305.1519598
69693.3792467
69516.3546636
69914.2697469
69960.3040443
69819.1235596
70213.0990146
70008.5501275
70364.0075145
70194.7288247
70599.8915808
70406.7314672
70800.4862913
70899.2144035
