683.780852268
1104.40061326
916.309891835
1284.67982505
1402.12110913
1191.12656925
1320.97006634
1713.44691626
1485.2721086
1595.25989021
1682.09066765
2100.53725824
1901.06196338
2023.71912833
2386.99982385
2504.44347889
2595.98649338
2400.37542553
2781.12590253
2619.9559006
3001.67011274
2802.3972586
2895.60202453
3024.19273423
3063.50371635
3208.51442728
3344.67997229
3419.44926788
3505.74846127
3598.4241108
3988.96242439
3817.74059479
3915.86209782
4014.18235435
4100.57586062
4540.6236244
4623.45862325
4367.60976533
4494.11917254
4913.97861813
4716.67464328
5174.87129596
4895.73013091
5013.36545102
5076.46016674
5172.12691416
5294.43398521
5392.99574223
5513.76258955
5857.6329125
5697.76258455
5831.70286424
6181.46167223
6003.73065782
6096.52837212
6194.26939625
6300.45608229
6397.26420269
6825.58873472
6576.72483448
6732.43461491
6803.97315435
6894.06858652
6993.18711257
7418.19970685
7531.69622172
7631.91591605
7431.8900299
7501.39627412
7570.62831654
8015.06227515
8109.30153629
8237.11939418
7993.65406798
8395.83293374
8522.59509996
8623.67636632
8408.61258004
8830.24598361
8919.5538655
8727.48386624
8837.12919038
8894.33219972
9012.4733859
9106.10764094
9182.07309806
9614.47193695
9723.77095696
9531.15389
9900.90973107
9674.98034376
10108.063356
9905.25154372
10308.838574
10091.1701415
10507.1947664
10302.2791974
10403.1737596
10509.7357738
10620.3010226
10991.8882851
11091.2226519
10935.5486577
10985.8289737
11073.5584945
11178.7531334
11619.7595012
11713.8900937
11813.3241116
11606.7513986
11969.1731955
11797.8906916
11899.0212186
12298.211406
12141.9907431
12190.0725736
12632.2072314
12713.0850017
12525.3443687
12865.3656415
12706.6574387
13119.6475603
13225.9769446
13010.3429654
13114.6988491
13226.8782956
13607.5015427
13666.6951658
13514.1843644
13918.2536581
13712.4682651
13785.3112131
13880.2327852
14297.6204819
14105.8750481
14193.1687677
14303.2123037
14408.1220662
14518.436433
14591.0988536
14707.7494495
14805.0319175
14889.0606768
15296.7089818
15106.5553278
15190.2042552
15601.5188452
15679.1833245
15742.1377706
15589.8891903
15679.3547102
15812.7351478
16202.8062981
16328.7681778
16099.96195
16518.4970576
16312.2953031
16699.3728116
16479.6419042
16622.0991901
16989.5098499
16819.0511609
16892.3026269
16996.1945119
17383.7251714
17512.6362613
17602.874921
17384.8025385
17807.8533242
17918.2797745
17687.1677962
18083.9944979
17904.4083847
18292.0038637
18094.5594303
18475.998542
18306.1573265
18421.1604652
18501.4213459
18600.0492783
18715.6117877
19062.8441081
18898.391685
18993.7860333
19103.0188502
19233.8856379
19598.5138679
19382.0986863
19780.2981452
19596.1164703
19687.7667187
20117.94704
19935.4847915
20025.5920738
20118.3537947
20538.8461712
20604.9917698
20404.8181802
20829.7445008
20910.2519816
