979.091171801
785.014732419
1161.98540583
1016.85852139
1393.5614705
1217.91692334
1599.13333682
1672.62226426
1516.73829352
1600.20492955
1698.24036849
1820.1885638
2161.83875081
1981.48732847
2085.61717176
2525.516141
2616.10081269
2698.9356775
2507.65960993
2867.70862308
2695.81449479
2792.59379018
3198.51185986
3010.25629521
3101.60767011
3233.80519223
3320.94931483
3406.67722763
3466.4179169
3933.6439903
3999.71205614
4077.1415786
3912.62268917
4310.82916534
4129.17572373
4209.84218342
4594.25599078
4678.09549978
4486.95948353
4883.82830584
4702.75621331
4789.38258413
4891.46670229
4999.61632373
5430.6287772
5220.77754864
5582.47551596
5415.8499455
5804.62361047
5876.20700991
5700.82734497
5790.0490611
6149.6842002
6289.37858523
6107.63876719
6489.41056369
6616.13394103
6718.77596864
6804.32298213
6584.92555386
6981.53231816
6808.69527077
6945.40296692
7025.66802989
7088.96603695
7199.6329737
7273.31236904
7409.08051679
7484.84181562
7877.95454648
8045.04690341
8086.03293507
8181.96292806
8315.16619404
8102.39770007
8211.07187752
8315.82068404
8705.26906162
8793.05013487
8911.08303523
8746.04805801
9079.38030886
9208.39950277
9275.42235953
9109.84029824
9527.27185852
9312.75993626
9396.43093853
9512.24680178
9604.82987925
9680.96475974
10129.9785464
9906.64437941
9968.34335905
10087.6470432
10208.7476168
10294.2465717
10421.1289931
10532.6797489
10882.7001763
10714.9673935
10801.6476665
10917.8269265
11007.9553937
11398.1853872
11178.2112664
11336.2310543
11679.7992886
11817.6736008
11889.9033745
11994.0788959
12121.4067925
11939.1052023
12011.6201246
12412.1751673
12225.7868685
12308.2567045
12678.5913796
12504.6824859
12580.6830591
12702.9873528
13093.0059094
12922.129794
13301.8559586
13106.1309789
13217.0760647
13590.5957774
13714.1647398
13515.6848554
13953.9981108
14014.4663073
14065.101914
13916.9647098
14022.4168505
14109.418965
14194.0627581
14333.0200072
14706.5560259
14496.7712925
14913.1931325
14737.108935
15095.3714285
14868.9862171
14979.0376698
15076.9017021
15185.8309293
15282.8298282
15401.788463
15809.5981108
15843.4922872
16016.0454388
15818.7911447
16180.7458826
16009.3365736
16429.3126297
16222.9916573
16267.0657747
16709.1146956
16509.4926084
16864.6335888
17008.6763322
16791.2663191
16919.1852324
17279.6507424
17110.2140194
17196.7089032
17316.2532368
17414.8705509
17533.7220827
17893.693393
17703.4043854
17821.8175047
17888.4795823
18000.8039456
18090.4891622
18179.6419415
18286.8924223
18404.5175582
18483.8837743
18868.2417298
18688.2046704
19064.2714552
19185.5080642
19280.6558028
19362.4898674
19207.9378395
19612.0838191
19415.6416016
19821.302851
19912.5535436
19682.4250667
19780.8337117
20165.0007518
20327.1483532
20091.3388591
20470.5683237
20277.2373993
20385.6331159
20805.0429343
20880.2929186
21020.5745173
20807.9274979
20905.6640165
21001.8068063
21119.5612799
21489.9431074
21583.9034501
21408.7021283
21488.4184283
21594.5618598
21705.6101887
21820.5861483
22205.3042486
22293.9909485
22390.0070863
22192.5137843
22306.477175
22378.3480382
22471.6646944
22605.4791983
22698.0029537
22812.7648961
22885.0964114
22997.5305276
23402.1776382
23191.2315278
23337.1794975
23677.5494609
23518.899181
23613.4395145
23700.5654981
23799.9421553
23902.2558759
24312.5826399
24414.944944
24482.2553997
24639.2259508
24686.8020785
24794.7005423
24882.3013187
24994.0607479
24801.3560717
25213.1573484
24991.6665144
25093.1714227
25161.5326932
25285.5429486
25427.4781249
25498.2657292
25630.2680542
25712.3282529
25808.8758823
25885.4015106
25989.164283
26388.6865024
26496.4608897
26316.407898
26404.7157935
26773.8014319
26641.8487174
26715.6973888
27115.9044248
26901.7098141
27284.1913009
27106.6573994
27502.4875339
27614.8567171
27723.1728157
27785.4020325
27593.0263325
27686.5735599
27790.9559205
28179.1735292
27966.9664699
28383.9675466
28176.6096576
28304.2400973
28381.7918752
28779.8447324
28610.4650586
28701.0274484
29112.796154
28900.952374
29296.1639874
29103.0046434
29508.6801005
29575.9367078
29422.6651547
29520.7294033
29624.9714928
30009.751446
30098.2258951
29898.0675309
30020.0005149
30124.7481638
30452.9648205
30284.6697015
30695.3099462
30493.7965017
30612.7678201
30694.9151589
30781.1148006
31198.0044917
31024.0999839
31398.8550174
31493.4550606
31326.8978547
31746.8654652
31786.4928544
31629.838901
31704.9618176
32088.7166177
32172.6941869
31988.0005844
32418.4447
32485.676289
32300.4178095
32399.001731
32504.7861911
32885.3544177
32683.1568279
32778.625897
32882.4630133
32995.6161514
33109.8369167
33210.0611776
33599.7846619
33387.7500798
33492.5163891
33598.2137548
34013.7247112
34088.8198012
33921.5018954
34020.4295611
34114.4647841
34487.6229455
34571.961772
34401.3877799
34797.681784
34919.3217273
35009.9272188
34824.1458536
35176.3517232
35027.0939485
35396.5235217
35485.2740684
35576.6467534
35375.9983668
35799.1476273
35578.6585741
35681.1679707
36088.4520719
36187.6660983
36280.8618681
36101.2580914
36486.7421769
36294.479727
36698.5793851
36508.7439897
36601.122916
36716.1071385
36786.7153529
37200.6983361
37067.0815499
37395.9518974
37474.4928905
37649.5898279
37423.6442661
37803.7412856
37600.1842049
37703.4720727
37781.9021627
38205.6901006
38003.7697176
38087.6598107
38180.4381404
38297.0347936
38720.2750081
38495.3003616
38607.9385051
39027.6110462
39100.0299184
38902.4468211
38967.8807488
39111.2339185
39507.3843579
39601.8370624
39402.8182558
39802.9771069
39586.3589528
39976.3664054
40092.1043073
39907.0781742
40289.9355334
40117.2145891
40209.3771899
40307.127738
40707.2217873
40502.8395851
40617.3663462
40700.1014781
41078.8780875
40895.6369235
40997.9031992
41433.3463284
41196.0328144
41601.00962
41373.2486327
41810.6899705
41874.6953488
41705.6148317
41791.743692
41903.3672181
42318.6105163
42418.6582263
42202.9439374
42273.6117538
42679.0297573
42807.9272579
42614.3601029
42697.8705301
42809.0370721
42901.5342295
43287.1197026
43123.2288882
43479.7772162
43297.2721581
43417.4538159
43490.4550215
43593.0534435
44033.1878735
43783.2388381
44229.5613969
44005.1296419
44143.0382389
44186.6754461
44611.453495
44650.2267431
44806.5360883
44595.2342302
44691.5800044
44768.7022709
44898.2182551
45308.9408181
45405.8042998
45219.4491784
45303.077273
45646.8235016
45522.6851814
45588.070506
45711.9807209
46080.7012065
46150.9698277
46013.5527069
46404.6647965
46207.6254563
46295.1896087
46398.5898258
46810.9155741
46591.4718208
47007.0816808
46813.8205184
47174.1975173
47024.645373
47408.5082864
47203.8763897
47302.775934
47386.5402719
47478.6033742
47870.4267027
47683.7735068
47821.0897312
47906.2548884
48305.4238816
48100.8939927
48219.0350433
48647.8846185
48715.8686445
48791.5910655
48596.9102435
48690.1786102
48797.7851946
49172.5433366
48994.3036945
49408.7265747
49463.8824652
49277.6637503
49411.0493216
49510.0803429
49589.741616
50017.233662
49828.4775296
49901.2279048
50004.9417471
50063.5707977
50539.2169486
50317.5053987
50712.2329405
50806.8086544
50589.7826904
50707.6307032
51121.6706376
51198.3940902
51317.2288119
51100.0538997
51505.431182
51301.2569437
51680.4280928
51501.9475315
51639.0055231
51980.5699475
52098.5601125
52197.0390021
51998.8403196
52076.2029
52490.079028
52276.9671296
52437.3030002
52504.3032827
52911.114366
53006.4562053
53094.4883002
52895.8371547
53041.9145375
53082.7277289
53511.6206916
53342.040981
53400.3053605
53494.2853286
53591.8113931
53702.8107206
54098.321413
53884.0809286
54310.060158
54117.5744197
54215.0736198
54270.0023156
54711.6335519
54499.0074121
54579.8266216
54974.013874
54791.1891403
55195.1999191
55003.48517
55121.7119319
55185.0023719
55628.6845368
55725.9626789
55503.8698245
55606.1961056
55724.2715318
55773.0415235
55897.6098554
56285.6184987
56137.1870825
56213.7713453
56299.9782934
56703.246565
56493.274706
56580.5646039
56719.8676353
56821.9992601
56910.4372651
57008.6705736
57439.3137641
57190.3773268
57584.2553645
57392.530212
57491.1224777
57889.1548378
57732.8231895
57798.8478438
57909.7697879
58005.6266229
58412.9407233
58507.0044909
58568.0493392
58401.3680753
58487.9889373
58913.5757313
58962.3802282
59096.3163542
59230.1836113
59290.7735067
59095.8158381
59206.9152074
59296.1643109
59386.8539697
59817.7883866
59593.4246798
59710.8978321
59796.7813586
60212.8755763
60021.3175813
60435.8951778
60147.5144544
60311.6832129
60724.0034559
60504.4006605
60608.0635519
60994.0720835
60805.0110789
61201.7849003
61307.8540909
61423.2922186
61176.3174247
61275.9634482
61679.8431879
61520.9788562
61936.7319336
61685.798362
62062.9950242
61892.8841323
62321.0442587
62395.2589121
62214.440025
62648.7584205
62405.297875
62507.3573581
62898.1551535
62688.7398356
63103.7917033
62913.6000416
62968.7240983
63363.3120456
63486.8655672
63605.2319519
63393.197144
63783.5213316
63635.8027062
63722.9445968
63799.9534883
64192.4987118
64017.2098584
64073.4130382
64198.022144
64293.1365212
64684.1215628
64819.7243038
64634.1003192
65021.2133929
64794.0042465
64904.2309108
65000.2360884
65405.0890542
65216.4514103
65258.6382717
65371.1808036
65511.7205215
65621.2131694
65985.0686027
66063.6622182
65925.3769341
65958.8342104
66392.7405105
66211.3971666
66275.4512631
66420.5452963
66487.3823193
66626.3504136
67002.7969457
66761.9227803
67204.0808716
67298.3647585
67066.1863723
67185.8043217
67334.6957018
67422.1660279
67807.7001759
67900.7014612
67970.4274343
67811.2629904
67935.6748991
68305.3883234
68092.1467309
68189.3861558
68320.0358278
68393.578092
68497.0179164
68599.6479317
68986.1719297
68796.8883718
69207.6191764
68997.3947863
69069.4233283
69191.9118827
69616.9104031
69404.0873786
69816.8714475
69602.4772329
69977.8075995
69792.7029665
69921.3151034
69980.8557464
70409.3577737
70499.2067057
70583.5811187
70417.054832
70496.5527719
70902.4486728
70716.7535905
70789.2009983
70929.200513
71300.0417218
71123.1436202
71486.656294
71586.3850314
71419.7823171
71469.2594362
71604.2216033
71703.9216938
72070.646329
71931.8009373
72010.9668762
72108.3902723
72484.7097412
72320.1212571
72734.8066875
72792.3788757
72582.9263624
72692.7853451
72809.5845541
72888.1683343
73013.0834115
73090.6994223
73498.0833832
73300.9622702
73391.1673858
73502.0130274
73596.6101236
73728.5591498
73813.2290938
73906.2498072
74004.6469164
74105.982257
74466.7422351
74300.781166
74406.0293637
74505.4181646
74620.8594238
74993.1428016
74793.7342811
74888.9853512
75010.0880279
75091.5515747
75474.7736811
75281.5443594
75421.1436807
75484.0893673
75903.3274133
75732.3535655
76082.3503181
75913.6304854
75990.8311699
76388.47482
76478.1206784
76294.2979873
76386.6125122
76814.7773384
76894.0358431
76699.8290697
76821.3278698
77183.1045103
77005.0276267
77366.2605178
77506.6477366
77280.1605678
77695.3434246
77521.595136
77929.2912563
78005.671196
77764.3317822
77907.9078841
78042.0079681
78428.352524
78517.4750822
78598.7149945
78687.1477361
78512.9327595
78612.7130325
78978.2119211
78805.0674306
78879.0968787
79304.06242
79077.7044056
79514.2133514
79601.4382904
79412.9056492
79507.3436264
79605.6512184
79962.1295005
79763.3354463
80196.403033
80285.4425204
80074.710392
80511.1006895
80264.3415167
80381.8878594
80819.4595951
80906.3829314
80711.6145229
80783.8774904
80935.6379222
81013.5428233
81369.2253445
81184.2576742
81569.7159273
81401.3891986
81818.3453016
81889.1520394
82021.8604716
81810.8305611
81890.8909061
82275.778849
82098.1817838
82499.4214189
82338.7520411
82392.3558179
82482.547305
82596.4713349
82698.557205
83115.0940618
82912.1015914
83298.6579827
83390.7433695
83513.5411653
83308.7642486
83645.0894276
83833.0827568
83893.1717305
83708.288772
83778.6823753
83893.4062718
83995.0531185
84113.5248168
84195.4984273
84301.7762233
84405.3567054
84507.6261728
84564.0855241
84736.4677079
85075.3612029
85212.3785302
85010.5041268
85110.8918232
85200.5218827
85280.6622544
85458.0439077
85510.2999234
85914.0431524
85729.4336684
86086.2505778
85902.4869905
85996.2252944
86418.8368984
86185.5195406
86286.1281097
86719.5760139
86491.1155854
86600.7380924
86970.0592907
87096.3404368
87224.1570588
86990.9880946
87089.3100205
87215.6570469
87302.2785081
87415.5264336
87806.736117
87879.9799221
87684.0003578
87792.3594944
87885.2453465
88289.0884449
88385.9865593
88208.9250875
88264.6636715
88724.5635211
88500.5662597
88619.3945542
88707.7194412
88772.9572069
89199.4441133
89292.3770078
89417.9804934
89490.9368362
89597.0654905
89409.9488086
89785.7330579
89608.0016382
89964.7295634
90097.0239292
89893.6822736
90041.7227726
90406.416334
90199.0007621
90625.3717595
90438.8439183
90469.4516734
90902.966362
90684.4266024
91095.3719255
90897.3851588
91309.2681574
91389.3703365
91511.4196879
91295.6344608
91421.872432
91807.2633455
91584.1555092
91700.6948728
92127.2206163
92194.4473121
92002.1386273
92097.83269
92203.9556454
92610.4499255
92405.0871054
92523.1067
92919.4714551
92981.7313661
92822.9272814
92890.6059871
93006.162315
93391.9175428
93528.0280755
93315.5276553
93400.6236642
93508.4345498
93900.8531065
93990.1029619
93803.448184
93874.3111573
94008.2068107
94088.5788424
94222.0843235
94585.5025381
94374.4224911
94515.4603482
94580.9492174
94988.9896291
94804.5231293
94900.6438923
95010.4917867
95411.4345973
95169.2678766
95280.0200414
95673.7730023
95533.3994548
95632.9311046
95727.2711823
96102.0604247
95858.6278436
96322.3739709
96130.684847
96191.6442902
96324.0562475
96406.2479114
96814.3205074
96614.4074258
96693.4188999
96789.8860936
96912.3619262
97010.2478004
97112.4921049
97510.4279159
97304.853729
97366.9090218
97483.5799141
97936.224348
98017.5504405
98093.0060026
98193.7771134
97975.4833072
98114.2297349
98169.5058814
98261.2921858
98418.5302051
98493.1202727
98885.5724684
98721.4326933
99112.8745954
98915.6663402
99004.8060278
99393.8162591
99489.5588025
99307.2058373
99720.9275595
99515.6460461
99574.6221298
99698.5964715
99813.489227
99896.8969264
100319.706963
100411.919367
100462.91114
100308.543389
100401.378852
100797.78898
100609.166657
100972.591064
101112.425245
100904.915899
101294.139129
101119.095673
101175.680099
101290.895901
101678.848678
101477.124343
101911.20273
101703.104538
101827.117112
101906.673555
101977.813288
102431.342564
102181.106447
102320.881304
102421.284406
102501.516922
102602.761232
102740.771064
102807.120216
103177.693142
103028.002787
103410.852112
103180.795767
103282.819139
103731.196347
103805.455573
103603.850134
103714.522443
104066.453734
103879.237882
103995.329138
104404.241846
104183.32201
104297.475964
104746.398096
104489.401917
104594.951418
104703.416444
104780.602755
104910.920358
105020.380412
105086.158757
105484.761167
105596.189424
105410.095096
105479.434889
105605.86875
105990.47502
105793.090129
105929.143639
106026.275091
106389.878606
106195.174235
106309.762913
106678.392494
106815.29836
106597.982768
106989.012807
106758.340882
107209.599592
107321.903685
107405.786821
107476.225821
107619.42283
107417.117669
107770.196256
107577.275655
107982.258073
107815.113357
108215.368468
108009.03162
108083.484669
108174.417673
108555.101301
108655.34189
108495.734912
108892.07597
108687.989538
109068.879072
108909.420768
109294.452353
109114.044639
109188.998211
109282.481975
109398.00271
109791.113217
109910.554278
109989.042334
109804.904142
110180.048459
110050.765679
110084.068449
110179.538425
110581.202983
110394.011227
110798.359446
110604.133011
110998.295358
110793.917464
110907.429191
111001.699368
111390.901771
111482.044458
111563.097047
111393.386365
111805.88616
111623.742633
111710.202535
111792.152502
111912.959811
112331.93691
112114.428186
112186.693976
112603.822452
112697.449346
112462.016256
112880.203101
112706.955673
113090.03095
112939.371333
113270.765234
113097.714047
113515.672667
113612.600595
113698.503474
113499.371119
113898.196163
113686.829239
113780.011353
113906.121217
114333.290922
114392.564055
114168.200184
114568.804685
114720.99783
114514.456339
114602.244427
114718.240871
114776.905887
115207.79958
115005.24932
115429.958518
115195.374786
115605.921075
115383.975218
115862.203078
115600.334743
115703.108558
116093.6175
116192.245572
116029.456463
116396.760154
116494.093181
116333.631262
116383.436305
116780.103343
116602.909339
116959.708499
117113.148551
117190.501008
117315.581448
117351.831924
117226.576193
117626.169699
117689.557285
117808.632686
117885.065799
117685.85324
117805.151453
117939.125648
118292.793872
118109.187695
118242.318248
118294.975581
118387.646796
118519.501764
118625.3701
118678.448773
118794.653882
118887.874838
119336.483075
119059.437505
119194.2443
119327.315811
119709.50627
119493.726127
119606.842867
119684.949177
119817.377503
120218.465426
120009.935145
120084.057022
120218.286257
120327.574086
120418.740984
120784.653899
120621.312196
121000.812205
121058.112227
120922.351206
121003.00404
121137.038419
121510.798932
121295.975472
121384.096345
121506.403428
121872.12624
121970.533267
122088.398833
121883.509245
121995.937678
122113.062605
122556.106156
122600.71709
122405.86142
122499.449774
122908.683091
122722.662678
122798.260477
122866.42096
122988.721547
123086.041545
123510.250318
123301.245799
123429.518592
123512.096667
123631.810477
123983.573865
123801.173748
123886.064434
124006.177534
124094.112664
124205.210269
124286.950709
124424.988274
124802.50512
124579.023163
124669.057971
125107.367656
125228.154996
124973.681041
125379.258729
125506.784578
125607.232734
125382.16891
125487.357861
125906.542276
125715.397783
126068.523193
125930.391644
126030.530531
126092.995158
126205.553588
126291.556124
126704.664287
126511.08899
126909.687557
126686.261393
126808.808943
127194.246768
127002.091499
127104.831329
127206.718245
127301.064786
127707.309607
127480.318791
127626.793425
127682.901342
128091.881847
127922.432644
127988.606795
128088.444445
128502.191833
128276.384872
128678.425883
128498.602871
128645.160667
129019.541585
128752.185608
129204.617412
128990.762114
129450.74228
129477.722477
129632.358355
129702.825692
129815.663579
129866.948073
129712.75945
129799.353447
129891.641284
129988.314423
130131.574757
130508.563233
130633.591095
130419.708754
130518.145113
130626.380761
130985.701029
131093.259227
131219.066543
130991.796937
131100.686116
131216.183385
131620.942364
131427.4683
131796.064673
131918.188924
132005.243657
132132.894041
131914.323136
132313.04488
132401.608856
132523.605771
132577.496793
132714.743589
132490.841051
132592.56343
132680.361802
132774.24668
133193.615027
133293.961268
133128.674117
133516.49555
133298.171156
133395.52321
133508.422924
133903.193699
133961.216058
133783.755338
133912.185253
134305.645442
134101.859416
134225.752391
134300.181627
134699.948843
134485.299009
134587.930962
134684.43027
135129.630251
135208.456969
134986.774298
135128.933683
135208.972256
135304.074978
135399.196249
135801.419994
135861.883147
135980.073847
136092.536474
135871.487426
135998.720531
136395.833583
136217.146498
136653.099736
136420.871718
136762.050644
136605.763026
137012.642301
137096.849854
136906.478433
136983.963367
137394.65861
137199.562086
137582.034205
137706.065269
137504.372523
137600.603096
137993.647062
137802.277547
137930.067279
137989.104561
138105.829811
138175.580643
138299.881581
138707.694439
138790.430139
138628.43169
139000.281431
138794.108981
138883.375851
139298.557564
139069.720901
139509.144786
139272.659686
139705.056134
139524.370464
139912.652598
139996.555554
140094.592656
139904.536474
140303.639649
140111.853985
140208.499671
140250.898767
140410.088223
140493.637659
140614.44923
140722.419945
140815.054767
140920.537082
141290.946606
141394.305132
141525.723898
141563.463883
141364.331455
141767.729331
141908.939507
141696.743577
141783.185755
141905.497008
142339.044652
142109.157161
142477.333454
142629.708841
142417.634716
142524.676246
142612.753503
142973.209255
143092.335658
142890.977103
143276.858168
143400.556714
143206.600587
143589.579575
143734.006449
143518.214483
143632.196779
143678.596604
143788.421028
144208.216364
144337.486077
144380.387039
144169.885443
144593.070589
144735.519426
144507.701114
144909.5931
144975.858082
144828.764747
145218.648515
144998.756145
145386.276344
145228.899231
145613.179089
145391.486514
145830.00699
145571.853026
145702.294673
145790.85977
146194.56225
146014.652209
146076.664247
146476.258311
146292.659292
146423.23179
146524.50891
146600.608708
146707.959154
146826.714778
147206.787678
146966.131961
147402.026739
147212.907294
147592.919287
147368.150825
147819.790954
147928.565353
148006.590038
147804.681472
148188.764555
147989.767561
148393.442738
148199.470832
148568.264334
148721.528924
148476.917819
148585.840666
148729.410079
149126.483256
148878.328949
149026.872786
149087.75215
149195.603794
149599.290519
149409.694124
149505.906347
149586.406224
149691.192302
150079.36743
149908.968824
150273.251335
150119.623507
150177.44111
150287.266662
150397.427674
150542.468355
150904.933367
