1000.71791873
1082.11732011
895.624047449
1303.45929813
1114.2930874
1196.50037527
1288.25667423
1414.69772727
1489.55400001
1623.34668779
1725.30121449
1798.50228917
2214.18781733
2000.66498712
2085.97250953
2488.1480792
2293.14575769
2416.23562193
2806.05745656
2905.53761373
2705.00797435
2791.25848617
2888.56998522
3300.51011016
3082.44145247
3227.42135516
3604.13907445
3426.28390521
3488.57399391
3603.02076227
3691.8782011
4114.37936283
3944.97331218
4284.92581686
4108.65970835
4193.17009737
4601.1639237
4699.7011898
4481.60790933
4900.32393028
4994.91739685
4787.2802714
4876.15776552
5278.80482195
5079.75025089
5517.67294432
5597.81865392
5390.93753572
5500.2713093
5930.6415161
5684.44962055
6114.69823754
5897.814427
6283.05688076
6091.41650444
6176.09744102
6608.63127579
6401.78443545
6786.2546626
6624.8728382
6693.99452914
7077.28920134
6880.59223275
7007.53689539
7115.15457931
7196.14744393
7597.81867934
7423.54048242
7468.74913244
7918.96300144
8000.44857897
8109.9782202
8201.95567372
7999.12072915
8107.44510546
8184.89301243
8338.79421482
8379.01454761
8846.87089523
8912.56850645
8685.22616429
8804.17740178
9222.53170083
9321.37886397
9101.08043547
9196.88521133
9596.23513703
9420.84834612
9512.06913134
9880.84620526
9690.27871178
10102.9281235
9896.4074212
9997.85864198
10342.4250071
10540.3975664
10620.4684194
10410.9029094
10780.5804709
10603.6378002
11008.970071
11125.2091966
11207.8188648
11005.5535241
11101.6692753
11198.8294223
11312.9557287
11399.9001877
11790.0268931
11891.8016946
12046.868174
11800.6659885
11906.8872708
12032.585055
12417.298697
12502.9003279
12621.3796134
12693.265866
12820.7428308
12898.6788466
12682.4794974
12785.3417476
12904.935485
12958.9556582
13410.7127089
13524.0266126
13294.4986191
13705.0430113
13759.1637814
13600.8397122
13705.7784538
14070.4641593
13863.3060514
14301.6484067
14087.435655
14487.4892926
14290.3952247
14377.8784073
14525.6676487
14609.0532974
14699.9784102
14791.9938123
14924.6771977
15029.7246644
15122.0209644
15191.9751415
15305.6790382
15709.0798348
15799.5660053
15902.5849552
15993.8567054
16118.3398156
16222.8728482
15995.2596787
16392.2425799
16476.6922795
16319.2287997
16393.5869098
16826.2352601
16894.0781457
16689.4620772
17111.7398466
16902.8068305
17007.1006012
17093.0881994
17201.8541911
17279.974746
17373.0503542
17459.7735811
17929.4047925
17730.8535114
17785.9586432
17881.7899727
18313.3522622
18101.0718738
18214.0354751
18326.0418042
18408.664705
18812.8658603
18920.1292234
18704.4969802
18817.522899
18901.8607758
19276.0294903
19103.0909135
19234.1059265
19272.2459959
19383.4624184
19778.3270379
19578.6468769
19729.9720208
19783.4838373
20235.8021421
20293.7583492
20087.5353457
20236.5123195
20318.8237264
20667.2199076
20488.0224775
20892.7974357
20692.2108214
20785.8755698
20920.4474221
20989.5994844
21092.1936054
21522.9217107
21312.9620099
21434.5197372
21524.5729753
21596.9628451
21999.3223222
21785.7467511
21889.7414291
22000.5138996
22378.0890937
22182.9334609
22287.8290059
22404.3905645
22533.4968856
22620.6543639
22984.5551235
22790.2982949
22908.3376044
22981.2033931
23107.9588781
23198.2150943
23604.0244883
23389.6672991
23507.248204
23586.9468144
23690.5083217
24115.8381973
23890.0969617
24306.4686349
24405.2134252
24207.5235091
24571.4386285
24415.424868
24509.4532002
24593.2395204
24991.9834013
25110.8881584
25187.7389674
24986.1582297
25349.6456759
25204.153582
25644.4658781
25407.7626183
25504.3178851
25883.2832775
25727.5461672
26105.5775878
25912.4117933
26011.8663497
26065.3934319
26184.0703708
26287.5147511
26412.6584468
26803.2715516
26889.0207941
26713.4734694
26773.6396729
27206.5189676
26976.2207771
27106.5339251
27242.7078808
27301.4424598
27716.5273463
27845.5174182
27594.9089686
27673.8787546
27790.9824524
27924.3296153
28017.1265928
28421.3801856
28215.6137475
28614.0812361
28418.7705719
28824.0647934
28614.4552908
28979.7378859
29074.9557359
29189.1212855
29014.231347
29382.847902
29518.7735012
29279.9701016
29697.9563259
29494.1875526
29912.5908685
29697.0941947
30106.1264836
30174.292392
30005.2422602
30426.4208413
30520.4865369
30292.1906878
30699.1210567
30829.6423455
30900.7521152
30693.1270806
31106.8314823
30903.4226313
30992.161235
31370.5469352
31515.2085905
31322.7768145
31406.0700128
31520.1961785
31615.482
31706.2107919
32097.9999994
31905.4195497
32332.1982894
32384.8405769
32206.871291
32587.933312
32741.7697434
32505.3687501
32880.0257915
32690.8518593
33094.2851738
32917.8413206
32980.5522798
33381.9595841
33188.8101191
33595.0690104
33703.5047003
33792.6584577
33603.0086559
33723.4525198
33797.3900478
34168.5777931
34285.705768
34093.6638127
34220.9519732
34595.4780901
34689.5025141
34493.6024923
34598.158249
34689.318036
35100.9742292
34911.6484041
35300.466385
35388.7609045
35197.875295
35575.4443128
35705.9210992
35787.4316514
35637.9411539
35993.6992331
36086.6318803
36186.4437556
35988.716046
36394.2050358
36526.6005995
36300.6578667
36402.5546447
36523.7225272
36629.7584569
37025.0052718
36800.8868502
37204.3248261
37276.4922373
37107.3269788
37195.2665849
37312.1313208
37384.6532311
37485.17833
37579.891011
37709.0192134
37787.1583609
37896.5301865
38012.1968304
38381.5393414
38494.4313421
38334.52971
38686.3001944
38773.6999701
38612.4118365
38716.6774825
38786.5837362
38872.4521367
38996.0457055
39118.9701095
39498.0642966
39312.1394318
39686.0214982
39509.0578595
39952.3368475
39733.3100151
39836.682358
40167.9747573
40007.4183463
40390.1227018
40173.8265137
40309.1889917
40392.9129171
40800.747652
40606.4762533
40684.850861
40791.9346082
40870.3202229
40969.5933242
41435.8490472
41201.7835278
41319.4104763
41717.6949629
41516.1982119
41917.3974411
41983.2806838
41803.2649988
42190.3210772
42010.4607123
42413.7492007
42186.9726889
42333.1820349
42392.8433601
42520.3178328
42886.4844701
42675.4271329
43131.1380365
42915.3416873
43294.6508316
43441.0129305
43488.0565641
43314.9731264
43709.2264102
43471.9120981
43585.7992892
43708.8222981
43832.2591673
43889.8166936
43996.7225757
44117.7100254
44493.9562126
44606.3056585
44406.6587118
44504.4632405
44887.3813157
44698.2179329
45134.5063447
44944.2826206
45301.4040265
45407.8297391
45488.3714579
45588.7379889
45422.7141335
45790.1873788
45855.2902708
45708.9103809
46070.7136828
45892.7754334
45986.2359092
46384.2955275
46198.4619533
46324.4578693
46380.3912824
46501.8347219
46616.5949919
46702.3910612
46772.8161031
46892.2897094
47291.9461515
47100.0722387
47184.7108354
47636.3883695
47707.1586354
47500.3832069
47627.8526612
47986.7032792
48070.9735528
48211.6801845
48289.538772
48422.7187863
48214.8827213
48279.0948676
48455.6641857
48500.7265625
48592.4293546
48689.5679464
49107.5304112
48904.0279018
49023.0328837
49372.8112845
49516.6539153
49288.9034387
49420.8321046
49811.0680961
49870.3537182
49704.0971963
50091.7944133
50188.4837743
49973.7171218
50401.2756534
50478.0824606
50270.2734388
50377.9750129
50537.8544042
50597.3282622
50696.4393819
51113.8396556
51190.0109481
51289.4126956
51088.5170794
51510.5023254
51633.9989772
51717.2238218
51491.7847245
51905.2568981
51682.13362
51842.3066018
51892.5238689
52019.815406
52400.3859381
52197.3414767
52308.4890975
52712.92395
52501.1532156
52883.6880963
52699.8091507
52797.2466027
53199.1298852
53272.6219336
53142.9563994
53493.5912706
53569.1847328
53696.9120512
53513.1044974
53916.8269811
53709.4794806
54074.3866867
54239.7406715
53998.3476936
54383.3040409
54194.5692002
54287.2605945
54405.501416
54502.5635704
54624.3516
54974.1218979
54793.4594043
55192.7803257
55009.1600641
55399.8723738
55523.2339031
55320.8070103
55407.867117
55489.3645556
55910.0616787
55716.1774384
56086.4744697
55916.1585249
56035.9569539
56087.9435734
56192.9032982
56593.5863976
56408.7035047
56506.4286384
56579.6808125
56703.6160114
56792.2689109
56872.4763997
57289.0490732
57427.1191164
57508.3507819
57313.0059338
57405.6764291
57827.5985919
57892.809144
58009.0776637
57808.9563458
58190.492888
57963.0285125
58110.9930839
58192.1901533
58303.7513926
58385.3650799
58506.6933906
58644.7589523
59013.1356248
58813.4153115
58934.250152
58983.8756706
59083.4658922
59182.3824034
59301.338475
59392.9351557
59792.6917861
59916.7459038
59696.7038168
60087.8002235
59918.8980285
59979.5344831
60097.4007044
60201.9411457
60294.4010482
60696.0329731
60778.9457375
60600.9997222
60676.1888236
61086.5484274
60891.2666581
60989.3755251
61386.7602961
61496.4055518
61602.3545377
61388.7604543
61504.0151255
61555.4181944
61677.7317065
61797.1476685
61918.2741257
62311.7078046
62092.7161157
62236.567953
62578.0552376
62399.0275248
62490.0836332
62594.3331805
63002.6253893
62807.917456
63224.4419852
63309.4819599
63088.7847276
63496.1314937
63619.9078234
63646.7888481
63820.3292106
63854.5892579
64023.3705954
64092.6849238
63887.0766321
64041.7616484
64389.2477752
64492.0765358
64563.8441725
64392.5789763
64472.379478
64911.6698265
64686.321035
64796.6552876
65236.5066823
64989.7634083
65130.4187813
65206.9777591
65613.5182617
65375.6788551
65516.6433222
65573.6690702
65697.1603288
65779.5061765
66216.8620554
65994.3689375
66099.4826997
66178.9056172
66598.8395244
66395.8001119
66474.4825709
66580.2244362
66987.4567818
66805.2567372
66882.0406808
66990.391114
67417.3096743
67508.4293151
67573.8465181
67704.2887146
67805.9251179
67913.2943154
67961.8283017
67805.1127169
68187.5157292
68013.2108807
68392.1266534
68210.1995534
68326.1717761
68694.6228589
68763.7888683
68593.5039578
69015.4968505
69110.6022697
69226.8620994
69278.8961068
69414.7657787
69204.9798556
69584.9549116
69406.0392887
69480.2061956
69890.2670344
69743.4739121
69804.0280749
70192.6119194
70032.1117772
70065.7151022
70184.1014574
70301.0370117
70705.4247833
70802.9919866
70914.501153
71016.8344568
70786.0384602
70880.8539596
71319.7420316
71403.8362601
71191.2110879
71301.1919923
71685.8767238
71502.4350209
71638.6160577
71723.9695899
71802.6180369
71887.6419905
72001.8636581
72399.0735295
72466.7096633
72584.9304859
72391.3334437
72782.1783759
72603.1402886
72661.6520528
72779.9808431
72895.1970012
73317.0450471
73125.7379875
73174.5594065
73274.0645317
73699.3137596
73509.9237079
73889.5215472
73686.9123138
74071.0063664
73866.1086158
73997.9103169
74399.5556227
74494.0017498
74616.1655881
74423.533162
74493.5017997
74896.2184319
74999.2635254
74792.4022922
75214.7144532
75022.5996672
75371.2231316
75504.5102644
75278.2400896
75705.6429294
75829.7846852
75601.8425279
75696.7588557
76138.5746235
75914.5125106
76282.5407868
76424.9290032
76496.0139985
76295.7338296
76374.7088178
76795.1306031
76609.9098717
76999.5443037
77093.4253784
76875.4864473
77299.8330799
77113.0468411
77208.3079538
77284.0533208
77411.7315228
77514.4047998
77578.996081
77979.8407403
77841.5895026
78217.1683219
78046.3208553
78392.8843814
78511.0940504
78590.9987256
78681.9443032
78825.6403393
78607.852054
78684.2274829
78797.5964174
79186.6823811
78996.2271492
79413.7483442
79487.5807534
79302.6904261
79703.9262348
79773.775319
79626.8194577
79724.4391511
79815.9421944
79876.9779736
80006.0370568
80142.3173394
80518.3378308
80325.9829903
80703.811605
80822.4470037
80884.8643397
81029.595923
80810.185976
80899.3913844
81302.7217192
81381.4674727
81169.6978092
81600.9298918
81391.3840477
81486.692662
81911.2489424
81692.8086299
82077.2840423
81895.5581648
81996.5342296
82382.4153952
82205.2994352
82303.7121968
82411.9544634
82812.1610216
82913.3203484
82678.5715208
82831.0264473
83192.3910328
83010.372113
83089.8491146
83207.358312
83297.6203022
83401.5585025
83495.7083012
83600.6224961
83719.309523
84121.6138142
83918.9024243
84284.8765532
84080.4589671
84492.8597936
84334.1780765
84388.1501806
84498.875554
84606.263423
85003.1057175
84799.020957
84918.2861795
84997.2159383
85114.3511967
85198.8748769
85289.644872
85393.8006264
85814.4009633
85878.9360789
85708.1056165
86111.1168355
86224.6980109
85968.2277278
86412.461296
86516.8335429
86307.2356574
86419.4815895
86798.506351
86568.4840694
86693.3519135
86793.0846491
86894.7150346
86999.9036342
87413.7554132
87488.0123002
87295.2747683
87433.2689425
87800.2696012
87906.8734914
87712.2095209
87800.0566769
87924.6017503
87988.2023522
88075.6739554
88179.3858918
88573.0976404
88657.5794809
88495.5426223
88613.5793906
88692.8055873
88794.1850809
88917.8368924
89312.3550038
89097.4518271
89515.653158
89594.2292443
89396.2960103
89499.847743
89913.4355359
89971.5332737
89799.346885
90218.0009172
89991.6092611
90429.8792781
90214.7248412
90576.7363866
90425.141178
90799.9479642
90909.2651457
91006.4078402
90797.3988313
90936.8552178
91291.5553587
91097.0366276
91201.5363611
91312.3212423
91388.436837
91516.3883163
91922.3457404
91711.9139603
92100.4013397
91931.7598358
92310.1741217
92067.6648095
92502.6594567
92316.7069461
92386.4096467
92794.3690483
92875.0443335
92984.4251575
92807.2682477
93157.3090943
93337.9014739
93415.7647832
93174.9400099
93600.5584642
93419.1634793
93514.3724964
93599.9386964
93695.9882939
93791.9890182
94210.3757221
94014.8593513
94100.99927
94196.1168674
94601.9347094
94430.2328092
94499.1970154
94610.4067392
94711.482844
94812.1491378
95178.1337047
94985.9518243
95406.5523091
95202.721038
95300.2786834
95385.1968388
95523.8899295
95595.5291457
95720.9584219
96075.9419686
95922.9616611
96297.9108938
96408.1893739
96210.2724662
96302.1363747
96682.5008398
96501.0159402
96946.1198063
96698.0759521
96829.2453529
96877.3511983
96985.167197
97067.1651979
97200.9256691
97288.9172712
97714.6137515
97487.7359112
97933.850476
97998.5659503
97797.0402047
98176.1136632
98011.3017032
98108.7947551
98550.8344118
98615.4542272
98373.2774253
98527.2170124
98606.3117787
99013.1971317
98813.462099
99228.3263857
99284.904409
99102.146421
99518.2702203
99629.3710954
99663.0947131
99498.7308668
99869.5464102
100025.442625
100123.883287
99890.3172579
100005.962658
100119.439755
100499.213585
100310.338528
100427.623832
100499.964156
100922.831442
100717.033777
101113.333946
100890.440876
101238.070242
101102.248304
101238.520764
101564.800439
101726.227301
101524.885929
101899.621219
101704.461016
102076.870455
102191.645809
102014.641395
102108.247586
102514.123615
102300.401734
102380.564348
102522.372866
102609.411145
102700.015793
102791.122887
102888.275635
103018.603877
103073.221265
103233.513913
103643.987876
103706.490048
103812.333206
103865.268461
103685.844293
104137.661547
103869.387895
104316.581937
104080.473018
104209.728665
104302.616706
104407.157181
104818.543139
104614.53466
104708.499341
104814.340295
104931.334746
105320.100383
105353.63933
105514.268473
105310.981412
105395.882391
105813.713607
105882.602768
105722.594036
106079.672273
105906.512615
106325.379547
106431.145268
106501.546464
106582.823779
106368.624574
106773.211236
106870.387349
106665.472991
106803.189882
106879.124858
107320.998476
107096.005698
107194.782525
107292.705359
107415.896858
107802.917271
107589.97227
107999.618857
107820.822613
107894.098004
108289.690886
108416.94861
108490.909304
108314.371003
108403.348915
108518.576759
108905.752457
108699.753029
108787.602076
109210.289667
109009.80116
109110.554423
109198.720846
109245.491033
109391.852144
109497.997335
109586.761054
109695.995998
110125.667961
109896.474899
110007.727823
110021.468607
110166.971592
110590.626878
110434.977045
110510.370917
110909.264659
110688.303051
111117.417748
110901.621112
111015.299937
111412.899503
111510.832462
111310.996169
111401.621322
111542.677741
111927.736523
112028.524276
112105.472688
111910.363269
112004.068484
112372.224245
112565.433132
112591.315121
112688.566435
112780.720411
112587.836314
112718.387887
112806.07168
113210.67455
112993.191565
113105.295433
113241.558503
113304.256112
113396.058867
113510.775887
113586.555644
113711.279922
114092.242635
113918.627999
114002.406664
114108.507861
114498.270952
114599.261262
114367.082631
114808.086265
114599.914743
115010.934063
115080.863354
115222.060797
114954.441736
115116.177705
115499.280326
115318.570785
115445.298481
115495.755374
115624.57227
115715.353978
116075.5005
115896.233329
116312.839762
116365.203707
116201.650887
116614.929516
116420.018769
116513.286979
116602.759069
116691.815728
117068.135386
116923.209099
116994.193004
117115.177623
117193.323905
117631.242188
117717.556866
117498.621076
117575.462109
117692.799698
118107.095904
117885.877361
117992.666448
118381.643379
118186.25062
118301.408511
118362.514823
118783.478093
118589.33311
118985.697612
118789.576638
119194.80864
118989.453804
119389.479797
119198.969294
119575.650015
119372.921976
119501.965465
119607.84918
119689.825271
120150.188853
120215.606267
120012.266077
120076.789667
120201.023644
120310.275852
120659.726362
120498.130805
120897.278142
120714.828845
121093.735482
121193.021686
121289.428468
121128.197
121466.54413
121285.648616
121717.278466
121815.450489
121910.963742
121683.326981
121799.315255
122168.304944
122294.012358
122099.125972
122211.726245
122325.228938
122415.522751
122509.607991
122598.99404
122723.337393
123093.576162
122917.804697
123302.387221
123113.771831
123509.781906
123574.584811
123400.908197
123794.441674
123596.453429
123691.194649
123794.161053
124197.293274
124274.429471
124115.762756
124492.252757
124340.421819
124717.297354
124807.545367
124601.9505
124714.078681
124794.89911
124908.76454
125308.873509
125407.518395
125188.310942
125303.917211
125440.177648
125501.108938
125612.130287
125713.432735
126094.299345
126210.483602
126011.300034
126117.567813
126492.63537
126297.57606
126678.376652
126504.171547
126860.749457
126679.321382
127120.323116
127188.776835
126981.890111
127091.22478
127518.77859
127297.025324
127389.071384
127499.892774
127600.160536
127975.496024
128085.675544
127892.392057
128001.954506
128391.630881
128506.379536
128279.26712
128691.171763
128812.261166
128602.012835
128667.825425
128790.870663
128860.909174
129016.580599
129366.146225
129185.951277
129287.546766
129399.628853
129493.168161
129909.829625
129699.285111
130091.156754
129895.373056
130023.117937
130119.362808
130187.207327
130593.74579
130413.547717
130495.932486
130884.946999
130735.326729
130805.061086
130917.759352
131308.133158
131371.767678
131195.469926
131314.676875
131396.762905
131494.730517
131606.85447
131688.37785
131782.960409
131919.751774
131978.972194
132121.472521
132196.291182
132600.066567
132680.515352
132823.645305
132910.267821
132720.73271
133152.48002
133189.05339
133005.891192
133089.24495
133514.965083
133330.145044
133388.327479
133812.1026
133625.901199
134030.319239
134103.864891
134260.134617
134015.80512
134105.171322
134218.59591
134282.623072
134391.365008
134798.271301
134609.736327
134735.217394
135077.284413
134886.891701
134960.402099
135380.251397
135202.922591
135592.307323
135406.280678
135781.388592
135606.668187
135716.318503
136067.429867
135903.61324
136019.445992
136398.609667
136495.923229
136280.952545
136705.337084
136799.721683
136568.55628
137009.18652
137103.637133
137243.126594
137038.320986
137100.860116
137232.179929
137585.229121
137406.527631
137508.026001
137594.062555
137699.056369
138102.807906
138149.763906
138297.146145
138384.113691
138170.433571
138603.281453
138395.269973
138482.045578
138616.06268
138694.575606
138778.46873
139237.17403
139009.299251
139119.233405
139212.198467
139608.234448
139663.51949
139773.426476
139906.083964
139715.981421
140119.15142
140172.578029
140330.183782
140360.209552
140178.403021
140589.628524
140430.011653
140850.38985
140885.71934
140991.236482
141126.469517
140917.471083
140996.018244
141097.964569
141174.563388
141551.790377
141724.80774
141516.033524
141627.56404
141739.868511
141809.602798
142261.404901
142031.104368
142408.856644
142199.669195
142607.254043
142400.774547
142784.525707
142604.713805
142688.34961
142797.382731
143193.086614
143301.528222
143383.985553
143184.017973
143266.539643
143408.605946
143815.14374
143607.668818
144028.505203
144137.95985
143899.465588
144058.652581
144385.441013
144493.818614
144600.822403
144710.753404
144519.740509
144618.621602
145019.010613
145079.446299
144886.490267
145274.4856
145114.653665
145479.841422
145287.545128
145398.749194
145791.085445
145861.754656
145984.826531
145796.239325
145892.03037
146300.070673
146409.357953
146206.979096
146585.411804
146392.380381
146787.940853
146626.236669
146716.719554
146816.539487
147171.228266
147305.08328
147387.882447
147212.322601
147294.390595
147404.957662
147491.639407
147608.222932
147685.924808
147800.091357
148183.464338
148008.047356
148401.916789
148178.281281
148318.42703
148692.331998
148517.666367
148608.698484
148705.320113
148805.205818
148914.064024
148993.081201
149136.320104
149210.997536
149291.377166
149435.877029
149513.018094
149602.125882
149731.682184
149802.444578
149935.834661
150292.146974
150073.228618
150196.184979
150621.040064
150705.152799
150483.421572
150583.416831
150680.814132
150782.930546
151194.647738
150991.342166
151424.999579
151484.173366
151600.40892
151709.942763
151778.902846
151587.106309
152002.204057
152127.798413
151886.797566
152306.119971
152094.482371
152201.13979
152292.07803
152713.896076
152482.818989
152917.998257
152713.980691
152794.977055
152897.979399
153038.26511
153375.569781
153201.812544
153300.812825
153666.246047
153509.995167
153884.081054
153732.657912
154132.003016
153904.689736
154287.880935
154397.812569
154171.008237
154590.360975
154750.027104
154503.23331
154601.552387
154691.359866
154801.325419
155224.504886
155007.452945
155421.761356
155190.791807
155300.068978
155401.682274
155794.667879
155937.57473
155702.893726
155804.562626
155912.521842
155987.292408
156073.161068
156201.871757
156280.050503
156668.448956
156496.592961
156895.055775
157004.854359
156809.103025
157209.749404
157002.467578
157090.822526
157197.859786
157643.537562
157718.87857
157465.309455
157932.962945
157692.484082
158084.78657
157922.452202
157981.369853
158378.397601
158201.814266
158283.297516
158413.27429
158504.521547
158900.03944
159014.503197
158820.877274
158912.805761
159005.569222
159105.432958
159233.126893
159604.037628
159374.614123
159493.780243
159620.780447
159690.074136
159797.290348
159915.24357
160284.265578
160093.613486
160460.807954
160603.947559
160739.865473
160838.099893
160886.57465
160994.540148
160828.11782
160895.661079
161300.117609
161400.219258
161479.707069
161326.387591
161408.335778
161538.034759
161605.998841
161710.883022
161801.062974
162184.227367
162005.130382
162395.088387
162473.764546
162297.295548
162681.808869
162796.296288
162588.465117
162729.860699
162821.07213
162862.107016
163281.248101
163090.640601
163488.814604
163574.80642
163694.893674
163806.961814
163880.39476
163971.514914
163820.137801
164158.095762
164030.108651
164081.593242
164210.813977
164585.250814
164687.063538
164493.807378
164596.319522
164701.335474
164809.633146
164924.434368
165324.091891
165101.040048
165196.091623
165292.000538
165685.44473
165467.005085
165910.963406
166005.122551
166115.917368
165910.081175
165980.669676
166119.292742
166184.066616
166323.647463
166406.319092
166802.49166
166919.928853
166717.34983
166815.053627
166904.475162
166993.862073
167079.662959
167222.430959
167296.10029
167718.659541
167815.918976
167618.151952
167699.48778
167816.991191
167900.849039
168003.583438
168083.739292
168517.729228
168299.730995
168385.480027
168782.416446
168619.150829
168707.27018
169080.703349
168931.645351
169034.135413
169420.983934
169516.235249
169328.410812
169710.447196
169508.175497
169595.385413
169696.481093
170118.842633
169873.065861
170284.827376
170372.450042
170216.381772
170606.285273
170412.593587
170809.380729
170890.621458
170993.756063
171082.036093
171172.44498
170979.87666
171097.177015
171511.070963
171590.635706
171398.466191
171773.22057
171613.7024
171699.6414
171777.737504
172180.298037
172018.131407
172135.429691
172220.788591
172283.490063
172707.814104
172494.989837
172587.282793
172701.492724
173074.5906
172908.263947
173329.230119
173109.407325
173199.375553
173610.364213
173385.933565
173814.816683
173624.840064
174015.528833
173792.784707
173883.927458
174031.423741
174117.402829
174238.313916
174296.312072
174675.526855
174452.483328
174880.091197
174688.521417
175146.275283
175191.371066
175020.951855
175125.128442
175221.244094
175300.589947
175707.341961
175800.305545
175572.488762
175705.903852
176141.472234
175908.727277
176303.441244
176099.736739
176151.687232
176596.840195
176354.327354
176788.907774
176614.177412
177023.287156
177116.41443
176924.578256
177261.094222
177401.357596
177502.382766
177309.368274
177416.875847
177471.348658
177872.616513
177714.981263
178086.714339
178180.321075
177985.918757
178430.590104
178191.376528
178315.648014
178379.596103
178530.214554
178938.090491
178685.623534
179100.508712
178903.493949
179302.02402
179113.165686
179497.378112
179298.768357
179373.816863
179490.176734
179906.967712
179707.365632
179788.629209
179915.154385
179985.41427
180090.643764
180452.444158
180604.994792
180402.646931
180808.805418
180568.028595
180980.545358
180809.784135
181218.830324
181294.246907
181428.310408
181208.691172
181292.189278
181709.401727
181807.743663
181595.37219
181975.737538
182060.664006
181881.972972
182304.891595
182375.93861
182523.853727
182617.32287
182684.135698
182486.987609
182605.252782
182706.1839
182774.372792
183212.146822
182974.951992
183397.959938
183213.131686
183586.674065
183413.493622
183493.821949
183585.616877
183724.984673
183793.793335
183920.949541
184305.324118
184399.953822
184196.709158
184308.331453
184403.828171
184799.568358
184616.125899
184686.035058
184817.230945
184904.592395
185006.015327
185407.17577
185213.598438
185288.245833
185411.550847
185796.49171
185601.297752
185735.666513
185787.369355
185893.845757
186003.107577
186100.294316
186188.072881
186330.554051
186685.871849
186516.628557
186888.974858
186725.44817
186799.171177
187194.759561
187012.501134
187101.422554
187509.614366
187305.328292
187404.583549
187491.215279
187609.411967
187707.829773
187814.717776
187889.443479
187963.048972
188086.770741
188498.73119
188289.495767
188698.323628
188488.091415
188894.082146
188677.447236
189082.363232
188908.769515
189017.637916
189109.445281
189218.034376
189617.289871
189407.983901
189499.692717
189897.024577
190014.217926
189783.70604
189910.277154
190022.162668
190081.230753
190209.505059
190291.638115
190677.139683
190505.966113
190607.544033
191036.844946
190790.012035
190900.913324
191020.593413
191411.523303
191200.139401
191315.830208
191683.182627
191479.523157
191872.565466
191705.039092
192084.252903
192187.916462
192268.888996
192102.991246
192491.576924
192300.122292
192368.881031
192511.880114
192621.692341
193004.740521
193084.124815
192906.091832
193015.313454
193375.113346
193474.91416
193319.179283
193707.525973
193479.992053
193606.40781
193683.793169
193793.704072
193895.898278
194009.475631
194372.348816
194220.314823
194278.064489
194396.702283
194790.792497
194604.164414
194670.337151
194785.492276
194917.448993
194985.787231
195421.560319
195218.233655
195607.121838
195410.24477
195792.84543
195614.727254
196022.841168
196105.04134
195916.294006
196014.037141
196106.598894
196500.71751
196313.621561
196394.743315
196485.45708
196890.932902
197019.204947
196799.322282
196917.941378
197326.427521
197400.876439
197209.736994
197272.267285
197419.55915
197517.647299
197903.855316
197970.010002
197782.977049
197916.340055
198013.62509
198076.494693
198509.910498
198326.934394
198405.814753
198550.78416
198597.966628
199016.99438
199094.816372
198914.934165
198993.056632
199438.840847
199465.297493
199594.075599
199716.927291
199495.415271
199598.229315
199705.683075
200117.630964
199890.766149
200022.241812
200421.952249
200178.389676
200298.973652
200381.666652
200528.01638
200635.653147
200704.364489
200787.955314
201192.522051
200992.996305
201133.915641
201202.507759
201625.191872
201392.684631
201520.940169
201557.519719
201696.404149
201789.733527
202188.616953
201996.028274
202119.17382
202494.914577
202308.238867
202709.644169
202507.298577
202886.511795
203022.241327
202803.431007
203196.072164
203006.279892
203355.572642
203215.882865
203286.110611
203395.136061
203523.789286
203575.313901
203723.312479
203802.249082
203884.53822
204319.251004
204126.56244
204506.870373
204591.230504
204665.189997
204815.130883
204609.631932
204689.769269
204787.3874
205167.503152
204982.010685
205097.403692
205192.004836
205583.665213
205715.625961
205497.200027
205899.471176
205696.229696
205799.107598
206160.548491
206026.710666
206098.906128
206228.098733
206300.073279
206416.353291
206489.117872
206610.506706
206707.747761
207136.610138
207201.432611
207304.011096
207097.831208
207475.781815
207345.65379
207400.570578
207788.250212
207590.801455
207691.425371
207848.765064
207893.439168
207990.954011
208406.57827
208194.013031
208566.266879
208370.579125
208507.025366
208615.520692
208706.179339
208808.834355
208898.114293
209035.285281
209433.868459
209196.818067
209590.501394
209431.709706
209468.71882
209624.907127
209966.618057
210089.326266
209924.689792
210012.073194
210118.950961
210218.468197
210588.279543
210392.544321
210796.585125
210909.457054
211003.580989
210810.358134
210874.86056
211005.284652
211095.281047
211501.72976
211598.310551
211713.394291
211459.283886
211613.808623
211963.408742
211847.250296
212169.262706
212312.819334
212109.738588
212217.39541
212611.122755
212719.289023
212488.149715
212617.181659
212687.861325
212818.31945
213193.362805
213032.876569
213396.967063
213220.351033
213298.979488
213708.79116
213475.67848
213594.872716
214004.682572
214089.715889
213921.930943
214024.400594
214082.636005
214487.745089
214593.371743
214407.051292
214517.64315
214929.125756
214703.283028
214813.354219
215202.010522
215315.340437
215136.193346
215211.759284
215283.185177
215727.020966
215794.535524
215928.758137
215673.006757
215793.968664
216221.535004
216303.384024
216391.688476
216175.48536
216308.612136
216424.154899
216770.248555
216574.35814
216681.948317
216806.665432
216892.326699
217315.630998
217100.083152
217206.819838
217327.108791
217419.955618
217506.972477
217570.888465
217716.119317
218116.235748
218205.295546
218031.470031
218128.62821
218190.028865
218580.234652
218734.286672
218779.459364
218903.305936
219002.381211
219107.79402
218909.236063
218968.275193
219102.251598
219221.64267
219315.289064
219380.192097
219517.063131
219600.683568
219693.911072
219847.167178
220219.303127
220005.093947
220418.274567
220211.478723
220283.448516
220422.091089
220815.203803
220596.236071
220974.9125
220801.659734
220877.518604
221312.335028
221086.294572
221191.329392
221590.941784
221729.502095
221502.085852
221613.581727
221974.723917
221768.042674
222171.369215
222302.636526
222070.025854
222203.524257
222281.676508
222671.92302
222805.898043
222602.27039
222727.423295
223081.962577
223168.482669
222998.104806
223405.811292
223525.205836
223615.546871
223448.539165
223502.595024
223901.55397
223694.508027
224075.604593
223895.162895
224297.686444
224143.514474
224510.474004
224612.58859
224402.742175
224782.529173
224614.592542
225056.563991
225071.29885
225190.515773
224982.97052
225054.333456
225190.461597
225608.441379
225693.70253
225755.502735
225927.188276
225689.389307
226103.868141
226198.936947
226028.87153
226111.312209
226207.951024
226280.007115
226413.54682
226784.204389
226907.414132
226698.49868
226785.840276
226906.832915
226974.948582
227090.958606
227516.624855
227294.844124
227388.788893
227494.465152
227890.552213
227693.762848
227804.175264
227924.875385
228322.685969
228053.814863
228478.448331
228295.36233
228380.607429
228502.295539
228609.158101
228712.105587
229092.929387
228880.313682
228993.329311
229101.359252
229552.764002
229305.063888
229735.871477
229508.1062
229913.90446
229702.277521
229787.280525
229885.518363
230266.598767
230121.797479
230167.494944
230316.402995
230391.676028
230495.1535
230602.593049
230680.471861
230805.925252
230874.568048
230969.001652
231098.202716
231474.304385
231284.533682
231396.726491
231485.713713
231604.94126
231710.601512
231809.112452
232178.910631
232330.769859
232085.757837
232201.876352
232575.27875
232403.502909
232804.748202
232902.944342
232715.669896
232808.360595
232888.414547
233024.637388
233394.501771
233524.946019
233626.958517
233372.482248
233817.632856
233895.807035
233699.417495
233779.709526
233897.467182
234019.038295
234115.076417
234521.740177
234298.528605
234394.772529
234523.47457
234918.899548
235036.264351
235108.327667
235206.5629
235262.487265
235375.889616
235490.792758
235625.063331
235425.437888
235790.353637
235603.443084
235976.296521
235773.991138
236195.109158
236002.234827
236405.99052
236507.29348
236287.407731
236401.092108
236472.044622
236624.306179
236708.621247
236757.693863
237173.358743
236976.759074
237091.655083
237216.247075
237319.772604
237382.207535
237798.366352
237900.862119
237675.312666
238105.435897
237889.004699
237993.953886
238426.606752
238220.972913
238636.152118
238697.813405
238805.951851
238937.471048
238693.271005
238813.071992
238885.487386
239014.82135
239115.884824
239220.499064
239328.736041
239390.314945
239768.455077
239620.349018
240062.374262
239789.246666
239897.766684
240269.082852
240115.487872
240475.734791
240597.980386
240720.767579
240510.950867
240611.478606
240726.31397
240815.915883
241190.721783
241033.999516
241135.096687
241192.303074
241306.300166
241712.666392
241772.779256
241631.668657
241692.79181
242094.416982
241896.427031
242323.024872
242112.915465
242196.297589
242597.557003
242409.21736
242800.682241
242556.156525
242693.535391
243107.712107
243216.515131
243306.785762
243365.39514
243174.492119
243311.070096
243659.255753
243506.609085
243657.096997
243703.717145
244089.687162
243881.481907
244013.662277
244409.173392
244207.614822
244609.206973
244657.432895
244507.822111
244604.20784
244680.554215
244796.453752
244922.93535
245287.154985
245102.070329
245492.393972
245322.17729
245675.585074
245536.138277
245611.624784
245700.188691
246102.441434
246220.293683
246020.361
246114.97455
246465.678936
246290.283318
246730.434933
246820.383814
246935.396551
246716.641247
246808.840571
247215.516886
247343.530122
247416.053282
247218.819728
247343.173809
247412.784189
247809.448791
247634.651285
247971.442235
247809.372522
247932.550279
248024.266864
248411.864151
248214.010931
248302.263451
248718.465946
248839.64088
248601.857908
248708.011565
248809.700284
248903.80822
249318.797916
249097.976902
249509.030387
249295.828761
249410.877577
249524.380161
249881.842246
250005.526357
250121.568169
249912.317462
250290.252888
250091.872331
250536.424038
250584.494677
250399.756086
250504.922123
250915.974392
250685.632238
250816.625957
250943.776872
251001.918564
251430.937067
251189.526995
251310.86127
251376.839686
251799.596913
251937.573897
251988.067933
252120.857952
252205.967116
252266.66948
252398.904061
252508.894831
252295.415837
252380.875094
252503.910971
252863.974582
252979.743501
252821.222372
252901.296844
253008.824125
253143.888978
253208.95558
253295.146743
253388.843577
253835.419857
253604.466643
253993.836116
253794.875049
254192.573519
254325.476059
254417.778679
254226.117482
254328.824809
254679.133579
254487.899162
254587.863154
254696.319665
254804.588261
254917.366044
255000.759219
255104.456208
255189.110342
255595.959614
255408.618312
255842.053174
255611.544507
255670.21094
255779.934606
255900.617888
256320.819606
256117.772813
256489.877272
256301.774176
256427.07543
256511.059589
256570.609991
256974.787563
257096.885817
257234.426897
257045.490757
257387.829807
257174.638446
257292.16084
257419.829913
257516.395501
257583.603072
258028.525882
258094.047393
257937.044784
257984.837943
258102.197207
258170.05563
258317.430707
258367.037021
258523.028572
258948.403672
258689.471599
258799.500159
258909.807936
259300.318075
259405.36262
259226.212704
259299.774749
259416.188243
259820.325814
259619.650151
259658.989472
259844.364759
259897.150412
259997.375683
260136.425381
260219.4919
260311.841233
260660.822526
260499.062703
260577.477275
260707.029335
260784.65331
260913.559269
260984.807322
261389.069559
261503.856398
261271.806237
261720.561303
261515.38676
261600.687354
261956.438051
261807.346455
261913.271673
262028.45163
262394.4222
262214.760589
262304.177713
262401.39196
262511.301272
262615.954901
263007.018232
262809.64062
262871.52834
262973.398213
263088.226386
263517.934888
263593.449446
263407.047304
263529.612514
263944.653787
263960.031827
264109.44938
263915.321924
264024.360245
264402.772482
264192.545447
264338.953316
264714.629728
264521.068119
264914.399772
264675.731773
265101.771814
264930.196264
265001.036331
265119.711782
265229.498175
265312.884699
265410.36704
265516.649931
265858.830433
265690.633115
266113.899666
265874.309745
266345.434355
266408.971718
266484.747196
266584.720375
266700.555429
266511.115969
266907.906615
266692.922293
267097.869693
266885.348072
267308.170554
267374.14155
267497.662437
267323.659293
267706.37051
267533.009113
267888.807337
267713.315103
267793.503714
267915.023402
268309.104554
268109.258829
268189.096271
268603.465984
268371.397091
268767.785295
268615.646525
268695.544049
268795.624995
269212.532611
269290.286267
269116.924398
269538.922884
269601.129884
269730.402944
269494.506981
269618.945252
269994.782294
269780.04886
269915.990967
269977.374336
270383.045067
270186.209528
270293.981156
270403.585315
270514.402713
270582.654829
270669.518825
271120.372335
271183.879797
270999.775233
271376.984842
271184.235257
271621.99667
271440.771706
271792.710442
271598.753292
271725.417647
271804.027954
271907.508405
272026.708932
272384.244537
272529.711576
272308.127193
272408.022136
272490.17735
272868.345101
272715.684234
273121.819594
273236.139414
272979.876673
273093.64594
273220.491972
273307.093506
273678.077946
273494.750744
273611.77387
273698.759863
273807.320438
273913.655759
273980.814335
274348.44885
274229.722857
274318.609396
274407.698682
274517.675337
274886.395002
274986.854638
275088.069069
275216.959205
275010.363737
275438.338828
275541.813731
275317.786337
275729.999054
275821.2139
275596.454389
275717.625721
276090.352187
276174.077443
276282.342112
276114.096723
276214.468458
276608.783593
276719.506546
276492.910966
276593.830056
277002.953022
277090.07365
276907.21982
277317.478992
277389.78069
277523.622104
277321.410573
277675.061774
277805.676657
277612.247767
277700.216524
277810.690019
277918.936877
277994.3069
278101.690028
278191.800431
278611.375584
278398.498379
278783.182326
278901.785627
278724.847489
278775.53149
279220.718335
279292.326634
279414.816842
279172.918946
279286.045437
279709.788966
279484.165847
279601.993931
279688.313857
280094.407591
280187.399069
279997.007592
280089.474249
280185.636936
280596.698869
280384.09328
280820.099803
280630.952061
280708.949525
280782.816402
280902.081612
281292.219306
281088.324154
281170.609659
281615.346854
281387.587955
281498.543882
281606.844083
281994.623902
281789.053083
282215.216923
281993.39906
282358.069856
282193.274762
282594.230088
282414.012106
282514.737336
282573.769855
282697.703956
282841.199163
283211.383298
283268.548293
283088.783383
283214.91249
283606.05839
283710.028846
283551.819035
283587.857187
283709.762488
283811.081113
283924.143634
284296.626094
284396.595804
284200.037703
284341.355173
284388.621275
284800.96001
284632.188221
285011.10608
284792.974635
284934.182184
285011.412663
285066.881514
285500.82061
285303.554808
285393.423175
285835.766538
285616.089036
285714.336432
286119.392857
285906.955494
286262.877674
286077.646641
286507.300041
286287.759696
286670.915341
286527.97105
286890.767449
287016.107459
286800.140107
287197.912061
287010.164186
287097.767219
287203.192308
287323.3266
287395.011245
287802.030545
287627.180538
287721.827986
287768.340497
288221.158963
287999.197799
288426.765659
288210.139382
288643.740502
288697.172083
288510.718897
288563.089663
289034.611748
289104.923225
289230.537238
289303.02193
289057.673311
289544.25894
289285.647564
289709.656631
289517.205532
289612.14808
289980.510332
289797.449305
289943.271298
290314.955743
290082.026867
290250.222664
290605.567223
290392.381735
290792.090919
290928.605505
290700.350597
291104.272392
290913.983152
291309.668177
291122.972288
291234.845346
291322.686261
291385.361274
291507.578698
291899.286903
291715.503374
291771.000405
292239.229584
292014.69429
292086.216735
292192.890839
292594.35263
292403.078118
292504.368353
292609.340488
292694.969626
292809.967318
292906.696428
293293.366481
293444.298395
293221.920195
293309.058137
293669.46578
293531.578649
293904.27591
293723.625084
293786.320397
294201.245832
294015.768782
294409.628266
294206.73517
294295.507649
294414.815749
294815.910378
294865.0489
294711.69646
295104.728766
294931.039742
295321.245412
295389.882203
295489.027912
295284.981235
295399.707232
295779.264692
295947.013257
295676.536659
296068.675891
295910.62444
295977.818449
296381.939031
296205.343461
296585.255078
296401.899882
296820.544138
296620.48159
296707.561928
297104.209829
296879.902389
296991.322709
297111.406687
297206.215274
297300.450126
297404.818036
297519.616488
297908.41382
297980.422268
298097.351747
298183.726923
298301.846678
298080.239864
298507.553502
298597.446932
298378.181153
298495.712184
298599.311865
298674.12176
299101.564189
298905.500005
298962.871047
299089.880323
299224.41433
299315.069155
299396.250924
299788.165723
299592.267973
299714.088317
299804.351043
299899.318678
300287.904549
300375.076865
300528.100424
300611.850721
300693.552942
300537.993701
300597.785035
300706.530625
300811.306513
300893.723223
301010.478534
301438.82091
301177.76031
301270.954078
301688.69806
301529.996524
301601.454097
302018.886822
301762.345782
302188.353856
302009.935354
302099.834817
302473.875007
302303.156554
302681.577611
302536.043843
302865.949308
303021.716551
302810.761715
302932.492873
303321.514393
303385.636142
303503.078277
303278.800479
303399.901827
303463.678105
303599.673732
303715.050216
304093.842805
304218.864825
303985.018637
304398.826436
304510.554907
304590.884785
304680.571816
304798.813995
304600.960323
305004.182799
304781.382184
304898.466749
305294.995256
305059.097361
305202.315161
305572.667773
305383.309816
305829.503301
305911.035085
306057.957522
306083.429128
305930.896373
306258.226644
306385.777458
306518.739269
306299.03869
306402.580127
306492.174194
306594.445213
306706.919707
306776.548126
306897.290917
307320.695179
307078.476573
307201.426812
307598.318115
307388.905259
307805.792071
307593.983989
307971.926252
307791.820108
307910.747653
307980.065396
308386.609605
308199.196337
308306.778413
308701.95711
308523.198873
308884.801992
308998.187248
309106.14338
308914.052683
308993.072503
309375.483933
309498.572237
309312.130149
309688.135185
309503.50218
309579.420049
310014.960326
309803.271656
309913.148082
310301.057599
310433.82253
310496.926487
310608.874393
310411.251639
310518.774169
310582.917281
310734.853417
311117.097333
310894.948311
311021.35437
311100.58488
311221.480564
311253.42273
311689.105021
311506.522291
311627.714325
311693.313912
311811.888275
312217.786985
312022.734414
312110.968996
312505.759202
312298.281623
312405.05096
312517.244632
312925.030706
312694.899577
312803.115547
313174.627184
313302.647582
313445.06012
313222.29141
313305.32557
313418.170942
313863.684543
313603.110507
313687.180227
313797.397862
313880.536074
313987.380991
314402.048236
314518.428705
314603.903643
314393.357606
314502.511309
314906.183176
315009.2983
314805.015284
314909.215944
315350.701117
315071.678534
315539.858271
315299.310427
315395.185215
315499.750614
315607.525176
316004.28935
315774.727514
316205.236815
316286.144382
316386.113903
316203.676339
316343.77729
316419.071905
316805.897941
316627.24588
316748.099055
317070.744868
316932.727007
316996.674254
317090.261938
317472.622288
317285.807431
317395.910706
317844.104961
317928.423979
317696.053645
317805.657223
318199.056623
318289.771868
318423.468208
318482.202756
318286.94117
318430.043551
318774.18133
318599.694438
318665.652227
319091.602085
319194.774826
319290.356745
319106.595877
319477.92595
319598.044074
319669.537849
319768.600044
319891.448568
319707.460083
319771.728852
320223.116753
319974.240033
320114.634048
320528.909278
320297.034148
320373.317408
320492.520906
320901.274025
320692.436405
321134.639862
321175.44256
321031.031689
321407.428426
321489.655077
321288.487914
321713.875737
321453.702244
321583.323898
321698.803
321786.445368
321930.4908
321985.584902
322095.530478
322501.722772
322612.771433
322681.495189
322486.884085
322912.755639
323007.470025
322788.066469
322921.695734
323014.774628
323123.962972
323187.659238
323316.252832
323399.660656
323516.59362
323626.872081
323691.671279
324118.614162
323894.856378
324301.003364
324413.469578
324203.301881
324286.537586
324425.687171
324773.684393
324602.102846
324720.637252
325134.875672
324887.141016
325016.841402
325095.656838
325203.018541
325278.305111
325396.301306
325523.27878
325929.337693
326031.344227
325845.805538
326184.867658
325991.239596
326109.646854
326512.82266
326641.122414
326369.224538
326495.465822
326882.952009
326677.653646
326831.59926
327191.905884
327291.84401
327391.466484
327183.812595
327615.083657
327716.299984
327526.351487
327901.748283
327733.972197
328086.36164
328179.922483
328055.850738
328132.122574
328527.5664
328297.155995
328698.95662
328500.087294
328893.179375
328686.177917
328831.816118
329177.56581
328973.109331
329381.705291
329215.529202
329282.216255
329705.191009
329504.338332
329930.040846
329996.528502
329796.690538
329908.52987
330288.211594
330076.769528
330192.768042
330335.937474
330383.612219
330546.993573
330620.075216
330695.602119
331095.070925
330884.163123
331315.855131
331411.660911
331182.059197
331629.073271
331675.548378
331832.351081
331591.641524
331691.909957
332097.539047
331879.649987
332039.20198
332408.965087
332470.061565
332581.012421
332732.772752
332505.01398
332628.401589
333030.433445
333112.379236
332918.217012
332996.277998
333394.775181
333517.524651
333299.723198
333736.443259
333795.937529
333905.450227
333711.852384
334067.790196
334240.225897
334013.402003
334357.903332
334205.077897
334298.547195
334425.521159
334479.396908
334903.900738
335009.318783
335118.205932
334918.574596
335291.111936
335402.892263
335490.815248
335291.68321
335387.395145
335501.71219
335588.375002
335692.71745
335812.045755
335892.766671
336009.273747
336091.786754
336470.607994
336322.236473
336395.755691
336487.913087
336893.446714
336681.569241
336787.741919
337222.334173
337007.097533
337073.659052
337199.1343
337264.896655
337666.369188
337785.227024
337606.48039
337999.601763
337797.995594
337883.085378
338296.723912
338107.079654
338218.556437
338291.427389
338400.543757
338499.098312
338893.940587
338666.91071
339086.28739
339220.582315
339008.112914
339391.358893
339178.375953
339308.706887
339420.47882
339799.007973
339599.730128
340001.679746
339789.399322
340200.094082
339988.873102
340126.56429
340188.028632
340605.33292
340716.742653
340496.00021
340583.444146
341001.851004
340838.174095
341199.077917
341292.384253
341088.891169
341517.94011
341645.554091
341410.528062
341555.113708
341591.907181
341701.604907
342104.404103
342175.105751
342306.446901
342112.927089
342520.475296
342276.90951
342426.460173
342826.087593
342631.553403
342960.969324
343144.634871
342889.987701
343012.311818
343092.484984
343212.210363
343330.538132
343704.680798
343779.94366
343611.471752
343727.204388
344090.55075
343917.218761
343985.890143
344098.069948
344508.287686
344615.095219
344669.108391
344788.201753
344913.923876
345007.85658
344805.304255
344897.967582
345300.883144
345093.818499
345196.371622
345594.762789
345394.89626
345798.896
345561.07351
345716.566066
346114.500282
345893.656321
345986.304596
346123.831034
346490.139039
346319.999553
346399.250974
346519.901217
346890.963205
346716.387114
347098.513069
347239.685866
346996.377235
347396.67931
347216.757226
347283.897723
347423.782811
347784.065285
347578.797425
347712.329515
347806.70218
348201.793299
348030.395604
348421.234519
348214.539484
348606.887334
348411.612621
348517.484453
348583.174574
348693.457244
349124.750243
349190.348732
349008.559565
349105.642808
349200.669527
349598.670162
349726.984692
349526.647433
349575.519195
350010.232452
350115.639402
349908.028705
350002.201653
350384.501424
350519.873501
350559.788166
350717.87525
350829.613567
350620.850473
351009.168642
350774.741404
350905.924402
351285.714844
351088.88193
351513.120583
351307.780014
351702.79908
351815.643082
351887.142756
351969.974828
351802.414726
352229.488766
352320.877866
352088.349394
352202.27391
352602.89032
352390.885207
352811.791496
352842.396138
352982.98864
352768.111804
353174.73643
353314.469039
353105.825809
353514.538449
353306.13215
353683.809929
353529.902192
353597.206752
353739.506481
354090.581906
353920.241029
354289.683116
354431.12494
354537.181602
354301.079755
354735.656036
354790.296479
354892.883257
354712.193829
355129.78068
354916.026433
355037.970055
355116.233116
355186.683239
355609.004225
355712.714572
355793.955469
355868.085419
355699.547971
356108.524342
355911.481352
356287.542853
356110.119246
356507.613666
356301.681164
356742.791418
356523.38683
356898.613002
356707.08211
357092.35309
357202.339274
356988.602959
357124.213068
357519.940761
357304.797891
357386.646827
357459.116658
357610.659723
357663.826306
357770.707414
358238.20963
358288.374996
358369.698007
358215.570633
358590.863622
358673.495756
358515.643031
358931.134133
358999.816026
358779.774377
358917.537247
359007.11051
359107.687324
359191.621195
359309.949608
359413.864933
359507.178561
359629.064342
360002.668313
360119.685291
359903.816526
360269.533036
360417.502517
360208.927284
360629.69039
360711.228964
360514.498699
360908.895786
360704.149602
360806.922384
360918.156159
361314.773232
361071.239678
361499.367113
361283.117436
361722.642225
361517.35705
361885.47481
361694.035386
361756.969997
361889.437355
362294.530229
362391.835305
362500.142026
362298.268908
362685.179868
362771.207293
362899.199321
362696.726056
363106.889978
362875.256665
362998.577813
363072.413381
363227.631556
363591.83976
363390.297596
363522.595312
363608.215846
363721.404666
364053.314606
364225.642606
363986.967754
364416.149155
364191.877947
364304.37348
364415.681778
364499.043107
364616.162823
364708.286663
364805.476249
364909.63128
365039.565404
365412.362347
365193.608775
365629.565836
365403.90749
365522.819119
365617.15517
365954.507874
365810.463673
365896.133991
366281.070398
366380.698452
366211.714796
366282.951176
366378.486095
366508.084976
366586.865863
366713.018341
367106.274632
366908.162543
366997.944319
367093.512921
367204.769195
367599.163137
367432.978125
367506.476406
367618.977431
367950.454285
368080.83833
368166.142832
368343.083318
368375.026379
368178.244009
368298.209091
368716.440946
368784.956124
368567.62049
369023.566075
368817.996937
368886.914099
369007.669323
369420.099219
369486.725861
369283.781329
369711.837417
369779.094747
369607.944999
369705.593193
369806.419983
369848.732396
369989.655362
370122.258966
370506.939384
370300.290094
370681.535828
370841.610732
370616.796336
370696.242805
370838.379155
370903.243299
370982.774162
371072.273302
371211.250705
371314.077318
371421.856806
371515.318151
371595.502628
371948.928958
372061.880915
371881.675966
372018.944099
372102.32603
372492.515569
372300.409687
372397.329417
372503.447332
372621.97225
372999.261809
372817.143457
372904.292162
372992.141494
373083.323546
373519.216564
373302.134828
373448.139242
373782.626775
373589.090078
373717.71373
373790.603172
373911.967325
374285.966248
374427.773271
374193.420704
374579.65951
374702.71537
374498.371418
374605.92094
374976.573541
375106.452499
374923.390142
375289.996068
375127.400167
375515.408672
375301.979134
375699.113814
375820.242162
375647.707008
376013.791209
375787.9088
375893.334578
376001.597733
376105.315797
376211.529168
376611.401928
376400.727923
376815.871836
376916.028545
376685.220761
376785.576951
377213.97138
377327.373058
377096.557068
377522.614128
377272.47161
377402.073072
377800.561056
377594.802061
378003.230852
377838.44314
378163.496073
377996.107589
378119.745213
378184.238909
378629.385652
378687.686978
378529.362733
378611.983228
378716.646841
378815.543252
379215.9803
379330.695489
379087.858397
379503.235724
379325.59147
379710.152909
379514.525149
379600.181195
379688.927879
379793.233565
380180.063523
379987.693928
380102.223746
380186.15618
380595.956228
380416.168908
380496.453559
380618.196574
380978.341979
380808.355563
380900.655475
380998.041866
381102.815258
381468.845811
381602.168732
381390.607547
381529.053832
381583.303849
381994.585027
381810.701394
382186.674733
381998.104892
382419.578133
382498.019335
382306.737864
382416.818924
382516.291834
382885.978333
382703.266612
383087.045569
382915.939408
383323.292455
383119.135278
383183.657249
383623.013045
383421.716189
383507.11411
383903.830078
383703.122808
384089.253979
384204.464715
384291.048597
384095.679098
384215.809866
384307.318807
384688.579767
384501.325409
384614.140814
384978.073459
384785.881947
384913.816373
385301.408909
385109.712209
385183.357317
385308.315761
385409.158205
385791.424996
385880.298175
385737.005604
385780.247314
385892.534843
385980.36989
386114.641456
386199.851241
386587.299209
386701.448686
386815.780152
386911.172287
386967.865314
386801.185716
386907.625027
386998.239686
387401.429236
387162.592832
387310.367418
387682.823481
387462.412465
387617.538685
387697.304627
388086.308995
387915.680374
387978.562103
388417.66849
388495.043427
388304.538892
388421.108204
388502.056845
388893.901045
388705.481257
389111.05038
389178.471072
389303.275624
389064.353331
389212.343837
389272.430656
389401.644781
389501.10886
389546.512062
389967.673334
389801.928952
389947.230661
389986.36191
390099.312904
390198.046528
390299.350667
390389.276489
390790.013835
390606.052294
390682.634451
390790.854131
390910.20306
391291.056831
391084.339971
391524.392972
391317.370357
391372.44993
391805.351524
391603.780992
391691.909595
391806.702118
391902.125914
392261.734521
392374.116284
392500.34611
392264.018998
392391.101134
392793.047829
392603.967926
392720.224429
393090.991323
392908.934855
393019.974194
393111.865841
393203.687537
393305.491891
393427.768817
393831.58107
393606.023069
394004.247108
394108.177255
393895.005678
394307.570688
394099.367022
394193.283134
394605.406488
394709.297465
394482.834193
394578.330852
394691.567495
395092.922899
395183.503793
395006.59947
395073.301106
395461.643136
395333.133097
395397.438887
395488.119096
395601.823269
395689.546288
396119.214509
396224.611781
396290.278063
396098.537437
396185.931864
396596.78508
396418.264041
396495.566836
396590.098114
396991.816066
397128.403846
397181.742167
396978.343276
397099.867848
397185.917607
397608.028016
397698.681197
397475.267755
397895.626726
397997.243375
397791.535214
398168.51405
398000.889008
398405.160988
398497.233179
398618.408644
398695.656945
398481.058123
398883.046472
398704.397341
398806.171399
398915.78031
399287.753917
399108.953428
399479.142953
399296.595779
399695.09669
399812.953857
399575.540207
400015.982778
400085.261981
399914.967413
400265.931285
400084.647143
400177.451397
400296.210191
400378.852057
400801.107048
400931.123121
400693.811655
400824.769441
400897.033772
400967.820987
401116.565201
401227.763698
401623.45311
401677.957595
401774.67936
401886.501815
401706.434554
401833.934758
402189.22641
402328.306807
402416.472719
402523.634796
402310.871494
402430.83724
402528.198652
402627.993351
403019.342202
402798.366361
403194.442228
402988.7469
403088.548577
403474.718452
403316.492978
403393.439564
403533.954092
403889.216123
403713.770549
403794.651742
403899.092354
403981.736399
404126.207846
404172.501184
404309.91021
404734.370146
404484.056953
404599.765991
404659.209767
404821.733953
404884.311668
405322.146966
405107.824422
405163.041838
405606.598509
405704.351623
405494.382761
405573.627896
405698.238325
405812.374399
405909.454906
406296.741962
406110.401016
406205.034032
406598.175132
406403.517421
406531.979679
406907.384497
407021.889204
407110.984907
407175.655955
406990.228131
407096.777175
407153.205053
407297.113491
407397.733328
407802.478249
407914.389339
407713.789808
408098.503363
408199.445497
408286.563837
408098.863753
408476.555345
408275.339474
408381.183691
408495.462241
408577.576182
408700.004279
408799.291791
408904.611639
408998.195135
409391.177839
409513.744588
409304.613804
409676.311252
409535.438739
409901.041357
409687.095195
409796.070797
409907.156082
410016.394206
410407.346331
410512.464785
410597.605269
410688.612059
410787.256542
410586.114523
410698.777335
410804.133648
410912.182346
411310.286272
411403.287869
411468.459433
411319.72929
411396.880755
411522.619399
411929.702641
411964.904687
412107.577708
412198.957179
412023.887537
412381.779019
412517.930733
412329.861191
412409.566462
412514.259759
412592.014485
413006.536402
412820.408823
413162.117345
413006.922604
413421.679017
413170.840637
413587.977552
413420.128577
413502.062678
413583.720827
413676.957899
413773.712884
414186.724811
413985.499752
414406.347643
414205.079573
414290.798571
414695.555489
414487.604252
414915.527665
414686.183151
414804.36264
414890.757638
415309.297929
415077.754295
415184.093771
415619.454657
415671.138574
415799.160125
415570.098067
415687.003729
416133.440399
415897.402294
416294.499244
416101.05275
416511.450213
416602.991821
416669.731413
416511.056985
416882.31106
416694.578439
417127.886936
417202.049945
417295.951911
417085.321266
417486.358423
417312.860264
417694.662357
417533.793395
417911.64688
417695.410794
418110.921943
417886.641996
417987.381395
418084.560044
418219.450012
418304.263399
418403.640342
418814.923449
418628.004814
418706.348181
418806.318036
419207.813252
419009.026927
419076.12077
419501.427256
419289.325261
419667.796398
419790.568255
419912.332982
419949.210192
419839.749015
419935.368029
419980.966073
420365.089337
420204.18818
420328.428454
420417.941027
420771.462968
420609.25754
420699.084025
420819.928213
420891.553847
421283.111649
421130.485489
421491.616652
421318.682799
421392.466266
421497.350093
421618.299198
421721.440784
421794.325538
421904.458847
422007.648256
422109.659069
422194.548978
422580.734009
422715.615377
422521.551052
422617.560701
422997.911364
422804.529035
422907.815325
423318.030004
423132.555175
423494.108553
423605.875449
423379.431917
423495.285939
423568.320629
423995.331591
423811.94438
424191.646961
424003.518146
424085.287032
424209.329511
424288.501107
424421.514397
424477.86088
424598.215023
424708.685677
425107.587328
424917.928993
425260.639925
425097.307705
425167.33293
425288.93929
425422.34426
425833.117227
425633.927786
425989.285569
425810.814173
425902.01565
426001.417135
426097.710302
426501.213224
426304.52564
426398.716108
426492.629292
426594.345452
426705.810268
426800.312478
427176.686458
427269.408991
427098.46303
427192.518199
427313.315655
427677.164091
427793.717771
427603.576017
427687.05982
427794.208063
427921.876463
428295.9037
428389.852679
428488.603716
428294.652351
428423.451877
428816.839377
428885.847279
428698.19867
428788.036112
428919.227276
428996.715991
429099.531765
429518.225007
429311.762544
429400.842517
429477.322123
429624.425847
429707.207322
429795.029655
430191.84141
430262.101043
430127.922793
430191.270232
430333.667921
430408.460624
430754.490867
430913.898109
430700.414917
430801.310625
430904.521783
431324.393767
431408.957836
431220.704753
431566.087106
431385.363499
431814.118125
431586.861318
431676.49682
431799.294042
432180.914703
432276.102191
432112.109255
432449.225346
432613.672812
432418.322388
432496.677785
432577.538954
432699.370633
433089.983082
433215.187471
433316.496969
433413.633182
433498.076601
433284.404976
433701.36781
433824.57205
433594.547449
433735.536075
433821.578891
433887.143364
434279.003644
434073.427582
434493.229367
434336.492942
434374.699658
434486.048711
434896.076449
434730.319528
434811.556972
435204.190133
435031.451384
435401.121204
435491.802537
435575.67119
435392.873437
435804.16119
435633.040778
435982.507513
435775.154446
436184.258308
436293.342404
436385.701618
436485.446563
436579.138486
436660.782065
436485.8307
436901.290009
436692.792524
437101.16947
436892.936662
437003.996168
437108.526838
437507.44051
437597.245964
437379.114489
437463.668092
437905.856775
437730.044607
437796.206252
437909.961379
437984.774848
438418.555738
438190.955594
438325.402288
438381.810055
438788.344756
438901.883266
438728.656172
439073.490106
438890.02763
439283.61589
439387.494859
439186.455251
439626.558452
439404.455539
439542.255688
439915.892006
439687.464694
440123.004829
439899.866044
440007.052205
440130.987953
440524.307396
440311.223342
440381.564341
440525.517777
440620.87259
440729.242904
441090.328249
441218.311762
441030.453318
441389.566622
441192.81933
441285.491652
441703.78836
441516.459438
441617.767471
441727.588706
441812.087671
442162.486417
442010.660365
442095.831934
442210.593429
442318.549563
442405.01396
442479.162234
442597.673183
442679.025524
442822.125547
442866.712683
443284.150829
443092.439077
443533.070549
443569.854156
443659.45648
443800.575105
443626.060566
443991.398692
444103.806195
443923.365907
443994.672533
444097.511145
444541.800822
444302.576233
444405.510766
444473.165584
444598.580615
444682.616189
445091.107276
444888.892279
445017.449245
445394.360587
445203.675606
445330.285182
445432.178987
445832.696565
445909.857088
445996.230817
445838.603004
446173.859494
445980.548718
446090.931769
446212.887505
446302.587814
446678.097085
446783.227801
446618.226497
447002.838907
447094.591027
447221.012219
446984.055452
447070.189188
447196.039871
447604.49298
447416.381276
447504.849115
447581.027021
447702.642328
447821.412906
448149.182276
448311.715226
448105.176713
448526.229004
448645.506626
448408.958484
448550.786752
448905.521934
448990.686013
448806.792022
449232.331283
449305.010169
449397.650794
449450.292236
449284.176221
449738.9954
449508.467962
449604.129938
450015.893315
449824.207818
450202.086722
449999.353025
450403.948558
450205.443502
450575.639224
450637.470228
450491.329287
450907.08244
450717.737804
450810.093557
450915.184053
451291.743366
451390.600259
451193.461848
451581.926785
451711.544016
451780.431573
451576.804045
451679.914521
451812.820416
451935.415066
452306.71147
452399.654964
452507.159596
452306.255783
452688.167004
452780.682762
452877.823383
452709.595708
452801.204593
453193.078458
452988.401627
453143.63003
453193.546449
453317.24498
453398.357103
453801.278924
453945.594562
453981.201571
453811.563774
453890.184174
454002.933271
454382.294248
454512.226107
454601.233536
454431.980173
454521.326315
454619.039124
454709.650096
455121.696437
454906.953302
454978.054055
455389.3612
455181.08974
455635.476654
455706.853504
455802.549453
455913.732991
455683.526183
456115.202099
455877.723449
456274.810777
456103.676361
456197.343084
456596.956406
456429.943459
456498.945502
456620.624973
456675.365168
456781.599782
456926.900063
457016.522844
457425.432769
457455.785731
457301.608253
457691.110202
457497.245869
457575.622042
457695.592508
458119.807894
457904.750853
458304.7025
458112.842498
458525.339159
458297.952717
458408.612671
458511.130111
458612.270951
459010.771749
459101.652274
458919.690806
458988.792158
459087.678578
459179.559761
459609.425611
459683.442137
459515.988168
459622.892828
459982.570085
459790.641795
459864.0242
460274.22194
460437.85707
460204.861426
460312.158101
460380.516083
460513.114034
460902.035051
460705.168051
461097.318594
460884.454956
461270.311951
461089.018814
461183.870475
461587.824563
461422.694252
461772.962102
461621.276953
461966.011273
461828.359528
461924.356207
462044.821478
462102.022474
462551.0143
462319.419032
462690.784841
462533.705871
462583.476869
462695.243946
462806.086807
462903.04905
463012.796082
463097.678108
463211.811819
463622.581165
463394.163427
463782.012161
463619.562503
463710.503956
464063.430262
463908.206531
463982.4206
464377.406468
464203.065196
464281.534446
464417.00147
464481.271192
464889.327241
464724.391521
464768.806651
464921.876818
464987.57845
465099.24095
465483.948271
465307.570807
465706.920248
465522.20297
465591.949652
465692.64143
465798.240567
465916.226399
465989.514527
466084.81613
466513.457679
466314.246109
466416.264547
466479.149025
466921.403895
466703.25543
466795.109741
466907.022478
466990.692034
467406.604049
467220.193555
467321.056398
467407.327315
467479.153244
467612.476009
467720.669315
467794.988536
468203.590471
467988.552973
468101.561955
468213.328006
468606.049538
468424.010471
468501.120019
468588.572549
468716.46524
468819.224838
468876.981541
469014.504347
469107.362823
469179.252777
469588.097446
469387.890236
469763.638357
469609.284136
470009.951919
469818.510911
469889.113255
470002.996061
470119.761484
470218.365627
470603.476229
470412.428519
470494.334233
470922.060401
470702.706513
470782.185471
471169.204845
471001.883379
471124.878391
471498.076356
471297.04258
471405.307479
471784.800456
471604.118265
471722.206321
471804.146053
472185.169741
472339.069092
472104.04181
472501.173292
472294.122831
472710.785177
472492.819297
472866.744779
473008.793047
472798.83416
473214.94389
473310.81873
473436.979796
473499.499156
473290.876942
473388.445098
473507.19316
473592.464672
474021.913704
473790.461016
473897.303304
474321.458902
474108.918377
474182.250246
474274.833391
474410.416197
474494.534651
474910.836357
475001.726465
474801.863179
474897.511834
474996.889888
475113.023227
475180.906198
475290.049504
475364.083272
475488.5686
475600.758748
476009.60203
475775.04379
476191.544089
476292.258945
476101.156778
476206.51282
476304.14643
476408.724105
476493.916456
476607.140636
476971.536711
476789.936463
476897.331217
477005.358345
477095.148006
477484.223218
477604.959756
477381.033422
477845.482937
477587.975402
477679.105547
478088.047673
478214.347481
478014.580469
478409.23224
478513.875712
478273.141047
478686.993305
478512.426772
478918.068353
478700.456365
479096.866611
479198.672492
479028.345701
479073.018752
479196.078341
479281.354846
479695.45265
479793.099578
479607.329521
479954.394973
480120.496015
480194.212677
480330.656115
480427.734389
480180.15386
480309.816054
480702.854351
480520.188528
480881.539331
481013.183981
480800.4116
480902.269763
480975.700716
481089.224419
481223.50822
481293.725436
481733.886201
481824.362273
481902.180108
481684.047045
481803.809385
481935.402412
481972.05543
482421.397371
482484.10229
482320.915393
482723.264341
482488.971363
482886.940393
482689.846092
483082.334332
482931.924524
482988.692768
483375.428123
483483.038462
483320.469239
483418.835677
483801.409793
483608.951323
483990.871449
484123.510126
483901.651085
484313.582452
484140.799628
484202.034459
484562.563455
484427.000743
484803.658543
484606.708752
484713.016882
484771.305422
485183.698645
484994.806686
485084.933134
485214.041202
485298.736509
485694.144727
485789.202991
485602.447033
485998.299788
485792.084926
485936.606794
486291.380417
486402.436521
486477.556288
486590.393076
486701.373601
486491.14783
486597.261006
486995.090336
486801.488662
486904.047346
487376.131384
487406.680375
487171.672581
487313.032387
487679.686308
487488.464964
487936.018172
487688.538097
488080.687378
488203.768006
488300.515828
488110.214661
488184.294446
488598.80684
488691.193365
488798.638468
488914.935578
488989.917902
489066.008552
489177.856747
488994.742147
489385.873713
489483.094039
489300.022341
489381.266376
489501.89694
489890.198055
490043.518272
489768.212789
489924.783883
490004.675668
490102.018585
490212.160101
490573.865674
490730.734022
490512.631585
490609.887158
490992.493017
490771.838
491204.432814
491325.841574
491421.665319
491206.810759
491311.186411
491697.725403
491815.016411
491901.246804
491720.350791
492099.467461
492196.740166
491954.073519
492114.213154
492238.08049
492312.729106
492385.842583
492499.875516
492590.109544
492983.581909
492809.7285
492910.007915
493015.615226
493125.001329
493201.697651
493307.585519
493404.591844
493492.671775
493573.069111
494033.41076
493808.754679
493909.568649
494002.443588
494400.912648
494226.058014
494282.033228
494390.183912
494810.416343
494893.817895
495011.628899
495108.784292
494916.9831
495015.488219
495051.990923
495495.78808
495329.586104
495412.939258
495821.146911
495599.02072
496000.809057
495811.08536
495909.876328
495993.300147
496400.54372
496493.674101
496321.569636
496395.685562
496478.255871
496604.940382
497006.306187
496820.190923
496909.528496
497010.174903
497093.184195
497206.927774
497305.251858
497701.123408
497494.253258
497608.588148
498036.09761
497810.163616
498191.171894
498006.823155
498102.864548
498197.141712
498303.416127
498436.334551
498814.577791
498598.967606
499011.049319
499069.511691
499198.837638
499013.839699
499067.163318
499452.894948
499298.45495
499413.847605
499809.006206
499610.826659
499720.384176
499791.398667
500183.965041
500029.6423
500392.03676
500502.493189
500289.117371
500403.804265
500808.023357
500621.841657
500674.457294
501096.356448
500896.668922
500995.464727
501126.467979
501221.413004
501314.204586
501398.247392
501494.871181
501577.84636
501697.09547
501790.221534
501906.183232
502008.130602
502104.723294
502186.555387
502309.9332
502680.941074
502506.524819
502593.998197
502979.779196
503104.6515
503188.014879
502996.49646
503397.301398
503509.298581
503617.872747
503710.898123
503508.996619
503593.390924
503723.111553
503825.888641
504185.967683
503991.561072
504107.481335
504181.217986
504288.285951
504413.513911
504499.062357
504635.116734
504675.904995
505126.77099
505187.802381
505274.621348
505112.238114
505207.591503
505294.517458
505383.513102
505796.164294
505896.256064
505689.643789
505810.013351
506188.380472
506015.661844
506378.889788
506203.286112
506560.089138
506398.460886
506511.458847
506590.896488
506693.327218
507080.921315
507242.387022
507323.539085
507422.934063
507186.235152
507610.158688
507427.815348
507790.707332
507895.869377
508042.168124
507813.06679
507904.803174
508008.367647
508363.220332
508174.586864
508314.971482
508689.780718
508504.958872
508604.50569
509006.944022
509100.149239
509226.782252
509304.979706
509103.679777
509220.376766
509279.641956
509715.149975
509493.335871
509603.507138
509985.902029
509773.92767
509892.640833
510029.671217
510079.869408
510206.773771
510592.068167
510382.992371
510491.118233
510898.649155
511012.981119
510832.742781
511227.107171
510987.538195
511090.154233
511218.30607
511595.709651
511372.574277
511499.363536
511592.794734
511984.556102
511791.031435
511891.165065
512016.974688
512104.109368
512482.819619
512619.053071
512664.996152
512792.461128
512894.44878
512701.003689
512784.881075
513230.217322
513024.984105
513107.158548
513509.648714
513632.670573
513707.440114
513815.480941
513593.441335
513683.056715
513792.730672
513924.873326
513989.710901
514416.462382
514445.379476
514572.187502
514641.148586
514792.850864
514916.578336
514959.77621
514807.1375
514891.137626
515002.146185
515403.623344
515196.553072
515603.143164
515705.918999
515516.185007
515597.756601
515945.414614
515789.025661
515906.135032
516018.488312
516106.675415
516197.582443
516609.267907
516675.926814
516501.532779
516874.282129
516674.862948
517098.335573
516883.233043
517298.261908
517115.958078
517201.506288
517282.395067
517430.728751
517514.878133
517612.343927
517673.100086
518067.641763
517924.156525
518315.322622
518101.123491
518191.821603
518586.592091
518387.953681
518504.221481
518622.53552
518692.15474
518810.938414
518881.628062
519258.377067
519110.876063
519515.809121
519581.160712
519414.099799
519485.575349
519950.414693
519722.914105
519807.550326
519903.608223
520019.077935
520092.947338
520183.887029
520636.09198
520415.204441
520482.973866
520587.309163
520707.577346
521106.554357
520873.177258
521005.103588
521117.522729
521240.496019
521301.861312
521658.865315
521486.891711
521612.901634
521695.093848
521812.951884
522208.359956
522019.962553
522384.088835
522209.988735
522595.932916
522717.364889
522507.000297
522904.504789
522977.717558
523112.157544
522895.558972
523333.547752
523383.06397
523212.96371
523267.276113
523398.21167
523492.844379
523885.458099
523714.732839
523822.947856
523896.607091
524005.645051
524415.487534
524172.097505
524614.480967
524678.302007
524511.253382
524950.876487
524739.749151
525072.634601
525213.789853
525293.674356
525397.072485
525209.320127
525304.310821
525436.61263
525508.379306
525589.52411
525980.412945
526061.248854
525870.69174
526003.972864
526131.159235
526193.663867
526291.929757
526680.991456
526525.907562
526898.981197
526713.818943
526814.617848
526884.501163
526996.848623
527098.596259
527504.588077
527592.197672
527702.457352
527472.173407
527895.199244
528035.961059
528123.041051
527906.248182
527992.228809
528104.144512
528202.966513
528274.566009
528719.510926
528518.398635
528607.203803
528990.276211
528786.312721
529179.293531
529029.246031
529098.04446
529520.442869
529276.866101
529433.405368
529497.375749
529886.979913
529973.03116
529792.563962
530193.245132
530015.034518
530101.414779
530224.893227
530314.332796
530379.347922
530798.563922
530890.246638
530693.05845
530804.171742
530867.868102
531293.864357
531101.693458
531193.867246
531340.834762
531687.292797
531833.702583
531598.108297
531697.734244
531829.103591
532199.465644
532253.2295
532371.039786
532207.033414
532289.151022
532417.99056
532811.679013
532594.593759
532723.088536
532809.271623
532907.762209
533318.744177
533398.467456
533221.936666
533291.288767
533709.267971
533779.339416
533933.23798
533684.405658
533836.297809
534219.713421
534003.59981
534101.531496
534487.25594
534332.344227
534677.542957
534798.791661
534898.904432
535000.117288
534808.46437
535189.9554
535036.839859
535083.587988
535221.656351
535305.52144
535367.930131
535776.819957
535605.188059
535700.75216
535807.846576
535902.371283
536040.748022
536123.281011
536194.466595
536325.304487
536398.976125
536836.376291
536909.758564
536994.134604
536815.372553
536887.128083
537001.750203
537124.133098
537201.632504
537337.623366
537703.85909
537538.971446
537606.56709
537701.620022
537795.123845
537895.410626
538002.877145
538107.652647
538483.994477
538270.183947
538433.127425
538824.59942
538625.573671
538992.48221
538777.924242
538900.283559
538964.402294
539414.976923
539213.232321
539299.603448
539715.314457
539810.925763
539901.170654
539716.227284
540085.227686
540221.845864
540296.873785
540117.395574
540524.748971
540271.781304
540655.190027
540506.700101
540896.978509
540704.337217
541119.534337
540901.166447
541308.831721
541380.831024
541213.915309
541626.383402
541371.627137
541496.869404
541605.721683
541664.863575
541805.393285
541865.266322
541988.398024
542093.192887
542497.89342
542607.439972
542394.329195
542795.137631
542877.320374
542694.961686
543093.400794
542886.23661
543320.01424
543413.225817
543462.839788
543606.219705
543398.074779
543499.7573
543607.670876
543721.997453
544114.805506
544187.408967
544002.867914
544379.823475
544520.953925
544595.13351
544389.091893
544810.71794
544584.718662
544717.658522
545105.748172
544918.27358
545012.706445
545121.513753
545198.771341
545305.968741
545692.869423
545503.382799
545904.714302
545719.018957
546114.691816
545873.226107
546029.111635
546414.362113
546203.798373
546620.197627
546406.277936
546525.621371
546581.907744
547017.449132
547116.507594
547176.539682
547019.514092
547087.882148
547199.950409
547568.046624
547661.769928
547516.565564
547896.61037
547973.726176
547814.945528
547915.549273
548004.861875
548117.647337
548215.859489
548629.986413
548665.7666
548552.228396
548917.798128
548956.494326
548806.493277
549205.495157
549268.332745
549363.27867
549479.712631
549589.090355
549419.192975
549522.069151
549898.645971
549709.189113
549811.739022
549907.803405
550025.150438
550084.220614
550214.08549
550612.50845
550412.444047
550505.332407
550891.048547
