718.600019983
1123.24849083
905.484978814
1274.10554023
1097.99921622
1490.73833428
1599.77887767
1717.2407106
1804.80658529
1629.40983741
2007.31860575
2105.37321866
1905.03524736
1999.04672335
2116.35924414
2212.09865889
2284.91464037
2396.86862791
2807.87237299
2604.4579563
2731.75771193
2799.70307701
2907.85315293
3041.65790457
3398.53993476
3193.59269984
3302.82149485
3380.14844242
3495.36191382
3614.33742995
3718.61616061
4101.73942317
3888.92241377
4303.79332071
4122.19055972
4519.53850529
4589.61883948
4682.86180903
4524.73684934
4904.0913858
4727.72768361
5107.61680816
4912.82936227
4977.1371973
5109.88691556
5521.84697625
5614.75121928
5398.00264033
5794.08166995
5907.52494738
5706.74201757
6084.95284608
5879.3364168
5986.41694453
6068.60563393
6531.21512114
6289.29192088
6701.14964096
6786.55627451
6911.28572145
7036.86874712
7120.13064052
7178.16429783
7291.10991547
7400.99386645
7495.64956596
7603.51548568
7392.02726494
7824.51639345
7922.48333216
7706.84716281
8105.13054126
8221.5474465
8027.37747213
8402.25431585
8485.93829392
8298.92339811
8714.28519256
8494.71884395
8900.90266084
8703.1853763
8779.73728539
8925.41498042
8978.3189965
9069.24821372
9524.57093042
9330.46431361
9391.85614863
9485.04019027
9926.00505677
9685.29153752
9789.41664364
10185.5704133
9997.4426848
10109.7282727
10505.8947829
10313.2901754
10691.8858187
10767.6094796
10903.6177608
11021.6533199
11098.2506515
10926.7668277
11260.8272981
11407.7669341
11182.5094189
11305.3774501
11415.50316
11519.9987396
11611.112402
12036.434796
12081.5621251
11903.9028608
12009.2799084
12346.7719319
12214.793306
12296.848629
12702.1939661
12805.5885473
12598.2029064
12719.5698946
13099.8015409
12918.5899906
13007.7608386
13119.8052691
13198.958554
13313.8607002
13382.3031114
13483.4678995
13932.6507705
13972.080858
14093.0793642
13887.7801418
14005.4852908
14093.4331916
14494.4482936
14588.2400631
14415.200002
14797.8803021
14906.5054431
14980.8656662
14780.4199646
14913.9306888
15018.8290301
15369.0584736
15207.4716626
15573.3902989
15394.6833908
15779.3681889
15894.0056404
15700.2294402
15802.2716382
15912.8923262
16009.0371751
16367.6428548
16178.3349444
16339.0773631
16704.9151585
16506.3460369
16606.7315717
16710.1140399
16825.0181114
16900.735875
17021.6406282
17092.6907561
17228.4581078
17606.7850113
17393.1488637
17788.1875494
17896.9525582
18007.2266822
17786.0796376
17913.4550001
18003.1566326
18080.0561346
18534.8601125
18612.884811
18698.6875088
18510.7428575
18899.8522439
19009.3529175
18829.7898759
19211.7842724
19305.7842652
19390.6231861
19480.6080567
19311.3109733
19390.0585849
19531.8463983
19904.763204
19709.3634548
19810.5957583
20183.469295
20031.4685523
20103.8042681
20224.7710429
20297.8278129
20385.6351462
20492.3567975
20606.7161167
20984.8758963
21117.4644462
20885.1173713
21031.3291577
21410.6114866
21191.2684712
21286.3472276
21715.7498405
21774.2583185
21556.8125617
21704.361201
21813.330107
22212.8825479
21983.4441324
22119.0746316
22156.2798577
22291.1925324
22399.9562482
22813.3506438
22572.5930143
23025.0184927
22813.3157389
22874.8268864
23321.2587145
23129.2446989
23509.9389303
23307.2686927
23702.4958178
23477.4260597
23639.6341689
23675.3375855
23797.5087779
24218.1020046
23987.5679253
24413.1243636
24491.7949888
24324.2457991
24682.3582099
24485.4109195
24610.4732461
24703.5915972
25117.3727019
24921.1224228
25330.9580045
25125.5075066
25491.2942278
25337.0524295
25702.1168834
25772.6029926
25592.7112339
26011.0903434
26082.8007933
25882.3052829
26302.4954093
26104.1969289
26502.4237749
26599.3167684
26407.9559616
26499.905021
26907.9105858
26674.0492514
26797.4583952
26900.1721065
27315.5914716
27061.3509103
27194.3170247
27596.1449865
27694.1215449
27485.9178974
27901.1441179
28029.4969009
28098.5979873
28198.0036773
28325.8710729
28352.6937131
28190.7539027
28281.4313676
28432.4465837
28518.7963015
28905.4627824
29013.7916802
29117.9812875
28895.9825391
29284.8070214
29119.4109495
29230.1333038
29298.6487065
29399.0563048
29490.3961706
29583.626261
30045.7744636
30119.2126489
30201.2060693
30008.086002
30106.0382982
30182.8985095
30316.8970672
30694.2473043
30783.1048625
30601.6156845
30692.569608
31085.615029
31212.8381141
31018.9848875
31108.5552119
31479.2469755
31304.9817276
31422.1029092
31521.1748496
31888.5601616
31738.8417771
31807.7677772
31897.5602854
32314.2118023
32364.1685753
32209.2770986
32301.6367739
32675.2569348
32484.7184727
32628.8363169
32982.0791619
32809.2498806
33181.7705356
32987.6883261
33432.7980439
33205.5887601
33553.2455437
33680.776133
33488.2458593
33915.3867919
33713.3184841
33825.9492419
33931.1488055
34287.112167
34412.8951712
34488.3185569
34294.6390508
34714.1765709
34504.9614851
34609.1189978
35001.9893206
35116.9068263
34925.2530507
35000.6402333
35108.7542885
35471.2965842
35309.1196046
35709.9709839
35471.226465
35571.7673733
35683.2332823
35815.0633346
36208.7443333
36294.8000282
36419.8298764
36188.6103489
36285.6378882
36431.7498238
36509.2572123
36609.399388
36719.3785156
36799.7684836
37177.6268732
37006.9967436
37126.1202061
37220.7950707
37323.6529639
37407.9641174
37518.9988545
37595.5747853
38002.0613619
37822.874433
38190.9435339
37994.4407459
38118.6119806
38516.8495557
38589.9594382
38400.904487
38516.529193
38586.8637796
39015.0849462
38845.646727
38906.842325
39313.7862168
39112.0533248
39236.9867166
39331.4954447
39409.4789418
39805.0663838
39600.3773875
39967.3264712
39824.8450397
40216.2512977
39976.7204052
40101.0847143
40176.3462547
40636.0286516
40364.3673384
40745.2006803
40884.2211503
40720.5951106
40805.9255652
41195.8441487
40988.6997553
41393.1770022
41482.3612227
41274.2620963
41409.3092591
41752.8821998
41865.2266923
41715.7585547
41785.6279863
41898.6536347
42005.6832632
42119.9127155
42215.9204448
42291.2358984
42668.6943921
42811.8542084
42593.091063
42989.6943447
42793.2077089
42929.9905191
42999.853376
43376.1085354
43193.8927595
43612.0344717
43424.427134
43501.0247315
43617.4732464
43694.18432
43799.7269397
44215.9018072
44300.897873
44104.5886703
44151.1897401
44604.8376786
44386.4338844
44815.7151193
44585.1604397
44693.1156693
44802.0364019
44905.4956901
45011.3667577
45083.9995307
45186.7038473
45592.4281802
45402.8722829
45488.5176356
45605.0731522
45987.536848
46100.5291332
45911.9448147
46002.2878483
46409.5348908
46496.2559547
46566.2003358
46410.2814022
46813.7528454
46904.5298511
46698.6758899
47095.4982214
46917.1376848
47005.7990484
47389.1685242
47213.7219903
47328.6323029
47414.5856361
47799.9271543
47930.2020699
47683.6922671
47822.0085812
48158.663998
47988.6485712
48092.6913826
48506.4803635
48576.4139691
48380.25956
48514.7962854
48608.1695802
48991.8006761
48808.7119012
49209.8738628
49279.8847331
49362.259588
49184.224642
49314.1999827
49719.5015722
49464.9226365
49584.8876559
49685.6351954
49792.0207903
49918.4133782
50344.4461248
50412.103745
50213.6209265
50609.7070891
50374.0682913
50480.0764567
50604.9326899
51012.3982991
50796.2363666
51197.5860395
50985.6461537
51118.6993729
51198.0858411
51611.9453141
51735.2675544
51521.3652846
51884.7007302
51684.677
51807.3341125
51921.1003437
52000.3437758
52414.3407921
52507.6510249
52571.2063597
52674.5655881
52506.3393001
52904.9790795
52700.8525133
53090.1118494
52900.7855445
53006.9588365
53407.393075
53199.0268809
53317.1838558
53384.97804
53513.0811556
53878.7436435
53666.771016
54087.3338626
53903.9399494
54295.9724902
54397.3747219
54486.3163205
54306.0145682
54699.8287703
54472.4541769
54880.347723
54706.7605003
54823.5938235
54907.9133583
54992.321849
55111.8728471
55475.8807832
55331.6652599
55387.2079049
55522.956794
55903.7440905
55726.1238867
55807.8936989
56202.1596761
56006.5082669
56118.5619923
56149.4974532
56615.2581272
56694.2574496
56805.0787247
56913.7392477
57021.8014213
56792.6561803
57202.7359108
57321.8569618
57084.952633
57211.5177729
57314.4208999
57690.0979177
57518.6551743
57586.0731236
57995.7248487
57811.0229342
58189.4490494
58318.2014834
58123.4442524
58206.9251857
58596.1650119
58396.5381923
58773.1544989
58602.4881349
58982.5103314
59065.6770082
58909.5028037
59308.7053148
59413.6256569
59191.5358322
59605.6239635
59686.5308088
59805.1979116
59900.1123902
60023.3060267
59788.9506073
60178.9871839
60305.8310229
60448.2653305
60519.1000998
60321.665185
60403.4336769
60784.9957773
60606.6582106
60709.9665972
60813.9512904
60901.8845327
60997.2392545
61082.0572166
61489.58756
61322.5879416
61414.5196936
61769.5270171
61585.509287
62021.5778642
62100.8177133
61906.8420243
61992.1012783
62124.0252323
62216.3049257
62595.2978023
62421.2213476
62510.2415862
62616.0545024
62696.9230487
63078.451646
62866.7777458
63016.8108887
63381.7326006
63184.3430704
63616.9132426
63415.1709541
63504.0535425
63915.7959572
63671.4693407
63781.8361375
63875.4025192
64294.8897803
64373.1001191
64477.0775853
64307.508754
64689.0606826
64501.5809212
64613.5189793
64993.1193941
64823.6235052
64880.3698943
64991.7446117
65391.6453613
65495.8947184
65290.0816844
65383.5579523
65501.0078614
65940.6616462
66011.645777
66104.5222348
66188.3444268
66018.2255972
66109.664073
66190.9317074
66301.7692403
66414.7501827
66846.4360157
66574.8665193
66698.8763955
66781.6816488
66875.8279138
67291.0551857
67118.6493398
67209.5942771
67631.2468083
67399.9971651
67806.1383234
67583.6541522
67986.7147281
67816.811155
67876.5878304
68046.8321758
68374.7569097
68495.3223323
68577.5436723
68437.0896402
68530.864437
68610.3596149
68728.9289494
68795.7343913
69236.0123466
69340.9116012
69076.6781156
69196.8136766
69272.9172223
69659.4264983
69813.4974775
69623.3751034
69706.1411393
70075.8424294
70204.8231295
70033.3728835
70397.0324604
70473.2064358
70317.9269629
70685.456022
70802.0471264
70613.7768767
70698.1141374
70786.200291
71199.4359314
71276.6555368
71107.5575825
71529.3250433
71592.4752091
71731.8857667
71504.960625
71890.7130128
71740.3153637
72102.844125
71910.6096875
72302.6757587
72095.1146888
72188.7854157
72298.9438358
72392.392865
72489.7732827
72611.9843525
72702.0701176
72828.6447688
72885.4759023
72992.7609441
73139.8684467
73185.157221
73542.5718912
73671.2971944
73539.1620569
73603.8536972
73683.7101729
73800.2783463
74213.5452173
74014.2446798
74424.1156345
74220.0323535
74266.5851386
74403.9202991
74504.0132878
74610.9284821
74730.4727469
75090.8274683
74865.7757958
75008.8353378
75065.0316679
75522.7172458
75596.3642782
75418.6060498
75491.232664
75599.748289
75678.6792975
76116.3922767
75856.0792385
75978.2244186
76400.6911259
76179.1484469
76273.5994043
76672.7668739
76798.7912567
76906.7845387
77004.5665819
76786.2725341
76884.9937051
77297.8861318
77066.5297309
77478.1926967
77291.4854242
77689.8822927
77764.4916928
77902.2171159
77712.8386582
77804.8826555
78185.5611514
77998.5599883
78125.3770161
78507.8804471
78290.4699827
78414.106604
78520.6448403
78895.8489637
78706.3747123
78796.4134319
79210.0919667
79018.4819646
79113.7948021
79508.5291372
79299.3909791
79715.1161369
79515.927314
79905.7540764
79728.2427904
80121.8987522
79872.7610171
80340.3900048
80397.2495904
80190.8686094
80618.9220752
80397.4048018
80817.533101
80864.4232926
