697.616472953
777.10609693
1199.05978688
1297.4811739
1118.90240752
1200.35787851
1288.32839447
1738.73665324
1783.44479138
1910.36673394
1986.59354377
1813.29651574
1890.78375153
2287.34373149
2396.30346798
2464.11778203
2592.76140448
2719.90480214
2511.33641417
2572.16423529
2735.09348447
2832.92854365
3205.44599429
3031.568727
3073.24357327
3206.35958633
3304.89794155
3422.47482309
3504.19143045
3602.28723974
3717.12631898
3795.09183879
3906.88607954
4306.78917657
4415.35821373
4163.96374849
4289.75075388
4396.54376662
4492.16338919
4615.68907472
4702.7062069
5091.43490372
4941.81515175
5338.92497962
5105.1869092
5487.35065813
5315.62207751
5389.72306649
5811.93671052
5591.67737252
5715.14010695
5789.63828534
6227.74019006
6273.73588943
6432.52156876
6176.39540663
6606.24994762
6396.13739956
6511.7759752
6617.01927847
6715.46244577
6804.78652971
6900.23440014
7321.78976413
7098.1525072
7497.87765552
7603.98423938
7407.24578429
7469.38025314
7637.74097868
7969.98287305
7798.24183013
8204.17704141
7996.88486669
8081.71943646
8213.98768982
8272.03636808
8409.53692845
8492.59469649
8924.44259647
8984.62957382
9091.84205212
9207.25765569
9289.73785429
9081.7868833
9501.36856065
9298.49249749
9438.75268007
9502.9355064
9612.57221578
9689.87705763
10047.3538158
10186.1823422
9974.97532958
10398.4455368
10220.0798866
10587.0582508
10415.0328486
10796.664235
10922.3018579
10967.9096226
10816.5943643
10902.400677
11014.5387681
11125.1889927
11514.051924
11633.2152272
11412.1566912
11493.7112311
11598.5547704
11992.6124081
11799.6543297
12206.858331
12011.1266461
12429.7571584
12200.4696349
12599.0716688
12372.4798298
12495.6408476
12604.1695735
12991.8969642
12813.6099605
12908.2248188
12980.0946484
13097.1667359
13185.6682345
13292.2927577
13399.8225084
13810.9141423
13609.7140016
14003.7869714
14092.1590831
14216.4022719
14268.3430862
14438.2325278
14515.0772588
14273.2521553
14701.5014229
14492.9343224
14609.9456371
14982.2497345
14780.8312178
15208.1834691
14990.1541179
15114.1229733
15497.5620474
15331.5299802
15376.0053646
15497.7834231
15891.7342398
15706.5735369
16078.3493731
15903.7696811
16013.8443363
16380.3531216
16504.349303
16292.8632431
16697.90669
16499.667482
16901.0657468
17005.7656117
16800.7434825
16930.1951872
17032.1483305
17085.6895928
17510.7059973
17269.7297093
17696.2062651
17512.550894
17903.4910825
17667.8468737
17791.8392836
17907.3798841
18022.3062834
18360.4027938
18209.4033352
18299.6863585
18388.428509
18787.3013852
18883.166977
18677.3697715
18781.3700501
18883.9775599
19306.3386934
19388.5495868
19212.4615001
19598.5518519
19408.3155918
19494.3159939
19593.2514029
19988.6679637
20101.9316853
20187.1349693
19980.7788178
20111.4644255
20497.1245279
20319.9044414
20402.6268615
20498.8283789
20600.2729069
21035.0958595
20794.6508445
20878.3350217
20995.2923809
21389.5993862
21209.6822409
21593.3340455
21685.2678602
21522.055083
21917.1130192
21716.2166364
21813.1765309
22207.6785369
21994.3830802
22403.0489089
22500.308846
22299.5112249
22694.7547184
22506.6230764
22614.8921918
23006.2304735
23098.1007368
22871.6734286
23295.6059055
23128.3518112
23194.1493358
23285.1481925
23402.4405627
23510.7266058
23911.9406166
23692.8302426
24113.0424668
23893.5547628
24015.6034422
24411.854015
24187.0073818
24574.0725016
24708.5346606
24779.0066492
24610.9485418
24987.7897257
25111.7876072
24889.3769015
25263.4505918
25416.2458137
25220.3388107
25290.0886854
25684.6555406
25489.0982097
25612.7526208
25722.1841456
26111.802553
26187.6988908
25996.5429942
26427.85467
26232.1588431
26595.290629
26404.7536333
26807.5016894
26624.8988847
26984.293409
26797.6916077
26919.0437849
26993.3253389
27386.0416066
27162.030402
27636.1291673
27701.1133916
27496.6640011
27891.4393064
27699.2413992
27778.8511498
27905.6575961
28297.0376648
28408.6507719
28485.9974459
28596.8287576
28417.0383464
28506.9453514
28921.4487756
28724.4579207
28784.4860897
29189.1015219
29042.3167622
29090.9673844
29193.5468695
29595.9812835
29385.9403115
29790.6903393
29595.270863
29689.9592258
30100.178088
30175.1316714
29984.4187427
30411.0864193
30186.3866905
30583.7920379
30377.6990313
30803.4157781
30898.911985
31000.2554507
30801.0617529
31214.2995222
31010.1254718
31116.9342727
31531.9612881
31303.4135152
31428.7452999
31496.9120329
31887.6006161
31972.4885291
31821.7693978
31898.298707
31972.5246588
32097.2191267
32182.971641
32326.7327587
32688.4344406
32527.6977461
32876.6288973
32976.415556
32803.9961894
32897.7220198
32997.5140537
33088.8141465
33187.6945841
33596.0484701
33693.9971582
33817.3146669
33903.696022
33706.3889682
33812.6991519
33861.5036955
34000.3550188
34107.3018676
34189.9225096
34312.8218484
34690.1239826
34483.5146243
34904.1332291
34712.5886318
34798.7440382
35190.3135974
35308.1447223
35412.5829155
35244.3695241
35290.8722038
35404.2934957
35457.9966901
35900.5124574
36016.5883845
35790.2170238
35890.058449
36316.5020903
36400.5120613
36192.9688721
36317.773987
36413.037449
36507.2392681
36576.004062
37014.6490241
37089.780002
36894.8418065
36977.5883849
37081.1114441
37525.8044845
37289.5141263
37676.0703178
37836.6257589
37880.6705561
37713.72081
37802.4500744
38217.8462457
38334.2308103
38428.7355988
38208.3282301
38284.2445091
38370.6755209
38504.7569052
38918.5158768
39008.8903964
39066.4488398
38911.9004702
39314.451542
39105.5515085
39488.9855397
39308.0872346
39688.069601
39529.8940644
39617.6177699
39697.4309834
40115.0350451
40200.3545944
40321.9920359
40359.6355112
40189.9849548
40594.0587474
40700.1933528
40532.8849282
40595.9013793
40972.6586116
40816.7849403
40914.050679
41334.0244399
41085.9353044
41199.5839686
41259.676681
41416.959927
41521.1033381
41605.2202629
41996.4450727
41856.6633937
42164.2374098
41982.9012606
42409.2596688
42220.5918648
42610.4410377
42388.4639999
42475.6959752
42869.5878337
42721.1864501
43073.4208976
42899.8685208
43013.9328338
43083.3271988
43213.7095439
43267.0728575
43390.49924
43798.1584762
43875.0075938
43722.9543551
44103.5647665
43906.2890543
43999.071317
44092.9949203
44479.9514772
44302.5167761
44402.0045768
44491.3210481
44579.057049
45009.753714
44785.4598871
44867.3031935
45018.7182489
45113.6603712
45488.5618752
45307.9868065
45415.6899523
45484.7894153
45926.2336654
45667.4232465
45789.1591618
45870.7011346
46338.36442
46369.8796893
46198.2946219
46609.5532897
46423.1785303
46496.1663332
46623.2904267
47030.9224809
46804.1053442
46893.3668846
47295.004194
47352.1470309
47204.5003278
47298.8074744
47416.9254202
47507.0654035
47917.5740226
47699.1224396
47809.1791535
47912.8701197
48327.1477126
48087.0788162
48211.8178604
48286.9458182
48698.7424587
48772.2403536
48619.0156533
48687.9278352
48822.5423333
48876.1020565
49295.9628061
49077.0836916
49186.2865965
49326.0961376
49419.6645513
49789.1261315
49648.6135501
49693.4935499
49816.1086324
50180.2585288
50034.6920127
50076.5189118
50544.3174185
50278.8351651
50690.8228677
50784.0177464
50596.5018263
50683.4713689
50791.1893648
51206.6553461
51294.6696257
51383.2788999
51213.0945817
51593.8789519
51682.4390093
51482.7661109
51566.9597573
52003.9716133
52097.4288682
52174.0094375
52007.9242092
52392.0011496
52208.2850783
52271.8361878
52380.6821039
52787.3373093
52885.4891848
52679.1024006
52807.2431382
52919.4196202
53301.7241807
53076.4647742
53233.3121417
53310.623063
53727.9990319
53483.5755392
53604.6835287
54045.2748212
54097.4498977
53913.1502937
53961.3257832
54424.9065249
54236.2672986
54307.3355228
54418.1676013
54506.9924582
54612.8296378
54689.3500904
55120.3470682
55245.6377188
54992.5165339
55082.9594951
55220.9166002
55549.1331811
55404.4991415
55817.2772855
55631.3896385
55995.1572776
56084.7525488
56198.8205333
56351.2485358
56117.8276755
56495.0380232
56612.2699704
56708.9274803
56479.7204294
56901.2839476
56702.0939429
56800.090359
56918.2859748
56971.9681846
57132.5295231
57179.1015038
57596.9972915
57406.513105
57833.5668933
57587.1160341
57986.823828
58084.3184612
58232.5473208
57985.7094638
58087.071954
58203.6445087
58303.9977826
58432.4588272
58779.6551322
58595.4967963
58718.4247244
58816.6102104
58867.179466
59277.6799042
59086.5665407
59511.3917723
59580.4868174
59371.4655832
59774.0062989
59611.3985989
59709.7389739
59778.2111088
60201.2791512
60018.1546482
60101.1100335
60499.0973036
60614.2118463
60388.2226764
60497.0492622
60884.7627578
60702.1999504
60780.5130258
60862.1453295
61008.6730956
61108.6869772
61187.8688405
61310.9136706
61422.8124277
61802.4098961
61604.135531
61674.8091683
62092.247835
61903.6513853
61998.4546568
62111.8018505
62213.5840235
62313.6045618
62388.8329107
62506.6651699
62588.1633394
62712.2513466
62787.3116055
62873.673328
63301.6021225
63119.0321284
63210.3514822
63620.3656524
63435.3614986
63769.2634887
63589.682394
64013.6025901
63776.3982452
64183.086523
64011.8476126
64404.9366261
64203.6333874
64290.5650542
64704.129162
64517.1188115
64626.8898141
65009.6303724
64807.5218845
64904.8390168
65348.0571872
65392.8324199
65202.1661995
65559.1149196
65410.7855063
65514.8385417
65616.2146653
65733.0914555
65788.9675058
65915.5996853
66014.9872362
66426.2923258
66211.415742
66585.2908437
66711.3615874
66804.5694617
66884.5502009
66684.4433502
67124.2908487
66889.2574035
67305.433732
67380.0196855
67184.7434144
67295.5900671
67663.3328623
67503.3103452
67895.3986657
67724.5675878
68137.7949161
68184.6811261
68274.2333494
68397.2281596
68214.6383095
68293.3852139
68429.3674476
68498.4972828
68925.0842658
69022.7676335
68796.149228
68911.1508253
69295.2917032
69408.3808921
69161.0448546
69579.9729082
69378.0441653
69814.9357235
69936.0069238
69704.5563985
69796.9158186
69893.8004092
69987.9959237
70343.2050095
70213.4581015
70327.1818003
70667.4662308
70507.9489492
70587.3639864
70696.8559659
70808.1189733
70892.6198467
70988.5088654
71104.1850563
71512.2957944
71289.9014545
71422.8262808
71487.730356
71601.3779035
71996.3722626
72097.0395784
72207.9760201
72306.5298318
72118.9074272
72216.0244627
72570.3453379
72407.0993829
72497.1073483
72889.1439719
72700.6727357
72789.0178899
73195.4951461
73302.3794813
73088.0267266
73505.9891215
73606.8511918
73701.376988
73790.2527091
73876.7598469
74035.8120661
73790.1133098
74192.0550752
74309.0742725
74410.4612625
74533.0434306
74309.5232163
74409.1801539
74525.164634
74586.5327252
74998.0703368
74812.876722
74896.7534269
75004.964522
75096.4705578
75226.9481381
75287.0867915
75384.0931821
75786.3296755
75925.9911574
75708.3191182
76099.2373956
76178.4729998
75995.4040428
76364.9478693
76189.3345344
76617.2561489
76391.2259564
76489.8833449
76917.4779258
76713.0941767
76787.1208303
76871.5807474
77005.2983035
77395.7673653
77511.9973509
77306.8909325
77394.9493715
77500.1847623
77895.1917356
77700.8845068
77812.871432
78227.1480052
78283.7515478
78097.4597746
78528.5863098
78311.4634654
78407.1596237
78801.2911781
78899.3527729
78713.3883292
78799.0866528
79173.9750208
79301.4142415
79132.9267964
79477.8944567
79321.1452451
79390.812567
79491.4227693
79883.5965234
79684.4054828
79802.8493148
80218.2149895
80000.9541879
80095.3190398
80223.7680388
80312.9261133
80392.1181097
80508.7369352
80882.3517899
80703.9033268
80803.9787609
80903.8425982
80998.0514303
81094.783284
81514.3344959
81282.6398306
81395.1563931
81805.5213533
81625.0770941
82003.9725816
82088.2413567
81902.613658
82007.7825539
82107.1301908
82230.4137338
82607.715888
82725.4457815
82791.2347494
82917.8228366
82693.181655
82831.7495803
82919.517299
83024.4497282
83411.0218817
83199.2753688
83604.2536507
83731.0580419
83821.9314316
83872.1713378
84004.9172512
84089.6641792
83886.8183591
84317.477873
84108.0364074
84209.9175585
84314.055184
84374.9900993
84510.4895694
84612.5967484
84660.1118454
84811.3524683
84892.7367259
85292.3805118
85083.1831209
85487.865283
85611.0355103
85717.0695642
85485.8896884
85606.4748319
85710.005253
85787.1114096
85896.1802032
86012.2041844
86115.1753991
86529.3190303
86294.3066514
86424.9163975
86522.8831716
86602.015451
86681.016769
87100.2826326
87175.7718798
86986.694592
87120.7950999
87207.5732712
87580.8384726
87379.0369222
87482.0536911
87919.2259075
87751.3143211
87823.0728468
87955.399103
88275.6388503
88446.7550115
88200.9585568
88600.550163
88414.1130913
88507.3797816
88596.1657913
88989.8658661
88815.7963716
88894.3345321
89299.7720072
89413.6659212
89201.1149368
89607.1605562
89701.1972122
89795.5148686
89574.6534808
89732.2213404
90072.529831
89909.159864
89978.4844265
90402.6232459
90224.8100463
90322.5738573
90410.354036
90521.0861234
90926.4078733
90722.4808039
90800.6758899
91181.0561182
91309.0641491
91085.6654224
91516.4700475
91608.3289638
91385.450464
91478.5876061
91877.6773579
91704.20044
91797.4089469
91911.6220597
91997.812498
92077.2068459
92212.8002628
92283.7595286
92426.0833182
92501.3880931
92902.433196
92726.4165629
92826.1764855
93173.0696422
93017.731287
93417.9747343
93515.2661647
93305.048457
93680.9363838
93795.9076125
93589.1254702
93684.0302046
93803.3379842
94215.5785696
93994.3701092
94428.7607383
94533.1870209
94317.5870784
94702.7901489
94821.4266247
94595.5094441
94989.8438981
94793.0639175
94896.3973231
95321.0861643
95082.8502137
95183.3378011
95610.862871
95731.533939
95482.0126236
95879.145062
95971.6407449
95797.7183165
96216.4540119
95986.81295
96428.5607686
96174.5825108
96322.5923375
96695.539335
96805.6850125
96883.1359456
96704.075234
96790.5818977
97214.7593585
97038.8015317
97402.3742013
97518.3435502
97320.7614262
97385.4286216
97506.2588462
97604.863879
98039.0350144
97803.5296722
97902.4251364
98302.2075104
98116.1488995
98536.4446514
98300.8554678
98421.3543515
98489.0668995
98598.6227596
98689.9139257
98831.76812
98894.096388
98991.1297428
99109.4446538
99206.8279636
99316.0836767
99705.7964178
99817.0875846
99894.5220975
100007.717522
99819.124499
100176.515283
100285.770038
100106.653498
100231.176294
100311.150487
100411.886352
100502.258642
100620.339569
