740.812112017
1094.07343721
914.310422708
1316.37919194
1094.00496184
1165.06367082
1626.65732143
1698.20990354
1789.6375107
1592.82667703
1712.76420693
2120.56922504
1905.27647246
1994.51331753
2111.92371191
2467.16801473
2297.89523073
2751.02651362
2492.89826756
2583.31646853
2695.67777298
2827.2661872
3181.25199403
3001.79824457
3119.74709244
3231.77052713
3619.43334136
3403.64467312
3515.50471249
3596.98704067
3656.34538771
3797.09079854
4200.1274023
4350.69066035
4404.38205744
4208.15022739
4299.63106108
4393.55187393
4811.70006097
4615.8466736
4708.2965223
5099.72828268
4912.91465468
5036.24966715
5098.10753417
5487.16738709
5293.47032069
5711.29669946
5813.89806528
5954.30230508
5950.09106744
5787.18402494
5898.21272966
5989.31348862
6418.86003139
6531.75700221
6602.5326811
6664.14642817
6506.54746942
6603.39221141
6687.73915088
6808.2904172
6905.7845859
7296.90309991
7091.98723107
7492.66315126
7313.49295795
7377.99916599
7532.03257179
7597.74517205
7691.56670667
8084.89937457
7890.03140624
8286.62895131
8132.53784889
8491.41963336
8590.65118601
8390.10649829
8520.38434343
8878.44281465
8678.44436361
8777.44684099
8892.77742343
9262.3957943
9396.18387869
9217.36551006
9665.50228424
9367.72723969
9748.53010247
9602.96301255
10031.979512
9803.93364107
9946.01744281
10012.6034439
10066.2566032
10530.0695648
10599.216619
10420.70648
10801.244542
10593.2021294
