967.614765881
778.21367641
1171.96352099
995.671380545
1091.37100207
1492.66380917
1274.54313825
1373.63151587
1484.80023849
1654.12721806
1988.45423625
1771.47920511
2161.23492181
2013.79190029
2405.74541445
2449.0049582
2645.98406972
2706.94592841
2823.23093692
2604.40013832
3008.34567884
2795.63739234
2908.39325525
3297.61176482
3123.9504019
3527.59268281
3595.18739276
3685.59493474
3529.53625824
3917.56575627
3983.7782133
3779.67534347
4159.01831952
4029.27400549
4112.89712944
4182.28114111
4303.69596678
4705.9960526
4794.02523295
4590.29663112
5009.80922259
4795.96301658
4909.92851006
4996.91268552
5107.4033748
5171.79147513
5582.36488598
5400.90237743
5496.61693155
5603.82934967
5709.60756132
5791.16427637
6236.31157729
5999.53180169
6115.14944858
6499.51058994
6331.47208756
6700.7810216
6490.05700163
6604.43593461
7004.41808319
7104.55069556
7211.58613073
6973.60356004
7113.94865815
7228.72163225
7592.35610786
7414.12393814
7815.84625084
7908.73401488
7713.09219971
8115.9946364
7902.89973485
7992.78336562
8400.63387622
8193.52608852
8643.204196
8388.84099227
8796.32202016
8621.32019902
8699.48893283
8786.5774904
8910.40145853
9000.34865621
9408.63663179
9204.23936519
9624.20854992
9704.54203352
9500.04854784
9612.61362175
9692.27663614
9801.12335075
10246.6367646
10294.2740283
10112.1186369
10462.712981
10335.9281153
10420.9625393
10478.7480316
10894.1660933
11010.6398568
10806.5318487
10909.275431
11007.1784561
11114.8953511
11520.9442442
11317.8609249
11676.0257854
11811.9397275
11585.7713539
11706.8550745
12094.6986063
11891.4675548
12312.8263811
12103.512186
12181.2697864
12595.7489239
12696.9581112
12517.9930598
12616.1090219
12994.7558711
12784.9553783
12901.1186147
13000.697732
13122.1447946
13500.1504121
13310.6362972
13384.9446104
13497.6325455
13903.0785744
14002.428027
14100.1599495
13869.8917265
14011.5099542
14101.8427357
14514.9157689
14318.5340569
14688.9785232
14793.3516236
14869.8652783
14999.822255
15104.6402491
15204.7141117
14972.0298927
15084.9604424
15490.4087102
15594.3646533
15393.2139925
15497.3311401
15593.5405089
15990.4868075
15762.5244802
16181.1810353
16225.8477505
16127.5021528
16507.0698036
16281.3004708
16386.8158641
16810.5193815
16892.265441
16698.669802
16820.5410398
16894.1695812
17267.3742463
17109.3538365
17228.8267099
17594.8499208
17405.5152861
17791.6141692
17610.509688
18028.761366
17808.8315919
18210.1227869
17991.9949817
18074.9254838
18176.6697068
18318.2480574
18419.5636423
18492.8896075
18608.5951943
18706.4580551
18808.2643351
18883.5681223
18987.1204613
19397.2468292
19484.8518241
19624.9943361
19673.6265467
19794.7507684
19619.6118499
20023.0326687
19781.4240154
19906.016131
20020.9613385
20110.2852597
20186.6192536
20609.3453706
20706.8250484
20816.1813464
20596.56293
20956.0118051
21112.7449832
20887.6751787
20979.4441927
21441.717094
21469.1785978
21620.3637754
21393.1246717
21808.8437891
21599.0775501
21692.5939838
21802.9201977
21894.5984984
22328.9171599
22410.3340137
22218.9132417
22272.8247632
22721.2571088
22473.7133418
22596.5389633
22669.7895022
22827.4282556
22890.1326029
22974.2386185
23357.4147892
23188.2871797
23267.282075
23696.8772248
23807.0573306
23550.4846696
23694.1590632
23820.0657813
23872.5040121
24310.9645531
24399.0698423
24221.8677665
24329.5481517
24448.3110494
24497.9232696
24591.8368775
24678.5576303
24814.8907666
24863.1175765
24993.1615367
25090.6602158
25198.1399438
25616.964098
25400.25404
25487.4452129
25592.2634104
25739.0061231
26093.5520691
26218.3495428
26000.469277
26412.1189945
26503.0698112
26292.5042795
26688.7469318
26787.9997138
26588.3602738
26732.4950086
26769.4919164
26872.7485192
26996.7230604
27415.0087784
27196.22115
27634.694099
27396.7959451
27499.1965197
27564.8060168
27680.3208749
27814.4652565
28257.5303428
28314.069316
28416.4048832
28179.453596
28605.4048359
28701.5287067
28485.2656141
28626.4785383
28709.5097618
29128.5515904
29195.5865678
28984.9306178
29122.8783951
29199.4174795
29587.5315347
29384.5893617
29787.81721
29868.5367351
29723.0394964
29798.0570394
29928.3358141
29985.1253796
30414.5697254
30193.815146
30626.7160166
30408.6714815
30809.7476695
30591.825835
30683.3435413
30801.4625881
30899.9200862
31021.0954733
31400.6935909
31210.1943878
31322.0517506
31677.0449272
31500.7863475
31866.1291853
32038.3333163
31798.1907225
31893.9036421
32280.9897592
32111.5460983
32515.3579106
32601.6216455
32728.5562139
32504.9995819
32592.6635929
33017.7536863
33123.6731119
33216.1611821
33285.4292298
33108.67202
33233.8646425
33610.8215765
33375.6238211
33518.8972025
33906.3628579
33674.9692077
34138.5802841
34217.3350613
33994.8213439
34394.1492118
34492.7951799
34340.0451636
34668.0747706
34506.2485552
34583.2323319
34707.9546834
35083.2404637
34888.4963787
34990.9559741
35083.7124042
35223.7105142
35293.0461589
35707.7296965
35806.6299722
35881.1247587
36013.3487872
36073.7169185
36201.7902499
36281.8241561
36368.8529698
36203.8763584
36600.7715442
36426.9620523
36812.9839544
36607.040143
37002.3418935
37101.9463958
37220.9585716
37004.3250534
37121.7157804
37208.5158801
37604.8507141
37394.9588365
37513.5795885
37613.2660814
37718.1884631
38104.9557006
38235.0722722
37999.620305
38383.4137473
38488.1657247
38311.1981579
38715.6085208
38500.1111715
38891.3629942
39003.8042043
39106.9858978
39215.9070796
39003.9696549
39401.8284851
39516.1729665
39574.5772013
39718.2506819
39496.1626547
39624.4115677
39690.6074113
39809.0763664
40162.9161831
40007.8649054
40447.1180036
40514.761877
40296.1853183
40428.3503683
40472.5702697
40601.2947293
40723.0010548
40810.8852447
40881.0724212
41289.7798967
41083.8857009
41509.7878391
41559.7897576
41404.1759542
41792.6185797
41608.4474502
41694.9718859
41781.3225582
42232.3725821
41969.8780679
42081.2718438
42483.5003521
42607.4795442
42403.7111784
42512.6036742
42925.7080897
42999.3934562
43115.7792771
42889.5787114
43322.7098316
43421.5395409
43186.5899239
43318.4574981
43407.5062369
43770.2174132
43588.9459277
43678.4101815
44096.4369325
43913.0189622
44267.4207035
44097.3580601
44500.7483781
44615.0312898
44397.685564
44499.7097242
44583.526629
44983.2228342
44849.2872191
44916.7083925
44991.670566
45387.2643669
45195.3240694
45296.6736681
45710.5670473
45496.6833796
45875.4189571
45718.1832445
45799.5402833
46205.5140831
46316.4299426
46102.8796144
46206.2623175
46309.5662608
46671.4711755
46527.1469043
46586.6355763
46701.2155261
46805.726141
47193.6669884
47004.2418199
47099.2095893
47468.4978751
47301.9544687
47395.2693468
47497.6561135
47875.0181323
47663.9119214
48087.051901
47915.6604561
48298.457762
48408.7235062
48204.8491595
48597.2518839
48682.9457638
48811.1450002
48881.8765448
48976.822892
48831.8966575
49209.9530712
49310.4341198
49378.6660768
49244.1876632
49597.0039695
49704.6291647
49501.8228407
49613.626375
49699.3684999
49798.6118175
49899.7069911
50008.8585507
50094.4390111
50179.0267518
50299.0433088
50382.0472895
50827.1407908
50886.9254485
50704.411878
51133.6466099
50921.8854436
51000.2939307
51426.5307699
51195.6530772
51318.5777783
51721.7136052
51731.2065925
51920.0379241
51723.2814139
51823.8800282
51927.2759111
52327.0530388
52107.6525414
52505.9807453
52328.8985738
52375.7927932
52510.6738344
52587.8291349
52676.7558329
53105.301036
53183.3933529
53017.4577713
53068.70442
53217.2455583
53575.9562558
53386.6866682
53496.3178123
53887.1807953
53724.7333982
53823.258419
53874.9959957
53997.5419883
54090.4296564
54223.8279835
54591.1158938
54682.3065533
54489.5106317
54591.0724319
54730.1675466
54741.4571091
54878.709939
54978.6979728
55077.5382094
55205.2022425
55632.4241192
55686.0258677
55488.5394754
55881.5052738
56010.1457068
55818.3825032
55945.0313456
56004.2491978
56092.6629145
56489.0673544
56592.3534108
56430.8764475
56517.1293553
56606.9241927
56709.4384575
57081.7517347
56919.0523394
57024.3525315
57406.2379447
57502.9081151
57305.7575455
57679.6429551
57802.3407649
57913.9313579
57997.6969302
57825.065659
57894.3059451
58018.8737943
58385.9800183
58172.111002
58584.9876272
58428.763255
58518.7648314
58577.4435709
58983.914625
59103.4736337
58889.1503873
59014.2916485
59083.887214
59202.2877545
59601.0263973
59422.8466535
59486.894742
59545.4753091
59994.2152773
60098.6206858
59910.2145298
60012.6029476
60117.2851591
60221.8819435
60298.4691559
60687.4624046
60803.078043
60585.7466937
