700.498659264
1105.78104045
908.983835018
1043.9887181
1088.0366924
1527.61253868
1620.08951605
1393.9191868
1488.16966767
1603.64309069
1701.36758258
2106.80339252
1920.41965285
2324.13536732
2108.36596429
2190.89321322
2346.66487364
2703.87164886
2493.89460671
2585.19981055
2692.34444238
3120.29078667
2928.7064163
3286.96524106
3421.8289362
3182.67346515
3587.68285173
3704.01066193
3792.55741442
3590.54797468
3678.64718391
3798.6326983
4201.80564534
3980.41594702
4405.69856566
4536.8483195
4303.7074559
4670.19184839
4494.88972701
4579.1836447
4702.68483556
5135.46746538
5208.35227529
4995.2176127
5412.87909731
5190.88087945
5283.34350227
5391.15424252
5511.9393336
5888.25024118
5998.17604542
5802.97281138
5887.9968459
5989.04608981
6070.33188523
6207.03509895
6602.90148564
6711.73548931
6516.74276553
6896.29999911
7021.36358286
6811.48970326
6919.80792272
7007.37808665
7072.90549395
7178.3172136
7647.38537844
7688.89391489
7510.80675583
7604.52854333
7985.98887249
8106.95630326
8185.59231644
7987.19231158
8390.50233446
8191.26445333
8257.37061136
8688.92458491
8516.59229247
8606.47063042
8678.43075166
8789.39063745
8907.56685913
8965.24616649
9111.3038529
9482.41728331
9628.9957694
9706.16998124
9508.00773288
9615.73262575
9990.26436503
10134.9777464
9925.29701002
10308.4410267
10102.4816473
10220.6305263
10315.0838289
10387.8629179
10792.1494325
10580.2871283
11004.6992373
11073.164733
10871.7292295
11005.361532
11397.7516284
11217.4620318
11291.1831388
11679.0023039
11785.1348878
11903.0667656
11992.745211
11821.103719
12206.4132355
12324.5641066
12422.0938437
12506.7847412
12619.2612225
12695.7844172
12500.2860224
12570.2645003
12695.228438
12798.1757645
12880.0988665
13250.5188327
13122.6003671
13157.4948434
13282.8893256
13424.7960217
13830.3565811
13910.8453738
13697.9376863
14101.9244914
13902.3571792
14006.5486979
14086.5536762
14194.1297009
14310.0657201
14394.0997384
14772.8933036
14601.2021212
14684.7131057
15069.3454289
14891.2476843
15006.6103375
15084.0016953
15524.3244849
15596.8971483
15698.370437
15497.5486302
15612.6979598
16019.1517368
16095.7433838
16185.0265049
16302.9040852
16114.0011779
16503.409852
16292.413418
16422.9412194
16490.0667006
16890.6004347
16715.9992345
16774.4699097
17202.4111663
16998.2010721
17384.0390315
17186.3696554
17292.7839737
17399.8445678
17795.6847309
17608.9361942
17704.4649966
18111.009062
17904.1926779
18297.5558805
18116.2973322
18198.8540962
18614.4398915
18391.7872145
18798.842044
18881.1582405
18733.9823572
19103.2921023
19167.3851381
19007.6606876
19106.5392414
19190.4931477
19588.7441389
19731.8125324
19782.662572
19617.3318904
19930.8009724
20060.7457694
19887.2410811
20005.5620963
20075.4749166
20201.2939887
20612.6237911
20684.1415063
20779.1863192
20884.9558042
20715.0067691
20828.41967
21208.3131303
21333.7488178
21415.5992027
21492.9133296
21292.7041043
21731.3917577
21462.2758076
21892.9960884
21685.1068509
21807.2173339
21905.9208278
21984.8204456
22427.2855939
22209.1943919
22288.6735299
22378.411502
22494.6753448
22608.4246161
23020.6565476
22814.5324046
23191.1221011
22956.9018576
23402.0063143
23198.3576223
23616.6272823
23437.918118
23559.8238152
23909.3094614
23695.7045085
24096.2182503
23916.6097148
23971.3195672
24437.7557571
24198.3631006
24314.7718841
24409.5006286
24476.3009714
24593.2041651
24982.3949269
24808.9451201
25205.2224969
24992.7468829
25379.7977058
25488.579438
25556.5657952
25666.8640469
25507.1952977
25870.9024199
25688.784752
25805.4460866
26207.2911282
26298.3752007
26442.0552649
26220.203954
26334.8913672
26392.3640397
26844.1153454
26598.1245931
26721.9059614
26805.6455926
27201.8011269
26996.0531013
27099.0567131
27499.9587244
27634.989001
27713.7538713
27834.0294626
27887.830983
27706.3237831
27811.4343187
27897.5475344
28311.7353729
28371.7952341
28518.7812387
28603.0500488
28737.0416929
28539.1524743
28594.6039009
28691.9795828
28786.1762798
29206.0186402
29008.698879
29103.3884322
29506.5767313
29305.0988293
29700.6526914
29524.6249311
29628.3420743
29699.2825651
30064.3383682
30201.9605066
29995.3199405
30427.0911476
30184.21896
30576.7580562
30420.6447217
30758.7110565
30847.6835665
30731.2351471
30812.6343063
31213.7434508
31006.1209314
31103.7970948
31492.1180824
31313.9240589
31373.282128
31518.8369782
31887.6271375
31983.7087332
31807.9181986
31903.8944595
32294.9201419
32118.6889501
32204.5491079
32621.2369641
32713.3469874
32806.40039
32897.5229926
32664.7058877
32797.3567969
33181.1299446
33299.860928
33096.0795752
33210.4740683
33587.9882879
33712.6648924
33480.2426983
33600.3552464
33693.0777991
34090.4327791
33926.6371136
34006.6392982
34428.2045059
34512.6768201
34312.3123238
34670.9994937
34509.6596166
34887.741627
35001.878829
34788.0643371
34926.4467723
35317.3828315
35379.8072087
35194.5138435
35284.7159754
35422.7234233
35471.0916596
35592.1650877
35996.1523247
35803.95763
36178.5358609
35996.4670907
36409.7425625
36233.631199
36301.9593823
36689.3138947
36510.0224406
36628.631247
37023.1032851
36790.0187213
36874.3059595
37264.7744522
37386.5833123
37490.8143392
37626.8522055
37399.1270589
37809.8879644
37587.9928598
38005.1215799
38082.8480322
37919.3756148
37985.7339823
38410.8282282
38513.6797119
38320.0555777
38713.289694
38805.2086507
38603.3500315
38704.8144624
38799.0923852
38894.3220837
39335.9917127
39140.9576356
39494.2410693
39616.9874493
39429.3980906
39496.2928023
39932.1872931
40005.9732354
40089.2452482
39901.1233728
39995.6169375
40097.3420757
40486.6982297
40288.4333167
40666.4689249
40506.7780603
40613.499399
40723.4819036
41088.7133782
40905.8917127
41319.1625652
41399.565664
41526.7206367
41295.84949
41398.8749044
41803.4063616
41895.2573961
41697.2528078
42063.807739
41876.557577
41987.1117269
42428.1343059
42209.8285998
42574.2780144
42409.9544428
42780.4088899
42619.8554524
42732.9116429
43089.8796792
42892.1190693
42975.8752708
43391.2715721
43464.8246046
43299.6097646
43379.9893916
43515.427856
43592.6268738
43690.0449494
43801.0048234
43889.955618
43999.2687552
44400.4541751
44213.1239321
44655.6406626
44702.7464328
44784.7253603
44638.3483759
44984.6015504
45107.7782058
45186.673333
44995.826678
45382.0347757
45175.7783222
45574.8728669
45433.9764299
45810.6760783
45885.1037934
46030.348938
45792.5220499
46194.6918098
46305.0920212
46097.2819704
46172.3725878
46612.6604258
46410.8039602
46484.4197307
46593.3044303
46999.040205
47090.2018355
46902.5523825
47021.0862239
47102.2808551
47512.6494852
47332.568721
47399.8421204
47797.5582966
47920.7889332
47741.8123575
47784.2739737
48193.7531287
47976.7788554
48423.8515201
48194.6912996
48626.0526673
48389.3966102
48488.9848441
48915.83634
48982.8736338
48796.4484327
49174.5037798
49314.3529197
49113.2826097
49470.4088923
49576.0644388
49712.1033951
49798.7495625
49918.349626
49717.3289469
49809.2498274
49907.0417162
50330.7523613
50409.8388551
50228.3808907
50302.9846416
50716.8511525
50800.5717812
50617.0867495
50704.8402183
50801.472195
51223.672172
51013.0274766
51110.8924807
51487.9034192
51606.2178737
51450.4382259
51531.2696964
51628.5609806
52010.7224644
52106.1727576
51906.2844725
52025.5423945
52118.2078477
52460.8808693
52309.1519771
52401.1770679
52489.7421385
52624.228591
52993.544299
53107.2828352
53224.6318661
53310.6122671
53104.7446248
53184.9743765
53609.1963759
53705.7604639
53486.5251631
53584.1114017
53674.7358341
53789.5869742
53897.3387653
54016.5118373
54103.4246182
54509.4678922
54584.7896338
54688.9467935
54494.1800241
54880.5989935
54972.0601408
54790.5537767
54887.585689
55023.6477
55133.3458267
55478.647734
55561.8003469
55688.279291
55517.9083834
55578.5254134
55970.7716926
55811.6887525
55921.762167
56007.5538416
56395.4545823
56181.4959095
56297.4416054
56378.5881654
56785.2227381
56622.8068461
56733.6199129
56798.999898
57190.0596081
56998.2181052
57403.192985
57496.5243323
57316.1710972
57400.9275982
57529.1911447
57916.8021862
57996.7833569
57805.0609611
57903.0151016
58269.3072147
58091.1243335
58516.374824
58328.3401756
58361.1595514
58539.4294691
58598.8420471
58691.2651988
59059.443088
58891.3157088
59008.1489233
59096.1273436
59203.2901032
59290.2674392
59383.5828234
59502.9285774
59615.0281703
59998.7161258
60089.9744252
59900.7732459
59979.404754
60084.1600369
60509.754806
60584.2134696
60762.0590668
60500.6022911
60638.1537439
60714.9680847
60805.2828004
61209.4197892
60973.8955683
61380.2220207
61201.8663403
61311.1470801
61393.5995914
61502.0330737
61884.712636
62007.6760412
62117.263007
61889.1442702
62332.5315313
62121.1142177
62467.8654656
62630.4816002
62405.4327266
62820.5561621
62887.5294273
62673.4332099
62798.3605417
62918.3129566
63011.7520188
63130.246607
63502.7724259
63606.4212616
63431.9607182
63505.8454911
63617.690874
63988.9668036
64097.357386
63920.3014091
64291.236431
64122.0353438
64223.237504
64573.626119
64692.8716393
64521.9044295
64595.3211734
64692.1762293
64798.1041437
64897.4528797
65008.4664686
65398.7962877
65185.2128486
65301.8798674
65409.847725
65475.8819762
65864.301457
65689.8202459
66092.0036393
66232.6875667
66009.7453309
66120.4325531
66197.2983013
66275.8675983
66387.726682
66771.6827539
66895.8533589
66740.5977605
66800.3380125
66900.1479511
67295.501508
67125.5547791
67522.3051594
67582.10968
67734.4579852
67485.9968929
67931.3567778
67695.633499
68117.7870115
68195.2992754
68027.7042152
68061.7201427
68175.3567534
68598.1381312
68375.4845112
68483.2053432
68604.7494607
68990.1554051
68782.294245
68884.9359371
69011.1177225
69117.7606689
69504.3899074
69625.5002339
69392.0669561
69471.6020456
69571.0699682
69676.9256343
69809.0746653
69926.9214162
70241.1767855
70091.6568781
70496.560486
70583.8745543
70421.4156385
70795.975624
70605.4904323
71032.0379008
71077.8610668
70909.7686717
71029.998058
71094.2263599
71221.4547552
71572.9232756
71727.3203696
71519.6415342
71607.0023111
71674.2917729
71795.3152807
71872.4154345
72018.8111364
72077.3208634
72196.7244182
72561.9788591
72394.4295699
72543.3712257
72608.59931
73003.2951193
72797.6943761
73176.4977678
73330.6342487
73426.1392952
73187.7997191
73599.4142382
73417.9073014
73507.1166988
73911.5124068
73697.4357919
74096.2104214
74205.5124534
73990.945769
74112.5647142
74491.6736073
74595.4172106
74709.0960075
74507.222295
74579.7377986
74711.393026
74808.1256157
74918.7108189
75008.2388322
75096.2237827
75197.0399041
75331.567945
75389.4697252
75789.3790648
75611.5038729
75677.0424184
76100.8617074
75891.7690967
76024.5359412
76345.4271611
76201.3027771
76299.1683272
76701.9428277
76499.3154884
76923.107429
76738.7554657
76814.2865374
77221.0313302
77292.3933647
77095.7989529
77210.1928371
77610.0829001
77725.9325211
77515.5400773
77584.701928
77680.7542358
78130.2242687
77892.7511241
77985.5991427
78097.2287022
78212.2924557
78322.1572943
78706.1356583
78523.0507176
78940.6184833
78721.645102
78808.6342114
78906.9478054
79021.861336
79412.8720486
79205.8729104
79312.3132823
79385.1089209
79531.3390999
79592.8585341
80012.7121459
80120.5331214
80205.1237941
80303.2282312
80091.4785148
80204.761383
80632.4460676
80377.5871341
80789.693145
80913.0557638
80708.158237
80776.7334582
80881.2248683
81293.2809043
81093.0824736
81196.5965862
81291.8795164
81392.0799849
81468.4164713
81891.7127164
81665.4468004
81785.6918659
81905.685598
82272.215137
82347.6032128
82183.6264122
82638.3892015
82719.6038988
82493.0650588
82905.0204048
82646.5251619
83107.5899493
82901.7638147
83272.1961524
83455.5441246
83515.3415497
83325.2900427
83695.9675784
83477.7932162
83887.5102719
83691.6727191
84100.0226676
83915.9988813
84267.173899
84399.321601
84192.3939768
84597.0715804
84399.1713466
84834.5346628
84628.8628161
84705.5234873
85109.8187658
84893.5099592
85021.0500591
85132.3943437
85189.3407014
85325.3907569
85695.1861864
85803.1381579
85569.4215548
85727.1727675
85799.2283854
85886.8330646
85986.4208964
86380.5068462
86216.0051725
86323.9661904
86384.5358616
86508.282719
86943.1938086
87024.2516815
86793.050705
87216.21914
87282.3045671
87381.6741186
87514.8975751
87566.4968761
87404.8806265
87533.9951824
87916.1595014
87953.6570474
87823.1988166
88201.3942483
87992.218564
88400.3016945
88203.8249425
88310.8076542
88423.3231049
88522.9119775
88587.7828546
88705.6622598
88801.1486243
88865.3062353
89284.1256912
89118.6893041
89212.9846164
89315.2943729
89405.8082858
89509.2514335
89614.5798991
90021.1530875
90141.7775524
89913.5463172
90319.3569695
90097.0314044
90490.909761
90592.900568
90419.0026497
90496.2000683
90918.6266138
91006.8956454
91091.6406024
91186.3001747
91273.8691694
91120.7950518
91498.5147675
91587.0433005
91407.5326656
91525.1388697
91600.5013828
91702.8562988
92127.4478246
91876.2015755
91999.4344622
92083.3263617
92504.9352345
92597.5414394
92712.1144644
92482.3226007
92590.5098698
92982.537062
92796.4069789
93234.3371448
93307.3872549
93081.7458784
93199.8028696
93298.8804376
93419.1152196
93484.3165596
93572.9120099
94022.7771433
94095.3604435
93904.1954412
94007.7431214
94394.2818263
94217.8840086
94311.2016185
94414.0827773
94802.5866419
94636.1404983
94710.2639245
94835.0898622
94924.8890195
94999.456711
95106.9192516
95205.3844852
95571.4947634
95397.8482066
95481.3529073
95880.2050375
95669.055264
95769.909548
96185.9075741
96276.5532462
96134.0783725
96480.0142744
96329.1330828
96418.4122637
96802.4426363
96576.4613026
96694.9978172
96777.0116467
97191.1685883
97043.0355215
97405.7420564
97216.3487454
97306.3063027
97392.6609682
97468.6919078
97624.9362873
97681.1812138
97793.0286784
97915.1598337
98277.9606697
98391.0298919
98225.9588476
98301.2215406
98708.0040593
98822.0527917
98886.2497029
98692.7136994
98825.6730104
99181.1658007
98987.915677
99115.9514513
99473.3035008
99564.5481622
99701.6881988
99511.0165945
99884.7789973
99998.5099198
100074.212643
99924.0321333
100312.582696
100100.38702
100482.133843
100303.388977
100709.235851
100507.907338
100846.634272
100698.00966
100815.204418
101240.903754
101003.877045
101124.50996
101199.965556
101302.054873
101713.88517
101501.856886
101600.611777
101693.755493
102093.165273
101904.117798
101987.121282
102396.785128
102493.916887
102289.323625
102427.867941
102791.275899
102880.696142
102987.943024
102856.421255
102910.966089
103295.47278
103392.046226
103182.249379
103309.814489
103402.854351
103807.735121
103610.759118
104004.419182
103818.242909
103880.375752
104029.341216
104374.597714
104195.378305
104308.355221
104706.32011
104508.659208
104881.993991
105025.685357
105103.365358
105186.158747
105003.738308
105117.521752
105190.25144
105284.205887
105415.526618
105799.220242
105634.179434
105686.714505
105807.709618
106228.731322
106312.977528
106112.408547
106231.098724
106647.473278
106387.735345
106460.350967
106917.358693
106730.244719
106846.493387
106922.020288
107016.88927
107423.057392
107189.52802
107648.124796
107404.163868
107521.862823
107903.427406
107711.358256
108074.414581
108209.870701
108034.231403
108389.717488
108198.571641
108268.331288
108705.096149
108488.213159
108592.629676
108685.37064
108806.684109
108904.95041
109002.672207
109106.675527
109446.106225
109591.17063
109764.214464
109787.254832
109589.97066
109706.294473
110124.057463
109874.329756
110254.569227
110380.182027
110183.342797
110589.929956
110409.633904
110518.168128
110867.047617
111026.663778
111118.729891
110896.819425
110985.081762
111110.210777
111479.542269
111334.258016
111700.628279
111480.486157
111594.602705
111690.952808
112089.312231
112172.165552
111986.388088
112393.749672
112494.392227
112574.695794
112374.053009
112803.505649
112871.650256
112694.739501
112782.843472
113194.630357
112985.966667
113412.298062
113193.712141
113604.769741
113409.400539
113802.846555
113912.846564
113948.599152
113817.674909
114140.425136
114330.284921
114078.438636
114494.147645
114600.727716
114405.084918
114477.092544
114647.863932
114699.210906
115067.084216
114904.749515
114991.16884
115411.159861
115514.824276
115286.054933
115677.942322
115798.917177
115600.343148
116052.095265
115807.79598
116195.990018
116289.027953
116375.008509
116191.369277
116571.073828
116411.424556
116471.36115
116564.487753
116720.640751
117046.649193
116908.448661
117295.380866
117380.786112
117189.933439
117293.892039
117695.381343
117504.27194
117915.358916
117693.360488
118132.691469
118191.110028
118311.643657
118378.158346
118487.039451
118300.617359
118400.774985
118819.121745
118891.609557
118692.020819
118801.167928
118900.297026
119010.233518
119390.91526
119184.682902
119581.964694
119382.042243
119526.525981
119599.432042
119966.058854
120121.028317
119869.983147
120003.290381
120094.032273
120204.429593
120303.990935
120678.226798
120509.442718
120924.576385
120933.06291
120791.164397
121193.010324
121255.589882
121408.428961
121500.81394
121282.250913
121682.238749
121513.064398
121917.526736
121707.63786
121806.713623
121929.116086
122011.717137
122132.811071
122210.170842
122299.134637
122678.197019
122798.618724
122890.351585
122702.403106
123093.502762
123190.924671
122971.309869
123100.474081
123184.766908
123322.916685
123409.475044
123779.467452
123612.445479
123999.438297
123786.485137
123888.954284
124010.428482
124395.001161
124229.886027
124299.625172
124715.431275
124771.057059
124613.957507
124728.123855
125085.550947
124913.028962
125004.082263
125088.336318
125242.526515
125299.04287
125716.15347
125488.391824
125892.905229
125992.752435
126077.697837
125890.048669
126006.852434
126115.801833
126210.992546
126636.4547
126405.134749
126505.424747
126591.913241
126970.497544
127084.795408
126896.322111
127004.911645
127097.684213
127207.293316
127291.822692
127414.993917
127796.157682
127887.035603
127978.410354
127820.86283
127899.122136
128309.270194
128096.454208
128198.913293
128294.474036
128443.072935
128495.068949
128578.463534
128710.941034
128799.709026
128906.149316
128992.427728
129403.67918
129223.708322
129293.269237
129406.61744
129503.895817
129594.413476
129687.303632
130100.606889
130204.859022
130002.978089
130405.610896
130208.091614
130619.879331
130414.887532
130783.795209
130616.249941
130702.325323
130826.441089
130930.898641
130995.880523
131343.221126
131239.517278
131307.129178
131350.331349
131503.322629
131604.965721
131704.690066
132103.573579
132207.133195
131988.628739
132067.649584
132210.414871
132564.746579
132742.491578
132484.475551
132623.643135
132991.429871
133104.958389
132904.817084
133290.333769
133102.576928
133207.245974
133274.788578
133427.935126
133822.766095
133613.652165
133704.844593
133804.867553
133909.887226
134330.309689
134122.452886
134186.391475
134294.686757
134438.771977
134792.031999
134623.308996
135027.779774
134799.561617
134907.873408
135351.322162
135107.637883
135205.449991
135284.790933
135400.857509
135787.390152
135589.880402
136007.484953
135806.572893
135905.563272
136281.187432
136410.40228
136201.818153
136305.410279
136383.584975
136508.411533
136903.008248
136697.745513
136827.315561
136927.579764
137325.016915
137434.25144
137516.138349
137601.876761
137397.829321
137773.056072
137598.783169
138021.265356
138097.051699
137876.328535
138289.839736
138108.864248
138187.109445
138301.439412
138399.461624
138778.341958
138599.387765
138693.126352
138801.148123
139226.533355
139036.27153
139108.151082
139210.117479
139599.294528
139667.353791
139492.800352
139614.091148
139728.188081
139794.186544
139908.691392
140280.820994
140405.433861
140487.254005
140600.60601
140394.818394
140788.990026
140603.978952
140697.171914
141110.359651
140896.349837
141008.910257
141432.533123
141219.60692
141602.971649
141682.304361
141841.310227
141891.986269
142016.429882
142101.479923
142202.441918
142275.678872
142397.27457
142212.505704
142601.104156
142456.082493
142764.444847
142887.463629
142718.537797
142819.933007
142913.086739
143029.110366
143106.980527
143520.18659
143615.121352
143405.272472
143518.880048
143576.129589
144004.562919
144103.41708
143883.122256
144005.737293
144081.696497
144198.431182
144297.010367
144746.780865
144515.026552
144602.520307
144668.411768
145087.189367
145264.714828
145332.311814
145408.012843
145503.356836
145328.708681
145701.913148
145798.999784
145597.248904
145997.775782
145781.809255
145890.966667
146303.509444
146079.009481
146183.949358
146282.104737
146719.900444
146516.850299
146853.033489
146670.707949
146822.122511
146912.476916
147274.345903
147399.286975
147231.334432
147612.092644
147394.28248
147818.632164
147907.902605
147705.782141
148064.087961
147885.483952
148281.778145
148095.998927
148234.682816
148310.792681
148681.567907
148480.322764
148893.190213
148712.966495
148818.627725
148918.380922
148997.162799
149413.280941
149504.781491
149291.618787
149690.247852
149843.903051
149898.427641
149697.783167
149811.570933
150189.116709
150021.759085
150123.275909
150203.955019
150310.752062
150408.601045
150807.203274
150584.925347
151020.651493
151078.183305
151177.807812
151004.298515
151095.289638
151162.326719
151598.051194
151403.643228
151781.742167
151597.980219
151699.055535
152096.915106
152218.918248
151981.862925
152382.622385
152192.229569
152625.725523
152701.841516
152488.383645
152589.977608
152694.689694
152789.921402
153236.132326
153314.241146
153110.23648
153520.943235
153639.995978
153402.05086
153821.610795
153654.299552
153712.286197
154105.017901
153894.307732
154304.964909
154100.37763
154205.675113
154591.863789
154380.100704
154778.422765
154901.963274
154709.158367
154818.690812
154906.397221
155273.936451
155365.238598
155466.964781
155277.213372
155710.162247
155494.712294
155596.086431
156020.215284
156112.114379
156233.117301
155980.739385
156392.559541
156506.373585
156613.110588
156711.165304
156523.006756
156603.463139
156730.971142
157131.070554
157190.582448
157293.355888
157109.162801
157206.950779
157574.613633
157695.875309
157475.938291
157586.581257
158014.099715
157796.619398
157888.955235
158290.409626
158394.120463
158482.251353
158603.263888
158384.693077
158805.16556
158602.756212
158701.477825
158789.834911
158928.725263
158982.626084
159073.19598
159194.56308
159610.952733
159659.031734
159774.608552
159848.641193
159692.204109
159792.768681
159878.747998
160276.218938
160104.231875
160179.6737
160306.123215
160385.784698
160487.383185
160876.923326
160711.644882
160816.340803
161211.562927
161274.60053
161110.384296
161518.646016
161321.317688
161395.623116
161546.448156
161941.999631
162007.83876
161807.352994
162226.751103
161988.484657
162419.632636
162191.241134
162287.310264
162408.856953
162546.611687
162604.00137
163001.881273
162797.269558
162926.84155
163312.668531
163090.806187
163514.906153
163566.830208
163402.909847
163796.619459
163849.377985
163716.857675
164114.954966
163927.443377
163974.95217
164419.169444
164200.370643
164337.983593
164724.196729
164801.053793
164588.204703
164663.28573
165099.803948
164912.815622
165307.981778
165116.085317
165504.056945
165624.499296
165393.621765
165477.039916
165900.523526
165700.68441
165847.962343
165915.795378
166021.779495
166089.195067
166184.970492
166260.200702
166398.770477
166493.714352
166579.315129
166709.655352
167089.040388
166909.100054
167299.78489
167119.328811
167197.275362
167585.860369
167367.755364
167484.142954
167913.445673
167709.520689
167798.794321
168225.787113
167977.67605
168098.16909
168193.772423
168279.456487
168418.079241
168493.039099
168653.340357
168689.022318
169089.663279
168898.230432
169006.324385
169422.711604
169195.500534
169598.721946
169731.326619
169774.219608
169596.074808
170009.840454
170099.409763
170189.257208
169987.272313
170083.915623
170510.762364
170575.850617
170683.50791
170513.612969
170591.286918
170670.3581
170798.904404
171216.540427
171011.753815
171096.785172
171183.235144
171305.155809
171676.417487
171479.740791
171879.129342
172042.460274
171760.133138
172191.635675
172275.142166
172366.965213
172201.907381
172315.810373
172398.118891
172502.865734
172592.424236
173033.445093
172791.826719
172874.162245
172988.459201
173395.919546
173485.194809
173632.756778
173437.280591
173795.820692
173613.556409
173725.483016
173801.50301
173884.116838
174005.804959
174361.671263
174223.340003
174301.823916
174670.397442
174464.002821
174601.072489
174978.737961
174814.689085
174916.405414
174997.734682
175419.903172
175190.079684
175305.418484
175411.492994
175489.352265
175916.950659
175699.616151
176080.527396
176191.272721
176280.09815
176351.379862
176192.141938
176304.122578
176684.352567
176504.447358
176570.021239
176693.808097
177077.115007
177192.616378
176980.966571
177392.695873
177194.973424
177291.438862
177386.852751
177804.817329
177916.198495
177720.468846
177807.144794
177891.936627
177983.579153
178097.858213
178174.81927
178300.070338
178408.249254
178806.440935
178619.897866
178973.737419
178774.713633
178892.084581
179009.646627
179091.138578
179539.430049
179601.175591
179413.898081
179490.990179
179607.805124
180020.198101
180103.612569
180179.526833
180003.775656
180368.405537
180475.736553
180337.788841
180391.714677
180513.733123
180609.880658
180710.938822
180816.23773
181189.128853
181306.064553
181436.799348
181502.275816
181302.595808
181396.800375
181802.812426
181879.298047
181699.763741
182115.642608
182194.87339
182032.795492
182091.676107
182159.688481
182300.025636
182396.328753
182501.309951
182901.877822
182675.839163
183105.555003
183204.423633
183020.602037
183378.585369
183520.066181
183601.917
183377.58054
183798.224331
183617.398809
183709.925244
184107.912327
183890.251057
184013.159647
184404.963149
184194.613267
184593.274462
184406.538635
184524.37388
184910.845246
184688.943361
185091.234848
184918.373258
185290.702815
185069.160114
185504.445182
185312.075599
185408.480984
185797.453134
185608.470086
185704.321523
185849.20896
185891.554826
186276.728971
186424.143434
186213.869131
186625.777126
186678.942224
186534.597002
186886.085577
186695.850372
187102.427616
186899.47412
187318.17235
187419.6544
187460.357416
187595.926967
187384.075043
187817.446852
187891.566271
187718.798089
187786.518259
187910.726899
188004.040503
188084.449724
188221.267846
188620.976482
188391.512757
188803.937959
188906.729724
188995.752069
188779.621599
189186.985135
188995.873909
189100.575369
189200.244839
189311.600614
189723.923373
189839.760743
189590.14358
189681.557179
190058.47551
189859.513037
190042.858908
190106.006417
190542.634486
190323.128886
190698.323635
190468.75625
190613.49822
191014.438664
190796.247337
190913.100303
190989.909937
191098.449504
191189.453287
191614.082452
191685.492145
191487.257939
191607.276059
191689.402041
191797.123271
191898.398204
191970.450683
192118.467674
192216.782746
192311.469624
192392.208278
192780.532252
192578.882659
192680.939221
192758.915966
192883.990154
192985.45911
193384.866833
193212.499236
193283.669527
193675.845
193445.221083
193570.713847
194000.378011
193794.340904
193889.206982
194298.828293
194382.429756
194482.752484
194316.949277
194409.277126
194815.116333
194921.514955
194733.158027
195040.202747
194887.822472
194998.80537
195401.671558
195195.544951
195318.398721
195694.365646
195801.260278
195636.167425
196007.386164
195782.921004
195924.645866
196304.327972
196130.53338
196495.584152
196599.74429
196371.427741
196476.232498
196595.174851
196691.509439
196786.677994
196914.103091
197314.292549
197106.99731
197237.383593
197284.679333
197722.138172
197524.852711
197640.737544
197676.99284
197815.026827
197899.364523
197999.467174
198106.295411
198180.971105
198319.145918
198721.42017
198496.123689
198594.105837
198705.42676
199126.147083
198878.042948
199275.732094
199450.963448
199165.582082
199358.20927
199404.698177
199504.699403
199581.019023
199674.542308
199800.374765
200183.907983
200283.676149
200122.094273
200199.579539
200618.81925
200423.021082
200492.53648
200591.559051
200711.486593
201108.895017
200872.243589
201337.154829
201404.938578
201210.914308
201602.71182
201662.985451
201815.905083
201619.338123
201708.319508
201807.061202
201883.701622
202022.159235
202107.628425
202183.90726
202289.196385
202374.468532
202814.915394
202612.152194
203018.990875
202828.084648
202894.658347
202961.585965
203434.704035
203187.251079
203637.773065
203405.91338
203537.982836
203595.292333
203711.650109
203827.843651
204201.420796
204291.780019
204127.629792
204192.465884
204611.482675
204403.748162
204794.137698
204898.907794
204701.193271
204790.467523
205210.922557
205008.112267
205404.358366
205475.049722
205314.411999
205403.51961
205779.837157
205584.750471
205710.776888
205806.046195
205866.33131
206322.416068
206043.063712
206502.720853
206262.559185
206418.177926
206491.889724
206900.421592
206701.68749
207122.634576
206888.28213
207010.029789
207102.920799
207510.5325
207572.008765
207406.949681
207501.551242
207925.259362
207707.835794
207801.467754
208196.77864
208326.666895
208081.871321
208186.581483
208310.72843
208402.423063
208835.435733
208574.26788
208668.914266
208765.235305
208879.050512
209312.523801
209390.732612
209202.820421
209600.941885
209721.213496
209810.313464
209599.986307
209699.44612
210111.692124
210217.374684
210018.605596
210456.169938
210196.074696
210605.08578
210667.524155
210782.551368
210599.126303
210998.898124
210800.182089
211225.813147
210999.263445
211390.990847
211193.265769
211282.616758
211389.338932
211810.084527
211889.292538
212043.230993
211791.71108
211911.778612
212004.792547
212388.298618
212185.740281
212599.488818
212380.192476
212516.304001
212595.92314
212722.198777
212786.444648
213176.110613
213003.798891
213130.122476
213491.384675
213305.603786
213439.32962
213798.615736
213601.636438
213689.544641
214118.429462
213907.665607
214315.305312
214432.21015
214456.005277
214593.869452
214692.413632
214813.091816
214924.993248
214754.936687
214794.671872
214888.011164
215005.901239
215408.231183
215209.066612
215609.444019
215381.5835
215536.645597
215589.864415
215658.909974
215829.521551
216242.307267
216281.96494
216423.033848
216201.998429
216574.744603
216409.242544
216802.388117
216552.835044
216680.079753
216753.083031
216923.615401
217326.151846
217425.337473
217214.978643
217300.129329
217390.362039
217521.778698
217599.975409
217984.130197
218112.333891
217917.637904
217982.448948
218100.933076
218208.772876
218284.447366
218403.178152
218487.642742
218567.258408
218676.105847
218821.273298
219228.452538
219007.432991
219084.171835
219203.949582
219304.975954
219378.319414
219522.922972
219606.381958
219706.330832
219791.594139
220186.230692
220321.551106
220365.320262
220210.24387
220319.954455
220688.327948
220511.184474
220876.99019
221006.478764
221109.815056
221220.968234
220987.030399
221424.223919
221186.261343
221317.052832
221713.111662
221495.910496
221643.565572
221695.635883
222139.635985
221878.230222
222322.446174
222102.685514
222193.140339
222294.830156
222428.846514
222507.971014
222610.269302
222687.622725
222805.640115
223160.909769
223006.003791
223125.968466
223203.554667
223286.206581
223734.166311
223527.6076
223598.271234
224012.270299
223776.440144
223893.420737
223983.220071
224380.699436
224210.340226
224310.714726
224391.371182
224522.747966
224902.591958
225015.552107
224803.067783
225197.758842
225327.146275
225116.879205
225196.608636
225308.898875
225678.110291
225469.16689
225882.881231
225982.588843
225767.820834
226189.801599
226016.173946
226443.918808
226207.80645
226616.955782
226375.741821
226516.509035
226906.508724
226708.027924
227112.100758
227212.865253
227011.056937
227390.35243
227468.499819
227293.448044
227707.385165
227475.823258
227923.963413
228009.183347
228087.223296
227906.190865
227971.331755
228104.052777
228525.864666
228307.18617
228386.493738
228828.983539
228596.328796
229013.714196
228819.782972
229194.549925
229309.822904
229135.846892
229184.285864
229327.560875
229706.134328
229794.38136
229577.452395
229695.111936
230106.69132
230209.616077
230278.6161
230127.152167
230222.342701
230321.4037
230720.933044
230778.055735
230894.760177
231007.206491
230791.08419
231152.691231
230988.068408
231111.810387
231190.9872
231313.827081
231405.706456
231782.8044
231608.709321
231687.924224
231788.826412
232168.007033
232046.898671
232369.822671
232199.278486
232571.608026
232378.270324
232471.029524
232901.30293
232708.212543
232804.890591
232901.590655
233306.484772
233381.995973
233186.977533
233299.139786
233698.005542
233506.757271
233864.985088
233686.569843
233805.415605
233896.728377
233978.134579
234103.16514
234476.417154
234604.929579
234415.84944
234768.960152
234916.707387
234736.070918
234790.927682
235205.193275
234981.125306
235092.355335
235496.127397
235304.483032
235378.119343
235510.013653
235899.064603
236006.165682
235812.275821
236202.002576
236003.043943
236106.007782
236511.634977
236313.126498
236404.528232
236518.888801
236902.176769
236998.338045
236781.744083
236904.01287
237009.580084
237395.929032
237222.196844
237599.944555
237691.572964
237510.167597
237584.899704
237708.879701
238081.505635
237900.169281
237999.270049
238377.595182
238494.919459
238316.884559
238673.211523
238515.434882
238934.31734
239012.430119
238794.268154
238887.906508
239284.025849
239425.293488
239206.783515
239313.767065
239415.178926
239519.430539
239916.705493
239998.825854
240096.656953
239893.301827
240013.94905
240396.496057
240464.240243
240620.635963
240387.706412
240788.533845
240611.23266
240677.865439
240829.381296
240886.213946
241023.739742
241398.510851
241489.382338
241616.347392
241696.574953
241805.046307
241598.533353
242017.251852
241819.982053
242168.018137
242292.482072
242100.325139
242194.955191
242295.583379
242676.37114
242804.305281
242628.969117
242740.395884
243092.614319
242898.725241
242987.337067
243120.895896
243182.908782
243604.505304
243390.577374
243494.138328
243865.947029
243697.645624
243788.367717
243920.234286
243982.510861
244432.509846
244535.559008
244304.841621
244387.110796
244480.640819
244594.916956
245016.174217
244801.691228
244912.980059
245000.116979
245111.581722
245205.130301
245298.891888
245408.387803
245502.10609
245616.089443
245975.863707
245796.745352
246228.247635
246310.463504
246111.47941
246192.808373
246270.054766
246684.622383
246500.477445
246600.554684
246685.017911
247121.264177
247199.540953
246992.587295
247084.908055
247206.425508
247604.258106
247723.969837
247497.371985
247922.712212
248046.016996
248094.660121
247905.557706
248277.420538
248424.339701
248485.977265
248336.489051
248360.487413
248502.527524
248613.337528
248972.072353
248799.213332
249189.841623
249295.90764
249108.926039
249208.891986
249318.581896
249721.170785
249486.219227
249933.161463
249693.737517
249793.793715
250202.723625
250304.594056
250376.161527
250528.809665
250321.785341
250676.767029
250531.957709
250599.449074
