983.529416742
1056.62331339
893.278825529
1287.99622109
1076.77083721
1511.39060757
1335.59953765
1394.65912302
1518.85649644
1563.13215614
1978.9950939
1743.95464884
1911.59645386
2020.8543282
2378.87076709
2218.24740509
2621.2888535
2418.5189059
2818.52876925
2627.15506811
2709.37560322
2813.31814809
2874.86751406
2981.72448213
3100.43934909
3187.3102184
3294.32743753
3717.12664749
3843.65707419
3602.23960668
4045.78834122
3804.73011648
4195.09493762
3989.03949706
4358.40733959
4190.88954696
4333.66963375
4665.35394257
4486.58109719
4584.18490458
5003.05989703
4766.64656603
5191.20227521
5297.73993169
5096.59094509
5508.39408856
5597.61028482
5402.5476596
5773.63774516
5595.82728616
5734.70419834
5793.07882518
6204.0710734
6029.7528369
6410.82158938
6474.65177505
6583.68741256
6389.96020516
6518.55663212
6561.49680377
6704.75323232
6819.26011289
6902.84391951
6995.49201332
7086.60820956
7220.07850311
7302.37616267
7401.37111552
7505.20330965
7894.08141696
7992.38758939
8098.00199357
8174.62950518
8270.0392962
8107.5589252
8179.42978866
8603.45813654
8414.57202705
8509.88812657
8603.91767216
8723.04194175
9109.40797461
8876.64907031
9013.01069345
9430.0471242
9205.71385094
9625.04492106
9400.33650248
9481.45672111
9577.64463692
9729.66036309
9804.88462826
10245.9889673
10310.2408466
10113.6842957
10207.9554099
10597.0713253
10700.9937979
10779.9644823
10613.0952057
10989.7737948
11149.2834302
10914.6931195
11327.0315476
11111.0076216
11198.9693475
11330.5739621
11706.2118961
11791.4192309
11617.0563829
11702.9850284
11822.7229697
12221.3732583
11981.9975318
12079.0735344
12203.9496666
12309.698392
12402.4941843
12498.9684705
12901.1715194
12705.6049906
12781.1565125
12891.1529237
13337.8027581
13090.2906407
13480.3227012
13282.0271604
13732.5788579
13501.7349307
13595.1422174
13961.5786785
13799.0969163
13885.4899532
14349.9052053
14121.7887069
14499.181336
14591.3644004
14683.9480679
14815.5693395
14600.2816856
15004.4435585
14778.113168
14912.7275305
15314.9010401
15379.6273901
15200.7572233
15595.2036672
15682.164774
15776.4286263
15593.7011582
16018.074106
16085.5399787
16189.0121645
16331.5949876
16399.9016017
16215.1080001
16294.1507391
16390.4477702
16477.8208892
16609.6623659
16997.4643473
16806.2729709
16887.3092881
17026.6249557
17124.236428
17191.6030614
17294.077169
17732.0746642
17778.2867135
17608.3604372
18001.5375914
17782.532792
17915.6887123
18293.0254472
18131.6549668
18190.7184329
18288.5505919
18677.6351389
18496.7284726
18924.281132
18730.2401997
18809.831794
19234.870958
19289.8264636
19089.9608243
19220.9583532
19589.7771452
19704.3723365
19468.3719167
19599.081661
19719.1808154
19770.8910443
19887.456942
20019.5128976
20101.2355044
20172.1791623
20289.347571
20408.4987821
20492.7512846
20601.4103138
20707.4316142
21074.4084466
21151.0758395
20985.4590797
21107.3120832
21496.9698828
21630.0212927
21416.8661594
21492.8614058
21909.0908878
21690.350373
21797.6967521
22196.537543
21989.214467
22116.2927819
22230.6563038
22612.3075041
22409.011304
22801.9474834
22616.3016588
22723.3097127
23103.5265495
23210.2067193
23015.7631861
23410.3063159
23476.4172891
23578.8740443
23703.5576219
23764.5183136
23617.0391021
23693.5929644
24094.2733944
23894.3016228
24287.3455759
24424.4896674
24530.7191591
24302.4921341
24382.8749474
24816.2018261
24588.73867
24688.536068
25068.5112922
25213.173181
25283.09813
25112.7583706
25218.2903788
25599.2596081
25377.4783526
25781.9159125
25605.6313198
25690.9533493
25789.5293084
26165.073423
26276.2880167
26398.3580416
26522.7864211
26608.7321046
26392.1486403
26520.3612049
26614.2848463
26669.4009392
26805.4825217
27206.0412464
26997.3848201
27076.2320144
27192.7880664
27281.9528918
27389.5211215
27475.4536456
27604.4368375
28002.7737319
28071.1996671
27927.8130582
28295.3753274
28124.7277567
28490.653282
28288.7704091
28383.3718831
28806.6811913
28580.3925492
29034.4255583
28790.9742611
29217.2292387
29003.5320571
29092.8896285
29202.9786531
29316.2466328
29406.2149689
29816.0965451
29901.557438
30024.9349985
30109.1757481
29908.9737661
30006.5178421
30423.5682338
30479.8803307
30290.8710837
30697.4947895
30766.5194942
30579.2730443
31004.0134099
31078.982681
31217.7435928
31013.7229896
31092.3086325
31196.7988845
31602.9972968
31388.4308484
31485.2364118
31908.3152571
32007.8433059
32103.8129369
31928.7856481
32327.0818616
32067.9073928
32182.4207468
32295.9213351
32389.4999745
32489.2716157
32595.4224028
32974.1631166
32825.8384186
33203.1764308
33013.6987057
33081.5769819
33210.6808965
33323.3220717
33390.9268042
33843.1730763
33624.0875261
33993.3218092
34083.020051
33923.9966367
34297.5508734
34094.4618151
34468.7447789
34325.3699921
34399.9107814
34481.5736515
34871.1342523
34686.2206777
35116.8747871
35188.7882827
35031.4681656
35408.8256156
35206.0723672
35282.6400117
35405.1645346
35819.2482036
35574.0482772
35705.5024523
36108.0886234
36254.8260812
36022.1377117
36391.1921645
36164.6118111
36631.0969218
36675.8855369
36534.4666055
36901.8286966
36715.0323446
37102.3946355
37212.967257
36994.5193476
37390.3170177
37186.4412224
37567.9290123
37402.821458
37500.2876103
37605.8386803
38000.0449663
37801.4631224
38226.5524665
38032.9248637
38101.6958566
38207.3682466
38300.3421937
38426.7039611
38731.4299874
38942.5892159
38701.3009211
39087.6434551
38937.704227
39015.1062682
39118.2029836
39204.6817179
39560.1681418
39695.7177565
39492.5713228
39595.6599178
40005.8792916
40064.2638401
39880.2639327
39990.1924688
40410.9338945
40480.8129428
40271.9025876
40400.4784843
40513.2068757
40884.7815025
40670.9064294
40804.8786721
40900.4459866
41010.3051527
41103.451613
41485.194463
41327.0601497
41394.5722086
41468.4161448
41618.9708416
41959.6165261
42052.1200363
41900.8446259
42016.2234108
42091.1205735
42532.6544166
42283.8305328
42681.3492554
42496.9697035
42633.4534576
42983.5834665
43054.865755
42900.6284102
42961.4050089
43425.9047273
43199.0187363
43308.1420521
43401.165544
43785.0460798
43902.5171612
43735.8376643
44104.2390042
43882.7990235
44366.2386301
44375.9776205
44182.3099434
44589.5219708
44409.2406281
44491.6567445
44593.9244234
45019.3000153
44782.4987386
44916.2818139
45296.6598423
45120.6108809
45216.098518
45289.1803968
45708.5219885
45513.050259
45614.7574302
46026.9944038
45830.8520526
46202.7954043
46269.9461917
46087.8356238
46495.8889384
46603.6160228
46689.4609426
46506.21766
46620.9331705
46731.4595542
46790.152786
47195.7601978
46962.3688431
47451.9271149
47215.5153236
47315.7747344
47405.3118317
47521.0123058
47927.7067359
47695.0651048
47780.4939619
48176.8691259
47977.0893028
48398.889687
48511.2911118
48277.6975612
48391.2062032
48497.512591
48600.0650311
48990.2931274
48777.381147
49219.5243335
48996.1052647
49403.2816639
49201.2960416
49627.5562923
49386.1562308
49516.1909489
49904.6736748
49696.3786429
49801.2206073
49893.7652368
50017.8276622
50400.1463351
50504.8804894
50593.5932022
50723.8617495
50494.7958549
50595.4991444
50695.538207
50775.0625083
50890.7397874
50988.757788
51053.2539074
51205.4266879
51308.7952352
51408.2159002
51506.3515665
51590.0366077
51716.7906447
51788.2997948
52149.1409807
52274.2362805
52082.0433794
52489.7551483
52328.1933509
52416.3247096
52504.4519576
52897.6951558
53020.3449732
52798.3034128
53213.1230051
52994.8178494
53379.9133924
53206.2653574
53275.5510511
53442.0040928
53510.0625526
53598.6772473
53989.3154712
53791.668086
54166.3622575
53995.4090613
54411.4974074
54479.7686585
54318.3045619
54411.5612587
54841.5094366
54859.9286502
54998.0733794
54781.7022189
55184.6200538
55006.4777131
55107.6340829
55195.4997906
55616.5348949
55420.9845954
55479.8104477
55618.2341778
55724.4674389
56080.2046565
55896.4354773
56034.2144599
56091.2213663
56481.7224585
56263.4346728
56719.2177231
56773.2744436
56614.5325032
57007.870952
57113.2924677
56911.2056453
57001.2235446
57088.5299207
57173.2611709
57324.8033693
57673.9384156
57538.1720651
57900.4575053
57696.9039353
58105.7495111
57892.562269
58037.4399937
58118.9006156
58498.3339941
58595.4736689
58680.9553716
58493.7299464
58899.7880458
58985.5988184
59116.0591706
58899.7748477
59263.8303446
59095.4056159
59234.6900825
59307.8920547
59719.1591739
59815.9264996
59593.849368
60011.9246039
59804.6588391
59904.0845033
59987.3984796
60103.3106107
60524.8552611
60574.8561025
60380.6080099
60504.3583
60923.3699632
60694.0307
60810.1987064
61163.6383489
60990.9157327
61114.3163831
61208.2230084
61566.4399478
61691.3097919
61819.5731653
61612.323573
61996.3442529
62093.7059237
62199.3288172
61988.1469888
62106.8032177
62533.6265506
62597.4578738
62672.8463247
62821.3472552
62595.8757821
62696.5812819
62799.346006
63212.6591115
63009.1679651
63120.0085503
63503.3500324
63296.4461108
63723.5385406
63511.0318704
63572.9157035
63963.8093941
63793.7731324
63869.9669594
64278.2961776
64126.3542663
64192.2164954
64308.2807955
64684.6464684
64500.186234
64876.2654084
64670.9079616
64819.629271
64904.6979608
65284.7634277
65105.7113403
65196.6799965
65614.3701358
65727.7019808
65799.359652
65875.2074307
65999.5420288
65771.9678153
66205.478137
66303.4012535
66401.4406222
66207.9334832
66617.290406
66373.0941278
66484.6490432
66605.2349939
66710.4128966
67099.2838522
67213.0536952
67311.1835131
67067.1974256
67527.82495
67304.7118778
67685.9595349
67510.4693779
67926.2329762
67696.2468041
67798.6320353
67894.716973
67980.0079992
68078.8631503
68160.2928818
68303.223593
68732.1795294
68492.6241289
68610.9256402
69008.1666075
68802.0512111
69140.788824
68985.8801153
69107.1225217
69472.651447
69305.9713075
69419.4242193
69529.6928867
69886.8355377
69711.1101161
69781.0594811
70166.3104876
70030.3460358
70119.2716251
70521.3662201
70555.0391017
70414.0366226
70533.3363715
70608.494223
70687.358003
70838.6719602
70890.832014
70987.7288669
71408.4901081
71195.5003057
71303.150932
71394.6999947
71497.101744
71605.6269776
72013.129963
71804.9905752
71941.9303666
72008.2905895
72096.770531
72196.9092853
72619.8335016
72712.0897907
72774.380953
72901.3042303
73019.4232058
73103.4647621
72894.2311553
73040.2769194
73131.8372647
73460.8477881
73308.7106926
73717.1622736
73500.3972846
73899.8458762
73685.706781
74089.3671119
74187.6115705
74324.6442175
74117.6466028
74215.1723718
74306.8618601
74432.7596756
74789.104785
74939.023481
74699.657309
75086.9311101
75197.4795754
74989.4003561
75134.0389781
75545.5567385
75338.7053811
75421.8515036
75772.3979062
75595.9318026
75984.6485851
75837.2515976
75888.5993984
76017.2786492
76344.622195
76512.0447374
76313.4366248
76696.0090306
76490.6658123
76587.5882854
76706.5152741
76837.0513117
76864.7240904
76999.9532387
77086.8066609
77510.5099821
77317.7456079
77350.9703221
77812.0099187
77632.0511932
77681.650533
78088.9953674
77891.8883579
78012.4296252
78088.0314032
78498.5433204
78594.679424
78409.8154642
78487.4544187
78611.9153571
78686.5650994
78822.9913895
79174.1794142
79006.9633216
79122.8737725
79192.8567707
79303.5314713
79427.6021122
79511.1116863
79929.64398
80002.6181211
79809.235091
79911.3357329
79975.2347074
80399.2294646
80514.2316521
80558.5545164
80679.9584643
80818.3048849
80582.6920332
81002.3223493
80821.4859864
80892.8131416
80956.544844
81110.8659553
81191.9166788
81283.9001597
81726.9467766
81524.0077361
81927.1605497
82041.5914609
82066.6376096
81867.5292392
82001.8019546
82102.5092912
82215.9136307
82301.732659
82423.5791093
82522.3016947
82898.6151719
82693.559718
83080.7400133
82889.4118965
83009.8177481
83408.4971865
83210.7119376
83588.3012379
83382.7058202
83826.6470101
83604.596932
83986.6417651
83834.8526437
84187.2434912
83977.8813634
84091.7462048
84525.8645921
84583.6983468
84694.8416138
84788.7714531
84608.1906888
84714.608733
85082.1199183
85213.5662102
84979.3274663
85414.8403526
85182.9732505
85314.9726064
85421.5459416
85461.8825744
85879.9705193
85730.2386812
86113.930552
85893.1103715
86000.6896044
86072.7677651
86182.7846164
86284.4297578
86419.2422798
86514.289974
86603.9804145
86721.3367179
86802.5654695
87179.4131798
87006.8189901
87110.2371122
87221.1401165
87285.3681619
87696.0481864
87793.3982764
87912.4958615
87723.660758
88164.4134483
88205.4209389
88298.5720012
88422.0636657
88176.8763557
88279.1719523
88701.2781654
88500.8296904
88587.2536393
88698.2000202
89113.9965983
88899.1557499
88995.8188662
89124.3431599
89475.7613958
89294.1841741
89422.7875965
89789.2303096
89575.1124874
89720.8417914
89798.0834993
89911.7919149
90002.4748518
90096.9618393
90501.8358702
90287.7161096
90409.3244331
90474.6059692
90548.2101299
90984.3795952
91092.357828
91202.2513573
91023.2103982
91106.2136028
91496.9027291
91293.938173
91698.6280172
91524.6503283
91629.3997586
92029.5831832
91811.1533026
91862.1839121
92005.5095448
92445.6434442
92241.6787943
92297.9174938
92372.1645515
92514.9613781
92887.8120082
92716.1970465
92841.7886305
92913.3311294
93314.9149506
93109.6677766
93484.1724226
93573.158586
93720.4994469
93483.0721146
93602.9805022
93959.4572041
93776.5619669
93888.9714026
94347.5093791
94365.0030757
94224.638456
94316.1399172
94429.1954414
94792.5996826
94601.0045613
94985.2674661
95085.7950855
95209.2447243
94997.7733621
95092.6616282
95484.2971819
95605.8299242
95717.1125548
95470.6662342
95592.9626631
95717.7528259
96075.5646351
96171.152119
95980.0084669
96090.2143505
96497.5431284
96270.1397291
96425.7218587
96511.6171463
96601.6911351
96689.2798308
96806.0645651
97208.6152994
97275.1582333
97133.486366
97476.9197912
97629.2972893
97695.3811275
97834.4315275
97873.0924202
97734.6243348
97832.785586
98231.7271532
98306.4917755
98385.3874661
98210.8963086
98293.4621609
98736.7985067
98490.9343162
98640.9345627
98976.9598595
99095.0194465
98904.2001623
99271.0326999
99391.7764181
99210.2453281
99304.2015311
99408.948665
99820.9909128
99620.8260568
99663.5908196
99775.493367
99885.9674021
100304.423854
100091.509408
100216.875281
100284.815155
100693.688026
100814.072938
100615.233147
100671.350607
100788.07912
100878.328189
101284.962879
101085.906024
101502.850853
101285.402862
101704.446997
101500.13513
101888.661865
101969.769647
101804.191568
101929.77561
102005.299853
102403.429185
102186.87547
102579.129563
102397.41391
102502.922945
102916.874584
102733.665454
102801.001736
102920.989864
103299.560807
103405.128482
103498.375044
103582.997523
103727.859733
103537.699483
103902.561409
103695.714511
104068.128746
104179.670008
104002.217813
104365.985284
104264.943876
104299.105854
104396.056485
104490.355781
104588.110745
104700.528108
104822.151875
104908.138731
105025.413222
105421.54037
105500.66244
105292.689429
105724.547765
105797.258892
105893.34496
105986.860191
105803.199377
105907.763082
106016.569323
106430.072603
106188.284166
106306.169451
106405.902431
106792.267504
106619.39552
107033.271835
106817.561209
107179.709212
106995.714027
107107.147871
107520.414844
107614.931562
107421.149181
107507.135102
107592.371309
107992.475793
108098.278073
108218.062758
108015.817169
108120.935185
108195.072532
108277.262833
108414.288266
108517.694093
108606.813584
108982.235472
109120.713638
109207.912943
109031.402002
109433.338773
109183.795254
109304.837951
109396.43397
109519.192789
109554.349324
109686.934713
110098.914464
110214.245977
110002.912605
110359.352257
110528.229419
110594.005637
110391.52982
110523.294963
110606.190333
110688.936278
111089.620772
111204.816487
110990.376702
111413.62639
111478.870164
111288.081055
111420.241751
111498.899856
111877.595349
111688.107989
112100.573772
112194.823233
111999.633783
112411.055185
112194.312431
112588.444656
112712.766761
112820.778206
112630.142464
112671.435392
112794.032041
112886.646364
112971.032664
113424.675984
113494.133137
113624.404816
113405.590248
113784.876654
113602.719915
113688.812421
113784.632596
113873.38811
114287.640845
114110.630021
114229.315002
114609.821687
114687.811332
114511.294337
114923.80405
114707.193778
115091.468166
114922.501084
115321.313382
115354.27886
115516.872691
115307.483603
115409.839045
115527.134577
115616.850453
116011.587314
115794.960451
116189.620999
116298.387399
116437.477285
116504.441653
116271.499063
116686.093878
116491.06172
116620.139447
116985.74042
117079.908751
116933.268193
117014.770632
117402.114481
117189.714181
117583.552383
117698.864803
117490.781967
117612.336996
117684.489482
118114.326577
117910.009026
117978.162945
118097.96712
118206.919438
118614.337562
118732.0674
118802.521255
118616.724612
118694.56709
118786.540461
118902.18068
119024.894317
119419.366027
119476.510402
119626.049055
119410.147659
119833.615893
119923.452862
119694.556639
119797.859851
120200.837912
120009.416573
120100.542131
120212.043977
120616.375007
120414.118771
120485.151851
120901.556988
120995.564017
120784.191244
120921.197663
121298.718931
121108.207228
121188.861537
121298.474418
121403.972984
121497.550068
121904.041581
121720.21214
122098.92476
121911.29846
122000.693538
122133.710895
122183.664214
122287.705595
122404.191726
122543.624255
122873.703034
122999.586279
122786.080286
123218.181438
123016.21437
123425.07959
123522.0218
123601.809189
123392.030274
123843.920996
123904.508664
123697.010994
124143.578995
123885.600371
124324.656872
124395.270902
124193.928164
124323.398551
124388.879035
124792.711879
124896.683278
124712.88152
125161.65868
124889.441716
125001.702049
125411.192554
125543.479565
125588.877569
125393.274311
125797.086097
125601.530266
125702.344167
126128.064507
126182.810068
126008.050528
126378.415877
126480.628876
126307.242652
126703.415142
126760.379021
126606.57978
126713.559424
127091.714784
126896.362083
127008.46465
127085.588723
127493.031134
127298.5493
127385.944223
127783.317122
127611.399508
127705.364708
127782.526225
128250.59449
128000.776202
128390.180199
128198.842933
128266.632257
128411.233485
128815.406066
128891.311526
129020.191849
129074.427526
128896.25122
129294.890632
129092.432381
129197.853652
129300.448417
129444.787644
129495.223805
129592.690418
129688.947328
129775.524788
130172.1331
129985.110606
130342.199793
130198.624344
130306.136338
130415.897101
130829.448249
130609.86749
130721.184221
130801.966009
130901.705468
130999.808643
131390.000893
131186.410302
131597.524064
131690.871205
131799.101785
131603.019473
131691.622505
131798.2015
131888.134929
132278.792809
132121.825675
132193.162486
132276.571315
132419.137977
132503.485529
132918.730323
132711.279921
132787.489407
132892.562076
133320.951511
133403.800563
133523.566927
133608.473658
133692.62753
133835.722596
133597.838934
133712.475032
133807.604862
133904.853677
134001.801163
134116.35704
134166.777785
134332.556295
134386.022073
134510.407882
134602.740226
135026.946547
134802.441208
134903.458297
135285.697409
135110.413452
135195.520629
135275.989556
135696.257325
135521.775067
135907.730099
135716.487337
135801.078338
135906.144766
136016.364092
136407.822021
136212.205849
136273.560502
136405.465543
136510.988306
136562.874381
136703.822739
136769.694373
137192.950559
136985.881997
137085.605284
137204.304355
137614.531265
137395.252675
137494.583616
137566.696596
137706.448999
137777.446925
137919.221062
138311.024651
138428.755382
138516.162831
138614.311496
138401.501415
138784.073503
138555.561295
139024.124944
138793.952412
139197.987743
138997.025708
139402.353317
139203.160147
139311.217252
139690.876537
139488.938115
139607.040446
139988.47236
140079.311178
140202.438406
140017.937812
140088.282161
140478.919151
140620.081158
140420.739072
140795.800167
140593.826849
140684.323356
141095.896411
141177.077866
141276.170583
141092.243391
141190.994893
141321.628593
141429.718271
141781.027001
141604.882936
142010.661049
142094.755389
142208.667696
142296.513776
142099.324852
142529.192204
142597.079184
142742.249334
142747.254362
142618.09349
142968.078091
143125.946721
143192.200365
142973.537479
143104.207749
143190.929698
143330.832127
143407.103266
143785.161274
143948.253114
143706.478879
144101.568524
144221.499396
144038.887811
144429.784696
144474.70418
144577.031006
144408.474939
144497.318965
144587.230147
144699.375734
145086.653978
144902.985297
145036.144189
145119.472824
145484.541524
145288.521635
145394.696352
145786.559442
145900.245959
145979.119737
145756.874688
145918.44922
146307.434894
146081.017329
146209.566819
146258.013384
146425.211481
146503.943467
146923.94842
146711.211765
146785.835954
146906.716071
147007.655135
147118.057537
147190.302045
147630.275281
147388.947893
147523.159436
147892.16224
147694.136903
147832.82415
147929.17762
148260.777252
148399.816091
148177.983545
148290.997217
148679.400748
148493.144816
148869.882555
148725.511611
149150.31692
148901.049003
149288.468132
149120.126488
149179.182757
149608.353011
149400.794999
149791.305998
149912.196494
149703.162097
150093.862023
150187.555993
150300.230581
150420.300938
150520.706744
150297.819339
150420.297836
150495.267471
150566.69742
150996.667444
150788.178789
151202.878807
151010.85884
151073.144189
151495.339195
151296.176663
151687.818884
151515.473155
151610.192838
151968.900952
151820.092361
151875.648221
152015.226436
152100.947699
152192.85065
152575.519366
152383.439051
152503.960925
152640.429633
153036.276096
152811.390286
153189.484444
153045.193417
153405.251721
153486.848826
153314.869891
153398.78142
153502.307715
153585.599606
153701.855708
154115.771124
154201.623657
153960.770458
154414.860059
154200.598397
154311.66423
154385.359358
154476.495817
154915.267894
154721.382207
155095.692163
155214.478771
155019.025409
155405.520968
155510.861708
155334.731154
155712.507755
155487.955221
155893.843403
155697.62136
155813.487272
156234.326589
155997.470381
156385.300816
156495.225009
156579.479479
156681.164227
156815.539531
156622.618275
156983.808444
156783.97518
156918.586369
157004.983916
157370.091291
157210.266783
157310.594852
157704.191906
157794.720781
157626.080788
158037.757247
157777.797414
158201.03916
157989.032313
158421.841393
158491.051367
158293.797579
158728.197544
158780.72742
158607.496587
158726.42363
159082.984891
159198.698205
159013.052377
159122.887104
159510.463892
159260.535594
159708.426532
159775.073891
159622.423876
159707.337584
160099.048986
160214.11597
160013.584781
160094.003633
160178.950705
160315.143172
160687.696056
160495.025524
160624.716661
160724.605026
161137.517139
160921.078926
161026.977723
161396.290128
161232.892456
161320.300767
161360.571651
161799.45689
161946.890151
161695.47316
161811.11316
161898.028357
161994.540604
162412.269668
162498.336032
162576.825594
162382.509418
162515.106397
162902.203622
162718.348998
163082.257974
163181.771528
163020.296826
163085.143431
163212.767363
163618.026507
163377.782826
163795.462041
163866.933238
164006.025743
163798.766624
163916.132982
164277.092539
164104.275945
164200.007375
164586.630626
164406.444279
164492.832217
164903.442447
164990.419992
164821.524434
165175.258905
165290.009219
165396.572865
165498.478664
165312.948434
165674.898682
165491.603771
165600.968256
165696.497058
166099.250515
165913.602993
166321.559536
166080.269725
166186.021938
166308.408553
166682.258565
166511.850685
166616.428733
167046.318228
166801.29083
167201.226706
167257.88936
167099.993457
167493.040898
167306.02997
167404.47396
167836.838233
167891.734485
167694.146691
167816.376725
168191.875549
168007.033842
168087.957397
168501.02491
168316.730143
168389.145137
168794.566981
168603.534363
168715.361237
168790.182805
168931.938983
168992.614074
169389.767322
169210.288982
169573.71118
169670.105908
169816.740692
169625.622809
169692.423329
170069.047678
169910.101262
169991.79599
170124.020959
170524.87091
170288.036285
170391.54293
170757.421839
170595.00838
170703.501592
171118.713684
171190.985605
171010.45129
171433.92756
171212.846987
171293.531
171405.625491
171521.500698
171617.982307
172002.964438
171777.650612
171917.516979
172025.110613
172114.475043
172187.313888
172281.169828
172396.318888
172502.353045
172595.055424
172672.233651
173133.773037
173203.31407
173010.645612
173353.447363
173203.89433
173296.17201
173377.801148
173492.807132
173892.622018
173720.476882
174086.920758
174212.626939
174303.660881
174083.247629
174195.962663
174554.961404
174675.039303
174521.344236
174875.838636
174687.38586
174807.174043
174897.586646
175021.35808
175089.660777
175493.29984
175275.021458
175402.290388
175495.514299
175878.171611
175727.427943
175795.778056
176206.384621
176309.874403
176107.204718
176509.202892
176284.84348
176403.956012
176812.076734
176579.852992
176973.625338
177100.032707
177225.58091
177006.010074
177122.729937
177181.912819
177599.669704
177693.681059
177799.309008
177617.896469
178013.556124
178133.311989
177904.032575
178020.095934
178368.532525
178483.85355
178630.804441
178414.065903
178492.997212
178605.122904
178971.238181
178787.327713
179200.720639
179022.85209
179092.265388
179179.988021
179292.991211
179425.60457
179530.003985
179898.842832
179980.422326
179827.659416
180209.328286
180005.472296
180384.600023
180497.149524
180579.157152
180403.267694
180483.654419
180863.457218
180687.198771
180767.811831
180897.955256
181278.978587
181068.934158
181185.196725
181607.843523
181403.44385
181497.779512
181918.07944
182017.32695
181818.787987
181886.7223
182329.680844
182129.652536
182203.768206
182288.050318
182687.474149
182467.539265
182866.465748
182694.01439
183091.625679
182882.279057
183250.18053
183409.797391
183497.088058
183284.897814
183697.922399
183814.588882
183615.673651
184013.338121
183827.035318
183902.314824
184015.185895
184090.010847
184508.85568
184315.641933
184418.006676
184506.199709
184917.878247
184950.378734
185126.939059
185222.120603
184998.297275
185107.010988
185511.122745
185292.406724
185671.992266
185475.023226
185593.58866
185692.211429
185815.247914
185888.133362
185998.236479
186420.454205
186189.96981
186625.891386
186663.010396
186512.23253
186877.480911
186957.510843
187102.567895
187183.116275
187017.626756
187118.524303
187207.701902
187586.332858
187697.083836
187752.322217
187613.21478
187699.758226
187813.015965
187897.202766
188297.993423
188390.726501
188501.706938
188322.307604
188421.590744
188776.76586
188920.584697
189009.882688
189081.085606
189186.642807
188983.343065
189105.165661
189179.115812
189304.146367
189413.957211
189508.855807
189871.680842
189689.179489
190100.032362
190213.118126
190297.807801
190397.930028
190474.241393
190299.514877
190722.586
190824.86818
190623.509361
191011.478879
190778.018052
191208.648143
190989.304604
191084.773681
191214.833805
191328.825523
191405.226489
191511.593897
191581.039905
191688.899711
191792.582188
191901.883155
191999.671326
192431.454718
192203.077369
192313.933102
192689.722886
192516.970683
192569.959936
192713.982349
192821.467976
192936.005412
192980.075461
193386.730656
193225.355714
193606.965241
193714.833433
193507.962939
193631.989752
193977.660146
194088.771905
193909.124292
194005.640257
194072.977178
194213.231396
194307.728473
194730.800123
194833.786272
194615.446619
194969.640672
195111.211554
194927.514075
195014.810781
195420.520116
195183.138711
195308.284418
195697.248488
195475.180078
195598.872381
196021.101355
195790.570779
195915.958016
195962.735312
196403.792356
196187.267628
196602.41519
196386.468543
196469.483335
196604.070581
196970.9816
196790.032588
196890.567331
196992.653603
197100.807637
197459.494887
197325.880771
197427.851928
197798.276323
197870.051523
197721.895339
198113.190867
198187.84342
197996.710211
198069.230084
198491.457869
198307.662065
198671.589975
198477.11069
198608.631957
199009.85049
198770.610845
198897.465519
199303.795891
199410.075888
199186.302091
199323.926457
199425.342187
199508.858569
199581.075451
199724.994301
200055.435772
199911.482882
200304.511389
200422.888937
200490.20097
200269.54
200424.992914
200494.010329
200919.325254
200687.557675
200833.5596
201225.084795
201284.5352
201407.464468
201489.821478
201593.092252
201717.627869
201773.438259
201570.202222
201679.896133
201754.596894
201894.272047
202023.100638
202093.043782
202488.178209
202320.659137
202422.729945
202480.012096
202894.324267
202730.631212
203074.363081
203193.203318
203016.028243
203101.844019
203498.985323
203315.452699
203357.940947
203499.320501
203597.723486
203691.349137
203802.710437
203910.152057
204294.446443
204077.060803
204492.055669
204606.182925
204675.367963
204502.003336
204939.749655
204999.919844
204805.719819
205156.380784
204987.986925
205087.418063
205200.518169
205288.749687
205694.87941
205816.989593
205593.233099
205693.130932
206119.62988
205921.346604
205977.481359
206420.704569
206213.622569
206340.987415
206426.603343
206820.302102
206602.329315
206715.080352
207057.519411
207178.730629
207298.025603
207400.134204
207523.701122
207610.758699
207400.036644
207499.262712
207623.577408
207714.380087
208104.848332
207891.287785
208003.04344
208390.818855
208212.600232
208605.659825
208709.890021
208511.048673
208614.657028
208698.388165
208797.23339
208901.214745
209325.106487
209401.622992
209541.561555
209606.152144
209404.533185
209768.911852
209918.082244
209707.879127
209815.628732
210178.443556
210295.155896
210414.034365
210209.159725
210306.396332
210433.204255
210512.896374
210609.27394
211026.923014
211129.55053
211201.398292
211014.294435
211401.710068
211245.468384
211280.585326
211426.510371
211837.396982
211590.329441
211984.405154
211793.707836
211899.259105
211988.563591
212415.77623
212195.629207
212616.667329
212386.171557
212813.911426
212899.73818
212708.271498
213128.741918
213182.029511
213308.501058
213125.388755
213213.299994
213595.770664
213713.864728
213510.558697
213915.697435
213729.107386
214110.532392
214187.148283
213992.866776
214098.164764
214189.346584
214300.304339
214385.425905
214476.453601
214603.350167
214679.408189
214802.887386
215171.249017
214974.530781
215105.491103
215487.78335
215315.72198
215710.267094
215527.544507
215635.913482
215671.96596
216089.282374
215907.93952
216264.397573
216392.97949
216517.655906
216599.139788
216419.443828
216823.005392
216590.78274
216980.113553
216780.293054
216901.055936
217283.264873
217093.700523
217193.556857
217622.967889
217688.116035
217545.043311
217581.473157
217706.5992
218127.906976
217896.69874
218292.123806
218116.42108
218194.024778
218570.434654
218731.555446
218497.648807
218915.95799
219045.805834
218792.402191
219210.261384
219029.43632
219430.070584
219492.106945
219590.096237
219663.024354
219769.71714
219561.603216
220005.000559
219822.390006
220194.086428
219992.881825
220133.697694
220212.347478
220326.052045
220696.338161
220480.587516
220609.553917
220972.794329
220836.41584
220890.797166
221025.351121
221385.322716
221485.070279
221300.360095
221735.073708
221508.075717
221928.674153
221998.660728
221792.602911
222215.300978
222010.985985
222101.317335
222497.409068
222274.72604
222686.355049
222784.513238
222637.650269
222688.162091
222815.507358
222940.244754
222992.513828
223115.704963
223543.755105
223583.86109
223390.715488
223502.623188
223907.662579
223678.599562
223779.430574
223893.146878
223974.758931
224417.744541
224445.052363
224581.519816
224712.27483
224783.872457
224615.372454
224711.713295
224798.347391
224891.440528
224989.000523
225092.32005
225233.751667
225304.035052
225408.758436
225509.78783
225585.44168
226005.727753
225816.262377
225904.633998
225990.93917
226113.08355
226188.866824
226609.713801
226743.415899
226809.170931
226592.805217
226708.810658
227082.1163
226888.383333
227005.873641
227386.140319
227195.869374
227294.464806
227698.761239
227495.522475
227603.611603
228002.727889
227811.298385
228211.290317
228295.395673
228125.140025
228191.173038
228325.052287
228387.850869
228527.935545
228621.985194
228986.749223
229097.095922
229190.332498
229020.470456
229387.835119
229188.950763
229594.638659
229394.437441
229446.68908
229584.010808
229709.534476
229817.947275
230217.406787
229983.096477
230094.389631
230482.501983
230313.347647
230402.532542
230526.029007
230594.475438
230688.055169
230841.645559
231218.739004
231313.453232
231410.317409
231495.08574
231607.956885
231383.337628
231818.800703
231906.078358
231721.263557
231787.200094
231896.042064
231999.800507
232099.242903
232208.105768
232322.095067
232675.468126
232808.551183
232616.410756
233001.358651
232787.060808
233174.717247
233042.340212
233107.852686
233209.993006
233561.203909
233407.29282
233489.736286
233878.228164
233979.122662
233801.700397
233905.571474
234263.403559
234114.845254
234233.79896
234297.393208
234420.825403
234786.790815
234612.791925
234968.740291
234828.559197
235178.0444
235338.087504
235389.735649
235221.12309
235318.1656
235414.96666
235505.903607
235583.731215
235978.278754
236103.048006
236214.920715
236299.717028
236113.94168
236493.569694
236595.319089
236732.686757
236792.088071
236631.162725
236677.265999
236814.857036
237199.6661
237351.155516
237094.329093
237190.218557
237348.134047
237659.688217
237498.732991
237873.200819
237703.209506
237798.484724
238167.571787
238017.487394
238121.855051
238468.297275
238580.595808
238407.748061
238494.029106
238613.823867
238686.179916
239113.805431
238921.978534
239035.269613
239422.27811
239212.043781
239614.44819
239403.381926
239507.369806
239876.963807
239718.021727
239788.141187
240202.294889
240316.272453
240415.11592
240174.086028
240564.647604
240401.076822
240831.735689
240618.842435
240996.159093
240781.224298
240911.859899
240996.448413
241406.786735
241511.138258
241640.561621
241407.739338
241820.289485
241868.14983
241980.055081
241808.336198
242223.021052
242322.934202
242449.898283
242228.348752
242574.604259
242718.023578
242794.721254
242597.357214
242990.94866
243085.786222
242884.947387
243295.454645
243060.604643
243454.473795
243310.199288
243392.459293
243503.927591
243629.352025
243698.552483
243813.759354
243909.131282
243972.225348
244080.597897
244201.808421
244319.276365
244690.286807
244790.253523
244605.943015
244712.202815
244824.570869
245218.830798
244992.923862
245072.3029
245502.404543
245303.561382
245387.556388
245814.712741
245616.47775
246008.841774
245771.042301
245900.577194
246021.372215
246112.810332
246480.750813
246606.208774
246409.922464
246795.064424
246607.890077
246728.690042
246805.150849
246880.521167
247305.709516
247128.278317
247215.32223
247324.377146
247410.920635
247493.180978
247621.181699
247711.331053
248100.343644
247875.206045
248263.995253
248117.273826
248209.957722
248608.612568
248398.300634
248506.577877
248607.574858
248708.955022
249096.538228
249179.644616
249006.345909
249085.253989
249204.714122
249609.233731
249391.586435
249526.523757
249568.585396
249710.772144
250090.131805
250186.765259
250001.061662
250118.421322
250183.877088
250344.854486
250683.482231
250487.706619
250918.351417
251008.433845
250793.043949
250880.478992
251024.883951
251396.396886
251198.584215
251292.304682
251414.390176
251788.591475
251598.393386
251728.637246
252052.293475
252210.061424
252303.689985
252384.832407
252517.824947
252294.137251
252392.44415
252806.337515
252597.296321
253013.955717
253101.077901
252915.460711
252988.959311
253093.579857
253483.624044
253293.600036
253407.940785
253809.648691
253589.986691
253688.872545
253787.067036
254198.680143
254011.15212
254072.462695
254187.472427
254305.850424
254394.684053
254810.266042
254604.034122
254941.466574
255116.766634
255210.609475
255282.993878
255129.343954
255535.30567
255306.207941
255395.925824
255485.464071
255609.398921
255706.922187
255774.342374
255883.069266
255989.804133
256097.220717
256213.964591
256294.234204
256382.419346
256816.074651
256616.005558
256713.016572
256798.811548
256919.5458
257011.009499
257385.275975
257493.906411
257316.267275
257376.456566
257500.915381
257898.664607
257721.969564
257785.814496
257921.042251
258006.631262
258103.810191
258218.04549
258292.655479
258399.535032
258779.585467
258867.866706
258667.322912
258795.121319
258886.500655
259275.433458
259417.540685
259515.52518
259283.012033
259411.974218
259798.269784
259607.695689
260023.275713
260116.569543
260163.1717
260005.950419
260386.232252
260195.79794
260566.632443
260745.171105
260529.030484
260614.74953
261035.63371
260781.224915
261214.785465
261006.946754
261421.75416
261213.926174
261566.371312
261384.833814
261801.573029
261625.397133
262020.213358
261792.93624
261900.197151
261984.621366
262404.415501
262175.457195
262620.367867
262382.432602
262496.296163
262887.82673
262700.570628
262792.392194
262904.83308
263293.171999
263403.000731
263483.84833
263260.361108
263400.457672
263521.032611
263857.016719
264042.107022
264063.715658
263868.567668
264309.031305
264111.549708
264208.076236
264587.163362
264381.765618
264529.703369
264576.062391
265037.952887
264781.003841
264907.244968
265022.24151
265123.086
265471.94134
265626.952688
265727.538202
265486.230988
265618.68431
265697.797826
265829.740606
265905.507391
265992.589924
266098.677593
266180.340999
266310.884866
266416.849215
266498.906384
266597.852778
266696.514812
267117.35414
267148.619318
267025.803834
267067.77824
267198.396408
267291.842708
267705.055103
267477.362558
267883.884194
267720.475601
267802.195551
268190.353955
268003.440642
268070.620659
268200.334363
268608.183117
268390.577906
268512.92282
268571.037526
268698.156778
268822.614232
269183.833555
268986.059571
269436.93208
269459.841104
269586.395104
269721.770082
269479.516865
269611.737509
270017.945358
270079.712933
269913.574388
270296.109812
270367.826315
270496.150619
270298.194526
270406.514239
270788.812037
270582.205949
271003.862119
270843.029412
270877.367637
270995.448682
271387.228639
271526.204432
271572.069358
271389.658488
271781.347173
271595.084938
271718.518496
272079.809483
271862.52047
272025.993856
272113.915466
272186.819484
272287.652924
272704.243545
272496.115927
272600.177952
272987.26518
273108.42614
272899.093247
273293.614507
273401.349781
273220.686835
273311.934971
273402.618408
273490.736708
273897.070724
273684.738713
273787.590581
273879.453247
273999.416348
274064.89622
274489.434001
274598.827726
274414.380263
274499.112581
274892.835603
274691.568813
274804.057835
274915.840894
274978.21212
275103.709828
275484.833611
275291.395113
275396.201598
275514.139248
275618.641873
275684.122172
275815.715868
275893.119315
276278.142401
276417.578038
276536.829597
276561.160743
276739.044686
276503.024992
276872.636107
276708.06272
276809.373508
276920.49522
277278.860071
277136.081088
277195.916939
277576.180447
277406.415688
277517.498727
277631.14476
278002.885616
277801.728088
277924.100482
278001.251082
278418.522572
278207.707377
278321.37133
278711.03478
278550.308497
278587.860229
278693.734877
278831.679785
278909.82226
279298.985923
279090.342221
279181.882386
279587.877671
279366.388964
279770.10413
279611.05558
279707.421734
280149.095961
279879.659446
280006.210993
280111.643536
280204.601988
280629.308939
280401.586719
280499.15762
280898.314181
280694.177139
280808.589964
281183.963509
281311.131178
281120.632403
281206.324293
281629.806128
281381.403564
281500.154745
281639.193889
281689.73971
282087.329189
281919.880066
282039.60415
282083.313555
282472.234308
282257.755269
282415.251502
282795.417248
282582.177456
282695.872205
283117.734079
282905.000738
282993.442217
283104.273545
283196.148756
283584.726886
283406.411046
283470.762438
283877.275336
284025.450836
283805.04862
283903.845275
283980.45926
284381.670503
284203.098081
284317.542184
284430.052187
284516.811399
284636.337879
285032.138869
285082.526424
285234.087255
285037.920373
285083.435754
285210.88009
285581.018108
285686.81031
285491.878794
285615.581522
285671.64195
286124.043245
286203.60867
286291.223298
286098.91604
286506.965676
286623.059027
286399.829078
286476.333308
286896.896199
286688.558466
286820.869083
286892.951402
286988.136761
287119.720426
287453.856919
287585.576949
287376.708714
287513.311639
287597.328648
288046.175429
287802.704046
287912.486155
288004.326463
288095.988033
288487.860935
288293.972267
288410.70689
288822.475146
288616.003558
288722.516194
288800.889862
288939.390103
288996.54848
289116.620937
289485.403883
289316.213329
289397.119406
289470.276435
289907.442436
289983.40068
290130.327871
289899.599888
290309.167597
290070.919244
290235.629006
290271.884646
290394.295095
290499.016829
290915.558216
290712.515613
291088.407056
290905.958554
290990.035746
291132.136648
291494.382758
291616.016589
291688.358846
291804.266352
291893.172782
291729.139924
292100.873655
291934.670751
291981.888741
292089.478254
292495.820483
292632.190773
292685.160208
292792.881976
292871.518414
292693.197169
293144.710121
292906.497168
293325.825988
293124.98309
293479.159398
293303.113601
293707.789366
293789.417097
293584.281149
293972.598052
293786.595819
293902.402226
294313.998127
294431.537139
294196.144428
294643.312426
294678.849445
294501.01315
294596.216386
294719.147249
294821.672681
294943.594829
295017.038393
295417.342034
295217.334395
295296.714316
295730.166807
295781.099805
295592.040212
295995.709932
295811.653265
295909.780599
296309.246692
296085.00182
296208.030233
296296.237377
296674.076199
296812.017046
296893.014507
296725.415993
296831.760766
297208.269415
296991.017745
297126.892103
297172.330018
297322.138005
297736.036131
297784.781374
297582.628914
297699.624835
297794.141827
297901.262639
298000.150466
298060.402689
298189.171971
298580.082184
298409.605131
298513.651866
298894.874526
298756.882551
299091.566867
299230.796022
298961.962754
299087.483563
299239.668165
299580.11825
299416.036423
299513.87699
299870.283264
299692.210975
300127.556747
300206.906108
299956.473015
300408.499538
300513.444108
300601.942135
300368.554581
300536.867138
300591.984182
300672.802043
301135.751809
300897.598364
301005.611075
301110.781405
301206.269991
301606.951673
301721.619
301774.89571
301605.209186
301716.631195
301820.53255
302194.466592
302335.755715
302081.260758
302502.365659
302293.345249
302428.01932
302794.714602
302908.961385
303014.536882
302821.99803
302923.555306
302990.992931
303109.544081
303531.326122
303603.539787
303692.918898
303470.488837
303632.043218
303707.736339
304072.772986
303883.492908
304284.284468
304117.755345
304203.860685
304598.964278
304410.132106
304506.38174
304856.309884
304667.425267
304846.986962
305201.571575
305276.28404
305140.757043
305490.166723
305591.501918
305689.175305
305787.793355
305901.699895
305970.851145
306075.215726
305891.838182
306021.025989
306095.206339
306194.555667
306286.788262
306407.775279
306486.897725
306603.726596
306716.074523
306832.531181
307209.212465
307009.533785
307415.344622
307489.446046
307596.573743
307718.602989
307520.758356
307900.44751
307700.030582
307820.567492
308203.203804
308295.20563
308122.145989
308192.468695
308307.448002
308714.601225
308477.160472
308882.63739
308704.819865
308820.975221
308907.97521
308980.729363
309121.022341
309471.951738
309578.906485
309407.549178
309848.679203
309621.525987
310003.40709
309783.25748
309915.532269
310012.958876
310398.580967
310196.433538
310309.807954
310376.598505
310506.68805
310601.421657
310978.905255
310806.133998
310930.650401
310992.563924
311089.025279
311509.980276
311296.07408
311694.189257
311804.190355
311615.765495
311994.948039
312091.241538
312185.590694
311994.731491
312112.081092
312516.905439
312285.887665
312411.238821
312513.346887
312588.11557
312714.860012
313097.654955
313211.597819
313271.218339
313083.0594
313186.357057
313605.900701
313373.033725
313792.435488
313910.886561
313712.111603
314093.510755
314247.679601
314008.084601
314388.92379
314515.521793
314311.520321
314413.494824
314502.414807
314624.506732
314969.630329
315111.902558
314896.359441
314994.584092
315405.978003
315184.846914
315314.236681
315689.704521
315523.119366
315631.378903
315980.557589
315812.578527
315924.753196
315980.085614
316398.670064
316527.843821
316297.241798
316708.234525
316822.68903
316602.335977
316712.317346
316797.180772
316911.331185
317305.319555
317385.226522
317201.052852
317302.611282
317425.187251
317486.751434
317882.114876
317991.117739
318066.306825
317912.025915
318284.182881
318408.470064
318206.091555
318306.078652
318669.661013
318515.010334
318597.588016
318989.989618
319101.512484
318897.082783
319008.469902
319117.850839
319487.943709
319274.162596
319686.253831
319457.543448
319623.893319
319730.07453
319808.64087
319886.023891
320315.582914
320405.837323
320521.576137
320298.748351
320385.726606
320539.314198
320585.593458
321050.869941
320825.400995
320916.478811
321294.722368
321107.726354
321196.292958
321609.969062
321711.815558
321798.307898
321593.607679
321712.393201
322091.979117
322222.55895
321999.729665
322100.267067
322472.276843
322274.702404
322652.61954
322801.286197
322601.883818
323036.035293
322796.782996
322913.243878
323008.728223
323083.590185
323510.672661
323266.387564
323401.678676
323826.322761
323568.769415
323710.593211
324111.310793
324212.08137
324277.307808
324087.606409
324202.455401
324252.893133
324376.026542
324830.165461
324908.659805
324684.59955
325090.758959
325209.437425
325014.067935
325097.23742
325521.728486
325604.495873
325393.142413
325529.907107
325867.911813
325984.384688
325803.494291
325933.522068
325981.255276
326438.926389
326500.883415
326305.275449
326678.176405
326518.631881
326889.346312
326725.469321
326796.777871
327228.664549
327019.703688
327076.178198
327477.959165
327589.237209
327410.769954
327798.081159
327591.781687
327709.840184
327806.632408
327901.348637
327981.608987
328131.55005
328499.432477
328336.096004
328636.383182
328801.902293
328865.765139
328698.402345
329110.308651
329225.368703
328965.981508
329099.444035
329503.695537
329290.185203
329711.500522
329817.27402
329601.040767
329723.129602
329818.784784
330220.16387
330012.218972
330065.070785
330181.502803
330329.154637
330397.100572
330505.347906
330913.776525
331013.589093
330821.309412
331217.080246
331004.311092
331118.56069
331177.163007
331292.407664
331403.319537
331819.57844
331599.334653
331701.170731
332099.7503
331899.676159
332018.309142
332087.724997
332200.32729
332284.757734
332411.274702
332508.210928
332629.880561
332694.145078
333139.996596
332891.809141
333266.934595
333407.93706
333217.350438
333590.87069
333689.946999
333854.156451
333565.023032
333692.430652
334092.47367
334220.605538
334284.165446
334420.035368
334519.590767
334578.249928
334689.367692
334811.988428
334600.119636
335013.42227
334797.451037
334884.295312
335272.247913
335087.27113
335506.001596
335311.906772
335399.307884
335512.76885
335604.450269
335977.302946
335801.814565
335905.546577
336298.888985
336081.297426
336230.495549
336307.721878
336398.135001
336831.846457
336916.030099
336947.519954
336839.804815
336896.03472
336969.42012
337111.87926
337212.13928
337301.034009
337381.527716
337532.164621
337600.48846
338020.728046
338125.774484
337899.327336
338029.826471
338116.105619
338497.194943
338584.761555
338411.711976
338816.525265
338593.741992
338648.652422
339124.148157
339203.448336
338998.562892
339118.987027
339209.572931
339599.599758
339398.779294
339817.319167
339893.608495
339977.25988
340090.638658
339913.248611
340001.248005
340098.066901
340504.564964
340598.500794
340396.249762
340827.396547
340892.526694
340699.242654
341089.86972
341180.282327
341305.67915
341107.034983
341507.313254
341273.232609
341421.228049
341488.609774
341593.612635
341705.232452
341781.230729
342176.600078
342308.966549
342383.550456
342196.924645
342610.626629
342403.774782
342817.436645
342937.91828
342705.634965
343174.888312
342924.169737
343293.800946
343095.873283
343520.400518
343599.12199
343372.45859
343515.900581
343902.908878
343718.14005
343790.703163
344199.063479
343996.918178
344095.631949
344488.32524
344569.871898
344376.258504
344491.86809
344604.669429
344710.814931
345073.343003
345193.129748
345303.137337
345087.982427
345184.036132
345296.92001
345678.70752
345800.469547
345592.441046
345728.737202
346123.438111
345907.540233
346011.036098
346426.710908
346507.466965
346302.11468
346670.330236
346476.675216
346612.084454
346692.505786
346753.494529
346909.872603
347322.233503
347139.311323
347191.583131
347627.090582
347394.344936
347795.73305
347592.651422
347971.168596
347751.829012
347874.242491
348003.220592
348104.205356
348187.927771
348620.762615
348356.786945
348793.659753
348609.394026
348689.063214
348819.518225
348908.571405
349299.524312
349370.858366
349204.720177
349610.624218
349377.821198
349518.58279
349909.101203
350017.011174
349780.787191
350205.425743
350302.954467
350408.103141
350205.777098
350321.029451
350708.12025
350814.910322
350866.297042
350736.502554
350809.04886
351177.300235
351333.695954
351098.000253
351515.590083
351612.616701
351421.593641
351486.071848
351594.71391
351727.699352
352056.058181
352174.357669
352310.635646
352072.842503
352508.516008
352581.898749
352690.598467
352494.873999
352876.26272
352728.596319
353139.737123
352883.686486
352977.631888
353078.035967
353516.932619
353603.987186
353430.902004
353790.649504
353614.126967
353699.266372
353779.454749
354198.272071
354293.752204
354376.329529
354472.270144
354322.477477
354701.313643
354800.570708
354597.782868
354727.474329
355068.772419
354939.256565
354982.236589
355064.114786
355193.69529
355323.130431
355718.223772
355783.260502
355622.769177
355669.181207
355801.312549
355900.348378
356329.836905
356108.431176
356494.366651
356555.44589
356414.958328
356527.317344
356580.343661
357047.243627
356791.802637
356899.488042
357278.083771
357405.576688
357213.781672
357344.326582
357413.597149
357498.402089
357616.545491
358014.178796
357775.572161
357893.331909
358287.687368
358117.52118
358498.643751
358288.597552
358666.899156
358804.484303
358903.651939
358680.331165
359067.671469
358898.762351
358998.425132
359399.769548
359198.499618
359606.323273
359690.037086
359488.088199
359874.407904
359706.56785
359807.76175
360193.543104
360012.830719
360374.508062
360175.323117
360287.532279
360372.49383
360511.292312
360599.579878
360699.007691
360809.00611
360870.780318
361009.089924
361100.221303
361197.152626
361322.202743
361731.350593
361526.701118
361606.244945
361710.017436
361811.211346
361909.592309
362300.568564
362097.235265
362202.632748
362621.946869
362722.488069
362800.339787
362623.158143
362690.791809
362777.406565
363207.648885
363298.731185
363095.571052
363514.445498
363331.144169
363374.153402
363509.384026
363865.559809
363698.19957
363791.075911
364216.80351
364293.501403
364083.076694
364501.704607
364271.365244
364374.865784
364513.631278
364879.323954
364715.156703
364799.246227
364901.375531
365002.057496
365124.694283
365209.373453
365622.321597
365724.056551
365791.308366
365910.86922
365742.280997
366104.270067
365907.336682
366006.3195
366395.088023
366154.378181
366588.314401
366414.522673
366807.822394
366618.256298
366704.36437
366783.339104
367206.026063
367030.5359
367415.998221
367182.12895
367283.460467
367411.053233
367486.032824
367605.524278
367711.364121
367786.617784
367934.882488
368033.350858
368419.105663
368210.972848
368606.6648
368374.519699
368502.305772
368901.303314
368712.624174
368776.648553
369166.512316
369017.516694
369429.994989
369196.463377
369596.327287
369700.054387
369484.172904
369903.153602
369698.257898
369832.220427
369928.326834
370281.597018
370392.026147
370525.698054
370595.667816
370423.272589
370514.77176
370585.836704
370700.433086
370763.10822
370919.037913
370979.075862
371097.476129
371201.120726
371595.818221
371417.970183
371483.77139
371609.94094
372021.955459
372106.67227
372222.722572
371995.98831
372371.013127
372510.644655
372327.150704
372415.021237
372776.81807
372607.413306
372724.572784
373096.388114
373174.020005
373312.459819
373131.703785
373181.035743
373303.727269
373383.39379
373792.776641
373893.661395
373714.039026
373781.184124
374197.623461
374007.041264
374399.412298
374177.654642
374578.824896
374394.891944
374489.546609
374899.381567
375016.092635
374814.437655
374885.472894
374984.101129
375392.338302
375229.480882
375617.425644
375703.667921
375798.736971
375585.813314
375699.93697
376106.252883
375903.59138
376038.556935
376423.097657
376170.91222
376609.211659
376703.778771
376745.279834
376896.26193
376942.763014
376796.418075
376903.312429
377026.440026
377128.601575
377193.77858
377305.51451
377652.855224
377486.480878
377599.551904
377971.702612
377786.785169
377902.386655
377961.907381
378097.368727
378503.943803
378560.984929
378402.477206
378517.606589
378936.059807
378711.463047
378810.681882
378881.188785
379293.743854
379111.547625
379218.430161
379289.311791
379392.7392
379528.489001
379631.153037
379693.108657
380077.755862
380206.017437
380010.136747
380422.577623
380536.598298
380574.918654
380410.629373
380773.821852
380898.740898
380715.64431
381101.183136
381217.0278
381303.414563
381378.735546
381205.491531
381608.864191
381400.059447
381803.055226
381880.947541
382022.52875
381782.926454
382200.754342
382312.03134
382106.976055
382213.305799
382326.238785
382415.687551
382815.674236
382574.610669
382995.621572
383087.676036
382885.047695
382997.549277
383066.354419
383502.667351
383340.854029
383733.421028
383798.851041
383569.714231
384010.545677
383822.716403
383878.773655
384016.652343
384109.216176
384195.431474
384306.860303
384422.751066
384492.156703
384923.393564
384691.489581
385117.933291
384891.248145
385315.382094
385122.174506
385193.376479
385286.157391
385399.476942
385780.325292
385581.423715
386022.581388
385824.16922
385880.794669
385978.312132
386096.375397
386220.127837
386621.481889
386419.493133
386527.457915
386923.23006
386991.337906
387098.894223
387219.836736
387008.541232
387096.965199
387217.888624
387313.553448
387701.536702
387494.235399
387618.417371
387991.22735
387799.393076
387904.047793
388313.252242
388082.932425
388198.488998
388280.456334
388386.981941
388480.625607
388925.558694
388736.539605
388820.951372
388873.241387
389294.203731
389105.961183
389517.35925
389299.505373
389394.364756
389486.855031
389612.667724
389697.869497
390102.432216
390179.290911
390318.83416
390425.203042
390201.836289
390599.910287
390745.729949
390784.415504
390585.527834
390729.691046
390768.588682
390911.017023
391305.016259
391101.234789
391496.212538
391315.411796
391388.000226
391516.244707
391927.372675
391679.066551
392129.125246
392229.479236
392330.954009
392103.308154
392512.510089
392616.19407
392694.40484
392511.681255
392883.395406
393028.627338
393093.980471
393207.609786
393008.296753
393117.616773
393202.568938
393304.843524
393694.601648
393775.489061
393887.71901
393705.015804
393795.735383
394206.365442
394027.411396
394355.835631
394220.127361
394611.235287
394392.674998
394788.0684
394884.388707
394739.697833
395088.740938
394902.289492
395033.79503
395104.079074
395214.773256
395279.894524
395412.24979
395799.829024
395927.873186
395696.919402
396111.98884
396199.72339
396289.991718
396418.609172
396523.892624
396597.536674
396702.565117
396797.747003
396628.707889
396686.132049
396806.190168
396905.407384
397021.610266
397426.862076
397187.539252
397341.165709
397384.876138
397804.039282
397605.438255
397998.831996
397831.220448
397884.92315
398324.789273
398120.499615
398208.873996
398311.988671
398670.83105
398498.549542
398879.821733
398974.05949
399116.095884
399221.113903
398980.424398
399109.575893
399213.098621
399613.767444
399394.304309
399507.641645
399892.426169
399668.529878
400101.509802
399899.419389
400282.137117
400091.967979
400492.822561
400552.9191
400687.234881
400506.510875
400604.42716
400668.344734
400815.495928
401141.972509
401266.77946
401088.106548
401211.244324
401599.15551
401671.387846
401833.284116
401876.832937
402003.573304
402080.449909
401916.696577
402008.218806
402389.435245
402186.543073
402320.797708
402388.370104
402515.664103
402629.552143
402712.883987
403113.791552
403217.550783
403038.85196
403080.672747
403181.666023
403302.389645
403393.549826
403504.520587
403609.165224
403991.457317
404093.82829
404183.600916
404011.093359
404097.528129
404172.010679
404615.748235
404414.052915
404788.932414
404898.356117
405003.775789
404803.527079
405210.703264
404985.283478
405102.126395
405221.752286
405324.256452
405708.063308
405483.519189
405606.680182
405708.208885
405778.304664
405889.464842
406022.562725
406099.403491
406200.800835
406610.779216
406399.896153
406485.953275
406871.088839
406739.976273
407103.98806
407156.856451
407022.340573
407394.112379
407208.928538
407321.492116
407665.16109
407532.264182
407609.67989
408010.064845
407821.228534
407895.920158
408015.154605
408116.76782
408527.401291
408302.790291
408407.24584
408791.196722
408891.56768
408989.32089
408821.621078
409207.114888
409298.504021
409415.600417
409468.749059
409300.888377
409385.748279
409797.363475
409863.658844
409702.988935
410118.813041
410201.923086
410278.350116
410110.841123
410196.082948
410630.937406
410676.366122
410493.556878
410614.084139
410714.069287
410787.752285
411194.432943
411013.991468
411386.828351
411182.80319
411584.620954
411393.556341
411492.884852
411898.961073
411698.661583
411814.317884
411879.177589
411993.17879
412374.524255
412506.964437
412629.454503
412719.235255
412513.065649
412886.11757
412673.690952
413110.332716
413193.425115
413003.475073
413089.473991
413215.589646
413602.841622
413411.523188
413512.551667
413892.524943
413702.989411
413783.2943
414212.69335
414312.462574
414091.584162
414186.768228
414327.956356
414370.927065
414780.403196
414979.315812
414700.456418
415135.97755
414907.918422
415005.037265
415091.785454
415182.0051
415591.503265
415692.252917
415474.056139
415928.16573
415991.075186
415827.685374
415910.16169
416035.017361
416086.293192
416527.714802
416583.089034
416738.134891
416502.825143
416894.823458
417011.985671
416783.715613
416883.179972
417307.471934
417130.079336
417533.680844
417584.243023
417388.428779
417812.932258
417586.903128
418019.906741
417789.033121
417887.137024
417999.014305
418106.039447
418492.048309
418567.303077
418715.093346
418479.695027
418897.710118
418990.110952
418797.348001
418915.785447
419320.346009
419414.049915
419481.857007
419298.221847
419695.617583
419783.366797
419878.519804
419703.7118
419792.012714
419916.225066
420021.310205
420102.758964
420525.005237
420595.510158
420390.552073
420847.847218
420598.319346
420687.854481
421121.441486
420908.260726
421292.162404
421077.931771
421207.862695
421330.891287
421677.55535
421483.666767
421869.999759
421670.422128
422080.217581
421896.459905
422295.452037
422137.340301
422490.991494
422583.606526
422404.031873
422498.844993
422887.374216
422710.751285
422810.613268
423178.958624
423304.579868
423110.530651
423217.828943
423290.957299
423417.749442
423499.027161
423898.333267
423690.249633
423807.861639
423949.801398
424015.620877
424070.307705
424212.433316
424316.808032
424741.401797
424800.890024
424595.870348
424695.630208
424807.25586
424888.644323
425037.722575
425387.593464
425210.754345
425310.351552
425385.393909
425532.763519
425870.173087
425728.466638
425815.252549
425908.043772
426290.230563
426128.351792
426227.461395
426599.415235
426419.298516
426520.796601
426609.514009
426985.802894
427107.903308
426905.410422
427275.133292
427105.642696
427494.71271
427606.228018
427394.761381
427533.513275
427637.047362
428030.808782
427786.748979
428198.675255
428319.870792
428340.582201
428188.62525
428318.145382
428396.242636
428753.333884
428604.730436
429016.652555
428803.50871
429211.915332
429303.225499
429396.458944
429178.914073
429604.491351
429688.08378
429511.495629
429877.343738
430016.069142
430119.946558
429889.891557
429978.000623
430113.894564
430478.624962
430625.96076
430727.206648
430483.247364
430565.965108
430701.031813
430780.851074
431229.419984
430992.054427
431401.414911
431183.079996
431322.286336
431408.97492
431791.546028
431596.252424
432033.551883
432097.046911
432214.670042
432008.605817
432066.911741
432476.512123
432300.533827
432410.835018
432807.796047
432870.308664
432714.58783
433033.325398
432909.447102
433282.53835
433450.126444
433217.898998
433309.821319
433713.751009
433512.255172
433567.849867
433727.489968
433798.191184
434233.605147
434013.437057
434094.386122
434193.977417
434284.840517
434713.32383
434519.42815
434597.004879
434722.968972
434816.982756
434886.39147
434981.439813
435431.782305
435509.056652
435615.265299
435420.142716
435527.475531
435596.262303
435707.870471
436078.172771
435937.510085
435996.38889
436423.999772
436509.533484
436609.464795
436410.794487
436504.486494
436628.607339
436690.484365
436808.757365
436892.222468
437015.603537
437114.488769
437200.964871
437633.45435
437406.082977
437788.464322
437602.383976
437668.247168
438084.417945
437936.641268
438298.236132
438103.646912
438444.063856
438620.074324
438682.705251
438792.216451
438610.217789
438717.574752
438798.023062
438891.815764
438982.806066
439113.127629
439181.631461
439628.844959
439402.77595
439797.114416
439895.489649
440001.61064
439816.422558
439917.983739
440006.135761
440413.781844
440185.087508
440273.778263
440394.572843
440492.450236
440906.007876
440712.356411
440801.980026
440889.695438
441288.349386
441381.110402
441490.629761
441594.859545
441388.976
441481.064877
441921.266441
441689.338475
441782.772774
441900.153354
442006.615908
442403.04613
442204.531522
442277.515458
442385.796815
442476.582281
442585.171247
442707.961522
442853.836942
442887.331485
442954.615117
443116.196227
443228.603784
443311.190666
443379.081688
443529.145039
443592.704956
444011.531003
443767.276558
443938.122414
443998.829053
444096.438427
444468.995395
444580.47827
444405.500068
444510.407388
444614.317616
444683.396077
445089.990384
445215.310245
444977.664562
445097.289552
445179.883097
445306.933268
445704.538108
445538.528456
445594.709669
445991.813378
445805.654412
446226.284015
446009.659705
446421.044847
446215.139851
446301.915077
446684.951176
446513.1358
446604.237256
446963.363675
446781.070521
446921.702146
447293.010737
447394.987206
447503.222715
447607.882168
447692.951158
447500.947062
447600.701821
447693.50459
447792.333861
447899.317889
448321.502365
448109.885477
448204.115544
448560.587055
448671.348899
448496.041925
448594.560798
448971.299418
448801.056908
448914.847506
449282.0102
449393.593982
449192.556367
449605.188452
449373.495868
449796.133661
449604.034376
449713.138609
450096.561504
449872.186878
450023.456646
450409.807421
450231.804918
450591.595927
450370.180694
450499.086867
450623.409563
450967.021632
450807.810586
451230.132414
450983.391598
451118.3153
451209.012684
451617.552282
451415.690698
451513.444827
451850.703968
451707.888853
451784.239723
452185.329579
452294.986668
452431.398126
452218.362811
452618.483577
452408.221985
452527.226451
452867.987083
452732.408944
452788.790506
452900.470791
453001.367791
453385.623292
453203.041579
453289.68022
453353.911651
453801.680904
453935.89782
454011.648346
454074.005411
454200.694869
453976.389218
454408.691721
454183.822614
454321.631546
454414.628942
454535.63208
454918.191809
454997.340426
454800.152369
455180.799277
454986.260469
455403.723276
455512.000168
455295.212397
455429.431778
455519.940835
455628.748428
455984.887949
455820.922839
455879.439412
456008.427055
456113.617574
456217.590912
456612.703998
456416.034588
456502.312649
456621.563664
456977.068098
456808.082882
456913.493168
456997.739208
457087.564046
457498.06704
457286.532932
457402.101827
457525.795662
457587.448469
457682.340867
457775.064574
457879.965811
458003.133645
458109.980985
458181.765841
458342.63962
458715.055693
458477.486404
458604.502447
458702.895789
459110.371095
458890.291794
459297.048063
459393.348155
459200.114886
459320.213855
459395.392257
459481.180262
459589.202744
459997.309181
459772.178115
460199.351809
460010.219193
460411.600177
460481.464072
460616.121213
460653.856882
460495.341235
460895.062473
460999.383714
460807.747579
460910.273501
461278.142385
461110.895097
461201.936774
461294.081129
461694.016391
461474.784239
461889.597798
461991.665866
461821.425266
461930.241975
462307.015205
462053.370335
462194.049964
462316.922487
462400.497186
462493.09151
462622.214311
462720.82359
463096.473514
462942.903769
463305.165702
463095.066394
463230.597738
463303.560404
463725.280883
463495.681016
463583.011784
463987.255504
463781.147929
463846.146461
464312.621286
464096.382162
464503.832302
464618.728377
464403.562911
464519.109352
464915.843158
465001.715779
465097.588088
464884.089773
465242.052064
465390.58546
465183.596151
465596.167342
465397.144566
465488.349538
465635.030461
465715.269851
466110.033933
466198.817893
466276.874336
466093.232452
466520.590979
466587.57677
466427.499888
466487.639293
466604.360028
466691.076295
466801.754419
466919.350322
467006.464742
467113.086966
467484.671898
467587.437223
467392.591814
467777.184179
467910.864864
467695.368624
467775.598342
467896.71938
468289.478435
468118.354923
468461.264607
468590.197523
468708.978758
468827.090137
468625.411514
468723.648424
468777.306481
468918.347847
468955.547494
469383.731959
469191.266513
469586.797111
469410.222952
469795.127528
469602.913936
469979.572688
469772.002292
469912.03011
469982.588785
470390.816785
470222.397915
470290.109854
470401.782425
470516.498395
470587.53098
470729.865802
471098.811766
471181.486323
470977.931613
471079.165376
471512.706974
471324.611901
471712.323074
471773.158469
471624.383624
471675.054575
471782.346668
471871.542385
472322.111996
472126.412354
472239.632638
472314.251416
472414.750357
472785.925954
472908.025147
472992.638585
473075.400486
472926.526667
473022.40773
473111.196603
473547.021413
473574.363052
473389.413208
473515.72883
473897.58365
473697.982544
473811.748299
473901.649536
474271.698474
474091.760624
474215.782526
474314.417343
474679.815602
474524.988231
474614.815758
474714.058432
475108.636227
475199.757596
474988.524662
475414.459614
475198.264946
475303.809809
475404.902445
475503.912637
475568.792313
475994.616477
475789.640384
475874.242383
475991.595489
476108.293769
476497.811754
476589.989078
476383.725944
476489.575784
476631.148458
476719.704997
477109.913697
476920.646989
477014.775663
477420.957979
477185.759112
477305.550797
477675.48645
477512.094025
477889.465597
477977.646368
477808.365038
478177.286423
477994.427484
478083.697758
478513.581628
478593.591584
478427.622981
478790.181795
478611.680134
478674.952711
479069.033039
478913.329416
479296.016946
479101.987305
479200.541543
479599.231861
479719.25888
479475.673726
479910.255419
479670.300349
479775.80864
480174.293431
480030.601522
480098.878403
480209.820786
480601.281202
480733.297892
480513.278809
480911.481343
480675.520234
480802.630813
480888.021689
481018.293526
481112.017164
481210.012869
481616.107981
481410.319582
481503.810642
481854.579384
481713.402741
481780.582296
481874.712179
482008.669674
482080.579363
482557.543547
482324.834895
482729.225443
482807.755633
482904.974887
482985.822637
482793.10258
483182.644818
483292.173746
483387.228428
483185.574064
483281.956876
483724.390535
483507.304323
483600.284842
484034.358163
484111.666924
484161.622856
484031.29778
484109.978037
484223.081434
484625.147604
484673.413611
484494.332976
484871.400369
484689.919524
484800.00398
485201.058689
485270.503288
485091.780606
485488.450965
485283.766369
485394.255965
485512.389123
485593.849311
485994.330133
486078.531668
486185.135666
485979.316929
486111.061779
486176.939951
486323.700457
486715.128038
486522.912797
486914.935648
486736.897227
487077.914114
486902.232673
487279.961217
487393.460352
487181.923305
487605.299445
487416.638583
487509.493539
487602.082446
487988.859656
487761.19552
487911.780175
488322.188497
488380.559163
488187.170951
488325.352897
488680.337195
488514.773785
488609.92816
489016.76764
488808.631473
489218.598091
488997.657003
489091.796338
489489.775688
489313.658704
489690.672524
489477.235875
489599.575863
489984.845906
490102.656093
489922.693072
490014.957447
490399.271369
490218.954122
490280.086165
490682.535989
490790.784223
490609.96715
490723.045208
490789.733199
490899.082621
490985.36801
491101.283868
491489.860121
491577.518338
491386.692977
491497.002402
491607.040487
491703.681713
491815.898194
491926.085326
492010.972611
492384.942073
492207.639016
492596.026865
492424.011419
492811.149778
492920.84559
492702.73433
492799.944587
493211.41087
493009.490657
493092.030405
493197.573827
493594.078463
493390.032161
493471.817553
493874.260171
493971.466775
493793.047343
494225.593073
494018.447098
494435.382742
494150.646937
494294.045921
494724.125804
494499.42483
494572.353913
495041.131832
495129.274862
494911.422399
495288.210148
495151.279505
495505.339063
495568.639612
495699.209696
495785.915915
495924.212994
495683.583586
495815.347952
495905.423592
496327.121259
496103.448608
496518.299762
496591.296797
496714.622404
496495.174903
496907.169421
496722.616346
496801.112562
496909.367506
497304.573054
497109.475034
497200.384523
497285.134337
497397.638259
497509.633841
497838.647842
497668.432994
497846.608358
498171.91484
498293.960815
498078.906196
498188.408164
498282.593069
498376.396784
498815.883555
498593.841269
498682.33621
499123.97778
498890.778031
498994.264694
499089.583246
499212.205952
499304.691277
499392.226121
499505.034549
499918.33984
499698.710961
499807.386681
500218.245445
500014.706399
500402.902812
500182.796932
500300.019731
500404.105908
500532.37601
500896.424673
500683.367258
501096.902706
500909.18854
501277.416341
501104.683448
501481.419808
501294.751699
501425.94346
501519.607886
501933.8313
501657.052388
501780.264807
501906.24962
502281.845378
502081.288148
502208.133817
502315.090682
502410.303992
502503.49923
502608.435555
502701.030876
503105.951437
502898.555136
503313.242437
503080.460313
503505.76417
503302.657677
503422.333194
503481.01767
503588.744348
503961.940975
503797.092576
503923.241096
504290.899534
504064.828802
504478.295018
504587.608423
504732.798646
504504.125885
504618.347594
504692.548207
504841.787648
504917.059156
505020.85745
505069.792754
505510.601042
505300.919613
505396.838251
505505.304289
505620.333943
505710.829624
505797.156654
505895.711612
506280.393091
506388.192863
506192.630961
506589.785398
506655.458527
506528.673569
506602.440136
506997.389226
506793.457411
507191.538028
506992.227057
507104.856241
507496.938103
507611.692585
507684.987216
507500.090854
507865.077151
507700.401719
508113.860535
508188.0921
508018.254034
508388.257371
508188.12879
508298.278637
508710.501592
508813.024309
508935.529163
508980.674532
508807.216448
508901.894629
509322.137323
509379.802342
509490.098533
509306.166246
509388.784096
509794.308274
509621.886188
509959.862675
509795.220757
510176.344922
510291.577379
510108.599178
510226.671509
510301.782482
510406.144539
510507.365928
510581.334856
510689.250078
510777.056464
510886.619558
511306.751882
511409.760758
511496.68084
511335.44152
511425.795425
511780.663364
511580.895685
511692.711387
511791.25641
511895.601913
512022.483694
512417.262899
512220.715305
512604.205198
512682.721808
512812.106518
512883.349567
513000.485411
512794.939996
512900.60616
512994.73831
513112.461638
513505.839832
513301.654627
513413.901089
513790.696625
513905.571549
513680.501471
513767.664652
514198.985173
514338.517468
514091.312438
514222.741082
514339.365106
514396.602234
514791.036354
514884.101903
514694.150228
514808.86511
514869.997972
515306.912034
515117.811315
515478.554022
515308.121515
515676.655931
515479.027503
515910.702012
515676.659601
516104.578139
515917.565325
515979.975272
516083.057822
516546.677583
516279.310791
516708.14889
516506.156091
516592.715319
517011.464032
517105.857705
516915.882396
517001.832061
517392.008518
517218.125232
517291.809833
517690.557344
517516.518375
517885.824965
517696.592519
517807.197995
517914.761639
518312.671279
518445.124916
518523.436358
518289.971824
518399.585246
518791.653076
518603.952441
518664.308039
519116.225581
519201.443859
518973.314009
519099.385085
519485.975494
519609.071833
519681.181429
519543.546566
519633.554995
519693.147807
519800.423534
520180.017551
519993.094917
520401.590871
520505.066588
520288.251521
520380.596339
520783.2419
520595.093021
520699.357784
520826.878934
520896.257334
520983.388173
521071.934127
521490.964085
521308.489385
521397.160477
521496.969677
521939.336586
521703.002287
521774.531815
521907.691328
522312.706554
522074.662356
522490.233696
522304.822208
522723.456074
522515.82091
522609.235567
522993.136407
522834.314581
522911.283246
523032.192732
523134.008208
523182.631855
523292.480666
523400.749644
523473.071636
523592.478416
523693.208902
523784.147
524180.211053
524299.275443
524130.001309
524189.162787
524322.089154
524723.086933
524507.841102
524892.377357
524982.065994
525078.938865
524908.211287
525039.705998
525075.134109
525203.213372
525630.119816
525415.015253
525482.681196
525599.187084
525710.750818
525816.363471
525900.885904
526020.4065
526089.102237
526192.13644
526337.50296
526404.467326
526489.318424
526939.612667
526717.025377
527097.298282
526884.474729
527294.020452
527081.701631
527473.350603
527593.392065
527406.524172
527483.949573
527904.39744
527661.413039
528124.124913
527891.342967
528303.036133
528121.806935
528203.988931
528272.852951
528450.203056
528825.654882
528620.623844
528694.628305
528814.042834
529175.916156
529009.396268
529109.422368
529200.274699
529322.155127
529391.537507
529499.331511
529917.363107
529960.820651
529824.67265
530207.167952
530313.802561
530085.996483
530527.224679
530613.387428
530397.748304
530778.625111
530865.193859
530995.826412
530786.60207
530863.26877
530983.154317
531119.330361
531211.297602
531275.690557
531419.606113
531819.983258
531589.100629
531688.32776
531787.779922
531886.417244
532028.932822
532105.987574
532512.735989
532297.628587
532384.732032
532512.014886
532581.709005
532995.593764
533051.627002
533156.704955
533304.518135
533101.950464
533195.155589
533317.489521
533735.524438
533518.935542
533645.384103
533981.956191
533820.53161
533901.773001
533989.323829
534424.298728
534202.948241
534294.521789
534707.134049
534491.727355
534626.983214
534951.345386
534794.432022
534935.651488
535033.559007
535089.813102
535495.2572
535325.305464
535735.674337
535455.797637
535893.59806
536010.976862
535802.170106
535912.249404
536336.826001
536406.830961
536216.069651
536620.71785
536715.782826
536501.441085
536598.116174
536701.361481
536817.484176
536917.488319
537317.303038
537080.382089
537241.667077
537598.988886
537414.681326
537503.671544
537907.412765
537978.995399
537794.552429
537869.632518
538345.696266
538107.818215
538186.966974
538637.086092
538724.530174
538495.448883
538602.409968
538977.822897
539096.469095
538908.933685
539313.566095
539100.497252
539498.514968
539629.394353
539693.915054
539481.427585
539592.846888
539951.700715
539826.010809
539906.01059
540334.017838
540371.373932
540197.056567
540308.113499
540386.968925
540492.67667
540627.400436
540985.290588
541082.174606
540929.692202
540995.115293
541112.205099
541187.457002
541294.900638
541395.340513
541790.712358
541572.61516
541737.201319
541790.637833
542186.523753
542014.64661
542097.785665
542179.07123
542298.373368
542707.37408
542793.150895
542650.946009
542710.469237
542802.315987
542911.526682
542992.546526
543101.059809
543203.701351
543601.751712
543429.166822
543491.852239
543878.960303
543699.018822
544109.679334
543880.30607
543988.898598
544390.206141
544197.698792
544549.007318
544717.662806
544494.188391
544881.002706
545025.056388
544813.559384
544930.71501
545004.360186
545396.802659
545187.766631
545610.087253
545682.738831
545774.710155
545602.194194
545713.138819
545770.294883
546207.265582
546302.972947
546118.33098
546487.722323
546605.445731
546704.770785
546512.303803
546893.601001
546684.11895
547110.785464
547190.844511
547299.018776
547104.242718
547198.984478
547616.554347
547417.843098
547503.734744
547905.930304
547704.428873
547808.659792
548199.224421
548292.466786
548405.674004
548237.305046
548304.088384
548679.794884
548499.237636
548594.219247
548988.165976
548804.123255
548914.170379
548958.021891
549125.043818
549462.105152
549288.532681
549417.065405
549497.145449
549595.463239
550024.181805
549789.163905
549892.298525
550290.59886
550090.377196
550207.938065
550280.91167
550722.405461
550463.574664
550878.181029
550706.544808
550779.266551
550903.557869
551026.31434
551416.380091
551192.955905
551306.597971
551407.484997
551780.735097
551887.272142
552021.295582
551803.121401
551892.641496
551993.707917
552100.360354
552467.00639
552632.352304
552416.672345
552466.206762
552883.961718
552682.75985
552809.709312
553199.541755
553014.15459
553117.772196
553202.638514
553586.90779
553703.58946
553529.849945
553861.157115
553989.853715
554094.639223
554182.249469
554324.017132
554081.767837
554531.673783
554318.065002
554401.021017
554793.973289
554914.989746
554709.628261
554814.164688
555224.098824
554985.230735
555393.302546
555493.430767
555307.053858
555698.017552
555485.18665
555935.358286
555723.977054
555808.583642
555901.236176
556298.721255
556380.590956
556194.811743
556614.548579
556412.111258
556827.494151
556602.551334
556987.8137
556822.043361
556919.132124
557301.64052
557430.296474
557184.570313
557284.028527
557391.645117
557832.977887
557591.977501
557691.331555
557785.217903
558223.228218
558316.818549
558394.449983
558192.588193
558341.567836
558698.562294
558828.231295
558595.575385
558986.315694
558784.52875
559162.442171
559306.192109
559399.814905
559489.758719
559293.451817
559681.788679
559803.226949
559922.332367
560037.14153
559798.203903
560214.645736
560003.922159
560378.534529
560172.361035
560632.701545
560428.153297
560516.396573
560927.137563
560995.855689
560792.962024
561194.534938
560984.597986
561361.294712
561195.206058
561294.865577
561683.768449
561477.140162
561900.697042
562018.012479
561789.262381
561904.356429
562020.301063
562387.192451
562506.428842
562316.986559
562418.710481
562786.234508
562620.078616
562701.734775
562822.545795
563202.869262
563023.000094
563068.415406
563475.372188
563608.191391
563387.378202
563495.081832
563890.568279
563675.018682
564110.444918
564182.251824
564304.634273
564389.935403
564504.850829
564268.284844
564396.92928
564834.724285
564619.481249
564704.776265
564813.701676
565204.743433
565026.597342
565100.049297
565196.587699
565287.561204
565427.290845
565491.715139
565922.747248
565978.276614
566072.12105
565900.7082
565987.319468
566115.797285
566234.96467
566307.047815
566689.637408
566518.095022
566638.055399
566995.051296
567125.462695
567189.452759
566999.676349
567391.961736
567527.220757
567298.614774
567686.989647
567521.646404
567924.23218
568017.99933
567800.771622
568205.018146
567986.802112
568092.904034
568485.230126
568319.475675
568676.49119
568831.564374
568605.505082
568686.697206
568824.93331
568913.493296
569291.017469
569382.260952
569195.568229
569272.516232
569410.954196
569508.827679
569868.791021
569710.54179
569805.985152
570225.970298
569972.404725
570414.380715
570206.594068
570300.687143
570718.414924
570501.353325
570602.969981
571019.954157
570825.941878
570898.650361
571298.047174
571400.614297
571467.610777
571327.57423
571420.061756
571483.740978
571581.779484
572004.852361
571839.93689
571890.493525
572023.053644
572398.42219
572513.971503
572301.987921
572390.663191
572504.145564
572884.35507
572991.267884
572802.662056
572899.414503
572980.425081
573410.928382
573491.880411
573594.14644
573406.197602
573790.6378
573587.785868
573702.940214
573759.676561
574233.441513
574318.578342
574425.055674
574488.770582
574579.579348
574423.214498
574796.362416
574919.423576
574705.135864
574786.622879
574938.097202
575345.479198
575431.460671
575478.050411
575599.184442
575707.370571
575817.28906
575608.321218
575719.0624
576090.151765
575863.152929
576048.598139
576104.869196
576191.151801
576297.428511
576678.872636
576500.45138
576563.582761
576746.481758
577102.283115
576919.898798
577285.714322
577121.262
577486.739626
577587.31478
577733.599946
577492.916001
577880.198963
578026.660677
578112.65344
577895.751933
578011.39552
578111.987401
578210.16303
578303.40722
578381.024808
578784.137972
578861.858053
579004.782003
579133.438411
578893.018944
579012.946196
579102.973299
579205.193186
579619.093412
579381.678875
579516.65015
579896.376359
579693.506892
579821.804861
580191.952029
580004.846519
580370.235708
580213.419935
580575.083925
580386.3884
580824.491505
580606.81361
580692.377343
581139.086869
581196.878122
581298.134924
581109.50402
581490.102681
581289.163886
581694.926241
581482.467098
581923.631417
581713.405978
581797.328264
581903.181698
582029.522441
582097.953272
582479.620423
582604.066533
582412.062178
582821.024635
582861.487414
582998.918965
582811.962854
583223.335216
583283.926672
583097.724705
583207.972102
583594.139636
583710.596794
583791.385789
583581.482473
583721.906774
583792.191689
583917.577986
584336.867627
584095.876326
584180.798767
584274.666511
584685.622474
584513.360508
584865.92263
584973.893269
585078.030243
584923.243608
585345.780752
585102.521244
585198.183357
585297.087256
585698.30731
585466.28042
585617.395295
585670.904796
586120.983351
586186.377047
586022.312244
586119.87486
586202.429777
586313.491372
586409.645222
586497.467034
586897.605019
586686.480352
586783.584267
587246.162935
587316.216145
587391.907799
587208.25071
587608.107368
587708.711627
587523.818937
587892.178989
587708.139488
587804.999822
587882.656012
588013.880501
588096.182422
588539.113761
588266.44875
588706.372462
588481.001023
588907.828622
589019.23867
588813.936397
589237.776682
589010.357573
589091.93623
589486.962844
589301.558372
589411.460814
589778.001141
589577.937645
589718.091486
590111.094502
590204.03295
589990.529752
590105.376768
590508.034202
590278.209065
590424.847951
590517.995461
590573.224794
590699.29317
590794.183492
590880.703831
591021.557292
591061.554116
591481.973639
591627.301419
591712.514794
591498.204917
591910.227378
591990.514528
592101.461668
591910.347371
591996.970201
592364.828822
592504.247008
592600.224061
592689.210386
592811.475629
592602.190348
592717.987435
592801.839841
592890.452094
593291.153688
593448.437966
593467.243091
593609.743979
593411.441988
593505.733764
593614.921959
593720.532905
593781.011567
594227.222984
593985.698722
594120.382213
594197.236093
594328.894538
594422.241696
594788.202955
594632.167543
594987.419323
595101.428737
594898.683275
594978.852205
595434.0401
595187.88422
595581.180181
595721.509826
595503.102305
595589.825792
595709.593043
596101.103926
595908.491539
596013.868972
596094.556521
596478.231384
596333.685171
596404.365347
596478.13199
596601.127394
597002.065928
597077.094184
596912.629905
596996.056045
597096.337606
597190.762795
597589.889819
597410.420543
597505.064576
597640.508129
597726.441941
597810.145387
598194.026989
598300.77007
598101.934791
598506.672975
598318.34774
598379.256499
598514.002858
598604.760222
598733.617251
598771.685079
598909.195419
599012.44435
599106.528402
599211.349744
599616.362909
599707.572747
599525.490461
599626.716925
600023.994084
600105.342272
599916.321141
600005.66231
600088.221686
600218.844877
600602.569905
600393.802452
600536.162587
600599.650529
600679.46674
600785.365498
600916.842401
600998.83285
601107.81067
601208.655522
601323.326527
601717.835838
601497.519663
601617.152995
601707.254768
601789.946076
602202.577133
602006.807801
602396.885616
602222.132518
602606.526888
602401.750727
602507.586597
602621.444181
603030.786023
603086.600097
602893.955986
602976.892734
603396.40617
603497.509693
603604.766128
603412.89097
603818.996222
603570.447578
604028.397822
603825.56382
603892.541429
604000.074218
604071.450112
604181.303104
604280.750583
604697.283978
604781.303564
604630.267089
605003.750334
604823.618913
604905.776362
604981.068437
605075.015428
605201.457653
605300.871808
605397.796784
605480.410898
605621.958993
605696.938542
605824.969058
605915.331074
606301.732457
606095.356526
606213.782891
606607.045342
606682.909043
606495.15898
606919.400128
607016.556992
606798.788776
606900.908495
607314.126456
607431.610864
607511.041431
607297.063196
607398.917578
607469.738633
607571.756706
607982.375826
607797.666777
607917.470829
607973.547725
608072.577256
608177.319501
608606.271279
608409.269238
608826.894991
608601.178351
608692.946027
609104.014506
609214.849118
609307.314886
609071.776195
609470.074882
609612.648655
609720.09609
609513.158698
609899.774036
610005.858691
609782.608625
609878.569922
610024.66805
610375.649004
610211.461965
610307.244658
610374.440081
610814.32089
610619.832622
610676.57195
611143.235692
610891.241245
611294.007263
611114.932005
611177.007492
611305.562755
611396.847805
611484.408627
611601.508445
611712.839483
611812.763028
612150.679975
612014.825503
612432.933846
612210.832619
612305.267136
612374.800018
612475.678559
612584.008699
612693.859672
613114.728101
612903.461571
612990.180814
613108.773222
613504.2638
613308.287483
613687.491539
613512.216483
613913.516517
613989.853046
613851.77204
613894.607967
614288.354433
614096.937385
614194.394654
614604.788363
614423.897357
614505.140793
614587.748723
614715.335022
614758.820793
614894.520714
615330.029776
615410.14897
615214.197815
615300.209011
615687.633008
615491.549556
615926.077415
616011.027259
615766.641742
615894.064339
616282.163739
616425.607431
616182.846279
616313.368236
616420.933853
616493.841976
616596.666836
616699.63177
616812.879099
617224.981206
617272.593596
617124.37284
617221.102582
617293.504494
617392.947591
617498.991289
617606.862889
617983.500191
617790.292741
618206.350125
617990.411196
618115.040068
618202.150264
618324.576414
618424.900117
618538.974638
618930.69807
619006.922751
618803.659272
618889.86811
619018.198102
619399.344609
619233.875831
619273.197392
619404.020925
619488.480816
619896.707169
619977.649433
620086.255907
619902.6276
619998.424088
620125.838114
620203.117885
620624.552098
620705.17073
620525.969282
620896.099763
620732.951146
621113.885829
620858.988152
621300.888781
621088.898952
621202.61731
621316.198397
621684.368225
621526.019557
621586.577308
621713.272197
621795.116157
621898.092189
621991.581758
622414.233011
622190.105664
622297.745977
622686.29847
622803.197509
622600.26293
622710.378233
622789.78873
622915.805135
623010.423188
623098.71061
623204.295814
623631.669424
623409.020215
623782.197322
623876.619743
624038.142193
624074.82348
624225.479171
624007.23059
624112.418676
624230.511632
624325.297563
624399.398192
624514.792803
624604.023168
625003.859817
625094.802742
624872.646456
625322.248491
625112.559413
625482.418097
625292.507678
625390.333698
625554.317899
625609.127117
626005.290716
625821.246529
625897.825337
625994.192432
626125.746423
626506.565611
626345.981402
626373.819435
626534.596147
626909.370527
626671.598859
627073.755634
626944.415704
627280.979701
627389.700288
627480.219736
627317.3839
627399.364311
627805.58567
627591.172044
627658.058042
628097.940182
627910.064967
628273.042683
628410.169092
628182.191726
628315.835329
628413.62823
628517.864853
628633.188017
628694.774951
628825.88009
629187.369407
629296.88823
629414.750029
629514.002094
629330.662915
629705.724949
629796.226969
629913.276454
629991.435031
629791.081544
630156.242616
630266.21714
630101.82616
630196.52325
630590.089759
630389.085817
630535.89563
630914.692877
630690.357458
631131.358778
630911.990785
631284.460812
631442.978929
631210.357461
631293.063016
631712.144965
631509.412009
631613.603577
631996.991938
632135.718471
631920.492602
632003.830754
632097.775291
632190.673057
632301.949319
632424.761747
632472.227732
632633.351393
632714.946622
632799.648036
632876.746768
632972.79584
633117.622336
633515.587846
633294.877192
633405.574895
633498.956704
633608.081289
633693.220018
633806.704011
633900.527072
634264.507448
634427.830508
634217.674255
634315.614555
634690.445728
634495.773744
634597.081885
634979.367584
634789.012904
634855.483853
635278.353815
635382.091348
635176.723112
635602.122008
635718.816008
635807.43452
635579.781276
635728.989306
636076.916555
636216.780119
636000.751714
636377.643542
636517.88219
636326.82475
636382.999342
636763.179622
636954.757149
636984.999172
636808.13425
636876.332846
637034.988456
637081.974348
637500.427474
637290.535922
637700.909833
637817.154181
637617.889308
637984.221335
637807.519544
638238.454314
638294.813976
638104.251084
638220.049113
638311.840145
638729.350965
638495.144289
638904.746912
638981.075393
638796.074929
639189.984438
639017.143877
639421.148125
639227.36057
639293.481256
639383.329193
639774.154013
639604.313184
639707.423439
640093.958542
639892.913027
640277.588717
640393.861813
640195.860994
640589.944125
640382.825796
640808.277609
640633.694106
640993.9284
640808.237918
640894.008384
641314.236768
641386.807254
641488.901901
641290.103328
641404.295716
641484.890767
641595.280217
641669.950209
641781.714221
641905.626684
642314.087714
642116.609647
642199.392655
642289.363968
642392.106999
642815.597709
642913.442779
643000.110123
642795.790152
642910.931637
642983.067819
643104.230483
643199.428654
643317.610423
643381.676658
643542.258276
643930.78022
644033.136146
643783.608581
643921.262245
644039.810969
644388.980595
644210.799183
644329.935783
644411.100424
644790.094764
644615.866499
644681.093398
645102.872096
644882.245139
644970.582733
645100.95058
645164.660822
645314.993684
645713.167377
645820.009585
645898.313868
646016.503087
645799.050465
646220.127487
646010.045064
646112.107789
646194.089887
646603.291831
646382.267136
646523.625588
646618.915445
646976.598922
646822.334113
646880.272833
646995.549727
647113.886477
647210.698416
647583.46387
647384.326015
647511.187584
647589.553722
648001.47023
647824.618869
648182.208222
648295.139194
648059.683261
648509.091768
648323.29305
648706.883591
648534.32696
648870.275326
648739.730878
649110.601518
648879.174266
648986.275986
649086.02372
649199.668128
649276.676593
649700.850077
649527.032335
649604.857328
649689.328417
649811.522681
649896.162035
649976.868981
650402.366941
650205.923437
650615.215756
650679.934544
650844.153871
650861.364364
