684.713928698
790.460264095
1177.67633262
996.225432984
1413.84529371
1218.79251052
1313.05236703
1729.82124573
1502.44262286
1890.99323395
1692.20086081
2138.321764
2211.40816072
1999.69410558
2415.74642138
2230.55213926
2587.6363208
2352.60078642
2496.45236896
2602.91596289
2688.11476211
2844.20577275
2922.9504882
3295.85129314
3083.12085766
3197.21798715
3599.61695927
3701.24981131
3489.20130151
3613.14013272
3699.4393285
3809.40474805
4212.5552499
3999.83113434
4127.83501076
4185.03650398
4616.5202526
4682.18250143
4802.99387169
4873.28153721
4698.40583811
4746.26531362
4903.99768989
5281.44183983
5392.4636107
5464.43098313
5612.83460798
5666.26418581
5483.41886086
5911.41521569
6020.84971112
5811.5214397
5913.89475322
6001.17443286
6127.23857176
6546.86671758
6314.3766768
6383.21902932
6485.22628008
6602.93091315
6695.72412582
7101.93865553
7214.08591732
6981.40542407
7130.9848935
7208.88579921
7316.21854728
7376.77946178
7490.9903829
7599.92157638
7963.12880205
8092.81302341
7910.04776891
8012.47332428
8120.69558842
8450.17476192
8341.98071963
8714.53234831
8475.93822854
8601.63609478
8986.91562195
8787.9554855
8919.48571562
9300.41792857
9099.15963214
9485.45960631
9560.65267729
9701.79831708
9477.13396166
9594.1446281
9712.80883976
9807.08335442
10198.6053502
10246.1099201
10093.6090316
10454.1675796
10318.3605245
10360.1749295
10521.0444501
10601.8780601
11008.8505046
11053.2442894
10900.0369953
11277.0512512
11088.5491448
11493.5750668
11312.4035056
11420.8079712
11780.8163687
11595.9124956
11726.6421487
12061.6876637
11887.2842042
12276.4078785
12398.1964919
12475.4798595
12334.7741681
12734.2908484
12502.4890344
12592.810416
12689.0286381
13135.0435645
12879.8575158
13281.6970849
13129.7126422
13189.2886642
13589.0223272
13408.0989432
13494.5932246
13601.0590341
13689.9285812
14146.5036618
14183.9483387
13992.5504238
14365.8947593
14522.227753
14279.7974642
14690.424134
14499.2424154
14831.4316933
14706.2119904
14777.4055935
14883.2530187
15278.8897024
15375.8603062
15502.5294237
15585.1947481
15672.2797598
15496.2936984
15603.8729238
15694.9316964
16072.4628368
15912.1884686
16291.0760296
16105.7554943
16500.2816667
16611.9512918
16704.4515604
16502.4135939
16608.0840794
16714.2557924
17117.7949389
17161.7740309
17026.6854912
17105.42058
17205.9103575
17282.0223146
17386.7957934
17799.6938729
17917.0950461
18016.2827344
17793.4556009
18236.011075
18019.1671914
18395.509959
18193.4037402
18274.1526395
18686.570092
18519.2653655
18612.854026
18993.9799953
18840.0436252
19177.9827785
19003.3394394
19405.8551349
19188.322376
19290.6650705
19397.034463
19803.3576355
19597.9090829
19693.1673714
20091.8017224
19931.1138846
20019.9804257
20089.8532483
20508.9669912
20601.6854669
20416.0188722
20525.4933151
20619.8600222
20683.610031
20810.8867595
21203.9727085
21012.1618017
21076.8862372
21197.3128534
21300.2800328
21407.9996994
21772.7912907
21901.1752912
21714.5093753
21788.4303883
22215.3693485
22019.0538049
22109.3429826
22498.4071209
22600.6735717
22382.6463301
22517.4200773
22610.585678
22707.1452768
23083.3673819
22914.8628324
23012.5368742
23096.2075096
23244.9158926
23304.1380905
23403.8767286
23809.3589175
23946.664216
23701.9109171
24142.8805365
23886.6616785
24308.1463475
24084.9226679
24220.0192962
24590.146676
24403.3403886
24782.2055405
24588.1924549
25011.6269097
25102.6630386
24889.7909478
25011.0710314
25104.3398089
25506.4942539
25595.5084383
25400.4754554
25511.3222653
25576.9180399
25701.9806562
26123.9405016
26195.3434803
25977.5086193
26108.6725007
26517.4924981
26284.3433918
26402.6103698
26526.4047291
26865.5472342
26691.6815074
27121.6170327
27228.3778135
27334.5163756
27095.4754357
27506.3091106
27648.7864084
27382.5798543
27526.9770319
27612.2207482
28000.6728406
27798.3296749
28193.6898303
28003.0256365
28371.7840546
28208.673801
28313.0682994
28410.4932326
28824.993848
28623.1028442
28722.3226738
28837.4605445
29183.0865462
29028.7267057
29399.4473298
29216.4958291
29303.8370821
29403.7038169
29810.7043652
29923.732227
29692.3213786
29813.4442296
29860.3638777
30328.7459993
30089.3709926
30495.7102183
30301.0917447
30396.6608693
30787.5042402
30627.5590635
30715.0806256
31115.3195543
30911.5773088
30995.1438054
31111.6083795
31170.9702834
31313.8373289
31722.2158226
31500.7113916
31912.035119
31677.0916546
31799.1203061
31897.2194354
32322.5876259
32118.5558373
32217.4531585
32316.8423248
32401.9864439
32533.9783158
32565.3146623
32996.0602233
32815.3187507
32889.5199278
32957.4011564
33099.2066974
33493.6850941
33626.4121675
33400.5483848
33488.7133082
33909.1626309
33686.7775116
33795.9809909
33915.9744638
34011.1659915
34109.1827806
34162.9071933
34601.7085406
34429.1769341
34483.4795816
34911.9460671
34713.9618205
34828.640554
34866.8455304
35273.7860331
35115.467535
35219.9801126
35306.8449764
35386.5733227
35788.6987278
35604.9559822
35691.8870063
35809.3084142
35924.5707951
36001.4431116
36117.1777068
36202.7932533
36582.3787984
36412.3067204
36501.6529902
36622.6201344
37009.5951889
36782.200054
36869.6003458
37012.4262345
37078.9723693
37190.2557528
37592.8513398
37692.0054234
37531.7659459
37611.2255928
38036.2347731
38114.0561996
37922.675567
38023.0447556
38113.742271
38493.1091382
38313.9453287
38714.319963
38484.873382
38577.744412
38977.8384203
39120.6004966
38887.3495978
39009.0159844
39109.8674165
39214.3404761
39300.8094103
39424.5850253
39483.5918407
39565.7741531
39692.1795538
39801.7139136
40177.9057957
40031.667209
40064.3749004
40209.8222679
40301.0681571
40389.7426457
40741.7329015
40906.5377134
40701.3567914
41099.569126
41200.7561916
41304.1455455
41121.2103821
41224.5521006
41310.9546608
41402.1236702
41520.0312272
41639.6392471
42021.1121863
41785.7080922
41933.9087024
42264.6685462
42359.6462182
42487.874602
42581.101239
42401.8151664
42813.4228709
42610.9106051
42692.0143433
42812.6658032
43206.8063089
43295.7822602
43405.3954423
43164.4091391
43315.8873188
43385.2016049
43503.7362475
43638.068351
43994.1338545
44144.7239075
44222.5843325
44000.5014441
44421.4728146
44231.6209745
44316.8423524
44682.6380026
44808.8143656
44901.7004315
45004.7280908
45106.6398431
45185.7344823
45025.6683279
45091.7513698
45226.1072069
45275.2356162
45402.0770181
45528.0928841
45599.0035766
45718.03849
46081.1428165
45915.952608
46297.7403511
46113.1028308
46224.8570042
46276.960461
46403.2415966
46494.923361
46595.1661038
46980.1968588
46796.6287689
46885.4448257
46983.2518369
47112.7909356
47213.1242342
47617.5710124
47378.7021182
47491.0623499
47604.2637775
47701.7679376
47825.478061
47886.858962
48022.6189408
48087.348183
48495.4849847
48603.9194348
48384.1400929
48480.3867845
48599.3687817
48648.9166643
48824.9828984
49219.7260501
49043.6587015
49102.7502573
49159.4276603
49297.0811521
49694.0363252
49523.8634371
49606.8625911
49992.8625133
49799.4478968
49895.4145643
49971.2767495
50099.6042656
50520.9746657
50337.6507736
50398.7181733
50497.7533791
50592.3943333
50725.0666152
51095.4965121
50908.1911848
51258.6359677
51102.0113574
51475.365657
51626.993555
51689.9082106
51505.8456335
51596.3693185
51959.4601354
52133.7180869
51940.7671284
52328.5809169
52106.4268667
52202.0966928
52321.7946801
52731.3027418
52496.7725243
52592.3315793
53043.5528123
53118.9069131
53248.3621166
52975.0493137
53415.5619035
53179.2319022
53618.1865305
53384.1551173
53790.1307192
53918.007282
53690.6347609
53814.7940346
53900.5387754
54267.1162626
54367.277442
54211.7757511
54325.9217471
54384.7881862
54479.6279056
54864.2761492
54703.494118
55080.1690552
54888.4638234
54986.8378971
55367.2218028
55167.9888458
55313.8583168
55420.120079
55509.7809078
55577.0729712
56013.4276886
56096.9858735
55914.8181943
56307.0849698
56115.6107949
56471.6668596
56279.2874083
56700.3421708
56764.9558566
56604.5763745
56692.4780101
56813.9357158
56899.4615211
57018.3120868
57104.3863739
57500.7698343
57565.95788
57407.4081512
57778.3691577
57592.1441103
58014.6440829
57798.7266731
58191.5178585
58341.0735052
58099.2932278
58445.2918557
58301.8766684
58685.3470184
58811.5436367
58596.8829602
59013.2131366
59091.3628813
59179.314393
59313.6136056
59382.967698
59493.6710302
59597.0805832
59418.6491014
59808.3287491
59593.7336797
59725.5040026
59789.2431015
59902.540315
60304.1001257
60096.9683823
60214.4317697
60599.4957363
60395.0558458
60521.4289585
60617.2524437
