738.48613346
770.512682177
1173.57331808
1015.91427238
1107.56867869
1193.40625752
1342.3471766
1696.97281254
1796.16316662
1620.73666886
1679.02406354
1827.32665715
2214.53733118
1981.05079387
2090.78429296
2467.71911619
2270.26636204
2701.39624372
2821.70975663
2894.85512113
2982.28350833
3093.14869128
3196.94233043
3005.13269141
3373.63133147
3520.37415001
3306.03649207
3403.1064632
3792.36842207
3907.30189459
4006.64719052
4075.77436723
4230.61421345
3991.14933237
4096.50585708
4184.6045027
4308.31500025
4402.21285362
4505.40041978
4926.27536892
4686.67922616
4790.90944198
4936.99610352
5025.60070656
5395.6715077
5510.62405404
5596.77182596
5413.89668026
5807.20999323
5566.09516988
5690.33207529
5791.69251647
5891.64115188
6310.95590143
6116.44156307
6202.89898445
6295.09876069
6384.38604817
6503.63782267
6599.78466203
7014.57172163
6840.737986
6905.34519674
7335.36412602
7381.35991501
7511.94683412
7302.37761637
7649.20348322
7507.78717054
7619.01777876
7703.92485483
7804.33831893
7899.70605356
8318.2870482
8077.03800501
8182.62732108
8605.83017812
8407.03163793
8806.55054423
8611.61920427
8989.17598937
8803.8642685
9172.81504608
9338.58140884
9405.12303801
9188.08933289
9327.3589529
9382.22585536
9525.63067563
9588.2492108
9722.45288483
9790.23763846
10199.6187366
10322.4287581
10094.0847701
10220.2720855
10276.3494433
10689.2896195
10530.4229058
10859.8741749
10709.0232512
10807.2641202
11208.8037254
11308.9784013
11388.2801194
11204.8125713
11308.8530679
11721.0600041
11793.0790066
11916.3164306
12011.9194036
11782.6688018
12208.3892347
11986.5721115
12419.6087884
12524.3519634
12303.6798803
12389.9414504
12486.010492
12599.925406
12691.9402515
12808.8096673
12893.6519311
13300.4087157
13348.2238064
13505.804227
13604.6402808
13426.3084406
13504.1128771
13607.5100346
14011.6768394
14112.0997102
14213.7449393
14006.2996584
14134.2202907
14225.1969032
14603.4061424
14720.5680064
14790.8099709
14599.7280734
15005.1461186
14803.3578705
14879.0720298
15024.8473938
15397.3810022
15172.0162643
15288.4724746
15415.8249632
15472.4336719
15604.7132771
15685.9537367
15813.8149852
16203.9332345
16017.2619905
16409.9151416
16188.3038746
16299.1809823
16412.0477633
16772.005431
16583.3300265
16681.655916
17108.7289944
16893.3881246
16988.8392461
17094.8671183
17158.5379819
17303.3633014
17435.1079153
17489.8695005
17586.9386708
17681.9335136
17789.0540653
18181.0633262
18321.5683456
18385.7696557
18178.7695546
18618.6838547
18402.2381464
18500.1314375
18891.4632442
18701.4590099
19099.2396339
18933.2668126
19019.8999155
19431.7293906
19227.3559047
19286.0650682
19427.3297153
19496.6485927
19883.5380535
19718.9814021
20099.9896567
19878.057967
20301.6485621
20122.2555495
20471.4684478
20299.7959919
20426.0558011
20504.1407005
20637.1704503
20685.2630019
20776.7549201
20871.4080432
21036.7127046
21425.4391342
21483.8633367
21576.8544404
21400.7899576
21797.7266738
21625.2113928
21696.3106668
22108.6942471
22227.9399405
22261.4299359
22113.7784809
22207.4584485
22294.591264
22686.1538305
22510.8191128
22599.0167796
22701.3732756
22796.9245751
23187.3007022
23038.6353084
23101.9522376
23528.7011306
23317.7606198
23416.4136616
23517.611191
23888.8542902
23998.3910887
24122.5627199
23904.1876085
24277.4759131
24410.9913124
24202.0577068
24613.3151881
24387.0905944
24518.675926
24887.1304749
24683.7770567
24815.1388722
24912.4568778
24996.3327274
25399.7161689
25201.5840635
25295.5362553
25701.0983359
25481.9762815
25908.3459685
26026.4129677
25817.0862942
25898.3592329
26284.7234063
26403.7663468
26512.3289162
26296.7804617
26403.2101191
26520.7322495
26643.3530305
26700.3477981
26798.8725069
26883.0693624
27002.1670463
27419.086983
27191.3294624
27592.137103
27676.0746483
27800.2367976
27880.9980538
27694.9947211
27787.023999
27888.6785796
28290.5250226
28396.979801
28579.9887605
28560.3058887
28413.152601
28505.6257047
28597.2958085
28979.4015802
29091.6487908
29169.7825235
28997.1794332
29115.9189261
29464.9453268
29573.4939931
29411.0034669
29793.1466498
29917.317219
29697.7393878
29793.3709076
30204.915163
30278.0879868
30393.4314978
30496.4596746
30296.0485895
30720.4486363
30498.510982
30571.8352222
30679.9768516
30810.4193871
31185.1456851
31305.553693
31115.9272007
31187.2836681
31314.9508076
31386.2437652
31522.316665
31584.3694188
31966.3495219
31808.077301
32182.899571
32007.8442907
32386.9166793
32197.5738917
32620.7857237
32426.1449188
32796.7846312
32890.5969314
32718.424574
32778.2320103
33192.3703348
32997.0943296
33393.7300598
33496.1462177
33620.1255521
33694.4193423
33769.8196675
33918.4478907
34012.9252843
34096.8451376
34166.8609178
34016.5897614
34387.9943002
34172.4080346
34605.0488748
34711.6046621
34506.9500901
34872.7009015
34960.3581539
34833.5934914
34913.9781221
35004.8244754
35399.1865902
35187.0197502
35580.6695305
35421.5507442
35491.2953833
35610.4626713
35701.5184904
36081.9456407
35866.2248708
36005.2916324
36396.6807245
36481.4527855
36639.2749698
36684.9401633
36792.4519508
36914.0922221
37047.8579351
36809.3414182
37231.0251756
37008.6857276
37097.3935316
37205.6384287
37301.5916896
37378.7174323
37786.1575389
37602.6848698
38006.817007
38101.5922878
37892.2794904
38306.4142317
38115.5044814
38175.764455
38328.1407843
38395.4369712
38495.9972429
38577.2860286
38690.914437
39131.8792696
38915.0943061
39006.0523219
39081.9738751
39488.4475299
39576.9215431
39684.1397562
39501.8897124
39898.6203558
39683.7597193
40088.1468661
40212.3444035
39979.3838988
40103.1231098
40210.4661807
40297.2383939
40691.9933273
40479.6368475
40603.2547016
41016.7991964
40797.3681594
41177.469201
41290.8970135
41086.4407702
41521.8896734
41294.0263726
41691.3843719
41465.0831705
41600.8550476
41986.0365851
41816.2158095
42221.431165
42266.9495794
42072.4093502
42227.4203154
42283.7890498
42412.4506651
42487.5160983
42622.7774321
43028.8251445
42804.404789
42895.5388367
42966.9177041
43366.0253725
43505.6653748
43324.061911
43375.0843578
43490.3466038
43600.0375177
44022.1979058
44104.3979268
44190.9128796
44009.4682084
44101.6866101
44196.4309434
44285.220907
44388.0504619
44485.1169205
44587.2527258
45034.9205884
45046.2078424
44896.4979851
44971.1454121
45390.1495373
45195.2210377
45588.7434657
45711.380354
45473.4184296
45617.1766063
46027.5137395
46098.920322
45881.8302447
45994.2249676
46100.2783998
46156.6805869
46279.527665
46381.8148368
46813.3958381
46607.4953199
46687.9987793
46791.0717005
46897.9501325
47284.8554803
47145.9966626
47485.4105917
47652.7736059
47411.0162611
47462.9470672
47604.0910662
47995.3881351
47822.2899285
48204.1562501
48319.3814388
48425.86262
48175.9914444
48291.5988556
48710.925179
48802.5474328
48623.390288
48707.5426884
49087.0592178
48886.7524931
49027.4524531
49401.8356179
49484.0988056
49308.3265682
49701.8209477
49488.2622719
49601.3242271
49995.5509411
50141.8839981
49924.2652278
49975.5679846
50401.1194647
50497.5452674
50578.4037767
50403.0280177
50485.2336825
50873.3348599
50697.4880277
50809.4656859
50914.0807385
51041.6264931
51384.2874421
51235.3876923
51337.1685285
51695.0482019
51490.1501788
51616.0305916
51687.7541251
51809.5707672
52202.1752606
52012.885373
52380.5247717
52190.5154835
52287.9650951
52718.2915658
52503.5042176
52578.0157971
52710.9601677
52793.6097184
53203.4399068
53315.8215915
53362.9701262
53208.4849322
53576.6974411
53411.9497944
53463.224127
53915.8269016
53705.4139002
53810.7425214
53924.0162172
54028.4232085
54062.6396963
54177.0284319
54294.1913859
54402.1957432
54782.0959947
54587.112417
54703.1495911
55087.9569759
54899.5054883
55001.3368184
55389.9673452
55152.0845833
55322.9732065
55423.7183958
55499.6154529
55603.9301974
55694.6408618
56096.7285093
56198.1583716
55980.5880504
56420.2699695
56504.4039434
56299.510425
56710.9839553
56791.9497218
56908.0329676
56700.3530912
57133.6610032
57173.8886466
57293.5235931
57122.8758496
57485.9579028
57337.7989732
57364.8126713
57512.1824666
57941.7824565
57980.4960657
57804.7825705
58226.9816415
57993.3867812
58417.267287
58182.2089479
58586.4212823
58406.7952523
58470.6758917
58598.8509557
58702.3825626
58795.9879639
59207.2128008
59012.4730109
59124.3521734
59237.4725999
59613.1208126
59410.6205396
59817.4933705
59929.9337409
59997.7864226
60080.9836384
59863.1149951
60017.3418704
60389.0009086
60511.6535847
60325.1004434
60374.640567
60819.0417628
60608.0241976
60700.157799
60793.0979132
60921.4371548
61018.5281056
61415.3391992
61191.1857743
61276.9248117
61433.9976596
61513.8154519
61945.3056156
61673.5982845
61818.9924432
61916.3520072
62021.8744679
62406.8688311
62530.2965928
62307.8463972
62378.239051
62791.0433273
62592.3743023
62711.4758544
62849.7732914
62911.2987637
63284.5202901
63077.8201274
63194.5555747
63277.9506096
63379.9602844
63502.1306397
63610.1648048
63700.0293842
63827.8747978
64178.4785995
64003.4921293
64369.935659
64462.9030517
64303.5311848
64384.9970628
64794.7662765
64614.1261558
64971.3581191
64805.2585262
64895.844387
65313.0852941
65105.0925065
65207.8976208
65290.8098555
65434.9033516
65514.6699838
65583.6443292
65673.4309628
66113.903025
66239.4361729
66010.0064713
66091.2885365
66496.4081876
66272.5737019
66398.896395
66506.1683245
66917.0672554
66985.0113348
67087.0345414
66921.5433527
67006.6835812
67389.15441
67487.5779896
67331.4865064
67409.9622779
67764.2470158
67921.9252476
68017.1414727
67830.1361792
67912.6616257
68333.2020909
68137.9318663
68223.7793411
68293.2562705
68712.8716811
68504.5224854
68574.3526636
68997.3578127
68799.4485569
68897.7753456
69308.1752691
69375.1166437
69490.6697222
69329.0083243
69688.1119015
69504.0517694
69590.6486746
69989.2368648
70133.7348407
69899.0646473
70003.8392705
70080.0495159
70494.6927714
70560.9953675
70655.3244436
70768.7824566
70602.5252092
70699.2541437
70755.6296391
71237.0955625
70978.1498393
71395.8864233
71549.819372
71285.2422593
71390.8269654
71493.9584765
71629.7232779
71984.5882129
71801.2879066
71897.3857744
71994.9514724
72421.1686713
72465.5660606
72273.1267419
72402.2116839
72496.3348844
72908.2755506
72717.3081836
72778.2013568
73223.3297812
73008.0168328
73098.2808045
73530.6318149
73615.1590795
73667.8395708
73543.7727821
73608.8190688
73736.1750006
74122.0364912
73889.0140869
73991.4190152
74089.8615206
74489.255228
74615.1651527
74730.86322
74782.298816
74602.1591585
74709.7353368
74797.5661911
74922.0951643
75002.4047685
75078.0832139
75164.0035124
75308.1946857
75430.7226997
75517.7564692
75589.6602027
75990.7178454
76102.9807036
75900.9569905
76039.8323366
76113.2640332
76208.5853561
76612.5087715
76384.4778029
76506.0140413
76610.7292762
76699.8069184
77113.4489311
77200.2550065
77314.1190209
77405.7468957
77240.6181159
77578.8763697
77694.6140837
77771.5917351
77607.5067271
78000.2271586
78065.7703982
77895.2247981
78323.0484085
78093.1538715
78201.9828963
78299.2470617
78384.0502868
78503.5274282
78581.9829588
78965.8414331
79102.6534673
79189.3483477
79013.7522525
79434.718094
79183.6090278
79572.1599099
79680.765054
79826.047723
79614.0814099
79697.1421706
79829.6905087
80181.1913067
79981.9615112
80133.4552306
80496.7058978
80311.0335411
80383.7005174
80790.0364283
80929.1980581
81023.1732635
81103.5681964
81189.4180894
80975.9644124
81413.639824
81496.745558
81594.9618757
81676.6930583
81502.9595077
81591.9948382
82015.5679617
81834.4851598
82169.2588284
82003.4764365
82394.8841238
82493.4414118
82618.3021141
82710.7683536
82492.7198503
82894.2406185
82981.3644926
83096.3730027
82916.7180667
82977.9042318
83098.3938365
83487.8804608
83317.6892491
83404.3946469
83814.2622562
83612.6846663
83720.5384647
83829.150417
83902.2424799
84337.8602004
84116.7252903
84522.3898332
84611.5012647
84726.6706363
84822.170233
84912.2001819
84976.3049301
84816.4860249
84922.8227798
85011.5327174
85107.6681157
85490.3924088
85323.7617701
85364.5846988
85839.3042994
85605.2455137
85671.2705646
85791.8168619
86212.6471364
86302.4893782
86089.4227514
86214.2636568
86601.8998
86720.0797351
86793.4929719
86601.3995745
86997.9237379
86795.0811497
87230.6794419
86988.1508354
87405.4641229
87547.4167228
87300.7901591
87428.4268435
87826.5425404
87605.5731557
87968.2897587
87795.7227291
88164.8515298
88021.3891728
88077.1418514
88489.4502333
88316.0433264
88699.3983866
88812.6628998
88596.7414398
88680.8967553
88776.4179386
89197.239088
89287.7978095
89414.201369
89212.55421
89308.7300256
89678.6084593
89487.5720572
89628.495686
89728.6246431
90140.6887476
90189.5310996
89985.3817558
90381.0904586
90226.8578409
90626.0115851
90442.8768206
90775.988581
90595.5541487
90980.3307609
90831.687547
90868.1560869
91013.9714192
91096.3363701
91204.31324
91611.6676468
91658.7521085
91807.4217792
91915.9388583
91716.0564954
91815.1841095
91927.6316486
91983.4463703
92094.3136078
92210.8353722
92602.6841763
92403.9103486
92490.029345
92577.3085537
93023.9892697
92798.6442837
93205.8652007
93015.1330984
93426.3413277
93545.037929
93307.5066119
93388.2437018
93507.1819708
93604.7268362
93709.9740084
94083.9928898
94176.5754167
93987.4029467
94058.4637184
94507.6259011
94303.4855234
94393.1698279
94519.8279848
94588.7618571
94990.9779598
95125.663774
94906.7384114
95284.4605917
95084.4531558
95178.8251624
95289.9892548
95710.3394795
95538.6764654
95928.4057406
95983.5585311
95810.3010816
95910.6447051
96280.4656632
96406.8889154
96199.0191042
96303.1001616
96399.2660025
96508.3725043
96599.9735299
96997.8150625
96840.1203413
96877.7848452
97288.8368713
97128.6940655
97213.0211803
97316.196113
97409.157461
97532.5065161
97907.0096929
97697.4700629
98086.7380289
98208.7698975
98016.3369356
98083.7143029
98534.5765441
98304.8838984
98394.3393362
98813.5700588
98928.2432573
98750.4084205
98784.3776402
98887.1398698
99276.0382129
99382.2938306
99522.2475646
99339.1854512
99427.1144847
99816.7505071
99899.3732698
99698.5707898
99781.4142515
99887.608078
100323.985861
100104.610676
100230.733144
100266.993426
100668.649935
100520.567263
100878.640457
101027.466671
100787.968642
100895.846587
100970.458563
101376.749739
101167.303345
101306.126685
101696.898462
101765.181554
101853.742626
101702.344217
101816.546072
101912.249345
102015.454116
102405.459751
102208.410203
102320.626068
102416.45727
102487.449105
102613.646849
102705.475092
103112.234955
103195.673963
102992.476354
103094.870756
103176.934743
103586.584029
103679.885831
103502.210993
103914.164493
103990.282488
104098.839856
104215.842153
104277.506379
104403.816248
104516.251232
104266.037692
104642.602113
104494.284654
104623.555168
104700.897269
105139.925267
105195.244578
105017.772209
105108.465822
105204.577437
105274.167747
105405.806694
105488.707225
105615.33699
105700.879391
106095.540584
106188.02585
105994.031887
106070.56951
106492.047397
106325.711585
106711.672329
106516.507404
106925.186184
106715.560694
107107.607966
107178.972924
107320.810996
107373.46532
107193.40515
107293.639946
107397.655027
107479.495924
107930.60954
107699.023939
107800.976062
107909.693085
107991.277414
108386.017299
108510.054996
108283.375533
108412.314654
108773.996458
108877.726105
108996.77114
108803.384887
108918.501762
109267.886547
109370.572694
109222.133966
109317.608379
109394.338932
109498.96832
109618.890681
109999.010924
110095.530424
109895.623842
110039.452031
110116.736695
110222.149936
110597.910936
110396.665888
110493.182348
110628.879993
110641.487501
111087.405713
110880.424911
110993.859783
111086.300628
111199.234116
111593.808253
111386.319256
111800.339225
111578.925886
111699.838152
111807.538095
111895.980484
112007.816263
112405.74243
112193.306666
112615.869741
112416.42433
112817.158781
112885.062398
112701.892069
113080.835883
112888.057196
113278.082008
113128.530811
113476.781586
113298.386763
113702.521883
113844.668482
113637.693991
113951.623743
114073.792964
113898.255367
114265.588471
114109.197091
114488.474528
114616.53398
114422.753739
114769.178951
114591.64327
114732.024321
114789.985988
114918.913848
115308.775184
115091.344935
115205.986847
115314.575134
115424.485183
115807.033318
115582.910707
115967.059099
115795.920256
116219.748453
116006.496315
116384.196795
116185.936075
116628.910746
116675.979657
116746.751593
116591.385416
116976.168947
117136.636233
116896.119477
117286.778762
117399.793677
117201.343146
117300.85272
117719.561075
117499.297075
117619.922504
117699.902843
117806.565095
117899.480569
118005.066786
118396.436566
118472.257859
118303.641772
118686.790635
118523.258294
118586.803196
118991.812472
119099.454569
118885.522972
119011.641731
119395.337911
119190.725405
119591.674808
119394.190431
119534.138984
119571.523973
119696.105414
119803.93479
120200.675997
120308.839433
120388.830468
120210.530393
120574.922128
120737.965435
120512.618542
120900.755518
120718.153022
121103.310609
120930.657869
120972.669706
121386.697512
121511.885596
121315.512328
121430.933229
121784.628292
121595.444471
121943.846419
121822.6834
122178.737724
122305.374743
122356.056653
122205.061775
122282.732544
122371.431266
122805.671461
122595.749664
122724.195219
123084.050876
123229.092496
123007.267697
123092.612552
123485.078031
123300.065837
123699.091955
123831.957148
123580.158259
124025.561153
124067.738328
123894.927991
124275.408837
124088.135488
124477.667043
124280.556512
124671.626029
124507.250683
124630.799103
124680.700135
125090.655139
125226.804269
125329.764142
125107.590401
125216.405168
125294.569351
125685.193021
125503.267052
125897.521782
125676.692925
125752.918591
125860.777783
126017.776763
126401.756269
126525.116473
126623.858449
126386.648833
126470.183312
126897.619449
126699.043559
127103.056412
126912.121163
127280.926218
127113.360218
127513.673611
127301.913431
127391.051837
127800.432153
127918.217864
127998.069414
127760.257518
128179.242197
128332.271627
128099.409561
128182.915511
128311.919543
128657.972182
128833.882095
128597.367227
129039.724114
128800.274036
129211.027637
129022.441352
129372.847966
129130.669106
129296.82064
129418.021077
129783.558863
129610.922648
130040.166068
130130.717835
129895.383291
130034.026858
130404.377282
130490.340213
130332.910286
130400.983514
130493.12684
130901.50878
130986.748126
130765.195579
130926.582767
131320.578706
131080.051316
131524.702145
131570.102038
131431.632778
131810.932748
131576.964602
132025.924135
132083.079531
131936.351825
132285.715935
132347.216491
132229.673432
132283.018052
132413.431207
132513.995974
132870.691716
132655.762049
133077.334405
132891.844396
133249.823027
133076.190226
133504.358234
133587.766622
133660.134951
133801.908716
133919.894828
133987.069924
133791.078576
133915.532463
133991.512695
134089.893383
134226.853234
134559.695711
134683.33409
134790.379032
134602.135204
134710.592256
134796.221703
134917.866398
134987.330219
135104.993687
135198.516317
135624.512342
135403.774847
135487.202882
135867.605471
135998.564161
135785.555635
135869.931246
136298.167943
136392.939924
136486.558984
136298.834669
136693.530447
136793.948938
136864.925945
136711.46115
136800.709515
136901.595952
136985.604323
137094.273109
137510.590914
137311.139551
137420.685534
137534.784725
137598.353065
138008.548263
137779.747983
137884.061936
137993.152599
138388.345241
138194.86532
138271.884286
138405.146955
138809.809705
138639.152475
139016.385082
138809.116481
138909.770314
138988.312246
139399.628287
139486.935264
139291.231097
139676.70507
139797.851068
139605.518997
139718.339208
140071.279455
140166.266663
140021.917301
140134.770665
140205.136892
140312.091262
140396.308288
140492.109708
140862.539231
141006.170412
141077.901639
140908.060405
141012.483141
141409.815642
141220.071404
141331.194395
141375.22865
141523.21806
141906.240845
141995.716325
142108.590181
142213.391141
142296.159603
142427.206579
142515.717216
142581.951129
142702.606929
142490.931638
142604.18554
142981.003821
142804.716083
143172.619879
142976.271728
143117.701402
143481.340306
143290.173755
143391.187139
143807.250871
143936.910048
143706.632558
143821.368615
143876.482819
144325.066072
144092.536563
144185.547729
144624.552022
144409.424116
144490.356867
144607.22069
144700.742327
145077.442087
145197.03103
145014.994631
145363.962853
145491.162237
145609.987539
145709.779526
145521.377726
145887.435382
145996.5858
146082.701894
145904.02303
146317.589268
146074.111617
146223.082791
146309.713229
146411.586244
146525.937337
146904.388312
146965.72419
146792.158919
147183.028081
147296.41882
147440.972267
147462.330404
147338.405811
147366.446336
147793.231889
147904.968179
147710.558062
147779.249795
147883.388909
147963.775111
148416.705679
148195.167196
148319.908475
148705.934875
148825.374308
148610.399137
148727.326627
148802.090968
149207.464487
149011.445379
149424.107562
149194.631475
149304.622467
149421.278295
149492.818972
149624.605041
149702.562767
150097.542862
150199.846581
150015.732531
150377.833483
150214.115219
150593.648691
150416.278698
150786.315421
150610.646454
150983.724936
150829.22625
150876.219738
151318.445489
151113.38135
151520.232003
151295.030224
151420.575744
151791.755651
151575.33165
151718.999521
151800.97405
151926.281703
152003.368777
152095.029083
152466.798734
152582.490641
152416.57056
152504.554427
152888.021794
152990.643116
152835.980655
152909.358195
153005.025361
153431.016228
153487.382792
153307.968473
153698.352432
153512.086494
153903.899851
153713.146727
154120.469072
153914.551853
154310.162316
154392.764725
154227.492945
154616.190282
154411.700936
154765.458455
154882.750411
154708.434456
154765.563033
155218.123107
154989.934333
155082.499472
155506.49181
155600.970569
155395.435466
155463.794462
155610.803794
155683.527227
155777.452716
156169.52872
155983.4991
156415.28596
156196.657946
156311.603637
156664.985724
156522.036374
156916.754613
156707.375995
157102.03652
157167.314641
156975.594979
157069.352406
157201.864119
157313.751984
157405.764079
157469.54288
157621.541086
157707.343966
157806.164326
157895.42495
158324.37931
158416.813536
158209.009114
158312.320465
158743.782873
158791.822967
158607.11772
158690.20633
158794.360677
159163.423322
159020.626822
159402.344839
159475.492551
159574.407479
159387.665357
159517.143688
159919.546301
159687.815653
159817.882953
160177.891848
160015.396688
160392.425902
160462.279397
160575.526692
160380.029684
160841.232834
160912.09564
161023.551366
161088.478943
161178.717676
160999.921191
161365.468115
161203.746515
161597.798259
161408.572109
161489.481529
161878.853835
161715.77315
162125.643512
162235.360634
161998.022739
162103.089893
162196.928547
162280.474478
162372.393271
162490.808902
162862.905854
162697.06708
162802.273635
162887.125723
162987.597022
163136.412754
163486.819476
163581.333655
163717.995376
163518.104256
163591.308178
163708.587659
163804.387962
163902.092108
164288.754529
164381.268299
164172.074526
164312.393501
164408.086249
164500.932036
164875.323995
165000.67249
164810.2157
165229.357775
165270.766381
165412.648364
165225.411911
165279.635887
165398.695688
165523.856143
165622.846858
165975.784527
165788.101877
166219.407076
166291.815123
166085.721522
166514.84399
166620.747155
166375.045016
166793.592344
166596.14696
167005.805967
167122.811002
166897.212718
166988.553193
167118.884874
167214.629665
167302.468139
167725.877471
167777.16914
167911.980671
167676.613649
168089.861568
168212.085404
168302.307379
168126.683159
168192.119784
168601.054767
168397.58447
168788.390475
168892.858476
168687.772533
169072.636309
169199.601359
169300.43338
169402.785108
169219.494462
169290.645617
169700.572648
169523.809544
169633.694588
169732.450544
170127.181135
169913.784903
170022.236086
170096.401804
170222.469821
170610.735755
170401.307956
170526.311027
170596.994317
170988.075811
170811.922486
170912.580256
170986.848888
171109.950709
171187.185489
171582.582092
171406.864735
171497.50442
171578.399461
172005.943345
171812.264089
171883.211121
171997.298204
172411.398779
172239.692152
172321.126405
172421.041804
172816.285412
172618.850798
172714.485829
172788.166809
173181.639196
172957.404888
173396.891774
173507.654646
173589.119541
173686.493657
173514.242969
173592.622367
173705.144464
174099.048615
173904.1157
174309.828732
174133.180696
174194.299615
174284.306145
174421.767507
174830.047355
174613.031302
175022.029274
175068.226222
174898.492322
175289.217546
175419.386853
175498.87276
175591.389263
175706.044415
175818.969648
175618.692857
175715.640352
175814.179524
175900.692955
176336.116217
176085.098265
176207.239288
176315.623055
176395.086726
176822.305378
176916.390864
176710.399665
177120.525268
176922.353646
177330.708029
177090.119132
177215.042891
177301.013348
177697.841833
177797.570342
177883.517635
177704.480721
177800.00964
177901.899201
178020.166897
178082.10212
178215.213761
178286.624779
178685.914257
178812.434783
178636.358617
178981.633844
178819.084814
178905.32206
179289.076902
179113.622109
179500.145623
179621.999634
179683.226992
179790.748402
179583.066957
180029.425641
180124.048798
180244.894315
179983.079325
180094.611702
180495.246419
180299.566597
180417.633233
180516.017303
180945.019763
180984.549828
181085.445332
180916.716406
180959.872448
181100.411679
181208.875485
181300.007379
181706.656885
181518.970143
181652.434513
181704.181112
181806.233158
182219.520746
182321.818385
182116.585086
182505.48861
182276.052458
182425.515967
182497.814153
182917.143561
182986.384987
183077.364472
183174.06057
183023.509478
183093.222409
183527.648472
183597.637578
183415.974702
183514.237294
183633.111205
183707.62464
183791.273236
184202.051137
184010.325615
184104.412196
184201.614648
184582.763667
184409.486096
184502.241607
184586.897844
184989.282109
184785.112077
184895.123036
185297.305433
185101.921938
185533.228988
185576.451301
185383.792898
185501.379228
185585.738082
185980.552765
185836.765924
185917.277396
186005.151045
186401.548711
186173.429895
186276.924655
186720.640579
186500.530981
186621.709559
187019.427132
186790.747783
186904.426019
186977.683691
187382.366999
187152.551478
187589.550179
187375.157156
187494.925475
187940.43592
187660.027029
187764.956494
187887.608685
188014.464924
188095.087556
188475.646845
188570.102308
188390.95583
188474.492809
188901.761532
189016.512688
188798.943533
189196.176333
189000.357864
189102.406042
189504.811106
189311.668308
189401.112199
189813.665669
189915.135123
189987.873279
189802.214232
189883.187679
190283.853813
190106.829616
190505.733782
190568.047535
190410.036173
190784.728264
190562.395936
190684.053113
191095.540494
191184.455389
191303.666111
191093.15663
191531.472629
191299.364014
191412.762366
191812.50168
191595.43102
192036.368253
192124.753108
191903.134929
192299.917363
192105.732391
192504.09003
192625.409073
192409.595895
192464.611888
192898.273521
192704.642471
193108.735717
192913.015155
193010.284004
193410.240399
193517.417099
193613.671127
193392.624954
193499.500247
193578.093456
193710.027763
194118.409771
193875.805588
194308.759818
194391.184669
194518.916826
194590.289936
194386.540549
194537.283137
194624.686149
194690.021103
194797.226408
194900.580995
195013.503462
195401.441508
195225.119641
195649.540992
195695.822471
195500.154235
195925.284621
195704.626979
196092.418012
196194.236428
196012.728825
196110.476192
196200.228703
196601.449078
196383.635581
196528.126979
196858.841162
197031.474883
196777.127398
197231.362692
196999.425501
197126.787717
197220.565312
197606.730489
197390.773692
197505.812118
197930.99436
197685.736784
197772.914316
197876.898381
198013.774984
198109.731284
198223.046329
198249.916409
198396.304522
198530.085064
198899.82156
198716.492221
199115.89507
199238.129735
198985.735246
199134.348168
199235.947233
199613.670689
199432.374798
199812.19622
199606.976981
199688.124641
199791.376886
199915.154437
200032.297768
200381.483804
200206.327555
200313.308428
200417.606754
200790.392679
200594.240136
200678.09463
200798.943329
200896.805392
201266.376038
201429.666686
201190.980439
201597.908093
201669.474428
201496.145977
201616.071631
202022.687812
201806.14391
201922.72548
202021.925051
202089.744581
202509.962988
202311.753281
202664.953166
202508.72568
202602.637312
203011.363713
203047.034623
203214.11116
202996.361737
203403.291695
203206.773437
203573.327607
203389.667739
203510.789931
203911.221637
203721.322885
204117.597439
204187.076008
204275.989726
204072.463865
204187.43423
204572.439838
204408.332985
204531.295909
204575.606101
204725.451212
204825.963652
205243.136347
205039.93459
205426.452254
205186.305886
205611.523604
205385.607437
205493.614017
205599.571024
205697.588836
205777.893128
205867.391863
206019.612357
206137.489812
206468.18911
206298.232432
206713.42184
206480.623762
206622.773
206989.940736
206813.192586
206902.813191
207003.280821
207399.094644
207530.259011
207633.599414
207390.157301
207854.296334
207597.395098
207988.789146
208148.558914
208193.606435
207996.048948
208079.581254
208501.366277
208314.768803
208398.792143
208797.477827
208888.250723
209003.124244
208822.566565
208907.963079
209012.778761
209093.705814
209473.946422
209272.96021
209361.443254
209794.582884
209633.153878
209718.110763
210093.666727
210183.466312
210292.504809
210089.355333
210195.241014
210314.804552
210693.861526
210492.051573
210904.530314
210987.537
211097.711003
210923.588274
210994.779233
211117.190414
211495.54511
211293.027635
211689.228411
211488.596333
211614.715933
211704.980948
211780.364273
211915.032627
211999.295113
212372.0923
212467.084695
212307.384214
212684.296317
212777.089247
212623.258783
212726.611598
213133.500746
213169.453727
212998.069584
213075.123548
213193.221056
213327.264445
213376.932129
213486.903777
213593.104519
213709.680735
213806.97059
213931.869069
213998.140661
214412.287144
214206.970164
214275.759725
214717.156733
214521.983906
214865.214555
215017.421763
214785.381806
214872.914531
215016.735026
215103.827849
215531.139922
215263.144957
215424.00168
215504.969541
215855.523577
215689.992824
216152.771137
215877.696554
215987.086262
216123.650622
216493.901803
216300.511024
216397.930076
216483.85575
216867.375822
216697.783671
217074.624053
216916.632
216988.885227
217118.36953
217201.513022
217285.607088
217683.126858
217793.647498
217594.153843
217700.898378
218118.495242
218229.820609
217983.732714
218371.54502
218496.245107
218297.115227
218378.602984
218517.291131
218918.139452
218701.193073
218798.678522
218910.115303
219025.349349
219076.504948
219521.687801
219313.45058
219690.316324
219831.110154
219587.168056
220040.044408
220074.628661
220175.819181
220309.829849
220392.536015
220212.164572
220313.408601
220701.773763
220487.902026
220597.310398
220713.187697
221066.797087
221199.11767
221278.949502
221415.250975
221500.205964
221587.229642
221378.506432
221512.784097
221602.999357
221711.893652
221800.185974
221897.840733
222002.250975
222388.46908
222181.04185
222599.377247
222401.920008
222472.910269
222598.565133
222696.297028
222814.373625
222902.132075
223323.7502
223427.462498
223222.154127
223561.368154
223398.951493
223510.279758
223895.962138
223679.846734
223777.395766
223905.696822
223972.648188
224098.276677
224207.906938
224308.366515
224673.76736
224514.268726
224907.524725
224723.166188
224795.694591
224891.722933
225029.904567
225373.338121
225212.93543
225253.726224
225687.558006
225487.007835
225571.336355
226026.199469
225790.074266
226242.536683
226026.268593
226107.152447
226516.299205
226317.690508
226721.829471
226495.895314
226916.385452
226679.105345
226789.018052
227168.97391
227284.69497
227368.2715
227187.10941
227322.398127
227425.422865
227514.770521
227878.913428
227712.047247
227788.016536
228204.037608
228291.133726
228073.635364
228183.354839
228279.507999
228403.394726
228792.082235
228581.546667
228985.777001
229081.580966
228890.876673
228986.374328
229107.999616
229514.201461
229595.126881
229427.435013
229518.601663
229594.159301
230009.717598
230056.952838
229904.605727
230309.549865
230409.682019
230492.642009
230296.999589
230714.404294
230455.86047
230935.044181
230711.552689
230778.239482
230940.673476
231278.674995
231081.439241
231519.620927
231313.125016
231692.703614
231492.458689
231583.407585
231701.939015
231804.95252
231918.122792
232032.55844
232380.051165
232199.470954
232594.302114
232394.808337
232509.045238
232600.076449
232670.049935
233086.278431
232895.274433
233005.231459
233086.809069
233489.617038
233612.819955
233385.510814
233822.086893
233601.978162
233701.099658
234121.389582
233893.963944
233985.355854
234387.261828
234226.128933
234313.489969
234420.235122
234511.803819
234604.131839
234694.792736
234811.001813
234897.46352
235314.330375
235386.180079
235211.79768
235595.75109
235416.425788
235469.532006
235889.043917
235993.919219
235815.029956
235894.64461
235986.981518
236418.971779
236148.692882
236579.786963
236701.845664
236808.096382
236575.108093
236741.786862
236819.094325
237252.030315
236993.949707
237100.660199
237515.94665
237606.835991
237392.892699
237492.210634
237594.447816
237716.361351
238077.255748
237896.44537
238304.885511
238095.614594
238198.597956
238287.912944
238708.736017
238831.36286
238606.115424
238705.101429
238793.185159
238911.182167
238980.949271
239421.972091
239211.353174
239295.397472
239691.848265
239489.857007
239595.700977
239689.958632
240073.834642
239872.923917
240008.009977
240110.178244
240228.807877
240320.074387
240397.605937
240793.540747
240599.133263
241014.26502
241117.229415
240888.460114
240982.686628
241460.483541
241215.297635
241271.785127
241381.33239
241526.854161
241601.83282
241677.283529
242111.786535
241897.631728
242262.455858
242388.054823
242479.852871
242332.424524
242738.464352
242469.529819
242574.0152
242687.146532
243100.590809
242888.609842
243021.956858
243424.11778
243492.975532
243593.620543
243387.804796
243489.790636
243600.62581
243957.706545
244070.95287
244174.658509
244312.858689
244389.905147
244181.932403
244292.781072
244380.54364
244493.396081
244887.275878
244698.288388
244815.580777
245229.387457
244985.225196
245107.618386
245156.949657
245326.089647
245393.271819
245509.604329
245585.596721
246002.071248
246087.827249
245886.955769
246022.584809
246116.873784
246227.492914
246272.750375
246682.178171
246809.205546
246893.344855
246987.144843
247078.017646
246887.686652
247304.98041
247386.205864
247202.337325
247261.584576
247727.449528
247504.275366
247933.850855
247732.142669
247773.897246
248234.552003
248261.403455
248107.708273
248247.736052
248574.481974
248695.664789
248505.712097
248614.924793
248999.638211
248796.627637
249229.126883
248991.165625
249087.679215
249460.33755
249267.186642
249381.686195
249522.147519
249630.704004
249996.346518
250063.054814
250208.030714
250002.08737
250102.005231
250199.096008
250322.105961
250398.781897
250798.710952
250576.655511
