722.729442232
829.988159179
878.783187595
1006.22359064
1400.53835134
1500.57124059
1311.85057132
1359.5566564
1518.55125816
1599.78770258
1696.14900224
1790.06676825
1889.74772599
2004.05524759
2113.51457078
2512.74408031
2331.01183454
2413.1798941
2801.02175333
2603.29083736
2970.05857007
3103.55252942
2909.80842849
2988.71317
3097.69803527
3202.51003194
3301.23969607
3395.69738405
3868.56257321
3617.06356628
4003.60678799
3799.1913294
3942.8774275
4257.67914605
4122.77405861
4190.61639532
4319.06587969
4730.23223168
4751.52833076
4889.80657161
4701.05771184
4808.81363168
5198.91980047
5003.21938883
5122.40943027
5189.9048466
5600.96687018
5686.7382293
5815.42902568
5589.53857187
6035.87245899
6074.59068312
5909.04553337
6308.21078258
6102.59853187
6155.73644347
6331.4911367
6371.3738482
6825.78835058
6586.07238349
6712.89288551
6772.75694752
6891.5157119
7301.67708097
7375.4163425
7483.71835456
7319.39110659
7737.7085835
7511.28381881
7934.92435423
8020.80966271
7817.08839264
8203.70785722
7992.74960192
8095.79001976
8199.10373697
8592.33410564
8401.35923335
8490.14863863
8918.62123913
8701.94476778
8814.28215945
9204.33939102
8988.65155291
9071.30514755
9224.73272059
9609.70188696
9679.33685955
9771.12006522
9912.25568917
9697.02813623
10119.5254903
9919.2957147
10015.3128423
10416.068566
10223.7501872
10581.4646531
10419.8658154
10804.8554828
10628.0388589
10737.3232563
11089.1804652
10908.1310214
11018.9043588
11403.8275008
11519.8006905
11294.3522715
11397.9986285
11514.4474593
11945.6770375
12020.8882536
11810.9046742
11948.6465972
11998.8175486
12365.1473902
12190.0472499
12328.1993682
12708.6251071
12505.5422621
12883.4951765
12687.7484339
13096.1303144
13231.2392838
13270.3450195
13101.356334
13521.0763035
13589.2274186
13703.1698087
13480.7431302
13879.7262389
13700.0756692
14105.1143626
13876.7513965
14037.2123387
14416.4932043
14217.8136403
14326.5256768
14424.3732389
14495.1008062
14630.3284355
14691.5073256
14802.1024595
14926.9384864
15293.5288616
15393.7559916
15214.3327198
15277.9724947
15403.8173529
15813.4309046
15874.0157047
15989.2745308
15804.5107871
16198.078419
16028.7847031
16399.39169
16199.5652739
16586.0294676
16691.6059701
16808.8576552
16853.9250257
17004.5851269
17083.4545399
17195.5276894
17003.8540478
17134.5446348
17509.9527825
17628.8402965
17714.7263628
17490.7738154
17576.1336958
17717.2692978
17783.7355867
17907.5698304
17967.056629
18100.7834039
18498.7321939
18295.1318644
18391.968322
18536.6782921
18937.9116297
18721.4412029
19081.8402848
18892.0987732
19024.4443949
19107.6102961
19226.7627001
19298.2498212
19696.4567084
19805.3708098
19920.1337993
19986.7451777
19835.9493718
19897.6979296
20325.4000283
20414.7587712
20195.3223575
20619.0830384
20397.2104954
20483.3442902
20592.2904998
20984.423802
20797.1653447
20899.5937351
21293.8341138
21408.5786248
21178.4920923
21308.0471549
21379.5439502
21524.9769208
21603.3218525
21700.7544654
21799.158881
21924.7259854
22343.6178966
22376.8235396
22500.2058608
22563.6486929
22432.1158887
22789.3421144
22601.9759577
22716.4677238
22807.4116422
22914.6129708
23277.3553919
23357.0878926
23198.9577141
23308.706392
23402.3908712
23787.9797079
23917.354965
23731.3238657
23816.8234665
23938.6980373
23994.0084816
24440.4199853
24209.0309084
24293.4961511
24403.706584
24815.8689243
24906.2650729
24704.9299213
24814.4371366
24904.9036361
25323.2804746
25408.1709456
25162.0462554
25581.0879375
25393.3838065
25512.2377876
25591.1901564
25728.056562
25767.4147061
26176.9701317
26284.8554348
26092.2568951
26226.0106458
26646.3938759
26415.2251589
26440.9959519
26611.4685427
27035.0968535
26791.4699102
26879.3702135
26976.2595227
27112.2951679
27209.7710569
27321.8240491
27698.4631451
27799.0482361
27616.7910675
27683.8736964
27801.7645509
28172.8758226
28021.7020138
28401.7871814
28504.3676846
28304.4436361
28701.9979984
28514.5324974
28878.179755
28969.0501391
29089.1449967
28909.8588236
29321.8009721
29105.5653307
29509.8003126
29282.4569321
29416.0841975
29519.4111987
29591.4691881
29723.4559216
30139.2093244
30186.9197969
30022.4270383
30077.6399426
30496.5457273
30597.70172
30756.5646316
30514.5331632
30890.5039418
31006.7293096
30809.2495797
30905.5634705
31008.3670121
31388.6726944
31204.1211974
31307.140029
31386.5196186
31769.8580451
31890.7698253
31678.9138254
32079.5076555
31914.418214
32021.8951008
32127.1204984
32204.3270516
32309.9564318
32400.68001
32486.4505076
32902.7983312
33035.4772742
32799.7698167
32896.6820762
33331.0862214
33101.8743033
33209.9574093
33315.7112681
33406.937313
33513.3691271
33912.2380135
33689.5486436
34085.9855927
34217.2603804
34287.7917064
34418.5527675
34207.8712816
34311.7286042
34663.682952
34499.7443357
34589.167962
35001.5491643
35092.1397934
34898.0829106
35015.6443122
35074.1747335
35520.5651956
35564.6312295
35415.1735375
35791.6726397
35603.6242878
35991.8379253
36121.329768
35902.0507607
35991.6535442
36394.11954
36482.9362385
36595.922527
36393.999804
36496.0869194
36597.4759877
37010.8516867
36790.4355457
37169.1901242
37007.9503483
37412.4645604
37474.2585784
37614.6451018
37413.2502425
37800.2545007
37613.9284721
37704.6049002
38085.5216224
38209.4166216
38007.0742888
38097.5276847
38214.8749896
38587.6431866
38728.5626039
38770.0723245
38938.7673699
38709.7156177
38814.6067433
39213.9910763
38988.8490335
39098.745563
39236.0368897
39619.4538933
39387.0627174
39481.4728471
39574.9487982
39696.945879
40078.0938637
40197.4900992
40291.0497884
40083.6433971
40176.7830035
40304.9077567
40389.0256492
40505.3881353
40885.2588194
40684.1965183
40797.7541846
41205.6186885
41025.8794371
41103.6395055
41494.5389092
41596.1685494
41726.5280049
41517.5264658
41594.0620828
42005.2037612
42083.2349945
41902.3343879
41998.6750823
42096.4440188
42206.3270082
42306.7911528
42708.3665386
42498.2369575
42622.3491738
42700.4454544
43095.7337176
43151.3233951
43276.5012718
43103.8137116
43510.3565659
43315.4644835
43712.4786908
43818.2634811
43905.0410773
43689.7184815
43819.2733644
43889.8433852
44303.5410852
44101.0412704
44467.4236533
44557.958346
44401.502509
44487.7176669
44920.2112385
44719.3427135
44791.2027785
44938.2045926
44997.5203482
45341.5822456
45501.5697028
45602.5610864
45423.5761444
45809.0119675
45876.0408138
45707.8429345
46085.4885317
46170.4005637
46024.6601911
46401.5381923
46486.9106324
46279.1558637
46691.5858281
46517.984282
46624.3455353
46721.0646501
47094.5408421
46903.7338895
47035.1014756
47369.0960837
47208.8826439
47586.197003
47399.2700943
47510.1124045
47606.1519855
48023.7864772
48118.116722
48189.8934511
48290.5939537
48128.0388709
48507.9457897
48581.9523
48404.507178
48489.722077
48897.3552572
49024.4887056
49085.5624592
49218.2767046
49036.8750985
49084.1721258
49226.4138152
49603.6012468
49736.9153116
49793.8804454
49572.6454157
49688.9950898
49772.9096096
49902.176672
50004.4655122
50408.5497085
50211.888663
50305.0359048
50402.5795719
50785.3172446
50587.5426286
50715.2722298
50818.3255295
50928.154095
51015.6668168
51396.8014263
51194.1105219
51295.8082087
51413.7515382
51511.2789039
51650.5961588
51703.2670243
51809.8264721
52203.4943671
52030.1704184
52395.82637
52202.6542695
52299.711956
52353.0106771
52478.6777968
52906.4053241
52730.733042
52791.8682046
52900.2443634
52998.3563095
53424.6862819
53517.1851741
53288.258507
53385.8957135
53497.4952928
53601.259614
53980.3415064
53799.2837441
54232.5548094
54327.5753456
54416.0448317
54212.0727578
54597.1759776
54425.4708674
54485.794326
54901.4907643
54966.2923852
54808.8647612
54932.2107073
55282.3874967
55085.8966603
55472.028018
55619.3905622
55407.8793865
55472.3102815
55614.0647177
55695.9867645
55816.3792547
56222.9189248
56007.9765866
56051.7657788
56503.9223424
56279.5276118
56713.8218245
56539.1851839
56906.3880387
56703.936595
56786.134917
57211.0598111
57006.7825756
57421.6046399
57200.8506866
57614.8051801
57401.1278081
57792.7154063
57602.3329123
57719.2694131
57793.6645946
57905.6234786
58315.6709728
58420.1265955
58183.5591856
58571.8382822
58716.2229286
58839.8124009
58598.378191
58735.7417288
59077.0249606
58904.006021
59303.3562794
59072.32805
59203.0106804
59301.0683515
59699.1424956
59499.9271096
59622.4122158
59746.8450917
59812.3139105
60205.5640708
59992.5553437
60106.5370196
60166.8656922
60283.1704213
60395.8739132
60500.8909291
60925.6906565
60941.3844279
61099.2083876
61192.9716262
61006.0280398
61407.985142
61499.4811416
61316.8390839
61680.8841933
61778.9535995
61615.6280228
61697.4279559
61773.4543744
61878.4469885
61965.4264737
62108.5201857
62202.1673594
62302.2637059
62406.422022
62827.2710918
62943.8102195
62718.0641557
62772.6463677
62889.4342368
63311.8731209
63080.7024255
63187.8536223
63594.4437246
63684.1102923
63546.2174671
63602.8738153
64026.0725349
63802.0408292
64175.2601222
64002.1744119
64404.1151794
64232.9227304
64298.3296004
64666.3365461
64514.8822877
64867.4906674
64988.8325515
64848.0945601
64912.0323079
65279.0672648
65057.3108506
65202.0124316
65590.0089749
65674.8750314
65799.8200612
65602.390645
65715.5262823
66080.962986
65885.7937625
65969.0639089
66437.1925185
66239.5403923
66300.6962513
66391.0932859
66506.9867423
66909.4729672
66691.4610048
66782.8850448
67201.8374797
67337.1234567
67399.554466
67214.2323075
67299.8505885
67702.7028577
67478.5755389
67885.1996345
68003.8721256
67794.7812114
68216.120433
68266.8590305
68402.7058315
68492.7416575
68283.9493618
68377.8230447
68821.0660796
68917.8726519
68994.3975704
68786.0966586
69256.6074875
68980.0137503
69103.9627621
69225.2583702
69286.9050185
69411.9233981
69502.7472953
69907.3557048
70030.9759361
69828.0709978
69908.867288
70299.3349524
70104.5689524
70196.7415221
70299.013276
70692.4864103
70496.3947708
70602.2070865
70708.4073068
70804.2613555
70918.3428357
70978.8805829
71424.3661921
71489.8476268
71606.6488962
71701.9921913
71513.06449
71919.2128394
71709.0210668
71793.0760521
71878.9199359
72318.0872523
72079.0185435
72467.837807
72290.7432656
72419.6938277
72512.997573
72588.9377303
72958.2848988
72783.7232655
72902.1689909
73014.3204023
73102.1365978
73508.4799547
73615.2687047
73688.5401068
73787.6231528
73880.3281835
73685.9507848
74068.4988156
73886.4443597
74014.5004102
74403.7729404
74192.985291
74304.8794044
74373.9261482
74802.1479137
74586.7814127
74694.8510941
75113.1777816
74921.3135382
75286.4486388
75099.6087602
75469.866635
75603.3338455
75746.6004903
75517.5719914
75894.2819614
76029.574724
75785.3661575
76217.3159364
76015.3903816
76405.1438634
76503.7586338
76580.5112781
76406.099834
76800.9233218
76602.7375248
76716.1008432
76807.0110217
76876.1211132
76987.6582148
77102.8528001
77196.1711867
77597.0053794
77380.7550629
77791.1751751
77616.1033644
77988.690356
77784.8487217
78176.3514908
78008.1049763
78097.9676802
78212.1035368
78612.5653841
78394.2567478
78514.5450847
78603.7366668
78703.9450655
78798.7455341
79186.0698901
78981.0965449
79115.7847876
79504.1012778
79282.1712705
79685.2602798
79815.8196609
79601.7854118
79692.2254465
79782.7315878
79879.6736661
80003.1667933
80446.1030572
80166.7620749
80310.1591076
80412.970699
80789.8002382
80603.7157953
80703.287957
80789.8225881
81240.1431301
80981.3100248
81392.6070731
81521.8705361
81275.5965145
81700.3106716
81514.3832287
81607.5475298
81726.217274
81825.3314451
81883.2259746
81991.4518152
82104.3008258
82515.7383791
82325.7841634
82414.15902
82779.8703148
82618.3563527
82705.5694446
82799.7509873
82917.4815581
82990.0396827
83116.9205838
83513.028314
83648.9951086
83405.7457626
83837.7252623
83598.6839409
83719.6612294
83811.226067
83871.988379
84340.7301581
84091.9798609
84520.3720224
84296.5590258
84692.6538907
84819.7200559
84575.6571003
84994.6706951
85091.6051058
84927.3752003
85003.5432024
85112.9784168
85203.3203833
85308.2699317
85401.6809347
85487.5514975
85901.4317144
85951.3357886
85820.4577725
85906.0802761
86022.2173881
86111.8101263
86213.5075967
86623.0705567
86700.6472067
86464.1876712
86901.0133084
87015.9415825
86803.7296685
86934.4182692
87289.7689605
87397.9622532
87489.4823056
87597.3172284
87714.0929591
87792.6832695
87582.4487548
88005.7780033
88098.1389647
88227.8256786
88005.285531
88094.5189817
88484.0823078
88598.748348
88716.3242607
88494.1083501
88889.3513765
88697.960177
89098.0661818
89168.4553028
89281.2172974
89361.5522446
89194.9799341
89617.8903166
89691.3391568
89528.4202237
89893.5883444
89689.8483244
89793.1667829
90195.1547565
90283.6110773
90115.6653743
90190.8163195
90566.8498404
90403.2499642
90501.9734576
90591.1938835
90997.5908814
90809.5506253
90914.8652803
90982.920784
91377.4903404
91220.4313999
91628.4375917
91682.3985501
91824.5171574
91916.5065253
91712.3624343
91808.5777356
91894.2365084
92279.7406428
92362.0733152
92206.6331049
92303.074148
92410.2635349
92795.0933674
92911.4339536
92704.7061669
92782.5234099
92922.729095
92982.452485
93100.9140036
93188.9098903
93300.7319538
93692.2918404
93795.3382473
93601.4467518
93985.7818826
93787.4221682
93872.9553838
93981.2075382
94084.9142388
94218.9310643
94599.6653182
94681.0948689
94502.6246473
94615.1211192
94988.6121446
94808.7386514
95252.6753376
95307.6382268
95411.6651012
95470.5955522
95622.5684273
95384.8282316
95484.6075502
95886.7957666
95711.6380471
96076.1400296
96185.1493819
96001.9107671
96079.3531953
96211.143976
96304.9013007
96687.5875615
96539.4696153
96616.9660508
97001.4270988
96783.3018841
96926.1324184
96997.6240176
97099.6336062
97502.1054996
97624.895778
97732.4168604
97816.569831
97594.0339989
97701.8771729
98061.9944048
97904.4373521
98002.6201649
98078.3055964
98184.5238282
98309.3127881
98409.8164295
98491.1847527
98611.7302753
99000.5746736
98791.9040422
98928.708454
98998.5147094
99085.5548093
99468.8661229
99616.4591728
99413.3380928
99505.6074596
99604.1774586
100032.304554
100084.809866
99872.8805407
100285.879152
100081.671352
100169.811767
100305.655271
100411.88188
100507.21846
100904.795221
100689.776646
100794.413716
100913.064579
100999.559337
101401.173347
101187.480399
101633.982732
101703.091608
101504.232047
101580.997138
102002.936269
101822.690157
101921.346796
101990.626999
102099.261352
102202.60163
102554.31488
102364.240168
102503.198108
102616.155515
102675.662755
102805.191784
102938.055768
103016.285404
103119.544866
103191.93093
103643.507124
103413.87915
103783.813279
103927.4054
103730.245211
103773.146714
104183.740922
104310.710264
104399.861248
104223.224461
104303.917425
104390.280556
104486.914443
104616.470408
104971.175571
105109.273276
104900.91343
104978.931489
105406.178465
105530.633437
105295.578995
105382.62417
105480.002774
105602.147678
105977.959967
105807.911313
106215.819418
106025.006034
106385.592565
106493.433868
106617.735503
106415.243469
106781.562813
106586.542458
107008.872423
106790.505539
107220.557071
107003.00577
107099.175734
107227.086097
107619.678937
107695.509685
107835.616454
107605.700817
107976.875075
108091.388736
107903.539118
108300.912791
108087.092569
108509.690432
108535.965735
108381.471586
108501.657988
108589.099664
108982.95956
108823.162519
108877.20218
109001.225151
109100.770522
109508.698678
109313.723871
109691.687964
109502.683748
109631.34919
109962.753099
110118.566767
110188.365676
110286.432176
110126.018476
110151.895382
110299.642512
110408.726041
110494.707521
110893.705537
111002.216843
111127.359082
110907.475649
111014.047221
111109.528233
111205.071516
111314.85979
111392.085003
111521.280628
111583.57059
111985.346301
111813.392453
111902.526264
111984.132554
112091.487207
112552.44369
112310.037571
112407.031979
112801.206964
112624.69273
112715.091374
112792.816121
113245.442029
113323.138905
113395.856255
113175.753415
113327.705188
113686.0038
113485.090379
113892.828035
114005.820488
114124.525978
114227.25863
114314.223181
114103.436749
114203.477031
114589.93395
114427.643104
114524.169574
114592.70957
114993.345006
115123.883463
115221.270146
115298.752483
115412.101857
115203.723654
115303.94877
115686.526536
115513.205267
115587.861888
116021.323124
116094.259725
115877.969359
115998.454879
116393.604964
116175.249901
116321.394643
116384.188995
116814.837415
116916.385458
117007.607066
116809.707863
117196.935111
116961.287438
117129.529754
117180.841177
117304.287953
117403.801483
117820.371583
117919.44971
117726.617372
118108.40629
117919.928372
118005.69276
118366.554241
118210.171755
118609.408916
118423.949993
118503.806832
118568.742143
118694.394612
119106.920293
119234.521597
118977.903729
119099.020682
119188.857175
119324.161229
119725.784477
119769.946051
119881.278832
119724.971711
119783.761093
120200.389322
119992.257277
120101.72745
120463.818466
120303.147228
120682.900836
120518.053127
120612.345597
120712.374301
121087.831168
120853.850622
121320.724061
121115.89917
121200.988535
121290.551284
121715.974149
121855.94998
121914.222997
121713.992758
122088.007006
121909.066629
121999.612198
122443.171895
122543.541332
122591.94154
122715.910486
122509.884436
122610.994062
122708.475282
123095.27852
122932.927622
123307.440307
123100.916973
123515.644301
123605.969842
123416.220568
123519.389404
123873.896989
123684.296103
123797.107789
124214.327852
124292.469465
124088.489941
124192.570559
124292.834902
124681.536557
124768.33704
124594.095373
124997.022725
124808.909817
125207.592613
124990.037002
125096.34969
125163.464654
125336.49753
125698.403031
125487.455948
125608.011351
125971.7808
126100.955502
125922.057412
125999.120423
126089.150928
126227.476436
126606.325892
126415.318488
126805.324301
126595.850332
126970.274159
126792.572026
126923.025821
127003.582518
127401.693659
127179.769717
127279.614965
127405.209065
127488.465732
127925.873266
127707.871187
128109.005689
127894.628026
128270.072702
128421.049151
128178.262493
128292.855764
128690.564218
128473.626225
128619.597825
128672.562099
128777.396653
128900.640032
129011.044203
129423.993039
129491.016958
129600.464506
129725.680759
129847.996025
129604.445257
129971.112655
130079.751688
129889.040081
130268.650159
130121.84283
130526.243784
130307.937501
130391.696801
130490.01001
130899.536172
130692.461669
131117.503839
130879.009525
130994.726495
131399.381569
131195.095144
131301.991169
131391.327842
131474.463441
131602.737086
132032.719232
132096.865094
131867.693331
132299.508228
132392.816635
132196.175028
132311.652709
132393.874924
132804.014625
132571.84928
133021.086712
132813.074722
133205.775974
133318.199364
133099.569634
133224.119183
133303.153809
133385.889891
133509.120118
133573.135266
133714.32742
133811.294049
133900.504835
134029.877632
134375.421068
134492.611092
134282.221513
134677.805115
134809.340355
134604.822116
134731.005906
134831.43737
134887.746137
134981.212877
135431.397767
135224.331467
135293.210845
135427.131742
135842.039013
135888.985288
135980.743354
136085.090328
135932.952625
136360.446659
136111.724515
136440.971392
136308.02956
136397.003525
136822.640625
136635.772509
136696.267303
136783.805202
136909.528673
137006.598352
137384.725247
137480.062117
137282.474253
137716.55226
137476.950014
137871.241829
138043.756101
138088.758659
137913.163252
138017.972958
138098.11437
138512.295419
138294.592987
138726.013433
138469.649298
138914.024469
138693.842539
139064.630239
138890.27086
139007.391538
139129.550256
139504.075296
139640.200599
139411.414246
139478.569173
139902.51226
139692.892133
139798.157173
140167.834016
139996.749232
140114.0131
140185.921389
140600.433342
140420.016463
140489.594085
140926.791717
140708.259748
141098.071099
141170.264766
141279.494377
141080.183585
141207.291667
141601.210156
141703.623312
141772.660906
141600.468377
141682.666445
141796.003062
142159.259196
141990.388982
142095.248333
142489.316996
142311.558779
142734.456528
142496.002196
142605.866579
142677.157182
143078.197343
142877.762234
143005.09196
143390.224596
143514.38506
143618.730013
143701.402258
143474.815188
143898.147487
143963.346481
144065.407329
144206.847788
144286.344127
144405.290958
144197.522689
144626.438159
144708.297462
144484.404816
144596.363626
144707.175069
144801.953598
144895.902112
144983.471407
145117.250171
145525.30688
145315.296877
145677.559027
145829.71042
145582.092798
145695.00936
145790.229763
145887.269564
145993.056023
146414.761502
146479.134051
146616.340607
146689.427763
146760.274342
146930.145871
147007.172724
146820.888942
146912.719351
146994.296868
147096.796729
147525.23884
147592.091956
147702.163544
147798.917989
147615.226752
147718.133998
148118.238687
148230.281626
148010.566535
148093.237686
148237.016848
148608.167768
148679.264832
148502.570004
148592.550867
148685.603329
149097.186507
148905.643275
149300.191848
149123.742726
149493.492736
149297.205287
149712.088388
149498.183151
149896.701383
149992.457493
149806.127733
149943.107586
149985.14512
150087.305788
150474.677141
150597.095956
150414.001956
150490.673549
150909.399655
151022.49596
151089.703638
150892.353288
150963.554299
151392.024335
151209.595792
151593.256187
151706.140881
151824.234999
151609.837191
151970.615956
152068.664994
152208.091507
152317.936952
152379.13214
152224.737169
152298.377357
152406.977748
152502.132847
152581.41353
152704.346001
153097.068557
152921.623734
153014.035824
153078.413616
153481.428422
153309.815762
153378.790543
153509.372394
153605.459691
153694.456956
153796.664788
154208.488802
153987.320837
154420.113795
154527.776571
154591.277741
154394.264364
154803.765611
154920.535196
154708.134771
154811.391219
155191.949263
154997.321504
155132.145643
155185.871751
155564.611733
155395.584401
155798.225761
155601.668398
155713.519744
156139.784695
156174.890109
156350.030472
156124.613511
156491.570033
156281.972383
156679.463259
156480.136251
156577.429131
156980.072968
156831.871241
157186.468063
156986.991949
157118.613472
157230.530251
157317.524848
157666.99739
157819.513308
157594.737161
157741.968078
157789.429927
157900.338577
158294.45382
158113.947832
158231.272323
158308.743412
158683.724785
158795.820335
158885.305789
158676.190669
158772.583583
158907.871326
158998.059697
159389.173876
159479.511984
159605.49047
159425.654406
159508.197955
159572.540516
159695.553592
159791.400351
159916.801893
160275.479042
160379.780599
160198.034813
160293.436468
160397.607016
160481.318953
160611.936867
161044.492513
160807.552687
160899.5066
161045.744833
161113.090031
161527.9722
161275.280688
161404.007466
161760.574151
161578.992835
162029.762743
161782.43484
161902.835832
162336.711906
162391.755139
162175.826009
162577.829862
162687.712204
162506.728473
162637.867089
162704.52311
163073.49878
162924.744059
162992.335986
163090.592124
163179.510454
163296.500971
163696.876989
163771.389625
163912.608086
163699.470135
164115.314186
164208.399766
163998.217781
164110.804929
164486.318544
164326.313543
164684.93881
164794.857563
164584.865702
165016.709826
164811.12433
164910.476316
164982.54304
165058.930287
165450.551819
165589.601576
165700.418552
165826.096805
165601.459515
165984.918586
166101.279907
166214.525699
165987.363353
166113.11794
166469.748658
166591.809043
166394.050433
166800.641289
166908.921768
167000.066507
167147.33771
167190.528526
167011.952973
167400.251089
167177.602076
167321.109266
167687.80061
167499.571781
167893.284209
167703.903331
167805.438278
167912.658518
168014.972019
168418.243238
168495.912783
168307.287422
168707.216397
168784.191617
168900.886352
168674.213553
169095.205171
168915.14431
169280.813693
169395.603537
169201.55618
169572.038324
169669.653243
169531.573134
169580.986146
169658.015727
169781.280094
169910.52397
170285.667178
170098.427004
170457.149575
170629.714675
170397.367959
170808.126259
170901.111102
170976.469177
171082.109439
171195.741136
171307.468983
171415.015642
171202.306186
171613.962336
171413.012911
171801.864072
171892.50356
171719.797526
172078.212924
172188.884611
172011.608504
172400.127896
172497.167803
172287.802724
172419.996461
172466.838777
172609.724383
172998.49745
172824.842199
172904.754068
172981.325404
173400.870372
173176.094177
173602.128386
173390.535726
173484.181997
173900.49827
173711.767626
174114.196229
173878.726683
173998.516122
174104.427222
174208.929419
174287.314302
174700.163864
174804.769481
174608.646409
175001.734281
174803.095
174896.049597
174985.987816
175106.16806
175515.210441
175602.185311
175398.931372
175494.418271
175607.763568
175665.651917
175804.40049
175896.890484
175994.114496
176074.717454
176189.682451
176610.429035
176427.587054
176532.537288
176897.386818
176705.379503
176823.350503
176871.852354
177311.854739
177424.10864
177485.52407
177593.258508
177353.299463
177482.150193
177863.552709
178023.085527
177824.944388
178203.950667
177999.985678
178086.438969
178217.654036
178592.312494
178395.607955
178512.869867
178918.476312
179001.093835
178806.929283
178863.313582
179300.270418
179086.907543
179194.459733
179282.82762
179383.39204
179523.205221
179582.792741
179672.50214
179803.479107
179907.829039
180314.528151
180092.981001
180181.505756
180285.140608
180374.47746
180805.214285
180942.350291
180692.527622
180832.200825
180896.236184
181278.98073
181385.799735
181496.198146
181293.953658
181405.715245
181820.497777
181561.932153
182003.335487
182085.693206
182196.960408
182275.806662
182106.3985
182189.998855
182334.542825
182398.485547
182498.031574
182609.833289
183013.958009
183100.877148
182858.473327
183023.532822
183395.586608
183201.63662
183631.221997
183702.127659
183738.503989
183919.216451
184011.684874
183785.850903
184206.006389
184309.739081
184385.181741
184210.475982
184558.157083
184401.201057
184804.018619
184607.275206
184984.052589
184790.222504
185201.179886
185313.744348
185102.022025
185185.042006
185302.489428
185679.873992
185488.500248
185632.685372
185698.643058
186115.051196
186228.045312
186323.25198
186408.504466
186196.860873
186320.266273
186426.997019
186793.201254
186578.498117
186979.723633
186777.363642
186903.843497
186988.763297
187108.124339
187509.305793
187311.923619
187430.934573
187799.86357
187894.074672
187735.870369
188111.378661
188196.011116
188012.477088
188408.904423
188206.157869
188309.750335
188431.177359
188511.897105
188920.896146
188680.63872
189077.969881
188887.486814
188988.183544
189078.613499
189160.755489
189611.552746
189419.568107
189804.937918
189900.210898
190027.341447
189801.520195
189887.685482
190001.227444
190409.159721
190211.202914
190608.047023
190403.219228
190511.126339
190592.913769
190713.812246
191100.239853
190901.152917
191348.231392
191388.004188
191459.162511
191285.139201
191408.897939
191788.554157
191907.317942
191971.417498
192079.326712
192184.091794
191989.403767
192396.952122
192517.067857
192284.747215
192388.429859
192812.242373
192886.214897
192704.642551
192802.35176
193197.941385
192988.409418
193123.757446
193168.297284
193320.31742
193694.97983
193483.571422
193890.203648
193705.918558
193782.622358
194199.669174
193979.658318
194126.732288
194217.058741
194615.962345
194418.341561
194511.152868
194883.972769
194993.989325
195109.567103
194906.051
195292.533751
195434.966064
195225.217395
195323.077865
195681.399841
195825.848611
195868.438479
195701.256501
195820.871311
196237.279616
196006.582623
196100.991416
196491.05956
196603.66959
196657.999107
196484.986353
196612.253829
196715.195527
196795.180733
197218.962202
197007.905736
197086.008544
197177.657212
197305.133166
197423.043697
197497.286808
197891.190672
197982.931347
197811.408429
198191.888708
198003.039942
198401.035567
198225.490844
198283.31649
198392.60664
198500.836446
198597.035777
198704.163318
199098.125567
199215.719616
199271.976584
199066.08421
199200.997951
199284.964141
199397.131243
199797.909356
199599.99449
199991.511527
199794.515764
200187.755241
200278.802936
200409.688935
200206.398848
200282.437365
200686.956889
200800.278161
200908.583873
200702.595473
200762.160362
200936.009308
201302.07783
201096.446458
201198.363104
201305.791973
201408.423371
201478.829064
201937.978001
202015.555238
201808.257385
201910.583034
202305.901217
202394.479493
202467.590944
202595.957984
202679.226086
202779.130646
202592.906645
202689.962451
202777.511929
203168.309558
202985.711243
203061.577467
203506.092361
203610.502497
203410.732272
203801.506319
203613.855532
203697.252352
204106.029255
203899.535041
204011.553415
204403.070166
204221.480954
204317.08812
204386.058459
204510.284813
204588.832002
205011.64149
204796.02711
205210.219954
205044.99416
205365.346992
205470.088044
205334.229117
205709.151757
205502.08073
205591.109154
205705.569327
205815.12538
206235.239991
206038.402899
206415.157323
206185.120646
206624.888169
206699.701003
206531.901697
206880.915957
206714.496981
207086.098409
206879.772335
207035.965356
207093.184316
207201.32946
207284.35809
207405.369028
207503.580616
207615.109981
207760.177526
208081.11328
207901.418421
207999.855753
208375.864429
208203.523506
208591.012649
208401.456018
208509.456513
208602.061077
209013.679789
208823.01193
208923.921843
209303.285203
209120.236772
209194.71348
209293.945168
209426.4828
209510.408242
209914.110279
209706.004456
210124.773577
209922.136995
210023.02306
210082.630853
210501.415933
210575.312017
210704.085844
210511.341538
210619.237275
210700.196241
211108.273731
211205.981189
211005.348417
211102.045713
211252.555826
211287.134384
211726.172242
211476.980285
211902.867083
212011.659876
211812.97975
212180.642603
211982.023527
212086.689792
212191.865068
212302.560542
212397.091955
212517.04143
212932.931732
212718.167215
212783.420491
213239.592906
212986.459929
213411.335851
213488.316665
213333.565669
213690.597928
213489.681832
213608.822405
213993.269821
214095.706243
213895.389403
213972.608312
214094.775382
214215.588924
214291.203028
214687.019492
214494.119431
214918.703284
214961.399308
215123.443972
214887.184932
214982.81679
215392.890436
215216.718269
215274.868671
215391.534322
215504.719823
215608.36261
216020.071586
215825.235998
216211.418428
216298.562023
216397.270944
216502.750384
216329.095777
216415.178868
216534.036291
216593.24313
216991.711983
217049.832644
216870.96
217320.234084
217421.990817
217514.626641
217312.284256
217696.24367
217498.767672
217861.803741
217940.907543
217808.74503
217910.866442
218241.875339
218400.835935
218212.174409
218317.028023
218366.566178
218471.621718
218904.845867
218978.072822
218809.923443
219178.810281
219017.79906
219135.454212
219191.941563
219293.536203
219691.748521
219763.265254
219610.626243
219980.980054
220106.840232
219924.249196
219976.284267
220117.300649
220229.098426
220327.35853
220408.687045
220794.814076
220589.936168
221013.912534
220818.273233
221175.392294
221003.088635
221097.674499
221186.282622
221298.528118
221718.735616
221783.962808
221585.083314
222012.57379
222097.781041
221893.313592
222001.498395
222087.232114
222193.515063
222289.025056
222720.864304
222531.743983
222609.324208
222709.231778
222815.087535
222889.594828
223291.641349
223102.415957
223208.877292
223591.357169
223436.493189
223492.281768
223938.880625
223695.795871
223822.230622
223883.848365
224346.035883
224397.121084
224217.774675
224577.681929
224727.3699
224486.94741
224609.835605
225001.184585
225079.065233
224916.941102
225011.407497
225423.215614
225205.179861
225592.758114
225382.854691
225509.540858
225881.488863
225680.798889
226103.221544
225882.824389
225990.56226
226114.053625
226489.184285
226333.359368
226423.856729
226510.570873
226906.40281
226686.111537
227107.512942
226924.732157
226982.781912
227123.265598
227214.930972
227632.225291
227375.60147
227790.511766
227599.649107
227697.334975
228085.677517
228225.315452
228281.265581
228397.276101
228196.356264
228277.201126
228389.913418
228500.517144
228581.925986
228701.833162
229107.954177
228891.285728
229033.255451
229106.65442
229540.528474
229326.670099
229704.162199
229494.06151
229911.545562
230031.249936
229816.18394
229909.801843
230276.941417
230412.969435
230199.032716
230585.937346
230406.632367
230489.993517
230599.824913
230996.094314
230803.850827
230908.305265
230988.527895
231080.368051
231188.195676
231612.633084
231708.508981
231805.91594
231915.697114
231690.248758
232114.052337
232215.440469
231947.499363
232393.913834
232517.65127
232582.672496
232371.887422
232486.663878
232604.514125
232709.885061
233101.379393
233187.864416
233289.76322
233096.551041
233205.048038
233567.679021
233407.709029
233470.221455
233601.446837
233678.656461
233788.797487
233883.820252
233987.909025
234105.939332
234192.054785
234596.455908
234405.008178
234788.901752
234626.932619
234703.755558
235082.991135
234921.627662
235039.883441
235383.767563
235216.610403
235600.108345
235385.376441
235807.709637
235574.707225
235677.795825
235811.492605
235887.042144
236006.162971
236098.740399
236454.705547
236321.479668
236699.666654
236493.478683
236897.657546
236706.137564
237127.00785
236875.328166
237020.174033
237069.982617
237237.417002
237595.06163
237404.914395
237775.216237
237581.111323
237696.525129
238096.319344
238221.517605
237976.802698
238113.987127
238529.596975
238627.387342
238419.018456
238514.866542
238613.243908
238993.966438
239090.464813
238904.605998
239015.421106
239454.233291
239228.519698
239300.428967
239709.89358
239808.856482
239870.162838
239985.36112
240111.577025
240223.010976
239998.970792
240405.244909
240517.050819
240615.490205
240686.308888
240802.637293
240579.410901
240977.869657
241110.475076
241189.022637
241004.013565
241420.416551
241494.389165
241601.149526
241423.809845
241490.938156
241915.040965
242022.58228
242095.573102
241890.270029
241981.004059
242385.170934
242493.074783
242311.412321
242444.941155
242807.050435
242599.569869
242675.977324
242808.261765
242913.272581
242989.842179
243100.509469
243167.837669
243313.623677
243395.086428
243503.806438
243597.593033
244033.145828
243817.561224
243910.717745
243986.235621
244433.974952
244182.547922
244302.961879
244381.274938
244781.101306
244578.896422
244685.872574
245105.243052
244918.120412
244986.381063
245401.002327
245211.524048
245259.081177
245715.534203
245474.772122
245620.561661
245703.320047
246136.504469
245894.173018
246288.954912
246106.589635
246513.902046
246318.737975
246694.270943
246488.861124
246881.349849
246686.456306
246800.348757
246891.737718
246979.973297
247095.219488
247492.541639
247620.02598
247747.014523
247798.46303
247907.116035
247726.817487
248117.460539
248158.477094
248291.996594
248402.148877
248240.103257
248575.383303
248403.081925
248499.57533
248608.546895
248991.82116
249132.131107
248900.856472
248996.614058
249412.221532
249476.635273
249328.332315
249397.878869
249824.630144
249916.550459
249658.872456
249808.670871
250191.749319
249993.315482
250088.620838
250196.476944
250326.304924
250421.647528
250501.434696
250642.554474
250698.018135
250818.779495
250922.467332
250992.829005
251108.832746
251522.068325
251583.487052
251703.925399
251494.539665
251594.560666
251689.347312
252072.840612
251906.10448
251983.327535
252087.153393
252477.060211
252274.168754
252375.283494
252792.969826
252616.067237
252726.328237
252819.749984
253150.119615
252989.631468
253089.147478
253193.300061
253584.420761
253400.43365
253803.510088
253571.536793
253987.883511
254102.520977
254210.788232
254325.436108
254404.786016
254221.380318
254621.091667
254725.621957
254496.352583
254885.921758
254726.259924
254769.340673
254922.97823
255253.318666
255419.724349
255526.808515
255307.002605
255696.479583
255476.420276
255912.72311
255977.454258
255789.778344
255906.807157
256021.767193
256398.414005
256460.788162
256307.797683
256695.02332
256503.609733
256574.611567
257003.582675
256803.623556
256888.637489
257233.118384
257416.147236
257198.82382
257319.417047
257375.842646
257485.482725
257892.02456
257707.571119
257825.569819
257885.748473
257971.311682
258406.977704
258516.689068
258289.48407
258398.034529
258810.093935
258630.469273
259044.979974
258818.666133
259182.325232
259311.983016
259070.187512
259196.394226
259578.683617
259413.936618
259743.562562
259606.856128
260004.294812
259815.987146
259872.789057
259990.859165
260433.305201
260210.840012
260319.078038
260418.369102
260524.12438
260583.807948
260699.505879
260816.041083
261170.242252
260997.888581
261389.458423
261522.245978
261583.456903
261391.566705
261778.988221
261915.751792
261711.801368
261799.962985
262177.884311
262015.829905
262092.491313
262180.177874
262292.04542
262383.478813
262498.776353
262612.79588
263046.383162
263108.745187
262887.393476
262982.429838
263080.388249
263488.557439
263287.74351
263647.778193
263493.905338
263896.121776
263716.798203
263807.760492
263894.207576
263981.258464
264097.543662
264191.33044
264643.548381
264402.693814
264475.434454
264617.487518
264709.160733
265123.463902
265198.799165
265301.063287
265084.455437
265202.36453
265598.395594
265679.219685
265512.635183
265594.595812
265687.218678
266087.906814
265866.201698
266014.193735
266113.303901
266488.807782
266305.402024
266431.917429
266521.87817
266611.142691
266681.656067
266811.54656
267219.462899
267021.25888
267442.585462
267529.638048
267593.284384
267685.171346
267795.191755
267584.407098
267703.563683
267827.079464
267874.405806
268286.555242
268070.463253
268239.393941
268590.189232
268711.68643
268505.7559
268591.160178
268733.562839
269132.435738
268907.059303
268977.914307
269395.32048
269471.635829
269300.381737
269692.94317
269790.932431
269903.886517
269717.73114
270102.617475
270160.360228
270306.188501
270115.82736
270195.923838
270310.570213
270698.666386
270505.546172
270621.387024
270976.972233
271087.717846
270884.005412
271011.871148
271419.118411
271514.38174
271623.451202
271390.479389
271861.026809
271601.757471
271720.548685
271794.255032
271895.192433
272292.205807
272398.327739
272213.440902
272613.586675
272688.59971
272524.065003
272904.592092
272687.356653
272825.092924
272922.777396
273281.014771
273100.704495
273200.35558
273630.732246
273688.68149
273777.270789
273604.678195
273700.849983
274133.729823
274187.511196
274332.959641
274143.293989
274506.552668
274634.492618
274392.557623
274738.205234
274617.237237
274988.18577
275096.543925
275176.981882
275306.799094
275119.178034
275205.527077
275575.159889
275427.453915
275513.28998
275605.070396
275971.56063
276052.773709
275880.912166
276011.795349
276141.688515
276227.526571
276308.911557
276406.344278
276483.551813
276603.321037
276716.987406
276784.426213
276895.872433
276973.320621
277115.178885
277194.850573
277299.076369
277710.071075
277817.54854
277897.867176
277684.435375
277810.075881
277913.179523
278033.151479
278090.719811
278195.630206
278300.105081
278385.329846
278493.972652
278617.85228
279033.608195
278791.924685
278912.441541
279006.483194
279410.575296
279437.496536
279334.034116
279428.460356
279501.224829
279889.499687
279997.826775
279796.867891
280181.937695
280314.568213
280103.219872
280530.612176
280272.383434
280420.329432
280821.499962
280630.800676
281031.886731
281097.873009
280896.366891
281012.975292
281405.750567
281519.619911
281290.85166
281393.687434
281783.111789
281603.817783
281700.315894
282070.665667
281911.537073
282015.280097
282075.757325
282198.972332
282605.130304
282744.225582
282465.888826
282914.22238
283029.693014
283090.51806
283200.27169
282983.714262
283444.655215
283517.290432
283304.367438
283420.411239
283469.173586
283607.704559
283730.213331
283823.049728
284194.909862
283998.924278
284117.80814
284198.717836
284299.877603
284410.439904
284534.997415
284606.377009
285019.750254
285076.755304
284924.26851
285004.428106
285405.283109
285223.568109
285304.623751
285704.641713
285529.451527
285595.31256
285722.862011
285792.827794
286170.044807
285941.702421
286376.235875
286200.609197
286587.470867
286705.25015
286506.978433
286897.140543
286697.518554
287080.707487
287179.700653
287006.577758
287093.364061
287206.828814
287272.086822
287384.482012
287505.964749
287632.238418
287684.97335
287800.021612
288186.711598
288301.633516
288408.393365
288470.419523
288592.041387
288389.343887
288795.967996
288877.059259
289021.782098
288785.082799
288920.334832
289015.024504
289094.86254
289454.214735
289305.932563
289689.539009
289507.404621
289593.202459
289992.689209
289800.687711
290164.373675
290284.382087
290402.671389
290533.266312
290261.280402
290694.506221
290777.942245
290927.116618
291051.168215
290789.597173
290891.897429
291028.24655
291109.067743
291500.904692
291609.258637
291403.207778
291809.992507
291618.994778
291701.003177
291818.393164
292168.267155
291958.912629
292055.384265
292206.56518
292310.562032
292399.449903
292529.214513
292600.496363
293043.393077
292814.988953
293229.78411
293015.996212
293113.039266
293198.069589
293311.209833
293377.790355
293510.233344
293904.810983
293690.305823
294122.454112
293900.718782
294320.585995
294393.477896
294192.987184
294291.840443
294661.112614
294487.387844
294899.670409
294992.882731
294789.010064
294899.387672
295318.672876
295406.36267
295186.046371
295588.017129
295691.943122
295505.216696
295863.22959
295990.583626
296075.185693
296173.432062
296280.123262
296119.37623
296486.213939
296588.082628
296381.654261
296495.335206
296588.728647
297005.760106
296776.772734
297218.599468
297298.2892
297394.272426
297205.703112
297584.079613
297433.036572
297788.018809
297902.470646
297678.699015
297800.200026
298182.27258
298307.148151
298111.287412
298173.173138
298297.554969
298695.782492
298517.696132
298592.628432
298972.289656
298803.204923
298932.62911
299281.933892
299417.594993
299199.321247
299293.238365
299385.197805
299494.564314
299907.185719
300029.534554
299786.932543
299910.809921
300287.400956
300094.16042
300497.287724
300617.14198
300396.847928
300500.0724
300627.068568
300699.757275
300796.640096
300939.291805
301019.930233
301121.419581
301457.242921
301595.228224
301696.684936
301827.705433
301593.910521
302021.37114
301821.315221
301929.19196
302326.060995
302116.316853
302477.180354
302603.957125
302718.808578
302509.7071
302613.021969
302993.722993
303090.191979
302878.466142
302996.915634
303081.658715
303206.873791
303289.270208
303723.761446
303493.882888
303562.990674
304027.946703
304115.774401
304158.191117
303982.322809
304107.077176
304175.05671
304335.769495
304371.865469
304810.60799
304587.554775
304673.743878
304790.6424
305207.476383
305326.555678
305408.930482
305517.36665
305575.701307
305701.49753
305501.51997
305582.034733
305998.604906
305776.186161
305892.490166
306287.376284
306135.338061
306172.919873
306290.792443
306708.698961
306510.679849
306876.359585
307017.379935
306781.536941
307200.523411
307346.947414
307407.601525
307184.48659
307593.489863
307405.819327
307514.379253
307591.601817
308031.272815
308117.660001
307916.942421
307980.044729
308398.785283
308201.181489
308302.495874
308708.811347
308499.811175
308605.924043
308729.591849
308802.324336
309194.810199
309014.337936
309077.969747
309199.197703
309294.904104
309390.491738
309499.826248
309582.688334
309709.537922
309797.71658
309918.217427
309997.654401
310099.002446
310543.250332
310320.920266
310396.208475
310540.693007
310889.016006
310966.73174
310806.38713
311231.293642
311283.324525
311107.429738
311511.355301
311326.777071
311682.505776
311476.842329
311587.197081
312009.622029
311804.258967
312206.911404
312021.355304
312416.26808
312527.440663
312618.641002
312398.544723
312531.584816
312922.184068
312972.077962
312799.228179
313212.154502
312984.257795
313105.688844
313489.547245
313319.558903
313395.510237
313789.891924
313616.831114
314000.657512
314088.875581
313920.003949
314273.941989
314414.352052
314193.817653
314628.692872
314430.377845
314529.20483
314863.652226
314709.211582
314808.400824
314921.053514
315009.866555
315382.531838
315203.494512
315298.978361
315421.664553
315506.084136
315591.47538
315707.289149
315789.946847
316183.95069
316287.846436
316389.521198
316504.583858
316607.653589
316397.071223
316494.16074
316612.781288
316688.239135
316805.83515
317175.293374
316982.585279
317421.752256
317499.07054
317341.838323
317423.099663
317535.333661
317590.74443
317718.99658
317790.348247
317923.163247
317964.548135
318118.946088
318187.830331
318298.469603
318381.036726
318775.296679
318610.421456
318734.94724
318816.180129
319186.680703
319269.557577
319073.981261
319498.576095
319299.212528
319401.654687
319503.59736
319576.986326
319687.722833
320128.235213
319894.236493
320003.436831
320396.632303
320535.373782
320617.796113
320431.699928
320487.345599
320885.903963
320676.870413
320787.837486
321222.797988
321318.923695
321393.067253
321494.204097
321305.58153
321397.729908
321513.744763
321900.347493
321696.598678
321799.44776
322241.700363
322284.337469
322394.334983
322191.620834
322588.326704
322390.680139
322467.763839
322626.066586
322705.198926
323064.012642
323205.475945
323282.066808
323375.558659
323190.860502
323572.308797
323415.616105
323506.693035
323621.308837
323926.044333
323814.578458
323925.382336
324261.710947
324104.314433
324208.005927
324292.858683
324384.717337
324514.729798
324950.111287
324691.605415
324806.550375
325218.681563
325321.1511
325103.921258
325189.688449
325324.516546
325398.89594
325480.317189
325587.916173
325996.235481
325803.517585
325895.608863
326014.416236
326099.010789
326508.721708
326583.332732
326711.472381
326805.460127
326585.030814
326700.60398
326783.908821
326844.159175
327010.638067
327418.495337
327204.879559
327310.920077
327402.477827
327465.010467
327892.71926
327724.897799
328070.860344
327883.150002
328295.055829
328389.795959
328224.161896
328593.756163
328392.833314
328509.545954
328612.783935
328738.037228
329128.883116
329226.62154
328994.637541
329421.668047
329524.7132
329581.97386
329410.579131
329500.849724
329583.033055
329712.158168
329802.69075
329853.361622
329988.276598
330128.232183
330496.881897
330274.107695
330712.538817
330812.665752
330576.488376
331005.760136
330776.021031
331226.85723
331010.57476
331114.00729
331225.969654
331305.096801
331706.504785
331482.956776
331913.486166
331685.554754
331801.60854
331906.363556
332322.209584
332131.579736
332501.017356
332588.612112
332438.499957
332477.154095
332586.537019
332708.672887
333059.921166
332933.622418
333026.540182
333389.174295
333195.259132
333285.516372
333750.793429
333496.733824
333907.3376
333692.3046
333790.965437
334194.939002
333989.351216
334089.277038
334202.262096
334601.578711
334387.134528
334484.996817
334904.993979
334711.947451
334836.648319
335194.600005
334997.164595
335078.520322
335487.32165
335622.482018
335424.824482
335492.026342
335594.199326
336003.110663
335818.182502
336186.767056
336007.174613
336400.10697
336188.460652
336274.676676
336734.179359
336497.187837
336597.88231
336704.438535
337112.383857
336896.13074
337013.795432
337079.851226
337490.966396
337289.613785
337396.751513
337809.054721
337892.751804
337681.027188
337822.260028
337897.186312
337978.749988
338371.290267
338482.415596
338551.878524
338697.073482
338787.499742
338920.333718
338686.140539
338768.861281
338911.590434
339318.017565
339396.224089
339186.371267
339299.430737
339399.431919
339836.521892
339583.165898
339689.240874
339796.764918
340174.026675
340257.001096
340069.271912
340485.362757
340293.13007
340404.276465
340487.098349
340630.989456
340702.014311
341092.503193
341171.562753
341007.944751
341427.190151
341194.12039
341285.695153
341404.401617
341783.621099
341605.328017
341724.41497
341786.966818
341927.116103
341996.161956
342118.778683
342192.688745
342301.74065
342423.674909
342820.403653
342624.381777
342690.135295
343102.035328
342921.85377
342990.224801
343082.771473
343184.281651
343592.708006
343715.953778
343496.516391
343910.226761
343705.433802
343811.301459
344210.911603
344270.328319
344399.796791
344228.668084
344281.852735
344412.672886
344829.816481
344915.29206
344671.078861
345072.503433
345239.481388
345013.904058
345114.650329
345512.630894
345305.99404
345393.784323
345808.124917
345909.722795
345998.163252
346079.709561
345911.110497
346315.390332
346077.098181
346489.982319
346563.479282
346356.390748
346771.749725
346637.463484
346698.018531
347122.010055
346916.037794
347296.425094
347424.210067
347209.129097
347567.763469
347412.928187
347455.377561
347864.01722
347984.142421
347771.314446
347936.457184
347987.166735
348400.021321
348224.49849
348638.406564
348426.231695
348497.467159
348605.442723
348697.114301
349116.980859
349217.796763
349030.632319
349159.555077
349230.511988
349300.888069
349715.56078
349820.502503
349590.096622
349713.601941
349792.507618
349938.700498
350291.006301
350416.760354
350199.263747
350309.594677
350695.174988
350492.484944
350917.342529
350687.037935
350797.816865
351188.047928
350998.736714
351398.259508
351201.416352
351590.875217
351386.896623
351784.179181
351606.303806
351715.158852
352093.068259
352209.01285
352001.050927
352118.737765
352217.449034
352623.286294
352703.577691
352733.002461
352617.21066
352709.263794
353099.45109
353210.103824
353013.193139
353401.561989
353195.232477
353598.746866
353371.760631
353802.077538
353588.845777
353708.127439
354068.723309
353905.011865
353957.598448
354083.904732
354192.743205
354290.597719
354688.883409
354482.580319
354601.881947
354718.549952
355078.890163
355208.641392
355303.904557
355384.879849
355481.188635
355322.864302
355672.042738
355808.179935
355873.834669
356010.055741
355792.870543
355889.157002
356035.337668
356411.175686
356220.240561
356600.152298
356445.281031
356854.102948
356861.403921
356987.377363
356810.475086
357189.784496
357011.606856
357100.427974
357173.199339
357308.660474
357724.377859
357811.462308
357884.242721
357679.595193
358059.807191
357889.547112
358272.686304
358111.198764
358225.731601
358334.957915
358727.913393
358809.330146
358605.849497
358709.157616
358779.168693
359214.493996
359265.760629
359390.394112
359485.998884
359322.292303
359395.704758
359512.307246
359602.489734
359726.441741
360093.304735
360228.49307
360036.222748
360114.566322
360237.952632
360298.012828
360690.235834
360497.735303
360589.132897
360665.956763
361079.736029
361191.391474
361021.614828
361425.675854
361201.302284
361265.237118
361407.874276
361495.83422
361586.155069
362033.985828
361775.292919
361911.184765
362336.347097
362402.766174
362167.382345
362284.238108
362386.353673
362494.839782
362926.676451
362691.785706
363097.610229
363184.81345
363014.549017
363407.630753
363454.903737
363299.966384
363706.811479
363810.488019
363591.925045
363697.461089
363800.338026
364164.136074
364313.526126
364435.224746
364208.846396
364603.035792
364694.90965
364528.405698
364909.793144
365003.062398
365087.112108
364884.833764
365019.619884
365444.89885
365189.305783
365635.894983
365686.44606
365512.56518
365570.415257
365979.224744
366084.883435
366201.122778
366284.908754
366090.049206
366200.009047
366273.458489
366400.985292
366486.135049
366624.52548
366707.98177
366868.736375
367200.024011
366978.40233
367096.38085
367194.488503
367567.758271
367682.465823
367504.708411
367613.888298
368000.336608
367797.522834
368211.773882
368025.766557
368103.298794
368198.552511
368592.942601
368383.920535
368466.927218
368896.515546
368693.615652
368804.514788
368916.652793
369302.494437
369129.726171
369520.179785
369625.979131
369437.955428
369806.45164
369907.946028
369967.23933
370076.352201
369868.225342
369999.055601
370385.99053
370483.197202
370576.63128
370371.888133
370781.298518
370893.29499
370706.299056
371081.801966
370875.951907
371032.801352
371098.354577
371477.579089
371604.324404
371681.362381
371518.336088
371952.890327
371706.107115
372085.079385
372171.397691
372031.314194
372096.169413
372489.54033
372594.837866
372381.076246
372551.417399
372581.611691
372686.487062
373110.828525
372908.460159
373002.744123
373378.962819
373503.513134
373272.937521
373712.813507
373480.219735
373613.961458
373725.916065
373790.089943
373925.13708
374289.145499
374371.204722
374471.446895
374338.25363
374683.249764
374490.87633
374597.201767
374723.146924
374808.1402
374871.900083
375279.145296
375109.877744
375521.531841
375306.652484
375420.518216
375499.502042
375575.146881
375698.918035
375817.522309
375914.019889
375979.096814
376099.096821
376476.235255
376309.210727
376712.533486
376514.240855
376916.977734
376984.121032
377154.269775
376899.700238
377008.491941
377098.553275
377210.753488
377331.731023
377404.210219
377787.689383
377867.83222
377654.360594
377824.892486
377880.156511
377992.587413
378379.47857
378216.066046
378607.386748
378382.864975
378783.240738
378886.404658
378702.688828
378786.73277
378921.940492
379026.207554
379378.588957
379201.695964
379322.419296
379705.361569
379485.957164
379881.273241
379712.51772
379774.109742
380169.626542
380257.113916
380406.586464
380217.572072
380625.407788
380384.126938
380487.577019
380601.845532
380681.285203
380809.402876
380875.04991
381022.834664
381111.396999
381203.484839
381619.236131
381389.557254
381530.155923
381590.710559
381712.251303
381814.891857
382254.288571
382028.635948
382417.123941
382178.700542
382281.1535
382417.544451
382773.069119
382885.639841
382992.777888
382838.551532
382941.82996
383024.721346
383137.516557
383505.939387
383623.750327
383368.510723
383822.760896
383887.28726
383706.78963
384081.063206
384217.479768
383959.325837
384078.471579
384207.445232
384285.346466
384406.010235
384505.819554
384890.045177
384735.530319
385080.223073
384906.123623
385275.833011
385099.545171
385486.794681
385294.579085
385413.431488
385812.379983
385617.324048
385664.341412
386081.718108
385909.974907
386291.465419
386084.890297
386504.295914
386319.113139
386395.368713
386517.462392
386629.128426
386706.456017
386765.583118
386907.636371
387273.17481
387379.845399
387176.921869
387576.254289
387413.543945
387501.610333
387622.955002
387997.232807
388098.850402
388250.700837
388308.82736
388411.404887
388223.271794
388326.184807
388376.719788
388795.469513
388873.699707
388728.626287
388771.938438
389186.610969
389017.090984
389090.220438
389195.710088
389607.110233
389414.058162
389817.909928
389582.692876
390007.022654
389814.744497
389912.990357
389982.107171
390113.764631
390185.104427
390595.154536
390395.646041
390530.799447
390611.309483
390670.823551
391071.257083
391217.701062
391008.897312
391126.902973
391226.488836
391591.388583
391692.581956
391495.41913
391866.864409
392032.192289
392100.717776
391899.490846
391989.952806
392105.668452
392499.214557
392581.362062
392378.130484
392788.664979
392908.157545
393014.863751
392816.176034
392904.93158
393008.588208
393390.860154
393200.790842
393295.164456
393406.048943
393852.992653
393890.802878
394017.279619
393807.138952
393869.755235
394302.415041
394403.37384
394482.539708
394307.177207
394401.105313
394818.317825
394594.041658
394687.067229
395079.798876
395220.694876
395004.684447
395418.085263
395216.375851
395322.083634
395385.572298
395502.362507
395629.478369
395694.802949
396114.118178
395874.396524
396251.261288
396125.538695
396479.555487
396280.713593
396402.451917
396785.601195
396620.626062
396710.779776
397128.083399
396938.186059
397313.451349
397109.94388
397496.5293
397334.200398
397703.4245
397522.288327
397627.039377
397676.24795
398112.054324
398201.980586
398319.908989
398086.870677
398190.808525
398311.3579
398403.497156
398488.08022
398583.995988
398695.463602
398789.203542
398900.363645
399297.88262
399062.429827
399505.837553
399600.527473
399408.449967
399479.453428
399593.206732
399667.259878
400106.651608
400219.316942
400318.951835
400102.693437
400513.918295
400605.445295
400390.072514
400466.207235
400898.525662
400696.219534
401096.245087
400884.678111
401001.629363
401124.230835
401481.036044
401314.824684
401740.134055
401805.270343
401591.812061
401699.92052
401845.831277
401862.906714
401997.776854
402099.169578
402530.389745
402324.154503
402408.354049
402535.947598
402910.345799
402726.894584
403085.255975
403192.348767
403033.285334
403108.349423
403188.985343
403318.432656
403391.649339
403496.777959
403603.198965
403983.86778
403785.168881
403890.923359
403983.37416
404423.826434
404467.466973
404302.977267
404381.001341
404532.061046
404609.366317
404707.772749
405071.085901
405170.071275
405298.062046
405121.746539
405200.916569
405345.226545
405686.640606
405487.055172
405902.263831
405721.919208
405811.88024
405900.295633
406283.880966
406393.490763
406505.546658
406295.332469
406703.614167
406505.287109
406889.321622
406681.79833
407128.360511
407199.282834
407290.873559
407394.0522
407499.62231
407312.435487
407411.444176
407780.135056
407600.650768
408002.693577
407815.558312
408213.311314
408013.316032
408078.060836
408225.857752
408583.00652
408711.86842
408486.218898
408831.919702
409054.107686
408813.135985
409164.536581
409036.67904
409412.49005
409215.402108
409303.179866
409415.448574
409503.668413
409577.15469
409992.87641
409792.950612
409910.066008
410281.756983
410101.147595
410538.375209
410588.232108
410435.55573
410522.455691
410909.962032
411026.459542
410809.856594
410908.722316
411301.462288
411088.979561
411200.499814
411315.745466
411409.589254
411530.871973
411881.993764
411980.80246
411774.18438
411892.477594
412001.708016
412096.497738
412211.188608
412252.951039
412391.062071
412508.627783
412623.1922
412721.918107
412822.324278
412878.52852
413323.34509
413421.115855
413198.080695
413600.895186
413414.388774
413772.189952
413578.726526
413703.182878
414080.385004
414213.897925
414014.036007
414093.70747
414221.559453
414590.806172
414405.129316
414815.124998
414887.020293
414953.244737
414799.843331
415208.265755
415027.133475
415098.680685
415458.279067
415289.814844
415683.73907
415495.363795
415869.144966
416054.350471
415808.660258
416180.496019
416300.860795
416077.03143
416203.044426
416288.982888
416695.394182
416511.095038
416595.886775
416710.364353
416805.790489
417162.316976
417322.520807
417092.564054
417454.751225
417280.400705
417410.834873
417508.27255
417628.327636
417714.16792
418082.253397
417914.661043
418003.53413
418110.244634
418185.867865
418595.191796
418385.520559
418491.110494
418608.367325
418994.123141
419083.257294
418878.469011
418974.04077
419404.865494
419488.113201
419269.429684
419399.077192
419508.418623
419876.165791
419707.296459
419795.366841
419901.842801
419989.367655
420374.649822
420208.833031
420613.670071
420410.992913
420815.130299
420597.187218
421014.651454
421096.856904
421181.297704
421266.264248
421392.286399
421194.929804
421277.40553
421718.032014
421479.671581
421558.001626
421687.694116
421785.296818
421911.806683
421999.321441
422109.620339
422200.965231
422603.719776
422398.129099
422832.812942
422586.379957
422698.715843
422824.806562
422932.196202
423016.925838
423348.349408
423506.31116
423274.931183
423395.002078
423498.177757
423861.611173
423719.439768
424061.418328
423911.882846
423984.166405
424096.939927
424495.140535
424620.509528
424423.016466
424478.109359
424613.769457
425022.389614
425091.846492
424873.900904
424999.063426
425112.238559
425225.356667
425282.098232
425402.05265
425490.743696
425950.727171
425698.859901
425796.061557
425885.317398
425980.588257
426392.512935
426485.321244
426277.332188
426707.906785
426774.648259
426581.614506
426694.380473
426820.762813
427212.948347
427008.916514
427110.007416
427510.380264
427324.364903
427410.580791
427780.761249
427597.234063
427707.752792
428068.962268
427880.099601
428280.979897
428374.230459
428529.475289
428592.711121
428722.250124
428521.558695
428916.928576
428990.489783
429081.123184
428875.43449
429017.972161
429096.859801
429202.673613
429629.53094
429409.550152
429500.446637
429632.551433
429674.67566
429810.343926
429889.844586
430284.429227
430131.598437
430525.273524
430298.727648
430676.326901
430810.760446
430881.38471
431003.585234
431083.516176
430912.176588
431044.466949
431117.004171
431195.426864
431583.061304
431394.143734
431513.228281
431580.45252
431698.634605
431778.761309
431881.829584
431987.632869
432082.989914
432177.980001
432295.615654
432407.483916
432786.641126
432621.779679
433021.386873
433086.329284
433186.851373
432997.299965
433099.889705
433232.980151
433321.760758
433378.223513
433808.349087
433941.590406
433718.029134
433783.646198
434251.773898
434004.331064
434089.026059
434196.384859
434288.308199
434696.57893
434465.504671
434602.691418
434978.329035
434794.70177
435223.030465
435285.730077
435103.794202
435218.473335
435281.376383
435392.022678
435789.202094
435596.24926
435701.814862
435774.439553
435907.359022
436030.219
436098.347894
436201.831147
436586.824622
436734.276806
436511.737918
436609.824458
436976.908787
436832.330754
436885.397852
437018.316068
437416.903595
437505.428293
437617.347379
437383.222354
437495.270851
437901.63129
438031.79868
438095.894903
438207.512684
438023.626207
438093.491527
438196.417527
438605.786418
438697.777274
438764.950937
438589.198597
438995.829553
438789.108744
439178.053228
439005.085485
439388.031328
439212.64016
439291.077412
439406.542086
439507.029508
439621.143216
439991.531723
439839.325311
440194.696399
440322.334735
440104.310513
440506.530118
440605.482307
440409.308068
440497.72927
440612.668425
440679.330801
441109.436552
441226.975689
441007.338092
441362.550723
441479.848386
441288.694569
441384.937137
441777.391721
441629.242937
442009.331135
442083.267702
442196.804595
442307.868723
442105.887978
442213.353358
442579.614173
442394.103609
442515.318662
442622.281072
442710.377724
442806.055399
442878.482496
442990.273664
443432.4037
443479.484766
443630.130903
443726.011726
443528.476085
443933.256769
444040.973355
444098.600444
443933.629201
444015.633674
444382.298635
444206.563541
444578.529208
444413.427659
444516.743955
444883.986867
444977.385345
445117.819061
444897.491428
445020.854662
445408.522373
445526.479968
445600.329318
445398.757317
445817.889379
445617.277279
446020.567628
446082.975454
445930.734147
446024.024388
446403.25414
446498.588799
446568.63033
446423.931412
446792.979321
446887.993389
446689.929838
446792.645879
446910.083568
447305.562066
447120.904735
447203.287239
447269.725464
447700.505987
447501.600074
447899.875139
447685.08888
447799.892779
447920.438437
448020.028749
448116.695173
448177.841439
448321.588009
448704.074537
448485.463283
448605.45049
448731.416054
449150.54779
448902.803879
448988.143864
449049.802345
449159.709037
449307.606538
449674.593136
449753.771005
449609.559449
449679.713332
450086.636421
449923.844532
449994.142689
450084.538821
450165.087406
450634.936141
450703.551048
450781.516778
450589.325808
