933.061501758
1108.00167985
1218.52337867
1335.33578979
1146.46958988
1484.22029108
1300.51636197
1686.22524081
1502.06381935
1626.08891472
1986.18818681
2125.58988224
1924.13288405
2278.37578395
2093.37219313
2538.85337552
2582.5566518
2718.05108565
2514.20558761
2593.29542633
3023.41890257
2810.68477307
3215.38086722
3290.93810679
3126.6062969
3474.18063357
3279.55696146
3406.30273866
3495.10831049
3944.49977181
3705.40391198
4079.59377918
3903.29606404
4321.29757949
4366.05228648
4180.24099945
4590.73298129
4392.229315
4793.25716533
4604.37153207
4704.79695255
4807.09802067
4903.93299735
5289.63442768
5402.38324118
5184.47261601
5307.70277691
5368.50403755
5780.12542688
5613.52792109
5701.49167765
6118.27420843
6170.80569821
5989.79102325
6081.44014111
6200.66647542
6612.52332825
6419.03832186
6793.7996453
6897.06861152
6988.22400488
6809.38226038
7194.33213233
6990.09031654
7409.1714615
7478.02116786
7279.76356849
7709.40128871
7501.80019202
7610.12422472
7955.05245468
7805.66189788
7951.04256682
8298.70353525
8099.08789886
8195.84124529
8618.30039838
8414.93878773
8765.41727517
8593.6240484
9017.80979066
8806.29740255
9179.26668696
9011.24911031
9102.96256949
9196.95264302
9612.93540525
9731.50092939
9813.76915049
9899.2290919
9683.47718761
10058.2510015
9898.42510258
10025.2655078
10406.8248945
10527.9258379
10296.3724336
10395.2211901
10794.1667665
10577.8374389
11011.1592468
10817.8625149
10898.6679067
11306.6010932
11428.1837078
11208.9028766
11317.9122865
11369.4678367
11514.0989974
11620.3702634
11751.3775138
12104.6587809
12227.5325151
12001.0812915
12113.6823366
12221.8504594
12300.657426
12399.3860976
12810.2190011
12609.6527924
12714.1377781
12794.4770712
12894.6588663
13300.3240741
13122.0869715
13202.734526
13594.7013865
13390.6657992
13809.1995952
13639.5891278
14025.6849454
14070.0400579
13862.3801548
14024.8028981
14428.8049701
14476.7410172
14309.948861
14406.0869789
14531.3399013
14620.8381574
14738.7847484
14796.0392326
14931.2975995
15013.7827965
15377.7316799
15221.5669529
15285.2437558
15706.7072076
15775.6160512
15913.1915722
15690.908647
16109.4355737
15916.5211328
16018.3004695
16121.0906191
16188.3460842
16334.5086742
16731.0851063
16516.7875311
16579.0234905
17026.6583567
17098.5331763
17163.2562314
16972.3168735
17098.056985
17206.3288906
17277.6980757
17393.637199
17795.6307858
17876.9802893
17988.3061947
17841.7812952
17898.3420088
17989.3676833
18412.5557739
18510.5775655
18315.9761064
18403.1738968
18506.688772
18880.7684318
18980.9964189
18784.7260133
19166.8495734
19005.0487832
19412.9874106
19229.896202
19292.8548939
19707.7301843
19478.2493567
19609.3145182
20022.5726852
19794.3334786
19940.8908245
19986.8889573
20108.5848477
20517.3990052
20617.6929886
20693.2301651
20794.6687167
20604.6437612
20691.7336485
21084.6338239
20891.2621279
20987.5589196
21388.461755
21498.5602291
21272.2956943
21386.375681
21495.8477086
21611.8843126
22006.2110073
21799.6999123
21888.4850967
21980.9437338
22082.3720302
22205.9089231
22305.8527338
22396.5852312
22793.5496939
22588.8766573
22979.6949232
23096.6090084
23214.0773793
22977.4423653
23089.8736752
23496.7169615
23604.9654615
23684.7291821
23814.8898149
23632.484149
23662.2883485
23829.4133953
23909.7233118
24257.5317187
24093.3265777
24213.7557351
24282.4975754
24698.3960223
24507.9972291
24612.4126504
24691.1522699
25098.153663
24897.1823494
25268.3025825
25407.8733741
25169.0565498
25301.7057292
25696.9706653
25796.3257943
25859.7339086
25979.6360999
25823.7448845
26176.6670241
26002.6940221
26085.7494853
26498.9929016
26600.7335328
26392.3084891
26517.0269921
26612.9979659
26715.8895009
26792.8723624
27211.7942111
27024.6381517
27120.9875749
27487.6344129
27332.6664306
27396.5527025
27517.9498446
27624.5143602
27702.0465471
28125.2409744
27897.6710762
28015.4699916
28095.2337607
28205.8201645
28301.1394686
28424.153042
28491.2489292
28611.7509602
28743.1200821
29090.1898971
29175.9448497
29320.2517677
29375.7675715
29211.4537506
29366.1123307
29373.0362533
29515.8293802
29887.2764409
29706.0926385
29805.6508504
30200.879975
30030.8494106
30120.4776819
30210.4152554
30645.8081445
30402.9069119
30768.5920105
30587.4769903
30709.3618817
30759.1436416
30882.7634968
30975.1442629
31438.6289438
31465.4603574
31297.6820245
31708.9147158
31508.9627885
31908.0152825
31716.519298
32100.6193659
31917.1174954
32017.0894379
32389.2230615
32504.3622279
32322.6199837
32685.322057
32541.2028877
32592.2565374
33007.7082248
33118.5918093
32884.258167
33302.3369623
33139.0364246
33208.1654385
33303.8353621
33422.2045372
33510.6960854
33622.7310384
33706.08345
33796.2353268
34202.1002467
33956.6406465
34056.7810801
34217.0595798
34297.7828061
34390.5593774
34827.7033025
34873.4686261
34964.4350343
35131.5983524
34927.599366
34996.4772303
35122.6402379
35504.2933477
35611.4347937
35676.5744904
35798.1527877
35906.8816188
35715.6247024
36072.5731387
35906.4674517
36298.7629046
36072.2364824
36531.468331
36330.8293035
36724.1157785
36502.9719777
36906.9320883
36710.4538152
36808.9825203
37167.0738505
37280.2880559
37440.8619967
37211.2998292
37325.2043269
37666.4468693
37525.3993126
37581.6819911
37701.4146372
37833.0847235
37901.5514958
38278.5713605
38103.149888
38504.7825532
38306.0200186
38722.3767359
38532.7487666
38606.851859
38706.4850938
38812.3075593
39222.2208069
39006.0258629
39102.6585463
39182.3493487
39317.559449
39399.5195819
39511.0445463
39897.2577498
39970.1279226
39768.1541088
39925.7531592
40023.2498634
40396.5781683
40209.9597309
40253.9493387
40719.5306177
40514.3079751
40887.2164136
40681.4145033
40791.0656797
41176.1917293
41008.7299355
41097.2165744
41459.2392327
41615.8650143
41390.1997067
41515.0086726
41599.7365812
41735.8364019
42109.5373686
41912.4690559
42259.0016064
42122.8665642
42235.9903643
42595.4388397
42436.0591246
42490.0657838
42639.1423935
43042.4644073
43119.1857729
43212.5723427
43003.2786578
43083.8582973
43511.5831624
43308.9553275
43414.0590049
43500.4293088
43636.6886046
44015.6936192
43818.5375792
44209.9653332
43978.2579693
44112.9430742
44505.3331874
44583.1004679
44684.8842928
44798.7057607
44587.2539646
44711.2234977
45085.6660638
45181.598562
44980.2616714
45108.3136619
45180.7067288
45332.9286803
45689.8876407
45497.0973341
45857.5737502
45701.8613
46113.1150715
46211.9338278
46006.2875263
46408.1522431
46220.5373129
46614.2327236
46685.9517287
46505.7829035
46892.5366805
46690.0796213
47110.2057681
46918.717754
47023.3731471
47406.1139506
47481.2620371
47590.6937598
47403.4816502
47488.8669583
47890.6083733
47705.7769599
48075.3297992
48187.4047336
47995.568485
48432.4923425
48171.5307938
48570.4060037
48410.9553579
48802.2839642
48917.0398967
48756.576077
48815.8653441
48953.7611736
49291.0511968
49437.1104317
49476.1949875
49301.8585676
49724.3199649
49811.284693
49586.2943023
49662.1124753
49796.5582481
50231.0914265
49979.0978238
50127.8519755
50208.2921901
50316.8880277
50698.6618869
50534.4776301
50879.323684
50998.5705225
50801.7632065
50890.5182334
51293.7513784
51115.4161545
51174.8197606
51604.8733086
51695.5066044
51507.7295508
51892.6832614
51737.7670182
51807.5472433
51925.5365386
51997.8600962
52370.6087248
52187.6683909
52335.0651447
52730.9988684
52493.4416041
52609.6997459
52730.0396341
52802.6341569
52907.4457551
53300.8085446
53100.6650759
53487.752014
53294.1815396
53728.9591957
53497.1996977
53607.2739886
53695.2066162
53802.057452
53863.107851
53977.9655295
54435.3677114
54449.7435992
54312.4481995
54712.9558849
54523.4996163
54909.395381
54694.6413297
54818.301981
54902.2479347
55021.8311164
55101.7582792
55200.5776333
55306.7844312
55691.8831087
55817.1727279
55890.6647653
55711.9436818
55774.0369805
55900.8496347
56001.1280311
56109.8068189
56206.5538845
56318.8849575
56378.7306987
56788.0192375
56878.3894424
56989.8655446
56803.1449225
57245.5795336
57312.7029466
57386.91138
57228.6174761
57583.8348447
57412.0228108
57511.3861334
57598.0418766
57696.7334326
57788.6581827
57867.3216875
57986.5917524
58416.780367
58483.1034719
58272.1480069
58408.3629128
58787.3184232
58882.0381841
58694.9560127
58793.2901913
58920.77237
59021.164129
59100.9587608
59201.2191615
59621.9629155
59429.3561305
59500.9530675
59588.868539
59717.0654872
59801.7260216
59905.4360105
60020.1120113
60431.0604365
60201.7802602
60299.3151987
60725.3964065
60529.4225236
60614.8068074
60979.5789438
60825.3637703
61178.6676534
61003.6521045
61424.0049323
61188.2500505
61595.8459012
61413.7988344
61501.5586508
61588.0964671
62020.9592223
62101.7001721
61886.6881335
61990.9344287
62420.0281693
62198.8822288
62299.6629247
62401.7273958
62498.1091211
62916.4470153
62703.1167858
63118.9706968
62902.9754821
63324.7823833
63432.918802
63196.8447412
63584.2781066
63694.1675122
63805.285841
63614.6829026
63708.4414467
63801.3019051
64164.5234737
64288.2351358
64404.0703186
64197.8177888
64351.8627514
64714.5062078
64517.8486255
64886.6717718
64708.4173344
65115.3601176
65220.272589
64976.5785395
65431.0645106
65193.6028317
65311.0598948
65392.319713
65520.602085
65907.870607
65966.8156418
65797.1983659
65920.29661
66020.5994718
66109.0891024
66204.5363426
66581.6150648
66406.421801
66787.6264881
66895.7354464
66684.6329781
66807.6687358
67214.3707108
67290.2959639
67099.9681072
67218.3579217
67603.3592906
67406.1757946
67773.8689394
67606.9527281
67698.4390449
67809.9170216
68221.3774496
68008.2192806
68101.6265397
68497.9023704
68588.4598378
68673.6689097
68801.7028313
68935.3785201
68716.4979328
68796.4120322
68882.6587782
69304.0281425
69100.5479181
69189.1224013
69301.2369288
69394.3565614
69798.6203952
69614.4357551
69717.8439159
70125.6835881
69905.5562308
69971.1360515
70346.7408532
70525.8552417
70312.6463675
70681.9970149
70793.8272758
70588.1343315
70999.9827113
70804.8712369
70934.2106879
71302.1306268
71401.8269932
71209.6481272
71290.7462814
71708.8500043
71793.7665708
71639.4492937
72001.0699186
72077.8887882
72177.6136535
71999.2053599
72392.9202409
72209.4844577
72296.8295538
72391.2732482
72539.8026532
72591.767136
72716.7012258
72818.4498455
72885.206434
73312.5904781
73426.9392998
73184.4753106
73290.0696921
73714.4993317
73805.9140529
73602.1674051
73700.4076419
73771.4099955
73924.9866267
74003.191427
74377.5312641
74203.7002278
74309.6145354
74690.3095456
74471.5929761
74625.3286415
74696.2523858
74799.2630029
74907.3169154
75325.2110769
75093.6058867
75199.385155
75561.0616721
75402.3822634
75507.6585567
75599.355685
75968.8411874
75826.3859589
76180.2556581
76296.6588927
76086.7076701
76208.1259497
76308.1725759
76353.4768941
76496.1094381
76591.9933671
76993.0020795
76786.7189868
76918.7479518
77314.671247
77385.0430573
77483.1473113
77310.7160053
77701.6056186
77505.0066725
77926.571192
77721.0600402
77822.0489956
78202.7025843
77989.910322
78068.6314135
78444.5823712
78267.5059037
78420.6282757
78495.8504838
78879.0273247
78712.3871791
78807.8805265
79191.0615518
79276.6457461
79083.2941127
79519.0927956
79292.6072656
79405.9550036
79506.1888177
79614.7809923
79726.4778224
80115.3050263
80191.6337978
80307.015334
80094.9125432
80494.9524416
80316.2741691
80731.4501081
80494.8596657
80593.1420588
81016.4779003
80795.5336982
81198.1254042
81000.2568651
81096.4144803
81196.6769635
81300.8596405
81390.1803054
81516.617972
81894.1869401
81693.3967231
81831.4160845
81887.2761017
82005.1060384
82406.9377827
82506.6122067
82606.0780125
82374.2760411
82504.1604308
82627.8933301
83018.1227448
83124.5465795
83220.2434484
83008.1147739
83098.1647617
83202.1605988
83306.8323248
83383.3761072
83486.4102049
83615.2069343
83694.0762748
83798.5962423
84215.3870646
84010.4233911
84124.5884726
84493.2063868
84584.8581095
84403.5110077
84504.413428
84593.3424328
84708.8215495
85091.2717533
85220.1439383
85294.850992
85380.1143215
85201.8461936
85612.5241017
85413.4894137
85788.4791422
85848.9443454
85677.0948532
86111.3972907
85917.7158827
85997.979077
86102.6187101
86478.1247968
86584.9729405
86375.9488382
86490.481157
86620.6339081
86995.0492398
87133.6752153
87188.3618872
87291.5695709
87380.4374543
87228.361016
87305.6549965
87413.2999528
87819.9069355
87899.2938359
87710.5549756
87792.8534605
87898.2539519
88328.0135899
88401.7755515
88169.3545168
88333.7110971
88421.87231
88490.7139732
88904.2644032
88724.4121698
88811.0610383
89196.4352132
89277.8182096
89101.0667179
89473.986248
89308.4607437
89399.9892596
89824.1382922
89599.1709214
89990.3171739
89820.7052409
90222.725584
90017.2113804
90090.1817437
90192.9854704
90303.5236992
90415.5713512
90809.3104498
90615.0907793
90689.4900278
90808.2576675
91194.1328821
91013.603405
91125.3874819
91208.2142619
91323.0056591
91384.1613331
91508.0911683
91596.0140557
92030.6137901
92143.6126593
92219.7772119
92001.4828706
92380.3329316
92509.8392259
92295.6929528
92399.4245413
92508.0947313
92606.0733275
92684.0903974
93064.1220447
92929.0657892
93322.2927646
93115.0251755
93211.566908
93580.3126404
93739.4163729
93516.0429868
93852.3498176
93996.3592989
93804.5987993
93904.350912
93996.2809602
94421.8819782
94524.2719746
94323.5263024
94401.902886
94783.313698
94610.4040975
94970.3118454
95139.1888738
94907.3536175
95315.3487323
95093.4377873
95189.0032609
95309.013906
95412.2373864
95519.0846288
95606.8538046
96004.434585
96086.0681841
95930.608181
96254.0252341
96129.2958699
96505.8886608
96280.503108
96414.2486976
96483.168395
96879.251584
96679.5682578
97109.3075156
96913.316028
96994.1860565
97384.0026143
97198.7265932
97280.5839478
97375.4989497
97797.2928184
97631.1622141
97962.8765495
98092.7200453
98195.763929
98313.9967351
98114.5441738
98218.1327722
98262.1832498
98698.614036
98499.4417253
98574.4746762
98704.3320208
98793.2242293
98901.6833942
98982.3671329
99095.1654879
99210.7472056
99305.1101819
99419.6531154
99790.3204255
99894.283365
99711.5668887
99825.6558979
100185.491318
99975.5685831
100391.322646
100224.003958
100601.988397
100693.648746
100486.790734
100582.349559
100691.593412
100810.106979
100880.3952
101009.301048
101099.929729
101184.143165
101282.689994
101718.339517
101825.351367
101902.757073
101722.051349
102119.07264
101889.16037
101968.708144
102110.215251
102514.925137
102292.391325
102415.538549
102515.002922
102620.426528
102698.775432
103090.312194
102928.103731
102992.008813
103406.051383
103473.400889
103290.696371
103380.732401
103803.524036
103881.832944
103696.172391
103784.061541
104231.585143
103999.686301
104070.497545
104490.917422
104289.276361
104413.045568
104813.949924
104603.597209
104724.500694
105108.69028
104898.897146
105035.339424
105117.063641
105185.490853
105302.847197
105697.750742
105803.121703
105905.685794
105704.690161
106071.691747
105905.613682
106289.689339
106370.551349
106487.973655
106595.080463
106409.205572
106793.822247
106914.25141
106731.064694
107101.146375
107206.265089
106999.71381
107086.433285
107172.300435
107593.987475
107390.06329
107476.590041
107595.703725
107979.297448
107808.784691
108221.134115
108029.521741
108412.279112
108499.42879
108279.234902
108687.941712
108500.985627
108911.975708
108712.840521
108817.748072
108906.688264
108973.472849
109112.40751
109194.006143
109331.78534
109414.05552
109791.824677
109601.887305
109971.954928
109810.9366
109879.505348
110260.027904
110107.135593
110497.085374
110558.334796
110400.714668
110820.062909
110918.577472
110997.703949
110808.557798
110880.522693
111326.91351
111098.435132
111217.295536
111337.884417
111398.035692
111821.92985
111590.558441
111716.280483
112125.780975
111858.551187
112281.525792
112415.03472
112187.657207
112582.373272
112431.969335
112513.11361
112586.41312
112682.467075
113106.204154
112885.850983
112991.591627
113100.101963
113234.591269
113585.828107
113400.465752
113533.286501
113612.077212
113679.073842
113812.159839
113894.64172
114302.993712
114396.854906
114197.94921
114605.490863
114378.352444
114816.508469
114615.009609
114686.698639
114810.796069
114903.409123
115314.920405
115103.401107
115519.627814
115329.806253
115390.567684
115791.345901
115912.314284
116010.521881
115792.337284
115902.707457
115986.720127
116403.881416
116201.816732
116314.428995
116688.454203
116830.153804
116553.096666
116704.297152
116824.965245
116900.3964
117029.150532
117402.533827
117470.04893
117298.828473
117388.311078
117760.429799
117611.201402
117715.176846
117838.500296
117892.87205
117987.749583
118381.111157
118516.787802
118601.144482
118704.788182
118793.458563
118888.860881
118998.921335
119085.593767
119221.391466
119020.208635
119131.324254
119217.800673
119316.282618
119419.757069
119507.666067
119596.574986
120014.820391
120104.763662
120195.165013
120004.315973
120111.571072
120485.060074
120298.166311
120706.767327
120790.970348
120594.469765
120688.183234
120785.065591
121206.465447
120986.614824
121114.041102
121500.686241
121321.694131
121704.263667
121788.824068
121581.024971
121711.737697
121830.834116
121915.762843
122016.363334
122100.220419
122192.109664
122621.134039
122393.819054
122480.114432
122564.211199
122687.501994
122810.045724
122911.936555
123284.390227
123110.398862
123222.338117
123302.943983
123678.940247
123786.501858
123625.309869
124016.806755
124104.218591
123911.512225
124291.356273
124430.963656
124222.996822
124319.064482
124372.363581
124499.088772
124885.885497
124738.321986
125094.198245
125191.305387
124970.268639
125072.25324
125482.68818
125616.896514
125394.777077
125523.506227
125596.784346
125670.942082
125851.864715
126230.078521
126029.028868
126395.971782
126234.346071
126582.140624
126731.157071
126496.072622
126628.761002
126713.329464
126740.639386
126916.179369
127027.706488
127407.154056
127511.369736
127618.582144
127687.617554
127476.221124
127912.44542
127692.853219
127791.257668
127890.327073
128027.930637
128370.978934
128532.450507
128340.079925
128384.061274
128805.592889
128919.39404
128727.568271
128797.202663
128898.914353
129005.491607
129079.021525
129523.565485
129549.959517
129415.123082
129506.195095
129870.764235
129678.237587
129821.944697
129865.726452
130001.852863
130088.286177
130225.454973
130593.159741
130645.399434
130823.47074
130611.907386
130704.352151
130799.037476
130916.190681
131309.407291
131107.378044
131515.201378
131597.317827
131719.607558
131790.841342
131887.27422
131707.32561
131795.262665
132179.292404
132006.130428
132087.184074
132183.455129
132585.833485
132379.540613
132529.353062
132626.103659
132693.036467
133092.039665
132883.123465
133018.297944
133407.585909
133210.529745
133299.931484
133416.368669
133778.438691
133586.719391
133712.53164
133788.834943
133913.127077
134008.375933
134406.906793
134553.48874
134589.394613
134716.707844
134826.286717
134619.702886
134701.496272
134795.565082
134888.043521
135002.519959
135111.237006
135219.075944
135283.040694
135430.21104
135503.953939
135591.219993
135674.069431
136072.018527
135903.589744
136280.933112
136074.465462
136170.002831
136312.372264
136715.76807
136759.232051
136888.964893
136655.232821
137122.220838
136913.557915
137307.240714
137128.230486
137465.63432
137308.628478
137383.274178
137505.366974
137893.828515
137984.833008
138096.417954
137889.599988
138307.159434
138113.705672
138200.192338
138606.64124
138710.429244
138811.182924
138900.290021
138718.806952
139091.482391
138900.606796
139012.618959
139394.282456
139223.004551
139611.476893
139384.218065
139497.448211
139617.272161
139702.266211
140104.627275
140215.795564
140314.449779
140111.537017
140195.929986
140315.076228
140395.115681
140477.159337
140899.552097
140709.846171
140763.890839
140876.566379
141288.345625
141062.402797
141458.239398
141286.687686
141356.903971
141531.920943
141598.742031
141702.826503
142152.425644
141885.668272
142327.439642
142104.239794
142492.768244
142579.455825
142670.179493
142519.451797
142934.792857
142683.069131
142807.437261
142908.361935
142991.335228
143383.78329
143206.596598
143583.327926
143380.757396
143481.053379
143921.288783
143973.213986
143782.888752
143910.438459
144300.531447
144419.569986
144209.872582
144595.519623
144424.541802
144799.617959
144599.689406
144713.059339
144807.27797
145139.59669
144968.773203
145371.395349
145507.180211
145591.169789
145405.656264
145768.493385
145897.438677
145746.245608
146115.165034
145876.497255
146320.054559
146108.275297
146511.858777
146320.517001
146675.791981
146505.087608
146580.726895
146718.169406
147117.389435
146906.784588
146993.454063
147096.366077
147198.75187
147290.59698
147735.542008
147482.0328
147602.814277
147740.077088
147761.353788
148213.4779
148327.940057
148396.910527
148206.545638
148562.562985
148709.173466
148517.629272
148607.983723
149009.571488
148777.845623
149184.889097
149309.652217
149098.978753
149230.832162
149312.514214
149403.796654
149496.852883
149909.104215
149702.592832
149802.469466
150213.601598
150235.04432
150097.685882
150198.292536
150291.007875
150717.316394
150511.869221
150604.512524
150719.444033
151102.635449
150894.122011
150984.00821
151433.169189
151207.462173
151602.622637
151389.126639
151792.359174
151621.011345
151997.876815
152078.618408
152180.468747
152015.77533
152112.828528
152206.395124
152294.089951
152707.270687
152526.405903
152895.509215
152711.809717
152790.044896
152888.502435
153257.809045
153084.56915
153219.932061
153294.059398
153412.162701
153511.856059
153905.75987
153690.061988
153774.069057
153937.24115
153998.762701
154068.652342
154201.149181
154297.5614
154416.031937
154817.452062
154605.671159
155013.052684
155063.467099
155193.105227
154986.341343
155405.341879
155186.895328
155579.095078
155420.621764
155544.00931
155616.08027
155711.053504
155787.049642
156222.209841
156031.329748
156396.610806
156502.837897
156249.130142
156420.231188
156494.751532
156594.454449
156725.585773
157134.090366
156930.305562
157001.394022
157068.546349
157203.408233
157607.853003
157385.681584
157507.550482
157877.091197
157968.235162
158117.95609
158179.285287
157994.747056
158399.579322
158535.02906
158584.958668
158410.109567
158820.603824
158909.458058
158712.416149
158813.318227
158939.036381
159018.777649
159125.950356
159491.757691
159603.642718
159710.656273
159804.589491
159604.214924
159967.565917
159805.665236
160214.610818
160326.825079
160390.343376
160200.677835
160582.679808
160426.941067
160488.646709
160881.605849
160706.433613
161114.389505
160900.005711
160963.308418
161111.186756
161227.20189
161315.654941
161389.960376
161491.745245
161623.357324
161708.761022
161789.130538
161897.107531
162004.850859
162402.916687
162190.876578
162287.459749
162411.612807
162493.60445
162917.297467
162997.404424
162770.310443
162875.207504
163320.280795
163398.344484
163460.399751
163328.103935
163702.61034
163517.588499
163603.236112
163681.972946
163793.852825
164170.916634
163989.903241
164431.712947
164512.330099
164612.508421
164389.826354
164493.169633
164901.677895
164717.342819
164800.304426
165185.962413
165274.5678
165435.224453
165210.857948
165597.702883
165714.609025
165505.278631
165586.438884
165677.096885
166112.323528
166187.346657
166291.329575
166408.705075
166216.241226
166583.455281
166388.293299
166778.407256
166593.817153
166983.434077
166810.135276
167195.386368
167284.230581
167092.770352
167200.262471
167584.534839
167403.729002
167494.157431
167595.161051
168008.95936
167797.905461
168177.587884
168267.719972
168073.275533
168485.535619
168290.819155
168411.413823
168794.942608
168911.833104
168994.41812
169091.868034
168897.384656
169265.277161
169405.193616
169181.917249
169619.020941
169432.912965
169486.966183
169921.000309
170004.937601
170094.726295
169915.323034
170314.635205
170103.214107
170464.469542
170305.005464
170722.095285
170483.881164
170916.904682
170666.353031
171095.101798
171189.77443
171261.09637
171093.121328
171207.998777
171295.17718
171393.890523
171478.177311
171930.003911
171686.520758
171783.473683
171912.69914
172305.996134
172375.853168
172192.11088
172598.571575
172721.328144
172798.41616
172607.345926
173040.555715
172830.364618
173234.641108
173298.184688
173115.381523
173480.423542
173601.549439
173686.52653
173509.11022
173872.070481
173700.656644
174121.632669
173890.806012
174003.390986
174108.477206
174201.582015
174526.224463
174693.155606
174480.320152
174604.792867
174685.710675
174810.551768
174910.980568
174999.155935
175390.69784
175492.124565
175591.151773
175392.403281
175502.273008
175903.654515
175699.722662
176102.918001
175904.139477
176025.124186
176099.760464
176510.271305
176316.701945
176382.8094
176823.19914
176874.14593
177005.600482
177113.611797
177198.5857
177277.282512
177048.821562
177514.124514
177316.02129
177419.052514
177485.027231
177640.566934
177738.173204
178093.059312
177892.793462
178311.426294
178093.846494
178192.030713
178305.409277
178371.896727
178513.710183
178627.855637
179035.139137
179100.252952
178908.718027
179298.929349
179390.396309
179486.012966
179565.782878
179691.467479
179473.990067
179605.180797
179691.986697
179809.381798
179870.939254
180270.312065
180401.986491
180189.593509
180307.865325
180417.182751
180827.304453
180877.050476
180703.678057
180795.551672
180899.436524
181001.752487
181118.188686
181509.096361
181303.857645
181690.109157
181786.436798
181607.598974
181720.352689
182118.32358
182180.770632
182019.964639
182116.27919
182473.008957
182630.521245
182743.734695
182497.798183
182908.015101
182693.134732
183109.304899
183225.75326
182976.904637
183124.587263
183196.034484
183629.198852
183712.119601
183494.842394
183581.021566
184017.301642
184102.283821
183893.254939
184017.384668
184133.77713
184213.969731
184296.208734
184689.748747
184474.510452
184902.117233
184970.063257
184795.932421
184889.628702
185012.033295
185112.701598
185191.215863
185612.252271
185411.824254
185496.50476
185889.97122
186008.782132
185804.526277
185902.723563
186280.772704
186088.862757
186506.447479
186607.772925
186705.499825
186784.428882
186912.555556
186695.430656
186824.552249
187187.867108
187313.612372
187091.416318
187511.713061
187575.331663
187390.459788
187475.230138
187584.268607
187983.165376
188116.528993
188220.257543
188008.794936
188111.123789
188494.810891
188301.435527
188415.435935
188478.109777
188883.629164
188701.728499
189099.717196
189197.789349
189311.744807
189414.178594
189196.814518
189293.654229
189414.97384
189781.737673
189636.895912
189699.283934
189849.627754
189890.221194
190319.057875
190093.141353
190500.633224
190594.746511
190709.640614
190794.279906
190953.386152
191035.394693
190800.662827
190922.598764
191294.329541
191412.715867
191493.870937
191302.464072
191418.23539
191780.379566
191910.414834
191701.511199
192152.756719
191885.466144
192289.259962
192410.284549
192512.406644
192596.318462
192393.678042
192827.639579
192610.189632
192993.179001
192805.672277
193211.240811
193010.391462
193094.781647
193190.439725
193301.669226
193397.872082
193505.228363
193886.829311
193696.591972
193799.254427
193885.583046
194246.111843
194441.485943
194214.135986
194309.077996
194713.522535
194837.59742
194902.815219
195026.967272
195099.521097
195193.967412
195305.187696
195360.176918
195183.05126
195284.296754
195386.981819
195507.247505
195897.712988
195719.861703
196113.6989
196202.876107
195987.847398
196135.190894
196208.645327
196299.446234
196710.613628
196802.974735
196602.238088
196995.019543
196782.703475
197209.872712
197011.612965
197408.52702
197172.309484
197609.768039
197392.534214
197791.180607
197921.68946
197709.324885
197819.535027
198179.219163
198316.343569
198116.817749
198468.090843
198326.035643
198394.034307
198812.312896
198607.643586
199008.07882
198826.741396
199223.476726
199013.617227
199395.115759
199468.005239
199564.622469
199432.630177
199498.225159
199598.84003
199685.494618
200075.843133
200224.305872
200285.206855
200389.428242
200502.835658
200318.913483
200380.408857
200515.511423
200609.227694
200720.127169
201101.273362
200900.166819
201007.390599
201083.240814
201468.401898
201551.801446
201391.95056
201804.117852
201875.031866
202000.906554
202051.803094
201884.663366
202310.30723
202103.271192
202224.456011
202585.919634
202755.282754
202806.038078
202609.479303
202696.285746
202817.864139
202924.80925
203012.200467
203097.104598
203202.743429
203606.586293
203438.600127
203808.580891
203908.309182
203980.041041
204083.2438
203880.379297
203980.350087
204086.4909
204487.53609
204632.143998
204730.503278
204468.939221
204628.815462
204978.554624
204806.0287
204875.894657
205009.453285
205109.518639
205468.23028
205282.056956
205380.590153
205496.062236
205617.888465
205698.235791
206116.401145
206167.697531
205983.082877
206403.259605
206231.651592
206590.696432
206405.793448
206538.453038
206598.553274
206709.441627
206812.679412
207191.37204
207294.292213
207399.566933
207505.225587
207327.588867
207442.529806
207498.994214
207615.8142
208011.439399
208122.854409
208206.711443
208000.308206
208079.600308
208196.310382
208630.397755
208411.349486
208508.955972
208875.995507
208716.463514
208786.014995
209203.180525
209013.664157
209394.277217
209206.013742
209280.239176
209384.882873
209493.176589
209604.204096
209979.894583
210060.292437
209889.675292
210005.200313
210404.287046
210194.951469
210595.903939
210421.014432
210782.416949
210612.67
210720.984942
210830.240641
211203.850883
210960.519033
211086.301754
211214.904307
211275.545114
211398.863881
211507.90186
211930.677371
211724.953585
211793.405422
211907.586221
211999.860659
212097.372856
212181.502994
212310.661542
212392.250567
212804.608147
212612.06654
212675.64418
212847.784031
213239.005565
212970.327553
213120.46641
213198.00854
213258.263728
213366.133112
213536.666696
213879.760511
214001.563334
214101.191727
213879.203702
214009.568207
214074.866234
214476.005713
214298.580422
214709.471548
214824.513828
214881.594967
214992.416221
214797.713203
215193.968846
214999.980226
215085.260347
215191.36528
215286.715407
215405.111375
215792.472704
215943.633872
215985.057243
216080.434575
216221.265066
216015.424108
216117.085131
216204.325621
216274.141501
216703.818252
216496.350587
216604.66327
216697.729172
217128.149006
217170.921978
217300.997404
217362.079147
217212.293804
217324.890799
217374.269868
217791.385227
217599.045337
217976.329447
218079.845543
217921.624134
217995.023935
218381.429569
218241.045024
218290.805588
218684.908174
218499.274502
218924.58526
218700.494344
218800.13955
218918.639763
218990.939148
219411.102746
219213.600811
219300.606401
219717.091185
219812.742653
219585.047289
219675.215068
219794.091346
220190.402987
220271.02184
220107.717194
220205.763232
220328.580646
220690.317274
220494.927033
220613.38209
220707.091093
220837.260432
221234.999667
221000.17122
221081.778048
221250.328775
221301.889296
221399.889767
221510.784361
221887.339691
221711.220516
221820.694904
221911.945501
221989.648564
222104.554687
222143.996303
222287.71493
222694.202229
222756.111056
222596.583598
222968.20057
223089.25302
222890.877634
223303.980094
223126.151123
223225.102529
223557.565526
223410.486416
223794.158087
223917.011003
224002.85661
223815.1474
223922.920457
224265.823012
224100.473728
224233.335708
224329.781441
224403.221969
224775.564901
224591.796549
225005.259323
224800.667914
224913.870564
224987.825696
225093.862313
225183.060404
225614.499483
225688.384655
225827.61882
225609.588846
225670.402074
225805.460041
226173.068093
226023.66198
226114.82972
226530.46907
226315.165626
226732.192626
226529.300474
226618.969004
226701.455702
226771.454614
226942.886219
227011.778838
227086.191059
227479.485964
227309.438152
227413.176265
227502.879618
227597.00417
227991.639875
228111.216717
227900.175553
228266.094717
228094.996388
228194.131823
228298.116353
228707.781195
228516.690354
228550.165321
228719.929691
228825.237398
228923.657847
228986.566513
229113.754861
229196.914177
229319.470656
229746.908802
229514.095953
229592.50835
229717.867535
229804.2356
230207.500589
230016.098909
230435.129505
230513.150817
230305.74518
230419.132827
230520.843179
230596.746308
230688.947952
231112.47552
231202.585502
231002.426295
231123.512062
231189.451481
231314.238751
231411.719715
231796.852189
231917.05308
231979.607719
231806.588549
231895.442563
231994.253224
232391.167802
232198.896565
232323.128797
232693.224402
232494.55869
232890.493801
233005.143358
232813.932725
232888.0913
233008.77883
233386.695491
233199.459442
233562.2516
233384.900446
233813.980157
233623.442082
233709.834383
233788.866541
234199.022975
233983.742056
234098.25623
234506.623678
234280.499528
234418.175862
234525.048274
234599.669983
234994.103655
234796.273712
235183.421668
234989.263714
235404.403704
235491.772339
235311.431037
235389.997432
235492.295395
235614.784181
235703.746356
235781.07439
235884.261212
236280.592005
236390.72036
236216.737791
236266.355533
236708.895608
236819.709354
236924.216656
236987.712397
236799.358479
237234.065688
237309.415635
237457.183575
237172.574119
237584.147666
237703.200837
237806.666309
237624.292043
237699.4103
237806.853551
238196.656222
238041.642782
238103.978703
238518.259531
238630.917184
238432.384336
238747.370146
238883.840778
238675.082402
238801.134273
239214.183364
239263.890674
239112.326537
239230.096635
239286.157288
239399.402706
239506.286534
239885.312276
239723.651048
239794.36061
239913.586392
240033.428607
240408.045833
240459.570019
240290.924987
240714.59259
240468.83194
240616.645987
240722.890219
240800.792263
241199.692158
241006.375343
241363.635847
241206.196368
241323.694002
241392.934166
241517.086752
241600.132848
242003.029595
242085.410875
242175.955042
242332.411081
242383.256599
242202.432347
242583.260633
242387.819662
242509.94745
242609.094721
243032.079476
242808.165052
242907.511275
243307.717543
243080.743776
243492.191686
243625.507585
243399.070142
243480.17901
243572.534072
243689.26424
243760.750045
243905.419534
244008.896265
244143.756396
244518.908306
244284.026901
244412.115081
244793.662172
244630.769282
244991.6168
245091.730388
245235.322704
244996.177951
245126.179847
245486.045006
245603.397329
245730.914374
245519.205802
245618.799143
245678.445233
246082.583462
246201.61966
246039.54617
246086.787468
246260.797762
246585.97529
246708.882905
246822.242485
246602.44659
246693.310623
246797.855627
246927.169318
247010.60966
247089.190216
247523.705585
247615.649118
247425.218263
247499.777791
247888.939938
248001.378853
247785.236339
248212.655383
248278.910335
248403.344193
248229.514545
248327.003903
248736.433708
248501.752563
248586.9658
248982.241795
249113.451969
248884.324534
248986.644752
249109.479203
249496.435977
249606.549814
249663.355253
249497.239021
249605.556111
249723.931037
250095.35303
250241.927996
249986.519732
250121.762789
250202.054555
250296.74454
250402.387459
250824.308096
250899.68729
251005.407739
250775.124125
250900.656925
251017.99221
251384.428567
251486.745373
251625.197405
251382.483283
251507.340449
251605.464952
251693.319836
252105.38457
252214.087785
252022.364868
252103.954452
252513.171666
252319.297112
252723.996938
252799.382346
252600.794745
252678.707526
252805.721044
253191.048337
253004.41083
253101.081131
253497.739986
253586.455191
253752.447733
253509.925456
253602.07049
254005.943342
253801.853051
254216.038534
253994.483863
254096.730204
254196.644182
254313.441803
254379.443438
254788.334589
254896.559099
254975.260225
254779.88441
254893.266606
255004.891049
255096.716643
255202.805815
255319.502806
255711.994413
255812.170002
255855.679535
256017.601718
256081.622332
255913.056335
255999.508064
256400.424427
256194.151696
256298.03469
256399.885544
256523.344048
256895.299959
256688.954746
257059.635022
256873.566828
257003.309242
257414.143107
257182.087864
257607.978574
257403.145446
257814.544319
257627.644459
257727.249751
257811.802511
258182.459959
258329.55334
258402.695279
258503.025982
258298.364794
258396.667758
258475.86109
258622.431915
259018.325442
258823.727221
259180.942037
259305.130264
259119.049432
259466.258093
259271.678272
259372.27424
259773.722752
259609.381941
259696.593185
260093.478851
259894.212048
259995.772698
260105.015078
260220.631594
260614.593686
260414.479137
260493.167639
260575.706328
260695.42764
261103.038142
261172.252412
260996.996682
261382.33149
261517.156597
261293.193507
261707.157093
261495.772091
261597.610454
261973.569688
261810.495913
261911.451652
262282.714433
262420.106949
262183.241411
262585.83812
262703.083091
262800.019233
262600.043474
262689.180508
262797.435193
263207.682156
263299.68789
263085.84936
263511.968115
263304.862481
263379.44487
263815.447836
263917.198251
264005.08338
264118.666287
263890.871282
263986.444519
264071.090439
264200.222206
264298.435801
264417.440414
264804.37984
264583.833835
264696.079239
265127.326374
264912.628364
265007.469527
265094.580095
265511.858936
265623.405196
265706.908906
265827.429107
265919.645978
265994.985862
266108.359193
265903.007536
265989.774319
266132.460146
266190.9535
266303.75825
266396.043411
266487.553667
266592.630659
266982.152328
266824.157717
266910.029497
267285.289121
267080.618449
267196.28713
267592.559858
267397.834496
267507.13581
267616.348825
267697.321023
268085.409751
267927.376969
268293.151105
268092.048829
268178.942915
268599.585045
268686.273632
268784.814037
268889.619856
268984.65181
268835.914852
269200.223774
269281.080693
269405.682461
269548.71931
269308.006299
269688.085853
269785.386376
269898.277481
269709.80447
269816.820027
269895.910947
270013.634604
270099.783845
270518.277479
270303.788207
270433.642993
270801.194808
270612.964973
270992.931293
270786.62283
271207.908543
271013.25488
271110.826152
271491.463217
271323.556801
271408.850324
271804.606852
271598.034186
271715.129135
271787.703837
272166.782424
272014.796636
272111.945404
272491.787588
272256.878616
272378.80966
272535.562423
272872.97962
272999.285188
273056.259395
272883.159453
273030.793547
273076.367382
273549.956904
273608.658949
273697.864099
273520.30926
273587.034821
273709.00986
273804.304065
273891.624488
274023.693385
274405.161364
274217.946555
274301.75273
274711.381446
274840.14106
274887.965543
274669.188754
274781.68396
274897.130678
275297.642719
275117.511959
275477.100875
275281.489425
275689.08107
275516.842843
275601.189719
275713.428973
275802.191011
275872.295166
276306.756782
276102.813939
276205.555379
276302.463583
276677.778751
276797.331488
276614.926628
277002.98751
276801.456283
277189.578758
276985.092748
277399.144977
277206.863264
277316.732177
277714.437423
277760.080854
277619.69516
277715.82094
278099.333891
278198.366372
278296.669702
278073.725665
278484.387307
278598.549326
278397.063794
278480.713934
278628.392203
279004.967941
278793.663166
278879.206097
278997.546956
279117.484712
279217.798133
279289.025527
279713.101279
279490.503451
279869.69366
279739.349706
279786.56529
280175.58755
280012.836055
280390.249794
280476.291269
280303.07403
280693.424323
280782.527513
280589.52321
280990.080649
281108.85134
280893.520236
281290.063303
281111.236536
281200.825201
281306.173654
281689.693314
281505.586896
281579.181888
282013.728074
281782.681065
281888.959801
281989.886934
282136.936943
282191.719815
282290.598392
282406.091412
282791.022548
282605.391791
282688.497276
283078.000872
282921.855587
283314.427195
283428.158237
283467.748474
283549.614022
283417.645921
283485.609821
283869.263767
284006.77336
283783.225744
283886.855082
284298.22384
284092.704281
284217.641385
284595.459923
284408.006331
284499.321431
284574.520548
284685.130905
284771.934524
284877.976233
284983.3376
285103.164489
285219.854104
285274.550651
285409.876786
285796.246688
285883.292064
285693.97479
285796.187289
285910.870254
286302.526984
286123.99872
286489.759484
286312.344535
286408.247371
286507.360856
286597.904506
287021.368039
286833.464258
287231.840337
287333.291256
287403.895669
287156.14445
287580.904609
287406.294654
287506.661939
287594.439667
287681.911817
288123.944155
287891.967373
287988.819401
288129.677265
288190.882572
288280.631873
288672.730243
288494.846795
288903.892069
288688.017585
288779.637617
288921.267827
288981.291609
289383.325306
289499.347751
289602.49825
289397.776011
289518.99652
289603.277662
289704.675601
290127.281622
290213.10728
289996.089514
290100.155036
290225.386786
290652.63303
290701.263756
290505.787045
290585.158464
290666.608919
290804.598425
291204.304887
290986.458222
291431.062172
291507.783162
291261.560821
291363.274442
291501.974997
291564.067368
291974.996344
292086.246084
292177.077485
292011.607628
292131.743799
292215.153818
292321.930908
292717.252756
292489.502457
292906.709259
292719.404543
293087.09512
292897.588942
293298.856869
293123.607711
293191.055991
293590.209735
293385.179959
293528.567239
293919.805307
294007.308092
294113.143902
293890.236315
293977.174242
294113.118824
294205.596908
294626.313376
294686.69696
294524.430669
294630.444093
294708.041549
294799.230057
294895.967556
295004.37949
295086.027959
295216.752923
295299.476381
295412.255331
295793.168354
295931.840002
296010.878659
296077.555538
295899.436308
296323.718883
296390.649683
296189.882708
296287.846296
296708.335593
296539.000974
296864.737587
296743.24059
297115.089098
296889.067246
297300.801248
297097.274324
297194.125522
297309.340656
297378.896277
297536.103362
297583.576842
297710.553142
298101.712415
297891.338714
297997.243568
298122.835052
298534.193041
298301.584837
298680.210013
298462.337999
298620.918323
299070.911989
299108.260224
299184.08863
298981.749785
299104.470613
299193.636746
299566.547998
299721.32452
299460.758256
299897.271374
299718.142751
300124.883133
299884.27929
300279.208855
300103.696825
300499.370405
300577.933023
300381.438674
300480.481503
300894.336549
300670.510158
301082.800347
301197.172474
301020.12365
301401.992206
301215.923305
301310.51373
301718.917665
301504.136053
301627.234581
301690.61401
302097.004823
301902.693416
302003.394923
302093.624354
302221.364253
302316.141734
302392.542967
302783.696377
302911.763147
302675.928179
303112.461746
302891.215895
303278.633263
303421.237593
303448.458873
303280.375649
303696.236198
303480.646664
303606.74911
303685.73819
303785.294388
303865.487905
303991.552272
304148.29191
304233.68262
304284.821857
304387.90883
304833.421961
304935.770795
304686.769713
305078.42869
304887.709748
304985.682275
305109.215881
305192.174522
305605.168927
305401.238448
305796.23917
305860.013012
305685.583299
305796.444588
305899.922467
306012.366009
306134.724288
306208.02485
306300.146134
306400.179142
306785.9118
306594.384811
306992.077509
307119.040618
306901.236562
307019.885695
307119.269916
307504.675302
307566.474347
307388.739057
307515.338592
307916.770156
307972.614411
307815.922548
308187.34983
308030.267412
308405.314743
308220.931567
308291.804768
308686.76523
308820.445123
308868.997686
308685.196608
308788.794505
309216.402188
308991.75632
309408.501054
309506.467649
309606.571627
309723.782171
309815.681128
309602.290307
309987.430695
310104.043251
309922.907512
310288.307544
310383.891934
310185.288271
310265.257434
310403.092583
310486.226744
310619.140637
311058.058962
310811.597425
310892.727113
311291.33204
311136.751277
311177.430057
311309.969199
311405.867424
311489.189726
311902.412398
311676.568751
311796.49767
312219.160283
311961.236868
312086.882397
312158.522831
312308.417088
312416.655897
312534.780148
312608.018717
313014.736379
313097.679154
313209.270925
313296.65029
313091.37172
313497.103127
313323.353009
313435.091444
313772.222603
313594.217547
313983.947097
314084.47146
314187.519981
313988.827237
314428.216427
314195.305555
314277.693196
314392.441923
314482.823265
314583.761316
315003.210735
315063.515498
314921.779459
315250.791109
315097.59856
315220.946546
315319.366724
315408.637124
315501.688063
315916.587103
315725.452523
315802.471734
316219.690233
315982.762312
316407.114874
316192.970155
316292.271113
316697.254857
316804.491626
316893.091689
316698.720883
317116.15204
316884.724501
317299.724721
317108.013247
317187.391131
317293.551991
317389.969255
317533.606476
317613.091158
318030.164335
317781.183752
317908.028778
318017.656789
318101.46348
318494.045765
318598.496201
318713.59061
318508.190632
318611.074715
318692.198846
318796.69328
319231.902261
319034.615454
319090.574393
319478.610521
319292.741814
319717.867209
319497.823773
319920.805604
320001.02063
319799.013876
319928.914164
320007.154687
320102.807085
320478.488311
320560.832795
320398.762874
320824.536272
320570.221656
320991.28258
321091.045778
321186.658814
321027.811415
321103.251776
321521.500273
321576.372546
321397.677317
321808.510464
321613.49583
321719.67959
322072.235675
321901.827395
322292.31459
322417.674309
322195.598917
322599.650615
322715.017218
322491.743723
322586.243715
322717.018901
322772.815161
322895.528694
322987.893214
323381.038006
323223.031527
323324.370768
323713.749856
323800.06829
323927.187712
323700.170686
323832.907909
324209.204423
323997.749074
324435.51068
324193.762835
324596.871141
324396.157179
324511.846513
324913.822667
324992.711785
324786.175393
325167.032475
325334.058214
325076.275955
325215.680599
325310.954026
325673.55962
325543.541325
325619.795923
325706.260372
326097.119227
326236.284818
326316.091065
326095.500995
326503.711757
326299.543086
326688.874138
326777.903567
326914.060418
326691.799624
326809.491641
326921.029398
327292.337931
327376.479906
327490.558318
327297.135641
327414.511799
327477.516338
327627.731951
327720.088825
328108.505058
327907.101625
328283.173004
328406.53704
328178.243481
328623.852203
328719.369204
328490.655323
328628.51263
328690.146021
328818.437675
328922.681974
328989.990318
329096.688808
329174.902122
329591.15605
329704.799541
329783.499211
329873.306233
329981.116469
329799.607039
329917.299779
330304.715473
330362.416216
330167.418538
330292.595164
330385.641498
330481.162951
330898.109343
331013.798988
331101.946362
330916.592046
331310.022789
331118.516134
331537.774676
331302.636722
331677.255831
331782.975817
331637.316318
331994.353595
331799.778829
331884.678125
331981.674365
332408.988511
332502.591361
332293.443655
332690.907507
332494.851056
332938.069023
332956.12923
332793.627524
333217.605033
332983.651578
333117.011676
333514.357035
333591.490602
333376.840401
333802.580624
333598.039204
333671.897599
333845.987019
333924.405685
334005.758194
334130.753473
334233.641047
334598.593248
334408.143619
334491.121994
334860.179464
334964.684658
334807.263612
334929.333202
335286.247161
335109.766091
335197.904675
335328.610386
335414.394165
335514.105936
335604.507555
335676.019318
336106.598275
335921.934959
336306.880271
336091.157957
336538.616034
336298.828296
336706.117332
336527.934477
336890.783873
336709.354066
336809.935809
336925.520926
337260.268331
337138.676572
337217.493358
337272.172332
337402.495037
337765.999061
337878.911808
337713.77305
337812.039047
338208.887183
338009.388333
338132.620966
338543.977498
338335.63697
338696.955706
338807.154218
338592.901007
339010.725601
339124.952591
339198.621636
338996.988506
339093.992099
339234.156716
339284.203414
339414.639008
339799.750821
339600.583789
339733.986408
339790.222119
339897.971474
339991.843913
340123.003555
340191.182053
340310.622585
340416.210677
340475.442812
340597.085355
341008.000981
340764.748451
341153.942191
340969.495546
341392.87652
341224.917412
341332.591999
341704.693956
341518.324522
341605.292396
342019.59515
341797.138266
342187.881376
342013.454513
342108.497747
342203.167593
342315.355607
342679.556404
342845.353154
342606.680698
342723.680439
342803.108328
342902.622058
342992.23246
343118.493727
343172.866467
343287.839729
343702.805409
343504.657648
343592.449281
343712.751177
344096.254097
344226.642946
344011.046999
344088.368716
344224.413617
344608.018062
344370.222959
344822.131296
344824.274391
344993.103823
344807.607729
345161.398086
344978.90337
345401.071069
345236.507398
345304.669088
345707.567534
345486.308806
345595.399047
345682.206819
345820.375618
345911.882018
345993.703167
346423.354543
346505.397452
346294.568014
346673.603417
346489.192778
346605.219552
346984.259987
346767.849032
346914.658926
347282.927406
347113.029598
347219.332101
347333.490684
347432.263948
347828.753716
347602.248454
347676.863596
348090.540229
348199.065959
348019.769422
348120.413424
348507.488101
348295.296103
348393.883306
348815.739353
348884.984482
348710.318137
348811.624589
348916.725497
348991.200593
349104.660603
349188.485946
349603.489583
349714.362744
349487.857316
349604.955721
349962.87983
349781.257546
350152.225336
350014.559919
350113.399361
350489.67018
350330.933313
350445.567853
350827.871605
350593.612198
350696.817043
351115.820716
350903.095602
351303.68915
351386.854543
351479.766135
351305.139821
351691.634936
351478.52446
351888.779311
351727.835179
351808.306084
352211.682724
352013.172232
352428.762773
352217.329224
352279.566572
352715.380038
352522.779239
352909.998417
352710.709989
352801.419443
353230.680217
352989.990335
353078.352509
353500.818161
353317.625922
353394.75187
353785.588377
353599.015314
353754.046781
353797.816239
353908.140116
353993.540587
354120.613425
354470.918684
354597.608912
354374.652359
354504.791357
354602.380709
354676.1481
355077.796572
354893.078967
355285.228389
355403.807182
355206.327192
355627.545274
355701.255818
355509.845723
355606.25144
355994.925321
356134.785435
356188.029381
356299.42985
356098.025754
356182.79942
356301.703587
356710.569061
356810.920615
356588.226254
356699.385016
357099.026043
356904.661937
357033.486748
357098.731742
357195.523604
357308.764381
357409.972021
357832.632175
357594.295904
357993.105743
358099.000122
357895.087754
358309.742101
358103.948366
358548.551724
358306.642049
358417.582779
358804.73712
358597.052567
358671.105937
358802.437966
358868.700109
359011.161717
359376.752889
359502.432614
359277.673757
359406.441764
359499.81843
359602.827201
359707.989391
359784.928846
359925.590388
360014.384513
360401.675318
360211.707899
360577.443312
360392.361078
360469.630294
360572.236169
361018.12684
361109.391793
360882.668825
361006.504131
361078.199919
361498.791541
361567.38448
361384.927127
361487.107397
361602.628572
362025.369232
362093.397622
361896.943269
361987.725798
362410.587987
362196.37098
362283.142114
362727.905347
362474.684676
362605.61166
362691.449001
362823.920293
362901.051204
363299.394048
363079.331355
363200.50997
363304.715311
363697.481667
363512.991851
363617.644334
364013.006642
363773.8991
364207.521394
364019.150945
364434.432125
364203.653251
364594.292416
364709.874961
364467.34226
364860.275791
364713.595629
364788.952961
364919.758593
365307.040403
365417.861396
365483.732932
365314.729511
365411.371625
365466.870873
365868.828088
365705.362393
365796.746356
366213.984521
366023.705799
366363.937279
366202.24748
366603.908697
366374.713134
366829.993526
366898.807604
366742.382444
366775.789397
366893.966118
366974.36359
367122.337481
367448.385983
367283.380977
367680.977438
367527.084632
367597.80714
367678.913382
367803.291122
367884.696356
368295.978272
368087.582537
368208.059626
368315.315885
368417.417198
368503.299357
368607.917369
368707.218142
368811.017161
368868.38541
368993.863338
369401.266931
369205.47497
369290.132661
369420.343649
369510.199634
369613.86812
370051.33521
369820.527629
369902.76003
369992.723289
370092.218333
370191.511422
370293.458394
370648.408122
370796.671056
370879.599312
370707.909624
371098.645926
371193.385063
371281.86948
371391.871358
371520.14743
371289.127092
371703.78418
371524.384993
371568.98093
371690.877225
372117.26912
372193.611701
372258.419642
372065.981606
372481.83521
372616.243483
372389.985869
372509.003984
372916.035043
372699.102147
372801.700392
373183.005531
373314.186366
373127.27023
373497.095396
373612.446423
373409.616535
373511.932326
373874.618224
373710.096889
373817.851381
373926.385807
374307.798032
374106.474382
374195.327595
374305.282064
374391.999958
374761.295849
374616.413069
374710.435
375102.444658
374926.137913
375265.513685
375393.943797
375190.321109
375587.625332
375400.93527
375512.521285
375611.30133
375687.411588
376095.888469
375914.976998
375997.455504
376094.771784
376195.172919
376290.901794
376381.693972
376514.978755
376591.130854
376739.773484
377082.260217
376907.467761
376989.22271
377093.842067
377194.200738
377269.923897
377667.742587
377511.65761
377902.033819
377693.225765
377819.684458
377900.609596
378022.859131
378063.827604
378187.218213
378616.376072
378418.432719
378508.626349
378597.781523
378691.236946
378799.594518
378863.778531
379252.550896
379137.023256
379516.292483
379264.998002
379417.645534
379831.821569
379921.30766
379680.298595
380079.285991
380212.40901
380310.116243
380383.363545
380210.978402
380285.61583
380397.77817
380486.356128
380876.791376
380698.081796
380831.71177
381194.908197
381319.619648
381393.158276
381197.376195
381296.571703
381678.550634
381512.983653
381579.289027
381682.909783
381770.585975
381895.216715
381985.527031
382390.848005
382505.915745
382294.769685
382423.7217
382465.898266
382874.301957
382697.110049
382810.388276
382912.481822
383295.064896
383115.41783
383206.891495
383644.770606
383723.968958
383802.49066
383595.926694
383691.675698
384086.095994
383926.271113
384310.588319
384107.009506
384156.716262
384304.289608
384395.648348
384486.969203
384626.271563
384708.69082
384799.678944
385204.68165
385286.588319
385093.735788
385210.762782
385329.451679
385698.96071
385806.40587
385576.723367
385687.601704
386114.621066
385910.313721
386007.960397
386093.976816
386520.305794
386303.101549
386692.488203
386796.780723
386947.716684
386716.007344
386785.589897
386886.174137
387006.13641
387094.454965
387508.307348
387634.37259
387396.902041
387508.646883
387925.866301
388037.06255
388086.563705
388218.012868
388312.482821
388117.647785
388193.091902
388332.013114
388413.689201
388775.402758
388619.308857
388692.60933
389096.966928
388921.14875
388991.660278
389382.51626
389491.839889
389319.028039
389404.830747
389496.96155
389599.231447
389732.263553
390085.855492
390217.297345
389978.320129
390393.562834
390458.239981
390301.256592
390711.131621
390802.010286
390595.41272
390692.343592
390812.217505
390950.099122
391034.443489
391071.116994
391189.326583
391566.35345
391728.341896
391515.51299
391572.645264
391722.690873
391804.407948
391928.371908
392034.750306
392113.635179
392199.96055
392292.110968
392407.863765
392821.314397
392907.720314
392972.34173
392794.87748
393195.386804
393281.316251
393074.367047
393499.873041
393569.271918
393395.088414
393481.510237
393623.935105
393701.70307
394093.260504
394194.750669
393974.051931
394122.41958
394182.370337
394310.672655
394678.135598
394802.307286
394598.896993
394980.838314
394799.081283
395234.942167
395004.166043
395111.846383
395446.431191
395324.234468
395407.693663
395808.324884
395579.628453
395987.190569
396104.816795
396220.685393
395980.773784
396399.999215
396206.010872
396304.381079
396720.293281
396495.335083
396897.455183
397021.12626
396795.159914
397212.889394
397311.333851
397105.366642
397514.358758
397312.52637
397713.003655
397793.243654
397552.674357
397722.172764
397793.357056
397916.577271
398022.726368
398409.385228
398218.223195
398621.107244
398698.717199
398509.534326
398613.967502
399004.687289
398807.630656
398893.946773
399304.171728
399399.074092
399171.418772
399587.384573
399702.187962
399756.788644
399579.665142
399694.723201
400099.009274
399925.592205
399978.83114
400398.819565
400227.081591
400292.097849
400379.569553
400483.428795
400909.00229
400745.972238
401084.929411
401203.312386
400985.929653
401398.088323
401174.219656
401283.893019
401392.703517
401485.054746
401602.248801
401730.761842
401833.362358
402204.837011
402278.881152
402092.483841
402215.119254
402316.903585
402410.325846
402806.53804
402592.736423
402951.5892
402822.623538
403243.511748
403308.86415
403094.246195
403518.624667
403299.372171
403378.806953
403794.379337
403932.148344
403689.120885
404073.008211
404169.519706
403992.519581
404081.222987
404188.657353
404590.882859
404378.457491
404525.280318
404571.495851
404720.885514
404809.617157
404884.186134
405280.183091
405076.485352
405178.122181
405290.501257
405407.083214
405483.958629
405916.176489
405691.226207
405803.40159
405907.902283
406283.745136
406407.343888
406521.063983
406621.787354
406402.21423
406521.556178
406625.574094
406987.059869
407117.721145
407216.977704
407009.478145
407380.766198
407507.698487
407638.479256
407422.759611
407804.308457
407878.037839
408033.200075
407795.840744
408215.626401
407987.461298
408100.231377
408213.639839
408608.275636
408396.793683
408503.16007
408606.446641
408724.51878
409080.711925
408914.429438
408976.422417
409106.685058
409504.828047
409323.006192
409712.902754
409510.409574
409591.814677
409717.943632
410108.487372
409914.314233
409995.260921
410095.663232
410236.402296
410289.853604
410680.036738
410827.769778
410599.602386
410714.504698
411053.82585
410925.288831
410987.708122
411132.096499
411208.674189
411299.132187
411662.802139
411809.980826
411892.976742
411710.713467
411798.127989
411899.524788
412283.188
412112.642434
412198.034644
412305.677956
412419.473684
412516.723095
412589.414806
412718.29657
412807.065226
412913.634962
413000.02313
413107.615396
413213.400804
413297.986049
413680.41886
413504.378345
413566.179832
413715.516937
414073.635775
413890.54123
413994.356708
414412.818868
414193.034459
414311.571654
414401.848667
414462.296421
414882.75112
414706.736078
414819.33704
414876.674815
415004.47603
415409.173492
415464.003965
415289.597636
415408.033525
415801.952504
415864.649283
415991.654556
415795.185235
416213.348284
416309.599099
416393.991894
416482.68907
416315.845947
416708.186801
416839.948942
416952.723893
416688.067239
417086.237297
416913.690534
417309.124772
417432.155121
417481.688333
417290.512466
417675.353948
417478.572741
417623.482634
418045.485395
418108.508016
418188.976647
418299.821712
418425.718437
418492.784023
418587.848117
418710.683148
418491.978035
418931.024279
419016.439356
418802.922049
419197.42006
418996.143885
419092.846119
419213.837064
419590.397306
419420.405603
419759.787129
419872.976376
419692.158543
419827.73716
420222.916877
420298.40452
420096.824123
420169.658062
420611.127235
420422.254016
420479.838392
420580.025135
421003.227507
421096.738311
420874.568165
421292.546642
421088.668724
421208.792246
421316.76748
421373.870073
421465.864822
421612.693709
422005.495504
422080.126018
421911.042843
422300.356619
422375.794657
422529.755239
422310.161614
422385.819429
422490.317578
422609.612274
422701.118398
423091.854192
422896.716472
423011.385476
423419.849956
423195.022176
423577.738733
423662.313507
423822.222755
423661.667392
423734.390001
423824.406898
423882.651505
424301.992394
424119.441884
424191.784036
424569.132647
424402.613364
424841.84218
424625.743245
424984.345187
425053.635424
425209.917027
425285.262179
425107.978123
425495.688883
425313.341921
425692.139245
425783.079997
425643.244634
426001.636931
425839.319233
425896.888784
426272.288003
426097.485051
426188.751008
426614.195415
426422.383671
426790.727025
426586.918372
426694.914348
427075.665926
427207.901534
427298.903961
427401.443316
427207.358016
427598.422071
427715.508808
427523.417444
427619.324515
427716.992644
427818.876337
427893.539004
427991.989926
428142.131282
428211.916342
428307.101313
428727.608354
428504.582501
428590.141411
428723.398777
429125.366139
428886.71349
429292.944732
429411.639828
429487.449791
429326.553004
429411.950822
429814.105762
429589.199266
429693.931349
430080.305656
430210.395146
429988.518857
430407.63386
430198.567879
430279.723052
430733.473262
430528.57069
430922.968921
430727.361932
430790.236875
431180.515043
431267.207458
431408.61242
431512.648488
431623.8069
431407.464017
431802.743961
431887.631314
432024.036049
432076.783005
432209.495876
431969.804036
432418.714182
432501.851304
432291.024817
432700.992342
432495.790144
432601.091514
432713.680806
433120.072019
432888.879016
433345.780021
433404.276936
433197.558266
433298.330573
433698.512367
433523.030958
433613.147353
434029.923195
433820.240363
433921.678781
433980.587405
434109.384423
434198.872642
434598.184288
434674.420701
434779.004206
434616.771968
434715.725616
434806.816162
434871.615062
435335.198543
435097.844444
435518.916745
435335.787336
435708.930292
435796.756675
435876.611106
435972.334921
435780.750188
436209.547056
435991.219053
436084.465785
436189.789019
436616.070704
436360.413743
436811.651127
436608.341858
436705.770817
437104.092243
436918.144369
436999.703703
437112.76814
437482.66062
437287.599103
437413.15671
437504.646667
437885.078914
437723.36797
437817.133691
437862.3441
437986.562353
438093.021441
438219.351829
438281.871653
438356.072046
438498.071631
438902.806702
438674.231606
438811.508758
439213.107924
439288.323457
439138.446561
439182.199278
439298.191957
439424.429213
439812.18531
439575.956306
440019.595895
439809.730373
439886.919268
440310.289607
440419.926088
440549.589711
440557.519227
440387.73961
440496.663619
440567.397646
440998.630203
441091.222725
440912.363086
441298.600709
441419.237637
441491.931708
441282.0493
441430.465348
441768.173884
441601.29781
441987.997832
441787.451938
441905.065339
442011.610428
442078.169441
442223.775581
442223.554723
442684.943567
442497.155625
442908.003923
442684.752308
442802.378307
442952.768899
442981.060234
443398.433093
443215.504725
443601.491188
443720.062355
443773.010788
443914.5189
443684.38048
444112.3073
443927.280438
443988.019156
444370.000693
444478.320698
444570.741453
444702.14587
444476.346327
444598.040428
444733.065503
444782.951768
444904.495237
444972.379449
445406.550649
445175.117392
445636.199185
445677.246377
445804.310836
445926.913206
445946.975709
445807.062861
446220.163379
446026.947134
446392.095725
446195.222089
446611.499602
446405.647394
446785.843467
446896.49695
446675.148828
446791.843089
446890.284489
446988.185412
447107.288975
447538.145462
447317.177876
447669.590161
447501.925495
447611.018564
448003.526944
447831.807451
447899.104124
448004.444621
448407.940123
448488.098987
448625.381074
448665.564736
448494.100605
448622.147672
449015.487491
448810.501459
448911.12732
449322.011364
449119.462113
449552.163295
449578.648463
449385.265279
449798.598383
449616.974346
449978.559055
450105.806868
450189.281062
449992.61731
450117.759264
450211.280376
450598.330663
450715.107861
450493.154061
450591.557198
450663.210254
451135.093389
450918.1552
451012.351435
451067.683919
451193.594138
451301.51726
451418.277996
451784.100337
451611.943965
452003.361191
451799.592548
452193.448346
451997.536931
452085.562327
452490.277604
452340.384798
452409.704587
452496.963825
452596.225553
452688.760813
452787.131391
452926.567155
453002.993115
453394.551636
453496.794355
453580.751618
453387.395218
453794.145751
453616.012322
453685.00053
453801.083561
453901.015656
454008.720868
454113.644661
454206.646003
454323.603214
454406.811455
454487.446949
454873.964985
455013.750488
454788.379334
454923.023269
455040.294481
455412.690366
455180.573628
455611.879432
455418.929609
455508.416127
455600.694269
455706.294231
455808.716577
455913.864393
456320.236792
456379.512166
456188.654719
456297.134912
456394.317087
456518.14629
456604.265572
456680.708014
456797.773037
457192.041607
457277.921087
457115.363194
457521.003695
457613.576597
457672.894151
457498.583641
457905.901689
457664.756308
457813.855507
457898.986837
457985.197702
458087.962468
458514.41581
458587.209624
458426.812668
458803.349124
458599.00586
458692.553438
459121.094046
458914.614667
459314.224748
459380.552554
459500.995375
459325.671812
459653.983739
459504.082218
459594.754232
459993.219043
460089.00502
459886.271626
459994.635891
460371.398628
460217.116998
460578.488738
460704.023395
460504.948286
460611.560615
460996.122687
460777.571059
461224.038765
461314.835355
461116.331552
461478.469651
461603.198605
461695.761466
461471.00245
461593.600347
461714.291392
462102.391358
461931.655246
462310.972453
462098.40154
462224.414308
462609.279196
462701.150007
462469.426646
462582.779582
462677.392944
462772.12143
463199.005826
462998.691243
463382.580684
463189.588376
463593.682088
463382.56668
463807.405582
463879.778692
464000.501447
463794.271865
464232.597596
464267.618973
464421.955178
464221.89119
464629.206018
464398.589836
464810.145004
464918.073121
465017.34302
464784.165543
464911.100419
465282.011576
465090.58286
465501.565104
465318.590676
465414.345886
465474.082756
465935.076077
465962.466518
466140.37907
466221.226492
465993.616171
466084.949597
466191.389629
466297.751037
466718.499626
466511.455299
466933.158255
466684.49486
466797.703133
466930.594161
467032.769609
467082.516323
467182.51408
467268.93057
467408.903562
467507.342388
467600.814992
468039.454752
468138.092946
467906.315774
468361.75978
468383.089745
468197.050428
468278.849752
468665.796143
468494.634353
468906.811824
468676.065469
468782.978419
468920.980839
469273.956285
469094.421859
469488.469056
469283.81038
469704.886843
469815.180872
469877.595473
469683.520653
470095.11397
469905.752194
469982.507717
470099.088342
470226.525378
470287.941486
470416.994398
470499.965194
470578.528711
470695.945141
470802.611218
471204.953844
471001.124415
471094.685372
471468.375656
471281.411902
471725.380128
471801.905795
471927.892402
471670.885938
471801.497718
471907.302969
472009.475328
472419.234028
472557.3635
472611.320542
472411.455267
472502.699201
472602.108786
472708.221403
472813.346338
473217.916542
473020.396744
473096.455359
473203.328216
473321.303556
473694.57795
473781.7467
473599.425732
473989.003258
474123.418477
474163.746953
474336.30713
474081.667377
474212.321683
474302.837302
474703.907214
474496.860348
474573.97618
474677.123905
474803.510413
474895.526261
475024.148341
475116.065568
475189.823003
475303.787992
475401.034393
475807.458546
475583.136046
475999.076247
475802.724314
476213.040108
476012.370363
476098.680672
476200.136381
476301.913784
476388.19042
476795.936063
476622.872978
476689.446802
477075.412312
476893.825241
477322.630703
477458.679489
477205.767072
477341.501556
477436.587147
477479.448562
477615.509182
477706.195349
477796.064277
478201.757768
478276.957822
478116.569383
478202.099583
478324.623046
478389.794113
478773.468172
478936.282585
478982.538574
478791.502035
478895.411393
478995.009166
479093.028041
479493.57297
479301.201579
479688.962684
479518.184178
479908.822077
480022.520793
479771.821021
479873.544103
479978.696161
480407.273946
480498.778129
480278.676186
480430.735613
480473.512847
480614.639847
480679.297244
480799.26427
480911.55886
480995.320766
481093.442908
481153.538229
481615.777443
481669.16796
481516.003235
481625.378592
481709.302792
481797.770013
481890.492713
482279.009611
482118.155438
482517.146297
482327.228012
482701.730372
482510.785113
482937.201473
482714.702024
483092.989905
483251.468929
483295.078827
483107.153982
483524.764759
483608.598647
483710.12764
483516.183195
483847.260923
483705.876186
483798.163166
484195.198539
484018.121254
484393.749785
484229.061094
484316.767056
484399.936724
484518.456657
484590.372252
484675.308859
485107.049105
485184.85193
485282.274581
485096.197918
485183.92213
485605.906378
485398.534261
485798.518059
485928.709248
485719.940987
485804.141729
486183.655306
486008.556381
486090.015626
486503.256769
486312.033209
486411.479469
486793.588806
486893.20771
486733.293517
486775.390184
486929.90024
487313.829188
487398.534562
487191.219681
487306.548885
487388.487705
487746.081453
487931.017925
487703.765257
487827.748073
487900.480713
488309.218988
488123.351838
488522.707247
488302.534378
488401.698934
488807.531236
488613.06174
488692.688234
488800.298235
488890.432403
489344.918236
489087.470646
489185.613529
489334.557291
489409.29749
489505.079001
489922.568815
489714.169065
489799.729125
490183.430059
490290.017754
490091.721155
490513.846926
490563.410141
490695.043318
490490.56048
490573.009743
490709.562135
490819.174442
490930.352961
491005.26763
491099.420476
491508.103278
491290.172609
491421.883966
491841.100897
491900.668925
491686.313563
491814.453121
491896.338054
492279.804537
492089.673193
492194.541427
492603.148338
492382.875874
492493.781136
492590.739199
492942.028809
493107.03645
492892.771113
493006.250386
493102.088636
493510.845197
493617.501309
493418.891269
493801.659983
493584.719539
493707.401329
493796.832889
494170.724447
494014.62128
494120.802161
494205.494792
494289.847379
494404.806624
494509.088388
494616.491444
495015.97814
494781.563065
494913.627607
495020.417011
495418.15262
495476.2188
495596.110454
495707.760198
495794.591104
495599.453673
495988.39404
495825.845448
495892.015603
496033.126637
496082.606515
496530.11862
496567.690605
496395.862534
496826.927635
496885.431563
496708.380331
497099.872495
496912.694917
496984.719824
497145.815202
497199.416724
497278.400587
497386.831684
497802.336495
497595.675431
497676.03928
497803.573742
497868.564117
497981.855733
498413.238372
498484.149967
498637.91167
498386.183246
498504.858632
498908.439332
499008.845774
498832.358213
498894.543018
499009.020188
499394.206489
499193.855894
499612.785325
499397.089741
499522.834018
499579.234707
499675.949802
500073.411446
499908.251163
500040.013132
500120.975877
500200.374962
500305.649604
500419.555977
500483.876523
500606.776432
500995.842994
500792.560761
500909.703101
500995.713611
501121.163094
501222.921865
501272.176008
501377.562382
501509.917845
501593.971837
501689.861321
501812.620278
502171.509182
502019.388268
502090.174176
502193.055908
502325.673849
502357.355135
502496.520603
502632.652007
502987.307887
502800.14989
502890.237125
502992.860702
503423.13883
503468.529863
503300.806396
503407.35794
503798.60254
503613.311942
503986.620166
503849.840524
503920.313566
504300.937084
504119.717752
504186.078986
504643.861134
504396.594684
504502.871884
504589.07656
504698.274584
505092.538251
505246.167289
504989.84153
505108.520631
505215.277417
505611.914985
505641.499213
505532.89858
505605.206607
505694.444681
505811.965981
505902.686243
505999.082814
506409.974624
506212.828634
506594.457932
506397.859979
506503.042337
506906.550606
506992.318701
506812.717202
506892.16066
507321.440614
507405.361731
507178.248665
507600.363466
507397.877992
507486.122024
507874.453974
507994.139343
508122.037915
507902.887313
507991.542428
508131.431416
508485.21176
508606.859319
508676.982219
508482.254703
508918.318714
508678.620409
509115.409066
508914.2071
509032.555091
509400.805901
509527.328414
509593.235735
509392.543069
509798.671948
509622.315585
509699.160809
509825.054875
510190.146471
509976.101651
510097.970285
510502.402508
510293.332678
510428.663101
510506.094778
510878.148361
510989.163879
510791.322585
510900.250094
510995.959459
511408.012541
511475.298114
511292.809307
511429.272107
511765.777586
511593.597087
511705.030922
512096.538304
511884.18153
511985.14699
512110.852834
512572.766781
512592.506479
512709.949127
512503.573145
512594.288308
512708.563177
512772.406884
513193.730048
513299.779978
513102.643038
513188.82823
513619.670318
513377.730098
513538.718462
513640.512356
514024.543651
514093.560128
513916.399657
514298.010734
514084.242732
514203.609303
514580.177513
514735.209983
514509.557201
514625.765469
514983.26475
514800.42624
514909.19418
515283.554658
515415.767249
515198.322256
515625.283792
515390.13622
515499.167886
515612.352372
515695.85948
515817.786839
515927.909464
515997.63118
516091.335631
516493.729593
516600.327886
516413.112643
516828.795521
516637.285674
516704.655045
517063.809414
516913.336215
517293.733434
517127.252138
517532.199648
517303.90686
517674.858848
517491.480047
517869.457551
517695.805133
518112.211561
517946.508699
518010.616634
518389.565003
518518.195686
518304.611171
518379.393706
518816.737192
518898.224107
518975.422745
518785.420174
519192.963663
519298.77828
519120.326147
519507.086547
519285.041685
519372.437231
519522.085095
519904.013157
520017.36685
519805.263564
520212.173167
520311.970242
520123.793267
520210.542125
520280.008892
520388.63952
520783.020386
520918.492267
520708.917238
521065.352365
520894.557194
521022.056551
521401.79725
521181.336053
521598.206396
521400.996425
521512.10065
521583.779917
522008.601146
521808.021452
522160.047971
521977.470875
522071.47177
522496.497186
522309.917269
522657.152056
522839.954384
522877.631939
522682.1969
523128.851805
522925.158374
523328.214786
523428.104669
523466.099787
523613.348473
523421.339532
523794.09719
523903.436867
523692.988334
523823.373142
523872.269198
524302.704703
524361.496048
524197.101162
524312.487978
524427.203894
524508.882328
524605.477466
525027.827757
525079.093341
524942.634673
525278.203262
525093.98149
525222.818593
525579.604485
525646.75067
525537.03991
525908.819432
525668.799747
526117.72958
525900.399773
526016.13242
526116.32171
526214.169701
526318.614414
526703.958973
526501.762637
526600.419274
527017.615333
526821.418202
526892.444574
527293.151225
527390.41004
527508.834408
527590.885288
527405.492306
527533.667275
527573.664402
528007.532984
528119.733565
528208.642172
528312.009958
528061.277356
528160.176159
528301.746342
528711.252678
528530.134822
528594.163252
529012.697539
528830.622592
528889.463425
529318.926056
529423.562799
529178.005814
529332.161055
529699.148023
529513.4579
529608.133599
529719.024959
530061.196949
529907.716348
530002.304613
530395.50735
530184.216846
530305.834976
530691.568657
530740.629056
530616.859625
531002.214205
530799.148426
531219.19095
531284.268174
531403.6755
531167.367436
531299.486165
531727.69677
531795.688543
531617.223735
531676.554938
532077.379632
532183.051274
532319.922725
532086.598643
532214.3208
532587.466262
532384.503075
532498.40642
532880.283692
533036.113607
533061.432035
533177.226435
533287.120375
533389.566017
533483.002757
533306.221774
533421.79134
533830.148584
533909.765884
533689.738665
533827.688022
533923.373691
534299.806686
534106.267977
534214.760039
534288.626184
534698.352799
534479.266576
534629.263809
535000.460896
535105.682267
534935.012244
535298.553154
535102.996617
535185.319721
535612.182637
535719.3885
535493.422252
535590.186517
535676.402934
535789.892991
536210.867779
536332.864558
536400.919874
536505.06064
536307.879703
536691.094125
536517.903748
536875.600638
536998.428247
536817.15864
537214.010235
537307.350869
537087.08677
537522.359598
537619.427856
537698.271555
537503.813571
537888.009798
537709.307174
538088.816934
537876.940062
538018.713892
538396.944836
538499.555371
538309.636234
538395.226394
538496.617773
538581.324615
538711.577919
539073.596767
538884.218691
539334.597657
539397.392296
539202.404865
539251.319904
539735.277177
539840.456749
539906.311721
539990.953812
539807.325431
539909.848145
540336.223077
540120.184071
540547.101295
540297.71659
540369.374838
540505.205858
540620.831865
540702.227589
540817.201703
541166.481603
540982.957548
541449.625731
541196.028853
541323.612583
541661.149563
541790.00566
541889.664112
542011.746422
541791.681531
541918.675394
542007.450366
542100.837785
542228.297209
542615.472839
542673.685341
542482.171611
542913.592032
542677.029796
542786.023113
542891.043032
543012.613671
543393.392726
543510.797211
543299.019746
543415.02688
543805.088875
543890.583191
543706.397063
543824.680112
543915.245273
544289.742744
544114.082045
544507.416348
544330.200379
544383.615479
544481.931843
544895.891743
545015.521538
544772.345585
545203.37398
544980.686094
545125.98609
545464.951499
545313.08883
545688.377823
545506.68032
545934.254356
545674.466189
545793.612829
546170.188746
546326.333127
546121.223498
546496.503113
546350.438153
546707.047966
546833.508802
546598.575461
546699.405902
547096.632058
547227.728906
547287.358342
547394.235154
547197.692408
547599.699006
547705.66181
547820.907572
547889.315419
548022.723441
547802.73214
548209.926571
548316.112717
548098.915081
548478.28037
548582.282274
548382.878616
548798.498024
548891.868916
548698.925585
549093.464498
549237.81401
549307.129208
549084.124884
549188.041014
549592.197027
549398.368303
549508.710438
549598.697263
549965.021887
549785.302965
549930.223171
550291.582316
550390.166618
550195.324026
550284.733913
550394.268787
550812.655169
550614.668631
550993.504109
551088.420459
550865.496441
551318.071754
551118.817581
551502.57078
551303.556899
551382.901943
551810.973425
551889.788758
551991.591893
551791.085089
552215.079892
552265.523528
552356.198668
552192.818294
552277.833209
552398.118195
552487.660472
552873.884276
552674.304176
552808.946642
552919.869631
553254.94192
553418.355373
553177.863295
553286.127229
553705.642836
553481.475502
553894.128265
553986.411643
553817.913893
553921.51879
554299.376826
554368.908844
554184.61889
554603.00876
554409.517404
554809.347696
554897.262191
555021.415846
555105.373372
554891.827741
554980.055057
555106.660681
555506.323224
555276.577602
555366.645583
555505.285178
555904.723632
555691.564895
555824.284455
556224.296169
555999.881591
556108.495656
556177.71089
556624.636718
556401.512837
556784.870238
556916.742226
556704.013701
556770.162894
557174.306949
557003.070219
557417.954968
557480.607532
557606.926674
557705.02672
557506.139075
557590.593714
558017.076777
557810.37162
558197.98075
558281.134831
558085.978296
558199.107776
558283.927539
558382.239894
558463.99079
558920.844851
559005.685214
559099.190953
559221.403511
559340.266562
559088.138796
559533.273711
559324.240888
559671.064991
559500.916385
559629.249145
559686.245762
559820.523085
559869.764667
560284.215563
560418.992216
560164.265254
560318.653136
560415.220224
560819.854791
560574.368167
560713.111522
561117.646766
560892.360121
560995.117537
561442.522693
561477.949654
561569.593
561430.269415
561804.834983
561598.52305
561718.775998
561795.812329
561940.540327
562289.306251
562124.24152
562540.09161
562267.714307
562403.842345
562502.942119
562595.252717
562700.233376
562816.815858
563189.863445
563000.211635
563446.295694
563489.300659
563630.527208
563395.263988
563502.900271
563599.325718
563708.325316
564063.137675
563912.089988
563987.88164
564103.458308
564219.504591
564608.838783
564727.105765
564794.890219
564601.619259
564713.277157
565118.770609
564943.013492
565310.451629
565090.97319
565221.837651
565566.768076
565371.380357
565494.291773
565610.668003
565717.972381
565831.878332
565910.499384
566257.746337
566093.605368
566522.72592
566279.476479
566388.517346
566789.671567
566609.255652
566996.500472
566780.863183
566899.850012
567023.795027
567406.98768
567192.220598
567297.093595
567686.213812
567527.063186
567910.091645
567697.536449
567818.557129
567886.417997
567979.297626
568379.099033
568503.129568
568278.981229
568652.961095
568796.089285
568610.378497
569009.010808
568786.768173
569207.904994
569000.415152
569096.792871
569232.549731
569294.84647
569412.544736
569496.860563
569897.188077
569693.410816
569811.203137
570195.152239
570005.618831
570408.351382
570494.755911
570600.089399
570761.605223
570828.111044
570623.808025
570998.460946
571104.257019
570904.423415
570998.904363
571087.029755
571507.750855
571578.197874
571698.8038
571449.821336
571612.031575
571701.236148
571809.08205
572218.111712
572284.3396
572105.599918
572203.40106
572308.402653
572397.46016
572533.876797
572882.103633
572990.329221
573109.888235
572907.419314
572995.947786
573122.657531
573531.650525
573290.980901
573426.284589
573783.593676
573596.694466
573724.125627
574111.834291
574210.682361
574023.079007
574440.483869
574198.789238
574320.804354
574402.877609
574512.740518
574635.257931
574686.173432
575073.510453
574918.411219
575028.661835
575094.002527
575498.36339
575307.587021
575370.674707
575500.754571
575624.708875
576013.263017
576147.144638
576205.245805
576311.861561
576102.290344
576218.453416
576261.501207
576409.195112
576504.143074
576594.207026
576695.398641
577096.085629
577238.263511
577333.976378
577101.066054
577486.949973
577296.167595
577408.697065
577524.259074
577909.214701
577693.55348
578066.788257
577904.171948
578000.9363
578095.826682
578196.724073
578295.721692
578414.805518
578801.908412
578887.090214
579016.020121
579110.890915
578896.584613
579315.709185
579389.546813
579486.415879
579598.880017
579413.098466
579814.545119
579569.717029
579954.209819
579794.490644
579909.212336
580281.066419
580101.47797
580199.683459
580272.145766
580712.729986
580488.145716
580860.990189
581015.617444
580781.2744
580913.989707
581007.26815
581389.718925
581156.749248
581290.280148
581397.063152
581497.6
581598.318821
581978.673172
582119.17221
582177.413485
581950.887456
582117.195673
582494.5412
582305.925735
582398.544493
582494.619432
582591.113588
582969.336264
582823.219193
582892.984333
583304.249507
583109.529201
583192.763602
583592.967936
583704.520607
583503.808723
583943.461858
584021.219587
583834.290274
583905.433527
584021.656921
584077.27882
584501.551952
584293.497196
584691.664697
584785.744899
584898.043642
584710.633866
584793.583862
584905.215836
584985.089661
585121.180727
585216.830403
585310.929209
585399.810575
585493.495898
585585.158116
586014.420665
586058.073344
586176.711228
586019.549076
586087.158026
586523.843532
586296.463156
586690.244684
586775.592214
586591.818772
586700.341824
586814.521188
586901.1821
587313.365274
587097.27052
587528.330667
587622.405585
587706.041723
587809.021652
587590.252252
587691.211544
588058.79936
587871.347508
588298.816207
588411.876497
588518.293795
588298.381687
588411.585281
588750.756148
588913.099054
588696.392441
589108.774147
588898.762187
588987.676856
589080.537948
589503.800481
589335.678632
589399.844467
589521.037301
589605.682666
589678.577394
589801.450286
589897.849235
589994.065967
590383.270515
590194.814582
590291.001133
590695.076715
590806.883836
590609.363759
590671.795764
590810.119673
591184.615029
591001.351953
591100.12322
591215.024382
591320.183552
591393.709202
591494.563937
591628.189294
591690.271306
592090.551319
591926.814698
592017.471835
592098.007672
592215.089878
592622.39803
592399.413879
592520.14282
592569.86305
592948.398156
592796.580595
593199.56429
593264.792233
593127.097929
593202.870528
593587.057652
593431.982912
593548.964406
593881.845331
593722.839192
593832.47813
594168.98658
594015.142475
594091.056015
594499.059037
594623.233631
594742.713808
594518.085909
594619.216067
594706.936687
594757.486364
595210.470895
595013.640154
595112.42196
595526.277817
595292.054437
595393.775922
595824.040429
595618.142971
595709.704256
596115.986724
596155.46839
595999.355558
596382.567549
596202.453531
596554.551841
596675.631215
596498.346421
596876.599795
596692.048407
596794.535604
596909.744159
596981.759818
597371.872182
597185.750915
597292.619959
597387.474939
597509.374675
597901.721789
597708.155385
598085.855509
597908.837179
597998.120032
598383.958981
598190.661612
598631.715125
598400.231358
598508.683737
598892.399684
598664.71831
599130.510979
598896.253468
599300.316389
599108.486206
599500.910184
599279.307666
599716.928398
599500.974944
599612.226804
599716.229555
600082.949487
600190.182929
600300.967434
600087.310662
600501.304255
600290.761933
600385.133682
600528.447411
600606.569382
600991.314656
601046.569441
601223.513716
601001.047048
601408.942782
601503.662158
601586.661904
601385.285154
601514.765127
601614.246057
601973.67544
602070.875786
602204.525649
602303.039106
602102.376114
602200.204563
602283.62337
602722.605208
602522.622859
602610.646515
602989.983158
602814.014743
603161.333294
603008.807498
603087.366509
603223.630416
603606.318641
603734.506068
603770.818858
603603.216371
603711.151872
604091.442933
604184.196521
603998.788003
604085.25435
604204.205157
604269.324397
604395.958554
604485.485804
604872.750842
605040.356435
604799.477423
605201.773609
604996.107961
605384.884236
605183.871707
605340.031172
605417.287661
605767.162879
605939.362525
605729.65466
605807.844721
606216.696758
606010.661105
606109.242026
606520.00051
606284.778365
606400.742189
606512.396286
606896.467576
607024.015473
606795.184852
607211.367827
607283.604874
607102.570156
607203.984625
607297.16287
607714.570784
607491.518523
607618.468261
607659.31788
608116.973091
607855.093672
608002.016929
608407.585592
608174.912521
608295.109419
608670.934204
608503.910669
608562.668987
608941.471056
608802.134532
608911.430789
608979.285318
609100.888788
609232.608569
609342.632846
609413.0815
609497.41355
609931.352955
609685.5051
610088.026964
609900.093055
610018.065195
610411.159713
610456.197118
610602.984595
610694.35447
610804.382725
610574.900216
610978.549219
611138.299329
610898.796802
611294.93031
611121.107541
611217.260929
611307.168964
611392.779856
611497.270092
611639.412508
611689.479028
611796.979598
611908.430002
611984.943021
612396.946402
612217.006794
612329.60703
612375.37546
612533.969746
612938.746044
612683.880257
613095.132091
612917.874387
613326.572334
613067.012766
613199.870498
613269.881172
613394.088929
613502.526193
613628.436733
613681.466606
614116.836805
614169.175923
614278.568261
614410.302578
614205.48526
614324.653052
614698.678271
614504.603119
614619.1246
614686.004614
615130.820797
614894.361895
615306.009323
615120.367939
615187.852685
615291.052272
615408.925382
615786.193498
615616.8331
615690.098608
615799.391675
616200.581817
616019.053936
616096.628921
616506.952714
616625.276861
616684.040456
616489.327051
616624.879837
616665.173861
616793.31505
616903.571762
616981.061526
617434.995304
617508.383234
617290.538557
617711.943568
617532.433919
617920.880635
617701.286599
617777.349148
618195.405196
618308.757091
618089.404003
618229.621245
618567.432033
618395.752529
618486.445522
618623.936902
619023.489638
618829.981114
619179.235125
619002.541281
619090.004967
619200.03795
619250.179057
619386.506053
619732.980755
619590.457533
619710.50378
620086.891868
619908.481426
620312.735454
620094.348816
620208.778011
620613.015484
620403.629276
620802.475252
620616.496091
621007.783798
620791.47715
621207.502403
621003.804244
621087.928629
621188.651519
621307.457493
621695.200295
621825.225994
621875.448057
621704.441383
622134.841945
621930.377372
622290.596819
622433.181968
622192.043787
622605.66857
622381.102263
622489.975543
622608.572455
622685.402223
623097.699905
622893.761898
623314.666272
623113.455639
623456.145208
623310.424007
623680.534945
623770.05481
623575.229086
623683.031285
623810.583925
623924.592724
624295.41784
624099.906388
624198.95943
624319.358182
624361.567685
624535.66455
624606.743054
625013.878984
625128.905946
624886.625102
625004.209027
625096.410667
625217.746768
625582.406285
625408.576342
625527.404253
625588.526239
625695.095827
625808.693528
626226.130498
626292.158731
626135.376464
626215.667984
626307.975827
626375.360137
626499.70492
626596.746014
626722.845577
627069.242736
626880.818264
626991.014506
627402.003458
627229.531727
627307.072581
627386.61506
627505.083731
627878.484485
627699.881292
627819.869872
627897.001292
627966.659106
628093.849591
628195.731817
628313.437753
628704.128067
628492.002355
628925.582207
628701.651593
629079.445287
628912.750266
629341.410338
629113.67436
629518.415683
629311.750092
629710.473833
629799.905063
629907.49055
629689.350379
630105.195195
629886.420038
630001.285004
630398.139753
630212.753114
630298.30404
630409.919621
630541.269068
630604.892812
630994.88123
630789.411266
631182.659584
631332.721196
631394.055637
631211.139035
631599.281356
631372.708391
631512.354198
631561.644666
631707.072635
632078.102876
631898.689206
631979.530918
632084.849665
632494.446257
632593.676015
632734.408895
632490.927055
632594.592657
632985.877752
632800.141286
632882.275704
632988.495365
633124.155514
633226.573939
633623.808945
633394.442616
633491.265831
633908.039979
633682.867051
634046.032806
633888.806818
633982.603583
634099.055841
634209.010622
634567.050412
634365.945417
634493.864375
634905.105184
634982.715476
635146.708267
634907.594903
635005.452692
635102.255739
635512.252651
635621.578036
635707.840824
635819.090217
635889.285978
635967.398484
636158.861682
636210.045268
635997.385022
636405.384604
636227.495192
636612.366038
636703.616284
636852.519843
636910.851525
636709.846493
637107.836831
637168.136087
637018.532047
637388.319074
637500.27059
637293.606371
637393.877272
637798.509895
637909.597779
637679.420304
638085.26862
638198.356331
637950.936424
638125.314608
638201.45353
638590.254079
638401.656562
638797.180416
638592.069382
638980.261698
638820.297389
639176.639379
639005.985926
639143.643075
639488.394907
639640.791408
639414.635419
639495.802155
639577.005239
640011.994142
640116.723451
639892.762082
640296.96866
640388.502612
640189.508539
640628.422567
640683.183043
640831.840927
640933.913311
640717.219008
640780.45026
640913.378067
640998.7332
641077.063854
641204.111994
641321.533864
641395.14443
641490.271076
641910.734196
641695.87661
641804.561073
642204.60632
642020.244069
642120.928825
642486.554752
642307.568845
642402.84075
642524.563604
642897.335033
642662.727495
642807.24106
643171.966779
643003.185945
643380.832634
643198.342305
643287.125318
643729.976978
643511.923204
643875.300961
643983.181781
643788.86172
643918.900199
644313.927484
644101.084724
644518.444223
644310.007148
644717.26269
644523.074916
644610.723674
644724.262268
644789.915585
644904.236431
645004.782091
645089.336704
645507.348643
645300.771948
645412.994303
645493.638422
645869.514542
645712.519188
646079.062045
645916.17654
646017.516291
646119.503982
646491.979413
646294.012108
646390.229512
646503.112079
646875.82028
646723.3277
646845.781082
646899.115139
646992.896688
647382.62372
647520.18092
647279.040739
647393.88318
647790.453925
647597.395795
647728.764695
648096.014015
648202.219122
648011.642597
648091.88788
648574.501092
648315.976595
648371.11324
648494.854661
648873.27607
648709.733117
648823.11048
648924.197851
648979.079622
649102.476983
649179.185687
649313.198162
649408.416005
649811.350317
649620.237707
649693.534255
649817.040446
649912.690941
649988.046322
650141.405792
650491.2452
650321.295388
650690.338327
650521.05093
650598.614382
650684.746622
650779.845201
651214.625109
650998.146069
651118.364041
651506.908325
651587.808261
651382.599742
651489.656417
651624.497225
652012.454467
652067.282232
651902.478972
652009.64786
652085.652992
652221.629903
652561.362515
652418.161831
652489.323988
652608.675441
652712.858989
653102.05244
652914.093469
653279.826814
653370.639239
653173.254032
653328.182043
653418.885741
653770.048666
653582.422749
653703.97499
654128.523528
653896.512069
654002.505501
654094.115712
654186.833859
654284.27378
654383.138222
654513.873121
654868.22371
654998.94213
655072.352913
655185.933787
654972.895401
655099.977157
655168.198373
655296.096042
655399.335753
655761.953043
655944.901135
656037.518347
655812.229353
656183.970602
655988.667989
656079.596701
656206.230529
656577.908008
656718.648773
656493.247462
656562.848421
656995.47323
656785.057966
657212.472996
657326.647487
657091.863024
657226.980472
657581.710744
657704.882519
657525.846544
657598.717291
658003.075638
657802.490431
657920.455782
658038.192358
658373.421121
658446.467309
658620.652476
658392.291831
658496.399485
658562.264187
658988.974055
658822.237887
659201.411763
658963.941852
659392.864268
659232.258218
659579.83964
659685.045402
659483.586361
659622.963672
659677.652784
659780.041662
660212.375855
660294.537146
660410.085359
660511.441021
660295.727094
660403.968999
660532.320959
660607.199787
660684.837191
660834.302749
661163.374216
661008.930159
661086.657956
661485.984044
661316.873332
661385.478878
661815.950022
661625.833023
661716.180971
661789.274845
662197.130903
662268.154906
662089.328736
662485.604191
662317.186094
662718.05297
662484.452378
662923.87592
662669.613639
662789.992486
663186.019969
662980.361814
663091.141345
663179.689295
663303.680923
663702.592422
663809.353312
663592.197992
663696.707648
664125.343288
663893.614033
664329.761575
664099.469018
664214.811448
664289.138711
664698.231263
664777.708569
664922.09187
664686.186853
664805.750045
665195.863855
665302.015505
665085.066126
665527.276404
665244.854423
665424.733725
665493.752686
665620.096323
665710.643001
665800.979697
665844.858897
666297.313944
666392.47988
666217.100769
666614.813912
666384.190474
666500.190494
666897.586637
667021.229844
666811.933968
667199.173447
666989.100444
667427.145481
667469.621401
667300.139267
667381.933091
667805.336815
667927.653161
667703.021067
667816.908064
668222.214942
668260.131888
668083.021056
668193.291459
668637.018915
668401.755419
668510.641878
668580.246307
668697.109548
668828.16046
668897.830703
669005.140297
669103.149707
669481.852128
669288.409763
669702.040612
669507.895038
669880.891396
670012.773896
669821.715969
669908.221436
669974.544727
670102.025772
670475.406386
670291.298713
670381.410231
670794.91878
670595.856217
670716.989713
670798.725538
670901.769737
671023.353223
671420.997981
671189.288288
671585.33752
671693.327816
671789.291437
671622.255664
672043.810615
671820.297842
671921.90753
671997.352947
672094.635855
672475.290505
672577.269087
672394.794273
672496.842203
672932.847518
673008.000964
672804.893864
672908.149974
673004.986037
673111.957985
673501.486593
673618.805102
673421.47108
673778.099636
673871.830089
673728.32711
673787.171034
674171.23279
674272.130149
674425.255668
674185.130891
674613.467948
674389.054433
674797.902266
674908.731794
674966.737239
674735.238858
674931.947304
675295.937216
675103.907593
675171.733105
675276.101762
675687.962427
675487.84076
675876.423626
676011.550832
676091.554782
675901.628151
676282.297359
676101.901118
676500.963929
676595.09042
676714.321275
676808.394063
676575.101073
676988.064771
677086.662098
677200.515733
677286.474852
677126.085838
677534.508619
677565.908836
677401.861619
677508.233442
677910.580204
678034.424683
678103.585283
678199.646293
678010.284009
678440.373779
678521.624826
678597.094217
678382.297183
678461.756696
678599.220694
678711.655052
678803.799883
678891.786553
679008.908276
679089.670513
679211.324481
679575.459154
679670.713691
679493.042255
679867.116134
679996.308873
680091.990141
679938.011794
679991.748153
680085.786934
680491.182584
680299.296967
680381.1517
680513.882797
680890.332314
680986.247022
680791.697899
680899.553551
681038.892322
681100.780608
681209.207637
681305.164893
681691.311035
681509.25407
681920.852307
681994.142787
681812.533525
682189.926168
681971.465403
682413.598377
682519.112275
682301.706041
682713.978572
682456.217803
682611.955336
682695.706694
682806.142347
682915.517136
683012.70786
683088.089988
683458.947499
683608.56161
683416.152877
683480.944643
683610.934754
683938.919272
683796.995407
684203.914758
683975.996384
684095.528352
684219.820232
684276.924983
684403.235621
684797.563839
684917.61202
685001.031127
685051.469658
685170.00587
684987.774391
685131.3379
685504.496512
685307.647018
685725.321326
685511.811757
685621.137423
686014.252109
686103.931643
685883.230664
686316.522883
686415.298277
686536.040622
686280.829094
686380.956975
686507.320843
686865.256128
686693.887514
687071.429696
687237.085659
686990.010809
687091.545118
687184.058745
687320.202785
687407.168845
687506.857397
687882.221114
688009.125469
687793.978716
688199.100807
688307.017229
688098.625485
688211.438421
688612.384763
688443.337817
688504.652293
688608.694373
688987.600721
689137.549259
688878.76649
689344.896829
689102.635748
689227.789314
689294.498681
689716.663986
689811.356655
689905.819308
689679.058789
690075.961506
690203.288663
690013.880925
690398.361509
690500.989366
690558.68972
690694.838868
690791.625371
690566.505512
691013.723812
690782.351242
691193.187796
691010.043573
691408.640843
691516.481898
691295.985469
691398.541491
691489.411585
691927.938343
691700.987122
691831.356923
692217.621777
692021.25831
692395.915375
692218.023777
692295.254261
692422.977485
692474.330368
692927.477917
693013.866335
693088.873044
693241.084345
692990.197539
693099.054724
693504.521678
693593.387147
693415.029015
693786.706493
693594.546706
693694.972982
694082.365668
693873.503109
694322.233566
694118.535091
694217.862285
694604.706294
694429.163753
694821.781137
694619.049993
694715.648148
695115.861153
694882.360369
695333.405826
695429.234218
695507.438177
695308.505487
695407.590533
695524.0928
695620.045426
695702.856754
695788.652149
695920.59359
696042.961996
696079.955053
696184.577577
696611.748617
696428.407198
696502.182343
696580.844683
696999.960055
696831.846892
696903.124529
696999.862707
697101.868041
697212.108215
697288.288204
697404.350293
697538.235129
697881.250846
697716.742376
697864.365846
697878.370851
697992.032223
698128.27572
698480.454153
698322.927288
698370.045375
698510.712005
698910.989135
698976.717232
698790.11543
698876.86394
699315.714211
699084.220298
699518.107945
699621.624941
699381.036813
699803.639189
699590.045529
699698.02741
699809.246533
700164.700802
700318.89374
700101.06047
700225.326588
700306.18085
700367.473852
700501.368131
700598.328682
