976.117096769
1097.33007422
894.321678965
973.064060019
1379.63388206
1191.40582588
1291.91191595
1374.45547402
1482.61910422
1609.30616586
1990.53029269
1800.62119014
1923.38936025
2010.27759058
2392.15822893
2205.30980435
2575.08130621
2393.08554635
2494.91239722
2628.08383014
2712.87688887
2830.54262481
3215.46463098
2959.48510152
3119.93739127
3199.1369312
3282.37419814
3715.4721542
3826.85028441
3888.53302913
3704.96832098
4099.47294054
3909.6179617
4288.38534045
4102.26342989
4168.45852017
4586.11207072
4370.64496456
4491.62822144
4589.17582704
4702.05842854
4806.71754692
5218.06262506
5302.20841141
5112.94820761
5492.35372591
5592.65821063
5719.88894456
5473.89242393
5615.03631851
5693.3598555
6097.13225403
5908.99843534
6317.4122394
6413.10769576
6179.85425101
6604.91484517
6672.26443156
6792.76727636
6903.57205475
6735.80057308
6793.43019144
6903.01484175
7027.12361981
7098.60400889
7190.10953259
7332.2646365
7698.70466383
7483.12698613
7923.24062278
7688.31824461
7808.29254553
7917.18049114
8012.58372234
8095.86011635
8488.30095322
8274.29237525
8385.95000214
8496.66803864
8577.65912169
9027.03986264
8817.30904968
9211.70587416
9289.38514507
9085.21469473
9495.97001971
9554.20375687
9414.11618037
9479.94864924
9584.21819023
9980.50965392
10107.1820257
9938.08624834
10003.3235445
10440.7315867
10211.6110515
10286.4244012
10716.7269855
10795.5631012
10581.0991101
10967.0601781
10773.3231335
11225.3212113
10985.4571589
11075.4829287
11504.4379537
11329.0351899
11720.5535045
11476.7220306
11582.5131805
11691.4129528
11790.7551701
11926.5151774
11988.6805185
12364.6671582
12247.2536706
12317.2295136
12408.3575826
12807.9725263
12605.085059
12735.0846557
12799.6395675
12897.7579042
13014.7652822
13111.6113758
13490.3844907
13596.7518616
13401.2371927
13560.3004096
13597.8319475
13691.2058506
13827.6919496
14191.2891817
13977.1370734
14109.1920435
14203.4625611
14308.0158102
14693.996489
14820.2975
14924.6877746
14999.4748097
14782.1422091
14875.7014533
14991.7217331
15106.4993059
15515.5652813
15585.8763198
15713.3581196
15519.2567436
15601.3420988
15681.2867446
15795.0191347
15920.0639647
16321.3613453
16105.6988077
16446.7323229
16317.5494586
16704.2140913
16479.5614601
16594.005143
16660.9625184
16813.0392885
16887.1767834
16996.275428
17073.136673
17511.987354
17306.5932563
17401.6199121
17498.2530061
17591.2169875
18010.2421979
17824.8430999
17902.1367204
18278.7297129
18394.3579966
18199.8899044
18556.9856563
18435.7006206
18516.8237419
18618.5720983
18708.3021629
18822.1041707
18903.5133342
19013.1788349
19369.456051
19497.5565682
19600.7919428
19701.3317733
19526.1376189
19596.6030472
20018.7894462
19780.2496702
20202.1556314
19973.8718149
20430.6124042
20194.9141377
20592.0146457
20380.7888939
20480.4713654
20634.2023146
21018.5862501
20813.1681109
21202.5332636
21025.8936732
21113.764313
21497.7697974
21620.2329894
21734.7687971
21822.6914074
21604.7311404
21954.814441
22066.9945673
21911.8095732
21987.1143235
22373.697237
22497.7506322
22614.2025956
22722.451917
22499.674041
22652.6595023
23005.7559996
23115.0283211
23227.6698553
23010.1009278
23088.6076737
23227.2842321
23295.2630978
23403.0744948
23479.9230925
23913.3095443
23737.980647
23807.7941417
24183.3887509
23988.1661087
24091.0332869
24195.6538576
24299.4268425
24424.6172536
24790.9774128
24592.4454583
25002.1385682
24782.4703463
24914.5985342
25331.3609186
25411.8123812
25492.0844633
25602.9327987
25413.4897483
25515.5508403
25624.4420507
25704.1180487
25797.2449659
25905.5636486
26315.7381536
26080.4895645
26485.7543568
26302.9937045
26405.5683069
26795.8644119
26877.0648968
27000.4670508
26817.3966215
26923.8592928
27241.1938543
27392.9345403
27212.4697597
27288.1540461
27693.260124
27502.7550792
27608.824462
28004.949135
27770.7504389
28195.2754405
28323.484426
28393.3835828
28195.839738
28333.9212337
28706.5311411
28832.8469824
28622.3239176
28692.6525578
29072.3375503
28901.1230468
29255.4115776
29410.4074311
29179.2041947
29320.5195916
29688.4510023
29501.3634776
29604.1123725
29729.8613044
30118.8071313
30188.9463898
30307.7155469
30099.9552043
30225.8103441
30627.4044549
30685.5130399
30519.5111587
30634.5665615
