699.655986568
800.574195436
880.559597326
988.317105765
1392.81732904
1520.92280715
1293.34492663
1667.41594486
1779.46735739
1893.04585827
1722.13801862
1831.44916546
1860.3876607
2246.25484827
2369.19953229
2189.83546478
2618.72512244
2376.45390149
2784.06181096
2612.71743447
3016.95481717
2825.61630242
3231.83401255
3308.61550183
3088.92618919
3220.26069148
3630.6615624
3370.36578604
3483.29815632
3595.6046981
3695.63277788
3804.37772033
3878.14085083
4318.76364172
4349.63785768
4188.25799808
4596.18723787
4412.16312245
4804.41782315
4609.55784225
4703.33433162
4793.34053178
5195.19476108
5016.63413674
5102.21630106
5207.49888843
5331.40632659
5702.17741879
5811.83294521
5595.69746504
5669.12850179
5765.45585397
6242.34910439
6332.99624781
6398.95915321
6186.45883815
6588.44276103
6687.90664248
6487.33848296
6909.33822758
6731.1001379
6777.61335741
7230.07387771
7302.4134025
7091.82788883
7235.54275391
7304.08008083
7400.09686337
7783.64632109
7899.27436589
7670.72727972
8152.84269351
7890.65874574
7998.69689675
8401.22701166
8183.79048614
8293.64757785
8386.31302116
8767.65995369
8593.15335193
8707.23766385
8805.45079143
9241.94551595
9020.83516837
9399.29594793
9176.91356534
9619.92072903
9383.03468244
9799.64207571
9588.63695425
9679.04817674
9796.06156602
9910.04150515
9998.53115277
10391.2973246
10194.6787262
10632.2732053
10719.6679049
10472.8160366
10606.9809446
10688.0652101
10812.3808785
10906.3955935
11012.6268069
11098.6509262
11494.5048026
11607.2966102
11392.0631604
11496.1876827
11903.6488286
12005.458875
11815.3705746
11917.2843331
12298.9692955
12099.7294848
12177.3535333
12288.42068
12715.6073945
12488.2498784
12619.8405125
12711.118775
12826.9494043
12903.2485766
13304.2513209
13392.3710525
13532.230225
13276.0967287
13711.1569138
13492.9546362
13556.7462409
13713.3566854
13798.261544
13888.6019959
14002.8576394
14406.376678
14196.7079428
14574.5592345
14697.8364591
14512.138471
14906.402066
15013.7010472
14810.4089045
15202.3098951
15004.9821909
15074.7654874
15193.1441437
15291.1658943
15708.1484472
15810.0183505
15906.9548131
16007.9812086
16095.8575752
15915.0960652
16289.4984812
16108.5209661
16209.3043636
16281.2054883
16418.6969618
16806.0269309
16600.8048912
16717.5400151
16797.5399863
17196.2296194
16983.3603875
17109.3675395
17534.3248149
17301.9357422
17726.4846038
17512.4802334
17620.933043
17666.2078372
17799.8244351
17895.4160785
17999.9893803
18400.3018703
18198.2213247
18564.1465446
18740.602066
18519.3093878
18588.3291892
19006.8511948
18797.9148402
19213.6955387
18992.456983
19405.7872137
19207.7537877
19605.9857379
19387.091207
19511.4528152
19577.3156461
19699.2477474
19804.5697664
19921.1173878
19982.0585025
20120.458253
20194.509743
20328.3038791
20704.9788797
20791.8020492
20586.9421512
20687.327003
21111.4111925
20908.64561
21290.1211131
21390.4047575
21511.4140404
21591.0244217
21683.1122641
21514.7514662
21590.5223358
21694.3838017
21809.2236421
22195.8012458
22317.5634112
22122.4556571
22500.5627482
22312.6482274
22396.3285857
22506.0884969
22905.5605845
22713.185889
23113.0839896
23198.2103393
22998.7594658
23079.1431538
23195.5771995
23605.8710277
23408.7280056
23510.2129601
23588.1728128
23697.2251318
24075.2813922
23904.1383386
24005.2853052
24088.1053962
24204.5856623
24268.5345241
24716.3070815
24780.879521
24655.2002958
24696.4793511
25097.5342458
25221.9401122
25283.7964423
25105.1148373
25499.2292681
25570.1949101
25697.3801297
25530.0946057
25597.5121609
25693.444719
25804.395557
25875.6117835
25982.5893335
26090.7394953
26496.8671613
26294.0070025
26407.8334894
26813.6337833
26895.085146
26705.0209803
26799.5724695
27197.0755655
26986.1262112
27103.672229
27498.0392196
27584.1391204
27426.4804751
27469.2874328
27595.6225916
27679.2530195
27788.0566873
28146.7094254
28317.3176703
28433.2297051
28212.1279238
28316.9152444
28412.5245956
28534.6619087
28597.051652
28695.9169085
28810.6337414
28903.3349311
28998.5055127
29094.1583186
29215.7144954
29594.8471189
29416.8917029
29818.4996202
29885.5908707
29719.6927294
30118.5626421
30198.6777222
30017.6690997
30094.2501067
30229.4413671
30295.0904867
30411.5871792
30534.4082478
30572.8663177
31029.4337945
31118.1684982
30914.3924058
31026.9366594
31421.889209
31194.0716214
31266.8737117
31385.8991885
31830.0855559
31916.3328947
31690.4140793
31780.0077287
31904.6482454
31986.5719634
32405.9761115
32196.6238244
32307.2457437
32385.8348705
32783.3028754
32924.7416863
32738.8955117
32815.8224034
32916.2633043
32996.7935038
33099.3797962
33449.5263851
33309.9037933
33692.2394883
33767.3471667
33905.7769731
33695.6206687
33797.912187
34176.5809441
33983.2689498
34087.1910757
34203.8878379
34598.7858411
34402.6266185
34520.7455183
34597.5611587
34969.4174046
34800.8895829
35206.6592889
35005.5481915
35063.7730575
35499.9832904
35320.7298626
35716.3466964
35526.9558695
35590.7368265
35679.0822559
36120.3474626
35898.1466306
35980.4686706
36386.2682773
36199.9416337
36267.6792901
36379.9976385
36493.3939693
36606.4487227
36701.5414932
37115.2414887
36887.251097
37300.8027339
37094.4885694
37506.5469718
37602.5737471
37388.5978388
37518.5133169
37888.46369
37667.4490567
38094.7459726
37870.1130327
37991.1753517
38384.4108789
38195.0724119
38592.1342074
38396.8386522
38507.3124213
38897.9443175
39003.3063302
39137.704601
38910.9809239
38977.7575761
39106.9927924
39209.7966029
39317.5419463
39371.9741988
39839.2145708
39611.5804624
39992.2748721
39780.6986097
39901.3452595
40009.6285686
40406.9716502
40193.0023271
40292.219853
40408.3153935
40482.7301571
40937.7886592
40702.3047912
41097.0215622
41202.4325721
40969.424088
41123.3446106
41565.0302196
41615.1744682
41691.1932434
41785.7334924
41624.0751324
41694.3647239
42089.3235321
41921.2899748
42281.0725224
42111.3165535
42496.4637998
42615.5963464
42399.3741926
42485.7230498
42917.2239454
42724.3789586
43090.6884292
42910.7026464
43303.0185314
43370.0202641
43180.5690805
43307.086835
43673.9004401
43507.1720798
43628.0716742
43714.5595924
44084.9271718
44202.8411699
44032.770822
44388.86159
44525.7828873
44593.5019317
44703.35691
44485.9782491
44609.7256647
44674.8404336
45076.1117818
44925.1741567
45311.3337028
45079.0834486
45498.0892269
45309.9752886
45421.6159743
45525.8983557
45571.0245391
45983.5055847
45814.9501738
46192.0538748
46360.0586585
46090.7100103
46197.2552922
46279.8336733
46389.8093316
46813.0654157
46578.7775939
47035.8404725
47097.7649733
47227.7135368
47017.5631051
47099.1581158
47176.5194928
47290.0028787
47655.2706524
47821.1798875
47621.3244788
47997.7043077
47793.919117
47899.9987907
48005.8716883
48416.0697526
48177.9462601
48335.6653256
48386.1746783
48514.3112559
48879.239319
49023.4472958
48770.520291
48923.7930984
49285.3859646
49417.1472249
49199.1278397
49629.9380584
49681.2038529
49830.0135669
49598.1492815
49713.3856019
49804.8678706
49915.1752422
49984.7819977
50410.3901998
50509.4188177
50317.0507687
50717.098219
50542.6339683
50587.7455045
51024.1784795
50809.6629761
50878.165209
50972.5451014
51095.6568069
51477.6642612
51605.967041
51710.5645575
51472.8451338
51911.709796
51715.3308925
52100.7735798
51888.4943756
52018.85742
52084.1851429
52506.9545468
52616.5636163
52711.4750508
52477.4614527
52897.2245915
53022.6982108
52799.3381768
53183.120706
52955.7883037
53088.540369
53197.2393287
53586.8098091
53389.0448654
53510.2892701
53600.2194936
53991.4058958
53816.789397
53865.9349512
53998.9744233
54395.1078049
54190.1990717
54584.0636555
54402.0596449
54475.0801729
54606.1745545
54719.461279
54810.7108098
54886.5758715
55299.4551434
55096.3868337
55512.5734991
55588.8790188
55372.4730073
55796.9441932
55597.4566351
55697.5373653
55798.6239762
56151.1230011
56003.3566854
56406.808523
56541.3641514
56292.9367417
56693.7069729
56796.8717371
56605.0744165
56687.2583569
56808.0650743
56902.1721111
56987.2493532
57391.1562513
57188.5532868
57314.6588667
57708.49271
57517.1845381
57896.3195561
57967.0695975
58098.0689661
58235.7521917
58303.0078979
58101.824326
58188.0800916
58301.6615129
58723.2223387
58808.8335574
58603.7055159
58695.0414029
58787.1166042
58941.7567757
59321.1304405
59413.3382153
59496.8345764
59605.3235471
59386.3178817
59530.5383288
59601.9809382
60028.6116116
59774.3362238
60188.3645453
59976.6719357
60111.3599982
60206.682987
60287.7879057
60709.843017
60525.3856282
60597.5225113
60684.0067388
60832.6742969
60881.3654355
61019.7904589
61398.4763253
61505.2998975
61301.9694595
61395.8715758
61515.8700301
61615.65771
61971.0454351
62102.6041321
61888.9891933
61996.8555817
62120.0913938
62475.2748356
62295.9710234
62400.7919895
62769.2773733
62901.7638756
62981.8750548
62826.0990275
62902.2264767
63263.6129821
63410.2089101
63489.5277191
63632.7183203
63384.7540921
63514.2810381
63608.7030417
63992.409504
63815.3521737
63904.7955013
63988.9907745
64105.2507417
64176.1133143
64618.5113076
64397.0869352
64510.7142945
64587.5373623
64996.377633
64809.0746564
64889.9724156
64984.3877339
65101.946567
65496.3263302
65276.6765123
65664.7505975
65795.1164317
65885.9082249
65696.4287028
66083.5633303
66180.2698757
66275.5719516
66411.2201316
66503.8752165
66283.5866222
66414.4807837
66486.723691
66579.7647378
66706.1066406
66802.5556744
66919.8194301
67332.9288423
67096.74638
67494.4187752
67288.4572955
67724.4253628
67491.638096
67589.6144688
67700.6337945
68107.2570646
67864.0469045
68323.8346092
68083.8450542
68538.517361
68330.0769821
68397.5352427
68780.2698568
68605.8037746
68990.7704612
68797.4263466
69177.9335838
68994.7140701
69091.2069913
69239.8825759
69576.9328417
69717.859514
69802.1044129
69884.52694
69678.2101598
69810.1040798
69868.9602711
70319.5969634
70103.6954513
70505.0252074
70312.7932817
70651.6897936
70816.1464167
70616.5703694
70707.3321813
70823.9791068
71204.1242932
70982.7277499
71092.5806909
71217.8588157
71313.0535214
71403.9262429
71504.7726394
71614.2259845
71715.0243385
71808.2239373
72198.3569503
72023.1710919
72389.9368578
72186.3218294
72304.5696858
72411.1175891
72510.3953438
72645.024051
72700.0792749
72802.5126795
72908.9047226
72994.9179033
73430.0444971
73232.0786928
73618.7080208
73410.1789863
73749.9153683
73895.8752739
73995.8824167
73818.7346339
73883.2849442
74000.4710576
74417.6998228
74202.6702234
74320.9725258
74396.6353996
74527.353318
74916.268528
74979.7751899
74836.0036419
74885.9594173
74988.6752172
75121.5068694
75209.1081531
75605.9298186
75722.5124098
75484.0790226
75601.9795845
75694.5176036
76131.3164657
75887.961921
75999.4997881
76426.7632787
76516.4528766
76292.4224856
76428.5714214
76495.4688806
76903.2833108
77034.4778751
76810.7917103
76913.0808201
77324.8349976
77097.2748513
77510.5726262
77312.6728562
77405.8539956
77758.5415874
77605.6273708
78019.0046578
78095.9014867
78231.0813377
78271.8444828
78119.3815742
78184.8801343
78572.5131337
78370.9373484
78492.2168948
78914.4221627
78702.5025362
78806.9897227
79212.2123205
79267.3398494
79097.1693255
79502.7680009
79316.1318512
79416.1602974
79500.5899058
79593.8444303
79994.034632
79794.3878481
79889.7549835
80304.9766706
80374.6891398
80214.2825644
80617.8862748
80712.8419201
80509.1500509
80889.6377382
80710.8248299
80782.1650965
80886.838103
81299.3304758
81418.6706336
81508.8421933
81303.023138
81399.3953705
81480.0967565
81632.5685748
82036.6731374
82091.6649763
81903.3787149
82017.0056383
82110.5831019
82183.75708
82586.6771996
82410.6579129
82786.0942077
82898.562422
83043.5564282
82817.0606481
82898.9830532
83325.5054621
83404.753158
83206.594486
83319.4320981
83430.8927935
83820.4662293
83620.3705307
84015.04325
84080.0747914
83921.3936502
84325.5955935
84103.2181749
84214.3382028
84293.8278811
84725.8070219
84788.536969
84592.7122369
85009.7329426
84816.6711639
85211.0061154
85004.9293588
85117.5662811
85197.7665103
85315.7252162
85699.8989861
85504.5762714
85904.4399408
85688.9037941
86113.2007751
85879.7057471
85996.7117802
86127.8046769
86483.9262841
86301.4101889
86411.7146557
86504.0164921
86608.7176451
86686.4210001
87118.2997947
87208.9438978
87008.7997592
87088.2137977
87498.241776
87325.5027461
87401.8458642
87505.2117175
87612.7224489
87691.445767
87779.4246246
87904.5012639
88011.5242488
88410.2648315
88171.6524771
88583.4772257
88414.9524246
88515.4126838
88609.0167042
88702.8721199
88780.926639
88891.5505699
89025.5028769
89104.7293374
89518.1438189
89590.6085208
89714.5232395
89492.2741243
89894.0232949
89708.1210507
90108.8911321
90203.1490682
89983.3026082
90127.7493178
90525.7323997
90319.5918026
90680.2269868
90770.4151394
90588.2101316
90695.1528502
90805.2843833
90930.55271
91293.0317339
91412.3461527
91200.8660301
91609.4015229
91403.8441415
91502.8245246
91577.5695487
91998.1482799
92105.3944473
91882.2809836
92002.6220512
92112.7530716
92512.278215
92318.4885222
92701.879033
92808.4438335
92598.8693855
92751.9434261
93126.2988071
93202.8964113
93286.0588042
93399.5656555
93189.0902094
93301.624078
93416.4920894
93796.9430545
93600.1363832
93987.5600675
93800.6048997
94225.6530682
94288.9104429
94099.3720337
94186.7254546
94304.1151728
94392.0467743
94816.2712143
94587.1487305
94991.6909081
94796.4280837
95171.6338043
94990.7491812
95392.7657543
95464.3852023
95306.4382501
95417.8118869
95463.4273523
95592.5514573
95722.8304476
95823.5365627
95923.5511527
95973.6632161
96108.7246895
96219.2428468
96614.3222418
96418.2691368
96525.3789957
96607.8445496
96704.4603458
96812.0913036
96890.0279656
97286.4990156
97127.5188042
97219.7560751
97257.4288743
97400.578283
97794.2433635
97618.9862567
97976.9631586
97793.0933382
98224.3921194
97992.9557339
98393.7345268
98510.7540567
98598.006657
98400.3580298
98514.4724588
98601.9726835
99035.934205
99076.3002301
98909.7786292
99015.3859414
99417.4052209
99497.5803047
99319.2561084
99387.1585455
99813.265204
99595.4354391
99688.0299628
99810.5625607
99904.2433418
99979.5484441
100450.828308
100505.909608
100602.830492
100683.72843
100784.579245
100590.480834
100720.241593
101084.632757
101193.225442
101011.503906
101406.69292
101504.562253
101299.653298
101712.7053
101517.395364
101595.698593
101679.678004
101798.20191
101869.326499
102009.226964
102409.725928
102176.834323
102334.872111
102686.556652
102525.617475
102869.936985
102996.232899
102788.054252
102917.442788
103312.993111
103412.228157
103188.289194
103597.958263
103385.192171
103518.065264
103593.312368
103696.97583
104116.975655
103883.57798
104257.561989
104112.495456
104196.996054
104592.413518
104414.528995
104791.946511
104644.858753
104713.120026
104807.514284
104915.537498
104992.598403
105119.678913
105541.367545
105304.684842
105374.07465
105802.742797
105566.98746
105956.782652
105810.410371
105913.810072
106017.082422
106127.343171
106205.364945
106631.182469
106396.728846
106543.805549
106901.055038
106708.381601
107127.903855
106890.236659
107279.356283
107386.484936
107199.167642
107327.248671
107712.633655
107776.504617
107589.836685
107991.863811
107788.674752
107903.079948
107992.991848
108100.949982
108189.04242
108289.427848
108406.419943
108807.81622
108599.8272
108676.200264
108809.001033
108915.955708
109332.489315
109071.440599
109178.276656
109584.856964
109722.304571
109509.677213
109637.50928
109722.250826
109818.39082
109905.688695
110295.108769
110115.141257
110205.231715
110316.366485
110405.77174
110837.646359
110588.762537
110693.221681
110778.310436
111193.469008
111005.528148
111108.297055
111482.819098
111288.348375
111414.687129
111489.908969
111921.162512
112075.143934
111810.279162
111894.390893
112312.334753
112116.447675
112515.687358
112604.568486
112404.488836
112493.082732
112637.30271
112973.652937
113121.804058
113203.921037
112996.075341
113084.171159
113195.003779
113579.290248
113682.25346
113542.211971
113590.648299
113992.540989
113808.282728
113913.086804
114031.384749
114321.424559
114489.771467
114331.537188
114371.592235
114825.530779
114921.68943
115021.739738
114795.222554
115186.752554
115262.12766
115096.023094
115191.741111
115315.290201
115419.457302
115792.975567
115903.013744
115996.39276
115819.626406
115917.500074
116003.547807
116105.787684
116238.222611
116307.007129
116417.156826
116816.128138
116868.500343
116703.98912
117053.367508
117171.023569
117005.572668
117414.22338
117209.859939
117292.216989
117399.457762
117818.223077
117896.863591
118040.299445
118104.929278
117871.241484
118292.408735
118402.952039
118174.324219
118283.234185
118669.213705
118802.696826
118924.181549
118728.469086
118806.950004
118870.792641
119006.006001
119086.07702
119195.240927
119591.413261
119390.783808
119513.330724
119620.635585
120022.632463
120106.968842
120227.419833
120313.714096
120066.876784
120169.60243
120312.777417
120715.993514
120515.72291
120600.002029
120721.756929
120819.546641
120885.922968
121006.048009
121086.083118
121489.161628
121281.532011
121681.288791
121777.561051
121945.567518
122013.041431
121804.88193
122178.514555
122312.921961
122408.153772
122210.64917
122617.041347
122393.248513
122477.299947
122598.757332
123008.320369
123088.788948
122907.766987
122990.16249
123385.425859
123523.091127
123266.221678
123721.976825
123497.034771
123860.521943
123673.968984
124097.29293
124185.959928
123997.406985
124093.119767
124218.802309
124305.754471
124388.404739
124484.504678
124591.147064
124997.163118
124840.508322
125223.831571
125320.129727
125084.430263
125487.966464
125329.667908
125687.248723
125467.010204
125606.173848
125996.832152
125800.588905
126181.058171
126293.036424
126097.847952
126198.950084
126286.556245
126707.00596
126801.419219
126588.323867
126761.783311
126815.876389
126941.380097
127307.815079
127392.112536
127222.831605
127320.557541
127398.49973
127489.920602
127558.168357
127706.648676
127816.20148
127881.220396
128296.325786
128378.576175
128202.142424
128300.516859
128385.155316
128500.955661
128915.606727
128702.519569
129111.704082
128895.447057
129312.604862
129428.37926
129202.817022
129596.811712
129375.280639
129494.977657
129890.787056
129980.837663
129814.999715
129898.592941
130004.402103
130415.398176
130497.18763
130321.914585
130409.214572
130779.616926
130587.944717
130698.916343
131095.158232
131192.792598
131007.206707
131118.733193
131227.016113
131604.966293
131685.440238
131507.720465
131910.383195
132006.363861
131816.775243
131936.986497
132283.996936
132094.782871
132188.243922
132282.601894
132399.235294
132473.903745
132590.7472
132684.808524
132804.390502
132881.115762
132998.87117
133359.197584
133189.667603
133615.961933
133399.26983
133802.228413
133605.492163
133667.888614
133809.512656
133888.135821
133992.279179
134088.083792
134244.586259
134291.231703
134709.382635
134473.926252
134634.253169
135001.835108
135093.144764
134919.404855
135019.333511
135423.399748
135529.148604
135298.282108
135680.178844
135505.019868
135889.958786
136024.843584
135768.599509
136207.903169
135998.062393
136117.360182
136194.069361
136289.665938
136396.000713
136509.324088
136612.009315
136702.460908
137140.872121
137172.334821
136984.686574
137114.46842
137437.458571
137294.500467
137385.735374
137500.096483
137602.629873
137689.331082
137802.536441
138222.054498
138036.756245
138400.219505
138206.244183
138280.233124
138719.609257
138488.336642
138616.640004
138682.839727
139100.761486
138884.554956
139029.263735
139111.233425
139193.13441
139604.120815
139680.837109
139814.460699
139914.198186
139681.900774
140086.099783
139894.861803
140303.667208
140396.285433
140234.41415
140305.369986
140405.072823
140810.983255
140908.12053
140695.864048
140788.270698
141190.270738
141288.248241
141076.900576
141179.424147
141304.7786
141385.345117
141483.163455
141582.863731
142045.240716
142106.604307
141873.185368
142002.496768
142106.263703
142534.525265
142585.065433
142717.112711
142477.911996
142598.808713
143031.529372
142827.171309
142848.237342
143021.42702
143104.181297
143474.594746
143599.003616
143377.163509
143832.581865
143581.813481
143729.78086
144117.739291
143907.305472
144293.537312
144112.915742
144513.848107
144615.361333
144715.68595
144765.870145
144608.817862
144710.908286
145109.471342
144860.653848
144966.87894
145435.536241
145482.076741
145301.541044
145714.43704
145503.14021
145578.828244
145707.387724
146092.128724
146191.447695
145989.373847
146116.359602
146486.077754
146568.970379
146409.202398
146805.843442
146916.389622
146984.637937
146763.020506
147209.78368
146983.793222
147117.744903
147174.205737
147317.656607
147680.14379
147809.236463
147907.565141
147702.499332
148091.506916
148214.105659
148020.638295
148121.294621
148487.751845
148588.319263
148736.851005
148758.493738
148893.966323
148984.181876
148769.156005
148909.418944
149283.781108
149100.046693
149227.349851
149293.49953
149392.656009
149520.440409
149602.608182
149686.737994
150096.043074
149910.406158
150010.300573
150089.369702
150194.084436
150616.917993
150416.150742
150478.363065
150612.976314
