719.988754864
811.731559918
873.605113649
1006.51216124
1379.77201987
1204.43217434
1625.05199933
1693.53015588
1817.3087242
1601.68300231
1720.48449486
1822.36658266
2189.1603504
1975.11336064
2098.94176707
2494.75569539
2313.78959859
2710.46116951
2496.13603848
2883.56317484
3027.81112017
3116.5203821
2861.24190389
3017.99409822
3094.78264649
3192.41419966
3303.16881899
3683.60396696
3498.71521179
3590.52218205
3686.66910326
3805.24457719
3925.37864698
3999.11366267
4074.69721196
4216.04242514
4298.17743874
4421.25320147
4798.95976957
4614.42224627
4695.57281249
5097.74112492
4872.29179677
4980.33149883
5399.04659782
5194.66237184
5563.82343354
5424.34974034
5518.89734158
5615.29550698
5692.03840008
5792.85091073
6201.81153178
5999.55259114
6373.068968
6492.15003941
6329.03755271
6673.82703208
6795.94169074
6897.2060727
6983.20250381
7136.93989483
6873.56657207
7277.16959988
7106.48019086
7175.44367088
7577.38584403
7415.09054728
7750.21084828
7595.85773371
7691.39708883
8103.07168122
8231.81850044
8305.71615849
8407.03950553
8224.02549411
8572.5901932
8460.9340284
8847.5172714
8912.93503946
9024.89635405
8819.04133213
9221.56016406
9004.11848899
9140.91158797
9529.32818229
9605.06278638
9405.24296499
9834.64597072
9638.02802649
9956.63672013
10117.334174
9909.30701318
10013.5551955
10380.2314157
10492.6522939
10316.136808
10416.4495273
10503.3011601
10600.0671541
10704.3921176
11124.736129
11189.2870955
11324.3702606
11080.3550428
11507.6829991
11325.1408654
11414.4055498
11524.7082463
11915.1815155
12016.2462811
11792.2284731
11882.2847265
12014.0361851
12089.6205476
12515.5259613
12574.2877416
12681.3841933
12475.6762308
12920.7572163
12997.0535662
12783.760357
13225.0319911
13004.1455449
13125.1756419
13466.001062
13326.905751
13399.0166447
13494.9826496
13901.7515111
13993.2278712
14106.4013652
13896.5832491
13984.0989077
14420.4698116
14227.8610194
14633.3288192
14712.1554299
14520.189109
14591.0812209
14985.9472155
15089.3877322
14885.1831513
15024.2387537
15104.3757045
15524.4181248
15618.5646754
15432.8552538
15777.9155361
15562.959228
15716.8967391
16131.3010065
16168.2225568
16313.124247
16410.4948697
16226.2376753
16334.5016874
16679.9667272
16476.7929331
16914.8305661
16717.7042154
16803.6169957
16888.9144744
17317.7673633
17104.4385387
17469.1874102
17314.3016444
17398.8104707
17522.0028424
17914.8726217
17996.7564395
18119.1804819
18208.8309073
18312.9140482
18122.8136354
18527.4745526
18295.7139944
18665.1444885
18523.4815985
18612.8235896
18728.1915304
18817.5557254
18885.4505888
19312.4575588
19138.3154431
19228.2177241
19295.1041223
19411.7372036
19548.8944745
19593.6639725
19717.5285658
20109.655568
19923.6214923
19988.3974486
20082.5768329
20201.7511634
20289.8076968
20732.5951781
20507.5617294
20843.6893177
20951.4634701
20792.6185224
21177.9190901
21001.8265494
21114.7661915
21505.2537304
21591.7157483
21723.669292
21792.5357192
21595.2486994
21986.6049958
22099.8569778
21898.4402992
22321.7982339
22390.8523987
22227.6350965
22299.5118291
22430.2638227
22477.4182854
22604.2518596
23003.5870627
22817.1701214
22895.2747481
22983.7622617
23086.7442021
23476.7589548
23607.8102624
23391.6958534
23786.5492741
23607.7628986
23726.2314355
24127.6798104
24208.5787136
24295.7383238
24131.1925167
24174.3801163
24305.7922026
24411.5789957
24813.6647606
24874.7826953
24698.0879814
25126.8963768
24883.2232649
24992.9551077
25381.3634543
25497.5043824
25304.8685699
25701.3356618
25482.0996864
25903.5597656
25963.0275505
25825.133019
25912.7285779
25984.1829026
26425.8378147
26248.9613479
26614.939766
26724.916626
26459.7546246
26606.2114825
26976.6400798
27089.7646974
26903.2973929
27012.7948652
27405.4789457
27470.4671642
27578.7677158
27664.8539517
27505.6916232
27586.2176414
27714.0515962
28107.1901419
27911.5447264
28315.2964644
28388.7274129
28189.4904021
28267.8048616
28425.21286
28520.9567987
28908.1021156
28687.0392244
28771.8345362
28876.6626777
29321.9893678
29121.7432251
29205.9081274
29623.5557577
29388.8149721
29786.6389507
29616.5561797
29708.7315273
29782.0761999
30214.4032976
30000.8921667
30103.2486883
30195.912633
30288.9183497
30402.7327208
30461.9393875
30909.0331987
30990.7667139
30798.0360464
30918.4333902
31006.1284672
31423.17048
31509.1454378
31594.7081614
31390.7038249
31776.9386595
31632.0158353
31985.6316278
31818.1912988
31896.9003259
32307.0526616
32080.0895444
32515.9480289
32273.5818718
32693.3788232
32539.8367074
32885.6890529
32682.4140656
32782.2362098
32918.3078364
33000.8295668
33116.0643956
33192.6216824
33302.8026869
33713.3761715
33766.2607919
33615.0079781
33985.0422005
33804.8084032
34199.3069504
34024.4246522
34131.8277565
34222.7940028
34289.5435846
34392.042444
34788.2012991
34629.5960634
35034.3908834
35110.7804085
34879.7061735
35276.7047793
35116.3368653
35192.2892705
35338.2646886
35678.7632746
35498.0763872
35876.0652015
35704.6370354
35786.5353726
36163.7488137
36298.1215335
36081.01363
36487.5889678
36314.2502922
36400.2240802
36477.3141547
36871.8707825
36985.3934486
37068.4985852
36881.9547089
36967.2911784
37428.3631704
37493.9340276
37609.9844077
37384.1672334
37482.913279
37614.044135
37973.8997055
37814.885441
37901.2047372
38290.4914364
38396.9722806
38223.4500842
38304.8586652
38404.2123896
38805.4325271
38882.8437925
38711.0359543
39065.089474
38898.1446731
39000.7197689
39378.8990597
39495.4945116
39288.0698878
39692.9290977
39758.4949492
39914.9708864
40021.9536117
39807.3708219
40185.417419
39981.5295122
40110.6542505
40202.5720561
40301.5823496
40689.8111973
40534.8633978
40892.1203448
41014.9878567
41109.3815492
40881.5993925
41013.4704726
41393.3727942
41525.9835759
41308.2666461
41396.4068429
41508.201131
41910.475707
42021.4103733
41811.6917134
42199.8037336
41976.532427
42065.7153756
42539.1411823
42296.8521028
42406.8651212
42508.0533674
42624.7761515
43049.5589223
42797.2627785
42902.5798557
43328.1303815
43366.0705058
43195.3859042
43618.6322087
43399.3776782
43497.8924632
43588.2041495
43721.9973435
43799.6142771
43899.7659338
44296.8091716
44114.6057331
44526.7768207
44311.0273803
44420.449659
44512.4258284
44606.4683327
44706.5616091
45080.839509
44917.2934882
44972.9456163
45394.9198454
45184.593658
45312.5075155
45429.9252274
45783.5271122
45894.0276699
45707.743714
46113.7527148
46198.9116068
46030.7778628
46085.4697953
46523.0042269
46288.610882
46388.8606537
46789.5902305
46576.1842657
46690.7803116
47097.3090697
47157.278376
47294.2116866
47074.6942919
47212.4006496
47331.0176108
47676.7541884
47827.5181857
47887.7188738
48020.9947513
47828.7037078
47894.5749524
47986.7893805
48108.3444045
48526.2961877
48584.4762948
48414.8341775
48796.3039913
48581.8213556
48998.661917
49105.014347
49214.1788653
49274.3016437
49090.7273826
49490.9777611
49322.4341887
49698.2789552
49501.887491
49885.7542614
49991.6631819
49794.3643125
50150.8193685
50022.0754578
50079.889086
50496.9107546
50585.2994829
50437.0026388
50484.1676598
50859.4406923
50675.3186018
51111.8874954
51207.3795799
51317.3716846
51076.5318571
51168.0690356
51317.5258162
51685.1337598
51511.1189241
51610.3058586
52024.8153274
52083.0323658
51886.3175364
52300.4056679
52396.3456186
52513.2939985
52296.476402
52386.3490714
52776.0753044
52888.8434091
52661.0736006
52791.216405
52906.9315108
53297.6587089
53078.4059802
53529.5319849
53586.417087
53730.4905815
53799.8671073
53624.055704
53969.7219049
53786.5403968
53907.1584623
53994.7155799
54410.6019632
54512.0010777
54302.2195286
54378.1402762
54502.2969047
54602.5669622
54691.2137644
55084.4536428
55219.6978018
55009.7343542
55101.9637128
55476.053541
55323.1067749
55420.7876288
55503.5396455
55614.565583
55691.3918337
55800.9510328
55933.1994022
55992.8531633
56110.0060645
56199.6910948
56308.0384391
56700.673802
56797.6958955
56923.0974044
56715.5876042
57095.584746
57220.2706155
56990.1710869
57057.3118733
57190.7364175
57606.5390472
57422.0383981
57455.6150134
57584.5718804
58002.1408535
57791.2458131
57920.6151181
57972.2497376
58123.8426754
58189.1900264
58325.0032005
58690.7678614
58523.5184669
58900.3597137
58983.2072723
58802.9844634
58873.1447104
59311.2304183
59085.5834801
59234.0342103
59310.9852424
59707.2868735
59501.8413864
59921.3882974
59701.0284839
60107.2221533
60191.4437327
59985.5356779
60107.7167607
60215.9277579
60590.5612711
60400.4586132
60521.7782238
60588.6149566
60993.4847217
60792.9817304
60912.3688977
61028.0686076
61077.3106037
61200.5685851
61605.2109609
61385.0307774
61490.8321846
61582.8242739
62000.2235469
62085.5808269
61896.9134855
62292.9114018
62444.1685893
62204.0551681
62315.7500944
62731.3655083
62508.8531659
62596.3951167
62710.9018376
63059.1473267
63191.3673426
63312.1221301
63378.2526317
63192.1592431
63273.1261887
63426.1049076
63494.8540439
63590.5586533
64015.9854085
63805.6107619
63858.8198011
64337.9492222
64393.2224623
64192.1529238
64294.0982062
64420.5468201
64493.5150641
64625.4959871
65015.3078155
65106.0357854
65213.5188886
64987.9556584
65099.0916858
65515.5558225
65292.4773071
65388.8131316
65501.4645498
65612.2290713
65678.6255337
66100.2295461
65900.0428675
66009.7014619
66372.2310975
66191.5394907
66326.0862159
66699.5557654
66770.9352673
66601.6604855
66682.8966273
66815.1968247
66893.6888792
67010.9680569
67087.9113115
67206.0259849
67324.6276182
67436.8963885
67505.5577433
67896.5216308
67939.0011877
67816.8843569
68205.9184914
68304.2401359
68069.3872528
68196.5933664
68599.4128322
68399.8947577
68497.174167
68599.6726435
68703.4458539
68799.8774709
68906.0456681
69024.0639134
69114.4399839
69509.722335
69280.0525524
69683.6366818
69789.7565825
69581.4582886
69680.6059739
69791.5066204
70199.0060122
70321.6398478
70088.026595
70174.9177954
70279.8586601
70709.8521458
70816.4723794
70628.4725155
70723.3819346
70818.997762
70889.23487
70975.4105272
71379.9208847
71180.5151029
71617.7222331
71741.3159099
71769.2846558
71937.3617424
71714.0731415
72097.3335741
72206.8272908
72322.4023992
72390.1041231
72207.1827672
72579.9040354
72384.9325971
72825.96516
72656.1499042
72679.0516894
72790.2784
72898.7963029
73298.6709021
73111.0402589
73211.5377128
73286.7788137
73414.3223991
73475.5175197
73886.4213328
73711.7326281
74104.0171588
73891.8775051
74322.7517344
74121.6449451
74200.3555049
74614.9170611
74710.1412707
74500.9647304
74589.7766112
75029.7859256
75088.2166784
74868.5380607
75325.0065967
75088.7111648
75242.0089864
75314.0064368
75380.2265924
75826.2736771
75885.5052087
75692.9357474
76080.6393051
75888.1585348
76286.7743242
76115.4871274
76493.3921716
76299.207776
76719.7546137
76835.1829618
76597.8465848
76678.6777895
76834.9239975
76895.7954772
76987.7581017
77410.5540903
77213.6501962
77322.5186331
77660.7793846
77506.3656307
77903.721812
77697.3569424
77767.4692324
78237.9277901
78306.2432561
78111.0174824
78224.5004192
78290.5640831
78419.7239286
78496.9144339
78911.0711573
79030.6556904
78783.5327649
78900.2705897
79273.2109667
79412.5362525
79482.0571803
79295.3890573
79407.6559426
79503.6596138
79904.7742871
79685.3720554
80083.4109097
79900.3009001
80026.2938061
80396.6169096
80198.2040415
80613.8221768
80694.7254227
80498.3958676
80589.0865937
80732.6079612
81089.7654151
81217.2835301
81285.4388247
81099.9827702
81220.2766762
81293.5771329
81411.8058603
81830.9659641
81593.8206751
81713.8823943
81804.4611473
81843.4485055
81987.6341586
82120.1208054
82214.8857078
82322.7806421
82424.0501245
82488.96901
82584.4137947
82685.7264294
83085.4516007
82910.0075803
82975.3982251
83133.7815845
83196.2655542
83614.5673429
83683.721664
83800.7084179
83587.974865
83976.1876379
83814.2197815
84173.0970137
83998.1931401
84116.3496937
84509.4927379
84286.6454766
84679.7301413
84488.3703934
84913.5700336
84717.4009333
84786.7582003
84908.498752
84996.7759929
85101.9075764
85486.3182169
85318.8578593
85407.0479452
85787.3385804
85617.2477363
85699.8543895
86081.606324
85892.7286746
86324.3339398
86410.1375716
86230.6685919
86300.8253904
86724.1723054
86521.5781508
86594.8397038
86719.4863124
87133.9657922
87200.9994699
86974.7384433
87080.3664129
87206.8552104
87617.3782388
87394.4217617
87772.7862136
87593.7754846
87720.4702105
87793.7371733
87925.6244145
88278.4103462
88406.6802826
88171.7754476
88305.0702819
88734.0774226
88506.9376696
88917.9534997
89026.9516554
88789.2978112
88898.6987689
88998.9423527
89100.9874481
89201.5548133
89306.9121691
89394.5073901
89805.1955782
89610.8027874
90066.8160932
89797.3664007
89910.7209116
90304.0929837
90396.0260403
90190.796487
90298.6049842
90402.5069431
90763.4366052
90616.0677701
91034.519265
91079.474277
90923.8491755
91019.268075
91404.0935078
91483.1092794
91296.785377
91667.4621741
91494.8191837
91620.0137158
91996.5743384
91796.5871384
91873.6556043
92318.0964221
92073.8223637
92188.9390145
92261.6333113
92713.542941
92490.6149435
92624.4754286
92728.4884994
92795.7483239
93173.6373207
92991.694124
93407.7526123
93231.9072303
93320.4869338
93680.8275096
93515.6621567
93903.1310607
93957.304759
93802.7662584
94237.2858558
94294.8782073
94110.8394158
94495.1865154
94316.4759587
94699.1682688
94499.4989327
94600.6755597
95006.126871
95100.0854929
95214.4138755
95018.7750301
95383.3617071
95483.2227452
95325.4531974
95377.0310257
95476.5428384
95881.0588067
96013.7621231
96082.3627996
96178.636678
95979.6054797
96423.0277138
96513.271955
96296.7767922
96411.2954303
96504.7152847
96878.5783658
96731.8464233
96798.1575625
96906.0828072
97000.7683436
97432.7518521
97193.3234362
97308.3083076
97388.0904294
97776.5340346
97608.2319428
97711.5361756
98102.2406339
97910.4181266
98294.1865354
98088.5839607
98506.386303
98560.4736646
98405.130799
98451.5523026
98575.4430388
98991.6667034
99107.1596263
99204.7430832
99328.9197547
99430.4632686
99485.8675692
99264.7070072
99723.9741075
99811.7004415
99594.5283625
99705.723554
99808.3219108
100218.557376
99985.5213501
100414.484031
100193.13603
100306.751346
100413.037263
100509.501141
100617.322274
101029.841815
101109.473525
101211.958673
101293.548853
101391.323609
101177.255613
101317.146321
101413.800419
101484.674192
101597.669348
101682.930499
102067.540958
101931.896247
101964.817565
102084.836449
102211.556083
102272.572775
102430.830914
102829.773671
102607.66628
102703.010361
102779.878616
102886.166972
103005.985789
103061.418888
103209.637511
103607.938669
103422.398245
103502.04546
103600.494526
103694.277084
103798.683626
103921.969572
103980.70431
104402.793365
104471.162716
104281.136711
104398.922234
104516.448191
104915.016999
104694.218562
104807.276103
105204.803603
105266.629117
105391.680444
105482.772735
105303.956938
105673.273024
105805.756465
105619.867114
106019.822684
105769.235614
106199.198871
106303.128589
106090.21808
106189.906291
106632.060318
106403.060763
106788.957479
106925.362677
106740.013289
106773.347767
107203.820778
107303.292823
107404.402863
107214.215944
107294.748781
107408.528385
107758.313207
107600.649995
107977.350932
108091.372963
108200.477548
108277.677432
108069.575016
108525.044894
108312.696782
108705.380251
108501.832234
108913.288399
108999.858086
109084.045638
108919.789162
108967.361113
109093.443073
109480.253567
109318.858047
109393.179717
109790.254382
109942.517659
109683.912749
109818.854159
109916.79409
110022.238101
110087.240145
110220.300472
110270.654589
110420.248613
110481.276442
110876.886861
110977.694479
111145.662251
110893.749622
110976.012216
111090.627906
111528.593604
111579.404115
111405.288598
111796.565752
111581.331437
111989.31888
111809.735765
111910.118643
112326.499585
112080.543026
112210.787264
112614.958002
112714.438473
112807.103233
112601.533766
112716.909944
112820.680967
112921.808165
113021.444336
113404.446883
113487.364605
113294.491899
113421.421538
113498.372986
113906.923902
113683.822069
113795.962094
113873.256601
114003.999622
114097.627956
114218.21528
114606.974242
114435.039419
114842.302193
114901.075867
114971.672759
114801.240962
115182.321192
115031.796323
115079.711256
115186.443486
115288.007477
115369.647009
115507.144377
115617.951457
115965.618441
115781.56884
116216.31325
116338.362096
116105.645625
116480.611319
116272.782906
116410.776234
116496.675019
116585.93569
116989.57543
117079.033966
116903.557973
117009.491676
117088.789251
117222.269406
117604.197588
117378.439407
117865.49425
117606.6843
117720.088055
117780.990024
117881.825359
117999.30473
118366.006711
118226.085157
118605.170163
118396.244162
118758.484573
118877.197684
118671.804616
119116.035129
118900.941429
118989.094982
119120.12918
119174.469164
119605.903215
119718.054192
119479.798145
119590.880321
119997.933476
119838.86387
120207.851692
119997.47886
120094.325431
120212.303355
120309.18892
120692.61395
120836.075708
120904.513431
120703.897087
121095.975523
120856.709162
121004.174775
121095.713376
121500.094918
121318.613568
121688.927255
121503.214227
121593.383559
121965.710313
122118.512305
121908.602861
122320.777696
122099.148651
122247.354449
122341.190942
122399.268954
122479.364497
122892.727353
122702.380818
122811.395374
122891.30721
123327.653366
123118.975697
123223.779272
123297.873649
123721.20914
123514.373215
123579.519478
123986.387126
123801.535502
124166.487491
124320.92761
124125.833201
124487.815496
124301.824804
124424.819654
124478.662652
124582.107849
124691.839144
124798.445321
124911.243674
125030.742748
125106.919988
125499.155263
125261.896536
125688.847952
125778.904348
125859.045137
126018.128158
125805.720577
126191.134723
126058.450407
126372.515117
126506.339851
126300.220726
126443.667093
126810.399186
126898.497329
126719.01135
126823.024851
127165.067608
126986.639082
127110.831731
127546.210538
127602.971663
127678.778171
127460.346787
127887.071855
127698.000493
127786.215786
127903.470068
128283.283707
128096.052226
128506.302944
128301.772313
128370.622605
128840.386536
128602.920471
128718.911861
128789.708604
128869.646916
128984.483244
129094.866439
129174.40399
129569.906033
129412.885973
129512.908753
129897.349559
129743.637784
130104.029155
130212.005572
130008.096679
130122.912592
130463.788733
130301.067838
130395.997358
130800.187056
130614.635129
130714.869429
130813.634991
130892.9673
131001.251429
131102.427138
131485.714964
131314.342831
131350.782966
131482.618524
131927.272597
131685.848004
132095.965178
131881.195916
132312.076135
132392.015391
132180.807945
132641.792895
132375.752499
132488.340916
132900.179975
132710.880472
132799.508407
132922.75559
133014.216028
133096.7015
133504.196413
133580.002129
133400.84314
133507.190802
133897.416366
133718.653928
133800.726378
134189.767591
134005.281614
134418.388744
134243.532711
134578.300704
134410.164721
134796.309243
134892.382129
134972.825678
135113.98133
134938.894471
135288.921946
135116.209504
135463.143508
135295.720694
135689.872742
135515.079172
135873.817218
135682.06084
136112.358753
136187.02771
136005.987591
136101.589895
136193.262294
136287.296829
136396.901454
136472.311604
136538.96942
137035.981419
136830.825928
137175.787125
136993.307592
137080.925035
137192.375094
137312.955959
137699.336867
137791.666262
137851.336011
137672.374657
137793.61348
137886.362045
138021.681804
138425.929519
138209.36716
138600.370439
138382.10304
138478.164949
138613.298765
138705.040881
139107.065819
138916.016724
139017.955483
139420.106297
139210.695228
139626.390645
139670.388057
139484.024648
139603.485278
139716.49653
140131.258984
139903.39408
140298.577387
140402.962907
140484.19388
140298.905244
140405.685778
140512.400824
140636.248598
140983.708047
140800.661005
141198.844194
140995.9699
141095.228138
141495.262968
141595.586886
141419.924348
141848.737113
141628.566215
141701.66165
142100.325911
142180.412813
142316.410726
142109.400191
142507.713083
142622.435889
142431.954868
142505.118706
142887.634173
143006.33963
142781.601819
142903.459935
143311.81837
143124.103447
143492.737324
143319.736496
143386.296436
143825.341233
143571.49863
144024.217395
143767.834794
143920.878153
144000.337706
144381.995822
144532.887075
144304.592889
144706.632567
144813.110196
144929.027326
145005.332646
144805.066304
144922.972175
145323.615695
145112.522724
145206.762628
145307.444888
145377.362349
145500.02699
145601.990874
145712.519827
145794.218207
145900.442145
145981.363045
146106.79964
146474.09
146312.605348
146693.816894
146490.99788
146926.846624
146734.040887
147068.238424
147188.351852
146990.304528
147410.717407
147208.973993
147313.210156
147413.896636
147479.315408
147554.318187
147702.304422
148118.136778
147900.782624
148007.812369
148391.978014
148514.610574
148299.418372
148688.775145
148512.727466
148936.279912
148663.104158
149136.901449
149214.703566
149281.529568
149404.459097
149458.346205
149614.852065
149408.88753
149491.537584
149630.341096
149678.788241
150080.702511
150204.070688
150003.419532
150365.654004
150178.288999
150592.987651
150391.483938
150789.574526
150592.735658
151010.176087
150817.666635
150877.834129
150977.547157
151079.388585
151211.293271
151312.76851
151715.363699
151797.691054
151903.16344
151718.541494
152073.112565
152225.071232
152313.38151
152103.752579
152192.839028
152631.143814
152421.705193
152775.157604
152601.363953
152714.448107
153096.920466
153221.32768
153013.582471
153389.93454
153484.406985
153609.592822
153379.721547
153501.826212
153610.168024
153741.860382
154095.988626
153938.011443
154284.957384
154116.191872
154228.499004
154308.796703
154402.175614
154480.275672
154878.183933
154727.044754
154803.411679
154861.769337
155283.637438
155110.357638
155476.435983
155317.354624
155423.835193
155523.00645
155918.565085
155727.108625
155795.959458
156195.962628
156033.137747
156089.802721
156200.684281
156300.30439
156405.515851
156494.621512
156576.874625
156706.517549
157096.335598
156888.830958
156992.586653
157120.389594
157530.096493
157598.099287
157753.228359
157462.550591
157875.851675
157989.423324
157808.332952
157874.105402
158014.12707
158412.020412
158162.865803
158602.022946
158401.351829
158494.344833
158631.793528
158992.640276
159085.103348
159217.228169
158980.930624
159401.536705
159502.413829
159307.695979
159716.900502
159504.151526
159622.586431
159962.322158
160129.481229
159877.939446
160300.271437
160413.033931
160184.85397
160625.352049
160717.553309
160799.19635
160605.498908
160673.424407
161056.475249
160876.685264
161007.421088
161398.200068
161163.355547
161282.296181
161673.621075
161495.284429
161623.422096
161983.254878
162089.779666
161898.831317
161988.306392
162107.002291
162198.722565
162310.168766
162408.843962
162784.182531
162593.462978
162986.431952
163071.549804
162881.470751
162978.681736
163100.571181
163204.55779
163604.038841
163396.508694
163808.821299
163609.71298
163698.25187
163791.294288
164169.20272
163990.016824
164445.857906
164191.000846
164296.025176
164417.633384
164518.115959
164603.76912
165016.679704
164798.240223
165239.374802
165002.384989
165068.966708
165207.445108
165303.037524
165699.954785
165515.897949
165939.294987
165693.75174
165821.947347
166191.032443
166003.81421
166077.764697
166487.03575
166562.704796
166408.270744
166498.158083
166616.628709
167003.341697
166821.790866
166918.789165
167026.552317
167083.209092
167184.502972
167296.697955
167430.459123
167505.787023
167598.618377
168029.205791
167800.764372
167890.822961
168305.559085
168116.18914
168494.453618
168287.15189
168401.23902
168502.586692
168608.040892
168714.870027
168813.380003
169185.878487
169303.973875
169101.705928
169200.238187
169611.062098
169415.661505
169479.378574
169593.325167
170013.157037
169748.006748
169887.055097
169981.725593
170061.734254
170497.732473
170589.228633
170411.50983
170526.419387
170611.405919
170715.265611
170814.58728
170922.773239
170998.577314
171416.499822
171191.541566
171302.123412
171416.193887
171783.949718
171888.422468
171724.960141
172123.794837
172200.998975
172307.771698
172118.293413
172216.39587
172288.91491
172398.943463
172536.125688
172594.09605
172702.428021
172775.778602
172906.602816
172984.925044
173089.558777
173536.520793
173593.991584
173693.321937
173786.2243
173619.757816
173720.243624
173799.911305
174184.050208
174013.413227
174420.038965
174497.239778
174269.735417
174679.584106
174764.388296
174591.738911
174996.002382
174786.131933
174859.751836
175032.787888
175069.858235
175446.491878
175638.878888
175431.743415
175811.823606
175615.070924
175979.120105
175814.830718
175922.229732
176006.494896
176099.095533
176166.219619
176296.828415
176678.303818
176512.426157
176608.151251
177012.864447
177120.968414
177213.47966
177303.775737
177116.771344
177197.462271
177307.504302
177761.185026
177519.373081
177621.830365
177686.964075
177809.571024
178167.580999
177999.652016
178090.930865
178456.982172
178597.512601
178716.153243
178520.689102
178606.987904
179032.530963
179102.724379
179200.483393
178992.135713
179090.642209
179506.752043
179301.186963
179418.078166
179502.080009
179600.446719
179699.761789
179795.263645
180181.225996
179977.334553
180088.714423
180229.304769
180304.818647
180390.676322
180523.800548
180576.862318
180707.120128
180774.419876
181198.894315
181008.368459
181100.942388
181220.178284
181309.081067
181686.53227
181497.097421
181915.107847
181704.212873
181798.165811
182197.682637
182001.795951
182395.149312
182195.824517
182321.931462
182689.24876
182500.728709
182597.491641
182977.062897
183120.596453
183207.329005
182978.536378
183091.991824
183216.31686
183305.202364
183722.150627
183491.225214
183926.307335
183685.824079
184117.719966
183910.298075
184011.569312
184095.346407
184526.038135
184612.993626
184713.954451
184805.919162
184588.488094
184990.06618
185077.30384
184906.882158
185000.070803
185125.469873
185486.266734
185302.409244
185677.591189
185496.806265
185916.917501
185686.739163
185788.75989
185926.941224
186300.08607
186410.91125
186198.518794
186581.487688
186685.009963
186775.096112
186608.550111
186973.963957
186805.81781
187193.528606
187011.592664
187398.465499
187192.399935
187332.757274
187426.36488
187507.811088
187585.483887
187703.769428
187788.063498
188208.787439
188032.022957
188095.23262
188243.495388
188586.237053
188662.198495
188489.626821
188614.672858
188696.140676
189098.275089
188888.426512
189297.979986
189432.278246
189202.757686
189312.131078
189704.465552
189788.688287
189910.36264
190011.933383
190075.668066
189878.085339
189988.785431
190377.406803
190186.569969
190592.736373
190688.950158
190507.63281
190591.922161
190994.491746
190798.652011
190930.730966
190996.698497
191096.337712
191536.290103
191313.337708
191679.774412
191759.45018
191899.511377
192001.179092
191809.573092
191895.833121
192300.030698
192078.864948
192487.265388
192278.104555
192726.554663
192513.108324
192597.536405
193024.011026
192811.261546
192918.11001
193004.949287
193137.23543
193217.90657
193287.788724
193401.45421
193521.246546
193560.873203
193688.827503
193793.272688
193942.016409
194012.853963
194114.117335
194198.422946
194573.67564
194411.059021
194527.908727
194605.01403
194686.809522
195063.447724
195156.986703
195012.555421
195380.712192
195179.995683
195291.615742
195400.102981
195488.162932
195609.508238
195976.401485
196090.823172
196223.542243
196015.968971
196118.671254
196195.235927
196303.465074
196701.443245
196493.837787
196607.246931
197016.570039
196803.217271
196894.090689
197283.456485
197379.168
197217.33142
197284.055093
197425.761886
197752.142395
197890.403298
197994.241007
197796.856403
197878.561088
198300.048019
198092.340926
198211.847292
198649.710703
198399.912199
198487.046063
198871.578031
198713.032101
198807.703334
198916.56603
199001.601249
199112.769988
199201.208474
199308.104982
199707.342259
199808.871086
199633.130106
199729.986346
199798.595923
200205.549762
200301.368264
200125.742632
200502.063254
200305.103613
200682.704524
200807.028083
200895.558269
200977.282726
201089.06427
201225.8094
201302.10983
201122.502729
201221.035343
201627.285265
201420.849676
201833.596927
201857.186291
201961.01136
202122.157865
202206.401612
202323.62183
202072.029572
202208.458251
202587.312235
202402.643677
202469.390012
202584.968514
202711.944139
202785.317439
202923.04955
203009.674478
203113.037831
203520.890094
203321.283553
203407.869082
203513.878919
203901.970938
203990.174984
204136.433845
204175.246237
204011.676093
204387.727992
204229.999144
204578.160778
204704.414902
204483.741864
204597.586762
204986.088629
204794.018318
204910.52642
204977.667172
205078.606822
205167.972227
205290.214404
205733.862791
205799.767069
205606.510071
206000.402144
205799.896109
206195.881077
206331.355107
206110.665307
206491.736601
206312.467465
206731.751613
206522.887846
206929.634398
206991.074573
207106.45278
206894.042463
207011.681573
207129.712576
207506.626613
207289.295478
207427.856081
207489.482279
207597.881151
207999.410326
208073.527961
207908.683534
208310.353375
208078.790996
208215.591253
208302.243217
208406.155093
208480.889702
208889.631964
208997.385929
208799.036382
209167.842016
209272.582916
209124.567153
209198.418063
209278.332607
209706.382339
209473.091079
209893.890622
209691.004735
209800.555408
209904.312241
210284.933219
210088.604601
210210.993442
210586.910955
210657.919903
210468.172276
210602.067645
210695.067339
211093.464182
211231.496324
211014.154847
211074.933581
211172.443111
211602.056392
211397.744176
211804.654313
211636.388237
211697.839444
211819.508676
211900.600734
212301.326699
212412.615259
212504.865384
212603.187332
212422.284608
212501.514366
212611.741402
212691.560889
213113.52213
213183.227204
212961.316967
213108.476216
213195.88965
213600.367115
213701.074675
213503.772223
213900.010684
213735.332143
213801.390834
214177.05401
214006.380954
214090.330183
214203.148025
214570.388028
214714.508069
214793.890585
214882.176491
215030.98979
214817.922052
214895.032861
215282.857981
215076.959297
215224.234575
215349.61387
215718.696344
215804.102504
215587.080469
215721.206168
216081.94234
215914.129002
216017.093233
216083.762483
216213.547846
216291.44084
216389.115532
216495.611032
216912.713932
216696.332459
217091.070269
216894.221844
216985.767425
217105.304165
217164.940204
217284.379839
217399.14993
217832.262033
217613.133623
217689.568254
218081.296314
217884.821188
218004.09979
218110.07171
218210.745352
218332.499963
218710.482239
218521.375579
218599.187186
219009.476268
218775.207198
218918.742609
219018.65694
219100.003873
219203.654293
219291.847094
219726.146678
219819.504866
219644.503318
219964.983322
219806.492165
219931.011861
219990.6423
220414.969528
220518.224967
220287.202299
220696.559514
220517.420574
220604.304025
220680.328604
221091.784705
221209.58554
221303.054455
221094.427074
221202.319119
221298.539997
221392.346925
221786.696514
221617.648238
221694.162046
222134.314859
221892.504538
222013.691251
222098.81566
222505.448563
222309.276137
222718.613003
222819.985085
222601.577084
222693.17716
222815.930258
222893.641084
223301.343449
223377.691578
223184.528745
223601.004722
223397.845963
223496.728497
223935.799275
223702.392137
223795.095627
224220.327902
223996.365735
224121.629766
224228.216317
224607.724478
224436.126178
224481.814603
224887.345686
224684.920246
225085.868699
225197.519503
225289.421665
225378.768933
225187.036075
225299.753169
225414.478928
225784.472159
225574.155747
226019.990226
225799.530225
225882.701668
226317.866985
226097.224285
226208.190733
226561.375036
226712.325056
226504.144364
226614.357607
226984.923603
226829.141536
227189.938627
227015.113757
227118.669241
227503.053497
227311.423963
227356.166931
227478.209828
227574.312947
227712.983676
227810.965088
227907.802548
227978.67646
228400.426401
228182.1051
228290.993836
228412.659144
228756.128354
228578.452086
228979.842485
229101.487919
229183.283942
229002.85162
229073.521974
229215.814072
229301.880629
229401.192722
229502.485931
229595.10903
229691.941295
229831.588188
229911.760769
230003.712498
230399.013909
230210.813895
230595.503906
230426.218987
230813.871071
230568.683688
230966.868879
230797.421079
231232.081137
230992.413352
231407.066648
231214.947279
231345.073339
231386.484734
231518.403542
231616.124272
231716.95039
231799.477206
232227.862644
232006.780853
232367.444144
232480.1375
232611.846982
232689.802338
232830.170123
232874.593269
232738.321022
232798.115716
232916.043077
233023.77548
233418.208705
233524.765327
233573.878499
233692.115193
233781.695772
233585.308048
234026.314564
233824.16981
233895.509084
233973.450453
234119.179587
234541.436435
234654.585336
234725.078067
234508.675341
234597.010607
235017.417313
234757.171958
234918.751932
234982.988232
235410.365857
235199.625914
235602.395264
235413.266145
235503.093135
235926.097926
235988.492779
236069.001912
235929.940718
236308.8722
236373.879352
236196.959754
236590.736338
236432.3751
236495.759177
236617.782431
236996.803829
236805.762312
237194.671864
237316.465379
237428.66374
237205.448015
237627.131867
237419.251968
237488.672725
237624.87597
237711.845611
237824.072395
237893.715081
237998.033646
238371.269959
238205.235497
238295.131176
238691.009808
238487.315489
238604.499281
239038.510621
238801.06611
238876.388014
239301.702804
239132.612964
239489.314592
239568.051091
239349.531367
239793.668568
239611.93684
239998.940031
240073.791027
239907.925439
240009.607487
240398.620811
240519.46297
240302.957428
240711.849274
240757.471125
240574.738688
241028.034986
241087.043492
241226.555949
241293.148868
241383.303903
241498.37265
241315.28348
241432.220021
241520.43343
241594.992737
241962.148129
241803.745396
241897.726906
241984.602091
242392.783949
242214.564018
242314.73304
242718.898771
242480.017189
242597.17058
242745.462722
243123.284455
242898.340448
242989.17104
243117.347039
243217.487619
243290.021857
243400.30716
243489.451829
243595.314225
243701.274531
243799.870552
243888.642465
243991.268142
244405.704877
244188.891465
244295.63456
244715.52946
244780.199072
244637.208616
244691.576978
244808.28262
244889.467877
244981.790688
245123.257521
245493.542129
245626.366587
245731.450505
245511.551299
245584.846893
245681.641499
245823.910004
246205.55714
245981.71026
246390.053004
246194.931964
246307.397766
246425.379817
246496.795044
246898.323572
246711.269468
246794.060744
247211.06792
246983.197304
247089.48014
247182.351385
247332.722121
247395.682238
247503.976857
247608.676873
247952.080296
247837.478232
248231.890068
248005.556331
248106.268763
248498.450673
248267.011638
248392.660263
248483.924483
248912.458523
248704.935024
249111.18367
249198.36026
249023.152359
249385.05093
249215.662341
249607.796251
249457.627223
249804.720008
249911.631669
249975.915184
249785.702882
249920.45896
249989.061789
250406.095416
250227.421157
250285.303026
250387.609682
250803.813362
250587.977529
250699.473633
250778.790527
250926.363398
251010.644568
251108.022614
251502.211049
251284.856889
251415.954736
251489.028498
251882.818753
251710.484281
251793.895375
251863.314008
252341.403261
252113.110624
252202.613781
252574.065059
252414.772462
252795.794836
252888.480051
252990.158678
252785.826555
252884.049188
252972.375702
253101.978184
253207.045724
253298.740978
253670.066074
253490.955499
253595.382231
253692.543833
253795.295666
254243.150521
254013.844274
254389.513262
254206.574823
254311.465211
254711.042751
254490.4076
254905.520406
254661.5324
255110.042998
254866.467828
255315.420731
255095.570448
255494.872708
255597.083006
255445.317382
255796.13871
255913.42614
255996.066298
256090.046529
256199.867084
255999.546617
256093.515608
256203.459564
256644.783597
256405.344457
256799.449241
256904.420872
256728.343013
256801.169442
256937.288917
256981.046376
257400.971137
257452.362032
257590.069398
257395.869861
257812.439961
257603.346674
257724.84696
258094.63183
258219.309603
258258.924627
258093.594159
258179.797468
258293.973931
258408.297081
258776.797113
258851.051878
258680.701335
258802.941735
258893.959523
258994.710728
259104.942214
259190.781593
259339.939736
259383.582421
259531.988138
259614.345446
259695.523122
259790.018966
260217.59213
260008.127641
260100.378612
260203.076342
260307.490359
260389.446571
260779.120929
260587.801209
261013.846399
260795.624647
260932.009267
261002.099897
261096.120056
261472.622587
261275.830544
261409.677644
261831.983561
261597.161594
261707.429509
262101.84089
262189.65797
262302.332087
262428.007034
262201.403955
262322.946942
262696.113883
262796.391294
262616.161047
263013.37095
263118.574058
262912.512058
263279.747272
263394.343932
263506.201491
263317.006908
263718.432125
263500.662083
263902.734904
263973.276127
263814.255296
263892.860015
264282.887696
264113.217164
264199.659948
264310.988847
264703.762286
264516.20486
264902.651783
264666.165524
265112.270563
264910.323304
265033.057112
265374.547024
265197.621709
265311.665658
265401.575243
265824.318036
265913.729002
265989.883296
265802.400206
265872.027866
266304.935226
266404.56945
266503.200852
266297.9972
266710.79103
266524.378782
266592.247708
267023.047513
266803.796726
266896.646529
267275.651633
267412.992637
267519.135042
267304.072684
267397.211693
267485.569564
267862.828769
268043.03064
267811.176856
267925.504067
268297.066769
268077.290932
268225.102063
268300.902633
268416.160875
268788.465937
268591.344268
268691.239032
268774.827339
268931.691302
268984.442418
269124.791436
269205.46122
269359.034386
269700.547736
269474.610058
269604.232735
269992.425962
269786.513249
270183.517544
270048.371663
270402.468312
270512.038592
270292.793627
270397.770424
270777.010393
270633.516934
270980.287725
271117.594271
270889.351268
271027.07991
271075.384874
271192.431661
271592.894431
271423.759816
271765.993617
271922.030554
272007.898959
271816.494854
272183.112338
272298.494661
272356.004085
272521.510815
272593.064145
272687.479209
272742.791483
272564.579131
272690.473176
272805.175614
273216.738344
273302.387475
273405.955126
273196.642273
273278.038815
273395.803576
273485.403957
273613.184026
273693.43993
274102.679213
273895.29209
273996.08165
274100.852911
274508.911349
274298.063915
274417.223997
274479.624579
274883.864953
275015.200021
275141.777301
275208.758335
275294.566369
275083.307611
275201.340996
275271.057062
275675.027836
275508.254309
275877.482069
275718.005005
275788.397799
276190.862363
276017.386815
276080.002389
276205.182578
276282.761567
276399.512621
276482.567791
276594.474799
276737.465532
276826.253912
277202.775272
277313.998988
277107.635603
277505.812957
277300.152731
277685.755586
277506.003031
277606.173564
278018.676237
278126.955053
278179.299852
278261.696863
278384.854731
278184.752158
278304.180895
278722.372975
278499.059082
278866.718803
278982.666703
278778.317088
279225.176621
279008.947622
279132.749195
279496.076537
279292.698205
279703.187218
279502.005318
279581.254094
279717.763977
280124.551532
279890.994604
279993.118849
280071.481581
280505.947832
280632.803286
280407.898744
280811.373694
280600.133148
280735.926173
280795.603931
280913.419797
280983.422482
281424.663053
281197.85184
281265.397383
281754.8671
281542.351208
281583.064888
281992.505542
282065.972548
281912.591461
282309.646506
282077.762859
282201.179818
282288.657851
282694.547329
282797.043591
282591.929553
283037.726219
283064.217615
282909.333964
282978.182094
283078.105635
283209.528734
283328.420153
283396.717392
283809.103628
283882.017859
283692.641569
283806.721954
283918.933409
284274.728817
284392.743015
284217.00911
284581.438962
284735.910378
284489.936286
284589.975122
284693.005644
284804.049087
285201.019099
284988.540507
285097.586557
285200.161636
285319.568479
285423.751014
285794.076951
285584.215574
285985.819094
285797.163419
286181.931076
286013.380021
286378.978632
286222.627558
286628.409068
286382.462129
286811.800157
286875.451013
286692.154623
286767.003378
286903.804065
287281.066019
287388.769007
287201.32378
287605.938602
287374.186604
287531.640028
287620.025843
288018.237049
287798.927719
288229.456985
287991.444244
288383.70838
288182.800983
288308.439851
288418.35611
288507.631347
288586.076742
288981.451356
289058.328824
288891.783618
289024.784356
289082.023348
289207.064255
289334.623631
289364.759105
289797.781209
289598.165775
289979.583771
289857.48494
289920.208141
290000.951646
290389.349208
290219.47558
290306.832478
290702.713458
290492.388652
290580.880796
290718.016436
291104.222788
291191.783262
291022.760876
291426.347575
291523.399403
291567.454176
291734.58134
291512.879921
291602.318484
291694.551266
291800.446749
291909.513291
292013.588067
292396.708526
292501.967446
292274.212498
292703.637687
292492.453987
292638.890869
292702.838871
293074.276319
292887.934616
293320.102471
293374.728669
293490.763589
293300.380745
293414.250357
293508.828244
293595.53682
293966.640265
294088.622309
293905.947775
294055.819154
294113.478062
294214.074142
294593.216418
294710.881714
294527.677459
294625.326192
294697.248
294800.918359
295200.002659
294978.078106
295093.320507
295218.755676
295300.413677
295714.35722
295493.764415
295598.485965
295745.036422
295796.182777
295903.738993
295981.903141
296084.689208
296438.184688
296275.120622
296379.083343
296505.320055
296605.999008
296678.932888
296821.236769
297155.430052
296994.030365
297114.071938
297216.609802
297308.940642
297703.70517
297819.728485
297586.510795
297990.483359
297785.438724
298174.02047
297996.730302
298115.357818
298482.947697
298614.013945
298701.939661
298817.176901
298916.53433
299018.75314
298797.111586
298899.967772
299010.859112
299112.724667
299226.306693
299286.150568
299712.9564
299511.17898
299608.689061
299700.951659
299821.62267
300233.504505
300031.249465
300087.038678
300164.462464
300579.187251
300392.42172
300791.933645
300601.086505
301009.281828
300785.038178
301197.708088
301318.119004
301104.198572
301177.022598
301315.434749
301412.606311
301495.946486
301622.947369
301668.634006
302081.275444
301907.109869
302287.271829
302432.319006
302519.242644
302285.548593
302673.83412
302791.038672
302621.694921
302984.040719
302781.692805
303194.919261
302998.830505
303121.288062
303196.971951
303596.354505
303377.248422
303769.513931
303899.629728
303693.205622
304104.734375
304188.302439
304298.721341
304382.952253
304199.510265
304295.13138
304375.512564
304474.379466
304920.529331
304690.9375
304770.525515
304907.467457
304977.720598
305438.652703
305206.465218
305306.606042
305399.497799
305500.246308
305917.752618
305702.164885
306124.550519
305894.994538
306013.91357
306068.3875
306494.535393
306321.613694
306718.82229
306480.988747
306600.138511
306683.545669
306781.193599
306913.19093
307303.898091
307113.362278
307534.470295
307275.321419
307690.904843
307501.891355
307871.750194
307989.777401
307797.934816
307905.075545
308282.774038
308411.668862
308476.368115
308642.196385
308407.602432
308478.007167
308888.975288
308713.459995
308815.377592
308931.562848
309317.786372
309375.295716
309201.622946
309290.373039
309419.563685
309486.012441
309583.526851
309714.879399
309806.134552
309913.315843
309988.625606
310401.185804
310212.620906
310302.173669
310422.472502
310495.623676
310917.268311
311000.015737
311120.163767
311212.177768
311017.55975
311393.202487
311217.273752
311322.06289
311693.840433
311782.790954
311837.7635
311725.031418
312107.502581
312194.786032
312012.020014
312109.688521
312198.070619
312587.554583
312706.394044
312463.929708
312898.312236
312686.88643
312812.907787
313176.016218
313287.357324
313084.071597
313215.257165
313578.086331
313386.759129
313522.787089
313612.435227
314019.894669
313829.037144
314170.431913
313996.702696
314120.686001
314179.221925
314303.71823
314394.962295
314489.39339
314638.223625
314960.508728
315091.639722
314865.47856
315328.768834
315393.381564
315502.783008
315325.236128
315674.523526
315801.437398
315585.524745
315688.537465
315823.961627
315901.333277
316019.653913
316395.769547
316167.991242
316325.640794
316702.423855
316779.862174
316597.333273
317011.613274
316816.345915
317239.652635
317295.370059
317098.407693
317488.98097
317587.467816
317427.122068
317786.629822
317894.03278
317699.906539
318136.594481
317899.087502
318295.209981
318124.232167
318218.774186
318576.670094
318423.293514
318508.238025
318927.417576
318720.022447
318786.565898
319220.768893
319317.473299
319105.418079
319185.249141
319320.454265
319687.167501
319799.558305
319612.225596
319693.638109
319788.871267
319924.673244
319995.56916
320090.058204
320199.564262
320279.954245
320434.635876
320484.595342
320891.100316
320716.436503
321054.325356
320920.361111
321002.483984
321098.569897
321212.26998
321302.700828
321379.413287
321795.377635
321618.337953
321707.34318
321779.862889
321907.422329
322005.190534
322086.809218
322477.756838
322294.794375
322694.777566
322800.519392
322613.117175
322699.312251
323088.216502
322902.64882
323020.526983
323082.630432
323505.239376
323303.926444
323724.89399
323484.462811
323590.799289
323683.365987
324090.94608
323908.670217
323957.653893
324388.47397
324475.326604
324292.497209
324451.795519
324546.828127
324592.530533
324681.266316
324796.582427
325214.296207
325017.435513
325368.258857
325188.94451
325575.354392
325704.390833
325802.243351
325887.067412
325704.065479
325809.46413
326197.295254
325985.73402
326361.375384
326183.363309
326316.929128
326697.42847
326790.883241
326876.018677
326963.286448
326806.921694
326893.860011
327285.001071
327116.235887
327499.366886
327297.12996
327680.024941
327811.327637
327601.671428
328028.974454
328116.950469
327891.824919
328001.594494
328394.565228
328195.679375
328582.069347
328390.875068
328470.063585
328875.950569
328716.013109
328811.667989
328916.535123
329308.372961
329100.666883
329483.815074
329624.237627
329421.167208
329514.694287
329907.457569
329706.309129
330110.155641
329920.481363
330016.814918
330112.574678
330537.97985
330272.633398
330718.603587
330784.083135
330607.750241
330697.304237
330795.884259
331193.960996
331297.990606
331402.900183
331201.912565
331298.19252
331695.964067
331759.117532
331590.329717
331966.891487
331850.034974
331913.275704
332019.772288
332381.536025
332223.483805
332323.053781
332390.49696
332476.848838
332611.577556
332988.5081
332792.433602
332899.475824
333337.381132
333377.285463
333180.426099
333579.821376
333383.745238
333538.025029
333901.85977
333978.678436
334153.437958
333914.192217
334011.216648
334395.331225
334477.608915
334601.673575
334719.204514
334498.4581
334627.97641
334722.074477
335105.126584
334925.812719
335295.683259
335390.179967
335484.150206
335619.284969
335689.36019
335486.91686
335903.714437
335691.054535
335801.549568
336233.822141
336305.495698
336393.960302
336223.98054
336594.744173
336694.208811
336520.231619
336593.655955
336708.442039
337109.669442
337234.087046
337337.013689
337120.162437
337512.572935
337621.37224
337383.018373
337501.811549
337627.603416
338019.487694
337820.182317
338230.733672
338024.345653
338110.12255
338485.76631
338620.540452
338400.914377
338834.071222
338897.63653
338686.105998
338813.786603
339210.422378
339310.609139
339108.111503
339199.500371
339290.528427
339404.478832
339789.798058
339588.879515
339673.564415
339820.642793
340136.437329
340003.683383
340089.164325
340515.195525
340584.277041
340394.553737
340796.5366
340599.877028
340735.951645
340803.965747
341212.957187
340990.977278
341385.833667
341223.520535
341619.260579
341699.654776
341826.619087
341918.760865
342012.021345
342135.478618
342187.624437
341997.328739
342379.983964
342199.180302
342268.058655
342735.457829
342462.086619
342599.414623
342702.057077
342807.499187
342910.842073
343318.278459
343091.174294
343491.812868
343292.911965
343710.927279
343524.612134
343601.353985
343723.921848
344090.537056
343895.231496
344310.685618
344127.999849
344546.969167
344304.65152
344391.347164
344800.671953
344583.514959
344717.281279
345110.543843
344900.903595
345312.159017
345384.480252
345163.619248
345311.355624
345395.522953
345470.319193
345620.906381
345697.79111
345782.809572
345878.484439
345991.938907
346380.286476
346505.049597
346332.576248
346366.381348
346486.060345
346583.358359
346981.215849
347065.160257
346890.645972
346984.51807
347127.168339
347218.801535
347301.74603
347698.988348
347771.421163
347907.922044
347729.601137
348087.205633
348185.470711
348329.004234
348427.05195
348444.924343
348280.693783
348673.802702
348505.237379
348921.041406
348972.796998
348809.71236
349194.89659
348948.758596
349368.471507
349165.976205
349295.243887
349395.471521
349481.215534
349619.113061
349983.758697
349796.210927
349891.901081
349987.710278
350083.77454
350456.764157
350277.163479
350708.539816
350504.325976
350970.919994
350984.337804
351079.734164
351251.142788
351006.710872
351370.718635
351226.485308
351336.77576
351720.24775
351512.44435
351586.42365
352004.825153
352097.209154
352203.254787
352297.411736
352127.546778
352186.053499
352622.677792
352711.730804
352511.116078
352601.447696
352690.999943
352826.046934
352917.31806
353027.38882
353098.52234
353489.267802
353613.766872
353383.516363
353501.106619
353586.41329
354057.876089
353790.085325
354192.864518
354270.882195
354390.054278
354513.4597
354562.054365
354669.810216
354540.507716
354588.295443
355005.522339
354763.939269
354910.848908
354986.849789
355099.966424
355502.547876
355303.012026
355698.744207
355494.069714
355889.249303
355721.751957
355818.602644
356226.042191
356010.801267
356123.22656
356190.678028
356596.506236
356421.125491
356475.245466
356589.641538
357000.783967
356807.619529
357184.374088
356999.697791
357105.440209
357206.186181
357343.741725
357730.970822
357790.66575
357940.113809
357676.910053
358109.100676
357930.834595
357979.028956
358095.508154
358198.006303
358298.409909
358734.661129
358505.350396
358867.879313
359010.321643
359094.387037
358889.742722
359005.216901
359417.7243
359211.216163
359269.061738
359671.08744
359514.749631
359878.696549
359721.850346
360104.978004
359923.164051
359998.92826
360401.221846
360200.998762
360605.469756
360708.166725
360514.889668
360885.596897
360979.141632
361135.930811
360907.595613
361289.247295
361102.931434
361469.800083
361276.053867
361404.189961
361770.554129
361598.32914
361686.906216
362088.081245
361923.251052
362016.495176
362137.271863
362205.011082
362589.912933
362401.407843
362486.767764
362604.101079
363016.731074
363086.394061
362893.978755
363305.809035
363105.98313
363528.574567
363593.608509
363371.470284
363500.154012
363873.525022
364017.628356
364113.865068
363910.187509
363970.938905
364405.966277
364202.610377
364580.626303
364376.851078
364480.322162
364626.468625
364702.547848
364807.324901
364895.543356
365036.38005
365109.631526
365193.610309
365311.254245
365695.311326
365798.897914
365617.205474
365705.587814
365795.162541
365892.293546
366300.252645
366409.580593
366196.496242
366625.186345
366403.540772
366501.825654
366900.056183
366683.109983
367089.665946
366912.218201
366998.271276
367124.54216
367174.794339
367641.536214
367405.872334
367487.720232
367593.47732
367708.546156
367782.898006
367901.10652
368018.827832
368391.470319
368178.56379
368298.127283
368399.709444
368805.181992
368883.520361
368696.299268
368820.866748
369208.050191
369007.431823
369397.159317
369482.814439
369275.309733
369411.013504
369527.867206
369895.548936
370012.890138
369805.632442
369903.247742
369956.488426
370092.58807
370504.365065
370611.845849
370402.811521
370794.341616
370943.050519
370999.776603
370793.647005
370907.028087
371002.101158
371376.430136
371195.360537
371311.373861
371409.228906
371523.851197
371596.900819
371697.097459
371819.530822
372183.826106
371998.225526
372126.501714
372501.873177
372314.097923
372692.572007
372502.998988
372929.94815
372967.909362
372786.198944
373204.831928
373005.783326
373081.957641
373480.84206
373313.819891
373705.525274
373485.326343
373602.63208
373670.602146
374083.669454
374232.877068
374288.830457
374088.891258
374211.034242
374314.266497
374417.39978
374523.270203
374596.371805
374705.378157
374796.889913
375195.562242
375006.311096
375100.024326
375207.581887
375278.804273
375405.817124
375777.934977
375584.236189
375972.782041
376068.951849
376183.822231
376294.465061
376110.244461
376199.197271
376309.506051
376402.420102
376819.681958
376605.530373
376700.649051
376820.685484
376873.551491
377324.817128
377112.897642
377196.283359
377624.958683
377685.790374
377520.165192
377606.222963
377986.940868
377799.965661
378213.272393
378334.579627
378090.516782
378511.793215
378293.155871
378401.906123
378809.970158
378646.393372
378738.911675
378797.701118
378900.853589
379268.388491
379387.355407
379238.061686
379600.045608
379373.175364
379504.312985
379587.088535
379672.594365
380125.678275
380206.501176
380028.492715
380106.719916
380520.133049
380313.202354
380371.529443
380520.584543
380906.896187
380676.153246
380771.148318
380956.950888
380997.155214
381099.054354
381490.298754
381613.275239
381423.923123
381515.100669
381889.457195
382029.485333
381804.082353
381901.115888
382007.307881
382121.460852
382210.125586
382570.9994
382412.367451
382486.982282
382935.794115
383028.688285
382803.560152
383196.612123
383323.480231
383403.50849
383504.759562
383590.862226
383415.167105
383495.477893
383591.158349
383988.918423
383816.214081
383895.544675
383993.804792
384094.885372
384489.578674
384270.609404
384656.410866
384772.822465
384608.915882
384697.928774
384789.516564
384917.491265
385027.20764
385373.656518
385503.214974
385604.751956
385398.605561
385481.313415
385643.023393
385713.522734
385785.277026
386205.80455
386256.903635
386383.669933
386210.88147
386302.642242
386384.139875
386799.527839
386888.985182
386988.483869
387100.03372
387219.928344
387315.294467
387374.735008
387495.871328
387320.948075
387373.240733
387476.767071
387613.412444
387672.198238
387800.994577
387924.538215
388008.202681
388095.027751
388511.658246
388312.864234
388709.641575
388810.274416
388626.744057
388724.62714
389105.182676
388905.411286
388993.030716
389406.914705
389524.146141
389285.36081
389398.863679
389786.600278
389559.552199
389978.597915
389816.032525
390215.12049
389989.429443
390108.295822
390196.496278
390293.958445
390718.597065
390520.580224
390598.578483
390697.504298
390768.123139
391187.900277
390979.785921
391088.687277
391189.093517
391594.730387
391739.036596
391497.401354
391872.780837
391685.137336
391815.084489
391910.666823
391981.326767
392340.223933
392199.231539
392304.234335
392390.916891
392779.207928
392887.759275
392694.531495
392830.963086
393202.597559
393305.489164
393083.345439
393481.699333
393626.25234
393415.085538
393776.171652
393924.030006
394000.152967
393781.532357
393881.995735
394029.641801
394106.452543
394527.214878
394599.487584
394673.668787
394795.437411
394567.769181
394709.787067
395121.321615
394891.872498
395314.831803
395129.340999
395233.171044
395609.752567
395703.840547
395509.516724
395924.157256
395978.688902
396113.006245
395901.425983
396021.508075
396383.229248
396196.482096
396303.897222
396396.397156
396543.627341
396933.42757
396708.66852
397104.968439
396920.97266
397013.645038
397392.144646
397212.62152
397304.062451
397700.337399
397520.314922
397889.441399
397705.822139
398094.456285
397868.104378
398001.476165
398118.317756
398525.211026
398323.226527
398407.678237
398508.709918
398890.326914
398714.57633
399100.594025
399190.058829
399021.021607
399126.355305
399179.789982
399275.146577
399721.53221
399800.349841
399612.177103
399709.068447
399815.185956
399911.967322
400285.959071
400068.772426
400488.304076
400605.624282
400381.176864
400797.27818
400601.659816
