709.677589815
1067.58607594
914.699034707
996.596723817
1097.73970429
1174.85026514
1597.17544338
1699.68230744
1505.20976141
1598.09010113
1678.51410804
1817.98057566
1936.37507837
2310.49442727
2108.66203051
2186.65428786
2294.12502116
2665.44245517
2790.65498662
2630.18792967
3002.97691718
2779.59228183
3194.06292342
3311.09864649
3116.52156674
3203.41727555
3271.55498721
3715.22830198
3507.36826561
3617.87095308
4005.39518872
3792.87794821
4242.92731645
4308.04804649
4131.26097306
4207.42107237
4570.1020538
4700.75696073
4819.15539472
4596.17259538
4710.61719099
5068.07046005
4883.56310084
4986.87921544
5083.51580711
5180.84894425
5637.56973559
5725.72313218
5819.83098014
5629.96474663
5705.49741749
6129.82222846
6175.50699742
6346.2518731
6112.9460204
6495.81607195
6304.11073908
6386.09162712
6788.62563547
6606.9767421
6678.94398557
6795.05305376
6900.86698387
7012.37543431
7077.91652055
7201.46445305
7314.42936777
7393.12346002
7514.93384109
7593.46504525
7714.85012845
8080.64704097
7876.52759223
8298.83550598
8108.55724812
8210.27736361
8302.14370182
8707.75012424
8807.67666488
8585.30910823
8720.11046164
9099.64466833
8937.7111184
9256.6085426
9381.75366503
9209.38655354
9609.45696583
9401.06340561
9517.59139027
9601.2994572
9698.93188524
10095.9703762
9854.61868838
10297.8834107
10426.5600681
10488.9976656
10314.1456699
10671.1942264
10771.114356
10919.3118413
10987.1822322
10800.1374353
11175.222654
10995.8942058
11393.9564762
11485.6561505
11315.637095
11720.6776262
11790.0783389
11579.7765471
11691.649391
12083.7348044
11884.692566
12015.1046989
12430.8583057
12192.1848728
12563.6562909
12670.6726512
12484.770712
12603.8776097
12673.5542685
12785.2564878
12883.032619
13304.4058604
13112.5092387
13499.1337308
13611.4241065
13406.9962366
13835.2010274
13907.5752078
13709.6922982
14108.1891944
13907.0729883
13993.687901
14117.0999369
14195.1193047
14571.8414734
14676.3838455
14507.7329399
14920.9884559
14702.7497366
14842.1031032
15175.0171003
15303.4721172
15079.4272328
15186.1121856
15582.7882421
15399.0614641
15746.421213
15950.065868
16017.9159648
16105.2380365
16190.9488378
15984.8717263
16105.9470559
16213.3814405
16312.6669046
16397.9796144
16795.1153489
16612.3542812
16676.9588725
17102.8067681
16885.1487042
16990.3275442
17366.4486895
17457.0724922
17620.3170698
17665.4140595
17490.8441301
17615.1584562
17701.4352261
18070.6534303
17895.2544462
17988.5696257
18119.65298
18221.2794052
18561.5786537
18700.9210979
18817.2544043
18913.9046585
18712.2529135
18778.3678094
19140.176356
18987.9106596
19107.1389249
19500.4170493
19294.9926543
19394.1441566
19531.4497651
19904.1809429
19725.2444425
20110.9335775
20179.5251523
20336.3929806
20401.4390668
20206.4063418
20291.3883805
20400.2828126
20801.9141952
20901.2746912
20976.2837905
21082.7191021
20874.5261066
21015.5349702
21113.2061882
21212.1510636
21586.3063291
21432.500486
21492.4426634
21593.2768144
21703.5070987
21797.6634594
21899.4201775
22301.8414165
22389.2356887
22209.1580309
22612.5488575
22399.7108406
22502.8851831
22602.6750551
22964.0047018
22806.6745822
22878.0118057
23003.1621799
23081.8545412
23210.6997944
23634.6892987
23406.9771447
23793.6271826
23913.0175993
23738.0587519
23791.8574631
24193.1529795
24264.8649959
24386.9912487
24499.4108471
24621.9055829
24368.6348192
24494.035618
24617.0344674
24712.9963957
25127.1228461
25225.9674782
25028.1092479
25082.0065972
25491.2082679
25628.8756525
25418.1919033
25508.3018313
25921.5435779
25656.9332033
25762.0123637
26217.8460755
26025.2486262
26368.7795441
26239.4841425
26633.1229799
26404.5769008
26501.5248915
26897.9532942
26720.1851454
27105.2333147
27207.0473008
26953.5551911
27084.208378
27190.3008256
27266.1642266
27416.0490126
27494.0463688
27892.2246165
28005.3234775
27777.8537919
28222.5898753
27992.6067204
28400.7758103
28208.820623
28588.6248778
28698.0964514
28758.0638792
28914.6720471
28709.7790114
28806.0958703
28923.164545
29320.9271176
29092.4538736
29498.5926693
29296.3422175
29707.6907414
29793.7931793
29575.7962643
29974.3325302
30123.9594783
29935.006696
30268.9232488
30097.3812887
30198.7116361
30306.60634
30703.3325843
30772.9329733
30631.1967033
31007.0564313
30827.298601
31178.7662133
31030.8519436
31418.5648572
31234.7348363
31307.8029854
31379.0118525
31512.9876603
31902.6910309
31995.4479779
32089.0969043
31896.2096746
31987.1977674
32102.2626547
32195.9640363
32575.5726627
32696.5162293
32803.1823809
32607.757982
32992.4695656
33095.0407336
32918.4419241
32981.9092631
33415.0595524
33208.7387461
33296.2363975
33722.6526607
33482.1185303
33603.6504371
33964.9084767
34126.2209703
33867.5955712
34292.1945608
34125.7729081
34177.524417
34270.005119
34715.1104519
34526.9446539
34589.5088239
34714.1248814
34815.6616765
34908.2804278
34966.5302877
35133.9922312
35494.87049
35307.283951
35389.5182453
35510.9274679
35838.9600558
35744.4513172
36121.1901931
35894.3249097
36001.2057166
36086.2897428
36198.1496378
36638.1190998
36711.3297084
36798.2361348
36598.1704648
37006.5684532
37143.395046
36915.0151998
36973.271017
37114.0933414
37190.9324792
37312.4591328
37680.3064485
37516.8042138
37906.4971323
37996.2974675
37794.0748409
38197.7908458
38017.2926839
38409.421028
38236.6950105
38608.8811274
38762.2598341
38803.551633
38571.1889534
39017.5930016
39122.0617627
39233.3805684
38995.000303
39416.4861601
39211.707684
39307.9747152
39687.9720144
39806.9388917
39550.9284213
39682.686803
40106.7944388
40181.9941725
39971.7790308
40412.6273989
40218.9869512
40600.3101809
40408.1332382
40777.9166508
40588.9264749
40679.0991898
40775.2905783
40889.3319702
41272.5355487
41417.4191354
41195.3656165
41596.5906515
41677.8421824
41493.4492789
41571.6300928
41974.1415887
42145.90844
41900.6056266
42019.9434156
42418.5806931
42504.4546717
42300.3062775
42416.5418183
42545.8868755
42605.4804166
42696.0505168
43105.6205114
42918.4949102
43315.8296256
43090.5287403
43502.4613692
43287.9791592
43707.709605
43528.9364728
43599.2355779
43733.7075257
44101.0130497
44208.3695992
43999.6724935
44086.5677336
44193.3428696
44283.3540913
44396.3540834
44498.264518
44611.6099028
44711.3852939
45072.3456828
44878.0617723
44998.8395796
45409.6834342
45195.5605173
45325.2656952
45381.5589466
45546.5481653
45603.7659166
45681.9139963
46134.5127426
46228.2489046
45997.9545358
46100.7570488
46476.2559852
46276.8882702
46699.243728
46768.2958404
46900.4830781
46989.59072
47118.7004642
47207.7538855
47299.156314
47401.4707471
47526.5928534
47293.0157322
47358.6015848
47821.9937433
47581.4480046
48023.2576087
48108.7505237
48166.954966
48291.5794041
48097.0548798
48242.6616233
48309.5803477
48413.1963175
48794.0912688
48582.7144572
48970.9338401
48809.2276893
48878.1769996
49320.0488496
49324.0420659
49174.054992
49604.682871
49750.9514844
49809.5769965
49888.7797081
50013.7091677
49790.2735433
49915.7489857
50273.5318376
50113.6416412
50221.3145527
50565.7459983
50704.4513722
50774.2323175
50598.269811
50686.4826576
51086.4833363
50883.1496044
51020.0556472
51347.1534272
51187.2769388
51584.317013
51698.2443116
51534.6378504
51889.9000028
51682.3556068
51813.0668026
52172.8171243
51983.2018961
52087.0252959
52512.9442848
52280.0590562
52414.6920235
52510.4610008
52892.4140009
53021.3159363
53114.2007783
52905.594159
53016.2188213
53397.8848283
53218.1969115
53591.443317
53423.7799903
53800.2821318
53900.5867219
54007.281316
53783.9086592
53902.4715383
54294.6829133
54093.3984048
54480.8892499
54289.9598004
54691.4701258
54482.5083009
54610.0103846
54688.4659588
55122.0572035
54885.9929398
55017.788734
55109.0495795
55524.8344428
55279.8873729
55398.4512738
55503.7267503
55901.9474983
56010.6577499
56084.5157505
55905.2240292
56010.1001051
56100.3705421
56489.7009166
56663.3658845
56432.6276984
56503.6554995
56586.8290961
56696.2866817
56836.6722355
56905.2039732
57328.5838493
57087.200171
57213.641812
57297.2274749
57697.8493283
57800.6560551
57601.2297958
57695.8991307
58125.0746897
57914.6769992
57981.5780389
58413.7355226
58179.3366058
58607.4656016
58395.1892189
58484.4169427
58614.3028542
59005.3002068
59090.2598764
58905.6828764
58986.6169638
59118.0757417
59158.9037636
59287.8944784
59418.0323775
59508.1641397
59579.7020113
59706.223359
60128.7884249
59889.4964084
60298.3576254
60101.7376996
60208.6529483
60313.7487028
60382.6260349
60857.3486023
60595.1125583
60677.5896947
61094.9628404
60873.9922953
61013.8175602
61114.1610364
61455.0306687
61549.314126
61388.1955978
61757.6480743
61592.6851945
61712.5448745
62107.3063282
62204.7486033
62036.232946
62084.8895294
62196.5117349
62299.7908469
62406.1857335
62777.151914
62894.7710667
62707.836494
62789.9466905
63221.0169719
63004.4375642
63101.1725466
63195.8174437
63291.2999539
63742.5942877
63485.5567498
63590.3226143
63985.4290015
63820.332262
63917.4730758
64308.9895311
64375.3157485
64200.1789563
64312.1628751
64397.9237607
64514.2235072
64891.1760348
64686.9182868
65121.8030453
64901.4035056
64998.933658
65375.4720766
65222.5997119
65312.5343416
65671.165153
65509.3658329
65855.600889
66004.7028699
66107.3858324
65882.2416083
65998.3834776
66102.6676037
66517.0474924
66635.024544
66406.292835
66829.6733088
66885.3976493
66685.1852023
66818.4338406
66882.1532187
67004.5317198
67066.7223489
67202.7766618
67580.1613122
67694.9051409
67520.5751284
67877.8958345
67677.6023962
68103.5609477
68229.3845385
68001.3479664
68093.4525583
68510.6520524
68279.3872695
68409.3515946
68507.0085854
68624.8916144
68988.8951325
68799.8264929
68920.6825908
69036.3563447
69089.4794836
69171.5834318
69314.957274
69388.8584436
69781.5976775
69878.6374603
69990.6445424
69816.5759346
70196.3751281
70033.7745548
70351.283181
70215.3466126
70312.682417
70408.9715558
70793.8092435
70887.5782213
70989.3038469
70834.6383292
70887.4672361
70971.4023373
71099.0809895
71508.129505
71585.7368286
71418.9000206
71797.1491144
71587.4335231
72021.4696441
72073.0225986
71887.7871798
71979.0308177
72392.900559
72175.084084
72287.6681548
72422.5951724
72507.0280555
72591.188133
72683.9723084
73083.7289215
72878.8809098
72979.449552
73385.9249253
73218.3172065
73629.8106733
73409.4843138
73503.0479105
73870.2992898
73672.3630599
74095.3826202
73905.4686006
73978.5851493
74097.8439115
74452.3798361
74304.7529208
74410.1063174
74526.2660897
74914.8555182
74983.0640207
74793.7142999
74899.8589574
75011.4633429
75083.0661728
75179.7737658
75307.7062335
75756.8933579
75810.1065201
75567.4477616
75747.8321353
75817.0585248
75918.7567211
76016.2773856
76086.7934461
76485.5895001
76298.7837775
76395.6078054
76500.5727725
76910.0276915
77018.516474
77103.4505702
76913.052173
77302.5257277
77111.1340826
77481.2533314
77280.6278321
77385.6907557
77804.7583364
77901.9510945
77682.2975887
77802.1849775
77901.0392768
78008.865348
78418.7953166
78189.209082
78310.1975491
78428.1301443
78809.9674021
78910.39268
79001.7370314
78789.0281544
78912.8170057
79312.1679456
79136.9540076
79212.3915454
79635.4699279
79682.0242227
79814.1636258
79618.125155
80036.6221748
80092.7038263
80200.1827365
80326.6479292
80101.0140589
80221.4606506
80309.0783082
80683.3743374
80492.2291732
80872.3313325
80688.6844544
80801.4732448
80879.6032968
81298.2315915
81089.2453702
81191.650408
81318.6093547
81700.3523009
81482.4225989
81882.6914058
81693.2969589
82121.9846116
82258.7353598
82262.1863483
82142.5021879
82199.2542079
82606.4690554
82704.8809286
82492.5318415
82592.5809592
82694.7434002
83079.0017894
82902.293622
83299.5497816
83395.6141407
83199.3543202
83583.3404423
83424.1042154
83500.2017668
83912.9265029
84012.7611685
84098.5200916
84200.8583129
84251.8653293
84403.2618008
84510.9540446
84343.5832359
84686.4204263
84764.8018609
84889.7375444
84971.3146862
85104.6505352
85201.9964322
85292.4792805
85372.5066798
85194.550483
85315.9591676
85395.7073317
85802.8159139
85604.1528662
85697.8638398
86081.5008856
85865.6368292
86011.2976803
86104.6639017
86215.622516
86585.2382298
86705.5075173
86503.8544643
86900.0236239
86985.3014143
87087.1496515
86890.5655731
86971.3173442
87417.6846551
87209.2977804
87318.266911
87707.5832717
87515.6778899
87904.0747341
87715.6444879
87807.7130784
87899.6362476
87992.967052
88113.2834532
88553.4474786
88297.9939573
88429.2948543
88481.048223
88610.8480564
88688.9301741
88787.7809168
89199.0361834
88997.765158
89411.3538827
89205.1761459
89623.305023
89710.7888729
89510.362461
89588.2205411
89682.2671516
89775.8762231
89884.3341158
90010.3286876
90127.2223458
90491.701805
90304.7994668
90700.5579866
90800.2023743
90614.0211425
91031.0526848
90815.555719
90932.0161285
91276.8710496
91358.7470717
91240.4038075
91274.2066918
91410.7097584
91804.1527707
91588.8965731
91999.5419022
91805.3965911
92196.667972
91980.5387436
92115.7931462
92514.9722344
92277.2905339
92409.7225224
92794.8377898
92888.4381841
92700.5924496
92808.8781054
92893.7924327
92997.0310531
93084.3169756
93191.0400358
93309.9819028
93682.1066521
93830.5665314
93906.79485
93729.4062019
93823.5288344
93890.0500995
93996.8017038
94088.0144943
94227.7955082
94324.5403775
94428.457432
94463.2748582
94599.1982235
94998.9256147
94800.7052452
95201.7077797
94976.3180274
95072.057068
95487.3234352
95307.7906208
95729.1345393
95529.1663365
95915.0748366
95688.119802
96094.3093242
96206.4100118
96294.5623379
96418.8920605
96480.6054229
96274.2581994
96717.1996141
96817.8521236
96592.5849159
96958.1273588
96805.7442475
96886.2271732
97002.7786717
97103.7636393
97471.4523105
97597.3316815
97706.7478801
97511.3430263
97588.6266967
97691.8617256
98106.4341066
97918.5858698
98291.7163779
98079.4293761
98181.3726221
98631.0174069
98408.9668908
98790.5964445
98608.4555225
99011.5556415
99094.793762
98871.5087897
99008.0906193
99403.793222
99209.76803
99603.4286875
99725.7796023
99491.1505822
99600.4384058
99706.5547243
99816.0367912
100177.750654
100338.315395
100094.553259
100165.579841
100286.885407
100395.79204
100779.651903
100592.487554
100682.12139
100820.548947
100895.516325
101010.298532
101398.906559
101454.859634
101320.818204
101653.930177
101785.697347
101601.501618
101966.375004
102113.065937
101880.849037
102003.481091
102108.16039
102512.424595
102299.997694
102661.989101
102801.168665
102587.81009
102701.712902
102792.971138
103168.693157
102996.991637
103081.031045
103203.768498
103630.969275
103413.033235
103492.413327
103897.84095
103697.350678
103798.993976
104187.765575
104289.568934
104105.227074
104468.267273
104302.345247
104668.957604
104486.9793
104605.721195
104705.512444
104786.634572
105179.607266
105005.456168
105103.353799
105475.933172
105306.161299
105413.275181
105493.500138
105598.747925
105676.40085
106079.046348
106202.403498
106279.736018
106086.76987
106497.33542
106307.881909
106685.966725
106532.193369
106890.056852
106710.353916
106803.628914
106905.003751
107026.390047
107424.22638
107485.539331
107298.442063
107747.52232
107524.68097
107567.969721
107990.987243
107817.263303
107915.572682
108305.482022
108402.784269
108189.311496
108263.574968
108371.45636
108490.41691
108908.756434
108987.595338
108817.448751
108908.008755
109004.419792
109124.878267
109212.363833
109305.301614
109718.210848
109498.704466
109907.481813
109693.355359
109801.682792
110205.21821
110323.922345
110380.950476
110141.896114
110325.687606
110671.035717
110826.185191
110878.442489
110663.021096
111124.797937
110922.302611
111302.46097
111098.481217
111180.48762
111612.735073
111695.958519
111492.139224
111930.801378
111715.636043
112080.95789
111916.697374
112306.395097
112106.942632
112197.110082
112293.060414
112658.55717
112808.173038
112883.065552
113007.26717
112780.273544
113240.84065
113303.961654
113113.18559
113204.035257
113312.316841
113705.613839
113791.911582
113918.091809
113725.65717
114088.811242
114199.739831
114327.249084
114384.208311
114487.333386
114301.498441
114700.922517
114507.205453
114871.545991
114717.364219
114800.234966
114891.603866
115272.814514
115092.274981
115213.890256
115612.111221
115402.09916
115789.024961
115881.451793
115682.942124
115831.115615
115866.130618
116008.798649
116416.305096
116225.532804
116299.516016
116433.104982
116787.973786
116629.683239
116995.832498
116795.289545
117200.094084
116993.987925
117079.592138
117209.51146
117341.827504
117386.112069
117498.982211
117615.889936
117676.74503
118093.177373
118183.854896
118016.950914
118072.971515
118189.041327
118297.267335
118374.280229
118500.447201
118596.777
118698.896353
119102.766638
118891.913231
119001.396622
119408.931042
119516.864273
119318.017832
119702.354972
119490.421164
119595.230474
119687.736859
119810.928977
119904.750116
120289.605667
120077.164749
120185.624408
120587.617642
120729.609548
120487.731546
120971.538024
121000.579697
120793.628493
120881.94547
121297.668383
121407.549654
121219.443653
121648.751806
121386.257024
121504.193587
121892.907293
122014.202511
121807.783146
122184.749604
122341.086028
122104.759109
122214.744345
122314.141077
122424.285101
122514.578516
122599.198103
123013.186253
123135.647584
122895.606094
122985.314522
123109.691209
123170.125742
123302.714016
123401.975689
123496.371462
123874.604468
123691.275779
123803.148012
123879.161812
124289.175575
124417.456499
124548.072202
124587.307634
124702.161288
124852.63072
124595.237669
124690.62696
124811.683574
124921.529627
124987.573571
125400.036336
125480.043929
125312.700821
125396.005555
125502.15854
125889.862063
126025.299727
125801.12625
126183.006335
126019.696182
126112.469737
126214.38905
126279.157725
126419.346675
126496.235292
126577.087294
126696.041139
126802.05109
127176.048876
127275.242596
127381.276222
127172.241788
127578.743597
127726.418761
127472.341191
127590.616196
128018.813814
128105.535095
128192.648569
127985.654908
128426.724972
128498.679074
128606.25271
128397.365141
128530.721724
128600.913252
128993.859729
129089.743094
129184.713986
129276.968183
129404.527935
129509.832745
129314.114397
129362.96407
129809.997977
129872.724633
129727.746007
129786.055183
130207.595496
130278.891454
130099.249067
130520.904704
130268.892244
130398.513311
130807.906499
130606.39219
130700.011975
131080.090485
130919.327639
131000.795825
131370.135144
131494.09995
131584.634351
131749.552234
131512.533799
131898.947409
131994.647169
132105.498756
132212.077164
132021.25978
132425.119677
132520.697063
132582.427845
132697.045906
132833.875463
132891.035139
132707.611602
133113.757547
133139.666674
132984.651109
133431.868444
133511.311074
133600.869725
133711.946047
133524.009481
133893.609864
133688.800071
133813.074338
133907.940118
134015.481087
134106.682786
134194.676006
134286.041077
134422.219832
134516.699253
134575.594005
135006.735582
134796.904101
135185.279242
134985.69782
135379.580183
135225.388878
135609.241698
135380.640634
135826.176731
135606.896298
135713.762204
135778.548448
135889.113733
135980.66408
136095.938086
136217.679362
136566.636739
136705.027319
136520.365242
136588.819105
136731.312619
136805.734575
136891.75005
136981.648111
137075.712272
137519.517828
137295.237459
137694.193238
137819.031018
137877.092916
137693.489783
138096.355527
138173.644957
138324.105805
138070.906803
138179.050316
138597.008826
138414.508624
138516.177058
138591.914671
138688.318326
138814.390094
138915.024681
139287.81619
139110.008584
139166.079753
139311.023206
139400.782066
139791.761982
139583.656356
139994.716714
139793.122673
139872.296999
140288.119492
140078.132012
140235.940237
140590.260926
140409.473345
140525.275261
140588.544418
140673.070717
141095.960451
140886.885806
141005.564855
141389.932919
141496.385097
141314.132655
141384.761107
141780.975227
141593.135843
141677.331902
142061.599882
141881.39108
142282.188109
142117.63427
142546.186925
142299.200553
142694.26447
142482.086767
142893.555771
142679.527498
143095.913081
142897.996052
143030.61498
143126.010825
143174.667416
143601.11121
143380.282681
143487.515953
143574.569433
143997.260278
144078.583995
144181.888238
144309.388399
144382.543115
144502.532888
144292.947036
144689.184622
144767.350765
144565.866459
145007.377907
144812.640695
144908.045589
145020.751191
145377.142464
145502.828542
145297.730812
145701.01347
145791.855759
145606.726461
145734.097103
145812.772507
146176.216572
145990.057985
146107.310559
146180.491666
146286.176079
146376.102915
146764.354867
146591.356136
146671.627865
147092.745467
146892.689639
147016.298221
147129.822714
147199.245429
147297.683441
147662.848985
147485.279733
147919.227604
147995.595536
147835.367413
147917.896018
148006.354654
148106.653263
148476.837188
148311.854696
148699.596411
148797.867409
148611.787596
148703.795936
148802.170119
148885.337641
149029.457727
149085.700779
149211.13736
149320.540197
149425.83558
149533.702996
149890.412771
150025.359578
149817.738419
150169.511726
149987.104464
150104.887599
150521.938726
150304.579512
150440.885768
150825.242367
150617.664805
150724.424117
150771.869228
151202.451632
150989.430027
151096.787859
151224.903151
151652.200875
151385.246376
151518.957414
151577.98063
151695.421367
152111.154083
151930.881128
152294.023088
152087.699978
152176.087223
152596.571589
152678.187663
152817.924189
152946.841951
152993.324394
153118.13922
152893.095214
152992.025477
153105.587089
153223.411856
153609.675982
153410.318428
153491.083272
153597.927075
154014.038315
154087.189191
153892.300134
153999.714135
154385.225067
154538.222336
154277.534828
154426.395354
154792.30888
154597.471753
155006.935606
154806.147881
155219.263343
155297.613735
155418.784097
155200.932394
155312.465999
155685.133149
155800.347062
155892.988154
155715.226221
156103.057532
155921.309322
155990.158329
156396.966637
156206.610625
156261.82212
156387.330203
156758.53084
156594.741864
156706.56593
157092.850727
157182.524161
157286.538091
157390.549992
157194.068919
157258.188023
157391.259366
157791.612961
157575.918569
157680.886331
157806.345219
158219.559026
158264.412931
158095.641738
158220.458267
158318.820934
158373.773621
158798.748149
158587.386893
158747.806773
159077.352137
158902.437305
159345.436407
159088.954668
159185.40911
159321.728441
159387.591674
159752.195105
159904.22905
159693.742154
160110.223403
159936.239231
160005.132504
160407.638459
160460.227829
160326.854267
160691.76856
160505.677915
160584.385732
160702.040803
160786.590299
161211.975527
161022.497667
161118.129132
161464.420751
161315.636145
161718.896777
161776.148559
161584.359248
162003.233062
161795.354513
161887.863003
162013.914522
162415.406259
162469.615909
162290.743962
162408.426724
162782.145187
162633.814095
163013.798924
162780.057754
163203.86261
163007.670773
163103.812876
163219.870848
163334.306944
163416.732427
163786.971482
163608.649319
163681.66564
163798.017511
163910.245893
163984.020651
164100.330577
164189.702729
164307.083887
164406.275314
164505.748238
164606.692126
164684.026873
164798.326019
164905.859447
165296.470556
165098.62722
165527.527315
165326.567376
165406.721896
165507.465004
165606.310979
165677.798299
166098.000572
165900.406353
166026.247553
166404.182504
166479.797023
166610.949259
166391.223666
166502.226214
166574.818071
166683.16374
166780.649025
166918.223807
167303.659133
167412.767395
167472.769661
167297.906845
167679.281754
167800.595888
167913.862428
167715.022515
167804.822016
167894.716022
167988.079983
168428.848781
168505.451487
168593.344467
168394.980164
168478.425586
168603.248336
168995.855928
168791.059914
168876.82136
169287.069637
169100.831596
169216.496667
169292.645168
169370.8877
169831.904217
169601.913068
169703.961229
169805.948507
169893.181704
170258.573563
170412.982215
170528.047269
170635.130747
170399.926813
170799.072983
170918.320397
170976.390297
171109.710002
170912.049305
171288.225113
171099.265696
171498.659715
171278.133001
171691.115133
171817.107013
171622.20417
171700.871278
171821.893705
171875.367556
172008.623124
172414.678208
172503.281247
172310.897841
172653.250279
172835.216144
172567.182557
172704.730081
172781.175409
172896.314893
173264.072867
173376.834804
173520.967454
173288.318201
173385.008669
173478.286536
173619.120009
173942.310029
174121.497481
174254.133352
173993.225085
174093.497883
174196.642781
174317.738828
174679.73006
174798.730326
174592.030186
175023.11776
175095.818809
174895.640847
174972.826196
175397.631316
175204.754359
175579.284397
175420.628397
175483.373013
175611.095694
175704.144099
175800.503065
175879.796559
176304.391733
176114.030471
176185.158004
176622.285694
176705.531352
176481.021485
176594.073066
176994.458913
176768.276901
177202.592819
177335.35982
177064.193887
177204.883712
177293.717083
177372.618522
177517.866378
177908.086546
177669.849614
177792.640066
177898.081038
177977.07106
178105.756228
178521.998413
178596.103645
178743.076838
178501.358496
178881.710837
179008.108831
179133.961055
179179.503193
178976.126265
179125.841006
179496.467333
179289.311571
179419.494892
179481.778691
179626.718193
179685.486504
180081.232444
179882.138433
179983.883885
180098.107374
180500.276684
180575.919281
180702.920872
180783.632292
180883.249117
180974.354812
181104.770364
181183.138117
181289.476157
181410.623879
181229.145473
181612.566522
181415.864419
181509.023149
181895.342045
181689.234799
181811.54468
181865.186039
181999.099635
182388.609006
182228.703265
182597.239419
182682.339718
182508.838517
182908.550493
182724.296043
183101.938094
182911.646293
183022.307748
183097.400529
183495.841098
183309.129078
183693.42692
183788.546836
183587.455488
183994.900472
183774.315821
183903.408923
184001.87765
184407.005902
184197.930928
184298.114028
184720.081975
184488.739781
184913.461607
184707.378621
184766.987409
185195.026737
184963.598251
185118.399947
185219.064234
185590.537296
185700.14008
185517.782397
185914.706232
185673.983573
186132.162163
185923.797334
186300.465638
186426.655635
186484.519596
186596.372647
186715.794039
186520.135305
186581.524821
187007.479593
186800.756944
186907.675844
187008.640174
187117.042302
187504.04566
187311.273739
187395.631308
187799.440935
187597.705872
187697.267177
188064.559178
187893.651375
188325.923329
188078.99594
188220.440552
188311.57674
188676.069275
188500.958825
188932.123882
189002.30174
189068.091208
189216.81661
189005.904074
189111.983665
189201.977171
189290.800787
189420.617643
189504.635136
189918.767135
189723.031111
190087.118611
190221.752224
189990.778314
190405.101786
190499.427612
190609.798826
190430.73746
190787.404231
190562.295665
190691.783611
190782.722466
191219.79157
191010.278061
191098.173235
191488.387153
191295.76112
191681.985101
191841.731364
191586.845136
192020.197088
191820.718962
192191.006402
192307.161482
192120.687411
192513.894742
192610.684948
192429.565476
192834.555811
192603.948808
193026.169064
193135.050093
192929.350268
193029.292163
193108.103004
193198.410549
193312.030753
193388.670526
193509.171051
193928.10257
193997.789409
194123.812576
193886.006956
194002.150644
194096.479
194536.937766
194272.772946
194704.844823
194813.560052
194590.844417
194992.485468
194805.833699
195179.995262
195279.382375
195099.944689
195524.438671
195293.397434
195388.441846
195813.312711
195599.682404
195727.780673
196079.079197
195884.655485
196300.231814
196078.327527
196208.681296
196310.381623
196379.819193
196765.296674
196606.426065
196705.923294
196789.038261
197187.541288
197299.403948
197103.733075
197199.464433
197595.38096
197702.298743
197509.738717
197599.758248
197714.771718
197828.779474
198183.675081
198333.735853
198087.77307
198516.626564
198309.270207
198399.028265
198822.918319
198915.354249
198701.113569
198821.556496
198897.409124
199031.537035
199110.53902
199521.56137
199275.777671
199679.603161
199546.738921
199623.209791
199706.886355
199809.967766
200220.531694
199983.94406
200402.107275
200207.855081
200579.338545
200403.725086
200517.076747
200571.012029
201020.86503
201079.175026
201189.466938
201337.846739
201391.904631
201219.630353
201289.348214
201396.019818
201513.572046
201607.928345
201687.313097
201827.019839
201896.107948
202019.526573
202095.96508
202555.1733
202319.039221
202698.400789
202495.207244
202897.734506
202694.653647
202779.319662
203213.22939
203334.837364
203396.352924
203197.087458
203303.044849
203688.503036
203488.977566
203587.143705
203995.420762
204096.390146
203908.405936
204035.294689
204096.086432
204205.047603
204581.583277
204384.08247
204494.31427
204906.900854
204692.06527
204827.081618
204884.252777
205294.436478
205103.121349
205489.913466
205285.472848
205410.448377
205812.460788
205598.684765
205696.567321
205829.11926
206175.52915
205990.174602
206100.143281
206474.549652
206286.623837
206401.409213
206512.191697
206604.737679
206743.644237
206825.670867
206892.644493
207036.128524
207397.394012
207226.251923
207277.072824
207411.175461
207846.605702
207606.273794
207725.939192
207787.872956
208194.633291
208273.591274
208078.381187
208518.284203
208300.254807
208386.898752
208485.481727
208928.13538
208704.329985
209117.039864
208905.727608
209307.016479
209419.545666
209512.139104
209613.891799
209408.676713
209518.780158
209619.533831
210000.001974
209810.907864
210197.837844
210301.129589
210086.858344
210516.717454
210292.256475
210713.630911
210826.056353
210882.717777
210705.696572
210780.250169
210897.261308
210994.246984
211375.190042
211192.472787
211317.872202
211703.741387
211507.624472
211594.002333
211675.858755
212088.984886
211947.110108
212001.195557
212431.648863
212196.215179
212600.584601
212703.775307
212790.54716
212939.516746
213018.957904
212758.500085
213207.323659
213012.601502
213104.985704
213199.249636
213302.736845
213693.108983
213780.999664
213576.481892
213679.898224
214119.124491
213900.869846
214289.141326
214066.729288
214509.028236
214627.671781
214681.777672
214803.622604
214563.758519
214703.654641
214783.794603
214919.097983
215016.027387
215093.971019
215510.135242
215618.122763
215440.796656
215811.150959
215595.02625
216028.90816
216098.348542
215905.743449
215991.852651
216372.139865
216194.249909
216315.703804
216391.858081
216515.678438
216603.783561
216685.728724
216788.017269
216921.039272
217010.213372
217062.781635
217191.746506
217597.862843
217385.433047
217799.704029
217624.806441
217722.447512
218108.985814
218175.775848
218319.264185
218086.71404
218209.508514
218589.629313
218402.887347
218819.836916
218571.287662
218701.445317
219124.235379
218881.635457
218982.920426
219135.030625
219492.730792
219311.275658
219709.70899
219542.641634
219620.715157
220016.313294
219830.164715
220221.725146
220026.598352
220387.136689
220216.266849
220569.298853
220439.979969
220488.78476
220582.034424
220724.178032
220762.68634
220884.670731
221004.781908
221398.594424
221518.398422
221310.52461
221709.137933
221506.364477
221611.271775
221988.2647
222098.423897
221912.804397
221993.652267
222112.466907
222209.499645
222311.125849
222684.466627
222802.091014
222879.969707
222679.747333
222793.870149
222894.17244
223005.184021
223417.64838
223194.084215
223278.876514
223404.750945
223484.730906
223619.934674
223713.903851
224124.018266
223914.358654
224296.376658
224104.052072
224175.148151
224323.587876
224680.35837
224793.719545
224603.979801
224682.942909
224823.533752
225219.238154
225031.711406
225409.132315
225210.819763
225319.605082
225392.745734
225507.644009
225875.836152
225989.550114
225802.610153
225882.217246
226021.328816
226421.227557
226486.32633
226309.998937
226379.61339
226511.684335
226893.303002
226999.783363
227078.044739
227208.388441
226988.202238
227385.332241
227196.532743
227272.388687
227668.907446
227777.788569
227625.088176
227996.023754
227813.454011
227936.043699
228011.774409
228087.197262
228496.45787
228285.444435
228409.804008
228493.120259
228609.30203
228721.125551
228781.312277
228885.78415
229264.683187
229379.867771
229223.618686
229306.305247
229419.124161
229793.895901
229622.540975
229674.440356
229807.482253
230191.185235
229999.793379
230103.822914
230213.350677
230552.288185
230382.052348
230498.155383
230608.129992
230716.927818
230842.830255
230892.822592
231009.312222
231122.44579
231231.481439
231272.57634
231396.004586
231812.060898
231603.6454
231708.481942
231769.803289
231904.149045
232002.932748
232104.409342
232504.983369
232612.278307
232701.118383
232484.69811
232558.889875
232711.569027
232803.165816
232914.422825
232998.227616
233098.913669
233206.244327
233562.993679
233415.169446
233512.120145
233625.330269
233674.987281
233820.49687
234225.994554
233998.273643
234094.896012
234183.261563
234292.948528
234741.288572
234830.739085
234619.241646
235010.22371
234825.30574
235189.064959
235332.688304
235108.976472
235207.429081
235320.000551
235366.31127
235500.157778
235596.009047
235692.931338
235791.297122
235921.545634
235977.892982
236397.682403
236209.546677
236304.049533
236685.242226
236519.588507
236888.780132
236717.044791
236818.663124
236900.972036
237302.864335
237070.276507
237461.77759
237620.944847
237680.356857
237795.110012
237887.823453
237707.504424
238091.290247
238202.461379
238323.580039
238422.505323
238186.026663
238258.512298
238379.768314
238499.136394
238909.959114
238994.02343
238815.882392
238918.058897
239309.770076
239123.342832
239205.492687
239301.354707
239374.061092
239474.435933
239914.767843
240029.394515
240117.729467
240214.702865
240021.345351
240074.077519
240212.563241
240292.524332
240385.762827
240514.925454
240599.017527
240958.82254
240809.727748
240905.027652
241300.25568
241421.726516
241469.781925
241607.086609
241401.327945
241814.801645
241614.658244
242025.996081
242085.547503
241872.32892
241991.489585
242076.211306
242516.595113
242311.493421
242717.567414
242480.999772
242641.889142
242714.576256
242808.080651
243180.816339
242996.033102
243112.246634
243202.960782
243619.217176
243430.758045
243485.364828
243896.67813
243680.572649
244073.673447
243902.681551
244030.786388
244106.398702
244194.777856
244317.272033
244690.895293
244482.487674
244899.978403
244700.853803
245103.508765
244901.796439
245003.100962
245115.225078
245223.425616
245650.424509
245398.231995
245485.586157
245547.483017
245704.634971
245772.3691
246208.24594
246003.282323
246108.440154
246220.823633
246312.10125
246704.083206
246474.304232
246622.897589
246691.179624
247063.936385
246910.5316
247313.915047
247382.380049
247481.150585
247579.370262
247451.570183
247523.43574
247907.428021
247952.198186
247833.185624
248252.334027
248277.149062
248071.906592
248525.140296
248302.739647
248407.323049
248755.874936
248885.569721
248704.959364
249067.581552
249209.763812
248968.318161
249101.52507
249221.213472
249308.353415
249661.592047
249485.660328
249927.767122
249697.491506
250095.155905
250219.583391
250299.913802
250381.779466
250172.668804
250306.541248
250419.555581
250525.569729
250599.778811
250991.283744
251098.692932
251179.772588
251041.229974
251409.934612
251246.505153
251328.379424
251417.414235
251520.896275
251891.781462
251715.475983
251837.515628
252180.460724
252021.155233
252095.896932
252186.530273
252316.6958
252655.489882
252809.382985
252602.791104
252953.15394
253124.221371
252886.004197
253006.94795
253364.490546
253503.582
253292.689052
253405.837845
253836.329465
253612.888278
254009.847949
253801.149423
254204.945935
254007.001761
254090.771993
254188.924254
254284.498266
254396.046257
254800.808659
254582.37209
254721.313222
254825.940648
255197.015797
255007.838992
255412.037775
255204.732241
255291.023123
255700.073837
255492.960793
255600.211649
255994.572342
255805.394832
255905.407654
256290.364809
256122.376389
256527.528357
256626.27578
256404.338028
256513.15433
256593.48976
256727.530029
257096.947823
257216.159542
257012.050792
257101.270293
257188.012524
257596.35045
257706.954804
257493.646778
257860.501049
258017.784685
257770.007332
258221.813499
258027.058166
258397.702818
258498.100421
258336.669194
258394.154594
258496.261387
258617.22297
258724.563822
259076.651043
258911.058635
259006.436685
259401.345177
259533.803438
259311.822871
259656.550615
259794.677717
259888.119844
260032.636979
259772.697538
259910.226574
260014.495767
260126.755851
260485.734718
260626.496869
260641.175512
260466.72349
260582.908225
261016.761782
260800.160176
260887.598065
261317.225261
261125.26821
261501.717137
261310.095193
261373.107495
261491.228097
261906.141207
261669.050652
261791.598443
261914.08165
262291.497052
262105.921928
262225.644339
262303.842875
262408.326097
262503.909996
262576.304223
262740.128082
262818.700928
262919.884117
263009.831407
263365.604656
263186.252367
263294.061602
263398.705776
263779.636298
263598.887231
263719.258533
263797.052536
263882.435888
264283.066714
264098.435056
264194.641199
264294.313521
264406.160145
264831.59609
264892.6233
264693.979328
265068.416326
265197.401975
265015.952866
265100.212976
265184.706409
265290.563065
265682.551532
265790.016906
265609.124801
266016.161695
265816.310252
266200.503507
265986.579125
266092.796167
266214.282166
266605.396218
266678.927751
266825.013587
266905.471899
267003.954831
266793.174608
267213.49016
267278.093527
267097.580135
267185.775218
267596.407729
267385.39195
267497.213272
267931.102356
267999.62379
268127.485033
267888.603172
267984.557007
268363.980447
268182.439861
268571.978581
268688.23298
268801.364229
268619.394736
269019.201511
268794.774215
268904.991564
269003.420678
269399.352215
269475.867334
269612.24238
269690.592811
269804.78676
269589.633463
269689.450873
269830.372851
269935.78571
270319.397234
270086.503111
270510.639591
270286.941801
270731.801164
270501.313585
270592.313431
270707.601695
270820.71904
270918.169092
271262.856992
271090.288079
271222.167495
271330.810678
271706.403968
271817.328309
271575.415917
271690.358706
271793.89392
271909.13397
272276.418922
272084.538881
272213.021422
272614.215212
272383.984859
272803.751942
272606.411136
273019.544597
272813.025799
273208.442678
272996.601768
273106.244209
273184.848559
273585.846222
273404.817952
273829.266788
273925.274812
273719.354789
273836.870043
273906.84079
273985.926881
274123.440665
274215.206927
274289.511594
274686.041227
274525.537771
274608.517565
274721.82435
275064.770388
274927.302862
275273.526583
275412.583695
275209.889751
275283.300132
275389.22992
275520.454252
275592.645948
275742.486728
275801.713586
275919.449341
276312.075292
276111.67725
276512.499657
276613.208288
276385.5265
276514.548734
276621.692959
276711.124543
276783.399757
277193.846873
277306.609009
277131.778558
277502.876345
277290.062029
277400.042625
277827.041245
277613.340157
277719.045522
278077.372556
277927.303235
278338.055204
278405.669793
278201.921488
278581.65033
278402.988778
278821.371037
278900.493275
279021.358699
278824.325565
278870.54803
279006.449447
279406.174698
279195.11537
279322.577812
279688.207504
279508.368727
279603.534701
279690.534619
279847.35881
280163.13863
280006.454861
280410.626241
280209.348746
280289.911368
280390.527954
280825.535656
280605.944442
280681.961063
280785.398908
280904.577684
281024.45395
281129.055215
281229.291375
281280.369683
281733.515105
281506.257845
281594.288944
281682.095945
281803.990821
281884.572207
282010.626978
282402.8064
282553.392331
282287.695319
282393.199816
282519.633215
282887.226526
282698.121306
282806.695046
282895.110412
283007.401095
283120.175902
283185.063139
283308.00983
283379.427292
283468.912534
283586.54729
283678.578
283814.221099
283953.678449
283997.637405
284094.498568
284501.266131
284292.586101
284404.765688
284767.206161
284916.856464
284654.78893
284800.727402
285233.717773
285012.989377
285388.002547
285200.772422
285330.983786
285740.700735
285799.391143
285613.859512
286011.201746
286090.907405
286197.908261
286028.728783
286071.529443
286220.23836
286309.497363
286387.101703
286509.734113
286890.853586
287017.276912
287065.977199
287203.065028
287274.841478
287398.416477
287172.968333
287308.216644
287388.830127
287483.370067
287625.709368
287975.681419
287798.445762
287910.900023
288017.694955
288389.074694
288540.562978
288604.935637
288737.726438
288787.233128
288598.489103
288731.767901
289090.621396
289224.021515
289013.730898
289412.978439
289212.741065
289646.921503
289396.068832
289813.9218
289600.991866
289697.879869
290068.615776
289882.91118
290011.740508
290091.630843
290533.899065
290569.991962
290407.609245
290779.396258
290593.134856
290999.982061
291089.555154
290920.945576
291311.016766
291415.860822
291204.094555
291301.091877
291686.241878
291814.567657
291608.564604
291696.282613
291821.110832
291881.420138
292283.186414
292406.117963
292196.427742
292639.565914
292395.934066
292507.671483
292638.754509
293014.495712
292806.341424
293173.216602
292995.954314
293396.543331
293212.311979
293615.796474
293690.012346
293487.812548
293615.145133
293711.684019
294093.458288
294189.299911
294012.122727
294072.165907
294467.661152
294315.458127
294712.094176
294813.917049
294593.569282
294685.82452
295117.408796
294903.733036
294990.395818
295408.507633
295512.709562
295312.107365
295392.097257
295472.764138
295915.735546
295710.859933
295804.655399
296210.859133
295973.841407
296092.91135
296522.308737
296609.700424
296708.840774
296752.258307
296897.904482
296959.096458
296812.317994
296934.735505
297006.818413
297388.162826
297187.274512
297313.464244
297384.395411
297824.004717
297593.938775
297976.445167
298091.429575
298175.615929
297988.595687
298074.751437
298246.459987
298609.260206
298412.742058
298524.632387
298607.733948
299003.802922
299104.07729
298913.702389
298997.203025
299415.480803
299194.389704
299289.987323
299366.343924
299487.736736
299880.247307
299706.505172
299801.421864
299908.388332
299990.878914
300073.349849
300214.242527
300334.228134
300413.940394
300824.09816
300937.22456
