728.668473723
1116.99243652
1181.02355516
1303.76909926
1424.13369661
1456.62199131
1289.99092482
1680.0074856
1509.24842786
1880.62462334
1722.45755682
1803.37246662
2196.71244375
1990.42420556
2105.09896517
2195.61797659
2298.12320246
2412.44405701
2804.41719325
2887.71062158
2993.47038422
2810.82548132
2905.1638706
3330.09403776
3082.71677695
3206.24783589
3642.60188596
3394.93925236
3507.07653614
3896.68619808
3701.41562942
3780.69431985
4209.25287491
3989.72994625
4413.21991088
4174.92460524
4298.2240627
4708.90087362
4493.48295686
4623.94788082
5002.81275458
4816.21217067
4890.75332898
4993.78418255
5399.86042012
5200.91200287
5582.95322076
5705.12365469
5496.54055312
5569.99171396
5695.14531535
5803.7726127
5945.27873391
5986.06717897
6412.4242241
6186.81372152
6316.77783777
6689.16050147
6786.9467477
6916.69397271
6701.76726337
6820.69717716
7155.54700277
7328.73121814
7410.63551969
7201.52750916
7562.64331546
7415.16360327
7765.66128303
7589.89144478
8019.41289293
7799.57541083
7915.80096669
8288.11165311
8082.80051888
8199.90616421
8323.12891838
8685.94880282
8517.96929414
8901.35414692
8725.5013888
9123.46520226
8886.893968
9290.05190168
9097.50966498
9197.93323618
9300.88970889
9686.30847393
9484.42393819
9887.44772245
9996.6427995
9807.52346095
10216.0834405
10025.1393678
10112.4542447
10482.2561045
10295.0203443
10406.3755526
10841.9247512
10598.8267681
10983.4512122
10803.435462
11203.4439184
10999.1082647
11451.8653729
11207.2053239
11301.9582467
11408.7148165
11463.4719397
11617.7939968
12007.1955852
11809.5115282
11919.613696
12284.2832267
12078.2802779
12475.7344142
12310.2796901
12399.2559791
12808.6242829
12893.8801508
12658.2207269
12787.5163946
12912.4061158
13278.246942
13124.4565169
13504.4570371
13596.6618083
13709.3839077
13500.7554737
13888.2706518
13718.2916075
14095.9504416
14209.1190438
14001.3701029
14110.1218829
14225.0712862
14607.9955516
14376.2921957
14511.8250054
14885.7156909
14984.5388482
15158.463321
14916.1105935
15014.4383579
15118.4596504
15479.4433716
15284.3511265
15415.3419192
15790.9891691
15875.945296
16022.1175784
15782.8462644
16188.9449844
15985.9504131
16109.6431902
16215.1050584
16313.2501119
16447.93537
16849.1168014
16584.4242232
16989.42389
16794.9864312
17203.8563437
17033.3809893
17389.6081659
17516.5468156
17314.1431058
17705.4255037
17509.160671
17627.9943689
17699.3035266
18127.4487155
18208.8063502
18305.0092099
18398.7438618
18224.0876186
18306.6021933
18697.2135771
18528.1596697
18617.4714107
18704.3301644
18822.9904697
19207.8794405
19299.8918596
19394.0717269
19205.0204509
19324.3570559
19729.8672305
19799.7793441
19607.8909648
20045.4740384
20087.0092477
19906.1245974
20298.0711223
20071.4923917
20179.6627214
20294.6207079
20397.0208829
20497.0417892
20915.5389712
20719.4148025
21096.5926817
21202.0536104
20998.7235229
21087.4042487
21472.5122647
21294.4555248
21393.2956528
21797.3382439
21883.3121697
21983.8216171
21803.4386862
21916.4017773
21982.7849429
22376.5389548
22200.5345898
22584.2726599
22701.1173611
22516.2340395
22583.140078
22674.8410323
22823.4559219
22889.0738765
22994.0176177
23141.0258537
23204.1014721
23321.5327451
23739.0802129
23513.6465464
23596.0526516
23670.6666256
23818.9945931
23892.2223717
24288.5275522
24344.7547904
24505.2772806
24639.8722028
24400.6161756
24507.4925282
24917.5574144
24996.2091731
24837.2037853
25185.1381159
25300.6467561
25392.5315082
25192.445841
25290.771255
25375.5361816
25807.1667661
25620.1464085
25964.5856048
26111.7632331
25889.319693
26287.552311
26123.9184281
26473.7797276
26290.8294661
26692.3673126
26484.1781191
26897.9069312
26695.2186378
27114.858055
26893.8113025
26980.140501
27103.0876406
27198.2622762
27620.9240113
27678.4341402
27531.6566408
27628.8184138
28032.7083051
28105.4729651
27900.457834
27994.478374
28084.8881939
28186.6771572
28601.8735113
28389.599165
28507.9050735
28594.5139042
29029.3577014
29132.5876981
28873.2236982
29313.5528867
29396.7889864
29506.4547432
29308.9008719
29405.1551991
29511.220969
29896.106272
30024.8526658
30076.4237922
30188.956292
29978.4887378
30128.6471088
30476.220542
30584.1452447
30693.8528033
30520.3894021
30892.9118801
30725.7677076
30816.5772571
31176.7311537
31017.0204432
31401.4095766
31229.3818226
31289.6273691
31711.6372405
31810.1326483
31936.2887821
32043.7907084
31785.4794461
31895.1172494
32290.3384548
32363.1765195
32524.2598834
32291.8483055
32701.4830809
32794.1128526
32889.5849683
32701.504381
32823.652576
33193.3006842
33008.5787049
33094.2632653
33502.5330298
33607.1938494
33422.2321415
33800.4657416
33614.0026399
33981.6318781
34130.3836034
33920.152141
33993.981841
34453.2928037
34191.396019
34354.3762964
34418.5541516
34505.7741619
34592.0952831
34675.3581115
34775.5814668
35182.076628
35306.6123695
35085.9121036
35202.1088527
35603.4314467
35683.7796136
35774.125506
35852.2791015
35975.6036243
36108.0107273
35888.5408158
36021.8818519
36374.3973987
36222.08455
36604.3678675
36386.3017083
36496.4283768
36905.1114676
36722.6679519
36799.1398754
36917.3656216
37030.4151394
37087.9123179
37177.9868491
37616.6699903
37697.219389
37823.4176028
37613.0470645
38016.262164
37799.8462066
38227.1885643
38009.3388661
38099.5873193
38525.8187683
38629.8620128
38381.2474184
38810.4958047
38872.3620608
38696.771801
38818.7349336
39196.7114653
38973.5702295
39372.2090113
39500.2315984
39629.7196253
39686.0228515
39542.7762991
39602.1147913
40003.9783975
39806.6324319
39902.794637
40353.5059467
40407.7199921
40208.2668548
40605.72763
40390.0567817
40776.8732804
40603.8975151
