1007.75618385
782.866321854
892.474536478
1311.39865774
1402.33772244
1479.94656531
1307.66430289
1418.14146321
1510.04045751
1609.7949538
1970.56499982
2104.87371205
2193.22420775
2327.26406604
2401.21144723
2479.7661271
2309.1749206
2402.57998411
2493.53804981
2599.91721212
2714.75789036
2807.05565233
2904.31389432
3302.33604436
3399.17449333
3232.62358474
3636.48756524
3425.86730118
3520.88277689
3634.39647579
4032.60346758
3798.98012091
3902.21446432
3981.41512117
4126.04630582
4231.57636833
4613.4383656
4387.65621858
4814.63250502
4560.04479607
4731.55583212
5080.49758185
5209.42592178
5301.66074894
5113.83170036
5220.93937597
5578.87871569
5388.43659508
5498.78039341
5609.30836318
5714.10817185
5798.3024357
5895.77563708
6298.56013468
6070.84670973
6508.6648648
6318.03277564
6700.79476909
6493.60769219
6584.90453729
6694.48415716
6801.80837149
6896.01534254
6980.85611566
7390.86210114
7194.69274655
7322.86181578
7720.02015023
7487.55219885
7899.7692736
8030.23781773
8104.42272628
7899.34999869
8003.72490862
8385.65817779
8233.95248372
8609.84919276
8417.98874051
8816.61225576
8608.15801228
8666.52112534
8810.7401249
9194.81649405
9001.36414452
9096.88603857
9196.70290697
9314.81996262
9411.15544719
9499.2609423
9565.9410616
9686.91296946
10116.7308577
10247.2595323
10318.0341533
10128.2441971
10195.4880072
10305.1842489
10722.1735764
10783.3916278
10609.1492553
11016.4829867
10807.5200546
10903.8599698
11304.2205536
11081.7924663
11198.189124
11275.0619343
11700.297262
11833.1048115
11593.7021143
11699.8356332
12089.5553752
12170.5847898
12306.6865513
12117.5866211
12220.2720291
12597.854233
12365.0806616
12805.6328137
12896.9640873
12993.5180549
13115.1870621
13209.0238033
13001.7103023
13108.9687868
13208.5073692
13607.2049605
13711.8043177
13501.3177942
13638.639443
13980.5059696
14111.9498131
13939.6680151
14004.0295038
14138.4559037
14232.2595448
14340.6130209
14689.9056901
14772.3278068
14606.4091137
14703.2758898
15121.5151283
15181.9467462
15287.6372651
15101.9163096
15489.8372998
15276.3578517
15655.8265253
15496.2787581
15892.846483
15725.2442962
16098.8761307
16221.7244759
16293.9988158
16371.71464
16198.6353379
16321.2950145
16405.4196117
16474.0046637
16604.268623
16730.0815724
17092.5290075
17176.9909817
17273.158153
17112.1319467
17194.872133
17290.6493776
17405.7584683
17497.6280909
17614.1125277
17706.0862431
17790.5989813
17887.2366671
18266.4792326
18379.5718246
18182.9004972
18292.9576932
18728.7914501
18539.7795608
18603.2926655
18712.8042983
19048.4995071
18919.4979132
19285.846245
19096.1565407
19485.7094781
19291.2083163
19399.9063955
19480.8508966
19885.8640672
19684.5289894
20127.305699
19875.4524446
19993.6806025
20401.9440178
20510.433832
20294.5334842
20417.9054022
20502.4457142
20600.197019
20701.2465666
20817.8572924
21201.136108
21032.2594342
21093.8091846
21208.9241056
21265.5253205
21412.1025686
21468.8272402
21605.521084
21710.5837361
22133.6685753
21890.1102169
22003.9103486
22421.2017336
22219.6300335
22289.5541626
22392.2734948
22828.2666022
22572.6306208
23038.8174562
23120.5587103
22884.3862422
23029.5158961
23108.2066162
23501.8489537
23310.6406284
23360.0832988
23498.624682
23898.4313168
23717.3576777
24097.7191278
23906.6259707
24305.8238309
24107.4197685
24222.0450009
24601.5136521
24387.4970835
24791.1337495
24885.3016422
25007.5617761
25069.1104839
25201.4168281
25276.042448
25094.1293096
25241.6834938
25291.7724296
25728.4273438
25502.489906
25889.0779811
25695.98088
26129.2076075
25902.4561851
26281.7550019
26090.6952303
26207.790432
26297.5746933
26393.7435214
26784.6928327
26907.0127737
26695.9545053
26843.7363891
26909.2339035
27261.2868811
27098.4586855
27489.8651144
27280.7314102
27392.9939814
27508.7864148
27610.3473917
28027.8873283
27792.3133842
28228.8288774
28001.0719502
28412.399346
28196.0277712
28281.1010084
28387.0117166
28509.2995156
28607.6361582
28679.1376184
28807.1863672
28916.3653064
29017.002358
29109.0362855
29205.9212484
29329.6007649
29392.6523039
29504.2524061
29894.1816303
29695.7110135
30066.3690687
29915.4235885
30022.5198484
30114.8754981
30187.456489
30302.9696789
30416.9985406
30494.2130458
30915.1638088
30711.8077425
30814.1545705
30905.9400283
31035.9245036
31116.9498139
31185.0676223
31275.0642511
31420.3474837
31777.9888382
31892.3364558
31687.2660827
32127.207994
31912.5198601
32305.6494921
32094.9097307
32491.7600645
32588.5744743
32422.3450414
32505.5333535
32626.9647457
32706.9471552
32807.4676074
33218.2789638
33001.6037346
33414.7296966
33173.6000115
33325.2178862
33686.7654698
33814.7812016
33896.0739553
33734.5655078
33830.2484404
33909.7908725
34348.8679367
34116.6372577
34236.2076169
34595.5799688
34401.3770661
34484.56931
34616.7980736
34692.1270415
34781.1218925
35260.5496991
35287.4596569
35110.3866854
35172.6905964
35282.8544115
35404.6925584
35795.2366325
35602.1883337
35713.363834
35773.4375758
36210.1476248
35998.7957391
36099.1445323
36213.1123594
36319.7755531
36694.9859426
36809.5335673
36904.0467427
36704.2883601
36772.97635
36900.0705477
37039.2447321
37112.1627776
37489.0617493
37635.6092255
37388.9412409
37495.1035436
37939.2368229
38030.552376
38110.3221632
38183.8817376
37974.8545325
38423.602106
38166.1421362
38624.0737232
38400.1476669
38495.0789458
38598.5229172
38729.0817368
38804.5257059
38897.5214816
39019.2481857
39126.0833071
39498.4725717
39291.9428972
39427.2686241
39514.6317926
39899.5159241
39712.7530414
40108.1501724
39904.6644884
40011.2073165
40118.4938422
40491.0745612
40592.6946649
40692.6525568
40502.3123223
40885.3354665
40694.815467
40825.1960777
41187.6984529
41005.1665075
41083.7517374
41225.0771625
41613.6172002
41720.8667551
41521.834964
41622.3562883
41704.6927993
41799.4745277
41927.2075233
42324.0035564
42403.983444
42195.3120737
42259.7843366
42409.5898583
42503.376644
42610.8494195
42709.6749743
42777.0156993
42929.6375639
42994.4730628
43393.2061989
43487.079189
43310.9374509
43688.9233274
43475.0662006
43890.7755711
43705.8593687
43820.9340058
43893.4705993
44048.1579843
44390.4167329
44495.440978
44307.9885225
44404.2416825
44493.5756412
44578.2330333
44727.7360091
45097.7016363
44912.3758893
44989.2743019
45127.1486453
45219.5957497
45320.4733922
45429.7674018
45801.3189388
45910.6013448
45717.8172951
46105.9740525
46199.6490377
45987.7139952
46105.4934715
46205.4263187
46309.5388989
46401.1232205
46511.4645318
46599.8712334
47003.320096
46801.302391
46900.5771203
46980.7959594
47109.8694014
47199.2475808
47612.6503703
47714.0840572
47774.3039361
47591.2244933
47695.1763013
47812.5545587
48204.8920679
48315.8994502
48406.8885341
48210.5940755
48578.0136321
48405.0502417
48798.0703486
48620.6273738
48997.2960613
48782.6310654
48899.5907644
49299.9156241
49069.9080037
49494.6729693
49294.9219521
49683.4979797
49794.5217186
49887.9334047
49677.7525394
49781.5655963
49925.8047669
49985.0580695
50389.2435402
50486.1481525
50590.3516898
50681.8498727
50819.0625128
50618.4520181
50687.4481045
51093.8449809
50925.4133154
51277.6566173
51417.5848437
51478.3655511
51301.8921282
51720.2388833
51847.9883502
51898.5507919
51698.3989545
51816.3468377
51889.5947392
52307.6474725
52126.6118724
52203.7559467
52300.804502
52409.3104029
52488.4250938
52573.577111
52685.085522
53115.8067715
52892.947595
53277.2832243
53392.1167593
53227.9187799
53606.455143
53725.584289
53811.5445676
53600.5003943
53700.9004267
54092.2827197
53878.4809372
54275.0802715
54062.8406611
54514.8786447
54645.812121
54409.6444517
54490.9951146
54895.2192236
54717.4873706
55114.7081886
54878.3564348
54994.6116172
55363.9907413
55208.4486084
55282.2620184
55698.7757743
55472.9023054
55864.8021284
56009.3249638
56101.0326055
55924.6356524
56296.187266
56085.6314263
56201.4391385
56304.6041827
56402.5690476
56506.1057495
56621.3582101
56726.6259064
57096.3944441
57186.7465199
57027.5166041
57411.8812206
57179.6883304
57310.4326067
57396.6432554
57806.0302633
57624.2089625
57693.0651055
57809.4665312
57889.0150188
57992.2087143
58439.2626277
58194.6876585
58323.3081284
58402.1070918
58813.2947773
58891.3153405
58723.6103731
58790.899513
58895.9095468
59026.1961053
59085.2156334
59512.771518
59307.5141402
59392.8545687
59793.7655926
59601.4659391
60039.261173
59808.6055132
59903.9299878
60009.0377689
60085.6306461
60219.7853848
60587.6521808
60406.7616153
60507.695928
60616.0757908
60985.2884174
61116.1523983
60913.4493103
60980.2893439
61398.6226147
61216.9010959
61283.8804218
61674.9813036
61796.7759182
61563.0804838
62007.7781422
61822.7278834
62208.2978748
62305.7470375
62087.9115593
62231.8209779
62590.374094
62660.166224
62503.3519941
62598.6284261
62994.4497337
62788.38697
62865.0064167
63001.1860092
63092.6342827
63541.8757224
63584.202922
63410.1784245
63486.2472788
63591.3205194
64022.8141278
64088.9775785
63885.8157565
64010.3946932
64381.8043625
64173.6499581
64293.1962162
64697.8892703
64509.8453406
64910.2490842
65010.299062
64820.1185641
65210.6872368
65009.2460066
65106.0170993
65484.4524364
65314.9670518
65388.2869716
65797.7559402
65621.5189952
65703.9570833
65799.9964926
65909.8686113
66032.9457984
66112.9378615
66513.499196
66321.8303003
66411.9302402
66505.142181
66899.6981208
66719.0593063
66798.2249564
67229.5119682
67010.6857365
67422.1297971
67189.3663157
67593.0774058
67390.1139498
67499.423597
67625.5763934
67710.4042545
67800.031869
67920.9255146
68304.4326563
68116.1007926
68171.4890418
68313.8170358
68679.069761
68509.5282363
68581.3984005
68716.8484932
69088.983916
68872.1496971
69288.9563011
69399.9540791
69212.6775593
69305.746509
69420.5644936
69485.2688832
69620.8349793
69689.1017329
69826.3449557
69943.4117981
70007.9707573
70089.6657053
70186.6784622
70644.8705565
70403.9927796
70821.0133397
70909.0605225
71001.6644509
70776.2166388
71206.078158
70985.275457
71126.7171362
71189.222967
71290.871751
71432.5626416
71501.0033621
71930.957852
72058.2404148
71823.2464399
71913.4090293
71978.7693619
72076.7120107
72182.0928205
72544.1682919
72731.982439
72501.3655691
72879.7619644
72706.6454131
73075.304765
72889.7274
73297.3796937
73427.1282088
73213.3916503
73313.8398622
73701.7299755
73822.8410296
73598.4558464
73680.7730953
74130.0668853
73903.6658224
74289.7799234
74088.9942111
74241.8162115
74334.6255146
74718.333087
74809.6449187
74896.936558
74932.9182576
75110.0432588
74897.8116161
75280.1202589
75120.4137005
75479.2274968
75600.745775
75396.6350034
75498.3546212
75899.6242577
75969.1912627
75812.8844112
75880.1043993
76293.0617652
76108.8867505
76492.4389869
76287.5065394
76716.284736
76787.516159
76857.2413508
76981.0197862
76804.5337397
77199.2064657
76984.4174259
77082.2076039
77183.5472247
77585.4742099
77414.6494628
77516.6658109
77612.8936967
78003.5508076
77800.3879263
78191.1688753
78009.3587651
78100.5155356
78182.3059852
78313.9329935
78403.078291
78528.8625785
78907.9462544
78733.55129
78833.2784243
78916.2505196
78971.2640184
79085.0553893
79510.5535097
79292.9101238
79397.7788764
79817.527046
79913.1896893
79714.9245165
79833.8158198
79899.3859782
80322.176301
80093.9679238
80190.9508418
80576.3714222
80724.8276525
80751.8412534
80617.3826843
80989.8277226
80794.9176979
81234.3614997
81295.9057649
81110.3684347
81521.0717214
81285.3487902
81419.390844
81787.1181891
81892.6155569
82021.6388183
82080.1931708
81905.227332
82014.3738131
82403.2299401
82488.0736582
82288.8355066
82398.6428371
82489.9132998
82629.8021867
83004.5672641
83087.5788744
82930.8274549
83023.3837156
83391.6469658
83493.5533308
83307.5368596
83679.8819165
83490.6999515
83901.5468497
84026.6944018
84081.724788
83881.5469135
84331.5002062
84093.8505001
84223.0686197
84595.5883923
84701.0647415
84539.6733245
84592.8787627
84722.4444926
84807.699039
84904.0835375
85325.4414277
85100.5816669
85202.1173318
85597.3762027
85391.4568098
85826.152984
85599.2447572
85692.4637396
86130.1976923
86217.154187
85967.0994228
86115.163984
86473.771887
86313.101684
86733.2359503
86516.7132956
86589.2777785
86707.8601033
86811.873216
87164.169971
87300.7911881
87114.4255408
87192.9768895
87325.9683125
87694.1397644
87821.8797642
87586.6990424
87732.4686068
87798.3476081
87887.3070038
88000.5166743
88408.139843
88200.6444569
88321.568184
88416.3143709
88502.8543299
88606.190841
88692.1306284
88830.4486066
88922.8516315
89024.0989089
89074.5346308
89219.8576438
89605.2344277
89396.2643451
89800.1417787
89622.4210716
89697.8457773
90066.8740503
89903.933894
90017.5990491
90105.7960089
90192.3464945
90319.3694882
90650.4194437
90518.2152765
90906.3249692
90691.3542581
91089.5365905
90921.9797087
91320.6608344
91095.9281516
91194.8646483
91320.7512797
91707.2903376
91481.6719081
91911.2906091
91987.5244322
91791.7390205
91937.4639862
92006.6021908
92420.5403481
92194.3576347
92326.5001319
92433.731082
92807.0421466
92614.2153098
92679.763404
93090.0133608
92898.9602866
92991.4840293
93379.5201837
93523.6053282
93272.0611312
93402.1614637
93491.2504536
93912.6172254
93711.2772617
93789.9222021
93905.7174996
94312.1039832
94398.4966679
94206.6976066
94317.3589942
94397.2766277
94507.4937246
94576.4075271
94698.1650092
95104.5730001
94904.2672501
94986.6900397
95370.4147394
95214.8171749
95270.9104117
95702.2564885
95515.6267315
95911.7844043
95692.5694066
96091.5238739
96219.2823442
96305.2031693
96406.4959572
96218.3884097
96298.0020127
96358.1718276
96528.7204777
96899.0763294
96994.0519076
96799.6552834
96901.8359889
97038.5817998
97108.839013
97174.6071933
97605.2370936
97730.0682543
97495.2933313
97602.4791679
97677.3826353
97813.7853538
97920.0270781
98042.6558519
98396.2865191
98211.921094
98334.1307534
98679.1070595
98823.9393913
98636.7644278
98704.476717
98802.0138362
99163.9444212
99289.0020257
99394.4068531
99185.5502488
99291.6368057
99742.8385885
99518.9868994
99603.4133985
100031.317467
99804.7712581
100226.849687
100004.364919
100076.828553
100148.512295
100644.919893
100381.753654
100816.517956
100929.917477
