671.806669515
1107.5563885
897.796221213
1013.27329947
1108.3051885
1510.34971378
1607.78354057
1685.82507342
1502.56387185
1924.78820182
1985.67440463
1801.7685641
1881.18310539
2003.23814618
2422.84879295
2215.85667542
2598.42501289
2754.39456662
2800.55255227
2581.66128196
2998.86252715
2809.50901403
2910.01620717
3003.93698646
3093.65039079
3208.16062547
3313.48553321
3412.43659119
3797.70635944
3904.61618519
3683.25832908
3802.41371211
3919.78384409
3993.66272062
4420.48948068
4194.03534587
4610.51841186
4718.76577906
4493.93738819
4578.22080058
4679.35533499
4804.35390942
4875.10434386
4974.90389915
5110.24527003
5498.71903401
5585.33446502
5398.61719069
5491.03049977
5636.61599025
5985.76773464
6126.64109401
6181.61973919
6351.57130607
6374.27473352
6502.53039413
6592.0219446
6392.68074802
6495.15385614
6942.46514174
6698.53669389
6795.63816982
7164.67400544
7049.62507799
7115.94302559
7546.60903291
7272.97476882
7678.70336409
7772.64780041
7629.86238822
7983.74366947
7809.24033563
7890.96800718
7992.74536144
8408.2073565
8198.04624374
8319.13983897
8395.01654877
8818.92867003
8598.55094383
8983.23949675
8826.69420712
8942.44383184
9004.5650807
9134.62518463
9499.08145584
9300.22645546
9703.66303462
9772.4375655
9898.1602697
9678.33834229
9800.31279667
9895.87025794
10285.1859579
10090.6431908
10170.805537
10614.6161021
10422.4616412
10501.5074932
10619.1077698
10999.1898534
11103.1180611
10903.7001308
11012.0074156
11062.298316
11506.5727915
11595.6704921
11400.4752734
11506.2451157
11579.6757803
11722.726004
12091.9623983
11939.0227986
12288.2554989
12115.0000647
12506.772787
12303.8900306
12743.8634567
12781.3951978
12916.4669351
12739.2577042
13084.9201277
12882.1229109
13309.7867713
13398.3652681
13482.2152196
13646.4218224
13691.1330068
13518.4452489
13918.6630582
13706.5255019
13832.6530046
13915.8002289
14016.5957269
14100.6333959
14200.8069518
14265.5625511
14708.7213682
14508.1130628
14599.8173042
14701.5197229
14800.6762842
15187.158733
15017.1432391
15361.7324733
15226.6214358
15597.4829076
15411.33141
15770.5982759
15908.2538163
15677.9465166
15808.4940601
15910.5334193
16311.751129
16403.9473126
16538.283585
16576.9597306
16396.342259
16499.9551461
16591.1689057
16716.1294234
17087.4219434
17205.7786411
17000.1748756
17398.5713657
17498.219788
17590.7227797
17411.9715958
17521.5847932
17891.1410836
17690.792566
18080.8419464
17915.9363861
18018.7739197
18088.0527527
18522.5437017
18591.9147938
18395.3161289
18788.7016455
18929.0461349
18710.5855772
19091.6357084
18886.3914856
19313.871741
19098.914884
19220.658922
19584.551098
19668.0709499
19776.8224545
19572.4031769
20015.099849
19803.5356294
19902.1396323
20299.9113
20084.412484
20172.9902253
20287.509547
20420.415036
20510.6903613
20603.2546408
20694.6861557
21110.7571901
20896.3762469
21024.6393745
21419.293265
21171.9836446
21293.6034958
21725.066549
21817.3148082
21892.3739741
21679.9862921
22079.6646022
22209.5155201
21991.5229067
22422.5669954
22213.9102008
22612.3472146
22715.1834903
22522.3685876
22899.0699388
23012.3823148
22803.7191619
23220.3643803
23013.2224004
23402.672427
23518.0183662
23266.8829978
23685.8709729
23501.096354
23600.7950096
23988.6843167
23773.477208
23912.0823395
24039.2205676
24106.3618767
24214.4585934
24290.4841934
24708.6435871
24513.221735
24604.2420069
24678.5614254
25063.0720757
24891.2305603
25029.0300284
25105.5626832
25203.9994994
25345.8690578
25397.1252316
25795.6723048
25608.7731477
25675.3131649
25791.8548405
26199.0267306
26002.956032
26125.8895492
26522.6310432
26618.6351652
26426.7245676
26789.0424842
26886.1135151
27023.8775361
27083.5389542
27176.4436804
27015.6411649
27368.924893
27198.0329452
27578.520283
27421.7810967
27485.0376184
27922.491962
27988.3538408
27815.607549
27894.6033046
27992.1665675
28436.1046626
28483.6538096
28604.8601476
28423.1942
28499.9197489
28569.2789814
28707.9781704
28808.8778329
28889.4948272
29008.5625551
29108.6105818
29199.3964549
29310.9994756
29408.9343301
29802.5672321
29590.8242272
29702.5746201
29817.9948273
30204.519134
30277.3032061
30377.3616574
30487.4611181
30626.6649021
30402.8139162
30535.8573354
30576.2929194
30700.8494042
30798.3108812
30873.3649813
31001.5020454
31412.6928531
31486.0433731
31294.4479745
31713.9390977
31498.8990496
31576.8685787
31984.0798358
31793.8467599
31893.8272261
32003.9577991
32119.0867568
32191.8594945
32307.8873172
32414.9920339
32517.4224365
32908.4921109
32959.3140461
32807.9673671
33187.9036783
33020.7864623
33117.1547564
33198.63743
33603.5801561
33704.0830531
33487.5279097
33588.9590354
33699.0822833
33809.5488597
33909.7503541
34265.4328837
34103.1532359
34555.2666895
34306.5691199
34356.8740701
34781.5028208
34603.9637108
34715.8134475
35113.8429286
34921.3110573
35292.7092456
35407.8919548
35503.6929277
35302.4156126
35710.3099677
35489.1878962
35624.5233736
35728.6034555
35795.5553183
36193.7889082
36003.19244
36109.1011812
36188.7409643
36298.8881993
36442.2914247
36494.5075117
36652.2357423
36984.715455
37067.050092
36902.7304493
36995.8355486
37068.30987
37522.5712109
37582.823673
37412.3307448
37501.8681977
37581.5121669
37715.7175493
38093.7352002
38239.7899733
37996.3581558
38120.9743874
38465.9569973
38303.1061266
38706.391626
38470.5374573
38895.8602261
38672.7407918
39123.3143061
38883.9605844
39303.3089322
39119.1886559
39483.003423
39627.4356118
39398.4808943
39810.9208119
39894.9818163
39703.7124765
40091.1387479
39867.2883163
40009.7259445
40088.8161725
40490.9952065
40302.9323036
40404.7342408
40535.8062312
40907.0132391
40738.1095562
40805.734977
40905.4663734
41003.6184825
41118.5650977
41201.100887
41308.6678398
41379.5915424
41518.9628347
41584.5715239
41998.2609856
42110.945453
41937.7691604
42012.9244628
42075.4716522
42490.1447117
42569.2105236
42396.2523554
42771.0431445
42868.9837586
42703.2158932
43127.0677422
43177.5553346
42995.3639796
43413.4379954
43557.0112195
43299.5372461
43409.8209133
43499.9240365
43586.2478315
44008.5770617
43794.0565347
43886.7123453
44004.5696818
44160.0697628
44492.7218742
44314.0672176
44700.8865993
44500.1581172
44594.7660504
44971.4738114
44776.2437213
44892.46941
45005.5678403
45103.9951111
45192.338643
45299.8121085
45734.8181944
45503.8985952
45874.3845776
46006.4614232
45793.4115895
45923.4536328
46307.8836609
46129.9010833
46211.8486504
46319.8364904
46713.1986439
46781.4984469
46887.8017952
46987.2107827
46792.7409081
47170.7184838
46969.7588475
47081.0244994
47497.0373243
47328.4744433
47415.9195463
47809.6965928
47606.6318351
48028.8011212
47803.7713938
48204.3828695
48253.4015293
48390.1204138
48455.8108679
48290.5177239
48665.4471587
48523.6489513
48598.3502613
48726.3097471
49105.5737239
48894.782368
49014.3136258
49115.4734804
49500.2631014
49295.147208
49415.5025855
49495.3049394
49602.2430402
50016.2774903
49775.7275823
50177.8457609
50288.3294244
50113.3877048
50214.1250118
50605.6992679
50387.7220396
50831.1880441
50571.9441883
50702.4370388
51106.0323268
50929.754774
50975.2687306
51437.3397009
51212.6593845
51601.1332107
51684.9645204
51485.1946152
51906.6980423
52011.97233
52116.1867471
52206.8336569
52315.5502234
52103.3303063
52177.4679051
52293.708858
52368.9225868
52505.2653934
52591.3569861
52993.8336198
52812.6544
52897.9813595
53266.9600414
53099.6599628
53493.2174349
53567.2817548
53375.7645059
53804.6709478
53902.0241747
54001.2698279
54103.8347423
53904.387272
54285.7131565
54069.9020562
54519.6523184
54607.3818466
54396.9476122
54520.4435316
54917.1778621
54694.4894276
55086.283547
55191.7820691
55002.1584221
55393.4701135
55207.1164861
55597.5453391
55415.2520697
55513.3205926
55889.0251039
55710.0806846
56099.352513
55913.192217
56029.8999826
56377.9759014
56188.8085218
56598.2044622
56393.8380424
56501.31503
56603.3135267
56965.64083
57099.6645373
57186.8784252
56998.0330381
57090.6808863
57477.7666342
57581.7555414
57364.7515123
57494.0012108
57920.5268545
57990.4929365
57824.1132007
57891.5425403
58000.889734
58165.970037
58224.6414755
58308.86925
58413.121429
58822.4504427
58607.1481715
59019.4849197
58806.5550481
59185.0042025
59322.9358166
59370.4388572
59453.5478117
59284.9585443
59419.3865124
59474.9988158
59602.0587164
59990.8501799
59796.6090972
59910.2810207
60354.5932125
60125.1734648
60183.6731928
60617.8760331
60389.2247973
60795.7444918
60588.2230374
60724.0783445
61078.721631
60908.19353
61307.9236087
61406.6502863
61496.9841736
61309.0907501
61384.347183
61463.0113829
61906.6893175
62007.0111216
62102.0282644
62209.6251336
62018.3538212
62385.6162379
62516.4083959
62325.8963656
62405.7541091
62514.989052
62635.6766688
63006.0590834
62791.8976198
63196.7047917
63313.0900109
63398.799167
63182.6615005
63632.9154195
63384.8942939
63494.7425398
63607.4800189
63694.3065867
63802.8818262
63902.9024127
64319.1284372
64091.3967082
64199.4577477
64626.3653943
64384.4464477
64504.8130519
64941.1104387
64984.257654
64790.311833
64908.2787569
64970.9366456
65102.0431248
65183.2393556
65306.2111428
65439.7616672
65807.2066669
65591.5196729
65979.3259126
66098.7944663
65896.4047244
65990.5294897
66400.5913972
66217.2441636
66610.6859268
66375.7868078
66805.1906818
66596.1100761
66711.7675259
66797.0987122
67176.8677032
67313.1711321
67112.3754042
67487.8639516
67615.894832
67406.1281474
67465.2044717
67929.8063018
67993.0833058
68102.9821723
67903.5282456
68295.8942742
68076.3247654
68486.591516
68288.9648056
68710.5631454
68786.8614854
68903.3586281
69002.7943878
69049.323838
68887.5937595
69309.5745511
69389.6800475
69211.8622332
69278.3064214
69425.6875844
69523.4711559
69924.8342551
69673.5100281
70106.5156389
70199.1950864
70277.5405579
70417.6816857
70212.5600485
70614.8945738
70397.4383238
70484.1727286
70927.977544
70992.0493497
71080.4772915
71203.7861698
70995.6307063
71083.6925648
71209.5909889
71597.6013953
71425.1090418
71487.0678023
71899.0723199
72002.1205225
72091.7306138
72230.4946011
72283.8565282
72098.2302742
72220.6792717
72288.9464194
72723.2886878
72501.7385995
72892.6300698
72988.7589601
73109.1233963
72900.6818502
73304.3186457
73107.6653815
73202.8196518
73614.6754317
73703.6188459
73532.0290218
73596.3631105
74012.2888578
73791.570826
74181.8956369
74305.6636392
74117.1614739
74221.2469205
74298.9835531
74661.717751
74478.4412402
74935.942131
75000.5460554
74816.9581558
74873.5777402
75024.6220087
75400.2246163
75500.2749546
75309.1390748
75383.3930816
75510.3276286
75897.7477325
75702.6585422
75807.469464
75913.6922014
76241.3443955
76091.5954636
76198.2970817
76302.7480111
76718.0317939
76495.5710866
76605.3958621
76692.9506655
76800.5349022
77186.4325433
77002.7336007
77379.7660813
77215.7408735
77613.9531467
77399.64799
77506.9718136
77912.1323583
77694.0255096
78076.5604901
78180.169227
78281.0681392
78102.5387535
78510.7981923
78317.3062613
78425.3528961
78830.7363656
78598.2091092
78682.4349254
78773.9986706
78893.4738642
79026.4550774
79093.6361859
79484.2734962
79572.781757
79696.0313784
79519.7918763
79909.903264
79702.3763022
80106.1723848
80210.7710219
80002.0511116
80123.8648495
80215.1132907
80289.8616336
80415.6746429
80484.8887619
80596.3326137
