676.882936687
839.998378184
1166.28376619
989.559903063
1099.43888786
1225.08598221
1580.86443715
1726.0325153
1801.02905449
1597.86430827
1982.83963084
1771.89322983
1883.48847273
2293.0528412
2100.42929585
2472.71013788
2304.2806602
2385.54600021
2801.61410287
2616.65721479
2715.00556099
2796.36735217
3220.96690357
3313.85709532
3443.69091194
3172.75550757
3298.16426709
3695.78060346
3494.46092371
3601.67632766
3701.6158863
4112.48395949
3884.26126464
4302.03751976
4406.51036545
4183.26255298
4639.86459652
4385.37725869
4497.81801727
4605.49714945
4990.20093083
4795.76086822
4900.48361985
4963.01352469
5110.2058921
5196.62698792
5609.01314244
5679.76130648
5519.98451804
5921.58684116
5958.59589264
5805.3228337
5926.76313476
6322.60915487
6404.14704584
6518.60160716
6623.87614753
6670.34896357
6780.02282821
6898.14476494
6729.07639794
6801.6359974
7217.88464087
7308.86431228
7099.08140867
7197.20352056
7308.81403625
7368.09721685
7512.26440616
7611.82567879
7994.56106156
8128.88438892
7894.90847329
8306.67001553
8071.46079348
8191.66880385
8331.0478956
8698.26896219
8777.1858042
8627.79760698
8707.98072911
9070.45569601
9180.57465998
9009.40720851
9094.86747332
9198.80156324
9606.4056888
9395.66161869
9523.15469745
9614.68680685
9711.84022719
9803.88633394
9902.55301957
9982.48131996
10408.3408254
10212.4447089
10580.3605377
10398.3388622
10478.1759683
10888.5390498
10961.1422398
10751.6893615
10927.0943829
11293.017804
11389.2590837
11219.6637808
11312.8574434
11407.5118971
11498.7108623
11623.0448375
12021.6463278
11786.9399891
11914.5636412
12017.8681671
12368.4411913
12507.5444374
12608.5348237
12393.8393613
12771.3031991
12603.9880036
13038.5254212
13107.96127
12906.4596191
13313.3208946
13105.0806685
13186.6727331
13332.5167481
13692.8604406
13491.3580657
13621.7164837
13693.4712171
13815.1629071
13875.1140695
14000.1215046
14388.5269921
14240.9116428
14302.4084588
14388.4584859
14512.2411314
14605.2451934
14700.041757
15076.2194026
15187.8822978
14984.7209685
15097.1013152
15185.4701183
15319.7121489
15404.9737362
15503.9007534
15581.1505378
15980.086629
15791.8997722
15869.8559814
15987.9880625
16386.44352
16501.5549912
16606.849562
16396.2528614
16815.6470472
16928.724003
16758.0808621
16788.9766051
16907.3687109
17000.5218275
17401.7215455
17188.4374939
17311.2167967
17693.6166002
17798.9116544
17574.9654613
17694.1075653
17837.7577281
17879.5966586
18280.5637995
18142.4901497
18210.4685469
18610.6580756
18391.2591948
18806.8585022
18582.902329
19008.955113
19085.9601338
18895.3469485
19312.1389684
19403.476961
19520.4230422
19555.7807059
19656.8742403
19514.7233154
19911.0718375
20016.9567935
19810.6407332
19898.1030429
20288.8782635
20119.5275285
20211.5200064
20312.4136623
20713.7581931
20826.9545815
20590.4302964
20702.8759371
20796.780919
21206.8623579
21331.4784023
21115.5352503
21237.7583112
21286.8396878
21740.343792
21834.8437688
21890.1995496
21729.0086911
22080.8068748
21900.6341086
22315.3677119
22408.6411308
22494.0909587
22597.0624725
22397.8656088
22506.4385677
22898.8447711
22707.8171466
22797.7733602
22930.4013037
23304.2816468
23432.6892554
23228.2218154
23613.9631385
23355.1978531
23546.282074
23876.786808
23685.6827042
23807.554815
24238.6189747
24266.4479722
24409.686216
24225.245981
24617.4310332
24390.8168065
24495.8377596
24595.685625
24716.7363807
25100.1767941
25154.0271658
25332.6738424
25092.5309317
25478.9873047
25584.9099086
25699.5323994
25798.3000414
25886.6784172
25955.0952745
26107.5592641
25904.7037468
26012.4353278
26123.3604866
26509.9534848
26281.8084443
26390.6385068
26480.3440572
26886.9276099
26672.6386623
27136.3096649
26881.8655302
27317.3296147
27387.7351698
27512.7903115
27574.7865028
27703.1512305
27801.835323
27907.0961186
27992.6682369
27787.9723328
28217.83852
28293.0746256
28139.8746918
28503.7248999
28594.9275486
28389.2778525
28510.3174522
28866.6040052
28959.8689974
28780.3237135
29197.593222
29285.1676377
29074.3004096
29217.6652929
29273.1716297
29381.6934315
29815.6734638
29600.0762663
29667.324912
29817.7059823
29934.1934845
29998.8757172
30448.7856041
30201.6629883
30278.9117712
30402.608488
30803.551496
30864.1992652
30976.079148
31141.1945695
31204.9012796
30987.1860683
31092.7309785
31201.1355307
31616.934435
31419.9638229
31507.4323291
31613.2338935
31694.9483808
32084.8910786
31879.9999239
32302.6544578
32443.3142899
32473.546339
32308.5422876
32430.1895886
32807.2666051
32943.935467
32731.3308398
33089.5548261
33199.9256287
33001.1334032
33110.2296471
33189.3863853
33304.0428989
33751.0902413
33487.2760833
33604.4073029
33685.8900366
33815.8510882
34190.2298151
34330.8194744
34410.8088329
34529.9485224
34618.2807357
34689.2091493
34473.3190041
34919.2906924
35013.7750306
35079.9559308
35195.4142326
35008.048232
35122.0955961
35199.2182356
35611.3742176
35697.6523618
35803.8583109
35921.5404936
35706.6588889
35817.2870044
36247.4383118
36036.72826
36364.6840434
36172.492862
36604.9602909
36379.9353354
36484.2801149
36582.4277122
36693.7741888
37096.3710334
37205.1263024
37015.9789007
37399.2402021
37497.8693186
37595.3886688
37392.3288808
37799.50469
37926.8585862
37703.4585892
38088.1327508
37893.8408208
38347.4736241
38100.9444346
38189.6310237
38312.6159909
38686.458495
38839.4173812
38928.4036723
38989.2693347
38801.763254
38923.5584141
38994.7272039
39400.6762661
39229.7587332
39282.4653271
39726.7432074
39813.7725882
39613.5551323
39701.7996806
40089.8759929
40243.9511827
40000.5435419
40417.9042671
40530.3443148
40590.1598428
40404.3840287
40779.562046
40604.7533654
40695.3356481
41049.1108345
41212.7124657
41052.9730714
41100.5381319
41491.2732918
41304.380736
41398.8976253
41525.576781
41895.3308521
42013.1957258
42081.4170884
42223.0461346
42013.20146
42092.4914303
42506.4641869
42631.9675384
42700.354498
42803.7334975
42613.7121721
42981.4693131
43088.0478525
43219.682425
43302.8785023
43101.491273
43193.3216507
43592.9115588
43686.8014724
43510.7231202
43926.7712372
43704.8732559
44131.8890182
43872.4739
44008.7585878
44110.2807555
44484.788621
44275.2846393
44676.5821879
44496.5828612
44581.4807794
44727.0056394
44789.0584981
44906.1431655
45282.1455777
45402.6315616
45199.6415065
45279.75915
45410.4736178
45493.0297647
45906.4816401
45711.0179911
46115.0489741
45888.8695455
45989.3639927
46108.0067963
46488.9722234
46603.8269598
46426.8080665
46526.7787469
46596.4649204
46698.9904382
47120.4057421
47164.8577543
47002.0665881
47410.8184142
47212.8681122
47602.618211
47408.6538613
47490.5796685
47890.8541683
48007.8914237
47828.5252899
47918.1472058
47988.1850358
48398.7822225
48221.3818227
48276.3359335
48707.5825281
48525.2004432
48882.385599
48687.0384638
49128.0120035
48904.4955564
49033.5839757
49398.1322118
49497.5015338
49310.7957907
49397.2099169
49540.6387982
49933.9097953
49686.6594406
50116.421668
49889.4999209
50322.6263549
50113.7392399
50202.6257449
50582.6225428
50420.6378554
50831.6315327
50589.0380393
50992.1117755
50797.2012838
50919.0222719
50980.5936552
51106.1056168
51194.1845717
51558.2308182
51404.4734911
51535.6089636
51935.0014206
52000.9547439
51814.0806333
51917.3095976
51994.5704811
52123.3309296
52491.9274585
52278.6810459
52410.0952604
52831.3601738
52597.513839
53021.5552882
53133.7147364
52873.0350146
53006.0921802
53392.0867698
53199.2810459
53617.5767313
53414.7093286
53792.4987135
53580.2160117
53701.6700885
53804.5274753
53915.9613394
53995.1755554
54101.3422716
54209.4952227
54576.2369783
54388.3234528
54861.7309816
54903.617968
55025.6792936
54793.6425395
54912.6684954
55328.7650594
55426.7223571
55499.5656572
55577.8056879
55431.3856852
55805.2933298
55612.8058643
56024.7210935
56038.3272685
56189.8021914
56278.7681934
56388.9670518
56173.7157487
56302.1740651
56401.1822047
56485.8663593
56595.8212693
56707.6981812
56821.6873529
56898.1058339
56986.9841896
57382.2005326
57188.0975087
57305.8926594
57676.8774107
57498.8950333
57913.0366053
57691.6425292
57833.1161354
58201.4892661
58303.8069698
58119.7866899
58520.8044051
58324.8062986
58697.814657
58470.1123791
58926.3163749
58723.0795
59107.1398743
58905.2766168
59004.8944332
59414.0537848
59516.9386978
59303.0923796
59402.7445224
59549.7628393
59608.8924191
59734.879316
60119.9529081
59886.7069226
60028.9898486
60393.4684857
60214.4090904
60287.9650173
60729.2818092
60779.8961788
60894.1091672
60669.7599545
60766.076872
60899.7384432
61295.0773742
61068.8789436
61526.5883627
61644.7091757
61716.4211777
61811.2460722
61588.2483058
62012.1681707
61792.362305
62198.3083479
62338.4499812
62093.9034504
62501.116713
62297.6953153
62388.8423687
62521.7194896
62605.2365938
62722.3215241
62819.2435887
62903.6441387
62976.8717649
63127.7530246
63495.6057997
63610.9644856
63382.7678851
63809.7329592
63903.1741597
63698.5398239
63795.202084
64219.5221818
63976.1630497
64104.8635541
64529.5379474
64602.8290814
64391.1933059
64497.8156368
64936.9916499
65012.0816444
65095.4824825
64884.5631336
65007.6125459
65132.4299157
65210.2186929
65306.8391867
65673.7407643
65773.2255154
65892.3592739
66051.7197768
65791.4742851
66208.2033017
66277.0738597
66061.2234265
66191.7858941
66276.4417322
66706.1978534
66454.7768172
66927.160564
66683.0062777
67092.6118329
67176.1311455
66986.6107269
67106.7746067
67536.5511523
67307.339494
67378.047149
67494.5921353
67903.530684
67974.0558997
67793.9300967
67889.1749003
68037.4783633
68090.7816554
68498.7617681
68578.052312
68400.1262228
68483.1132725
68596.8651367
68692.5032519
68813.5105863
68886.0413478
69331.8483986
69106.9688212
69193.5873724
69293.4148958
69448.5857593
69489.2644129
69592.0489698
70004.0302372
69790.4467096
70167.4177835
69992.3085746
70091.0228062
70182.4487285
70612.3374522
70395.1500382
70519.4903118
70925.260411
70705.3929578
71134.1102153
71196.2390893
71300.9582529
71096.2827495
71480.2043249
71616.0809547
71411.1896398
71499.8394189
71908.5514404
72041.5261229
72118.8328288
71902.976029
71972.260794
72136.3521867
72212.6064362
72315.2804322
72702.0760071
72823.9975223
72884.3696589
73020.4271986
72794.0351689
72892.4070452
73020.073521
73114.7593197
73479.0346209
73275.2273108
73721.6083135
73787.200076
73572.5699141
74000.7436167
74104.26409
73876.0540474
74307.5435144
74411.4415773
74513.5121189
74601.8091057
74397.7749945
74501.3905059
74569.7536045
74684.8107067
74811.4948332
74921.4169999
75005.6127868
75123.9211958
75178.5256148
75596.6229516
75698.4494605
75804.1671177
75891.3912394
75990.3796437
75806.8369348
75911.5509691
76276.7083081
76125.2355124
76194.4061393
76614.5319412
76671.3675229
76467.1389301
76628.084777
76991.6705986
77123.2668656
77244.3644912
76974.345085
77397.9840815
77483.8237352
77323.3258886
77681.2151814
77505.6764308
77922.8283872
77686.1728996
77789.5380716
78220.4044358
78318.4163893
78109.2795075
78464.2811106
78290.438209
78698.3587962
78825.3974316
78593.7322625
78722.537387
78808.9572605
78874.9236264
79033.291967
79122.65754
79518.5997683
79593.961313
79391.9918082
79801.8593651
79932.5703667
79697.7247851
80107.0429896
79893.5744805
80327.2274064
80103.2306623
80176.3702775
80573.1210196
80402.1893742
80490.577606
80584.439364
80709.2876782
80803.3885218
80904.4994881
81286.7025465
81398.1286643
81230.2874097
81271.6556908
81422.7594761
81748.5529664
81638.2808117
81719.1344709
82089.1540208
81938.3893923
81985.2793178
82083.5987567
82200.0067738
82284.4594245
82431.7231713
82508.5234145
82591.2690492
82698.568488
82785.176378
82917.0480664
83312.5364699
83114.1500159
83457.2598401
83327.5594885
83422.3509569
83527.3124797
83899.7388099
83988.387299
83818.541747
83924.501614
84003.4174897
84103.1653527
84190.4661661
84599.6113424
84401.8077214
84792.8056244
84589.9793341
85031.2865377
84813.5642856
84921.8850781
85305.5863438
85409.4951788
85484.1288287
85572.5529608
85417.0667687
85518.2465684
85600.4543747
86003.4013009
86072.4433233
86169.6214896
85996.3459312
86074.7971754
86181.2497315
86602.9469172
86369.93204
86496.1705927
86878.6983278
86678.4880352
87124.3409522
86891.841253
87279.4113847
87113.3154904
87176.5252573
87308.4079847
87437.1380605
87835.2820598
87571.7686224
87701.1354784
88081.7230997
87891.6989413
88021.2217202
88374.9499287
88227.1461289
88339.8421687
88691.6530849
88476.3079576
88581.1026475
89009.6206206
89085.6104529
88880.39881
88998.3105369
89134.2582076
89495.0101657
89330.1273389
89729.8895346
89468.7777953
89918.6483392
89960.1783829
90103.3336506
89877.4096124
90283.1576923
90090.6739548
90235.1317157
90329.4362678
90659.880051
90488.5509421
90603.7837594
90986.4387104
91141.4588278
91216.5461382
90977.8394751
91085.8709909
91229.8987209
91292.6375466
91703.666498
91803.1635829
91610.4961523
91708.5348444
91803.6836531
91911.6415434
92263.5476939
92379.9101879
92201.5414335
92286.6773872
92692.2124202
92787.1710537
92888.4725447
92691.4214958
93105.9749285
92907.7266812
93342.3640956
93362.0605933
93204.9987657
93294.282925
93379.1777695
93745.3610364
93604.7511023
93686.9061053
93818.5425157
93832.4133959
94002.5998743
94387.3884908
94213.7255067
94569.0599095
94714.9212322
94457.6519856
94898.6697405
95000.8791926
94784.3783228
94894.285558
95301.5693638
95097.3440909
95214.2388445
95304.4521506
95677.2448366
95800.2120974
95587.0081793
95685.7090584
96102.707919
96188.7146418
96028.0484272
96094.9319424
96477.1264211
96311.5176854
96371.1469151
96780.3552786
96886.1897256
96719.4639155
96772.4375729
96906.7852064
97308.9414039
97097.7714548
97181.7560614
97591.7784893
97361.1653025
97807.1198596
97897.3156891
97977.2213149
98094.7622122
97903.1144566
98016.493304
98104.0500339
98539.5427214
98269.0179801
98710.2778638
98514.7647382
98616.2517279
98686.0893222
98780.3086169
99219.6048408
99021.3591393
99139.4341038
99524.8085065
99541.7679466
99378.7979292
99528.2995492
99585.8231381
99714.2247818
100101.392181
100176.446655
99999.4496406
100392.342431
100507.885781
100621.870766
100403.670321
100506.247764
100600.619117
100996.515779
100830.587574
101169.311068
101320.05602
101117.4548
101512.404043
101286.982551
101387.086663
101825.476393
101594.14722
101683.638835
101789.687177
101913.022997
102001.519777
102087.924789
102485.962309
102298.870551
102363.244211
102524.889756
102894.304798
102990.264958
103107.411062
102876.051977
102991.296999
103084.26146
103209.95627
103599.059513
103402.520306
103480.722036
103601.714878
103714.105619
103804.784001
103918.702511
104313.440045
104104.409241
104524.191635
104588.534731
104408.692421
104794.77391
104880.580869
105017.671915
104786.067655
105180.622538
105293.871657
105109.189606
105197.065448
105305.722527
105397.619369
105488.452664
105607.594589
106002.692901
105782.266527
106162.9633
106015.692231
106380.489656
106504.341339
106330.129274
106381.621257
106493.10515
106917.542894
106700.99568
106810.154709
106922.253246
106993.661889
107109.287386
107231.387738
107294.123123
107380.010723
107511.155052
107600.864396
108036.309215
107796.488818
108147.371866
108324.01422
108114.247469
108160.722283
108303.19768
108693.143083
108854.617167
108610.637493
108720.189776
109061.847527
109185.90904
109289.811457
109089.92417
109464.567622
109594.417038
109395.017291
109786.9334
109954.188561
109992.398628
109814.852644
110239.512472
110292.644903
110393.408274
110225.061163
110285.465156
110723.68562
110503.018868
110570.082066
110712.89704
111111.001801
110881.734957
111321.452056
111126.346057
111240.808387
111311.695309
111397.570276
111529.307715
111903.796167
112002.982414
111828.475768
112194.598923
112009.618579
112108.599299
112184.695085
112274.920843
112370.80132
112475.59275
112581.78179
112725.058824
112792.911091
113187.125973
113005.539812
113399.321943
113199.289952
113311.995937
113418.987585
113785.343422
113584.115516
114071.404237
113802.634279
114196.950145
113996.070593
114406.307746
114199.746295
114329.776453
114701.048012
114493.390517
114612.854637
114701.289038
115143.859512
114903.516119
115304.44876
115369.756572
115192.973851
115277.887376
115390.580228
115499.216087
115617.417038
115973.731281
116079.588811
115887.339325
116006.281103
116106.576379
116203.101646
116329.843872
116734.96273
116467.856488
116599.072901
116685.401212
117093.059542
117181.837082
117301.837404
117106.755144
117536.721029
117281.918273
117381.485561
117829.290079
117620.420605
117960.087203
118129.250651
117918.909569
118030.018072
118400.283679
118220.514596
118587.887718
118392.208141
118516.031962
118623.79474
118700.111432
118774.934405
118887.981929
118987.388983
119106.046728
119205.949367
119315.781717
119417.877236
119835.530827
119576.74564
119715.389522
120120.818621
119890.281465
120308.851868
120087.130626
120528.932322
120585.780294
120671.74994
120792.588197
120901.268059
120665.061592
120783.44564
120902.975526
121315.347355
121402.453174
121223.736132
121282.191695
121672.39429
121803.298601
121909.416853
121983.67419
122055.961321
122205.230957
122285.708901
122104.463074
122470.904239
122287.358467
122401.310596
122498.160075
122614.998132
122969.198675
122794.766633
123210.74889
123009.637017
123102.470676
123520.812426
123623.353452
123726.911453
123517.0585
123871.499908
123716.983719
123791.397134
123923.672247
124291.451151
124392.913456
124492.509705
124602.568095
124714.284981
124487.174361
124896.190127
124705.849355
124775.803981
125194.148887
125290.856676
125107.963107
125476.260905
125621.922806
125407.755513
125801.134864
125905.183276
126024.598568
126071.397745
125880.592305
126037.684398
126121.759976
126531.621109
126611.296443
126434.788395
126818.763524
126924.871113
126680.445383
127105.555352
126898.805839
127003.635384
127404.046054
127213.371438
127311.969164
127710.091753
127817.521788
127583.006007
127689.950709
127766.61015
128233.39396
127974.668244
128361.01344
128216.155312
128303.074699
128399.361684
128810.184784
128600.474006
128992.201029
129085.41905
129203.371723
129009.147778
129143.631515
129229.844831
129589.719951
129742.748808
129811.733218
129916.451444
129716.591797
130056.069774
130208.202236
130298.307042
130127.1505
130509.609943
130569.47986
130373.294798
130780.401057
130604.428672
131006.126312
130795.102573
130918.752371
131330.949516
131094.628153
131491.511808
131589.797725
131433.343517
131497.786595
131618.639263
132031.38801
131790.977762
131895.714165
132024.343744
132413.606394
132202.470007
132294.999867
132428.692324
132498.337769
132595.796394
132688.802283
133116.564373
133182.583611
133004.369426
133117.477582
133517.775987
133608.408983
133422.325728
133508.473667
133879.152325
133743.181622
134107.399945
133896.642001
134316.379307
134099.145145
134181.750062
134299.013082
134695.181068
134473.969185
134913.907991
134705.827217
134820.355412
134909.329373
134994.374589
135400.145372
135181.804623
135601.688885
135374.071778
135505.155438
135894.676681
135986.479126
136123.540243
135873.985155
136322.830077
136094.66463
136190.280356
136316.470489
136658.235216
136482.140944
136628.097823
137003.575776
136777.068851
136892.840144
137012.840389
137123.76745
137510.909031
137622.471374
137390.147132
137509.625752
137914.884692
137683.808121
137828.872582
138234.003646
137993.522355
138411.102517
138209.184624
138582.143141
138371.913546
138499.263031
138621.002995
139005.892932
138810.373222
139202.8217
139022.834868
139113.6604
139509.829886
139600.276941
139415.635563
139797.808315
139616.996833
139747.970572
140095.980286
139887.638672
140002.636169
140364.418529
140184.577597
140314.954144
140389.89593
140494.455532
140929.982495
140693.404606
141115.32123
140897.436174
141025.086248
141422.211984
141464.940028
141602.881097
141410.146317
141509.926419
141887.076959
142003.916329
141795.364254
141914.462857
142009.530564
142355.726861
142476.043394
142310.16638
142678.83438
142507.152699
142895.94285
142973.088282
143113.887935
142912.752389
143320.430299
143082.953816
143521.086806
143291.120706
143402.662665
143491.942003
143589.87933
143710.228792
143802.492569
143911.800963
144307.008048
144117.250464
144493.488334
144297.116233
144676.622876
144488.488476
144590.209679
144711.697173
144793.1019
144899.281382
145008.282582
145098.954231
145209.956261
145284.425472
145347.137052
145502.250487
145886.130811
145689.78952
146127.806636
145901.195506
146000.163823
146098.718578
146513.070947
146593.725795
146671.072774
146531.593926
146641.749654
146983.389219
146791.204702
147178.979678
147000.873734
147103.197636
147274.66321
147580.95699
147385.925279
147514.938087
147599.408033
147987.203519
148109.11923
148199.824858
147984.650801
148396.037742
148179.236195
148599.27199
148408.075632
148809.079202
148886.439099
148977.996832
148806.14237
149217.742859
148999.3597
149074.600635
149184.46249
149587.829075
149735.792443
149523.32537
149604.672874
150047.804669
149784.026753
150217.195275
150275.118677
150388.510568
150219.954459
150341.47544
150368.79708
150805.911593
150869.347366
151011.582066
150838.878152
150908.840601
151299.307488
151063.878984
151497.413894
151320.936106
151711.588853
151511.231138
151919.096218
151982.426259
152082.19635
152189.960348
152329.798353
152404.208088
152208.408982
152321.166489
152708.067191
152818.156542
152605.326986
153024.098505
153119.167035
153194.712176
152996.196324
153401.287508
153181.291618
153586.34856
153411.028156
153805.161863
153604.587532
153687.08915
154101.489618
153894.900151
153990.531983
154375.51145
154179.720451
154311.418618
154692.360971
154792.627357
154901.409169
154996.458556
154827.429607
155204.909628
155274.080196
155438.158817
155497.489956
155325.202033
155692.918262
155479.028944
155597.672781
155997.914491
155803.163199
156176.049126
156029.917243
156135.348593
156215.559327
156276.828843
156399.640592
156772.120779
156585.883505
156684.220536
157106.385693
156904.281841
157035.043743
157364.949802
157505.11168
157325.200492
157378.116129
157486.54728
157943.778763
157969.807171
158093.123629
157883.177015
158285.416131
158095.453192
158196.417345
158283.177884
158423.578355
158834.774203
158611.175042
158698.80514
158798.026233
158902.067618
159016.07778
159396.019217
159179.186184
159578.243025
159714.212228
159859.06162
159591.646852
159704.81017
159784.689562
159910.62479
160292.966352
160396.872975
160195.744718
160609.377914
160693.967652
160765.814161
160576.197977
161017.102339
160806.829651
160869.408369
161000.583089
161382.096363
161184.995767
161322.043141
161404.565615
161475.752599
161876.407625
161669.065779
161779.662034
161900.627839
162280.07984
162085.475391
162208.098083
162596.621482
162398.169328
162528.647991
162592.242931
163005.184768
163068.373398
162900.748651
163014.940883
163355.677042
163193.593784
163580.610403
163660.581795
163503.200734
163894.028073
164019.806907
163805.641471
163902.068654
164261.396344
164069.401338
164482.670563
164601.186944
164409.432115
164501.560772
164898.368043
164711.360337
165066.898436
165180.298702
165302.493001
165117.224195
165524.112199
165320.263216
165403.815455
165828.894397
165552.892219
165687.64573
165770.182391
165895.763816
165967.563602
166100.172466
166503.460974
166312.551294
166701.387365
166802.134692
166615.838288
166989.321896
166803.659522
166928.098042
167306.348017
167358.889205
167495.370552
167580.433497
167708.039785
167801.350516
167643.869154
167700.93464
167795.069842
168174.408394
168266.09442
168094.861078
168207.77845
168642.139443
168712.330024
168791.191687
168613.295748
168705.131896
168811.244441
169193.70541
168998.243556
169082.108059
169457.788249
169288.446543
169689.198761
169476.887145
169904.478434
169728.107038
170080.84038
169883.632468
170310.73448
170111.96303
170205.646177
170308.385227
170724.610649
170492.749086
170874.590745
170690.719988
171113.550147
171210.738438
170990.343732
171104.932385
171492.707638
171602.653613
171702.990812
171815.467591
171600.569716
171703.640404
172108.07358
172168.081907
172010.98679
172415.1443
172520.057527
172578.790508
172399.598189
172543.572733
172898.361378
172689.206587
172792.846908
172883.831465
173285.890678
173103.266673
173209.279243
173305.557598
173710.453977
173494.020464
173589.375016
173998.4213
173794.201265
174224.290842
174003.161979
174395.473043
174194.849748
174597.255745
174688.744524
174484.184809
174906.358472
174687.152066
174798.302445
174914.535744
175315.168559
175101.976414
175187.945084
175291.903084
175659.895942
175525.099272
175889.534217
175995.600893
175832.132402
175878.094005
176000.149741
176086.522672
176207.968457
176316.469179
176702.682853
176508.813539
176588.019654
176696.185633
177121.567639
176917.460625
176970.453963
177369.312424
177209.039155
177314.806307
177709.686036
177477.582901
177927.582033
177700.868417
177808.32204
177905.128302
178304.164186
178131.962383
178183.98081
178293.201879
178646.32278
178799.689538
178584.085431
178996.944152
179095.531526
179172.354665
179300.021373
179409.014965
179487.029402
179308.215487
179671.074585
179809.391378
179574.625996
179690.140053
180109.112786
179894.704378
180307.656721
180385.591682
180204.216972
180290.428045
180692.972721
180488.214285
180913.44707
180976.122043
180802.83487
180887.862731
181307.344995
181413.531913
181204.450181
181638.300272
181720.280093
181780.351804
181925.521946
181974.24529
182119.028621
181900.859056
182012.188284
182393.017595
182204.398254
182320.659211
182382.946441
182800.314558
182884.224872
182697.069891
182821.291306
182895.641863
182983.071791
183088.742796
183217.651416
183284.342785
183702.654112
183450.605368
183889.48699
183715.496334
183801.674258
183897.011252
184295.536358
184119.395126
184489.224914
184288.503491
184700.478785
184503.183754
184908.840317
184701.700294
184786.330283
185202.584688
185015.144954
185096.571504
185488.247898
185660.703952
185402.929715
185489.545009
185617.723779
185694.106353
185807.960271
186188.035942
186010.080713
186085.795963
186511.699434
186308.571784
186678.811654
186490.268388
186561.930057
187031.555142
187098.176594
187226.321047
186979.934428
187072.823997
187193.047439
187291.403427
187663.583966
187765.268396
187616.689883
187699.665076
188119.69042
188201.920295
187983.195218
188375.641981
188202.944413
188273.52486
188405.054747
188496.540887
188898.935138
189021.878209
189093.033639
189182.807061
189025.224952
189384.305558
189177.87409
189291.637472
189682.844303
189486.871947
189597.522441
189702.408349
190071.62566
190205.648286
190274.539118
190429.741726
190486.79469
190597.591313
190396.363396
190493.290719
190604.621133
190723.570686
191101.769105
191199.796978
190996.067604
191120.700853
191517.158869
191291.134772
191417.401992
191800.75284
191909.297594
191693.567289
192076.951623
191912.405995
192290.201481
192410.537592
192212.224289
192327.04311
192352.431291
192765.725492
192599.614997
193009.700661
192808.137933
192896.1506
192978.038364
193104.729843
193198.252624
193302.213249
193695.693681
193467.129126
193632.350087
193705.559911
193763.208416
193901.0897
194310.101222
194085.588043
194169.492692
194276.523627
194396.010554
194492.267489
194621.923531
195023.608378
194815.065889
194892.134879
195274.042732
195396.062893
195517.663386
195571.701388
195715.867694
195800.794712
195595.363661
195724.763842
195795.140958
195882.72297
196280.522742
196380.889579
196167.606426
196303.914924
196424.828864
196786.116923
196870.549917
196719.169983
196809.200836
197227.579285
196979.315561
197401.9492
197471.25354
197299.366866
197426.235372
197488.690651
197910.281657
198008.04813
197813.720324
198215.489839
198024.844237
198385.544739
198189.629845
198335.441605
198429.525044
198477.70997
198873.457391
198988.065168
198769.670105
198874.189087
198999.675539
199084.400463
199224.063513
199323.534164
199392.05481
199750.650323
199633.004034
200025.645178
199805.742253
200197.742393
200020.109418
200371.523655
200198.695212
200590.577864
200702.37615
200487.767061
200586.652789
200698.626842
201097.9754
200864.03039
200983.22917
201395.238078
201516.483602
201587.465457
201390.832828
201772.329736
201597.67128
202004.221192
201835.389853
201914.044873
202279.911552
202136.045019
202507.240215
202635.416088
202700.55078
202532.797936
202599.418037
203037.415915
203152.413906
202908.060933
203023.088609
203391.562844
203181.250043
203289.330929
203411.868006
203830.488697
203593.404644
203978.385336
204094.410385
203926.804222
204297.711134
204089.917609
204505.951675
204315.235744
204394.844937
204513.527175
204597.248245
205025.204956
204811.052701
204902.883318
204999.242383
205086.395362
205469.525097
205291.940772
205399.490864
205513.3326
205900.822217
205713.649147
206091.943991
206201.753661
206284.014176
206084.275352
206199.55915
206337.346284
206381.704444
206530.541219
206602.88164
206707.360559
206803.804861
207179.418028
207016.663195
207405.400638
207215.632577
207327.478148
207385.629977
207497.35645
207886.287704
207686.889886
207803.453512
208165.931932
208306.333552
208397.150486
208188.268691
208624.223691
208378.59327
208753.99276
208881.599051
208991.94181
208789.190604
209233.498985
209030.037147
209086.550762
209202.18283
209341.839963
209389.097283
209519.522641
209571.650543
209680.413611
209812.735306
210203.443539
210292.001866
210118.755848
210215.486724
210293.451546
210406.75458
210489.121141
210892.55466
210690.743672
210805.541624
210891.26239
211005.548044
211392.01155
211488.943992
211612.814868
211405.892025
211509.049536
211932.195981
211990.011896
212105.068443
212190.33889
211996.086804
212121.282467
212512.321417
212621.418469
212670.270014
212797.848327
212558.21374
212685.633728
212845.277291
212873.400553
213326.436315
213374.231449
213190.057936
213591.920865
213716.653466
213503.371377
213580.628479
213695.548993
214093.778407
214211.830577
214304.39346
214092.456604
214209.143794
214279.992234
214700.327218
214770.603171
214901.450827
214987.12997
215130.966441
214924.60929
215282.668841
215057.940155
215207.897838
215314.351911
215402.673818
215784.252027
215920.027871
215732.543547
215826.743285
216202.705005
216308.738998
216090.555365
216192.40627
216308.465501
216409.90378
216507.542719
216618.844338
216702.738752
217126.322656
216907.022932
216975.313271
217124.665094
217207.90595
217633.8202
217705.401378
217521.290414
217581.024286
218010.357677
217775.577934
217891.102913
218007.873473
218401.463112
218517.583242
218617.872625
218370.286739
218515.953553
218606.129323
218971.98581
219121.688474
218888.562382
219297.53846
219101.079261
219210.72833
219312.659925
219694.88986
219534.559947
219581.365444
219987.278797
220090.741906
219860.755475
220296.401329
220107.898861
220197.156327
220581.112653
220697.245422
220796.797972
220587.578795
220690.043991
220779.215113
221173.229896
220993.413017
221096.451582
221511.178339
221605.933213
221721.097712
221506.914294
221579.565578
221674.742667
222034.489194
221878.431858
221984.29189
222075.230367
222486.133483
222573.30046
222432.659961
222503.627136
222897.918178
222668.307532
222794.656133
222899.690758
222982.233875
223392.115778
223218.417691
223280.047932
223401.987332
223821.466678
223585.131839
224018.921285
223802.626379
224194.597021
224311.644644
224082.721692
224220.592309
224295.562464
224690.971881
224508.485017
224600.759475
224722.823356
225055.448271
225250.83149
225032.782276
225061.126589
225478.01406
225284.719209
225440.622381
225524.717464
225935.475905
225684.447979
226074.772411
225924.365212
226356.94555
226112.763809
226498.434959
226306.837145
226411.538037
226501.505923
226601.494451
227048.917368
227107.228532
226885.943845
227270.962125
227417.598062
227194.132461
227636.865605
227697.621125
227507.152231
227868.222735
227687.543441
228093.407128
228166.46156
228292.52626
228397.797632
228207.397655
228280.738529
228372.350914
228520.608622
228902.978207
228671.297515
229093.75585
229229.700992
229279.059872
229426.057986
229201.148251
229299.25064
229681.565048
229794.536697
229574.214425
229716.979866
230083.154463
230194.528747
230007.6412
230097.767055
230197.810979
230624.299541
230691.73377
230815.487612
230932.472891
230723.036564
230785.849111
231223.164108
230972.767852
231098.419927
231496.83667
231295.368979
231424.335076
231499.101428
231915.10708
232005.878517
232102.025275
232206.372335
232291.367066
232092.980664
232510.554258
232588.468971
232679.51957
232805.941329
232612.570963
232984.612952
233108.396197
233202.622799
233326.040098
233141.532911
233178.601837
233611.930932
233402.794799
233795.661005
233608.473727
233722.786012
233786.731959
234208.487797
233978.678251
234104.895717
234544.744708
234321.02723
234649.97723
234476.073745
234596.142253
234692.504557
235123.508082
234899.340043
235307.49609
235361.885661
235512.872869
235601.57507
235410.279769
235528.760122
235906.562975
236006.116411
235801.273322
236200.822102
236010.210168
236443.225625
236518.643699
236569.670267
236380.471482
236786.959427
236605.137377
237006.213724
236799.23948
236888.120242
237004.482754
237416.01721
237218.763901
237298.226854
237404.092564
237830.235738
237600.169725
237998.297844
237796.550223
238195.518105
238002.103687
238085.997143
238483.681953
238631.594255
238711.277804
238524.53366
238602.713359
238969.929656
239101.224458
239204.260794
238986.461353
239099.393982
239496.482294
239609.470521
239718.100593
239512.78828
239613.374852
239686.82161
240104.201391
239917.309197
239992.697472
240111.546365
240208.291072
240261.923413
240415.621891
240493.175333
240605.58445
241041.72138
240812.281679
241179.995457
241001.902116
241123.646024
241506.171342
241307.263755
241411.419386
241488.123316
241572.835116
242022.552355
242135.514041
241913.44385
242327.256763
242085.646408
242456.874504
242271.973919
242693.867863
242749.857356
242581.231014
242690.128617
242844.987771
242914.928114
243020.87141
243102.586542
243484.093499
243591.986671
243719.628955
243788.546587
243877.578706
243698.954332
243813.01084
244208.52422
244325.43694
244117.549812
244451.144597
244607.978221
244433.671849
244776.203063
244602.867241
245020.048805
244799.240027
244911.658998
244997.22106
245098.988274
245208.220353
245309.582465
245713.686136
245535.387037
245577.543956
245726.122375
246081.329215
245890.142292
246020.7911
246121.957547
246207.573037
246292.11583
246424.608275
246781.319708
246891.363312
246993.389098
247084.432087
246887.42764
247307.15051
247062.757915
247201.012596
247595.931643
247690.211889
247512.814593
247614.236084
247663.589889
248104.717121
248212.301111
248291.915683
248413.948576
248180.336488
248293.065613
248423.560666
248806.260012
248889.271166
248989.527537
248779.391593
249153.243124
249005.747765
249100.278725
249471.555052
249578.574818
249383.248821
249798.1697
249588.714578
249699.015492
249802.340796
249868.80915
250340.886645
250100.537206
250486.635598
250297.574635
250732.52091
250799.421762
250873.967774
251009.3585
250816.305184
250876.847547
251320.284762
251101.529946
251177.852717
251296.540243
251414.123059
251504.835431
251608.86812
251731.211711
252120.467798
251912.798844
251993.261833
252096.566638
252462.180485
252603.906792
252429.335313
252500.666937
252607.681264
253037.065089
252797.973167
253173.227472
253007.279512
253439.322417
253209.801913
253277.567891
253707.92176
253797.208561
253897.328316
253687.154288
254087.749424
253912.783084
254020.396802
254404.85182
254173.987984
254577.561921
254389.293199
254782.077133
254572.537969
254703.960601
254761.871958
254884.446263
255014.36878
255360.228543
255207.0399
255637.11548
255421.486422
255515.286118
255616.514031
256053.898512
256130.261693
256221.23873
256005.865833
256108.284797
256484.117453
256586.852983
256668.707223
256777.939214
256588.626273
256723.082214
257014.004428
256902.075182
256993.892508
257116.644307
257197.431381
257314.16647
257398.152614
257509.604602
257874.874419
257673.693152
257771.789239
257899.087155
258285.856651
258382.376278
258204.74668
258303.861794
258696.356958
258779.672305
258865.941272
259013.459446
259055.55351
259183.558749
259320.114218
259397.714644
259207.947121
259585.055332
259408.00986
259493.966081
259612.276442
259712.491624
260059.23557
260187.825057
260329.791853
260060.422758
260201.578774
260312.817879
260700.192513
260490.172971
260624.086644
260681.979314
260817.362111
260894.439917
261009.253935
261362.107686
261184.906058
261293.278863
261675.293712
261498.248654
261869.683632
262005.824737
261838.646467
261927.453
262019.312452
262075.842182
262172.23082
262611.309913
262386.650643
262545.118976
262910.925372
262976.928779
262789.424112
263227.606692
263332.420065
263108.300495
263215.559967
263293.758591
263695.397929
263799.2339
263911.589263
263696.950013
264100.488119
263882.459888
264297.343028
264430.881594
264506.025329
264285.520254
264689.327785
264474.469097
264614.234523
264974.0824
265087.177936
264896.520125
264990.833222
265088.129474
265214.17665
265279.972298
265378.699597
265768.14066
265899.700614
265720.537349
266064.942882
265872.351496
265995.787956
266089.566247
266189.931915
266326.164707
266386.780423
266455.556525
266917.97018
266688.549279
266830.887817
267207.156252
267021.837934
267123.85368
267221.716966
267309.153479
267676.984925
267795.856317
267878.72356
267993.431393
268082.152842
267894.53645
268287.345115
268429.841339
268179.260552
268311.989279
268413.395134
268767.996742
268873.183146
269000.085986
268807.467084
268904.301795
269295.202435
269114.556995
269199.060629
269263.401069
269389.816127
269813.054759
269869.255872
269694.788874
269810.51963
269883.498148
269998.675204
270098.470345
270173.393811
270598.285439
270425.127096
270811.946298
270893.971932
270693.723877
271105.149777
270898.260203
271318.85746
271408.277631
271499.70907
271603.778663
271708.741739
271495.43871
271611.246455
272019.172792
271820.226493
271923.757598
272295.597323
272083.485585
272183.386516
272287.850075
272384.148679
272504.408988
272870.153812
272973.47335
272807.80503
272895.747802
273296.468154
273406.527594
273499.138789
273307.479383
273407.074457
273534.823715
273621.451451
274016.521552
274092.733857
274200.874169
273973.906856
274421.582583
274213.962427
274306.085152
274406.176841
274495.299047
274592.420847
275018.488152
275092.368008
275220.152388
275002.100467
275085.67801
275202.942904
275594.674346
275400.661668
275491.28092
275591.380018
276017.68549
275823.331196
276230.610243
275988.517252
276081.489793
276218.280727
276288.457272
276709.64961
276792.056812
276892.895784
276704.510656
277108.287568
277223.612277
277000.389524
277409.179405
277155.103042
277587.504402
277390.802022
277544.191142
277614.122236
277724.928312
277835.426631
277900.892822
278002.614141
278094.545784
278222.057435
278257.755998
278387.450449
278494.786608
278580.386304
278702.095435
279101.207737
278902.362577
279032.469155
279099.514906
279517.513679
279594.542099
279682.675311
279494.355493
279598.445653
280009.631208
279788.055442
279883.923098
280336.966984
280101.266507
280207.030458
280577.708829
280406.317018
280495.115104
280596.273961
280716.79957
280819.163338
281182.787876
281309.25908
281097.152768
281192.937693
281606.137984
281692.130794
281495.009257
281904.490379
281730.734195
281815.330223
282212.772949
282010.530006
282101.28844
282218.435513
282285.800922
282709.804889
282494.260944
282609.005381
283025.898053
282788.207121
282885.340064
282994.244988
283388.436847
283219.250721
283274.383596
283670.63973
283532.418511
283918.07707
284011.503322
284092.840256
284203.451513
283997.083323
284110.53702
284512.916501
284585.485917
284409.072072
284521.964235
284599.31495
285036.70952
284800.629762
285202.063801
285030.609851
285391.692923
285200.816317
285320.351953
285699.333036
285800.108232
285594.892117
285704.614471
286134.77677
285897.764846
286023.704414
286370.846785
286513.945635
286644.468709
286404.620493
286477.734101
286592.812697
286698.840683
286807.944071
286919.036036
287303.097959
287106.395307
287486.612721
287287.010901
287394.80848
287491.699222
287920.444999
287654.42759
287792.944306
287919.845555
287997.45943
288095.044953
288187.069617
288589.005807
288670.599597
288808.792797
288615.211389
288964.609275
289072.822064
289172.669324
289299.889122
289123.688548
289193.27263
289310.91296
289382.962401
289508.121036
289877.429916
290011.357844
290129.995503
290196.695408
290295.169295
290423.461966
290176.721579
290318.316028
290425.478632
290500.918789
290581.581997
290680.567807
290792.802462
290876.133353
291296.676693
291098.001427
291182.557747
291316.634768
291421.944705
291805.28067
291957.424651
291692.893038
291788.373607
291919.551187
292005.102476
292422.277878
292190.407256
292328.370912
292724.551843
292522.463152
292915.722859
293044.348942
293120.680493
293189.96784
293318.347698
293401.937751
293214.926132
293579.684402
293374.268593
293536.650163
293632.581423
293692.900409
293812.034206
294191.202121
294316.484082
294087.707949
294500.272443
294360.310648
294690.746595
294837.568732
294938.075031
294712.211076
295088.279453
294893.847454
295013.228924
295088.68554
295490.902557
295292.248562
295401.611605
295505.649083
295914.819862
295705.794085
296093.158807
295906.071479
296030.092253
296095.741331
296211.441167
296584.949259
296397.577177
296516.421426
296935.13068
296983.658151
297063.407029
297218.94339
297008.894971
297397.917937
297188.075029
297304.656241
297695.683518
297546.131087
297600.931295
297689.195367
297799.641495
297913.43072
298002.799533
298082.517089
298510.815094
298303.675867
298704.476459
298794.168393
298620.070339
298734.350851
299113.808271
298902.517309
299314.379457
299092.90519
299485.190566
299329.164922
299697.895105
299518.067154
299610.566257
299977.358722
299821.749662
300169.742474
299980.809241
300132.043102
300176.170371
300320.351148
300406.574395
300829.139561
300616.430991
300718.248363
300795.462343
300903.33712
300975.936936
301078.118158
301487.654664
301320.716676
301732.332573
301799.189124
301635.570177
302032.207842
301804.716325
301900.419291
302297.848882
302099.737839
302504.761594
302310.185241
302424.037469
302796.965807
302892.825351
302683.788222
302797.219481
302866.516335
303278.366215
303118.593804
303502.107863
303319.067829
303709.161744
303793.735759
303607.118229
303682.551282
303812.657749
303888.873876
304297.379055
304405.461426
304501.151347
304302.201547
304398.982461
304491.868805
304870.803506
304702.745396
304802.142816
304914.474576
305003.879073
305063.928882
305451.027612
305597.876467
305406.226122
305782.753527
305893.813982
306016.894444
305781.920053
305912.093021
305987.030483
306366.811683
306195.377392
306582.409737
306392.438905
306478.371548
306887.766817
307015.085885
306782.798102
307200.95301
307321.331185
307454.81918
307503.471568
307278.882261
307702.4604
307510.44979
307889.937366
307960.613622
307822.474758
308212.844891
308346.661633
308088.482468
308213.149687
308338.786187
308418.380287
308799.476443
308589.305882
308666.037291
308813.517264
309191.548236
308970.708267
309395.575924
309193.111833
309571.665759
309717.077563
309498.028112
309887.789255
310013.358173
310115.436698
309929.753457
310293.146652
310109.053827
310204.764804
310296.136243
310727.874252
310472.147124
310572.78262
310687.060507
310792.726709
310893.044658
310988.318858
311411.977997
311492.799314
311634.734441
311695.579549
311793.46854
311620.079883
311714.318755
312118.579061
312189.497226
312280.794493
312408.189712
312556.380063
312291.936421
312681.726227
312510.69742
312893.140437
313012.146987
312794.950658
312911.820428
313022.549227
313124.681456
313199.48501
313284.569135
313675.829744
313841.253659
313610.431352
313740.658244
313782.246811
313906.23297
314040.556052
314390.238018
314521.364293
314310.778627
314385.828762
314820.309193
314600.559542
314968.228207
314769.299291
314868.418995
314979.274715
315381.572105
315514.967833
315322.899092
315413.614212
315807.651043
315885.238287
315961.743687
315778.221317
315895.44285
316292.083995
316409.711824
316190.340331
316313.764789
316396.34349
316481.401226
316882.881615
316718.015104
316787.819027
316904.120734
316980.445574
317381.259328
317180.83635
317298.553154
317390.807548
317508.642615
317590.415487
317689.799994
318109.792216
318196.984798
318001.570666
318390.957584
318217.036493
318594.827551
318411.162433
318776.396938
318577.798411
318721.243147
318816.201974
318936.218552
319012.16602
319422.932843
319465.110439
319287.574458
319412.943406
319815.731213
319858.826242
319734.075152
319821.409664
319889.11824
320313.032903
320405.408037
320518.19973
320605.584004
320393.627676
320513.460013
320892.012962
320718.86042
320826.207384
321228.482464
320984.23785
321096.808967
321213.800844
321312.118381
321686.694571
321463.797
321893.887098
321674.881469
321847.651921
322188.413621
322333.589865
322057.33262
322202.854905
322630.994958
322363.199119
322512.954927
322614.463099
322723.819769
323125.158762
322910.674685
322980.676829
323103.685446
323511.831051
323585.919532
323384.136536
323492.227703
323598.794212
324020.264656
323794.756109
324174.921481
324007.639069
324378.242775
324211.122802
324580.499734
324703.565611
324810.40269
324584.888223
324998.263016
324814.648688
324868.216741
325007.217677
325091.664655
325190.289111
325568.854859
325687.158285
325529.8784
325637.882315
325722.521226
325780.573338
325887.113257
326321.929972
326425.383774
326217.014046
326280.387285
326387.62222
326800.626611
326604.659852
326677.182028
327079.991241
326897.61345
326984.018862
327096.465613
327209.045879
327307.41
327361.380722
327474.688344
327599.003136
327963.721562
327780.161402
327892.401984
328324.099509
328100.55344
328502.896031
328316.211084
328383.080828
328803.468794
328611.937937
328721.464102
328801.084098
328915.082777
329296.955343
329104.008992
329223.611006
329286.438702
329393.112846
329487.237309
329594.794455
329705.382328
330098.057831
329927.954206
330009.328733
330376.340575
330183.039085
330607.672827
330386.813942
330503.821637
330924.294303
330711.214218
330822.247694
330892.998366
331012.361228
331094.497703
331183.324766
331309.052822
331680.549576
331829.260364
331896.33881
332004.860408
331789.784048
331915.349087
332000.385317
332378.493306
332200.193655
332300.587004
332409.652225
332849.285961
332910.654056
332706.806218
333124.94545
332910.312813
332998.690003
333405.740757
333499.70856
333300.674094
333726.238732
333791.035138
333896.719872
333691.440531
333762.831254
334188.557305
333988.02135
334083.359831
334210.06677
334300.67966
334430.709074
334804.679409
334913.546723
334707.527312
335113.105394
335177.148138
335312.226197
335379.853511
335504.108456
335332.703153
335684.888946
335787.425087
335622.050386
335691.983898
336115.968121
336216.192231
336006.651781
336094.389266
336194.463938
336328.697074
336716.203353
336797.943946
336889.887346
337005.51327
336830.689039
336895.957309
337254.498038
337080.941428
337519.637285
337578.310438
337377.572124
337815.874073
337914.09026
337974.70582
338119.652394
337916.146354
337986.845356
338117.525982
338462.750326
338292.977179
338392.348545
338822.977503
338919.154068
338996.419457
339116.583168
339201.132498
339296.165628
339094.999456
339206.414324
339585.854847
339399.301042
339764.498377
339604.618126
339720.126238
339809.012341
339914.728183
339972.039164
340092.748349
340475.793533
340632.244603
340388.175473
340481.356277
340888.355686
340687.773208
341089.096327
340907.487551
340983.23612
341382.617998
341488.390987
341326.505135
341411.954141
341512.466052
341590.321152
341693.304735
341793.252571
342192.825364
342294.900565
342109.818494
342219.595588
342605.943636
342390.682619
342511.281864
342896.283213
342978.416702
343053.899636
342904.38788
343002.289319
343446.116013
343190.202851
343567.751043
343387.05471
343508.596581
343931.946484
343722.716422
343777.492668
343888.36868
344308.338097
344392.908322
344502.251633
344271.107828
344379.286042
344809.08808
344888.441372
344708.190347
345063.629182
345174.725408
345008.089545
345115.636541
345184.74869
345277.58766
345704.435556
345809.523713
345598.231509
346041.098386
345815.758095
345905.881754
346328.904438
346408.359247
346527.959021
346304.440276
346675.00393
346803.747986
346889.291055
347015.870197
347086.592041
347182.803726
347030.68743
347381.630192
347179.432547
347582.729451
347397.550881
347494.855029
347600.701037
347710.743506
348118.507602
347901.302283
348017.089385
348124.354788
348197.487618
348610.369113
348376.005365
348534.590212
348580.936806
348712.165197
349133.889891
348888.616155
349335.689462
349113.170119
349498.610541
349328.25435
349393.090932
349803.493111
349899.967022
349720.044995
349795.668125
349875.442614
349982.148757
350107.343857
350201.353204
350309.030324
350707.749891
350515.953466
350889.013947
350705.312693
350779.71249
351213.131015
350991.052664
351413.390869
351524.619248
351568.783637
351413.539597
351843.446059
351611.801873
352001.66736
351798.242273
351925.528558
352001.614666
352388.418486
352200.394536
352274.463465
352678.141474
352827.585288
352622.484776
352690.353231
353093.597354
352906.722567
352996.524506
353108.685358
353237.35077
353294.238584
353401.107605
353489.416379
353618.372011
353710.13012
354092.043413
353883.259052
354290.461535
354086.571451
354212.619462
354333.684094
354737.34326
354788.295755
354584.714204
354971.857298
355138.182117
354914.16331
354990.215708
355077.506114
355208.502878
355581.085694
355423.440547
355498.586211
355966.458251
355727.313297
356076.047381
356219.463797
356300.771987
356067.270244
356518.652614
356586.785476
356390.948505
356464.435928
356620.609225
356986.864389
357089.024848
356873.221188
356970.730044
357407.321471
357512.684518
357272.314741
357417.829102
357782.26577
357934.879285
357995.146463
357816.346368
358244.451176
358346.609718
358124.001533
358200.193934
358312.371128
358373.18882
358535.513976
358593.226111
358996.036355
359075.294072
358885.701029
359348.606435
359112.608016
359526.559383
359290.825584
359431.408063
359492.297899
359560.707962
359710.061729
359828.567377
359884.592526
360277.831358
360391.316781
360503.816341
360286.188009
360448.293243
360465.570268
360613.161121
360682.334812
361104.990853
360932.178772
361285.634799
361410.31633
361173.577672
361293.59107
361414.941441
361483.046728
361901.399821
361994.945817
361781.964756
361929.9593
361983.915232
362378.601127
362149.466929
362301.775829
362414.643538
362495.545719
362613.390418
362968.560121
363098.7478
362930.846847
363288.402114
363096.407608
363205.2944
363307.346151
363425.915699
363502.263964
363624.626624
364038.698467
363802.504811
363882.347761
363986.842499
364119.03109
364204.302565
364293.168247
364708.572528
364805.342012
364897.158412
364696.720729
364822.429795
365217.874743
364993.280299
365107.272461
365192.219236
365599.21681
365681.296282
365525.523978
365601.968832
365960.916157
366124.557707
365921.129194
366311.221886
366422.360596
366214.851879
366327.233749
366691.867965
366479.485114
366598.220682
366651.920313
366815.199374
366905.063819
367011.037513
367129.844418
367146.212076
367287.34987
367719.5444
367483.242091
367916.648562
368005.667993
367786.504444
367931.738293
367992.851459
368086.022202
368497.826161
368330.037921
368379.163979
368490.544453
368597.591746
368696.843013
369074.363255
368891.443848
369020.453915
369113.261478
369233.114613
369310.270117
369410.607356
369810.424627
369928.71445
369723.806727
370129.639318
370194.095413
370285.467658
370397.98975
370511.761372
370295.474327
370725.885073
370777.334883
370882.443417
371016.702954
370797.035699
370902.298485
371001.222927
371098.603027
371232.614132
371613.903105
371424.916653
371519.882811
371595.017772
372020.065386
372103.25001
372216.79898
372284.62691
372069.660706
372179.650301
372554.602645
372713.1485
372524.958357
372615.319432
373000.394229
372788.119533
372907.643489
372987.700604
373390.137507
373509.968493
373600.294425
373416.37295
373787.993555
373912.950321
374022.07382
374082.343624
373903.990317
374029.771718
374403.801544
374498.053063
374280.725057
374412.291107
374766.899899
374590.616323
374992.157923
375080.623317
374896.027145
375297.633678
375410.051555
375472.387272
375319.606479
375720.769897
375816.338267
375876.786433
375693.59185
375812.79998
376212.388297
376014.340214
376108.421404
376194.035892
376600.581685
376374.511337
376504.785492
376862.509265
376705.512448
377092.034592
377171.20225
377302.986048
377082.780493
377220.005474
377595.118275
377693.207321
377786.651872
377916.478682
378031.807255
377781.111121
378206.912621
377997.606158
378410.526286
378212.317148
378578.926415
378391.745959
378523.02688
378917.765799
379015.618742
379100.395559
379165.379218
379275.412674
379377.136813
379212.168496
379293.299087
379394.138944
379468.097849
379611.469465
380028.171967
379800.396926
379920.230206
380327.411601
380387.183794
380207.060902
380312.714288
380407.171859
380502.364979
380875.615189
380704.002086
381096.094259
380913.730734
381282.026287
381104.362191
381178.504112
381339.381701
381438.305516
381491.283403
381592.766282
381709.22562
381797.616779
382192.809897
382288.351849
382080.445948
382479.994059
382278.662922
382690.596998
382500.754464
382904.877459
383008.478022
382771.612865
382875.942108
383305.666931
383413.668965
383172.486209
383598.363175
383372.343567
383499.148676
383898.649449
383977.601112
384089.697273
383936.923539
383983.044919
384406.318324
384192.649078
384313.896323
384412.561358
384470.928533
384619.918227
385002.179618
384808.354568
384933.460116
385294.522537
385406.356858
385197.20026
385296.385539
385367.474981
385509.980568
385865.102765
385736.580771
386101.248349
385894.381068
385970.752967
386402.576862
386209.609923
386290.721571
386408.427026
386494.810379
386893.35899
386709.631077
387085.596595
386875.803467
387007.276336
387394.920924
387224.314294
387569.195257
387388.88475
387507.47493
387907.135543
387676.63927
387811.985963
387887.296309
387997.974731
388395.996339
388491.133615
388300.599597
388408.890915
388495.875793
388582.647026
388977.234559
388829.980714
388910.685365
389003.603123
389106.490086
389538.486001
389590.228161
389425.511106
389777.921951
389595.656128
389721.297386
390110.335329
389878.071562
390012.069016
390432.187944
390204.236424
390568.367179
390418.512112
390510.184987
390596.955046
390689.000438
390807.570094
390900.818438
391306.435571
391394.128783
391209.351666
391323.603348
391398.319146
391499.633616
391595.926568
391991.831854
391826.267301
391904.377456
392016.5444
392421.775962
392177.523452
392625.509527
392690.560552
392467.606907
392583.544387
392693.362499
392788.33465
392910.271177
392985.445344
393113.571714
393201.34715
393337.31631
393429.096007
393778.78053
393618.326484
393973.615726
393816.140479
393912.684275
394314.390064
394113.602438
394486.420392
394285.797532
394414.895045
394782.940706
394584.406192
395001.656648
395134.4777
394879.659575
395295.791192
395105.577837
395201.385147
395271.151958
395386.330439
395504.931348
395610.306174
395697.726061
396090.474797
395856.767056
396307.186987
396410.633407
396172.690539
396636.085879
396702.338403
396491.494508
396892.433973
396724.944819
396810.762387
396911.227579
397284.392369
397087.472785
397197.288883
397317.570884
397411.265822
397789.717603
397933.993013
397704.850919
397790.692961
397896.408197
398012.325219
398421.935249
398203.41711
398302.475883
398705.123906
398495.842671
398576.666534
398685.22214
398795.300618
398903.498389
399007.571242
399401.441326
399206.797174
399290.525784
399377.403348
399801.798696
399929.037182
400000.557429
400090.906678
399920.110503
400035.570749
400082.273577
400204.901615
400288.210534
400681.903544
400787.644966
400922.170234
400995.420592
400809.347259
400913.791362
401000.444508
401380.167739
401211.959294
401584.518676
401416.01406
401507.483141
401596.257031
401703.993431
401794.525346
401889.383188
401977.520569
402100.43346
402176.214285
402628.387362
402677.526593
402494.311096
402891.06672
403009.951671
402783.080558
402916.926922
403031.179419
403125.631444
403205.610587
403325.962174
403703.470894
403809.200495
403915.36032
404003.709277
403793.695526
404165.570229
404332.012915
404420.800322
404151.84243
404292.895554
404713.022134
404504.454487
404574.053837
404716.24805
405066.021289
404901.768318
405299.354751
405093.749364
405185.056942
405298.902617
405729.183138
405485.074668
405619.137049
405739.644265
405783.045976
405890.767367
405994.528874
406378.23598
406225.193145
406315.405709
406718.609794
406821.434101
406617.61441
407001.698613
406799.982151
407191.835118
406980.172531
407110.020916
407205.249454
407606.518547
407395.807456
407527.683093
407614.210319
407674.561112
407789.385614
407893.290176
408031.660397
408093.613397
408220.89804
408585.908181
408662.920437
408514.331102
408873.254528
408720.107653
408812.296544
409204.280835
409243.461571
409108.509536
409220.010894
409297.436733
409396.631447
409485.958444
409600.37313
409699.014007
409811.774703
409943.131381
410315.768099
410096.551759
410500.72507
410295.340982
410688.832821
410823.547365
410896.377914
410696.335914
411101.971224
410857.935597
411320.254037
411089.155426
411500.585466
411304.216406
411395.131686
411510.975051
411866.202299
411731.615474
411819.324587
412189.187104
412304.92885
412119.526421
412180.781606
412272.783277
412405.947338
412790.281519
412944.66175
412744.600061
412792.975315
413206.396881
412999.594445
413075.327999
413483.803699
413313.406018
413676.633912
413507.500392
413886.711243
414019.945339
413828.964147
414229.664051
413991.174214
414124.861446
414196.829954
414622.985906
414399.499223
414799.656072
414596.786254
414709.955036
414799.308258
414914.66433
414985.195056
415412.287468
415199.036793
415609.848728
415414.09491
415497.525725
415577.443413
415663.08403
416088.74421
416222.710652
416292.808021
416115.548888
416439.483127
416272.567033
416383.454057
416521.486641
416885.388675
416728.830563
417141.566715
416882.328488
416995.409199
417418.31674
417492.496396
417593.645757
417392.22814
417517.998783
417612.6147
418001.031677
417792.412031
418200.235806
418013.600227
418136.852515
418197.63157
418303.449398
418702.858867
418493.055941
418898.950701
418695.774687
418823.765461
419219.567422
419027.174156
419088.406836
419214.333014
419591.05504
419408.036921
419518.763963
419947.832279
419708.729998
419805.114285
419919.695962
420306.633414
420103.154122
420234.868012
420322.453044
420675.203128
420496.577081
420855.993929
420995.734341
420826.854981
420953.184755
421010.190221
421377.94293
421232.854824
421312.239567
421392.304423
421522.595037
421628.751843
421732.106452
421827.035835
422160.109925
422011.673006
422404.497082
422505.504939
422293.223236
422409.608513
422490.692287
422897.835339
423032.407734
422772.965279
423213.088182
422971.477221
423093.289826
423173.404868
423608.203531
423407.98581
423473.359583
423885.462268
423994.562722
424083.27714
423883.886796
424306.077677
424086.558049
424501.60218
424609.693276
424385.806919
424463.845635
424594.312378
424981.163999
425109.978107
424904.863809
425026.128481
425089.807543
425238.198308
425297.507619
425710.409175
425814.988038
425579.626697
426019.733968
425815.466785
425904.977452
426308.020397
426407.484938
426196.788653
426592.208732
426386.105232
426511.950542
426898.894173
426977.748053
426796.461567
426864.348107
426968.683709
427126.13349
427175.090546
427621.30322
427382.672323
427770.236686
427600.284594
427694.485227
427782.746206
427919.559116
428012.515512
428106.24675
428203.477467
428299.133124
428395.683963
428517.391423
428611.422078
429008.586002
429095.799303
429229.045628
429001.746801
429077.305269
429500.017874
429309.587445
429716.038494
429799.499635
429619.566832
429730.745439
430123.949566
430199.864322
430312.167724
430097.741596
430494.833155
430281.512151
430377.994167
430810.792394
430583.159004
430701.828837
430822.631731
430894.845709
431003.72883
431374.203085
431174.618905
431596.925719
431408.237044
431501.658254
431878.179344
431716.943853
432055.876752
431913.234279
431996.205999
432114.893067
432224.369956
432590.411045
432419.811558
432486.744672
432919.649496
433030.205757
432789.156551
433217.483536
433013.95076
433132.140103
433195.386393
433580.34674
433403.521653
433761.619346
433902.811236
433992.047848
434069.176259
434192.198408
434308.701862
434384.74025
434179.243256
434287.014445
434661.737429
434504.195389
434604.521773
434688.564987
434787.153977
434908.373726
434989.759533
435080.739445
435506.795166
435583.272641
435676.682729
435806.410949
435887.847356
435710.835999
435804.034352
436215.556856
435969.320516
436124.308291
436193.580594
436588.959723
436407.99442
436509.551687
436924.070687
436985.677251
436806.538127
436888.981631
436975.581409
437099.992854
437219.403762
437304.096441
437409.070828
437805.635749
437590.108748
437677.423336
438113.527561
437875.260807
438016.266772
438388.007524
438190.238934
438350.714628
438395.559913
438516.580448
438607.754061
438980.797241
439094.08411
439220.502005
439000.123909
439103.60937
439195.391717
439603.506004
439385.120113
439783.019743
439598.636324
439967.687678
439814.685101
440198.52047
440013.749092
440092.204656
440186.096875
440334.043578
440387.123469
440495.846242
440608.59609
441026.285169
440788.336917
441243.124212
440993.033273
441409.332643
441524.015191
441595.985575
441709.722411
441800.740327
441907.405689
441991.854232
441790.849232
442241.862488
442349.747785
442118.989087
442495.126671
442285.922057
442393.979634
442487.038204
442599.461515
442678.265959
442808.064674
443192.919491
443294.142387
443111.453484
443204.734349
443291.848826
443398.035701
443478.102771
443887.223833
443700.63788
443798.024324
443873.272112
443981.10982
444407.896632
444199.941661
444599.460469
444692.046394
444790.899842
444913.850604
444719.81716
445136.537589
445164.161003
445300.533207
445093.530805
445208.956952
445287.738127
445398.700161
445788.864877
445904.076251
445711.65108
445786.727731
445898.623778
445987.404624
446402.293899
446206.771257
446303.569995
446410.062807
446806.470025
446905.200399
446675.039745
446795.481194
446866.4799
447016.322217
447389.579204
447185.097949
447297.778383
447384.426187
447496.925288
447596.18482
447969.404406
448073.205658
447887.304495
448009.072036
448416.788241
448524.416998
448325.790374
448701.343428
448811.563906
448613.215916
448996.76827
448760.630483
448903.227671
449024.300376
449398.268244
449186.668325
449296.205513
449726.153605
449812.989761
449613.917328
449716.532476
450094.39927
450212.350205
450299.731292
450435.651593
450195.590178
450309.381949
450423.043297
450508.210532
450570.536111
450704.345014
451114.396785
450889.570558
451029.456462
451083.47313
451501.704714
451318.879028
451407.181242
451511.66045
451591.463599
452012.34887
451784.106475
452226.424227
452293.497485
452109.383985
452192.574778
452296.465895
452403.021591
452520.304485
452634.397569
452710.361647
453102.020199
453189.102522
453015.241099
453120.017616
453510.65771
453599.706642
453399.892927
453829.69
453924.848139
453975.026604
453803.980726
454201.375402
453992.629725
454097.326252
454480.104355
454276.438331
454428.446458
454810.568182
454596.217048
455022.954479
455118.021385
455207.628268
455283.253809
455106.563998
455204.347569
455309.629928
455688.647299
455804.001367
455574.397253
455696.773169
456101.702464
456222.330063
456308.938341
456115.47787
456517.161611
456580.645309
456688.025265
456515.211676
456636.53531
456686.106201
457122.97694
456913.785527
457298.946718
457112.896152
457230.455253
457321.41394
457433.283792
457832.410228
457911.193517
457985.225983
458106.214352
458213.063284
458275.240498
458118.260735
458194.159124
458309.210171
458379.031706
458496.662907
458606.654275
459028.07378
459087.795457
459193.189272
459254.139025
459430.64097
459512.494668
459290.013891
459729.440998
459470.488372
459580.270247
460024.04159
459776.37185
460190.496883
460298.023135
460395.978493
460543.693251
460635.417304
460409.754107
460497.627598
460640.572135
460985.597076
460805.915145
460893.302714
461285.390545
461100.041949
461498.917984
461286.786862
461392.137196
461514.698433
461893.933085
462003.566619
462093.265484
461908.591936
462013.057254
462091.014061
462504.573633
462625.108211
462685.912089
462519.632479
462627.227416
462979.273786
463114.649132
463207.071599
463318.204941
463376.344
463491.076556
463300.759965
463366.37188
463803.400544
463861.805817
463697.047693
464108.41918
463907.140219
464000.623838
464082.211803
464194.228924
464301.877744
464378.428602
464823.50546
464585.223221
464968.125202
464802.67975
464898.533639
464976.25797
465411.826369
465469.266948
465562.695339
465697.042785
465526.418912
465652.576886
465746.691537
465778.620426
466166.094572
466001.180677
466103.963179
466501.662027
466299.489846
466400.341984
466500.577465
466861.368038
466711.42218
466791.553539
466903.049778
467008.079341
467109.143846
467226.206893
467271.413891
467389.078787
467507.567754
467624.967521
467708.388279
467813.514508
467917.707872
467994.420308
468127.29011
468170.093777
468276.813112
468403.48535
468515.008186
468611.509598
469039.280177
468802.80317
468897.989724
469027.499795
469132.063213
469499.294627
469579.501494
469413.563964
469800.047979
469893.051207
470012.490836
469808.732359
469910.303973
469966.525671
470108.313667
470186.460652
470603.884146
470661.045637
470508.125248
470593.651407
470717.047733
470790.755889
471197.640584
471267.869137
471435.676925
471491.109611
471313.250106
471686.647343
471528.288877
471601.409972
471700.211627
471787.017203
472197.327318
472012.935133
472111.633935
472523.560449
472612.627027
472674.4715
472489.301272
472926.139689
472999.763929
472808.638844
472882.034863
473310.22834
473408.248636
473192.896595
473603.165403
473704.043521
473779.96654
473590.440648
474006.716059
473829.746797
473932.93728
473986.635908
474118.988681
474220.203022
474300.785184
474359.695749
474526.884426
474615.45155
474680.293768
474805.974547
474906.135309
474992.612565
475106.682092
475464.710546
475280.338753
475685.822615
475510.231724
475613.490026
475704.789717
475791.946347
475892.230576
475997.644664
476381.829515
476181.509641
476570.076865
476420.536117
476825.175703
476600.432307
476723.339173
476777.407908
477202.051086
476990.837266
477411.154811
477221.878534
477634.898171
477424.398679
477510.225916
477617.951964
477694.675911
477775.389567
477891.547107
478002.42755
478067.726689
478197.88868
478589.539714
478708.057656
478834.087142
478581.868673
479015.105542
478798.979263
478904.825696
478992.093288
479090.252
479507.391133
479629.904189
479719.936571
479819.026974
479583.530896
479717.995738
480118.346559
480218.994808
480291.310595
480067.009523
480232.765514
480281.564626
480387.590332
480517.418681
480601.118434
481010.719396
480827.659299
480903.571238
481016.272293
481091.332614
481208.741378
481611.768731
481729.049652
481826.11191
481563.805945
481703.275753
482102.508467
481894.387279
481988.454286
482402.229987
482213.709232
482588.027196
482713.724618
482811.620235
482900.690372
483017.194118
482802.907081
482875.371818
483038.348323
483106.068191
483185.112771
483323.852791
483427.539437
483789.32133
483598.462272
483711.433615
483829.271005
484231.527474
484013.113787
484087.355537
484222.040912
484611.010265
484375.979555
484502.596653
484621.868546
484722.562714
484805.539042
485210.849525
485318.686362
485384.740942
485478.149911
485320.898521
485405.140716
485805.237218
485912.358753
485690.920026
486119.039276
486207.217872
486023.567255
486114.618423
486194.454442
486261.845064
486364.554816
486486.195202
486883.414759
486735.048815
486792.541568
486881.331016
487299.715403
487397.770273
487236.9462
487577.32598
487419.403016
487512.878723
487608.939739
487704.94962
487791.967014
488205.643733
488330.933631
488111.812548
488189.031595
488306.958565
488393.213281
488469.882471
488596.105644
488700.702345
488788.244847
489191.914859
489049.543776
489087.879443
489186.286083
489301.853015
489694.486853
489512.539391
489597.071774
489990.125995
489779.629268
490177.879034
490025.779022
490387.729302
490524.315959
490289.029315
490422.309201
490519.152334
490627.617431
491030.445784
490786.137643
490880.217771
491036.541451
491387.014006
491241.204346
491288.701968
491393.008098
491513.033428
491608.062645
491665.007673
491794.502667
491902.647851
492312.682005
492092.345148
492196.338867
492322.215414
492397.910462
492537.1085
492876.627005
492703.799033
492793.684922
492919.516622
492991.675041
493378.249358
493498.252746
493590.616626
493702.430784
493807.985524
493617.014982
493684.996103
494088.632381
494227.758065
494005.948033
494389.642563
494205.086565
494322.259286
494403.345478
494817.36343
494931.849613
495022.376524
495112.359332
494889.211468
495006.94619
495107.077266
495497.035488
495306.612114
495692.695208
495493.518
495624.965613
495717.624337
495813.219362
496246.774703
495965.281837
496404.095845
496185.078585
496621.400763
496687.498242
496499.328145
496588.687817
496674.233652
497090.494226
496914.737776
497023.607352
497379.543472
497207.154205
497296.743517
497400.393186
497849.02538
497603.896574
498015.001413
498075.942238
497909.400948
498301.934897
498111.040545
498493.616859
498286.008612
498404.246008
498811.310188
498913.655292
498990.153875
499078.877004
499187.600268
499018.810127
499090.175221
499208.747622
499288.201374
499399.214473
499784.147638
499603.301211
499698.427813
500088.846991
499925.211006
500016.421834
500411.789906
500223.027436
500600.014293
500400.420513
500488.817012
500609.499913
500691.229972
500819.682834
500909.772239
500977.997534
501465.518337
501501.174817
501620.216914
501400.104572
501790.066556
501612.242217
501689.444246
501818.385285
502152.440547
501959.83689
502419.121657
502501.415095
502295.926951
502427.043055
502490.869791
502584.583485
502694.087523
503085.158631
502919.744455
503000.195594
503061.284656
503488.725582
503322.508974
503372.634665
503813.113434
503580.459926
503992.98511
504072.392566
503901.996829
504310.289699
504395.135971
504192.967652
504607.530261
504396.129056
504801.223321
504607.491131
504693.950458
505114.032735
504906.719057
505007.65592
505423.047609
505510.370387
505278.452329
505713.60626
505816.434371
505594.526148
505983.901017
506087.334515
505931.470371
505975.744287
506109.221346
506165.683895
506262.168349
506393.845202
506478.4092
506902.909161
506684.637785
507093.323378
506866.999168
507005.877091
507378.848556
507198.104809
507599.917286
507398.83082
507799.970709
507588.946028
507695.024669
508135.749689
507900.284763
508291.655683
508127.339571
508202.470126
508588.977113
508389.079206
508803.882245
508880.598838
509009.34905
508796.663282
508876.983433
509282.159829
509086.048316
509519.931252
509309.626942
509377.129192
509778.201532
509866.9198
509693.032266
510100.189861
510233.428608
510002.576212
510094.752207
510475.904645
510309.795435
510400.338693
510535.470149
510609.300079
510703.061106
510825.080028
510898.471212
511333.647265
511151.036837
511201.894398
511294.640913
511658.007884
511483.407249
511878.496136
511719.442337
511823.481176
511875.998756
512023.760476
512093.006133
512514.05522
512273.587499
512663.662714
512485.424386
512606.447013
513024.257227
512784.952961
513202.750118
513033.177529
513121.397975
513198.570716
513326.573232
513401.645012
513809.817723
513607.914808
513675.436367
513798.103127
514230.350666
513994.890383
514383.812326
514211.505396
514280.32927
514680.5749
514777.309693
514584.419974
514702.920633
514832.278372
514905.516322
514994.663319
515121.921056
515507.97665
515327.6195
515696.570795
515811.335914
515854.267167
515690.339772
516069.286236
516197.910261
515979.934471
516102.283895
516219.880621
516620.221242
516700.031005
516788.5511
516603.20937
516683.815263
517099.40305
516890.665777
517322.431491
517099.879774
517518.048339
517283.158482
517692.78127
517505.306403
517912.828117
518022.849534
517817.422709
518178.547708
518023.493567
518079.659675
518489.762675
518599.601423
518399.064536
518825.389644
518604.545148
518999.73089
519101.879934
519171.831564
519009.330219
519121.39059
519203.990996
519573.652027
519687.322337
519534.125709
519886.039448
519722.382121
520096.119951
520158.647559
520002.237335
520069.645053
520186.976553
520304.378404
520717.974697
520767.777601
520604.109266
520694.230238
520786.340327
520900.882169
521292.228891
521108.673557
521502.806924
521579.545866
521377.639713
521809.896717
521558.862448
521976.935762
521751.949371
522189.28806
522286.734102
522400.996389
522178.199189
522596.018176
522697.932572
522510.364635
522867.048377
522741.137168
523125.729433
523231.541794
522987.707626
523086.373711
523202.605373
523289.811055
523375.365835
523503.65662
523583.455654
524028.404949
523756.785222
523871.948918
524021.318275
524113.306106
524188.819423
524591.024636
524692.648334
524491.071104
524615.43002
525008.886063
524794.12402
524888.507319
525304.779723
525090.976083
525501.072204
525302.01109
525386.926669
525500.283778
525601.895421
525717.481499
525794.699654
526245.392431
525971.191665
526109.886846
526200.159284
526626.454918
526421.133234
526514.839533
526588.781643
526739.67695
527111.858157
526884.008007
526993.705982
527132.864064
527512.740984
527290.768705
527698.092044
527800.703806
527587.524661
527715.172761
527837.487735
528200.392981
527997.099748
528091.132467
528491.305507
528309.69994
528389.122579
528476.415554
528910.787212
528697.453044
528812.421429
528866.708689
529301.958144
529431.740592
529187.418522
529618.437605
529653.971915
529786.041248
529607.488437
530015.592028
529791.109273
529896.880262
530014.930687
530358.428584
530507.669066
530605.507506
530747.56731
530494.075836
530921.977116
531021.517129
530809.014961
531210.341674
531002.017225
531110.76444
531521.699595
531284.594717
531703.419698
531523.191105
531895.625685
532027.071957
531794.358096
531905.791167
532023.292739
532091.709962
532201.677032
532319.573566
532400.202248
532519.740924
532887.861271
532717.510691
532824.461991
532936.369592
533334.5517
533110.027867
533219.890557
533299.508823
533397.774597
533476.764556
533601.098846
534005.139081
533789.749994
534211.717243
534021.190602
534099.223494
534499.590546
534594.828294
534378.942812
534493.770295
534614.048897
535011.61071
535113.271534
534906.961159
535028.192144
535126.456641
535506.372892
535602.090193
535686.194007
535800.812464
535596.904093
535700.646824
535788.35227
535923.726779
536276.855585
536110.718087
536486.395086
536283.869196
536358.188508
536490.258302
536913.540354
536703.135476
536804.567946
536891.992018
537288.514283
537115.422759
537492.098396
537303.177294
537401.414469
537790.437333
537927.006204
537707.47503
537764.005433
537886.342147
538009.69155
538438.780609
538489.123759
538312.249613
538698.611474
538508.442291
538612.548231
538998.422993
538795.658353
539178.098332
539305.686833
539107.788109
539178.846171
539328.972717
539665.053061
539507.131351
539626.16311
540042.282432
540091.147232
539922.791274
540321.410804
540422.866663
540219.275271
540614.378821
540716.848314
540801.205754
540606.837808
540715.144482
540814.19477
541214.790679
541019.740715
541100.497714
541199.234257
541598.523275
541390.046186
541822.493405
541919.035633
541996.036145
541819.79837
541899.858016
541998.147113
542398.454592
542215.401298
542315.9869
542394.161894
542792.456765
542598.991056
542672.82333
543076.376506
542898.381968
543267.386727
543089.913723
543197.783295
543609.265373
543419.263483
543754.740666
543892.035088
544030.401064
543818.363957
543915.867371
544011.761483
544110.539735
544470.035337
544278.603973
544378.142876
544501.251383
544936.205552
544691.589624
544780.528186
544931.860283
545280.560956
545374.481669
545491.572802
545295.867566
545397.478331
545499.786652
545619.659609
545985.651783
545815.981663
546180.019601
546339.925363
546417.026091
546187.782795
546332.34051
546684.308002
546458.001613
546857.934208
546983.539157
546849.804222
547197.538192
547000.514298
547109.302969
547200.636598
547645.561374
547446.360174
547507.879091
547870.087957
547686.515397
547800.18891
547890.442955
548299.792072
548127.492312
548174.599383
548295.403521
548680.973628
548796.680423
548933.779867
548730.226836
549130.017314
548938.326804
548989.794228
549373.97877
549512.224627
549295.638754
549355.300953
549476.633881
549887.194621
550015.726191
550096.5057
549872.139184
550009.203369
550102.150644
550205.686991
550602.60417
550717.255249
550794.924982
550895.418934
