1015.16948903
1089.24360503
1190.19649313
1002.69238881
1105.95726392
1501.40239717
1599.57155169
1405.81272896
1847.08230345
1842.95740151
1713.89758746
2103.21160113
1919.07806091
2288.77946969
2103.58225719
2206.26186735
2274.93810551
2692.98505146
2772.70278606
2605.47301477
3015.38170609
2806.37741985
3190.59344064
3008.03202341
3370.12211366
3215.93054595
3271.70845557
3409.80740076
3476.34533889
3596.82846748
3700.16363807
3791.92815976
3903.32132893
4015.57386967
4426.02795997
4218.05667864
4343.31906933
4422.07822947
4531.20112404
4611.44237126
5026.87776628
4769.51379417
4904.1160526
5013.32428839
5074.64377821
5224.53948813
5312.57769273
5406.1189659
5488.70878089
5912.02734139
5688.61809383
6096.01752906
5881.22683953
5999.4272379
6089.06778206
6532.28971198
6557.48390185
6693.59859291
6512.09199701
6905.97495553
6702.06628057
6799.36052185
7207.76412531
6995.23859682
7377.49614152
7195.37817695
7309.86407405
7414.05737601
7799.79678573
7919.256809
7725.57473947
7792.71446747
8213.77398022
8019.83967987
8097.19240852
8201.13390395
8563.10119964
8393.80578232
8496.50028281
8609.67897355
8730.07936917
9131.04460899
9213.38187655
9302.1651484
9380.48696657
9208.4282792
9299.25478017
9408.85343219
9810.94079993
9893.46673382
10033.7008265
9800.0624561
10181.3402882
10308.0465826
10087.0093626
10218.7397507
10609.4445602
10697.1742479
10488.9758936
10624.0187746
10708.4614479
11089.1726179
10881.7463006
11301.4073226
11104.4811479
11224.1675966
11576.2656339
11383.6258147
11480.7062922
11576.4084641
11718.0012616
11818.7726137
12217.4260796
11991.7528317
12109.6844443
12191.9231782
12305.9652585
12688.7048077
12519.8872729
12584.2963211
12733.7204896
13079.6233431
13205.8177784
12997.1659236
13374.5912673
13530.3560888
13314.800944
13425.5206516
13480.8160396
13555.2290973
13986.445385
14123.9862915
13939.647746
14314.6627398
14111.6755989
14197.9255941
14298.2550125
14669.7263007
14808.3781994
14935.7832863
14730.3714511
15122.2003686
14894.717748
15313.8261489
15124.3589246
15198.7233428
15307.8789665
15710.7380675
15798.5897855
15586.6966211
16010.7789288
15800.6806091
15927.3094768
16308.9971066
16427.4488242
16219.7883387
16607.7316277
16686.8879614
16494.1502695
16630.4962985
16704.7885959
17156.8878863
17186.3326878
16994.2057216
17140.2008844
17194.7638179
17579.041896
17724.8508026
17489.5165104
17924.6276603
17714.9672489
17807.0192833
17921.5557076
18338.0137338
18078.1456542
18216.4942862
18601.9060806
18676.7868536
18529.1609667
18910.1206869
19043.7319248
19094.0000613
19182.4906528
19333.011015
19361.3216865
19193.3547826
19289.3644609
19391.1526826
19492.3832169
19896.465577
19718.5002501
20123.5471012
19865.6607885
19990.6321447
20393.4571201
20520.2934717
20318.0789058
20423.1236339
20499.6349032
20609.5070208
20676.5531451
21124.7796286
21216.4053002
21284.8669392
21104.7533641
21484.7367641
21628.6178387
21403.9455076
21811.7828478
21913.4423307
22011.5936414
21793.0860302
21913.623986
22331.4053163
22095.4541319
22209.111474
22570.6571751
22664.4926929
22498.5404393
22617.1547259
22702.2114756
23095.5670594
22906.1133846
23290.2390142
23104.6509628
23217.7866621
23592.2415232
23425.1138761
23512.1702223
23584.3488103
23708.6064798
24116.2653244
24227.2789207
24010.573945
24394.9645266
24469.4359281
24613.7725145
24408.1442446
24514.2673254
24621.0343254
24707.5569361
25131.2865933
24904.5334574
25015.7655971
25124.0039697
25221.8692629
25601.6475738
25705.6130691
25500.5015174
25919.6624154
25971.3279602
26104.11972
25945.8762762
25999.9384385
26115.8249482
26546.27005
26289.3309144
26398.4885923
26506.1159527
26910.4636336
26699.7130278
27092.4610606
27187.1459322
27304.2932293
27396.2670631
27186.1048223
27307.5956142
27664.7219546
27504.9636544
27597.6908826
27989.8731625
27815.6968415
27938.9199513
27997.836551
28408.0585177
28516.4655611
28291.3196066
28666.6451733
28780.010516
28911.6967639
28678.863663
28806.9450624
29216.8778681
29276.7140964
29381.7742155
29472.6737229
29602.9632668
29394.566894
29500.342718
29606.9562896
29705.7836247
29806.4769038
29911.6040203
30274.2540973
30077.312883
30207.4964668
30595.6342427
30407.5609664
30499.7846919
30596.0653515
30717.5933244
30812.2120961
30880.4094619
31013.0611976
31416.9040225
31184.5445556
31566.9422364
31397.0541569
31494.9036585
31565.1939906
31982.0243756
32120.3474029
31901.2204681
31978.3572044
32086.2652651
32204.9634308
32617.0971417
32394.9620041
32844.5185817
32614.1679442
32684.7214203
32787.0083007
32937.3412113
33308.77338
33124.2516978
33545.8174314
33613.1482442
33418.8530526
33807.5086259
33581.878207
33991.7909652
33771.6364577
34204.1386961
33983.1215871
34104.3347002
34169.710715
34602.6094347
34712.0455257
34498.7585388
34644.6529118
34652.3130038
35107.2680086
34919.8791991
35305.4089932
35084.7539286
35207.8430414
35286.5075609
35420.7049249
35506.9058802
35874.4282137
36001.5207116
35807.6301528
35896.8647543
35998.047295
36120.190742
36471.3666694
36270.8932012
36420.1001158
36515.8101657
36590.0546276
36688.6481554
36818.505688
36891.439931
36971.5079851
37402.0800131
37205.8603218
37603.8451609
37683.8106436
37469.9991915
37568.9806764
37988.9345868
38140.0748746
38189.670765
38305.5533875
38389.0162255
38207.6644405
38585.7450376
38690.3795109
38502.7744041
38608.6781443
38688.7098464
38819.6570443
38908.8140688
39316.271814
39096.2601431
39193.5148229
39319.402052
39391.2777849
39475.0209357
39895.6737319
39696.5294142
39784.9462909
39916.1305949
40007.1709157
40074.1337543
40216.7143976
40601.0609878
40369.5159618
40793.1739207
40611.7678085
40971.786997
40793.3789077
40876.7434794
40973.8740926
41372.2220044
41526.1814605
41574.5788427
41379.237294
41504.7036562
41875.2596344
41726.5798884
42107.8063907
41895.319969
41993.7917843
42098.6050808
42515.3758711
42299.4595038
42387.9205686
42790.1087055
42898.1629744
42694.4071461
42844.4017942
42925.8378542
43285.0821213
43087.1739844
43480.1502054
43331.2773549
43400.2768153
43487.6494754
43913.08998
44009.1800993
44084.9980659
43895.8214759
44303.837779
44104.4368461
44216.8010525
44608.6023486
44403.5959585
44789.3519083
44620.9208913
44701.1384319
44843.1267958
45190.8124295
44997.123414
45398.2230224
45241.313834
45590.6465157
45397.3441801
45797.6501785
45610.0758632
45716.4714766
46107.1946613
45892.8378493
46012.7024037
46109.5545925
46221.68992
46575.5455297
46664.2304806
46465.8058425
46626.6221417
46692.0011777
47102.1565893
46903.2234651
46975.651467
47116.6189164
47488.3666106
47312.9164558
47386.0910685
47779.8465659
47896.1469965
47736.9920468
47794.2753616
48207.9396097
48005.2551645
48095.3466016
48212.7110261
48292.855884
48691.8774103
48479.2236042
48606.1698667
49017.1773825
48809.978922
48907.9413722
49028.7545989
49384.5922102
49199.8355325
49323.7220484
49391.531133
49518.7862015
49918.3714565
50035.1360461
49833.0199345
49908.9132871
50303.9688533
50121.5897862
50198.4446871
50291.9444726
50718.489131
50797.4222616
50609.4456621
50705.5681505
51121.4139121
50887.3671464
51297.6471544
51107.5437254
51208.0975018
51278.6326099
51396.227642
51505.2743073
51620.3011248
52005.6843322
51799.0967186
51913.9219121
51990.8837916
52444.1814677
52489.8140894
52285.2525586
52425.8135216
52800.9981728
52589.6656652
53016.5433754
52841.5396148
53190.2588701
53299.3260263
53385.1282345
53205.8789483
53318.2140267
53718.3629431
53547.6914121
53892.0695125
53709.3156191
53812.6750911
53882.5053584
53983.6510473
54408.0511528
54212.5739908
54306.596859
54429.291001
54801.1653574
54884.7726113
55012.2006505
54799.3364305
54921.7027784
55001.6646924
55098.1369081
55495.2548167
55318.256119
55427.2080789
55493.2266599
55898.4158194
55704.2562146
56094.4579442
56192.4731504
56003.9468309
56446.5274392
56177.7569844
56623.4880409
56732.3493251
56499.8782203
56593.9497653
57001.2136673
56789.1006765
57221.2234549
56994.7030423
57395.3555958
57483.9914378
57280.2774862
57379.1468208
57488.6066776
57613.7175044
58000.4257461
57797.4824319
58189.1524563
58001.7662329
58358.2136218
58183.7046476
58586.2789393
58414.3554203
58473.1332759
58616.8704157
58716.0921333
59047.1865265
58888.0781874
59285.0812348
59103.8791317
59210.8409545
59597.6875829
59423.7600982
59478.7464067
59624.8782679
59958.7163485
59789.351753
59895.6884891
59976.1456091
60405.297976
60518.0329333
60302.8354392
60392.7737784
60806.2621998
60916.8910482
60692.6076654
60800.5902186
60899.6342672
60985.2112262
61076.1171168
61497.7411108
61303.4391127
61705.1548159
61496.8263924
61555.0032251
62021.1755327
61809.3041646
61912.1752538
61986.3567653
62395.3882384
62196.8558639
62263.1136107
62376.6819118
62819.2146375
62844.8679815
62703.4290682
62803.5766322
62898.5508035
63286.2981164
63415.4464046
63206.4145608
63306.4719826
63380.9132541
63827.6190136
63614.1244137
63738.4579263
63792.2840725
63885.8101713
64002.3941897
64119.5860327
64197.4214714
64595.7374338
64701.6513772
64492.7953109
64889.103111
64697.906248
65048.6643172
64909.1060304
65016.6853011
65083.5653176
65240.2928598
65644.7815646
65408.109029
65499.5702084
65628.0371939
66005.9523501
66139.9780476
66191.6332201
66300.9784337
66096.8081779
66210.8929161
66297.9352614
66431.1208565
66789.5941051
66612.3944523
67023.5834036
66779.9685959
67216.4775834
67299.5454352
67378.2425752
67490.7017183
67597.6612011
67415.5107345
67785.259065
67607.9980738
68000.232392
67802.8191938
68188.1543756
68010.2198477
68107.7305787
68178.7845927
68300.0273865
68396.9721305
68460.8972429
68871.2975302
68990.0727267
69060.941976
68912.9626835
69296.9950137
69377.9893941
69490.7214911
69320.2545486
69410.7204426
69508.1764728
69576.5526358
69717.0225574
69820.0171339
69903.0148312
70006.8896874
70091.7720191
70505.3836895
70591.8327053
70693.5149121
70511.6724555
70884.1127157
71004.5725269
70814.6449504
70849.2579813
71312.627862
71128.4842229
71198.5739596
71332.2751914
71695.6513513
71828.5375739
71605.1559356
72016.2581031
71813.5369402
71895.58777
71984.7117486
72394.8984698
72225.0819384
72581.4155051
72400.8048017
72510.8356474
72581.1299048
72986.5538493
73078.9175174
72927.3604319
73335.9929653
73377.4509315
73210.0420001
73301.5081993
73377.8442624
73772.053293
73620.5705688
73969.427831
73797.4970059
73908.1290484
74303.6625948
74099.9432982
74493.8868669
74605.0449394
74430.6008722
74812.8903677
74638.7664933
74998.9087752
74817.9022886
74901.9064616
75264.2358095
75126.4440059
75214.7561491
75563.3508156
75409.4898206
75501.7404132
75594.2128785
76027.8635656
75797.2481216
76180.6267788
75989.6733354
76130.3844845
76213.2868003
76296.9640859
76683.4286381
76828.6006354
76903.4649216
76699.8933128
76807.3481062
76916.7751635
76978.0970285
77107.6862678
77494.4288547
77626.1165298
77403.0594473
77492.5003049
77884.5105095
77986.7496697
78062.5266338
77924.4286342
78294.6464181
78083.3885851
78209.6813148
78554.5096511
78390.4499647
78535.840132
78617.1048338
78693.9897116
78790.6723787
78908.8155466
79024.6730214
79092.5238175
79206.2096849
79331.6458193
79390.7883844
79504.0916377
79871.2409046
79998.4845287
80072.976104
79928.1953261
80294.3191809
80076.7084808
80238.995105
80300.836539
80415.7804196
80786.5644144
80585.1182679
80685.7097083
81128.3205856
80939.1822095
81285.5153918
81413.7113728
81206.1935431
81306.3427323
81714.7090012
81824.2690115
81940.4416734
81734.512232
81792.2056081
81889.1687161
82300.8085361
82111.2958213
82221.4210628
82588.6843603
82389.6464216
82483.1423981
82616.1444254
82723.8807892
82784.6388572
82882.1544812
83326.5466572
83390.8208306
83512.7494728
83622.7503747
83730.6652357
83828.6998454
83867.2347005
83714.7629545
84108.7983738
84200.8488101
84324.0035898
84423.5692119
84511.4956043
84584.889242
84362.3820363
84819.3960088
84940.1270551
84711.5058455
85098.746639
85185.3799188
84980.4976043
85378.5729925
85210.7231663
85301.3818647
85691.8608821
85494.6915332
85582.744004
86010.0644513
86111.2752981
85867.601429
86291.5344065
86397.2944317
86484.6662504
86297.9946534
86727.1044279
86525.820452
86898.2342402
86696.2275981
87116.6375437
86938.0872522
87003.4710443
87123.6490315
87497.5690864
87589.1478716
87423.6170308
87851.46545
87940.7586271
87705.4915423
87809.8746938
87907.2947787
88020.6798505
88372.5844498
88538.4342903
88584.1657693
88402.869471
88511.6876148
88608.1165632
88710.3337595
88793.8750913
89224.2565065
89283.4556401
89106.4233883
89208.5617428
89264.0375761
89394.038367
89458.3439592
89595.5814943
89713.2968672
89782.742965
89927.9759066
89982.2565923
90066.392181
90211.206667
90279.3315487
90686.2916015
90774.7570153
90884.5359959
90711.740049
91062.6115781
91235.1587139
91014.0307855
91129.3040064
91520.8186626
91311.4746118
91699.295422
91806.3057523
91886.1712317
92010.6160263
91785.8480227
92227.745977
92308.4587598
92138.4899479
92479.4320784
92614.3515295
92710.0047098
92480.0156342
92586.1245048
92982.423629
93135.5336359
92903.359026
93024.8428548
93380.3942439
93496.9692463
93298.4283455
93715.1152191
93500.6093281
93935.7059933
94035.4244526
93795.9118042
94195.8205973
94300.989117
94103.4762687
94238.2518604
94309.0245987
94385.871267
94527.2637305
94578.5613765
94726.2370979
95131.2020493
94921.2445144
95341.9472667
95080.0197425
95477.9568299
95319.7828826
95410.5962235
95781.8896776
95595.1075455
95997.8822772
95765.2807778
96149.5981514
95990.3898951
96097.4002945
96509.5520439
96625.197857
96383.0140169
96782.697396
96874.8086949
96705.8651733
96804.1232518
97197.7583078
97035.5713734
97123.0407631
97521.3236074
97610.3406696
97690.6905027
97530.1813434
97924.767161
97692.803344
98066.9305338
98175.618395
98278.896032
98102.4287261
98199.9715061
98618.8782911
98674.7492694
98791.0763058
98617.218693
99000.9953338
99146.4033437
98908.4438176
98992.8195705
99121.2311539
99211.0775465
99588.7777983
99386.8099606
99794.1744039
99897.9152599
99717.4244579
100129.225599
99917.293088
100020.994829
100116.381258
100186.48528
100614.580997
100695.652845
100506.31919
100626.204323
100684.671261
100783.896483
100915.602799
101314.481154
101094.463432
101204.070007
101303.839077
101388.311098
101810.835387
101865.64786
102007.442723
101813.67354
102189.36324
102014.815425
102101.09407
102489.359938
102298.942711
102686.209138
102488.478812
102600.068767
102717.279252
103155.09951
102895.542977
103006.099535
103058.833585
103516.554306
103584.880097
103415.692875
103752.243686
103602.947585
103991.608069
103786.580893
103910.207569
104021.245778
104402.693883
104520.901377
104301.605459
104382.869639
104806.305864
104904.16681
104710.537123
104806.893983
104879.426664
105002.716667
105400.418989
105202.807198
105311.896287
105383.101454
105495.355814
105602.427238
105671.764196
105818.350113
105874.505327
106287.540501
106104.146594
106511.908196
106294.226947
106707.747628
106464.416568
106621.501227
106979.588428
106810.606026
106889.071092
107016.004174
107370.355749
107189.934474
107292.871942
107396.642486
107789.27175
107556.322431
108028.666808
107777.356609
107920.128179
108276.24932
108414.767137
108510.180152
108300.516148
108391.265104
108459.522878
108607.999488
108714.375336
108824.354894
109198.232404
108985.310832
109089.028135
109204.365852
109601.924241
109410.760944
109496.680168
109576.397664
109713.013993
110088.736103
109878.598835
110014.302354
110402.477134
110212.079162
110585.250428
110406.382859
110503.509436
110576.558458
110726.627342
111093.550578
110917.329744
110986.960373
111376.027507
111183.518731
111633.065695
111666.763435
111504.380394
111603.980349
111681.119633
111829.355654
112196.386694
112017.409062
112116.998754
112190.993751
112614.893369
112428.622239
112540.845533
112872.732123
112732.79657
112790.798275
112889.628032
112988.216459
113399.810302
113178.477745
113296.357549
113391.107502
113461.01735
113606.595674
113697.52146
114094.626535
113906.477667
114322.400599
114388.180826
114191.068158
114335.430856
114404.681794
114501.728163
114915.734865
115005.020804
114836.111352
115222.708088
115018.23268
115436.909785
115491.879201
115308.721456
115699.438209
115796.973115
115884.475169
115701.056135
116109.341856
116212.075649
115970.628655
116084.376713
116186.516164
116594.103577
116702.058554
116785.084381
116909.19005
116683.855473
117080.416736
117217.13914
117309.401503
117405.73484
117219.924828
117301.493445
117674.046636
117517.402656
117881.198333
117689.462134
118066.295461
117900.17259
117998.320025
118415.026149
118505.228998
118618.580384
118752.426442
118511.760189
118611.463469
118963.431651
118817.298572
118909.410419
119254.113569
119093.441941
119201.842726
119586.311099
119692.122468
119507.033249
119607.621683
120005.486145
119808.005046
119886.172269
119995.883685
120105.218864
120217.219295
120587.137806
120394.862409
120815.552473
120606.207741
120695.810106
121110.495649
121196.720532
120994.466499
121099.864681
121492.089439
121313.273889
121404.466373
121848.260584
121603.343884
121701.480002
121818.373597
121921.380573
121951.372778
122088.502529
122502.819312
122299.876176
122397.089019
122479.376616
122570.393605
122708.174415
122777.960837
123202.767276
123006.602932
123113.005591
123527.728653
123316.568352
123660.073384
123790.330023
123606.511996
123705.551737
123772.910118
123909.516412
124010.987382
124398.38046
124481.424363
124282.055952
124385.953875
124519.0035
124900.19134
124695.03041
125120.833916
124898.78878
125285.082254
125141.630469
125478.166662
125587.037259
125703.896759
125507.184324
125918.563638
125702.577368
125781.025446
126182.898105
126002.821055
126060.266961
126237.89758
126586.400435
126423.955283
126472.848807
126607.04719
126689.266696
126812.465096
126880.063164
127331.098961
127092.803593
127504.220791
127300.145284
127408.068888
127790.298659
127613.033377
127999.034738
127771.133949
127917.135706
128011.938698
128105.377728
128535.287396
128269.543425
128409.812588
128513.11635
128595.291785
128993.633898
128823.865047
128927.520913
129331.292283
129411.972224
129492.670727
129289.808672
129417.450464
129520.026414
129614.816456
129690.385824
129825.734232
129889.050717
130022.938183
130415.410665
130513.775174
130589.342987
130707.751578
130472.847698
130887.496625
130709.517172
130839.595647
130873.07346
130996.457791
131094.135543
131543.697578
131594.594611
131388.91308
131787.292048
131588.873726
132034.156092
132109.210853
131905.913939
132008.881108
132421.010987
132496.52637
132282.129274
132408.221403
132505.153977
132912.554105
132695.067209
133131.647351
132902.759574
133268.86187
133095.543304
133526.748224
133621.746605
133706.258912
133792.053869
133626.266767
133718.375378
134083.45667
134213.78426
133970.515406
134399.564456
134497.867358
134327.645643
134356.876072
134813.33108
134880.057307
134988.663363
135104.461459
134898.331528
135308.02167
135119.444145
135196.060956
135605.869368
135408.612548
135499.852851
135912.273905
135996.88497
135783.919583
135914.73199
136027.237477
136418.877785
136208.328047
136280.906337
136391.405472
136506.479458
136604.110537
136689.37149
136809.791353
136876.021873
137341.341555
137115.22053
137549.510594
137628.714754
137392.361867
137479.7517
137609.616491
137694.212975
138101.964332
138226.25159
138323.100829
138084.660467
138487.275573
138325.78914
138419.687771
138515.651212
138892.440139
138705.030157
138807.007621
138894.720647
139309.08123
139122.840049
139213.738783
139287.876378
139416.313991
139500.910391
139621.367107
139683.314805
139815.385279
139892.774477
139988.518792
140106.105513
140192.116536
140302.31095
140713.503486
140485.552997
140610.555843
140726.076742
140800.453702
141205.356595
140990.767741
141396.254198
141206.757624
141590.530901
141718.457394
141791.93041
141610.159903
142023.557227
142071.274796
141914.958347
141971.697129
142415.960383
142192.928714
142329.293772
142424.851418
142771.274256
142588.07273
142693.343343
143086.889849
142894.416121
143327.453618
143369.171137
143198.948718
143319.943293
143422.803172
143524.157457
143608.699363
143969.275737
144076.537345
143906.686161
144009.140911
144407.483294
144210.48665
144294.087408
144400.738693
144819.627916
144913.426307
144691.528746
144831.015712
145174.751942
144987.558933
145375.31984
145489.028672
145268.793886
145388.932349
145821.954265
145887.133289
145980.407186
146098.57199
146196.699763
146275.785367
146110.148892
146214.810514
146296.015061
146700.336382
146796.561298
146608.410825
146710.17239
146786.75867
146920.444518
147008.961215
147423.42068
147499.032295
147581.783696
147428.570675
147839.260528
147592.571728
147673.515428
147840.08404
147864.520186
148328.985791
148409.372449
148503.527753
148298.824331
148422.013684
148788.142421
148602.115485
148974.441795
149121.463178
148884.025637
149280.961928
149351.22561
149228.619362
149288.511239
149392.528774
149501.218794
149592.091546
149666.570561
149799.889638
149891.146726
150006.131209
150409.457941
150482.924187
150310.284466
150391.942256
150830.951669
150928.909393
150996.386331
151087.658486
150877.861954
151321.896666
151109.513309
151494.298448
151321.624188
151692.543441
151495.670772
151925.542083
151728.697799
152070.683821
151923.902229
152301.357804
152081.372698
152501.264204
152593.018541
152693.910767
152812.534045
152581.806637
152974.111551
153131.165068
152911.251441
153300.378595
153111.674405
153196.58247
153330.182903
153384.506114
153473.898853
153613.592397
154009.667166
153754.340253
153888.557328
154295.47849
154378.829246
154191.242
154620.792436
154403.351456
154789.765865
154605.713245
154675.294076
155101.953066
154905.384833
154969.182781
155107.167857
155177.216105
155634.54505
155378.948774
155515.61543
155889.358015
155704.955871
155810.133416
155874.450769
155982.774196
156379.625401
156200.055631
156284.244134
156397.585146
156524.839113
156931.901899
156687.810593
157074.365104
157176.084842
156969.881234
157382.777272
157205.080332
157287.294722
157389.690128
157506.922257
157874.141512
157676.367318
158093.318887
157862.130792
158263.469969
158436.048897
158215.172763
158603.949921
158398.505222
158824.706347
158859.67955
158681.68741
158771.554707
159214.239003
159309.348243
159390.226235
159181.771378
159603.627181
159408.60974
159802.864119
159932.87926
159731.584251
159802.219347
160205.600776
160290.999563
160400.719218
160460.535329
160627.150786
160414.115042
160493.705406
160602.074065
160720.804987
160794.720897
161198.670842
161012.35497
161102.095734
161492.958299
161589.699572
161713.315888
161816.02997
161906.408649
161986.474857
162117.246024
162181.442959
162298.52617
162104.532134
162476.89507
162304.868876
162423.199519
162771.160509
162593.833733
162707.109089
162794.243125
162923.233285
162990.390019
163106.367799
163489.086954
163295.589052
163410.340095
163512.699484
163920.750334
163991.32781
163817.46461
164186.730866
164039.838531
164123.254935
164207.809241
164621.984462
164415.981164
164507.403517
164621.590032
164725.54641
164800.812035
165197.166001
165005.465582
165365.504376
165525.038004
165565.32678
165703.191526
165486.85716
165588.548331
165987.564621
166118.819239
165892.560362
166032.359999
166124.17099
166508.446762
166277.550954
166384.932688
166777.303402
166613.820356
166699.242035
166815.665274
166926.869851
167342.220942
167400.650455
167485.520789
167312.991299
167715.683253
167516.32441
167610.030649
168013.800268
167809.411358
167910.94387
168322.410095
168119.112616
168239.917031
168266.136384
168408.820175
168812.757324
168919.856324
169046.320869
169098.618918
169223.3897
168993.100567
169112.502969
169512.873208
169287.190095
169406.608698
169820.809093
169914.874311
169727.099835
169797.267444
169898.224828
170320.591442
170096.156767
170480.537782
170296.969062
170419.944559
170807.560155
170897.148981
170693.260476
170812.521285
170885.098615
171282.774448
171078.396299
171532.202519
171296.603155
171402.993377
171834.987582
171591.903286
171694.421268
172087.512213
171893.900884
172279.824596
172095.426957
172209.91667
172607.9921
172386.904328
172499.383699
172602.710014
172992.623272
172798.48527
172891.239529
172970.291517
173095.074409
173467.614923
173250.751181
173715.278313
173811.974203
173892.399999
173694.05814
174093.322942
173905.783
174336.351126
174070.518605
174217.423379
174594.151868
174727.222291
174482.363559
174912.044654
174716.403019
174810.762116
174894.964909
175333.651844
175120.964859
175493.698451
175593.721265
175386.43005
175763.521052
175616.558928
175695.458028
175786.686635
176206.683962
175985.155778
176397.419553
176518.18584
176596.82497
176418.489881
176807.094465
176913.608068
176719.636275
176801.637166
176885.581531
177006.939877
177114.208184
177186.761545
177608.044615
177699.225784
177473.342723
177628.934921
177987.379784
178080.257563
177890.196009
178285.724197
178391.600133
178511.587547
178323.525588
178399.860934
178760.897069
178602.84154
179035.341864
179088.91134
179224.941387
179012.590789
179396.792158
179492.55971
179308.047389
179405.589576
179765.156619
179621.664876
179682.659885
179798.02543
179937.347413
179981.875003
180076.41459
180152.512475
180318.9425
180721.932718
180809.063921
180922.697156
180723.954224
180780.374797
180910.640452
181010.794691
181103.582369
181538.192223
181284.63185
181709.239544
181517.918609
181580.17614
181682.498426
182076.277553
181940.982907
182299.818603
182410.145825
182500.892148
182593.274889
182391.249944
182820.629301
182875.183156
182688.63468
183095.561139
182880.54966
183025.005449
183087.8247
183201.282871
183323.905008
183684.193937
183818.061459
183602.816714
183691.353845
183794.886328
183883.356701
184032.834884
184080.386507
184173.11565
184616.101599
184653.034067
184786.209528
184604.930601
184731.943186
184808.362464
184888.334337
184991.376141
185438.03892
185198.886769
185271.122139
185708.334717
185778.262992
185621.370094
185712.810031
185813.105997
186190.492611
186004.513858
186092.942001
186466.166309
186604.626478
186382.907687
186537.373194
186617.417217
186993.752088
186805.906328
186897.077064
186991.459814
187115.67582
187222.282772
187610.655739
187399.914046
187501.617578
187616.840237
188032.457517
187780.414889
188254.394739
187993.101784
188345.535147
188228.032071
188284.981691
188382.827484
188476.150031
188610.800545
188695.456689
188771.879202
189196.376523
189304.542558
189093.958216
189480.756409
189310.739525
189383.036311
189490.222848
189913.979881
189705.573573
190114.264737
190208.557906
190272.873019
190104.377822
190496.007631
190325.972218
190431.6342
190491.344698
190584.744561
190999.135507
190804.700734
190903.267483
191321.228014
191398.305439
191212.997485
191310.432324
191707.027067
191534.444842
191599.481456
191698.960494
191799.014254
191904.335839
192007.422215
192404.142915
192174.203268
192565.434085
192397.572996
192524.392129
192887.950575
192709.896563
192812.309661
193199.438485
192986.931818
193398.733393
193207.525018
193290.305833
193378.935296
193487.797091
193924.074732
193710.391249
193819.600715
193873.826112
194327.860585
194407.120073
194192.884859
194604.188834
194738.715816
194815.76424
194589.214105
194693.585018
195108.548299
195192.490871
195003.17011
195093.0269
195492.699888
195352.568686
195403.553224
195819.169193
195922.532488
195689.471864
196084.710962
195937.212891
195983.025497
196422.54222
196205.371455
196275.605243
196447.97005
196485.243133
196616.822685
196697.573312
196808.874826
197164.975802
196987.71882
197391.356169
197200.954364
197327.400236
197368.189323
197492.521855
197602.018959
198018.971052
198089.007394
198196.183661
197991.338466
198120.878348
198216.667879
198570.415909
198688.648363
198790.016746
198629.78088
198966.02045
198804.430294
198910.709438
199286.499735
199388.809779
199494.948081
199623.93877
199402.994557
199503.474465
199948.772521
199981.068141
200111.56964
200192.975369
200039.933894
200099.696027
200238.952635
200293.331678
200408.22913
200769.360872
200895.592457
