1002.42260098
1094.66178092
891.355263833
1007.37567216
1064.47749941
1515.60224531
1294.30247179
1692.85966041
1781.49769216
1590.49245288
1995.86710964
2110.8494701
1870.31870467
2000.13915504
2105.64865298
2511.49822145
2279.7542298
2725.8879347
2527.14632281
2601.83721099
3011.34209196
2777.04012132
3213.50598416
2994.03451152
3118.95496596
3497.58444994
3267.59287392
3726.40899017
3520.30371584
3599.24170921
4017.02068487
4109.13228888
4220.40991534
4312.40548496
4421.03615848
4481.58525937
4283.7826194
4404.44712593
4804.98021668
4898.43054553
4717.03483292
5065.65684421
4883.57936253
5294.13078714
5084.7079768
5158.11918461
5304.52926597
5702.6396763
5515.12178971
5913.40422411
6031.78449197
5778.77688708
5911.53622065
6005.47945178
6392.52219908
6184.69638593
6597.16054228
6703.7046937
6830.73212707
6586.50652191
6692.06682243
6809.710594
6921.2912447
7310.62769615
7392.63782415
7496.30718363
7641.85315354
7710.87944717
7497.72612727
7602.54424797
7734.57299845
8074.58343712
7881.30637983
8004.13403757
8375.64223933
8195.95232489
8300.32365409
8390.94607833
8501.77371488
8611.21795899
8690.93687738
9112.98644254
9196.68711708
9018.41530959
9436.39297047
9185.07371219
9299.24940333
9687.42478794
9812.47695196
9612.10704367
9687.70433036
9789.18336431
9899.62616978
10009.8554521
10105.12642
10203.7625291
10590.5258532
10420.556631
10514.8751254
10882.9715672
11020.779601
11134.4091843
11205.9356003
10993.2026337
11136.5319811
11498.26177
11299.4204582
11395.6363658
11507.824912
11618.1229311
11704.1145317
12096.3878503
11881.4242502
11966.9390196
12089.1507328
12456.5296875
12607.00332
12370.6255357
12491.147553
12603.5019541
12695.8795138
13053.7305823
13202.298784
12982.8773718
13395.1043151
13203.4290848
13316.5671738
13394.681216
13537.0678692
13593.0181115
13956.6991606
13799.8740857
13914.7884008
13979.5946393
14111.5027157
14239.0219197
14318.2933194
14700.4288596
14784.3184307
14896.3600836
14697.8419575
15117.4085114
14908.7087443
14989.9676682
15423.615988
15234.5033598
15293.4256084
15422.2540966
15501.5850761
15893.2725477
15710.1749239
16108.9937943
16218.634991
15955.8664012
16384.9206036
16507.6132369
16306.8770194
16413.6793406
16504.3132164
16899.7762494
16715.9204745
16799.024088
17194.7588215
16990.5905802
17384.7738713
17490.2774449
17329.3649775
17694.045614
17502.9802793
17860.0394773
17991.4177764
17780.6528607
17892.5869549
18008.6655614
18419.5384111
18529.121064
18609.2791728
18720.2887572
18523.4439818
18902.7136838
18713.3356035
18780.6309401
18884.7986084
18980.7474778
19101.9392636
19567.9441441
19289.6716529
19698.6458571
19793.9988459
19875.0201702
19718.8324121
20062.0788578
19874.515544
20044.388311
20138.2854352
20526.1787264
20597.0952798
20392.8074378
20537.5936271
20615.9873537
20692.3965519
21100.9854331
20931.4660222
21305.8312244
21103.1300043
21186.035957
21279.5020531
21417.1595942
21499.8322597
21619.885834
21714.2615684
21781.5188178
21898.4796643
22001.1026168
22119.2835562
22508.4163071
22314.265678
22701.8236846
22792.386452
22598.3034956
22966.9253368
22809.633872
23177.0258177
23004.658916
23397.2442655
23535.5763364
23624.2199788
23687.8721986
23524.8289184
23610.7169677
24023.2192604
24096.1194387
24167.9605442
24011.4061525
24393.4121002
24191.5565388
24590.6406131
24678.9419459
24794.8623138
24908.0710696
24690.3276222
24791.4373931
24921.7321215
25020.0807819
25428.6639993
25186.8874795
25297.2519517
25390.4314901
25493.0818924
25585.5232168
26014.3452637
26116.5179459
25936.4306351
26320.3934715
26118.4224411
26205.8523783
26597.3345742
26702.4181243
26517.106549
26901.9032499
26706.9642827
26786.3298331
26912.5837445
27000.7525163
27108.126353
27215.4280773
27620.7444687
27382.9460763
27484.7844866
27636.2933762
28001.4493177
27775.4440367
27915.4914761
28306.4647114
28394.3084042
28219.4743618
28330.9487747
28419.4655857
28484.529119
28581.9173503
28992.0578631
29117.5615133
29215.0631364
29023.4607337
29083.1718258
29501.6429575
29565.0438926
29373.1667543
29475.3054254
29910.8152891
29701.0249486
29818.3101465
30212.4921523
30306.2192674
30093.3624434
30193.0082649
30283.1055075
30680.851973
30501.4434911
30623.524004
30695.7936852
31092.5171638
30888.7416492
31254.3565794
31427.2172723
31471.7289356
31309.7926439
31663.3070526
31500.6081591
31604.2252613
31736.4771585
32099.6749023
31905.0858503
32308.5962526
32373.0725731
32189.7336901
32301.9357056
32409.4064534
32819.0909198
32917.9092262
32714.18069
33139.5865215
32884.5090164
33013.491986
33076.17452
33189.0679248
33341.714429
33416.5867201
33504.3768728
33572.2593175
33729.9096812
34069.0793884
33907.5003962
34295.4713198
34361.6243813
34218.8972221
34309.1862814
34386.0169945
34543.2298557
34601.7082454
34707.2113712
35095.68942
35182.4943892
35012.9143565
35375.3423732
35152.2639082
35296.4738142
35399.6622751
35775.3035906
35592.1406577
35694.6417938
35814.3267656
36176.3004255
36296.0209674
36387.525259
36195.5929699
36285.3429102
36692.6657772
36768.7677401
36574.2133288
36693.595112
36797.0523847
37240.2662524
37002.6356107
37397.6882927
37213.7989055
37602.397887
37401.0301681
37479.4381888
37920.2776761
37690.0972284
37816.4161545
38223.3740764
38307.7724555
38115.1108776
38487.4370304
38579.6477652
38420.2097086
38799.8830538
38634.9385315
39001.9009876
39092.1084041
39184.0838611
38991.274611
39115.1118006
39213.6863314
39319.5405993
39704.5533473
39505.9641713
39894.1036849
39988.2853719
39799.4647768
39881.5432423
39982.4706903
40090.138499
40534.258661
40608.9943885
40735.2476837
40487.2236664
40559.9788784
40701.477222
40831.852081
41216.9667851
41029.9456671
41118.7966811
41454.4408441
41596.4699815
41740.9256961
41801.3600951
41583.9223871
41720.2851619
41795.757125
42183.5697956
41985.7196389
42111.7152751
42506.9940673
42337.2523279
42370.0977966
42809.5185394
42626.8964934
43032.1658355
43076.9077655
42912.3232724
43305.8349405
43112.5155082
43212.5623334
43294.955178
43725.8297989
43486.2656428
43593.2417328
43700.9790022
43803.2226976
43903.9692967
44008.7482895
44111.3604639
44490.7595689
44271.919654
44416.2323335
44525.2415435
44598.4918058
44754.3209065
45115.1760251
44896.1597962
44996.7238032
45113.8575106
45202.6437019
45289.8536791
45395.5239808
45508.3087428
45897.7874714
45986.2515464
45791.2044189
45891.0786233
45998.9016526
46084.8061517
46193.4077174
46573.6151647
46692.4200287
46795.1600287
46863.2777404
46682.1815213
46798.6275208
47236.8337071
46998.1188194
47096.899166
47197.9460683
47279.0210181
47701.2825057
47773.8691239
47615.2792852
48005.8252312
48096.7621854
48184.1214491
48003.5355821
48095.4483934
48502.4353211
48283.0192298
48683.5734293
48510.4151787
48584.8156051
48694.7544208
48764.666303
48930.97023
49006.1840351
49090.4950342
49188.8794555
49298.7145386
49379.5715455
49503.7422431
49579.5811767
49691.748521
49808.5572998
50200.8061026
50011.9203332
50378.3612069
50209.3092075
50296.0597778
50418.6610107
50793.6900253
50907.5360181
51010.7232586
51115.7124896
51215.902588
50988.6883101
51407.0090529
51199.7210559
51323.163279
51689.0511687
51760.4711058
51601.2423359
51698.7733959
52110.4433063
51909.8009442
52275.5803381
52444.3462194
52502.0752749
52288.4018283
52668.0263132
52800.5341698
52603.6325118
52713.4363158
52829.0001976
52871.9660655
52980.3338319
53396.1160773
53230.3350391
53604.1857747
53405.1386653
53519.1666312
53594.0281932
53994.6168985
53776.0036705
53916.6646821
54307.8710024
54108.4557464
54218.1848143
54317.2866666
54408.5439348
54771.4552041
54919.7287523
55003.8579938
54782.1523699
54884.2216402
55330.4473394
55100.6242783
55474.9332945
55330.3409254
55677.0431061
55798.409813
55631.2401003
56002.1185902
56085.7136397
55931.2567786
56011.8667734
56116.3269699
56237.9865876
56593.9703275
56430.3876347
56492.796972
56588.4170809
56704.7096453
57119.8034083
56907.5543847
57018.3272791
57363.6983588
57201.5263314
57624.9345384
57707.6988541
57820.5447166
57908.6505812
57703.4177827
58115.4101131
57918.4362346
57989.0222822
58126.4918173
58228.8933799
58546.5945964
58702.9421914
58532.832564
58867.4189234
58682.9199292
58786.5712665
58894.0108582
59275.9779912
59083.5648817
59493.0715558
59619.6347794
59392.1366395
59532.1070418
59921.9635042
59990.2285997
59830.7154658
59883.8637528
59996.779085
60110.9529987
60178.462127
60309.8804832
60703.1925726
60486.7620969
60631.9837276
60741.5180045
60810.2315936
61196.3822704
61321.4558521
61365.6948726
61211.1818884
61647.4747333
61430.5362125
61472.3501352
61907.802906
62012.2682172
61790.5135156
62191.2432999
61978.3830532
62394.2687297
62229.2690117
62279.9866539
62413.8037216
62520.341441
62915.0767567
63028.5144606
62785.2549727
63231.9347177
63294.7288666
63102.8751146
63546.620917
63287.0492942
63394.3319269
63528.8727634
63584.2284902
64013.5157889
63830.7446603
64190.1066114
63993.4314179
64114.5116259
64180.9895569
64319.5618164
64401.8381452
64519.1709955
64924.6786117
64672.4857697
64804.8429662
64894.7377575
65353.605124
65113.705051
65475.2187932
65301.3325066
65439.4221508
65511.9265099
65599.7994297
65726.5883116
65776.3279435
66197.2873007
65996.4575896
66370.44315
66202.0312936
66309.0518728
66401.6869319
66475.5899221
66908.8680672
66699.4887123
66800.5117207
67186.7827638
66995.5599902
67083.9694278
67196.1420243
67612.6428509
67712.4185432
67824.2508332
67594.0086731
67999.2666676
68089.6319352
68175.205548
68009.1243738
68125.3749452
68214.2355431
68317.7982052
68367.9649069
68491.2250098
68636.536613
69020.6776725
68803.3947537
68881.1328594
69004.2295127
69114.4025046
69234.8339434
69544.4343349
69702.8674244
69836.2347093
69901.1509842
69683.2836849
70123.1078528
70134.9226757
70014.5019699
70412.9042278
70173.2724959
70291.1184071
70404.3493726
70812.1966009
70583.9367303
71001.8931135
71068.2761604
71174.6921819
71007.699005
71419.6378836
71203.2685042
71303.0624176
71409.0226244
71800.4816309
71889.8964046
72039.6187511
72097.7119677
72209.9829053
72294.0988144
72095.7523092
72506.9007759
72305.7555064
72428.2459889
72809.2663041
72605.270861
72983.7136892
72776.4823647
72919.9233403
73015.02871
73097.8072522
73185.5892161
73304.9365813
73369.1712531
73772.4824835
73591.6417555
73984.1328044
73836.1133485
73867.8499777
74310.9699571
74396.5603967
74238.4398314
74602.5211693
74427.984965
74508.8316283
74596.4913173
74706.3820166
75137.600099
74899.7130113
75003.6640325
75116.6748493
75488.9970102
75587.9864862
75371.5451901
75495.2468589
75894.6012578
75670.3935517
76118.7895962
76192.6674865
76304.2179419
76152.4220868
76223.7532232
76588.2893828
76360.5204412
76776.7802122
76872.7883292
77011.2939351
77102.112283
77179.8138637
77317.5646105
77381.5173418
77461.8879633
77333.1312735
77404.2545857
77832.1763917
77905.5168697
77704.9060935
78112.5226412
78199.8137116
78327.5794954
78110.102209
78205.0791721
78327.7470234
78705.3023542
78808.1220891
78851.2638973
78977.7715531
79103.8475546
79196.7463862
79003.9017799
79140.417098
79205.9273473
79587.2638916
79397.9501826
79800.7097429
79908.7461402
79992.2664907
79800.929027
80188.2783305
80007.6785247
80126.253504
80200.2837587
80298.8868841
80392.4769509
80485.7618656
80582.2706906
80678.7908318
81084.2554529
80893.7198335
81000.0787217
81392.4539861
81207.6691554
81300.9492605
81679.3859986
81492.8287452
81621.8899964
81707.9139157
81789.5185684
81902.06035
82303.3575579
82116.4595671
82206.847057
82330.5105768
82412.5571123
82525.4243286
82570.5557456
82990.180519
83106.2706268
82906.640151
83006.6032919
83431.0353064
83154.0687126
83595.0171717
83427.588938
83811.4963895
83592.4089041
83688.5235872
84082.7403704
84207.606424
84012.7779062
84437.6579635
84211.8290706
84603.7736063
84408.9148292
84835.016024
84914.2959784
84993.1849233
84808.5900251
84893.1645545
85316.0484973
85103.0154055
85505.3418659
85289.4871614
85408.0118672
85822.7506115
85889.9484859
85684.174242
86127.3418766
85905.5286889
86293.2640901
86113.88826
86223.2879264
86258.1686812
86712.2229224
86806.6478014
86599.1054636
86723.81854
87123.4937079
86907.8162433
86998.301869
87104.4048511
87218.8911656
87614.4250783
87664.9030253
87513.7792399
87865.8729123
87710.2115585
87798.5095255
88215.7129976
88006.9192673
88088.5790246
88509.406275
88600.1668819
88383.2422985
88791.7389241
88561.7432482
88711.3049869
88790.8755044
88898.6714691
89022.8558635
89107.106156
89200.3389977
89283.3019534
89427.555856
89806.7822899
89593.8774608
89963.4087111
89791.6076525
90183.0153336
90285.6771413
90085.7637754
90229.0794618
90580.7652063
90412.4747557
90814.6709825
90636.1555681
90964.9386898
90789.0051007
90911.5286578
91285.7307902
91401.7793546
91510.3763035
91599.6526157
91410.9151255
91517.1901915
91922.942042
91704.5385602
92079.4427125
91902.8401927
92273.0928514
92133.6803604
92196.9424341
92302.2724566
92382.0370847
92537.3264322
92893.6336271
93025.6221331
92792.3637548
92924.8468128
93261.0554672
93104.6292398
93502.9172744
93607.4197224
93704.6566844
93811.4049152
93895.1800245
93707.1989859
93824.0970564
93889.4964581
94283.905233
94085.5761849
94207.1756841
94563.4823073
94401.860529
94769.0559918
94606.7270863
94707.1362217
95108.7898273
95185.7504631
95307.4825284
95114.9451488
95184.2729072
95311.0690597
95697.9397888
95499.4469744
95607.9807278
95732.8298898
96111.7982982
96174.2194874
96318.7281907
96401.536585
96184.056913
96590.2974468
96702.6339109
96496.0499725
96913.8005597
96708.6421919
97103.8058838
97191.3293172
96996.255213
97406.3964938
97188.3243574
97328.354545
97406.6636796
97784.2409146
97885.469222
97979.6532257
97803.7833696
97912.3076746
97977.1227904
98397.1633258
98458.183968
98309.0894328
98409.327979
98789.8182468
98592.961926
99001.415142
99108.5745956
98888.3092659
99315.9703261
99113.0721488
99182.3672457
99597.5844726
99674.3708327
99774.72185
99920.2601466
99673.8245498
99798.6345716
100240.040991
99982.1967767
100109.388239
100223.47366
100299.539437
100426.26257
100506.603153
100606.216911
100708.066701
100790.196102
100905.433507
101004.902984
101097.68315
101214.128411
101627.593515
101431.099576
101817.637587
101906.866979
101977.763684
101803.342374
102180.608132
101993.088641
102106.103211
102190.418174
102614.960304
102715.37458
102527.403213
102618.149362
102713.910416
102761.255117
103190.344311
103013.696783
103117.873503
103205.517632
103628.574427
103403.104626
103838.875492
103632.35268
103713.666946
104093.674697
104193.541982
104009.973887
104102.480116
104207.351919
104603.734305
104431.96792
104835.176877
104589.250043
104719.250156
105116.078521
104924.23795
104990.00347
105419.183015
105197.214995
105282.490299
105712.028464
105506.705386
105600.83796
106016.083077
105815.200578
105923.108621
106002.625374
106109.586154
106199.844062
106331.190279
106427.101396
106489.782493
106908.514416
106689.194177
106778.371649
107202.534652
107289.666692
107379.014113
107203.345935
107588.625942
107388.486547
107525.704354
107628.98827
108003.650956
107778.785241
107881.191129
108306.329498
108400.97637
108181.012368
108302.43703
108724.522408
108507.987356
108603.301718
108725.728138
109099.118868
108911.747924
108973.231075
109423.119833
109237.090925
109277.558734
109398.775802
109502.777083
109571.633408
109986.866473
110072.27976
110193.115239
110289.131374
110376.897371
110204.975566
110315.588979
110395.487251
110800.840583
110597.76723
111008.16146
111099.33509
111233.101827
111301.363053
111102.817458
111220.062828
111274.043581
111413.624026
111509.03686
111854.147171
111716.033576
111795.600601
111890.247417
112296.484977
112086.747669
112506.953154
112591.272082
112410.333845
112818.788909
112862.209113
112712.790394
113057.99575
112920.950962
112973.197443
113078.979203
113491.355972
113322.587529
113658.072721
113482.176036
113908.787579
114020.189793
114085.734881
113904.576329
113983.533757
114096.890307
114206.473822
114302.983015
114717.539267
114512.778247
114908.527426
114718.329574
115121.828093
114875.113005
115026.241848
115094.270599
115483.794019
115574.559776
115395.583921
115789.01381
115608.919664
116020.649337
115801.75334
115906.854567
116007.779053
116063.836336
116198.288141
116577.690382
116407.607709
116807.547048
116856.597376
117002.835762
117122.532922
117207.673296
117020.557016
117403.499239
117501.722941
117587.772008
117678.19969
117775.034777
117863.837949
118046.026656
117838.891362
118168.101163
117999.854202
118118.713106
118180.564692
118607.125508
118429.675229
118478.415796
118915.278788
118681.566911
118798.646206
118883.785921
119002.432801
119082.835728
119230.101119
119331.236845
119425.150405
119795.140394
119624.386283
119986.043008
119826.727639
120198.529118
120016.516047
120399.866921
120483.05693
120591.886654
120683.522171
120500.936555
120579.575548
120676.552963
121078.842146
120907.901275
120992.801871
121377.850601
121499.954922
121319.317308
121692.246318
121485.823732
121621.174048
122021.048877
122103.883677
122192.61203
122323.281919
122398.34809
122213.023496
122306.029859
122398.810934
122473.872688
122918.838578
122968.283063
122790.010335
122904.197486
123015.454217
123080.53809
123191.277566
123311.342003
123409.474292
123522.870775
123577.964861
123696.401662
124094.612092
123904.990982
124002.193573
124085.533341
124136.870724
124297.497542
124704.182298
124546.196634
124634.922354
124710.562123
124828.434706
124920.419446
125011.822901
125079.379514
125490.513819
125323.443844
125443.064755
125813.155231
125874.366618
125720.206349
125822.68702
125898.502697
126303.178134
126085.304562
126479.460964
126283.247514
126709.395728
126523.873632
126595.374941
126702.055661
126805.42697
127200.27567
127002.084077
127407.079324
127488.052429
127303.094915
127675.642349
127502.692973
127630.019388
127707.637721
127793.871487
127932.555376
128282.042685
128086.697043
128199.564846
128623.685239
128715.898785
128802.249082
128586.962048
128677.584002
128845.602053
129216.724873
129286.58073
129110.033151
129499.273028
129587.517971
129687.694946
129492.238405
129878.292776
129729.671707
129835.029239
130166.059454
129978.720131
130387.062799
130181.531221
130575.87342
130723.603141
130796.460254
130858.329609
131005.496023
131122.150953
131194.907343
130999.471502
131411.976215
131515.928747
131641.153115
131425.166904
131793.758254
131621.173796
131669.084908
132091.787538
132202.706911
131998.613868
132399.898628
132246.874608
132596.043006
132672.116896
132501.229661
132873.41493
132712.67373
133087.474307
132918.956097
133277.638808
133380.03491
133208.992381
133615.619073
133708.112839
133514.755658
133607.699704
133996.966881
134128.251035
133915.184538
134274.82761
134117.48443
134196.158968
134332.624032
134403.760725
134524.691958
134609.832039
134703.149072
134803.306545
135218.31857
135292.053999
135391.464763
135501.78567
135302.560164
135406.100326
135791.340072
135634.484583
135696.185942
136116.037379
135887.898223
136011.978879
136115.497253
136534.01965
136306.35662
136676.018172
136807.629373
136890.565545
136995.883068
137140.10816
136910.784392
137025.939778
137369.544099
137221.999553
137272.291136
137412.266483
137513.064727
137919.254924
137690.310136
137798.777344
137903.622969
138008.652551
138113.496067
138200.520826
138299.036996
138411.030529
138505.830978
138866.179135
138704.118375
138790.646121
138897.787137
139322.485142
139103.494431
139210.831722
139280.365503
139378.306659
139478.132205
139602.736435
139993.416265
139825.418478
139903.517433
140284.304202
140413.032827
140202.552247
140323.319661
140696.005788
140773.217167
140591.055252
140703.673717
141127.622029
140905.454098
141302.193024
141450.921156
141483.86775
141592.39782
141685.136468
141517.400178
141900.078385
141984.142675
141812.965225
141910.084657
142033.657881
142136.701207
142501.629477
142319.859904
142411.088333
142498.128685
142913.276741
143005.294686
142817.896742
142935.597157
143022.641006
143424.440802
143555.112557
143300.796266
143427.843599
143483.714513
143883.832205
143994.64188
143804.732029
143909.435625
143996.149254
144397.467026
144479.205099
144610.189118
144365.778045
144484.756987
144603.496462
144693.243823
145077.379569
144919.787338
145308.787241
145385.873288
145205.357577
145335.575953
145684.141202
145499.545468
145620.851523
145999.141566
146086.762904
146186.200824
145992.267355
146393.953893
146199.048386
146320.466672
146736.656511
146837.280458
146945.072727
146982.160686
147103.030804
147205.631023
147008.952492
147089.741545
147515.037305
147283.674615
147384.765887
147489.782937
147621.762454
147963.04853
147801.381154
147893.850249
148021.120895
148097.862813
148201.365343
148609.24723
148404.752021
148510.627479
148607.235722
148686.505631
149131.770125
149158.248965
149288.468822
149395.214327
149192.370965
149313.39504
149387.486936
149531.192333
149904.907822
150013.616975
149829.719419
149931.210673
150321.006037
150080.963487
150172.738659
150324.941871
150406.793215
150803.852499
150881.847367
150717.130639
151114.153809
151184.653439
151015.232782
151425.599449
151183.35325
151287.262146
151391.779704
151496.559758
151587.331284
151706.725091
151821.345144
152182.60525
152303.812909
152116.339325
152497.963906
152283.302082
152388.362882
152812.746477
152583.744035
152698.73801
152813.797165
153180.174486
153005.820645
153131.931771
153497.732174
153588.525681
153419.812036
153798.906717
153617.947694
153713.759362
154134.660287
153891.197001
154295.82188
154399.698509
154215.663051
154589.870845
154723.790473
154495.465818
154894.340969
155009.062535
154810.837022
154917.605575
155274.035666
155080.02176
155220.453336
155577.496452
155679.431936
155525.528621
155889.937423
155721.72422
155807.837799
155908.080856
156313.953335
156095.705627
156188.511362
156576.879879
156684.387146
156509.65981
156897.944552
157001.168971
156793.586795
156935.23682
157030.00567
157113.261793
157520.266749
157312.308004
157396.720463
157501.658739
157595.304782
157716.409822
157813.665084
157910.081566
158000.904308
158093.700512
158211.519009
158321.510336
158685.835115
158505.971327
158932.733505
159003.745754
159101.439491
158903.268162
158998.303006
159116.037262
159502.555583
159313.840523
159408.580384
159515.120303
159936.538907
159708.740513
160111.131299
159881.505275
159997.413145
160122.306075
160194.185759
160569.734053
160410.683496
160801.497723
160876.802651
160699.644326
160822.208336
160890.001514
161314.208663
161079.813219
161197.305833
161250.532542
161402.224682
161494.178726
161897.495921
161698.903801
161820.807884
162237.405171
162010.465445
162408.016112
162198.022969
162608.053553
162426.754574
162804.294816
162622.311917
162702.027107
162828.923215
162900.365467
163005.485486
163099.44553
163208.859697
163310.380494
163385.794993
163520.931162
163920.323385
163720.096762
163804.081275
163917.828705
164266.920252
164119.728112
164506.479405
164304.009763
164431.578593
164493.575274
164609.47651
164706.428667
165077.73001
164866.078604
164982.682883
165080.692375
165171.210047
165270.572738
165405.359796
165488.721498
165581.006027
165701.612056
166080.048427
165926.779349
166305.549231
166076.917525
166204.534572
166591.509823
166392.282785
166484.833303
166628.890177
166707.039568
167100.477907
166876.300094
166992.210147
167395.155133
167512.401492
167597.851265
167715.948342
167512.453585
167620.416383
167997.443828
168099.848093
167897.935845
168014.375862
168389.921591
168481.519962
168582.246922
168739.142923
168792.204961
168914.497991
168725.573371
168801.881666
168913.090589
168996.78629
169432.547143
169479.520764
169599.202582
169694.5465
169517.356069
169908.01008
169966.563921
170085.884023
169890.809628
170020.133407
170105.703905
170186.196149
170305.089496
170388.531107
170515.064603
170900.565274
170989.101971
170788.152622
171190.11873
171315.5167
171397.595273
171169.116669
171593.67037
171405.800815
171791.473123
171589.679938
171735.501912
172115.852364
172156.146009
171957.431413
172111.774553
172196.68988
172302.334771
172438.427799
172521.476176
172625.922674
172687.280682
172794.364337
172868.505719
173027.551267
173109.077912
173502.959942
173309.259894
173402.469152
173784.71653
173629.190081
173989.125413
174087.6276
174228.639354
174316.159119
174377.200625
174523.665449
174302.343851
174371.445446
174505.10835
174611.634991
175004.837009
175102.850722
175194.015832
175029.038435
175427.562141
175503.49187
175595.651392
175704.392127
175760.960813
175619.748146
175711.252405
175804.659625
176236.159998
175973.481309
176437.457449
176213.270128
176295.714435
176403.435228
176479.184143
176611.671324
177014.431947
176806.739473
177209.442678
176966.621042
177141.843168
177214.803715
177320.822668
177698.098459
177515.043621
177589.17363
177684.370326
178105.708583
177899.943643
178331.262462
178428.868038
178484.662835
178578.325071
178366.713867
178470.125078
178614.723403
178705.069942
178805.866073
178895.173255
179011.365418
179100.14365
179210.396638
179622.347834
179392.737088
179493.462052
179609.430059
179971.626127
180119.172075
179905.406429
179996.488125
180417.851852
180463.175166
180319.291697
180397.82315
180501.792563
180933.419765
180695.659864
180793.241258
181181.301411
181039.812464
181051.621992
181509.961766
181301.9187
181699.98079
181516.321574
181591.130139
181728.524851
182101.22707
181906.283108
182327.13515
182373.778944
182200.442873
182586.807637
182397.654974
182502.910705
182594.398584
182718.317943
182759.460955
183192.844318
182984.063513
183119.875795
183238.159791
183570.945719
183406.940662
183518.063668
183897.178648
184001.405063
183816.393246
183895.44827
184261.689034
184096.679784
184479.875666
184595.244228
184735.672844
184776.778403
184612.872264
184701.56495
184777.388185
184910.393273
185309.952204
185119.29894
185450.684905
185595.0349
185395.035612
185503.442242
185891.503043
185692.466762
185768.012749
186165.776751
186264.389266
186084.20695
186483.250341
186632.615563
186397.470806
186514.400723
186587.898672
187026.996369
187126.684175
187182.42131
187277.616527
187396.416598
187242.257296
187277.143965
187413.118201
187772.693583
187564.45258
187988.29193
187777.159352
188192.20725
188321.180033
188349.564976
188182.019818
188284.636638
188399.746086
188808.208161
188919.356118
188685.100905
189081.032008
188915.224799
188976.956888
189400.881067
189462.920942
189322.703071
189408.649897
189467.907254
189905.287408
189695.253222
189829.844643
189887.494131
190020.276699
190123.470801
190498.6923
190597.363832
190408.844202
190806.788263
190877.510424
190721.980833
190793.754689
191212.297825
191010.053973
191384.02094
191182.666378
191646.472299
191672.559085
191513.048656
191931.255414
191729.382498
192108.562639
191917.547884
192009.180246
192090.631554
192214.838997
192324.085446
192687.133542
192520.639487
192886.215731
192988.092217
192817.929443
192896.218243
193290.972794
193411.914913
193212.562502
193321.559602
193699.141396
193519.468026
193621.303486
193694.757254
193859.927119
194187.084633
194013.73967
194102.647665
194479.541325
194567.676974
194396.645456
194515.136902
194589.756526
194717.053033
194790.454945
194899.117309
194999.900233
195105.180622
195210.796585
195302.708474
195704.135626
195812.963027
195881.073431
195724.190072
195834.020518
195916.706608
196282.526403
196080.627337
196494.492945
196286.204092
196677.085212
196840.392898
196613.937115
197005.668508
196790.364678
196910.703769
197307.362801
197081.083118
197493.544367
197300.853027
197658.197428
197502.937238
197877.868773
197657.4577
197780.286693
198179.870646
198353.814927
198367.217962
198192.864907
198300.792985
198391.153605
198815.616608
198589.739105
198984.715593
198799.442251
198902.228035
198971.935316
199085.393658
199495.147192
199618.10221
199401.107551
199465.912912
199626.273249
199687.191772
199772.873334
200214.721305
199997.61944
200074.250489
200196.864948
200592.39648
200715.224987
200520.737964
200621.183981
200658.777392
201111.871937
201188.463132
201299.994009
201403.648159
201210.477203
201579.813414
201704.095714
201469.655432
201585.604085
202000.749196
202115.104142
201934.073942
201995.09771
202405.965541
202500.347062
202609.220364
202692.987167
202824.753762
202593.739697
202695.606981
203110.70754
203177.694557
203004.547912
203426.97218
203228.21314
203315.069464
203384.369796
203492.37082
203917.63389
203704.148374
203820.835062
203895.903694
203998.862806
204401.862551
204232.229499
204325.53482
204729.835902
204833.580917
204944.859576
204678.920355
204811.264143
204921.978983
205302.323276
205128.917005
205195.213166
205274.884419
205386.575559
205789.478434
205902.777981
205718.235184
205778.641944
205894.244193
206012.641779
206088.156418
206505.022762
206595.131872
206414.957469
206474.644671
206898.020018
206704.581132
206815.887644
207196.90581
207006.818266
207407.222204
207485.821379
207293.462172
207379.775475
207509.454361
207947.070428
208005.356083
207774.727046
208201.062843
208023.352903
208111.405647
208177.815836
208308.79913
208405.717029
208781.057803
208603.369044
208981.965301
209070.654528
208905.691197
208988.12986
209413.362579
209196.091501
209578.365926
209418.197592
209767.650954
209597.966732
210001.299882
209800.740498
210230.065861
210008.006918
210078.415915
210199.72567
210634.332123
210680.020308
210787.581306
210865.673778
210962.088582
211101.543233
211208.913627
210994.715267
211097.522402
211223.138979
211301.466491
211414.704153
211769.211526
211891.543196
212021.837738
212059.856018
211890.364774
212017.560413
212382.299475
212197.786088
212610.098668
212403.075447
212489.894826
212619.363464
213008.290044
212785.583195
213186.185887
213283.356099
213095.025984
213232.947599
213320.538913
213419.151616
213817.693889
213892.484499
214024.838589
214096.752126
213889.798253
214314.926976
214404.170291
214171.219615
214305.436818
214678.39831
214790.13904
214603.770929
215027.193641
214800.627084
214868.424948
215275.074759
215068.236556
215213.487913
215618.963813
215665.945914
215785.268867
215909.190813
215699.002193
216089.528045
216199.826136
216307.449091
216402.305563
216173.236342
216571.123149
216417.635491
216517.987193
216612.331204
216712.716758
216817.025601
217191.978755
217293.142243
217363.94749
217479.746191
217326.062908
217404.798922
217794.218082
217875.137377
217690.05767
217795.181043
217932.406736
218267.554682
218100.981542
218195.850714
218604.216639
218390.644181
218518.357373
218894.727206
218951.255413
219096.04695
219229.435024
218966.967959
219411.422761
219493.458727
219330.953963
219715.788826
219470.30493
219634.466463
219708.646707
219839.695538
220195.128064
220008.028116
220115.524226
220519.555602
220606.728756
220696.870036
220786.568375
220925.333932
220700.986304
220806.316233
220930.612751
221292.980097
221408.489256
221192.16119
221304.375454
221682.872752
221515.32652
221568.243828
221688.441996
221795.872938
221895.023395
221968.152347
222097.813879
222502.052739
222287.566301
222684.783426
222502.921769
222616.857119
222995.46168
223106.837199
223232.552658
223321.369093
223105.450081
223183.196298
223314.803667
223658.222744
223537.42609
223599.787792
224006.354965
223844.486053
223892.789834
224027.900829
224097.564989
224489.320165
224329.840814
224401.543049
224807.837165
224592.661228
224982.143653
225129.321774
225233.005382
225332.138301
225112.730186
225213.837641
225616.151398
225388.389773
225782.512402
225572.748591
225995.047909
225808.477088
225894.356293
226027.069475
226094.802726
226220.773421
226316.940191
226691.626008
226497.191933
226630.768004
226685.901814
227140.085874
226916.177018
227015.392756
227112.456448
227490.907916
227296.469603
227422.032777
227804.894658
227900.979309
227706.044638
227778.959798
228158.956949
228016.413559
228349.641008
228190.591182
228303.238287
228404.982205
228501.470836
228625.090798
228756.900211
229109.01804
229222.723106
229014.576814
229395.187913
229218.779946
229310.755658
229417.468244
229495.231669
229599.738128
229733.181449
230110.145086
229917.104581
230307.220224
230126.185038
230507.570809
230309.859391
230690.227079
230842.194094
230614.209345
231006.997534
230807.627681
231194.821652
231326.070109
231094.46354
231201.698274
231598.709122
231727.478808
231496.013216
231896.669433
231698.591637
232106.760184
231900.258078
232009.786545
232087.466548
232195.046878
232317.297308
232705.86165
232510.590786
232609.984998
232717.531526
232814.741475
233206.89085
232998.35165
233405.905887
233189.403338
233318.855312
233396.409531
233501.955854
233574.338297
233721.416696
233796.466581
233920.209192
234280.055619
234080.125738
234205.675387
234284.539355
234434.764603
234488.278622
234628.69904
234702.991682
234789.401724
235225.761854
235034.333017
235107.986963
235204.578376
235285.185122
235400.981666
235490.773124
235592.355006
235676.169285
235775.971973
235923.71177
236286.181953
236428.045195
236497.071757
236300.255647
236422.023827
236530.259635
236908.524126
237008.44988
237142.566214
236926.513946
236994.875768
237087.656492
237200.196541
237572.547811
237408.484038
237515.344854
237583.73587
237709.295253
237801.521758
237876.855554
237993.581877
238389.342896
238492.89675
238601.877779
238709.665006
238511.274533
238912.528546
238709.513339
238839.08999
238883.057474
239015.944738
239125.061014
239204.084888
239282.931587
239346.118592
239513.927069
239606.910624
240018.107336
240120.267047
239909.733634
240307.15603
240108.436682
240504.956849
240290.056877
240699.499308
240837.014388
240885.742389
240682.943828
240772.769765
240920.540508
241288.153334
241137.112757
241496.008832
241312.346448
241713.653991
241493.246248
241587.296268
242009.213137
241788.318073
242186.200787
242293.603899
242098.633237
242184.260701
242273.51736
242690.872038
242793.587655
242603.02117
242697.721365
242818.479152
242893.668479
243302.950744
243094.757738
243179.221084
243345.280801
243723.616804
243810.769496
243883.323513
243983.401506
243792.052154
244222.393622
244017.849769
244434.315594
244474.980881
244326.796397
244420.342743
244768.910811
244868.81382
245012.720357
244788.552737
244906.868329
245013.725204
245116.568724
245487.841249
245304.118153
245701.077504
245499.287569
245920.085112
245696.672834
246109.892218
245895.010445
246331.479051
246097.241201
246210.152122
246269.316449
246712.969348
246510.088423
246910.015856
246994.487333
246781.326099
247178.392598
247006.377471
247095.066725
247494.459734
247581.819877
247379.734103
247815.893884
247595.910071
247690.897738
248077.768579
248205.769943
248036.520096
248434.146666
248507.640484
248596.907791
248410.006248
248794.080251
248595.436116
248700.032909
249109.924126
249200.524903
249339.511309
249075.099673
249200.358178
249261.470503
249655.163503
249474.096184
249583.239406
249680.127723
249804.272172
249893.039222
250005.367762
250410.702325
250199.843032
250322.043069
250398.598392
250487.225548
250604.456004
250986.240272
251085.058473
250877.892277
251319.750455
251421.571474
251220.814489
251283.477669
251383.603037
251498.547318
251616.092278
251709.444519
251824.697263
252176.77328
252008.56855
252138.248328
252208.743403
252294.010383
252412.9939
252508.567688
252882.063525
252708.322929
252777.166303
252911.86069
253013.079518
253101.523982
253213.1286
253582.4505
253420.365881
253792.219763
253873.022169
253707.988355
253818.736973
253891.421037
254334.458341
254133.785844
254171.905615
254303.579661
254394.501392
254796.477709
254619.394504
255013.693188
255094.265509
254913.534216
255273.263089
255378.02053
255197.57467
255306.111023
255399.949343
255495.465399
255602.350308
255998.435785
256125.371626
255895.650563
256295.229021
256110.614225
256212.701158
256585.463314
256667.416736
256487.104822
256924.645507
256672.954152
256808.10544
256886.662197
257001.773994
257088.265606
257475.121189
257306.081297
257441.24531
257507.143038
257592.810368
257682.178276
258095.152032
257898.039016
258286.737402
258123.147645
258191.587868
258644.998963
258433.342222
258787.852465
258587.250678
259019.208774
259111.117434
258882.814987
258995.084224
259090.612967
259483.38994
259590.439667
259706.465799
259810.09378
259615.796588
259995.722547
259779.381684
260166.08962
260294.413458
260099.716887
260199.398164
260558.370245
260390.36784
260507.158323
260858.77899
260696.93445
261111.486831
261200.767985
261293.486021
261086.643346
261502.821704
261327.489709
261408.316722
261746.840372
261601.051204
262002.504293
262116.818611
261921.116883
262269.845268
262102.336631
262489.560508
262617.586371
262393.550022
262526.001012
262590.490964
263011.975415
262808.903953
262887.44299
262977.700656
263390.946945
263194.231337
263562.199663
263396.154665
263491.471011
263929.170609
263712.227544
263817.175684
263907.249621
264030.288729
264394.73401
264491.862394
264280.837687
264712.46961
264774.960352
264591.794339
264682.393916
264839.100302
264876.909504
265262.295305
265372.229517
265472.444928
265331.975815
265405.288689
265814.038829
265922.946221
265971.430387
265770.4151
265922.960488
266308.121122
266110.23154
266217.53482
266327.347616
266696.929678
266817.630471
266593.033198
267036.536653
266802.541656
267235.68489
267024.084984
267410.981841
267214.835738
267276.080438
267708.201938
267806.639739
267920.355472
267715.585504
267807.582833
267909.134878
267994.895914
268124.475652
268209.174005
268303.858024
268391.24755
268519.538142
268611.908309
268937.292825
268812.777013
268892.878985
269303.130301
269098.996779
269187.687782
269292.171059
269691.31928
269814.141762
269603.526393
269988.873973
269800.242357
269906.605559
270302.801102
270084.33167
270193.38136
270286.049122
270762.801906
270506.553402
270919.363197
270694.034026
270795.236596
271179.494581
271309.187328
271130.070582
271206.317617
271568.379112
271442.117704
271487.964645
271574.737053
271702.904115
271815.089353
272237.866686
272332.885411
272406.664467
272490.937846
272607.946165
272663.324217
272523.720092
272613.167309
272703.683454
273102.041737
273232.060468
272970.554209
273110.285348
273541.209833
273312.281678
273437.329542
273789.998359
273886.834469
274027.567793
273790.435293
274175.864343
274272.731446
274071.001439
274210.142657
274280.692699
274712.065767
274505.841881
274916.672199
275015.960948
275124.578708
275199.122066
275003.735306
275109.378458
275194.525626
275593.099811
275412.361735
275485.487192
275883.254967
275672.155504
275806.415628
275898.264835
275993.757279
276117.489365
276509.813069
276303.404293
276399.534132
276512.65703
276590.13513
276686.011846
276818.669049
276868.280147
277295.5558
277100.394245
277197.198841
277302.123463
277379.475974
277530.901449
277570.929501
278016.505091
278152.199604
277898.891248
278319.475681
278117.186164
278501.006499
278591.171601
278412.837045
278774.365614
278593.989197
278984.99246
279150.093166
279162.55209
278975.507935
279113.397034
279219.460953
279579.685959
279392.029055
279487.771917
279903.233652
279668.077287
279814.049561
280185.359291
280282.265585
280103.387528
280475.59929
280602.310175
280405.698248
280528.34124
280616.220248
280716.715339
280790.698395
280875.089201
281284.961039
281098.745354
281452.5563
281627.517171
281385.990323
281470.385856
281605.93165
281999.823644
281784.969994
282219.481171
281999.924455
282106.73193
282204.181966
282286.171001
282712.718545
282469.833403
282915.26721
282971.247468
283106.429644
282889.222227
283012.965329
283071.82922
283211.4851
283294.328801
283387.910006
283505.394387
283625.668649
283712.361234
283817.910688
283924.958243
284341.035876
284092.900574
284166.49679
284297.208798
284721.301184
284829.753275
284887.274968
284681.133929
284797.583736
284910.539651
285309.200266
285067.639673
285473.224099
285604.611364
285706.81804
285803.443303
285617.689473
286012.86737
285784.221492
286208.041054
286307.628049
286407.454406
286547.935747
286300.899867
286413.605694
286456.891849
286613.334322
286697.225717
287099.009898
286887.745364
287323.968876
287089.026186
287210.538565
287299.530325
287712.126851
287802.675323
287897.547609
287724.762033
287814.67693
287928.216353
288297.817418
288093.138358
288231.239131
288281.745092
288404.155041
288474.639815
288643.865367
288972.660968
288818.326099
288904.702838
289017.749009
289113.280042
289210.272289
289316.125911
289715.44927
289487.585885
289584.974592
290014.429964
289798.494509
290197.154444
290002.524844
290100.835125
290204.752706
290317.979581
290714.83762
290503.013601
290607.364652
290681.931116
291112.747568
290946.603368
291310.991398
291098.666693
291499.180866
291292.885515
291416.28909
291792.00513
291882.851656
291704.164005
292142.994996
291909.460847
292035.01963
292136.475618
292200.291469
292302.257054
292711.20244
292491.628915
292875.095567
293013.676235
292811.219536
292930.807607
293057.554808
293440.524935
293185.238587
293306.026323
293698.297541
293479.549579
293897.32648
293982.241627
293792.594343
293929.931271
294037.672539
294397.213348
294217.02748
294611.475434
294701.321802
294502.893206
294589.746766
295018.277957
295099.986145
295173.019997
295053.806238
295105.714849
295511.912789
295589.744332
295427.322647
295501.619851
295611.204384
295711.765243
295777.538771
296184.408954
295978.66529
296080.457955
296186.75853
296303.9385
296690.036464
296810.233939
296584.936359
296702.595535
297078.276066
297189.855494
296996.766961
297400.521262
297231.174493
297599.246841
297373.326608
297520.502269
297629.399014
298008.654103
298051.059937
298171.213703
298028.413672
298054.571216
298195.521336
298575.157599
298406.384462
298538.331014
298880.620737
298701.02687
298781.53976
298872.338302
299336.717919
299088.464018
299180.636943
299313.133099
299685.283335
299779.445925
299912.395321
299669.324669
300089.778544
299891.154286
300005.54551
300106.191289
300492.244383
300553.882801
300711.671935
300511.784485
300613.064431
301013.686353
301103.022057
300943.206575
300970.60767
301111.662153
301475.775859
301623.465385
301406.741054
301513.643656
301607.209825
301980.077532
302095.88592
302194.585914
301983.696647
302067.346094
302198.780006
302607.45491
302372.580198
302802.24784
302895.775248
302677.771137
303100.153063
302898.398123
303292.06344
303416.556941
303234.902345
303596.116279
303433.831539
303475.159968
303615.118371
304043.673234
303762.287321
303898.443506
303993.02404
304386.326337
304204.440703
304286.019527
304710.288204
304483.965017
304593.823712
304716.757972
305098.31635
305197.534537
305287.096773
305109.926249
305218.638398
305607.25684
305396.477831
305489.510282
305576.512031
305668.61443
306081.103113
306160.372852
306315.645085
306381.9504
306496.274251
306282.334628
306362.893055
306496.588914
306886.574752
306719.971482
307072.165745
306898.049446
306996.745941
307098.392801
307208.603411
307274.128647
307389.372427
307492.301027
307601.196359
307699.967558
307784.683213
307882.760743
307986.538192
308390.757907
308201.024876
308649.97954
308355.356505
308501.905969
308885.323683
308715.523639
308811.71814
309191.076524
309309.690484
309434.921574
309215.740457
309573.235958
309419.529823
309487.082999
309630.459833
309980.903548
310150.765925
310245.624986
309983.972143
310072.061399
310181.873872
310298.158131
310693.042032
310797.229586
310596.816959
311009.29195
310803.832743
311236.496219
311033.566493
311113.736949
311209.469
311278.914716
311412.555571
311514.337722
311857.188355
311721.153284
311765.443813
311864.466938
312011.993193
312376.597079
312216.214099
312581.957145
312393.230356
312820.14743
312598.162815
312700.499068
312759.2022
313210.896886
312998.89874
313399.307237
313507.208522
313304.477796
313653.595357
313528.223841
313596.987391
314005.175602
313814.025546
314210.177926
314311.153054
314111.564781
314189.824639
314312.833744
314675.511982
314505.685654
314637.687124
315031.184702
314818.962253
314926.213408
314997.587492
315379.006179
315209.699437
315581.190144
315678.534813
315821.095838
315586.828397
316013.089912
315789.727476
315927.174483
316266.145576
316110.135008
316189.186196
316605.637227
316735.986787
316521.90771
316868.320621
317006.920458
317118.702826
317190.390422
316983.799051
317121.693213
317224.477391
317317.834155
317403.798878
317792.889337
317901.113546
318010.942139
317840.561362
318165.092102
317996.346242
318112.879192
318562.247408
318593.12424
318406.310498
318836.564383
318593.186405
319019.702756
318791.583407
318897.935625
319275.737165
319408.014836
319206.225121
319300.434314
319409.763659
319527.324651
319603.30876
319998.335247
319819.676323
319892.492691
320296.784906
320113.993248
320222.030803
320641.105497
320738.162571
320830.354623
320890.260599
320715.208232
320803.35014
320906.346321
321029.602287
321426.646662
321507.55358
321272.209973
321415.814808
321788.845057
321581.108831
321701.970739
322089.670407
321952.498665
322295.412634
322136.013086
322215.06303
322593.718038
322368.326979
322495.419561
322584.593178
322985.857276
322805.994285
322872.594599
322987.042746
323104.266562
323210.713054
323590.510718
323678.963528
323816.387545
323893.818732
324006.046549
323808.621347
324215.837865
324342.949369
324078.643126
324216.654147
324602.844438
324370.096289
324485.218887
324607.638735
325005.340711
324789.915837
324886.473454
325305.055924
325102.237132
325196.75178
325301.812206
325408.310914
325498.822735
325867.366185
325691.065961
326124.252879
326195.679595
326286.428642
326092.912308
326201.403929
326587.29928
326390.729324
326499.547751
326596.400997
326714.315964
326797.359645
326856.910945
327013.907744
327087.393456
327203.8684
327312.312308
327711.466909
327778.790894
327889.135065
327924.626672
328077.1601
327884.856518
328000.852626
328410.023612
328220.535509
328622.598647
328707.800536
328526.292101
328911.491226
328686.381525
328827.778407
328903.339487
328982.668841
329434.011606
329166.844855
329651.627764
329395.953389
329821.132395
329604.21747
329698.667685
330047.697939
329900.259019
330032.637424
330110.961702
330227.14279
330307.05702
330649.045627
330501.812661
330586.17782
330692.382408
330800.966093
330901.123104
331000.275685
331427.04227
331217.319594
331312.571739
331404.940672
331817.357049
331588.894743
331650.047386
331800.924002
331918.982941
332029.602881
332093.000441
332201.164163
332320.458887
332713.835101
332499.58016
332905.96937
332698.588116
332812.054097
333189.130637
333002.047517
333404.018434
333186.66724
333579.642547
333687.687024
333798.58287
333579.80284
333986.783658
333789.413287
333905.043449
334017.258474
334099.079526
334182.536661
334284.223966
334697.352955
334529.831667
334633.270774
334725.964999
334760.599591
335206.603794
335291.416365
335106.88521
335515.468342
335277.962953
335686.465183
335816.402965
335598.627222
335693.81257
335806.055685
336188.45288
336324.988616
336389.336387
336497.114277
336312.121998
336726.138243
336526.752551
336904.126606
336727.459457
337097.738906
336899.160816
336975.966738
337380.641617
337194.774489
337338.985915
337381.06697
337519.767002
337589.520424
337714.278954
337803.190284
338212.784889
338277.416387
338090.03816
338214.442263
338603.981831
338636.301018
338807.8751
338598.661534
338703.485598
339103.506283
338887.332251
339278.615928
339077.701558
339236.394551
339599.6822
339372.855985
339528.417117
339608.661444
339741.002158
339796.921401
339903.371987
339970.281273
340412.464433
340504.46298
340597.71953
340403.37265
340489.224982
340601.320515
340961.400447
340820.537021
341203.867024
340995.156964
341432.726037
341503.082282
341283.824237
341427.104634
341804.33152
341913.463466
341654.988531
342126.936875
342189.437114
342005.174624
342111.033465
342506.550694
342307.957031
342700.022566
342514.905185
342919.533992
342749.559597
343103.725955
342922.358922
342995.503696
343052.516563
343500.071369
343611.486597
343732.680332
343470.874482
343582.387507
344050.704714
344120.804263
343926.060761
343970.090689
344081.638064
344179.645362
344586.769526
344389.444818
344479.956662
344601.457656
344674.036576
344802.790386
344903.658196
345019.97157
345101.884357
345205.89125
345603.947161
345728.595285
345814.872636
345594.265248
345695.241684
346091.149575
345903.101386
346022.569808
346112.584893
346503.140023
346625.284624
346410.430001
346769.780199
346584.766274
347030.856099
346803.681503
346923.943803
347305.584809
347378.075384
347521.407755
347312.002328
347422.40447
347502.392815
347567.189707
347696.443971
347799.651535
347915.748504
348018.889207
348102.861161
348201.878387
348599.820242
348402.100832
348492.847538
348932.367944
348730.529371
349079.64386
348909.161119
349287.963628
349130.656542
349186.04223
349329.86438
349686.53204
349793.584391
349604.001965
349709.600833
349795.579828
349873.671215
350002.591425
350082.022437
350528.64478
350291.285449
350406.677294
350487.905001
350927.2813
350717.155571
350797.020604
351183.047809
351004.453712
351104.133439
351507.495701
351285.937778
351715.603628
351490.616767
351592.554895
351980.040906
351812.559207
352215.385611
351993.081875
352090.028876
352478.204374
352298.08579
352415.079657
352818.501759
352926.973094
352998.218209
352785.696211
352905.160549
353316.510411
353093.3279
353190.861318
353275.841479
353684.874683
353775.124127
353605.848404
354019.044017
353803.963616
354236.078875
354005.045547
354085.430538
354198.188883
354609.098957
354405.795431
354495.353981
354923.14708
355000.044256
354816.146704
355195.371869
355282.466278
355127.540911
355508.856378
355280.372386
355427.599059
355495.883568
355605.344885
355972.122762
356099.397269
356200.092888
356027.169646
356363.430882
356193.973772
356624.753161
356401.455881
356488.471917
356868.936958
356689.265898
357072.132923
356908.830961
357284.692911
357414.155239
357193.11369
357599.488779
357386.773535
357805.436029
357595.097434
357999.532646
358069.849941
357900.388986
358018.241399
358390.693562
358213.554211
358270.013638
358694.992031
358496.95633
358885.761944
358705.5676
359096.102729
358923.196028
359291.34519
359092.181696
359472.882248
359292.560068
359681.855352
359803.781761
359606.515115
359714.541465
359811.534817
360214.175512
360283.611002
360098.980213
360490.1242
360628.220884
360422.472711
360818.183986
360565.923609
360714.710574
361147.984113
361208.105521
361321.618597
361096.707421
361509.91393
361325.616032
361709.702195
361803.701826
361630.813812
361693.130119
361788.654656
361917.205204
362305.593452
362086.911932
362468.544882
362297.398954
362679.899096
362473.853826
362904.470862
362685.897188
363060.516809
362921.875852
362991.605186
363433.32993
363155.040551
363299.156326
363387.054945
363507.076017
363896.644416
364018.06584
363813.447718
363906.671077
364296.653738
364105.843895
364202.459381
364316.904989
364660.857958
364491.111791
364869.909171
364713.524277
365066.917473
365221.007193
365272.246101
365126.101882
365191.288542
365325.41413
365677.019471
365806.705302
365591.061522
365739.214016
365798.365117
365894.797563
366002.560245
366117.237237
366182.923177
366293.524612
366724.007825
366803.549793
366911.687098
366707.125716
366783.268362
366884.521731
367284.798605
367404.816136
367203.82966
367605.625436
367396.404401
367524.929444
367896.957299
367686.484969
367832.742444
367898.800841
368261.325178
368102.02767
368226.758088
368290.695418
368396.08698
368504.681511
368603.392565
368714.024692
368799.028334
368897.18668
369281.789764
369412.939007
369186.145957
369281.672594
369687.077738
369504.136068
369621.286221
370030.403749
369791.718095
369912.393516
370024.042103
370074.861457
370219.419454
370311.933909
370716.536384
370493.582696
370906.183004
370996.741785
370797.512378
371183.691506
371310.879636
371364.947526
371531.231601
371599.181617
371401.24467
371787.199854
371631.50946
371686.790937
371766.776618
371902.511766
372294.852022
372111.963942
372505.135
372588.343119
372398.775039
372521.377576
372905.530792
372691.933944
373085.305504
373232.083491
373316.467049
373099.586687
373484.363955
373602.258423
373713.611727
373785.596091
373605.837685
373664.034643
374116.676821
374219.035841
374321.400093
374070.947002
374204.962407
374317.907159
374707.143197
374488.70143
374889.916953
374713.972637
374808.220214
375215.639605
375015.373149
375423.36562
375487.90523
375282.603101
375702.669361
375511.216164
375594.718279
375982.838361
375797.318362
375873.675333
376284.849787
376425.535792
376210.683853
376258.534415
376700.56922
376477.081916
376595.915776
376730.242216
376811.736581
376924.649195
376978.528902
377119.919579
377489.624625
377291.81719
377431.126918
377786.660718
377874.859678
378016.344946
378092.341663
377905.610917
377996.507474
378069.152854
378204.278341
378306.36417
378411.798791
378483.825272
378895.261434
378710.392218
378808.522594
378895.075663
379355.894543
379416.421708
379208.273212
379326.391608
379383.996971
379760.530443
379917.054778
379678.728823
379811.435472
379938.307466
379989.13666
380415.041485
380521.181404
380603.802991
380393.293168
380492.487198
380884.759502
380682.695111
380810.914271
380903.5993
381334.64861
381114.929606
381511.180869
381280.430224
381733.409034
381800.979282
381597.561078
381689.246375
381790.444313
382238.555967
382273.291509
382124.322138
382204.491838
382275.878183
382715.007841
382799.686847
382579.767955
382989.350592
382805.992452
383218.504498
383289.320353
383399.591217
383185.173696
383341.983512
383398.642248
383823.596872
383592.446789
383716.372988
384132.075312
383907.263898
384001.985664
384410.427048
384228.602579
384579.388294
384422.68153
384798.171755
384887.665444
384685.319552
385082.675742
384897.843099
384998.020613
385091.7414
385229.419775
385338.084879
385409.825182
385794.472775
385891.673522
385988.953963
385758.408843
385880.951719
385965.836261
386094.82883
386516.981306
386290.812937
386394.130636
386501.893435
386885.771105
386947.581921
387125.269931
386866.123756
387325.427436
387383.530579
387171.463723
387612.576766
387399.394473
387508.110662
387904.609406
387701.122361
387794.909033
388230.471645
388281.463031
388087.661996
388170.88974
388604.543425
388671.219399
388831.346601
388921.022187
388688.992324
388818.125886
389199.621624
388978.08377
389374.564551
389510.003247
389634.209511
389683.25599
389492.702875
389581.710405
389714.775727
390111.516487
390212.647169
390027.484056
390099.409502
390217.278801
390298.575652
390720.700899
390814.760963
390618.634169
390680.766404
391097.876265
390883.369159
391340.23315
391126.107012
391528.907934
391311.398265
391386.778992
391527.537181
391629.515837
392005.88679
391761.501739
391913.809751
392018.781523
392077.032085
392493.755849
392643.068823
392711.139291
392533.688841
392626.254445
393009.853482
393097.932308
392908.80703
393294.68781
393105.956584
393193.884813
393624.890492
393381.622529
393799.392732
393623.902937
393974.217444
393809.397011
393899.439183
394019.905563
394110.985162
394194.950087
394276.762543
394721.695421
394527.405897
394621.855021
394974.269559
394801.589765
394911.199382
395308.030667
395121.161654
395207.794103
395591.268335
395434.040821
395816.295542
395912.285811
396003.395679
395794.690487
395911.189042
396051.844293
396136.383188
396195.841045
396609.077202
396395.637021
396497.74809
396898.53557
396702.734428
397079.220758
396904.92199
396996.640539
397414.533283
397486.306544
397612.678235
397687.746264
397507.670529
397589.9054
397989.028672
397801.004806
397888.942129
398003.757627
398098.057666
398232.984795
398316.563824
398416.230629
398525.342403
398588.334505
398691.250001
398812.301211
399197.818814
399014.563653
399087.613967
399493.905128
399284.972273
399412.893396
399785.790156
399895.051852
399648.377471
399796.871245
400221.02477
400020.341848
400100.635933
400507.459416
400305.200028
400409.232898
400524.499464
400587.161765
