982.602569867
778.294828444
1208.76868533
988.551675708
1103.53403881
1186.21489834
1603.22938593
1714.28415209
1505.90113524
1883.85890982
2016.61817161
1781.94582373
1904.47643886
2296.78006749
2109.97984041
2188.43767331
2602.32715191
2382.31695576
2462.81726357
2590.93368636
2717.85405733
2795.54758749
3207.85705516
3334.59383824
3409.78591193
3501.33280159
3602.84285219
3421.19885636
3516.36119842
3596.26206873
3710.08244501
4116.35729493
4212.14932334
4021.57445493
4397.63778185
4210.67200402
4621.74180027
4717.54789543
4789.42728524
4585.79398869
4996.13957538
5091.48647669
4894.77624474
5316.62188672
5411.19392655
5511.89062218
5571.4931466
5704.86559334
5785.1020317
5932.65355972
5681.77221952
5799.62920303
5902.92723148
5994.32400388
6096.52552421
6524.84940901
6290.38970534
6400.25935127
6516.0502905
6592.49204188
6712.34703857
7098.29900581
7138.40899922
7291.643831
7104.15656484
7483.5775923
7332.96251353
7396.25254727
7528.543028
7892.91693393
7696.01392265
8095.7875801
8223.95065565
8006.91744712
8110.11944411
8492.22328571
8579.88135693
8400.13140923
8514.68306958
8880.79308928
8712.8946613
8795.89933488
8924.87327455
9024.49731479
9102.46323886
9497.60036557
9344.35850004
9709.4141473
9810.38615535
9631.658049
9952.40483221
9803.87418159
9903.1928951
10300.6361207
10128.4904454
10208.9820695
10328.8361295
10718.9807905
10809.3992433
10912.7640442
10704.3817314
10783.2044899
10909.0655261
10996.4801646
11403.9365442
11214.8923242
11628.7704812
11412.5180707
11513.6315022
11587.9518238
11687.8945783
11810.7583436
11915.7011584
12315.1483987
12364.1729637
12236.2420887
12590.3765131
12672.4914794
12792.7239844
12593.9295953
12716.7886825
12792.6957128
12913.9264656
13011.0085676
13069.1852795
13505.6817508
13294.6610312
13367.523778
13535.3985964
13579.8667194
13695.9058827
14084.7108316
14213.6114263
14296.9785924
14404.3218189
14220.6595
14324.6835521
14444.6933137
14486.2176412
14893.0360257
15033.6698681
15116.8207706
14931.3616848
15294.8902392
15094.6223445
15531.12701
15299.9948721
15372.8214037
15808.97436
15884.0792877
15970.2523206
15817.5002212
16223.4450723
16014.0997721
16108.2916751
16524.9282892
16597.0435385
16434.374849
16782.9565664
16587.2075491
16999.0405435
17094.1545555
16925.6614932
16994.5336623
17386.1734848
17229.1497571
17307.8653496
17419.645435
17789.7700977
17611.6218414
17707.7472424
17772.0341565
17891.0986015
18018.8683477
18423.6022225
18488.9015122
18605.7783258
18404.9534326
18481.3579222
18604.6062735
18677.1172195
19100.0085439
18903.9013982
19005.1729973
19414.0924411
19210.0746077
19597.6482576
19422.8525951
19522.5834012
19636.5573523
19708.3867852
19801.1038768
19874.7083907
19999.3265429
20408.4234521
20522.0874068
20297.734887
20381.8525747
20779.7931125
20623.3017309
20698.6870338
20817.7957053
20927.6125979
20993.5507041
21394.5787259
21209.2874812
21283.6412082
21393.4015071
21811.1599236
21594.9267891
21697.2208751
22084.3307307
21932.7883491
22289.7676807
22117.4359465
22197.4477201
22588.1722592
22676.2226682
22513.3223565
22599.9907624
22994.1703664
22843.6773278
23195.5901865
23009.2971858
23082.5406068
23224.9195349
23278.0639155
23369.473045
23798.7867795
23580.2048486
23676.9530725
23807.7374123
23942.3991908
24016.647879
24093.9045768
24215.665407
24613.5767008
24381.0715847
24771.1347246
24584.0045694
24977.2717706
24793.8933633
25161.7156878
25025.5865579
25366.2468057
25459.6863983
25614.357845
25405.3113056
25534.0007558
25932.5786804
25690.1137884
25823.2271672
26173.4875075
25987.2400353
26112.7094089
26217.9027739
26598.6521064
26706.6225144
26523.075896
26601.3554307
26697.3465083
27109.1291157
26865.9174941
27003.575564
27064.5650743
27518.5003709
27303.791181
27392.9052143
27527.7204546
27907.8295985
27741.5636393
28119.683409
27891.9800586
28022.8997322
28102.6482164
28491.3636281
28299.8918788
28701.6070435
28799.7291366
28891.0724297
28692.1029527
29079.784281
28888.9290554
29277.8242995
29397.0899247
29490.7086679
29310.6637098
29391.099199
29508.9298002
29920.8929315
29697.2703349
29788.3651192
29876.0425463
30017.7972044
30098.080633
30480.8290315
30604.4274273
30394.2722166
30507.8169409
30870.5393141
30688.3603209
30769.9337765
31186.6321489
31296.3003935
31432.6989993
31191.8318267
31313.2631446
31426.2521444
31487.8398269
31932.3732232
31707.6788503
31822.0683782
31897.0719581
32008.5547186
32432.1557068
32206.7839349
32319.9040016
32404.026331
32850.3179132
32902.0499721
32995.7378127
32814.2822104
32922.0166003
33311.0980283
33407.2823095
33490.3742094
33301.8948228
33428.2428515
33509.3987838
33611.6576431
33683.6119637
33792.8030146
33904.2530607
33960.7555986
34399.3372343
34188.2192298
34325.3095709
34695.1105476
34815.0090265
34884.1731029
34708.6498234
34822.442565
34885.4584218
35030.1228006
35378.1358412
35190.4388552
35573.8806853
35403.8225891
35500.7681189
35635.1427278
35708.2658424
35807.7490212
35891.4812609
36037.9119286
36097.6368724
36489.4856869
36309.128633
36359.4734843
36793.970224
36916.6187105
37028.3366236
36810.1544759
36873.9376192
36986.5362781
37078.9079996
37200.2797535
37261.8957878
37429.9063695
37799.0319912
37603.9350958
37996.4933335
37781.1658951
38170.8894233
38280.4558583
38081.7118925
38201.2438012
38622.3341715
38419.3554724
38478.9714608
38619.2314607
39025.7898087
38770.3596848
38924.5901638
39324.2534693
39086.7513141
39514.5517175
39626.2416055
39385.5835301
39840.5562954
39626.0143823
39704.1550953
39791.0793922
40186.1790292
40014.0427412
40104.5582746
40195.8551159
40631.2530212
40386.5705446
40486.8006037
40595.8281649
40701.2232682
40811.6689149
40926.1431999
41021.0208834
41088.2797468
41233.8883301
41610.2331818
41672.380041
41518.4154348
41624.7541957
41979.7948056
41809.2286116
41915.9434705
42018.6515605
42096.2667479
42193.3036632
42286.1544261
42682.2668084
42519.0094394
42620.9852736
42710.2726865
42784.7653123
43251.1730544
42986.6132562
43405.6883336
43562.3881451
43616.06176
43424.7793389
43512.977205
43884.9280355
44007.353493
43831.6996486
43937.041324
44336.5259346
44089.5742758
44187.4894211
44562.3209912
44725.4672907
44481.0216529
44644.1988194
45000.2349777
45088.2836488
45168.0394803
45309.954967
45094.6799229
45503.5096631
45592.6711514
45703.8124017
45811.0030335
45582.2465019
45703.3788875
46109.7444116
46215.2231392
46012.751475
46072.1455118
46220.4291175
46341.6961147
46700.4169108
46782.7459061
46591.7811954
47006.6847652
46812.0648498
47197.379949
46996.4812374
47363.4576009
47474.9506052
47571.5816792
47652.210846
47493.9515161
47890.1670709
47691.1052078
48105.4935456
47863.0888254
48024.6096425
48103.5340066
48495.461124
48309.3983147
48370.2366463
48472.840029
48602.3916116
48998.3677646
48818.8231563
48894.0769474
49283.6766241
49400.6589464
49184.867533
49592.8363515
49705.0456072
49835.885611
49889.0400571
50016.4810663
49780.3668861
50192.026695
50016.8887243
50109.1664186
50502.4347086
50313.5367883
50424.4210873
50806.983856
50898.4912929
50994.6532475
51077.8671894
50899.8912807
51282.0652591
51102.1944054
51172.3330121
51611.1611295
51732.8076345
51510.6015228
51593.8872363
51980.6440015
51802.0536535
52209.1951586
52324.3919093
52407.417077
52498.8616361
52624.768652
52396.6852729
52797.4832576
52843.6175015
52703.4378049
52818.7046397
53197.2533134
53021.3628534
53403.8543193
53538.8405111
53304.3458907
53416.3873941
53464.2630344
53613.2076737
53997.2315735
53805.8045105
53908.0692988
54310.6180955
54122.5150472
54199.228896
54274.8552819
54678.0180512
54497.9154644
54616.7626092
54706.8073687
55143.4382708
54917.2066812
55289.2510426
55117.3987672
55517.5606446
55590.7009685
55394.2550966
55778.7741046
55869.5381422
55999.711715
55820.8542015
55915.5991579
55990.1624855
56087.656617
56178.5482006
56294.3297311
56685.2639171
56510.9900983
56919.023165
57023.9313161
56797.1173474
56888.2459207
57011.4228829
57377.0278621
57209.3260788
57573.1955976
57403.9587881
57522.2052022
57929.8041016
57684.7201228
57790.1451228
58183.5133005
58291.5770239
58385.9086404
58507.6995863
58303.8057946
58679.2343209
58777.3543986
58596.3088976
59014.9262224
59062.2647699
59178.1449813
59297.2697062
59096.5943411
59510.4350769
59294.3863676
59743.5031896
59528.3597166
59883.9656368
60014.1398627
59816.0976045
59916.0376367
59978.8302121
60351.3605607
60542.4348604
60597.4134069
60394.8838139
60486.9677155
60621.6462097
60682.9633895
60799.1302983
60900.082863
61311.4358572
61414.9171235
61165.0596216
61303.1414579
61697.5545758
61503.8417824
61921.2452811
61738.5905695
61812.5994029
61874.4129751
61980.4015353
62409.5052028
62486.135701
62287.2800487
62407.2289126
62494.1145196
62580.7295295
62700.612235
62789.7918758
63208.1822262
63307.9545865
63412.0630532
63186.3017129
63591.6062665
63411.2095256
63512.6446127
63614.289708
63694.9704566
64143.3251927
63932.2933964
64335.6163492
64426.8138667
64479.4311186
64608.4541836
64406.422763
64501.1245587
64609.4213291
64701.8489668
65093.0590444
64908.8385133
65302.3778389
65073.210028
65207.5435182
65631.5449394
65420.1611163
65496.528773
65886.3121476
66010.1794499
66087.7646899
65911.7219043
66001.1234824
66120.850511
66524.5153141
66630.7768361
66722.6107976
66454.9250433
66928.2912858
66689.481772
66800.9705052
67208.0556981
66989.6504871
67111.7616913
67204.2461685
67601.121212
67398.5802511
67824.0318049
67904.7118876
67710.4993271
67803.0153907
67927.4843812
68000.8638883
68448.5850636
68215.7613372
68610.1967209
68430.586397
68487.2611681
68876.0132595
68706.8084009
69104.73703
69186.800232
69282.3492498
69445.1547512
69498.9551324
69306.0123354
69388.5527898
69792.4193662
69893.8064657
69658.8732823
69789.5679233
69927.6334833
70329.3516405
70374.901045
70508.9694382
70330.0029713
70681.6150345
70809.7526658
70594.7570191
71019.6894725
71092.5976871
70931.117368
70995.4761774
71441.8825795
71195.7933129
71308.2093003
71413.3505381
71500.4653891
71606.3958829
71693.8976164
71824.8474949
71908.4442995
72024.6594087
72396.2685204
72196.5278157
72314.1269051
72377.5174878
72810.5547303
72592.8407763
72732.5338689
72775.6393175
73156.8524582
73292.0876904
73395.7525386
73208.7639492
73602.0951081
73400.8904523
73512.132134
73932.353594
73694.8916613
73773.4298217
74197.7072746
74020.8576874
74379.4700562
74502.4541292
74295.3691073
74700.930689
74797.4130374
74585.7259784
75001.9317749
75125.6189015
75226.6746335
75266.5482696
75400.2122761
75193.0761197
75303.8334702
75392.7679405
75481.0987223
75902.4287582
76026.3393899
75843.4596995
75908.5347873
75985.4514644
76109.0615386
76536.7197881
76617.3065493
76694.5934341
76816.8614211
76578.7688652
76977.9676158
77093.7119118
76869.2213196
77018.347708
77125.2645119
77197.9664657
77598.3036717
77398.0972215
77505.7501546
77903.0080768
77681.3776445
78110.9751582
77918.4053802
78313.7774478
78073.5238127
78499.9945036
78318.8969359
78387.8072652
78805.0758638
78606.9470362
78737.7995487
79073.0404695
79233.9202993
78969.276371
79108.8834088
79232.3336824
79591.4621261
79429.1156868
79772.0603512
79937.2964296
79683.3993457
79793.7392686
80204.5621202
80296.455618
80099.3504837
80196.1081711
80609.5902417
80378.1941661
80508.4874425
80623.5150017
80709.5654791
80803.0234153
80933.1184164
80996.8884286
81417.2909737
81212.4359197
81617.6868516
81661.3829696
81775.5923661
81884.0071611
81703.4429539
81830.5066915
82214.7136005
82027.7293157
82143.0638591
82213.6649898
82306.9535331
82396.3956668
82521.6571369
82941.7072005
82994.260365
83090.2977349
82918.8540734
83002.0206466
83113.3579054
83521.7497892
83295.3172889
83732.2445269
83496.1432676
83888.8879319
83738.1304417
83805.7497799
84199.3726513
83969.3774111
84403.9948152
84466.0534275
84289.0112321
84406.489673
84492.6320544
84602.7505813
84989.9657261
85094.6186184
84907.7648411
85285.7451833
85399.4570583
85175.1131627
85580.100715
85413.0260785
85492.8810221
85604.0172263
85706.5271046
85818.4892966
85905.608449
85994.4446809
86111.3600633
86515.181178
86604.502204
86388.5271395
86814.6009007
86601.8082462
86988.3542582
86785.9658628
87220.1979504
86950.4448723
87088.9659608
87511.3071839
87323.1582182
87685.5611216
87504.4046733
87605.256359
87982.065431
87793.5375212
87894.896107
87966.4979151
88121.3296666
88194.5006199
88584.9760229
88701.5299665
88774.7143478
88901.2160772
88670.9847919
89063.4088867
88867.8031076
89258.7059449
89100.5659345
89504.9783749
89628.6658771
89399.1816557
89494.2857556
89603.5218893
89705.1450318
90078.3286609
90182.4883912
90247.7173174
90124.7578527
90211.9295833
90573.333393
90705.5193279
90785.5311546
90583.1755725
91024.0766989
90802.6020519
90906.4404049
91002.1641677
91078.6063281
91517.8845047
91311.4190181
91420.6312779
91806.5010257
91593.6717435
91986.5353625
91801.3205613
92181.9079542
91979.0988666
92110.583021
92217.4660518
92615.9504507
92719.8300612
92488.7871256
92887.7317287
92689.2137248
93069.5509156
92920.3792126
92995.8942979
93369.206003
93517.2191882
93587.5082523
93685.2459042
93810.1225858
93621.4572675
93977.9587829
94094.8828923
93916.9640692
94305.7636261
94387.2692308
94237.5898919
94618.4768935
94412.5042581
94737.7489416
94898.5281702
94701.1221666
95114.9496807
94920.3956052
95008.0167061
95372.3837297
95193.3787877
95311.8053582
95738.2126465
95524.6899902
95611.9395035
95719.334017
95788.3635654
96201.7297317
95982.9654093
96113.5670885
96215.1336285
96598.1064495
96678.0226717
96500.2664346
96605.0729004
96980.2202138
97104.9780678
96898.0982729
96963.1912773
97373.6143492
97230.1231874
97601.0080124
97403.4361485
97532.6927991
97558.5865113
97716.0879796
98070.2967378
97895.9950584
98008.4060664
98362.812472
98191.1186654
98268.706733
98674.359067
98509.9692369
98591.9286159
98707.274221
99093.6906981
98888.969693
99313.0310854
99093.6138226
99149.546735
99317.9759646
99707.1837561
99803.1548377
99589.6471337
99674.401236
100101.127191
99894.8293861
100008.155534
100112.352535
100461.863161
100310.715872
100721.253826
100476.540255
100890.637011
100989.866838
101109.711493
100920.068226
101278.621234
101149.369781
101497.859005
101630.610809
101714.443968
101806.687804
101578.976976
102012.757381
101788.336694
102181.35956
102020.198971
102430.186714
102179.642095
102263.039923
102401.663794
102533.219435
102877.259094
102680.230343
103123.276884
102880.777362
103274.415305
103117.656835
103194.017308
103317.416623
103395.425393
103804.108146
103885.837652
103694.807871
103790.96967
103908.818296
104021.223477
104095.471855
104195.206555
104291.979019
104370.466895
104497.474235
104899.609534
105005.798482
105081.168857
104926.515034
105274.607647
105095.71627
105480.90111
105294.718759
105712.798446
105766.304393
105613.18548
105964.418713
106105.70816
105887.078314
106008.388512
106104.24178
106193.284577
106576.31076
106440.46884
106775.181856
106902.767345
106982.615674
107111.606335
106908.251065
107272.926716
107103.704299
107512.653059
107585.963298
107381.558414
107475.954972
107603.077915
107711.499707
107794.017348
107917.106104
108007.992465
108388.601025
108505.404632
108332.141717
108387.588315
108514.531248
108609.041963
108709.294881
108814.567003
108897.300866
109274.065595
109097.483551
109210.560262
109285.732246
109409.212357
109511.980848
109903.093214
110008.80759
109796.13536
109935.663518
110326.865852
110368.660156
110511.638803
110652.192349
110389.94872
110780.561602
110924.311368
111006.86173
110813.549385
110924.074368
111320.630558
111099.456408
111507.681874
111309.094079
111401.18105
111502.688014
111911.089904
111712.807152
112140.856249
111887.434568
111996.315273
112133.395589
112198.554247
112295.126311
112403.581815
112808.550596
112879.309636
112698.041383
112801.946392
112881.454838
113309.446863
113406.70241
113222.270248
113280.373493
113711.504446
113780.292109
113941.69169
113718.926578
114096.463437
113904.853577
114299.403713
114405.992634
114203.38127
114582.390855
114699.612907
114782.151367
114566.64352
115031.418918
114784.88304
115202.66177
114998.354184
115405.039246
115210.199351
115603.705755
115433.307269
115802.513336
115877.597272
115990.926119
115804.025517
115902.232281
116004.948975
116102.78752
116500.112991
116304.587442
116382.330964
116516.404604
116593.050325
117011.499444
117049.919403
117211.693096
117039.117796
117128.848724
117204.326822
117646.700774
117700.20202
117502.887372
117588.66559
117692.235057
117807.484055
117885.742028
118260.714322
118074.458079
118180.83248
118297.567986
118386.692779
118513.583261
118902.347294
118703.537788
119072.716492
119183.942403
118969.148544
119119.324857
119209.248773
119303.353038
119719.652813
119512.005476
119955.615848
119690.052282
120100.558514
119904.559695
119996.338663
120086.536411
120207.740738
120308.530503
120441.953628
120481.182591
120602.956646
120709.939666
120804.406102
121234.75002
121034.987726
121089.9856
121226.002127
121605.822597
121416.672748
121464.983688
121595.854698
121990.323794
121779.873815
121894.971011
121976.746727
122109.608905
122216.784862
122584.984109
122384.32867
122518.372859
122899.927947
122698.502614
122765.52616
123201.576196
122988.300984
123409.472122
123203.102949
123294.212465
123750.522122
123494.647223
123606.844452
123717.183006
124103.74007
124207.895894
124005.471604
124099.32278
124471.134926
124593.740517
124711.834602
124484.929204
124603.033132
125011.482459
125096.369672
124867.609107
125000.492393
125407.287526
125203.029136
125284.669257
125414.555672
125789.342464
125634.827989
125717.948958
125813.053478
125883.104112
126312.875193
126093.021131
126491.65778
126317.14465
126371.357995
126512.961738
126611.137178
127023.515183
126784.119713
126886.432588
127002.555028
127416.552122
127166.206649
127304.772086
127433.872091
127517.679469
127912.622786
127719.671357
127777.110677
128206.291471
127998.26387
128103.932531
128180.158071
128283.641789
128693.98561
128502.206433
128904.316861
128729.674722
129115.265255
128911.031981
129020.212008
129115.150545
129533.473946
129275.691776
129411.351192
129806.9183
129613.867191
129999.444402
130120.341721
129922.326411
129999.998584
130113.20464
130186.970004
130338.363753
130663.955206
130504.588361
130575.004513
131022.130892
130781.524601
130882.386096
131338.76847
131112.623674
131493.552185
131299.877412
131409.942534
131490.165213
131569.483138
132013.291665
132099.239281
131890.708021
132000.943182
132094.742181
132171.788267
132269.4149
132412.039318
132833.790247
132909.031493
132946.620372
132788.268394
132894.249076
133007.807175
133121.074441
133183.71541
133629.180134
133672.727373
133492.576363
133870.918683
133702.298771
133797.398749
134202.718165
133983.907636
134104.56985
134201.227024
134282.445758
134401.406266
134495.4427
134877.20456
134701.424405
135101.139988
134892.373586
135289.18103
135120.977175
135197.981234
135596.022961
135715.967397
135506.985913
135915.869962
135691.202394
136081.69399
135914.063058
136007.010864
136098.245438
136516.815996
136295.008213
136387.260728
136495.46537
136609.673946
136678.119281
137070.614359
136859.029075
137032.872374
137393.245624
137228.631958
137290.204272
137717.932522
137512.581557
137563.033328
137723.212242
137852.305506
137883.643727
138269.05078
138109.777532
138515.402581
138306.392454
138659.662838
138495.756424
138578.823121
139005.426105
139070.670091
138886.277073
138995.937944
139393.201858
139205.173905
139291.437981
139691.350474
139482.712318
139592.179873
139692.268456
140128.092984
139899.006665
139991.912984
140088.909047
140193.131318
140274.514291
140394.630071
140752.462336
140589.86263
140997.914121
141084.173852
140905.918842
141286.737129
141382.859012
141172.853061
141323.51967
141397.271778
141509.319385
141568.404811
141726.195993
141816.783912
142204.062876
141971.593266
142397.921101
142188.849067
142284.126114
142397.001296
142474.954597
142895.082151
142733.127502
142800.66668
143237.568379
143322.165866
143390.539387
143187.097241
143594.892665
143662.237253
143537.815498
143886.911804
143679.788969
144075.584359
144182.686264
144002.768027
144083.90114
144476.160469
144627.308317
144374.390289
144826.201373
144607.604943
144700.537815
145136.909742
144890.905026
145292.612653
145424.502709
145189.785538
145312.038713
145699.922197
145521.068933
145889.335866
145986.534885
146060.740408
145901.672332
146009.22273
146073.215301
146230.437956
146581.53712
146684.864672
146494.054235
146591.800385
146657.735188
147107.48535
146899.516264
147019.936751
147065.69747
147217.121114
147624.116279
147417.725385
147505.623069
147604.178146
147969.71325
148080.701993
147909.373513
148311.618897
148108.659778
148210.086637
148333.236957
148397.197159
148821.446198
148900.163831
148961.137637
149097.136644
148915.392787
149271.332549
149109.612279
149230.492997
149334.468011
149387.137345
149523.47936
149899.597479
149715.064092
150100.411657
150204.389056
150024.76617
150097.233534
150526.266861
150316.514794
150396.704046
150832.02837
150651.095444
150696.694583
150796.131057
150917.417013
151300.84386
151115.350173
151187.664585
151588.679788
151402.340091
151800.218811
151624.546154
151711.531578
151799.193646
152191.900363
152284.483474
152128.541086
152180.959849
152311.978323
152415.309936
152527.476149
152578.709174
152680.515634
153118.35344
153214.521675
153002.067888
153109.309628
153159.03081
153298.84456
153373.830892
153506.208425
153616.879204
153713.92408
154103.072039
154192.266009
154306.15502
154089.475296
154200.701014
154320.553242
154703.331345
154830.331353
154583.742695
154712.48493
154798.974402
154883.014758
155305.233499
155123.318411
155187.850911
155631.676101
155688.565188
155510.726263
155953.678739
155700.46183
155782.87418
155887.156399
156312.737626
156407.116614
156501.308933
156307.289636
156388.04951
156783.756833
156594.525532
156995.015784
156825.663199
156896.085619
157003.741047
157414.892655
157197.924618
157618.763113
157694.363249
157503.982981
157894.938753
157712.88082
157822.095788
157921.802358
158317.69719
158075.429964
158521.77277
158325.082243
158423.834205
158514.696026
158592.128542
158730.254041
158810.696268
158904.428286
158983.599394
159086.825688
159537.675694
159578.024224
159678.994131
159788.711294
159576.914157
160024.061051
160076.836977
159905.016013
160022.377861
160100.198224
160469.791584
160590.143812
160397.371827
160774.295087
160603.579913
160990.897918
160802.232799
161226.851829
161012.756836
161431.379363
161208.882132
161571.321281
161692.040838
161797.87873
161608.760052
162013.605249
162117.844074
161887.515754
162010.672674
162383.342122
162223.237186
162582.703473
162692.451982
162491.39161
162572.722778
162709.153883
162817.406244
162899.949699
163314.881453
163381.190734
163212.761219
163296.833077
163404.27379
163494.525831
163578.270983
163709.4884
163815.031571
163901.217505
164003.825417
164387.267016
164473.079146
164626.572122
164734.823016
164527.490254
164590.454842
164692.122737
164788.908975
164916.574537
164970.049176
165113.86674
165460.818039
165607.748147
165387.447282
165515.412739
165624.257865
165713.810953
166104.59934
166181.374602
165992.60773
166100.142589
166199.391133
166593.700762
166403.130204
166811.764001
166596.680084
166672.764216
166780.400059
166890.89964
167332.545758
167416.901652
167219.412672
167564.51157
167390.459481
167835.869925
167605.006931
167982.299917
168083.006182
167880.271335
167986.743402
168101.628109
168206.230382
168318.055603
168393.264474
168807.064928
168613.215749
169028.17597
168809.99752
169205.246472
169306.196743
169383.174188
169489.688027
169614.542206
169391.283949
169798.271646
169601.939019
170023.673145
170121.924984
170212.312861
170289.842487
170122.057975
170532.028525
170312.043076
170425.499986
170502.259307
170610.388059
170735.419072
170805.069975
170899.240033
171320.258852
171405.457906
171181.887111
171301.416613
171407.222972
171767.804666
171571.393636
171695.439238
172079.67352
171921.07718
172022.806641
172396.682675
172493.278281
172296.195962
172720.559232
172789.39146
172613.656367
172991.442536
172806.386457
172884.836269
173004.855482
173366.648054
173185.90025
173312.558425
173677.9388
173805.109853
173616.766676
173993.638812
173782.404582
174216.314965
174310.805512
174100.849254
174206.949931
174593.335158
174411.764682
174528.357076
174607.830181
174711.338549
175111.12358
174920.162754
174993.250104
175111.274523
175231.498414
175333.575294
175417.455686
175524.851155
175615.463497
176034.495477
175798.977595
175906.600057
176302.801524
176386.119202
176186.82102
176344.691983
176707.322062
176469.989892
176942.127356
176710.035603
177165.238606
176903.438901
177293.298597
177124.691416
177537.550109
177285.928989
177394.955033
177490.063761
177595.758785
177991.023075
177817.724611
178189.322872
178310.513416
178098.752471
178202.340301
178294.628193
178699.36699
178518.188648
178563.910577
178996.114924
178825.564951
178903.144659
179007.8544
179087.726548
179232.052246
179299.678997
179712.102907
179819.754053
179601.029789
179698.291795
179833.306803
179902.694263
180011.543604
180391.047278
180531.570383
180599.848557
180663.469864
180510.435741
180876.741784
180979.660127
181115.668354
180926.166752
180995.117417
181359.550951
181501.037314
181300.737861
181709.911819
181833.744927
181586.587722
181737.614704
181809.165826
182205.414356
182012.215513
182394.156853
182196.868788
182318.564271
182397.768899
182805.383293
182615.487993
182692.961426
182801.580087
183207.493828
183000.957118
183087.424319
183474.525418
183572.926986
183734.021799
183783.980292
183906.281063
183715.687508
184102.852393
184191.346931
184010.279491
184123.466545
184194.449818
184635.860649
184415.89653
184503.092399
184917.844516
184991.044087
184790.680611
184889.468772
185292.058088
185392.271106
185196.763561
185585.459293
185662.9447
185508.986617
185896.985426
186018.638641
185804.83565
186220.611226
186300.749812
186073.946282
186520.092603
186602.732365
186691.504944
186781.675542
186578.568676
186966.62755
187080.429853
186938.876866
187325.417298
187102.514636
187182.935688
187295.562027
187404.079238
187493.323957
187617.886954
187728.324435
188102.250378
188226.352723
188276.534206
188117.992249
188494.271914
188302.209338
188398.471859
188786.231099
188615.289397
188989.495555
189117.48697
188905.743688
189007.37261
189382.757358
189206.281354
189297.578356
189409.327404
189798.638982
189643.257853
189674.374159
190088.514647
190186.774111
189976.850965
190113.336525
190168.743121
190316.782097
190715.004226
190491.799787
190933.571342
190684.261859
191081.394235
190890.878398
190993.246252
191415.47508
191510.281847
191569.923035
191719.624893
191521.251364
191899.954921
191695.655529
192123.748929
191898.579191
192292.802837
192105.182342
192210.698208
192292.19452
192389.164464
192804.886638
192608.049923
192687.163386
193087.375789
192898.990153
192988.403859
193107.677667
193205.537745
193312.184919
193402.636977
193788.677048
193601.5464
193744.599019
194108.610509
193888.923155
193991.953939
194405.83898
194506.294899
194621.201189
194381.934935
194789.396922
194884.065607
194676.917582
194785.279835
194887.973367
194957.554894
195078.029327
195210.54597
195304.389529
195387.920312
195469.757138
195903.791186
195692.591524
195780.697735
195887.757989
196320.08266
196417.741521
196519.766177
196613.947774
196674.603392
196521.987602
196902.031493
196683.44925
197097.832254
197214.078814
197279.240709
197394.970997
197197.238615
197292.23922
197381.808133
197798.798682
197653.250642
198020.860517
198114.092021
198226.053606
198285.723928
198114.386731
198216.488013
198295.71119
198370.584471
198801.748965
198611.062811
198999.929651
198820.766757
198899.431805
199044.260282
199398.192045
199194.358363
199299.015038
199341.825035
199491.741848
199882.169541
199714.731134
199805.135242
200221.588655
200006.216161
200099.53968
200493.282073
200292.205389
200719.890447
200463.742624
200576.823526
201000.714943
200794.528703
200882.332542
201328.552962
201435.665157
201173.407713
201293.815928
201688.628226
201490.10456
201611.916787
201684.525983
201819.806979
202217.310861
202023.306287
202118.594205
202185.055257
202623.400068
202400.061716
202773.996756
202604.07001
202678.43586
202814.3695
202903.014982
203343.270546
203413.002927
203222.869142
203328.833829
203658.090328
203800.499789
203875.831183
204028.970541
204076.318654
204196.201966
204006.906917
204089.106759
204187.719077
204286.126816
204685.392207
204506.50036
204613.823114
204740.856476
205068.851646
205212.777446
205289.025416
205108.180858
205503.641136
205615.038881
205734.147912
205509.374108
205589.059168
205685.262961
205833.993162
206189.079363
206306.646263
206148.812848
206202.322499
206579.394774
206396.436276
206796.484816
206621.588491
206721.792244
207096.514759
207200.360585
207000.497239
207071.772843
207512.17774
207307.437273
207437.983867
207771.916124
207569.241071
208012.063964
207811.244516
208199.152421
207994.224107
208093.351805
208520.424085
208311.469941
208410.77955
208818.937976
208594.532583
208711.522057
209071.856913
209165.361296
209304.689052
209371.435788
209500.687144
209305.570267
209404.236936
209483.166762
209601.010517
209999.377765
209797.496401
209929.133028
209994.27402
210431.678637
210449.404462
210578.524021
210674.222864
210509.472557
210585.247794
211000.545363
210818.303878
210884.051722
210989.83656
211116.18121
211182.879248
211640.911276
211393.333713
211477.707664
211562.65232
211977.428003
212078.061815
211902.023184
212316.318953
212085.090972
212488.123226
212610.123433
212703.348764
212776.2843
212864.121643
213006.895913
212794.219129
213182.041173
212995.210484
213418.029123
213216.94102
213310.872512
213442.059417
213802.086062
213919.283836
214011.553581
214110.391078
213919.668425
213989.722187
214098.498862
214204.730236
214577.25505
214364.712902
214819.567603
214583.929374
214751.038431
214822.242635
215182.323444
214956.417984
215076.609341
215512.778321
215592.563425
215699.957672
215533.192841
215613.175048
215687.935592
215781.783051
216194.521279
215987.50675
216105.200513
216505.99509
216286.263347
216719.576194
216837.773897
216906.228042
216710.435064
217072.066552
217210.219921
217262.853522
217409.803459
217206.390081
217293.091512
217706.965564
217520.364932
217585.810555
217703.395641
217810.587713
217908.775407
218002.045399
218101.775081
218218.084979
218581.793116
218428.29569
218492.412421
218887.591772
218740.371384
218784.832195
218893.452691
219010.37163
219377.985533
219211.823252
219280.320578
219689.120743
219809.708901
219612.800521
219972.136056
219810.685514
219878.663301
220011.042962
220389.985218
220208.007904
220305.944867
220396.196799
220527.424566
220886.784983
220966.156442
221110.127593
220930.297299
221007.712881
221136.159394
221222.171061
221278.21471
221752.928167
221801.053562
221642.433727
221715.149705
221813.329519
221907.172295
222017.122941
222377.71014
222211.429978
222315.246162
222396.037064
222835.980094
222589.242841
222721.775582
222792.819581
222906.231205
223309.18987
223370.958784
223196.551057
223318.744268
223690.131313
223828.502594
223895.184082
223973.011223
224068.191504
223893.729126
224275.996383
224074.476244
224212.345596
224616.361738
224393.416878
224506.010776
224900.372008
224729.531046
224805.378408
224894.753416
224995.505903
225109.705198
225213.089353
225597.488473
225683.876724
225483.319788
225605.883231
225725.702686
225790.959249
225905.203794
226289.486261
226119.901729
226504.62771
226313.975165
226684.573762
226520.115733
226882.580803
227010.922085
226776.85967
226917.925979
227026.391103
227102.317733
227194.133363
227302.794556
227675.255474
227497.520743
227606.600367
228009.312133
228166.553436
228265.381219
227990.549514
228409.135818
228506.52494
228619.368478
228683.285614
228502.794036
228602.000852
228970.979519
228805.938399
228895.421435
229030.197608
229343.453619
229501.172023
229319.959444
229425.129532
229804.648805
229869.181509
229697.071713
229813.228346
229909.24236
230013.972968
230421.349131
230183.311011
230629.061559
230385.717855
230513.672807
230612.312798
230697.268706
231090.843606
231166.316002
230973.166289
231353.677007
231180.848565
231609.786836
231361.095199
231800.49921
231595.39536
231713.628945
232075.319924
231908.448317
232313.30136
232100.3494
232193.955744
232313.105526
232418.081305
232796.749029
232608.101369
232704.022539
233124.856913
232853.681415
233322.511291
233109.807927
233220.528693
233304.797776
233717.049193
233830.845327
233577.777487
233709.382512
233802.150632
234203.77782
234006.3054
234097.468829
234208.445502
234569.91365
234402.643122
234794.739549
234899.931673
234704.283485
234803.41069
234893.488126
235329.655136
235396.636264
235221.053274
235600.899414
235408.216419
235491.54529
235921.37909
236023.604563
235818.860933
235902.903672
236015.529306
236122.511982
236507.447597
236583.251177
236404.303613
236483.061078
236880.015007
236718.928464
237118.24514
236904.769909
237247.351235
237407.784319
237471.801834
237610.743692
237414.869781
237807.103782
237601.150815
238001.919524
237795.752468
238225.672899
238287.460666
238418.226255
238197.465977
238281.630001
238658.104408
238493.009345
238576.877167
238707.565791
238809.147101
239186.063302
239027.705619
239412.701847
239225.751364
239301.093752
239395.955207
239789.131792
239617.041785
239988.430759
239842.683453
239890.227746
240253.45889
240111.602174
240506.419185
240275.333662
240387.614074
240520.851081
240604.050318
240670.775216
240775.231001
240894.303847
241029.867875
241105.82669
241206.407777
241300.320207
241408.351814
241488.065731
241594.662366
241682.755779
242102.172507
242210.765724
242285.123507
242079.336412
242180.198984
242642.802869
242709.226927
242522.385956
242902.61992
242992.459078
242789.933321
242894.849457
243280.645135
243120.171323
243204.880171
243280.440305
243430.236067
243499.089879
243888.688258
243965.964312
243810.422795
243893.729919
244267.128978
244091.244865
244192.143623
244604.51491
244356.372582
244791.948393
244589.682902
244679.15557
245088.229238
244919.541896
245029.37937
245427.832163
245468.294118
245605.955397
245386.315588
245497.221547
245586.960339
245726.168917
245799.026856
245900.786742
246014.735703
246121.869406
246509.806048
246301.148961
246703.143523
246516.435852
246870.210795
246697.689864
246809.020801
247184.861452
246977.525595
247101.082468
247503.659257
247306.868506
247400.69733
247511.636804
247894.40583
247680.912488
247812.343757
248188.823537
248299.324409
248392.419559
248196.739447
248292.286982
248742.897687
248840.390288
248641.373645
248718.723614
248810.721737
248886.253489
248975.233205
249126.551156
249518.477087
249307.758293
249384.237799
249793.469404
249895.064626
249672.467802
250103.46068
249914.692546
250307.123285
250086.128603
250210.058773
250351.303045
250369.689418
250783.514896
250597.222605
250687.908636
250815.240739
250892.896012
251019.221929
251089.697896
251183.306962
251605.247885
251390.002584
251532.035421
251922.6436
251711.695121
251811.324477
251894.612643
252331.941061
252077.380003
252509.622569
252309.400649
252371.142527
252492.472066
252917.339795
252719.921205
252820.394386
253199.546988
253001.412783
253084.039441
253188.220144
253581.152574
253710.75497
253772.812091
253878.352288
253684.957877
254096.368116
253874.688949
254018.226955
254119.640871
254193.297167
254627.637043
254381.311551
254526.483543
254595.49032
254737.934729
254819.861293
254877.774317
254990.843862
255108.316429
255519.419413
255320.644289
255404.051212
255827.169832
255583.352292
255722.970063
256139.629567
255909.544642
256313.314505
256063.200297
256190.722867
256630.638727
256414.816591
256504.299898
256883.437571
257023.848402
256788.254584
256891.514473
257030.760325
257121.692976
257198.156554
257292.238464
257407.330812
257481.611519
257891.608797
257712.166437
258101.60129
257913.146166
258016.603926
258075.522578
258190.914631
258586.494016
258422.856521
258776.356164
258887.769464
258694.737541
259059.512223
258918.916238
259341.43516
259408.919819
259180.485898
259325.985316
259667.362952
259513.103286
259602.304762
259677.815519
260132.238785
260234.138813
260297.380814
260142.356387
260478.845246
260591.423876
260692.251847
260517.478801
260602.141155
261034.518421
260785.872126
260890.815387
261007.86661
261119.382581
261496.590207
261326.337685
261416.708259
261498.531941
261600.222106
261722.445483
261804.44239
261922.978338
262287.745256
262071.80152
262209.393101
262313.212711
262382.68152
262817.575871
262613.562107
262701.358193
262806.96781
263199.80539
263301.653015
263415.784955
263469.06814
263301.325438
263668.974428
263507.870786
263912.175963
264026.823834
263804.831819
263897.643631
264011.261534
264096.005405
264197.39301
264307.659544
264420.523253
264817.02995
264927.735203
264961.507876
265113.785614
265197.735971
264996.546703
265116.212784
265222.676562
265609.016769
265418.155571
265820.685907
265909.118032
265965.259372
265800.084491
265898.438882
266292.149847
266110.946665
266532.497251
266333.62863
266395.372402
266533.301873
266864.517843
266693.244347
266817.952186
267213.073988
266980.390869
267419.017847
267192.355439
267551.708965
267710.480674
267515.209867
267932.034876
267986.220409
268085.989087
267900.546396
268281.195171
268111.845023
268485.050058
268320.656725
268412.035192
268514.458778
268621.291382
268968.733163
268794.84982
268884.427163
269012.204522
269113.199291
269513.249646
269324.59933
269397.805623
269506.357977
269590.075727
269985.576347
269785.556479
269908.240248
270289.279428
270109.297737
270195.228897
270593.059073
270421.621445
270777.483586
270576.716286
270972.151127
271117.851504
270849.709132
271039.227379
271403.813395
271487.243934
271308.651536
271385.41885
271766.489517
271905.036842
271682.761501
271818.018132
271887.759708
272288.388456
272403.152183
272202.591955
272618.888015
272416.721436
272480.659105
272599.572457
272708.593395
272810.598681
272861.343398
272991.96981
273102.857548
273496.806407
273599.523392
273421.794449
273803.424525
273922.525069
273723.724756
273799.908697
274153.747267
273983.205141
274395.24959
274505.745268
274316.253452
274442.833456
274786.716945
274635.863643
274717.605247
274784.581602
274900.900993
274968.588708
275373.412905
275214.496548
275281.695608
275715.109534
275492.086767
275878.071643
275732.100197
275814.395238
275926.186058
275998.040384
276393.113843
276494.592725
276310.156694
276386.04752
276533.366234
276921.414963
276704.343562
277063.599175
276919.208215
277021.215251
277102.166131
277197.476983
277599.112631
277395.433159
277531.765556
277868.861313
278004.546781
278088.379763
277905.431936
278286.129305
278099.272519
278234.86635
278295.302465
278408.353381
278484.702081
278608.712136
278725.842048
278804.497527
279170.751258
278988.435844
279074.956319
279503.235254
279301.284626
279690.744267
279785.633195
279849.968698
279716.05523
279795.918919
280196.745425
280304.080003
280125.061621
280222.838011
280616.388737
280406.51602
280808.485838
280917.919002
280980.551291
281117.959109
280916.4358
281321.367299
281141.275992
281190.279526
281332.355681
281380.801733
281801.85197
281913.025776
281707.600231
281818.673258
281898.183302
282015.170854
282098.52492
282219.358717
282293.841698
282378.00386
282513.903109
282609.225334
282683.681313
283122.901029
283207.081793
283012.925849
283430.594465
283223.858087
283599.279351
283396.202145
283496.573767
283913.037063
283709.463225
283827.070923
283916.392157
283966.369437
284081.786489
284182.606901
284297.179903
284401.28838
284502.067109
284582.624075
284980.7315
284790.885646
284916.232174
285016.524418
285094.665688
285215.833639
285647.776374
285404.152978
285508.530542
285598.824037
285727.468832
285800.458354
285927.400016
286262.369069
286124.294775
286191.654326
286296.372168
286408.972672
286487.931547
286573.810086
286726.277921
287098.142595
286874.483685
286997.289952
287118.068307
287204.087346
287288.28363
287677.481333
287794.833304
287608.971109
287756.1322
287807.023342
288224.105732
288005.005352
288383.062426
288184.592085
288294.559666
288388.60516
288779.773435
288571.225384
288694.690238
288803.979687
288895.781633
289010.009196
289119.561081
289194.705764
289626.460353
289392.513403
289483.242129
289910.151617
290009.868246
290043.310288
290194.811297
290005.443661
290125.42743
290509.295657
290315.566546
290423.580577
290518.999338
290928.221789
290719.168257
291116.068218
291224.563284
291007.886403
291080.404974
291170.797143
291298.432897
291408.722795
291526.986975
291919.546087
291696.661553
291804.619643
292204.647566
292005.461408
292121.360194
292520.945967
292265.72149
292698.628703
292843.379626
292584.024358
292975.691988
293107.339509
292890.101774
292975.089224
293095.58171
293513.522164
293306.158708
293420.113069
293795.865716
293860.062487
293709.147384
294100.611078
293888.808424
293986.331701
294104.061674
294533.302219
294284.394026
294422.48554
294481.356623
294584.511693
294716.392509
294815.033191
294874.449219
294996.013306
295107.614205
295501.31844
295609.693951
295367.026249
295511.968974
295565.085418
295999.327921
296085.313808
295880.846071
296315.851787
296420.391102
296202.256959
296602.454203
296743.148438
296507.58049
296909.444212
296696.479921
296814.396067
297218.987049
297309.515252
297108.248671
297262.222561
297595.619985
297714.274713
297482.654759
297897.66993
297691.734954
298094.021026
297897.446786
298294.715244
298073.657692
298197.090704
298298.947463
298691.375048
298494.873681
298599.272907
298706.374011
298809.830661
298911.737897
298983.152564
299092.765268
299185.657822
299621.154062
299734.019313
299793.507757
299618.058309
299673.229686
299797.64716
299878.990234
300308.051377
300116.996065
300182.852232
300298.284632
300417.913412
300504.384379
300591.288243
300684.999479
301100.813626
300894.558889
301317.209243
301109.346448
301476.82633
301298.532295
301697.392047
301509.037068
301643.244326
302032.254772
302160.660568
302192.337226
301981.403472
302087.979488
302497.446527
302285.046663
302396.94149
302536.540616
302907.039322
302670.47606
302775.3714
303204.196576
303325.493673
303093.986412
303213.45861
303288.709234
303404.430972
303510.933424
303606.156088
303997.939724
303812.628582
303918.729336
303986.876405
304125.986036
304205.273529
304583.704022
304702.2588
304472.664658
304618.274295
304729.509099
305085.400397
304920.130154
305312.71953
305408.22917
305159.460994
305592.691349
305430.283643
305516.804153
305572.87048
305719.712639
305796.126144
306191.607104
306298.384436
306394.822832
306181.700193
306618.97682
306728.941028
306507.669829
306610.715764
306722.330219
307104.810983
306877.988158
306971.986504
307088.252522
307206.05278
307598.489662
307705.569604
307813.313018
307600.238489
307710.533339
307815.750623
307869.404412
307987.975117
308136.703918
308465.688136
308287.943067
308389.217034
308499.466625
308597.766679
308961.88176
308801.050838
309179.716278
308987.329417
309426.164869
309214.234722
309621.787186
309681.916911
309447.206693
309614.619132
309966.024723
309827.462059
310214.711802
310315.068944
310089.924014
310216.066218
310617.189447
310381.509548
310493.358529
310585.83628
311027.785457
311094.442697
310909.260534
311290.021146
311108.894757
311229.728513
311289.577015
311656.340018
311842.833332
311888.239767
311713.839031
311833.266775
311920.984612
312281.607535
312383.886233
312186.987411
312299.319503
312686.002183
312526.226385
312866.371485
312706.436844
312832.297406
313227.672294
313032.089397
313384.049164
313219.355814
313302.623919
313676.388206
313508.428939
313601.546622
313708.739532
313801.987026
314211.630067
314291.18504
314440.209743
314506.945382
314304.361293
314720.944857
314496.39719
314595.780127
314725.772432
314794.108533
314883.464908
314976.355781
315103.312742
315508.108689
315303.776351
315711.321528
315510.560331
315615.081953
315718.236083
315793.739336
316186.386265
315980.879175
316122.044733
316203.962464
316596.091034
316377.680125
316778.858087
316905.439505
317019.720034
317104.24487
317207.938538
316998.923687
317096.705615
317229.449618
317296.991176
317369.191405
317475.553541
317610.261334
317687.742407
317771.259296
318206.454311
318004.630819
318093.328915
318510.546371
318657.78999
318672.797338
318782.425578
318638.63201
319020.164953
318814.074587
319199.928911
319298.849109
319100.138585
319494.771651
319277.978191
319399.365414
319479.00091
319930.294158
319717.914086
319816.839966
319900.652186
320288.860603
320096.330507
320199.053817
320592.431225
320405.971556
320794.288882
320941.032111
320721.861749
320798.916443
320904.825988
320980.137098
321116.634455
321213.720543
321296.699683
321683.966081
321476.067955
321923.306336
321982.537915
321796.896046
322183.13923
322013.762205
322099.183089
322203.125556
322309.882625
322703.935501
322511.378084
322920.462341
323041.510179
322804.06785
322903.455373
323280.154053
323390.594408
323504.786582
323279.352043
323697.986981
323496.355351
323595.833894
323701.671991
324102.225033
324207.414178
324295.455309
324099.521235
324184.07956
324280.043856
324715.662208
324474.398602
324586.289105
324697.348914
324804.335899
325226.283247
324995.448167
325409.660628
325200.638301
325317.945781
325438.206628
325482.805575
325894.800108
326020.103477
325818.170937
325907.694628
326005.755393
326099.22013
326202.586217
326287.551044
326389.71589
326485.679742
326607.108968
326730.600555
326821.340687
327157.153141
327027.92352
327411.944413
327200.942469
327303.050097
327431.485385
327505.480866
327894.127263
327721.958523
327799.169325
327880.6251
328319.072078
328406.711026
328515.803742
328605.004463
328697.434449
328503.86728
328614.998055
329002.216442
328790.455767
329183.455173
329027.247501
329120.817412
329504.278692
329282.09799
329399.330465
329503.471184
329918.082326
329698.469666
330098.799425
330178.310616
330009.264897
330364.902067
330206.764315
330296.065907
330440.375258
330481.573891
330887.185389
330699.534083
330803.579342
331179.873298
331002.25937
331123.344202
331469.209836
331292.246244
331413.118277
331498.345109
331905.589772
331977.440692
331815.153096
332170.570051
332308.268527
332372.885935
332210.983492
332313.833201
332421.769829
332755.426416
332608.140084
332665.666215
333116.794502
332921.454564
333002.287724
333100.78381
333197.101897
333586.058995
333422.146335
333525.167817
333580.691054
333692.165773
333799.067093
334192.928372
334010.592638
334130.553575
334184.076711
334330.179028
334423.453904
334514.935497
334931.14991
335002.59226
335055.98447
334907.723287
335017.782815
335409.11704
335515.763749
335622.838878
335392.466475
335503.808111
335589.599511
335996.247304
335801.260356
335909.736209
336285.227994
336057.73203
336497.540014
336600.680294
336385.334481
336805.354863
336577.897031
337009.812353
336818.361904
337175.575961
337292.015378
337101.693131
337192.137006
337320.245558
337388.47874
337797.486855
337601.088428
337979.428897
337798.196131
338199.208307
338013.955991
338397.524395
338155.626642
338322.282692
338692.07952
338789.758974
338591.911781
339000.040362
338822.240331
338898.602807
339337.196769
339113.55873
339505.559126
339317.083927
339680.272613
339795.61611
339583.666794
339716.420288
340114.157513
339905.221404
339993.335573
340383.998645
340481.3338
340593.07975
340713.382156
340761.782825
340892.006517
340704.141978
341085.897203
341234.798325
340966.637609
341071.719029
341203.367714
341598.139886
341406.593257
341785.785681
341901.211915
341690.28081
342084.062768
341943.839192
341996.954237
342392.260438
342480.780939
342313.928239
342687.114823
342482.41208
342899.419192
342678.938949
343071.663704
342922.78712
343260.781391
343123.086663
343174.738027
343600.235658
343442.056374
343497.145061
343591.428672
344018.626636
343808.981807
344185.329588
344312.619347
344086.561963
344511.225074
344291.912802
344406.771896
344507.19096
344592.967732
344715.432141
344804.828479
345202.498026
345331.564692
345408.406047
345190.20372
345254.986835
345419.862526
345766.068794
345912.204805
345716.586888
345806.453992
345912.287998
346302.231002
346405.080682
346513.042191
346312.903595
346413.506517
346505.17889
346577.247792
346706.087427
346775.282373
346873.764119
347271.589899
347110.613855
347203.240392
347292.515089
347726.76334
347509.186442
347585.332549
347715.878671
347815.7859
348186.975405
347979.141157
348128.646638
348230.548721
348260.41611
348401.543018
348747.240893
348612.534668
349034.263442
349093.116036
349214.361405
349016.044799
349116.124154
349208.169974
349317.86098
349404.274406
349478.755876
349872.635264
349994.681276
349783.033742
350182.951972
350010.753837
350147.700576
350201.167828
350330.56382
350719.242187
350515.173084
350881.348523
350677.602796
350839.44176
350887.12933
351297.307979
351133.745155
351179.851026
351581.268828
351716.778039
351525.512629
351594.004343
351713.266838
352122.333554
351898.844754
352311.590813
352113.491075
352180.379372
352628.258992
352691.107148
352789.653377
352924.205808
352697.181635
352785.435494
353176.713965
353018.889401
353096.575622
353488.692205
353571.324403
353696.486761
353806.183371
353600.370322
353709.963587
354091.603049
354191.097452
354006.334173
354396.724315
354191.898453
354294.868177
354430.32505
354737.688851
354885.474409
354981.343704
355092.352828
354936.364338
355031.791061
355100.775308
355199.950246
355306.963109
355415.389802
355504.024322
355565.352331
355698.39607
355781.437498
355898.1999
356010.856399
356378.359775
356220.189784
356312.41546
356394.105367
356502.266045
356635.698745
356682.204879
356809.444389
356931.971245
357029.232247
357381.865082
357491.293331
357305.453204
357685.869372
357503.598721
357601.437573
357993.183084
357805.589969
358209.063729
357995.693938
358100.814499
358190.159297
358586.640663
358365.667378
358493.934011
358609.315981
358969.571625
358790.515962
358889.138858
359006.842215
359105.744217
359511.995961
359299.549986
359684.93633
359470.564051
359621.699795
360036.555077
360097.073577
359890.896747
360301.199727
360425.04125
360207.390069
360623.281287
360692.086498
360809.726794
360614.339628
360994.312664
361119.993586
361208.389909
361300.548537
361390.445811
361458.308455
361345.099578
361708.132938
361514.701774
361606.48857
362011.763211
361804.677169
361902.65607
362291.36537
362411.902938
362185.79964
362605.165255
362678.257452
362506.661622
362601.183799
362706.491274
362809.933094
362923.836081
362972.313902
363408.3619
363514.103486
363315.46562
363719.121085
363491.689666
363927.687986
364016.928399
364114.827448
363911.785791
363999.021768
364403.083011
364513.159896
364296.019247
364681.916095
364830.568748
364602.028314
364695.664604
364817.633487
365200.771798
364968.844892
365090.192904
365192.070996
365269.229889
365403.512355
365837.964658
365614.678679
365702.836442
366138.676967
366152.791479
365995.269069
366400.061237
366465.505026
366587.605664
366388.115081
366512.317065
366904.8165
366682.006926
366809.243884
367132.966215
367317.946069
367064.607705
367232.416111
367315.017281
367688.729301
367538.800872
367897.769473
367995.930383
368105.575066
368242.330559
368012.691486
368399.286305
368171.280521
368301.656839
368392.495865
368544.190166
368543.738875
368710.452353
368794.732684
368901.89107
368990.855793
369135.889254
369216.786929
369625.699194
369402.234462
369769.933636
369619.718283
369703.168464
370099.175428
369901.970069
370304.308349
370418.527075
370497.698438
370596.428007
370367.648286
370770.415113
370617.115748
370697.586209
371088.554452
370902.816167
371277.24085
371391.352378
371184.637629
371292.114727
371381.742916
371511.019459
371864.953829
371690.279516
372112.557204
371928.208859
371998.293994
372113.912151
372510.515702
372600.458877
372683.099666
372500.474357
372605.584072
373017.914849
372838.553405
373202.965354
373013.160887
373098.344432
373489.153786
373294.364714
373704.164852
373523.053735
373606.249385
374018.907339
373805.937171
373897.50886
374294.302714
374106.314762
374211.664367
374297.56466
374376.853619
374783.573296
374890.751686
374706.824339
374808.185178
374935.42571
374966.742275
375109.43369
375477.437379
375618.361944
375718.652621
375494.23918
375588.454344
375682.141595
375788.302803
375936.667095
376319.275452
376116.49633
376155.032124
376311.835833
376706.332968
376490.584664
376621.945938
376713.967226
376831.017296
376914.136822
377000.133264
377403.707435
377193.225193
377624.085304
377380.228351
377502.335769
377609.901461
377698.954498
377807.989113
377914.519593
377989.374754
378385.748662
378202.169772
378590.91254
378725.988911
378489.097111
378904.040438
378732.492179
379083.060444
378905.212085
379284.221732
379378.387119
379214.569516
379599.630395
379405.735186
379787.479061
379613.875547
379972.733934
379769.34138
379873.863321
380265.587275
380080.226005
380185.250373
380316.715225
380422.789866
380803.332802
380602.968907
380685.252556
380842.008185
380865.140764
381007.995442
381397.543676
381513.884409
381596.576166
381420.463978
381514.559416
381599.400613
381707.719906
381801.587578
382213.825342
381982.115661
382098.079131
382212.582996
382325.611364
382669.02131
382804.764671
382615.155859
382675.648283
382775.512216
382911.039722
383330.515177
383067.843482
383529.634754
383323.543553
383418.328249
383494.209412
383877.284684
383691.517368
383816.154606
383914.125896
383994.628521
384156.20458
384476.764831
384589.955959
384671.279637
384507.618253
384592.033532
384999.550655
384784.920914
384859.25702
385317.8751
385394.623039
385190.961322
385304.748267
385710.865328
385831.946462
385600.685555
385685.191618
385807.123181
386215.73313
386297.056608
386430.463071
386213.385638
386600.098856
386396.17898
386514.431841
386898.616546
386721.109426
387088.513194
387173.3716
387054.557189
387093.459138
387211.759684
387318.251495
387397.674021
387794.776956
387594.148484
387968.260804
388085.547338
388190.844144
388348.57315
388083.39906
388236.721556
388549.674392
388710.584095
388803.92996
388569.687421
388997.567144
389094.225616
388876.069648
389299.59863
389103.446893
389166.737734
389313.113213
389419.626555
389494.955494
389588.68957
389999.988271
390107.973113
389897.63053
390017.298628
390380.509195
390500.715247
390617.3121
390409.616772
390516.181356
390887.769092
390684.89694
390768.479359
390909.932702
390988.193988
391409.082663
391209.750456
391609.988684
391669.30123
391522.589865
391598.799884
391698.563659
392080.206667
391893.213451
392290.593164
392390.448278
392206.880455
392332.936186
392406.109295
392539.996129
392582.827067
393021.287201
393100.827203
392920.162732
393007.970006
393404.077624
393205.849083
393299.527706
393709.390898
393486.812244
393604.856762
394005.544563
393790.383839
393873.580493
393992.096033
394398.135306
394176.903174
394310.028174
394391.300229
394449.211448
394918.311905
394671.083235
394807.491972
395176.502821
394991.142627
395114.217177
395497.937338
395282.727028
395676.549346
395811.21739
395921.708783
395704.604364
395806.57361
396228.547158
396304.244102
396093.274746
396190.760159
396324.892677
396371.82705
396485.65896
396598.06485
396995.676445
397104.411705
396873.355142
397304.075687
397131.856549
397204.496501
397595.708734
397705.527026
397807.277176
397602.804064
398041.926251
398111.661924
397921.246171
398009.435098
398424.171851
398531.162939
398299.34866
398407.633104
398502.720736
398592.360827
398999.72585
399097.939079
399195.148622
399281.249813
399410.153046
399220.980193
399614.41219
399413.719976
399499.174051
399902.641112
399714.822029
399765.088596
400196.084612
400313.901489
400090.298204
400205.445719
400621.500453
400392.466312
400503.965549
400895.923146
401025.325995
400807.119024
400906.49506
400989.161193
401373.23266
401518.478968
401606.266091
401381.937385
401789.540944
401920.60344
401701.42149
402081.326978
401909.913056
401990.878314
402098.181699
402218.136619
402304.472907
402394.93309
402532.565249
402877.630155
402983.903148
402833.001374
403224.503337
403025.663654
403417.529825
403202.05973
403268.761992
403668.185344
403480.825713
403592.580128
403966.765368
404093.862802
404200.097263
403993.054213
404372.343575
404501.597959
404303.877913
404698.068327
404483.462936
404602.021395
404713.478336
404802.274733
405181.473227
405022.833391
405120.003713
405224.670614
405626.319936
405437.568512
405796.649132
405611.20382
405730.969928
405811.700246
406189.239817
405995.174667
406082.760552
406185.563071
406300.846398
406396.070484
406782.045111
406615.2774
406985.063896
407086.313194
407202.661375
407326.636028
407106.850451
407517.875735
407599.231876
407386.882777
407503.268568
407890.57832
407693.076218
408104.713587
407898.939279
408028.187483
408374.090817
408488.177997
408298.84177
408412.564845
408476.838227
408623.347338
408993.712276
408808.791417
409203.076438
409002.335297
409378.781487
409184.760881
409297.796172
409693.53959
409495.431556
409592.348147
409679.097226
410092.606547
410201.691206
410268.622027
410405.186591
410205.628152
410324.529321
410423.074839
410480.666105
410625.338363
410959.39357
410814.511505
411176.906997
411318.041388
411081.567555
411222.915467
411632.435544
411383.83396
411497.25102
411632.959665
412039.90572
411799.538755
411919.709453
412285.812565
412092.973433
412190.769186
412335.673654
412366.601688
412488.346354
412899.498818
412665.57224
413118.757099
413244.245999
413003.104416
413409.22872
413196.756582
413323.144226
413401.26693
413492.175073
413859.547868
414002.371236
414108.793984
414200.470307
413996.0892
414401.273702
414202.225505
414318.084232
414717.115575
414747.636926
414595.033289
414700.238203
414778.051381
415203.801257
415016.615111
415382.003793
415551.253953
415295.781195
415719.068726
415513.802451
415909.0067
415981.526643
416077.631562
416191.068553
416261.914591
416086.346034
416502.846548
416277.558693
416414.343351
416787.996279
416878.293172
416706.594067
416805.006472
417191.392671
417307.215969
417083.868836
417207.888116
417323.664238
417415.407145
417810.688814
417897.140895
417729.243906
418117.291858
418192.593098
417999.927543
418087.320264
418504.068734
418280.487321
418408.864448
418476.147629
418618.25106
418988.742637
419129.162064
418921.697599
419000.491751
419399.662738
419201.387319
419607.745126
419415.841983
419472.374669
419597.131887
419705.211999
419788.991236
419900.966983
420007.451737
420102.74736
420229.842745
420334.219384
420386.086813
420811.215282
420592.697704
420725.162514
420778.310789
420868.477699
420995.268756
421399.395183
421477.460719
421295.935941
421761.386903
421782.729141
421605.566596
421694.649068
421832.015899
421908.649417
422311.420947
422093.101853
422196.94038
422635.375533
422399.283736
422489.414234
422872.097817
423007.579571
422820.102639
422908.404441
423299.079855
423099.188326
423212.861944
423608.772206
423702.84903
423800.882708
423934.544962
423675.661767
424119.710362
423908.266379
424296.59465
424128.601898
424211.107258
424605.878653
424407.251628
424499.119586
424614.216408
425019.625453
425062.918333
425230.957733
425309.410086
425124.766814
425180.728719
425320.63272
425402.121019
425799.164808
425923.10685
425697.178807
425817.422393
425883.393536
426014.177219
426133.592706
426493.434052
426293.701242
426411.493312
426516.895368
426924.336621
426690.421719
427124.601792
427193.505319
426998.617342
427453.488519
427450.080233
427275.367286
427698.345577
427772.816044
427597.929574
428042.271175
427825.821627
427905.958023
428003.049254
428095.089771
428197.990544
428616.437852
428384.589678
428549.883884
428933.048208
428694.821757
428804.042706
429189.384139
428987.862963
429089.546287
429503.243559
429288.560537
429697.634207
429492.699882
429923.013174
429684.385419
430129.641671
429918.142788
430252.466526
430403.06262
430499.184079
430308.448111
430415.016109
430824.777476
430861.927399
430669.4895
430803.370412
431198.359112
431279.199946
431428.672358
431501.598187
431626.973567
431697.078498
431777.961132
431596.891766
431723.106437
431825.266543
431917.956563
431988.650333
432146.018779
432498.896415
432307.747277
432656.199745
432528.516734
432618.262517
432712.950012
432811.269285
432913.922614
433059.384462
433060.855046
433478.0988
433269.514159
433405.849642
433545.524942
433616.277041
433974.89193
433819.856451
433896.399637
434294.34446
434397.787683
434240.929695
434578.344242
434392.488193
434787.805506
434888.060547
434698.444896
435105.39155
434900.259063
435019.023975
435082.971637
435203.637019
435587.604284
435674.605915
435511.705102
435913.191505
435987.088669
435814.549817
436226.132125
436294.432612
436079.201179
436504.720896
436322.973592
436668.974423
436486.589938
436601.623326
436994.237373
437115.934898
437191.303324
437009.487991
437395.715354
437548.47323
437617.771436
437707.606089
437494.798499
437642.362289
437709.157737
437814.504615
437903.321091
437995.837329
438093.974769
438207.900908
438291.174578
438694.937523
438776.007655
438896.04333
438685.218727
438848.100913
439199.883515
439004.004261
439402.581375
439214.522083
439610.24539
439390.285272
439812.196639
439597.909518
439718.633803
440092.138488
439903.898654
440018.208328
440110.462588
440510.249943
440620.05484
440404.538276
440529.124278
440610.854786
440699.764686
440815.02453
440890.979234
440991.310811
441389.602564
441219.591497
441310.580284
441697.139907
441485.880242
441908.688221
441991.643582
441791.679195
442201.203348
442252.044875
442379.873896
442488.405427
442295.259685
442662.901434
442503.847129
442578.322943
442684.954429
443094.94309
442914.515331
442993.221553
443402.327177
443214.660223
443581.010295
443393.031789
443524.421944
443907.530143
443986.186999
443798.010522
443916.425453
444010.39815
444394.378905
444211.293244
444304.991059
444396.599643
444536.020948
444619.94714
444733.851818
444798.939801
444891.511705
444992.9857
445107.843463
445516.570639
445589.380712
445666.841078
445501.709056
445896.604044
445699.180041
445808.284301
445906.964287
446037.411193
446430.918737
446187.75448
446277.906287
446414.278793
446516.95738
446931.653241
447006.809278
446797.913063
447213.549249
446994.617588
447119.572103
447204.948918
447607.790257
447420.571631
447848.633227
447905.481853
447687.263555
448084.770082
448208.078105
448013.866274
448085.326026
448214.300496
448297.298443
448401.005177
448497.646302
448605.146033
449014.3008
449096.914032
448884.830441
448984.97721
449102.129074
449201.555764
449599.206438
449408.126949
449480.993282
449880.26712
450003.290652
450100.462477
450184.700301
450294.107776
450093.278112
450498.731595
450637.133458
450417.510324
450505.916448
450922.372992
450651.777729
450809.405878
451197.565041
450956.133117
451099.336252
451479.251753
451323.383001
451425.345482
451834.40308
451616.070119
451681.895208
452108.893318
451906.634959
452027.20556
452149.020053
452203.62789
452600.638233
452696.760852
452535.761776
452645.877699
452719.351124
452807.914442
453178.951043
452995.16382
453087.534385
453211.03866
453311.606824
453693.484535
453502.8243
453572.358119
453741.004498
454075.947585
454200.700199
454000.563974
454120.465769
454163.71912
454617.364287
454721.454892
454510.112506
454913.360728
454687.864876
454816.507949
454909.559338
454999.588214
455111.589468
455196.65912
455581.402034
455366.76409
455491.19981
455594.777206
455688.359701
456091.91596
455898.275056
455971.661
456083.071862
456509.29043
456583.024503
456683.683422
456464.660259
456914.415362
456977.182589
456789.674603
456890.777356
457010.894947
457446.512091
457503.351204
457296.387619
457711.428467
457512.14537
457605.146603
457983.606034
457786.965041
458184.274411
458003.974298
458385.107398
458519.562208
458315.690467
458701.676807
458515.651567
458617.15157
458993.996501
459112.812015
458898.606578
459288.965704
459392.919561
459194.273634
459311.282868
459455.429119
459511.834791
459607.773267
460005.016312
459805.898871
459927.266731
460023.697106
460091.60509
460232.54865
460310.792335
460713.177485
460476.781742
460912.291922
460997.09223
460797.408479
461184.165234
461304.146993
461427.640106
461460.631175
461630.165186
461406.808256
461519.214807
461604.643963
462037.746364
462119.236296
462204.709383
461995.702493
462105.739069
462175.828622
462303.379954
462398.546651
462486.853119
462885.528003
462697.04152
463125.134703
462897.835212
462985.41707
463406.761154
463171.593445
463572.236486
463402.931259
463520.404537
463588.275698
463722.711184
463811.340255
464196.661682
464016.193946
464111.979224
464474.866926
464338.809595
464398.08948
464489.725414
464605.945121
464713.877763
464815.749346
465229.667195
465310.637827
465112.182506
465503.595203
465611.541677
465713.058902
465795.052671
465582.820541
465694.203426
465807.598865
465909.316338
466273.953407
466101.551894
466201.747814
466574.608393
466691.145053
466499.419365
466586.262241
466725.840132
467112.067699
466889.489309
467310.343297
467419.973257
467195.708771
467318.519294
467404.485552
467508.62466
467604.73075
467690.904861
467803.120475
468237.643679
468310.895973
468410.790285
468222.871568
468294.564511
468418.06828
468810.941764
468884.905353
468962.496282
468798.458909
468871.178478
469315.89992
469090.893956
469198.667061
469277.116924
469401.717619
469779.055548
469869.901964
469696.44433
469815.014868
469912.195754
470277.33367
470398.089578
470479.740144
470619.223932
470399.004991
470506.767489
470589.620121
471014.365826
470819.533808
470921.375743
470994.812352
471134.874268
471481.856959
471320.521142
471392.021208
471490.239477
471909.544981
471703.805094
471834.630698
472241.133567
472013.537077
472125.745768
472501.279088
472262.083714
472424.610759
472808.001323
472921.094145
472726.494558
472800.679783
472920.585438
472989.556042
473139.851499
473499.590572
473313.11619
473680.557662
473525.443348
473920.827802
473687.043977
474093.423115
473930.175151
474005.375213
474105.130695
474499.246315
474298.140326
474695.849952
474470.453938
474598.090877
474693.462671
474779.409541
475168.462571
475006.125857
475407.056164
475188.828824
475301.015152
475425.417567
475828.241047
475625.695795
475689.559853
475797.781139
476231.175333
476007.77476
476383.925593
476219.632643
476626.785198
476398.192104
476491.006774
476597.1043
476708.199396
476801.790438
477202.44632
477003.89417
477410.596271
477176.781518
477597.513925
477378.041012
477483.287238
477905.668433
477691.276589
478068.483951
477910.28944
478338.698403
478120.223985
478220.577002
478323.927792
478716.046063
478773.972686
478921.679706
478994.814708
479118.27285
479206.172742
478991.775497
479421.076041
479519.794009
479283.729928
479381.132531
479468.131263
479614.157791
480004.972764
480099.199024
479872.241563
480252.958499
480105.649996
480511.625412
480587.96238
480385.824547
480827.261794
480617.693462
480686.827517
481091.536828
480918.264831
481322.302739
481401.145815
481495.162837
481306.749182
481733.998525
481796.14255
481602.640518
481979.725168
482105.388742
482205.565637
482000.842444
482096.31858
482510.270479
482308.514914
482393.670994
482806.420251
482923.798736
482719.172514
482803.932287
482913.903502
483301.59592
483384.228079
483225.57696
483565.671336
483409.52552
483800.137562
483573.141143
483979.758328
484111.058304
483915.372384
484008.184749
484084.379934
484188.574264
484609.126229
484676.673363
484477.263196
484911.331644
484693.871025
485081.673267
484917.487635
485010.270721
485402.40499
485503.677893
485262.966382
485673.018184
485817.982745
485883.838052
485692.086063
486135.698051
485882.457778
485960.209899
486365.982609
486496.321159
486609.087599
486675.273078
486496.645525
486903.009338
486708.948248
486798.523928
486903.1576
487317.873747
487402.412768
487201.619352
487617.925575
487687.688734
487836.019511
487632.83568
487723.726028
487831.117573
487894.316144
487996.179703
488388.406544
488194.144154
488597.367697
488437.585575
488539.041433
488891.763481
488695.793555
488792.397678
488901.990985
489009.700209
489104.414285
489222.413401
489564.923643
489730.01106
489469.389599
489585.269694
489652.070369
490132.937599
489929.960579
490307.498704
490417.621619
490210.526854
490597.248142
490373.927193
490478.299187
490881.596374
490983.895534
491093.955716
490876.216342
491301.954828
491079.558973
491202.954249
491304.815974
491687.635812
491827.658006
491932.385847
491694.311879
491829.977194
492227.374861
492314.595753
492383.989751
492178.010701
492318.229739
492372.10331
492533.80395
492901.978008
492695.81277
493101.921523
492912.557568
493313.940657
493412.209866
493524.11767
493330.310046
493702.867948
493516.564367
493924.268899
493687.085924
494135.016304
494197.624519
493978.238313
494406.596134
494534.419059
494298.215124
494696.358927
494501.269966
494862.509286
494984.467406
495088.523146
495166.583113
494999.762161
495082.063995
495226.782385
495308.109418
495396.496942
495525.136985
495879.563222
495707.79525
496102.783204
495922.616683
496019.84103
496380.646317
496213.505436
496337.776366
496418.049246
496503.175926
496606.174343
496978.795972
497071.689885
496884.522078
497294.7068
497106.744074
497190.204245
497562.336251
497400.844653
497485.861386
497904.198356
497705.805935
497802.154808
497916.661242
498322.47866
498069.531668
498195.920339
498609.408624
498706.067532
498481.982197
498909.684739
498699.188095
498793.202108
499186.460916
499293.405603
499099.730087
499223.558356
499576.175146
499667.309519
499787.843428
499944.893008
499677.455058
499805.006645
500197.325316
499977.795036
500391.9954
500482.320501
500315.493543
500408.692223
500526.002238
500872.398283
500708.564236
500787.340494
500872.812661
500990.382527
501126.850788
501190.97459
501595.327389
501731.916491
501789.553095
501951.846737
501709.375793
501809.059264
502203.67592
502300.704906
502100.915666
502492.451166
502609.265332
502427.681768
502525.603616
502865.82319
502701.71607
502821.763282
502870.227294
502992.448137
503394.221977
503218.327872
503599.434262
503730.063322
503781.805443
503594.06837
503991.641537
503769.899463
503898.13706
504292.559268
504373.977403
504502.161588
504298.297024
504419.637969
504512.990624
504907.826899
504706.277667
504807.321257
505203.251952
505004.488505
505093.794857
505492.268441
505602.586058
505678.10419
505501.927748
505577.411736
505695.753695
505771.872445
506199.532451
505990.221191
506435.64701
506505.926158
506290.3158
506405.462097
506800.070568
506622.588929
506985.681356
507091.362926
507166.184354
507292.225484
507127.31523
507509.539373
507609.14585
507394.90849
507799.438945
507562.309594
507963.756704
507830.382073
508201.86016
508025.730868
508122.182184
508196.452078
508315.324316
508383.103564
508502.944299
508588.290453
508737.953352
508825.255168
509202.443281
508999.235406
509081.45312
509164.752574
509300.494084
509696.103163
509781.090755
509606.068647
509717.279726
510096.359631
509912.95906
510285.567884
510380.358597
510534.833626
510638.923326
510713.801484
510768.106563
510870.520389
510690.200914
510815.692419
510911.90113
511008.794842
511106.31494
511223.751235
511280.969994
511371.443913
511816.920095
511577.872832
511989.407415
512109.523193
512207.237562
511973.383437
512371.285875
512205.377744
512302.904402
512417.077241
512801.800155
512614.948018
513028.869596
512817.779845
512899.3456
513036.162592
513419.544424
513195.527251
513301.392368
513700.267815
513794.116005
513639.013793
513664.40421
514134.996074
514171.74532
514000.708488
514122.215281
514174.03104
514305.004663
514416.415328
514467.329348
514582.049464
514725.972448
514793.955469
514891.307227
514981.559811
515123.401358
515222.906529
515591.607312
515731.511037
515827.524597
515600.19587
515999.024045
515797.344687
515892.020448
516331.677653
516396.101096
516474.750724
516307.207764
516713.106147
516463.279132
516933.688962
516697.07254
516809.428123
517204.929144
517265.979003
517412.012221
517178.396574
517595.001105
517383.484267
517490.730249
517926.671208
517971.965327
517822.07566
518162.452284
518318.569619
518370.747587
518483.302951
518326.513259
518676.524916
518787.590007
518607.921761
518718.461393
519084.215036
518899.03636
519034.358041
519073.687382
519209.086352
519317.862545
519402.987756
519811.526066
519890.213462
519691.439159
519818.337009
519887.426905
519996.843704
520108.848594
520504.900685
520596.690127
520707.590959
520803.621728
520573.488828
520697.419629
520800.47854
520921.704816
521290.000216
521387.857207
521527.827408
521589.152007
521707.784368
521771.116705
521596.405602
522017.99426
522120.655247
522170.639461
522008.22348
522412.815706
522164.059447
522327.94654
522402.715493
522496.917866
522611.017472
523013.071729
522826.515428
522932.538848
523008.780667
523103.789087
523204.797874
523277.70324
523417.638017
523774.678805
523888.097561
523978.380344
524095.524106
523937.076213
524319.51349
524411.928608
524171.479538
524341.9928
524429.766737
524787.235045
524591.333977
524985.938094
524792.251729
525189.273487
525004.960651
525077.862265
525190.277843
525282.301758
525396.972371
525798.800223
525560.611154
525980.784558
526121.736075
525902.785841
525972.62192
526108.373706
526179.451215
526575.44054
526708.654646
526485.911133
526585.553986
527021.259879
526806.214278
527218.02106
527283.284244
527139.056907
527202.471489
527335.724428
527723.160429
527492.738292
527588.553703
527702.985967
527819.844173
528207.51053
528283.376233
528399.412756
528215.973947
528295.089154
528413.459506
528830.009502
528898.871691
528978.550571
528803.759884
528917.954378
529283.972467
529370.641765
529216.316982
529573.694755
529417.578728
529820.308198
529610.305364
529988.9034
529786.578297
530195.837402
530001.237802
530410.691033
530175.616808
530321.921372
530707.979401
530506.749514
530601.827872
530673.588967
530818.577739
531170.743935
531027.372073
531386.321015
531216.236662
531327.847545
531403.149682
531478.895896
531589.056181
532004.095469
531802.202248
531913.901252
532007.670743
532069.247096
532205.897116
532299.285328
532711.419637
532538.17219
532628.594915
533012.888582
532816.324487
532895.027373
533316.878508
533392.429717
533217.92615
533335.608546
533380.814982
533809.302578
533595.533837
533714.421089
533791.83165
533904.108542
534005.177765
534410.602473
534218.893673
534603.441488
534429.784837
534518.465498
534883.716283
534701.209982
534783.473547
535146.53279
535027.273078
535422.280649
535153.585125
535302.513391
535711.093248
535513.085999
535618.072887
535727.879064
536096.097707
535876.07544
536015.409778
536424.75646
536220.439073
536284.014002
536402.172022
536515.119766
536606.576845
536711.485932
537120.482308
537176.147433
537003.769039
537101.741359
537186.854812
537278.588655
537409.790772
537524.456867
537599.741258
537679.54125
538111.709233
537911.392285
538030.865414
538122.808382
538192.416313
538284.575488
538385.590536
538507.69574
538585.609553
538753.614804
538806.543845
538893.875247
539249.883038
539424.287688
539516.040143
539293.170995
539390.367028
539495.456669
539560.796589
539679.757966
539791.982665
540220.434056
540006.499137
540133.56842
540207.118031
540285.998329
540741.60825
540493.02048
540894.087352
541003.672474
541099.168196
541197.574915
540990.889904
541088.06274
541513.741163
541279.648409
541416.093049
541506.326585
541601.924961
541706.665055
541787.28963
541908.781101
542292.707738
542428.356241
542189.93243
542305.98077
542394.327381
542798.530122
542867.486335
543016.825866
543100.31732
543203.733827
542998.10973
543421.136456
543193.370525
543324.190479
543402.677634
543492.803546
543910.221158
543708.252493
544131.537359
543878.979259
544021.894342
544381.965678
544509.686026
544594.684976
544380.430711
544794.12129
544887.361174
544744.968879
545105.633236
545204.827709
544983.027099
545399.115774
545515.382291
545584.068507
545410.18984
545813.227264
545603.684056
545682.977063
545775.129137
545911.743505
546301.694791
546087.039528
546467.515665
546618.399699
546398.843859
546502.244691
546608.422108
546691.266939
547107.472945
546920.433466
547314.861872
547413.55083
547511.841878
547314.356104
547403.555283
547500.924764
547900.325999
548019.082139
548089.466227
548198.925472
548021.29823
548102.429023
548501.521353
548313.994453
548683.006555
548493.917409
548635.215704
549009.333489
548817.306292
549183.850153
549013.048511
549124.595025
549529.868368
549303.094028
549386.927373
549529.518554
549870.084364
550005.172105
549770.515937
549919.978518
550008.969945
550109.868638
550535.260694
550309.422026
550384.517128
550502.21472
550891.455245
550684.653286
550832.032994
550889.869367
551291.22673
551122.732719
551174.733008
551604.999181
551435.058077
551528.011792
551892.451239
551677.563831
551792.503601
552184.348368
552319.404254
552058.462871
552188.809298
552320.608621
552397.470438
552487.612537
552582.632046
552715.614002
552809.364432
552892.947866
553311.094903
553105.919204
553508.30614
553601.510758
553703.064448
553478.85007
553912.459804
553685.445246
553783.05746
554180.000075
554319.219522
554409.587449
554506.714047
554595.160306
554411.136966
554492.88424
554613.934663
554998.087649
554814.355754
554927.704308
555010.906576
555102.452134
555508.015667
555297.376877
555412.908839
555489.981381
555626.147317
555969.680893
555802.438496
555909.795374
555990.766821
556402.688414
556228.151008
556592.973096
556402.845893
556830.842196
556632.893647
557007.148785
556791.144222
556904.409434
556990.941143
557103.033346
557192.937204
557322.690811
557433.913822
557490.801905
557884.221069
557723.216568
557778.00941
558199.431113
558308.736444
558371.044661
558206.913878
558281.559234
558662.373305
558500.560876
558600.551657
559018.835378
559078.265491
558896.388094
559274.765242
559094.187435
559192.997393
559585.535791
559383.354188
559816.625091
559583.244047
559713.711336
559796.303147
559874.113588
560329.498814
560108.236643
560193.676459
560556.85116
560735.669226
560784.617429
560614.795446
560701.644032
561092.105886
560914.240633
560990.867487
561099.189628
561484.345158
561295.567715
561678.478092
561785.143471
561914.125318
562002.78444
561824.428932
562200.569503
562303.872128
562126.746183
562158.249259
562625.702026
562394.024573
562496.824507
562889.057738
562679.670462
563106.425218
562872.511126
562997.63379
563097.146283
563481.322078
563637.082404
563411.121776
563503.531682
563918.720466
563700.707813
564098.563388
563907.061138
564279.275688
564104.541989
564165.297475
564287.742201
564722.245857
564479.135251
564887.106628
564698.233164
565100.085559
564923.357363
565017.41953
565412.357035
565181.413835
565294.937903
565420.933793
565789.614624
565585.066911
565651.249104
565821.880623
566209.214555
566330.296959
566377.624145
566479.444978
566282.833116
566701.627039
566843.427376
566627.415479
566996.20298
566778.471196
566915.741565
567290.688857
567086.695787
567519.186662
567604.972394
567408.133886
567517.14428
567900.424043
568023.946169
567802.36827
568195.24379
567980.463715
568089.52754
568486.108214
568574.984759
568705.389932
568845.248894
568599.597224
568689.655379
569045.727004
569179.671184
569312.636204
569105.689082
569447.636494
569321.435904
569381.445557
569809.729102
569612.679508
569671.342723
570092.146916
569910.777044
569988.287431
570430.590179
570200.733226
570626.955179
570424.615623
570511.836414
570912.797354
570686.979894
571103.667326
571211.189838
570981.148656
571086.810062
571198.194196
571277.011764
571683.355299
571499.629405
571872.936309
572000.540923
571808.600476
572183.336695
571987.237455
572076.372773
572236.134252
572302.553445
572407.188499
572488.687672
572618.228724
572695.429582
572814.141106
572892.449775
573020.274856
573066.936396
573187.108908
573329.353749
573399.861435
573812.808348
573910.190671
574008.049558
573795.206083
574195.383169
573969.72398
574130.720883
574181.618407
574290.783842
574414.398546
574473.410369
574891.312047
574988.963522
574811.411274
574909.890094
575013.170928
575110.760886
575196.244451
575291.436293
575408.257193
575791.596772
575922.718477
576019.364286
576116.42413
575907.910255
575980.726419
576409.943519
576240.905861
576611.184585
576384.294691
576487.628111
576609.13462
576963.561773
577088.509216
576896.504609
577010.750832
577094.169551
577215.790259
577312.49684
577693.436085
577796.95559
577909.117501
577979.355381
577801.935923
578170.684366
578026.322871
578112.392272
578206.963154
578297.089637
578707.570274
578492.836525
578604.413371
578696.369857
578799.077638
578886.266939
579016.379399
579093.502275
579216.759416
579284.149823
579393.782457
579485.024837
579585.545992
579673.787567
579815.25237
580182.351643
580299.870144
580426.026054
580176.496015
580279.714953
580686.513981
580518.134147
580895.024566
580689.859998
581102.899834
580923.144197
580967.108432
581104.67121
581533.71541
581273.378923
581451.554138
581515.887066
581625.641972
582018.529822
581812.363906
581906.802188
582015.918721
582065.886126
582213.274179
582317.188458
582391.238161
582808.920283
582575.341819
582690.426982
583103.977091
583211.736769
583013.723565
583135.461866
583162.857784
583339.75112
583376.833904
583474.849335
583593.447566
584031.276295
584119.575147
584189.896177
584298.977137
584419.515038
584488.440063
584286.346955
584430.307097
584498.89755
584929.124679
584985.45604
584821.612444
584909.078309
584981.699455
585073.564603
585211.719052
585611.49079
585689.697869
585787.640229
585594.504957
586001.464016
585786.482409
585891.769671
586003.797867
586109.788924
586222.833428
586322.139975
586736.511091
586524.545523
586928.853069
586696.874976
587134.702833
587219.643489
586991.529626
587089.274704
587489.911017
587296.545908
587408.347981
587506.711446
587592.238467
587687.965998
587805.898101
588216.451045
588029.322529
588096.678536
588181.594428
588315.689862
588369.86317
588515.628397
588588.802694
588688.410317
588773.730298
588905.443088
589045.422355
589391.691419
589480.205644
589603.855282
589678.205376
589495.009879
589938.012196
590025.318446
589801.218539
589932.666395
590292.889247
590070.770408
590512.256554
590590.130271
590668.813826
590485.524571
590607.012884
590706.635715
590811.39754
590898.980157
590990.073663
591403.311077
591189.913326
591316.978738
591399.466025
591538.226428
591912.742307
591982.303063
591804.02076
592202.534621
591993.354366
592399.286929
592528.951251
592314.008167
592738.751542
592497.057311
592629.667604
592702.718017
592813.147937
593204.658217
593323.189648
593381.653989
593204.049759
593306.591456
593425.007579
593499.509763
593611.059463
593700.28618
593814.87274
594182.176265
594024.367167
594121.693851
594198.774955
594300.998553
594418.823189
594513.428662
594587.168313
594712.571517
595078.36263
594894.532434
594989.714709
595419.095648
595196.876681
595295.181602
595666.099207
595493.62205
595553.110888
595712.850771
595801.820341
596202.207337
595980.311355
596070.887281
596233.033207
596304.534333
596384.830012
596813.256737
596921.051056
596707.675773
597103.561911
597216.548606
597023.093984
597412.608099
597190.941956
597282.204238
597707.864438
597505.970235
597623.35073
597710.278745
597818.077843
598210.804703
598007.479283
598069.57894
598211.83002
598587.651231
598427.319946
598493.852633
598882.207546
598701.53343
599103.479126
598902.415982
598987.273424
599417.183902
599223.044741
599326.608446
599688.678374
599773.173935
599597.487271
599711.850848
599800.924394
600159.491156
600331.301995
600388.417926
600201.85794
600583.861041
600397.545953
600806.622532
600611.621053
