730.055480013
804.291287367
882.469309946
1022.03891585
1114.94696873
1508.65018524
1628.10759757
1405.86821457
1817.40142211
1867.96527967
1972.17238398
1818.9812457
2217.23622385
2031.58072254
2093.18445219
2198.60199419
2594.21082599
2385.75549467
2500.53086918
2885.20568215
2686.48964514
3087.85349764
3213.92936489
3274.33279173
3112.31773997
3506.79631786
3594.18822103
3399.79911283
3784.27660412
3899.51801699
4036.74520459
3797.74134793
4219.26913149
4251.26414964
4414.57375273
4503.571252
4336.72183125
4699.53290514
4812.89381748
4619.54492945
4986.96653649
4796.90064599
5223.53350159
5326.11838423
5405.79371041
5214.00601861
5312.7147006
5722.72850534
5473.55802922
5603.70072407
5971.18249711
5805.00466524
6212.0274368
6007.15458336
6098.41178727
6215.42637555
6347.67255772
6692.10368145
6519.15786982
6589.3468111
6719.63097526
6788.97497375
7207.67233159
6999.54818521
7411.04697793
7516.22646101
7592.1822869
7382.55476527
7507.9355802
7620.92248884
7713.27523613
7780.24339564
8184.10215808
8289.86274441
8425.4864226
8521.60190058
8579.84974387
8385.60584913
8534.3931112
8592.75021696
8980.57078424
9083.93143832
8900.63749995
9321.20021389
9091.018075
9215.50490795
9302.39013078
9766.98199215
9496.04783779
9580.69384718
9716.22118274
10105.8707477
10197.7832024
9959.0104392
10415.0595953
10209.78061
10591.204829
10726.922264
10494.1184059
10904.8296756
10700.403395
10782.6735412
10905.9581694
11318.0206898
11086.9918836
11194.9846011
11598.5971194
11712.1785705
11771.6095613
11878.8339037
11720.6409773
11803.2641351
12239.4387092
11981.3046828
12418.459832
12484.749607
12621.7415389
12716.4492437
12493.765144
12603.8765283
13005.7009938
12807.9135166
13208.0466679
12993.68271
13423.5922792
13478.7921294
13287.1896503
13662.7452496
13493.4627152
13592.9892279
13718.8257273
14109.4079681
14217.3751762
14340.025248
14394.1552055
14206.4277101
14322.7830328
14726.6996749
14477.4775281
14594.5931792
15031.8282792
15100.292434
14899.5916022
14990.6613804
15096.9013812
15510.1072118
15622.1196993
15399.1634513
15472.3150156
15617.4919631
15738.0205485
15801.2104451
16186.4923965
15976.2124115
16080.4549041
16196.28166
16289.7224172
16693.6292918
16488.5148294
16608.1695324
16690.4855887
16763.608111
16926.5919408
17308.542612
17386.4262734
17506.2008158
17329.8838247
17689.3537693
17808.0527731
17608.5851399
17670.515273
17777.5413351
18222.4498304
18291.5148256
18106.8165088
18211.7238735
18306.7792626
18667.3698244
18497.297555
18582.5318183
18677.7791754
19094.0124872
18918.4928776
18997.6690657
19093.6234478
19495.0399153
19308.0938274
19731.6670476
19816.9484351
19634.5717224
19704.5182701
19809.9075408
20184.8589101
19992.4806309
20082.6965536
20218.1664441
20592.6997578
20377.2653187
20488.3689885
20604.5479815
21022.0250482
21088.6799963
21168.3196365
21011.5962899
21103.3228134
21187.8486688
21298.1188154
21387.5562679
21476.1003075
21869.813065
21703.8204264
22070.447423
21906.3611564
22293.833314
22106.0724416
22494.0395882
22597.7588037
22403.0300224
22793.8737635
22942.7895762
22980.49628
22806.4487244
22884.3649125
23010.0245531
23089.847918
23183.486687
23283.7128244
23395.8102804
23497.6182002
23852.6205521
24011.3198716
24097.1239447
23911.3487268
24295.5618951
24381.1742446
24181.6765665
24298.3039835
24435.865817
24505.6089655
24603.4935543
24718.0786283
25074.7353988
25195.5419469
25034.1701384
25124.7392473
25201.1653887
25312.9956542
25698.9846334
25805.4604017
25887.7693718
25712.0510126
25778.8956588
25877.5864403
26018.0891348
26387.7806922
26196.147327
26318.0728289
26422.9707376
26791.1194362
26622.4444429
26706.8009582
26782.4684662
26882.1212407
27284.6557868
27388.4681468
27236.4664098
27629.6859935
27705.911107
27737.7480816
27919.6846573
27718.7569552
27810.9228399
27909.301397
28009.3720608
28421.7916885
28228.5956002
28296.2895309
28401.0950868
28475.1398712
28952.1676692
28966.3510274
28803.156236
28890.9262271
28979.7248541
29382.9674389
29171.8206118
29278.5241651
29409.6068186
29545.9510108
29923.3256603
30013.5881685
29788.0932418
30227.5966352
30009.5414111
30111.0206256
30201.6729576
30325.3930249
30701.3278292
30513.7189836
30603.3725636
31007.3506339
31127.0111226
30886.4171932
31015.2477709
31080.0021991
31515.7846259
31293.6071394
31410.3198954
31480.7315106
31628.2959538
31733.1496065
31784.0175685
31924.8956024
32280.7064282
32392.283372
32514.99584
32333.0089437
32401.6412977
32787.1208268
32924.9553577
32999.4759676
32804.2629204
32893.7462838
33012.9023642
33103.9719268
33173.9488188
33261.1792329
33402.3980548
33774.2278945
33914.5988415
33689.4343647
33797.674179
33910.703965
34305.9337966
34402.5917165
34504.0065534
34284.1718234
34393.4978196
34480.0011849
34620.7430054
34728.9407914
34838.0725372
35206.5290263
35020.7521173
35088.0228939
35490.478409
35276.0583232
35702.6710174
35786.435512
35545.0194673
35698.3424506
35805.2180475
35884.4740387
36270.873877
36119.7020642
36223.8798561
36623.1575882
36693.9549409
36536.4833874
36577.5595753
36997.0051488
37102.1197737
36911.9170215
37006.5960701
37090.0641264
37506.0402954
37307.210907
37402.873115
37482.052909
37628.1476102
37730.1468234
37794.0988553
38205.7584777
38020.3693453
38083.3176321
38249.8370583
38309.2266413
38388.9618327
38516.4725628
38582.40948
38680.8065644
39138.751998
38881.0591403
39015.9230044
39394.8968151
39205.2385417
39303.6136169
39378.3056868
39854.8060247
39588.7822108
39675.0745054
40097.5624042
40174.9688401
40258.1213882
40414.8678722
40494.9609508
40314.6987225
40650.5353232
40485.6689628
40871.9654575
40681.3799108
41085.3435445
41214.1667588
41320.2455596
41076.7536711
41485.6174973
41329.4299672
41698.942253
41496.1017458
41884.887219
41976.6685376
41816.9943783
41917.2035888
41990.9535163
42415.4986811
42499.7142481
42309.6469416
42715.0809497
42519.5592541
42920.5525416
42710.861538
43085.0219003
43179.3579867
43021.5480713
43396.038657
43219.6323089
43304.2703992
43722.5610167
43809.2461401
43881.3603329
43688.0131094
44067.9921557
43891.5781711
43996.2275084
44103.6914996
44199.475869
44593.5202616
44430.5453897
44496.5830244
44888.0421177
44711.6401813
44809.136998
44908.9584783
45297.8416371
45367.122654
45503.4387868
45286.2974794
45690.5056134
45480.31452
45904.1934299
45700.5309057
45809.7952412
46234.8076301
46002.0782173
46428.4989076
46219.8789459
46269.2919704
46427.9495699
46798.1928986
46590.8667853
46951.8450025
46768.2048111
46928.7325106
47333.8653389
47363.7227629
47515.6445768
47308.0425592
47398.1614836
47489.1150564
47593.34705
47710.5017425
47807.756598
48162.4390643
48011.4418326
48390.2348238
48240.5414764
48605.0822492
48696.9495162
48474.1389881
48912.0426466
48739.9610398
48809.4343514
49192.7939237
48968.8225907
49375.9763918
49214.830424
49320.6705725
49707.2035165
49514.4633957
49608.5213094
49987.4311353
49824.8755439
49911.1676636
50307.3451915
50124.420035
50207.7753372
50570.8899545
50389.6806383
50491.9141496
50872.8511691
51004.6184918
50772.5892576
51169.7786317
51309.104711
51380.4967259
51524.5202515
51283.4214576
51675.3370381
51788.999058
51922.0756262
52000.9028674
51795.2410051
52199.4503545
51987.0437854
52392.4547163
52499.0267252
52620.099118
52413.9955205
52810.8371795
52623.3419019
52734.3574171
52795.2757223
53189.9187357
53302.4526578
53113.5575003
53464.0975718
53315.9848973
53379.1545626
53514.3220177
53576.8809623
54009.7497614
53814.5584348
54208.1123757
54272.3728085
54109.7403307
54439.9526115
54288.8449274
54684.3392297
54807.1583837
54624.005937
54690.9677359
55101.948116
55214.8174753
55293.2867932
55397.8677635
55193.1509295
55311.9841493
55412.4140926
55813.4834833
55891.9008486
55982.1411495
55789.8120878
56203.3275181
56289.6218981
56050.1375624
56196.4450336
56634.3361452
56378.7726116
56485.3376269
56908.9492247
57012.0564333
56815.8640634
56901.541245
57008.5543276
57381.8549137
57529.7150866
57319.7702327
57401.9613922
57806.3651233
57605.9700807
57702.1941175
58116.7721306
57876.1850079
58320.6711755
58413.886741
58511.5804205
58271.3420692
58393.5221393
58767.3979056
58613.2019622
58714.6685971
58813.8250097
58906.0269613
59276.783091
59121.3819949
59495.5800668
59311.70801
59687.065287
59487.6403195
59859.5188632
59978.1318699
59810.3248952
60240.5661906
60304.8234491
60099.5318597
60500.928037
60598.7665088
60402.1450914
60803.4233189
60600.6762841
60674.230378
61108.7106086
60916.0194741
61296.6861809
61397.4353096
61525.6701029
61285.1876868
61697.1386583
61512.2538713
61882.1443927
61989.3264822
61799.7581861
61908.6758348
62307.5340885
62408.8688611
62462.3248949
62602.7354287
62383.5664397
62812.4240744
62603.1845671
63014.979283
62793.7675492
62890.3787814
63018.8550473
63071.5774183
63204.5246158
63620.9652087
63421.1586805
63809.2282441
63876.7144196
63994.0544343
64085.9513274
63890.8567478
64328.9501111
64391.643917
64526.5111767
64296.0860791
64388.1775583
64492.1156108
64628.5296596
64700.6154994
64806.4390961
64901.3362364
65289.7262289
65086.8769371
65488.7295478
65593.7916693
65383.9177966
65807.1203424
65635.7643732
65691.8314775
65835.9862078
66196.7027785
66293.4268741
66409.6413213
66185.9730064
66614.4687426
66688.3521302
66800.3199732
66580.4882114
66717.6287044
67074.0407275
67211.4201615
66998.569867
67111.7881878
67209.2264454
67310.0906379
67724.7917716
67474.242883
67930.1351284
67663.5506356
67825.114362
67887.1404596
67973.6721369
68415.2915311
68505.9456314
68298.2659348
68718.9060035
68499.73915
68629.6903523
68985.3113113
69111.4855666
68898.6612014
69331.979715
69127.402399
69468.252581
69597.9589621
69694.4261975
69506.7516924
69914.4392912
69720.9301145
69818.474325
70231.7175333
70286.6675346
70084.3620464
70186.9269729
70287.1937881
70408.3791571
70505.1497112
70579.4846855
