1005.06104582
1134.79522931
1205.54906221
1008.35430548
1093.32108526
1500.9708794
1305.58395299
1720.68571936
1815.90529588
1607.05376242
1708.3479247
1775.62650914
2199.80188709
2012.20643231
2083.83546301
2480.50656717
2316.51825965
2410.14606411
2475.43251493
2862.62761558
3005.70565813
2817.48741939
3231.09733792
3253.21101247
3100.77396788
3544.75347795
3593.23064311
3402.0071045
3513.96965427
3597.60365174
3701.48579853
3787.84859037
4191.62054483
3987.17957818
4102.67856363
4514.08731393
4638.4424883
4689.30475258
4505.00658689
4608.17694037
4986.87946738
4767.45039888
4917.33448888
5013.88791507
5377.23653444
5480.07368475
5589.81914559
5418.63346841
5492.27684713
5614.31212468
5713.80966634
5802.42934091
5927.26263686
6296.11386467
6100.06216387
6477.98231698
6306.02985218
6405.13800301
6493.08147485
6920.09434313
6690.78737313
6798.40652239
6921.0913894
7321.35363084
7080.56964493
7204.2529475
7613.52252233
7392.99450545
7812.27567769
7596.70774743
8029.57112918
7829.10411342
7906.63652081
7998.04627734
8108.01733069
8514.17161274
8295.1651719
8719.86310329
8790.20189117
8605.52274192
8694.07312714
9089.67359258
8898.85212005
9315.34982467
9359.83684567
9182.63771596
9286.63939607
9691.25730964
9509.84545512
9623.73288745
10011.2225998
9802.3755663
9898.70658057
10007.4682433
10082.4823604
10467.0838237
10598.5716882
10698.2540896
10498.193446
10607.9491206
10984.0487009
10791.4899181
10901.008112
11316.7078461
11074.2027041
11209.8187322
11633.8115164
11707.4214478
11786.32098
11920.7901814
11998.6582233
11806.6847241
12205.7067635
12273.6413499
12383.2605055
12180.7656913
12293.3500552
12394.256094
12507.1819412
12901.173123
13015.6428937
13107.1231274
13207.9374927
12974.0667562
13393.297911
13215.6092224
13535.6626736
13712.6041155
13493.6049684
13566.3932695
13719.4275828
14072.5578243
14191.6860398
14018.4142159
14426.743772
14186.5530343
14300.2966641
14741.7632065
14521.2844788
14599.5522594
14994.9153487
14817.5205156
14868.3587388
15032.236714
15360.4713329
15203.502171
15618.1756084
15673.441882
15510.6299442
15606.6744336
15975.4758442
16148.607874
15909.6197115
15961.9748098
16412.5364537
16514.3306168
16255.3451712
16422.7738587
16496.1571164
16635.3647347
16713.5140389
17120.5280147
17162.1045232
17016.1318475
17411.1575603
17487.7044596
17277.8225261
17723.7141461
17514.7250936
17923.2506585
18046.235033
17787.4892954
18241.0344778
18303.2108996
18099.1380369
18209.4401773
18290.4915486
18422.5939077
18519.722911
18581.7457103
18694.7416995
18831.3315449
18872.7039858
19036.7547993
19393.391518
19228.2583236
19596.6884
19659.2248374
19818.2618719
19620.5732038
20015.6362459
19782.5006685
19904.6701459
20013.3358047
20099.229966
20181.1225816
20317.3119592
20685.9679399
20823.4979765
20608.7674814
20684.650757
21067.914233
20902.0980053
21300.9103258
21396.7376022
21486.4731906
21329.2230969
21415.5667993
21479.797092
21582.2568894
22006.4056211
21810.5082508
21937.3709984
21962.8158508
22385.1380825
22497.5191286
22287.8843259
22401.9192777
22520.3404023
22611.6791318
22683.0355813
22790.3121118
23191.4281742
23339.2785506
23399.2015942
23497.2166382
23618.0721133
23728.7963941
23505.1687307
23873.2162401
23989.3071271
23816.6548684
23934.6931131
24284.7518269
24388.8022638
24511.9361682
24287.3044337
24404.1231565
24820.3517099
24547.8666971
24714.3236142
24782.6299745
25205.8403336
25025.9024634
25097.1564289
25500.1102899
25584.9993079
25426.4274567
25813.1476772
25588.938219
26016.5816345
25802.7145612
26208.6304633
26001.1570389
26408.5189334
26201.4542599
26288.238408
26668.8955877
26493.588323
26604.1848391
27001.6839853
27097.8905803
26899.8471323
27291.3870659
27094.063077
27188.4354182
27294.9262478
27418.6511706
27816.7070445
27615.0804986
27696.3609973
27796.3019402
28177.9768359
27968.9322731
28420.7185472
28226.6884259
28618.4521804
28397.7678859
28483.1093222
28602.5780552
29007.5980803
28784.5932217
28891.8270041
29016.3174074
29101.9276826
29507.2578216
29266.3389789
29694.727962
29497.2960372
29591.2840418
29736.136221
29778.4282858
30196.1152638
30058.432039
30103.6312825
30535.8257983
30623.4550367
30707.1465946
30790.8757876
30606.8062726
31042.438699
30782.4138463
31176.0761828
30999.527573
31082.4321661
31209.0802853
31598.6942099
31718.0388808
31810.4126511
31623.8585419
31719.2097066
32098.7145219
31910.7543291
32288.2957991
32070.7513781
32523.9961718
32282.7376739
32386.9319639
32819.373359
32908.8963762
32706.5905464
33090.1910515
33180.5085937
33293.5280702
33400.5285597
33498.9231495
33634.8147581
33372.3443651
33510.951183
33592.911651
33726.5437006
34108.0296094
34211.7588213
34281.6899153
34095.1503877
34204.5015782
34304.5042047
34410.4397478
34481.0897012
34880.8705637
34685.7646987
35082.9196612
35213.3383735
34997.1375358
35424.1586801
35510.7845989
35287.7275727
35431.6087478
35773.2238226
35629.4442334
36006.5044054
35823.3034317
35923.959536
35954.60769
36099.954814
36495.1371112
36295.8296406
36725.2254994
36502.4944288
36589.5443142
36978.4178538
36804.7408724
36912.9618525
36969.6890026
37090.673355
37188.9099376
37589.2440318
37703.8316407
37802.605527
37557.4749351
37961.5337748
37812.0200866
38197.7440356
37990.5552686
38402.3761097
38192.4112716
38316.1702589
38719.9978247
38492.0613393
38592.6790153
38997.6393537
38821.3518142
39219.5013196
39270.0996102
39096.5481305
39215.8827929
39594.6816246
39426.963633
39787.4974285
39602.6738727
39979.7914001
40096.6494445
39927.0232182
39979.3229603
40079.3969425
40234.019338
40605.1886302
40403.9826423
40500.1617595
40616.8431442
40725.6934637
41108.9518438
40906.1097546
40958.4346171
41371.0958012
41469.2385777
41308.5629369
41682.5702127
41513.9776418
41875.6369062
41706.4505105
41818.0388468
41896.5783049
41999.9723765
42066.7238219
42222.7998323
42607.0402207
42394.6404477
42463.7135212
42603.5623282
43027.447852
43134.8021339
43176.9029555
42995.9132566
43417.8584659
43213.7413737
43331.6057799
43413.2577066
43506.4002352
43596.1486153
43697.213192
44131.4384946
44203.9242647
44015.0685736
44101.509404
44174.3646501
44616.6031647
44724.5044407
44527.1116729
44617.7223021
44995.5975224
44800.9711916
44908.0569202
45013.4617066
45093.8240712
45167.7794095
45615.0861488
45412.7661251
45502.2881158
45646.9196625
45704.7667911
46088.6246342
45882.465671
46298.8808843
46094.569819
46540.0373485
46293.3936162
46660.0991609
46501.2045827
46585.4970257
46707.6818903
46807.7733457
46898.5786037
47281.1246226
47117.6079117
47503.6429104
47308.3140986
47386.064605
47491.1280498
47894.4374519
47686.5282915
48141.6936777
47916.0666223
48054.7750303
48100.9252978
48232.1479438
48301.6342973
48402.545693
48471.0432126
48917.9679846
48713.9037651
48799.2569477
48917.479457
49004.5167113
49418.0625766
49521.6596124
49314.5413863
49691.5691738
49757.6968627
49608.6003162
49695.6515015
50081.1912924
49911.0779119
49978.4670097
50410.5780832
50501.4958519
50592.7933738
50718.3429332
50798.6688362
50628.2093279
50720.4407377
50779.286313
50898.3418305
50981.5579388
51082.5120977
51197.8961734
51280.1975141
51377.4538233
51485.7476568
51613.4657301
51690.1239599
51818.1055123
52269.1856036
52001.9677226
52385.5808573
52485.7104849
52606.2980675
52385.6610055
52780.6898157
52627.0609952
52718.9137045
52826.6345567
53159.9344162
53013.7020308
53106.1589483
53208.0296702
53604.6581272
53414.1832495
53793.9109664
53870.6657215
53708.125286
54063.5718738
53916.8164362
53996.8267307
54376.2574082
54198.6557162
54323.4690428
54405.4683213
54518.6440529
54919.5932501
54988.7391113
55080.6495625
55187.884756
55001.23093
55378.5122913
55178.8797862
55316.6115957
55678.2567093
55799.8787617
55902.7391206
55730.752717
55792.0422481
56206.7465608
55995.3999652
56402.7287978
56190.3680274
56305.4720275
56677.5301717
56541.6442692
56592.3931254
56687.3128155
56810.6064326
56917.012381
57006.0374506
57381.899214
57493.5453954
57604.5626812
57703.2523177
57490.5861004
57860.4173727
57686.2470432
58099.8247656
57881.2397166
58009.433119
58083.2660201
58496.2373659
58292.4522223
58688.6862775
58501.9006764
58607.8855169
58713.0335919
58799.4865475
58924.2422388
59343.6235186
59383.7279412
59511.9444178
59598.3523103
59713.9281947
59514.919009
59607.1577357
59682.4458269
60118.8953804
59910.4919406
59976.9917277
60444.1609357
60220.7287413
60564.1373281
60687.6958286
60484.3389233
60894.8668956
60723.3201194
61092.3190918
60911.9161962
61018.7821106
61108.7833569
61541.1084105
61248.0481833
61403.188185
61494.2304623
61859.9323076
61693.9631142
61794.3275104
62207.4229119
62004.9025952
62357.1289559
62496.082058
62633.2063353
62435.0520467
62773.6213209
62590.9387933
62684.5016955
63092.7814601
62907.1969404
63274.8599608
63088.1017273
63524.297057
63313.1728923
63405.1300367
63806.5789165
63862.2040917
64047.8824196
63780.5780712
63912.8734465
63982.1038806
64119.8647244
64497.3739624
64312.7778932
64695.8522469
64768.093817
64575.8848875
64708.2073548
64825.4558977
64886.1501392
64983.017909
65105.3914423
65499.3781055
65257.9659871
65668.8264607
65470.2745655
65598.4704318
65721.020632
66112.5738597
65902.8009965
65999.2297848
66065.8242186
66469.2161323
66659.9363361
66692.6710113
66515.5742736
66929.5292565
66694.637236
66784.567505
67209.3940889
67007.8093925
67108.8245373
67178.7450572
67309.730719
67391.6710711
67811.6677463
67626.747037
67711.7496127
67798.6366252
68229.4655563
68003.8471262
68104.482178
68211.7888657
68259.0400661
68722.4731484
68552.7689061
68605.2011219
69004.1855485
68802.2416107
69194.7835372
69006.5420743
69380.0727978
69524.9690669
69304.7873223
69688.7023901
69487.8763161
69597.4181009
69999.4038843
69804.4075842
69920.3631843
70024.4387662
70131.8457735
70204.0106348
70322.0394312
70381.0278923
70524.7955443
70595.7178544
70719.4063658
71084.8934664
70905.0899024
71016.0989389
71427.283981
71200.1954959
71304.689867
71387.8467572
71784.6966234
71595.6927624
72005.3170918
72048.200129
71934.537742
72008.9665664
72109.5557971
72501.1898695
72588.4592265
72663.2634468
72514.223517
72913.6913856
72716.5118392
72772.7685935
72897.7697945
73008.5571096
73123.3417961
73225.919754
73612.0661351
73372.6409291
73481.6591462
73885.177375
74011.3514005
74100.1318851
73934.9418803
74017.8800301
74387.035261
74193.2520306
74308.9955698
74728.0618285
74507.0773295
74904.9690799
74735.7651331
74808.6096804
74900.1431004
75011.0718032
75091.8448545
75180.8383904
75588.3643729
75408.9892244
75803.4559915
75608.5783809
75691.4439359
76086.1879594
75906.7499504
76260.6516464
76139.1773812
76183.9466478
76612.2928844
76417.9568053
76795.9058427
76580.8069815
76686.0956115
77142.0596212
76943.757638
77326.1067224
77084.0828131
77502.185409
77305.0390636
77396.7259348
77836.5810137
77593.8095056
77702.0740017
78099.9090933
77907.6995018
78316.2463927
78116.748737
78487.223892
78617.9770943
78404.3580427
78505.8657479
78601.1353771
78982.5524871
78854.6137789
79197.0827469
79044.46205
79110.129691
79481.5672886
79618.041142
79420.9349444
79803.9359383
79931.10696
80022.4344431
79812.7532939
79914.0713434
80011.5540355
80066.0934512
80228.2323093
80294.4212446
80398.7031393
80791.5146689
80597.7738119
80702.5502418
80806.9396578
80911.9507095
81294.7058309
81409.4004094
81480.1368058
81285.6571221
81396.8218702
81779.3404494
81579.1228777
81717.5757807
82099.5222073
81881.8353057
82335.3249614
82431.6953036
82480.6096725
82291.7204439
82388.1582858
82733.3722027
82628.4616786
82685.6435273
82782.0378186
82921.0360594
82998.2735881
83372.543501
83525.5208163
83584.1936031
83400.7852005
83788.6889102
83610.2547963
83703.2611966
84105.1640644
83907.9256013
84286.9128338
84094.0338261
84509.4501191
84331.3422564
84691.8025631
84811.382151
84900.8907477
85030.1820115
84796.2431059
84895.5151988
84987.3921101
85417.846753
85502.3767387
85558.6594018
85723.7843544
85810.2661255
85900.0420412
85977.3797694
86125.3632366
86180.2447074
86305.5626352
86383.207944
86477.852579
86258.4380875
86378.6167234
86501.8702244
86626.1394002
86712.5402059
87116.3077086
86927.4539102
86997.5804876
87113.9520835
87482.7808098
87283.5725936
87737.1019432
87507.1516244
87578.1646796
87719.4567786
88091.4534167
88184.8662008
87977.9747709
88368.2336204
88205.2072223
88592.9864275
88430.801356
88512.5680933
88589.8907867
89020.8149793
88810.6350222
88884.9599629
89309.811952
89075.3288689
89193.471177
89304.1214403
89754.8613745
89840.8293918
89844.9379749
89690.7338641
90092.7564507
90213.1402191
90007.2557755
90395.6826062
90213.8116628
90290.6616958
90698.7181808
90487.1827269
90911.4372349
90702.1215818
91119.8847855
90905.3936857
91018.5878915
91114.5796301
91235.4413515
91614.2766009
91393.4149961
91794.1947339
91894.3819826
91722.9128426
91797.960073
92227.6352884
92327.1423162
92390.2064872
92190.8904108
92289.4449878
92701.7947154
92464.3808274
92614.3046154
92974.7568784
92795.213046
92910.5278483
93001.0788172
93090.1016544
93167.1309646
93318.5938314
93729.3589626
93505.1360798
93594.2900775
93990.2692184
93816.261912
93894.7801355
93995.937469
94074.4667892
94217.7190031
94631.0783548
94407.2260307
94809.1674336
94897.0958684
95025.0140266
94806.0920336
94880.129179
95296.818941
95090.2464994
95165.8256079
95319.7280777
95419.8858738
95794.1375868
95893.1759147
96023.1768468
95793.4024159
95902.6014418
96315.1658921
96095.5645849
96199.4151444
96584.6104074
96396.7853787
96499.1269393
96598.6228179
96998.5243662
96802.0954302
96911.3529176
96996.6723223
97105.2662668
97201.5715304
97607.1312493
97420.022541
97793.5356935
97900.4301884
97734.085265
97790.5132897
98207.7829601
97989.2917528
98105.8528261
98451.5197219
98293.8719086
98400.7287281
98507.2964339
98875.5455152
99009.7268571
99067.1874262
98925.2148983
98984.5340357
99058.845916
99200.627318
99606.7247276
99413.2088895
99806.3029852
99612.9783841
99992.9810075
100095.781852
100184.858528
99986.4674843
100060.017894
100494.415245
100287.933714
100384.303155
100793.842612
100930.560523
100721.420979
100812.387801
101204.34341
101307.385589
101393.657301
101173.820169
101302.738753
101410.181829
101506.946864
101909.317674
101972.051578
101796.088533
102203.592323
101997.555811
102398.22727
102527.381637
102300.130484
102717.327149
102498.111244
102616.305272
102693.44382
102793.408254
102912.00597
103023.672958
103077.154603
103178.734161
103566.685054
103395.414267
103505.180188
103917.275198
103972.213648
104101.275371
104221.770273
103997.582618
104096.663249
104206.182253
104617.651663
104430.888697
104781.397407
104919.947877
104701.607829
105085.611534
105190.419841
105307.275745
105390.241656
105187.007719
105304.193494
105395.515941
105782.25718
105884.108169
105992.277302
105790.252663
105904.526709
106303.820846
106435.35198
106459.32834
106602.487484
106421.759433
106776.282387
106897.300138
106692.675351
106839.885995
107210.963194
107032.099188
107107.352087
107200.588784
107300.253534
107686.117907
107769.806695
107593.515034
107679.819665
107783.46697
108199.789898
108007.022732
108374.217214
108492.487886
108277.292055
108377.250504
108795.267592
108632.751814
108695.503987
108795.782189
108935.792087
108984.141956
109110.550579
109188.213211
109293.363959
109399.323695
109774.326534
109591.794419
109980.735677
109792.372938
109876.285363
110021.226238
110425.010239
110207.676624
110608.300383
110416.862571
110791.427888
110592.425355
110998.114256
110788.629678
111212.369833
111305.830917
111079.502356
111165.862006
111604.733121
111678.614332
111491.846238
111928.57559
112032.743314
111767.257536
111913.619227
112310.00469
112382.457207
112505.680528
112288.802082
112676.431328
112839.748647
112911.263322
113036.325426
112805.36021
112935.71619
113300.739287
113097.458062
113201.785971
113321.203565
113408.587328
113497.854677
113578.026609
113997.334855
114081.670366
113919.354297
114026.898381
114108.674037
114491.637681
114297.712896
114429.652749
114787.913808
114605.29068
114989.350787
115130.493269
114907.666929
115313.633956
115080.08182
115506.407792
115330.587538
115419.048262
115784.999656
115585.302872
115674.513166
116093.131186
116194.205541
116303.663301
116099.787776
116489.053183
116310.160999
116668.540714
116522.781034
116867.708835
116991.51347
117120.100664
116904.054225
117015.873882
117094.628409
117188.936305
117582.383239
117694.8778
117823.501663
117907.206237
117696.198877
117772.448685
118185.141774
118307.452171
118417.493925
118188.558904
118627.753337
118430.6857
118803.017825
118631.798538
119003.555996
119100.61408
119197.250734
119008.253465
119419.690563
119492.376047
119275.117254
119719.20915
119480.67108
119890.626152
119692.184294
120125.752188
119920.301071
119986.884108
120111.695515
120196.977665
120333.649503
120682.995706
120828.638907
120945.164472
120710.393078
120812.791611
120892.799805
121301.08652
121382.280229
121212.399637
121329.216901
121383.249917
121529.46675
121573.463853
121716.639188
121795.693636
121871.379343
121985.622342
122363.699173
122214.992432
122309.721388
122705.032194
122503.532953
122917.036916
122702.190507
123131.080074
122916.138707
122989.420188
123092.13377
123499.747661
123282.180425
123716.817413
123498.900813
123583.795965
123999.157938
124068.942565
123889.301152
124262.307857
124099.983876
124197.85749
124281.33271
124391.193119
124494.738416
124886.149217
124695.46674
125090.082244
124875.783922
125021.670178
125092.743237
125193.947248
125297.992499
125674.032322
125499.047191
125901.760848
125989.521663
126101.945238
125905.553084
126284.410289
126436.782851
126175.846863
126302.501419
126720.370655
126524.049397
126581.947708
126993.881774
127076.672324
126908.974997
127024.202893
127091.692886
127528.952453
127296.263796
127418.713987
127556.474786
127909.398042
127733.563084
128092.707546
128194.250511
128312.173528
128074.836812
128249.135806
128306.00855
128400.278754
128819.785491
128600.333537
128991.396547
128764.118034
128934.073569
129371.522239
129097.959535
129495.059024
129621.059532
129414.562948
129802.808482
129627.443909
129969.827427
129796.425316
129901.908929
129999.261157
130380.942505
130536.027265
130278.601696
130400.338359
130493.703022
130630.385654
130976.486894
130834.510085
131244.347299
130981.635795
131394.82218
131207.450717
131612.998993
131398.118668
131500.891283
131597.236395
131691.651812
131758.811634
132207.812206
132320.403573
132359.601443
132486.660809
132310.805221
132711.355719
132523.298342
132897.937836
132693.807745
132805.044
132919.748813
132997.793531
133086.452385
133208.144696
133601.861247
133698.666682
133517.391945
133617.620886
133677.632281
133821.067245
134208.720741
133981.650428
134388.467972
134209.736249
134319.309202
134399.981251
134809.243736
134603.336329
134698.880785
134817.85066
135195.290295
135287.864893
135110.266653
135501.531528
135602.971375
135399.654715
135496.897895
135593.627329
136029.654255
135775.68241
136203.147295
136030.875567
136106.847733
136505.58435
136605.271715
136632.49931
136492.351094
136606.925484
136722.37904
136798.93207
136908.807397
137018.27693
137408.050947
137166.859718
137325.028245
137711.1083
137500.37795
137893.75533
137705.794735
137820.533072
137882.801999
138001.465568
138399.256327
138487.250998
138296.896039
138407.345577
138793.747164
138895.626662
138980.844962
138804.029922
139161.814948
138992.96702
139101.888379
139505.550321
139300.062722
139684.033702
139487.346405
139612.719705
139702.123524
139797.196497
140223.494105
140001.261813
140088.665218
140227.384399
140606.600152
140404.107368
140473.594571
140610.899983
141024.951419
140791.848971
141205.823154
141340.782895
141115.603074
141514.828864
141318.011348
141406.557587
141800.400453
141578.402112
141676.754132
142082.269581
141901.684787
142319.98664
142415.754701
142187.706416
142321.278989
142404.686067
142793.247298
142601.823113
142706.834493
142807.662999
142888.76461
143294.994927
143108.369257
143205.881579
143556.891761
143706.915851
143479.111375
143649.489847
143684.154854
143805.179056
144214.462316
143980.049571
144068.185073
144201.488609
144615.757933
144381.566973
144505.927853
144615.251277
144696.034553
145114.110493
145207.999979
145321.447722
145120.165935
145213.51328
145270.072479
145398.907473
145536.762818
145903.591068
145989.158894
145809.660776
145902.594598
146284.33759
146098.643847
146499.607157
146619.594362
146679.182806
146510.081254
146636.542904
146720.818217
147100.173175
146914.220369
147319.316175
147119.808249
147502.041711
147294.777942
147409.09945
147527.410088
147565.796378
147714.242657
148098.594069
147908.11373
147998.100094
148394.470124
148215.286466
148601.307851
148692.297379
148472.965507
148586.800915
148986.094225
149091.954488
149175.106127
149001.965768
149093.848797
149180.163364
149288.756447
149403.424926
149820.272352
149598.417158
150031.576791
150112.955738
150208.773621
150004.224585
150106.434006
150525.840294
150322.268052
150404.857919
150549.2969
150616.107741
150992.479251
150770.40763
151219.240115
151006.287211
151409.624294
151490.250989
151580.916185
151398.420688
151832.025372
151590.322115
151976.012645
151774.172305
152239.299839
152333.086883
152117.464206
152206.727463
152321.980676
152399.002577
152774.995991
152621.724333
153016.19474
152800.378369
152922.135589
152990.188828
153083.470303
153202.576272
153580.093321
153414.81309
153502.549352
153621.995897
153705.802622
154076.434755
154198.376984
154306.889711
154369.096179
154188.981424
154311.048935
154689.337073
154772.996685
154575.187636
154703.045885
155066.204442
154908.61242
154989.639129
155131.907109
155210.963656
155296.600235
155419.955922
155785.447109
155628.818919
155710.25087
156096.461893
155897.320766
155966.795452
156120.66559
156539.241402
156296.253118
156714.145183
156808.408967
156568.327182
156706.073011
156801.523452
156899.877459
157338.881166
157106.362054
157198.640722
157286.290367
157462.00774
157792.82777
157587.902125
157722.865367
157833.920395
157904.689599
158314.06759
158091.076011
158504.070997
158637.459331
158390.213595
158781.687384
158899.123116
159024.365262
158818.939083
158894.968848
159305.859225
159106.71428
159486.522097
159593.886984
159719.176812
159774.744902
159905.14919
159705.791261
160103.814403
159921.367276
160034.34323
160100.853915
160187.048775
160323.939907
160655.41213
160824.797766
160599.379202
161020.899056
160810.956156
161223.168689
160996.035363
161431.6495
161222.250446
161588.220816
161704.559961
161499.562375
161887.690109
162015.106135
162091.920354
161898.866741
162014.031155
162365.174819
162169.534836
162634.884611
162404.106162
162820.566482
162885.524903
162702.417144
163115.667519
162887.339699
163321.519631
163418.315994
163480.708012
163307.10681
163724.03788
163483.185669
163578.154563
163703.353743
164085.993607
163903.293746
164281.326531
164100.701339
164166.946628
164600.395836
164391.77854
164524.903303
164927.813937
165016.627867
165109.651722
165186.528805
164993.160159
165098.643017
165199.677566
165332.904986
165382.631844
165817.757728
165600.240241
166008.166947
166141.121249
166209.252881
166307.59482
166431.030992
166567.975857
166581.824931
166714.294356
166513.101002
166565.504269
166714.133407
166797.082518
166936.276714
166985.475799
167413.858726
167211.995275
167327.178702
167439.718321
167804.937179
167594.379736
167972.001979
167787.226294
168190.477483
167981.194912
168104.987936
168185.071236
168328.21771
168381.074674
168516.969455
168602.884877
168696.467639
168770.607197
168912.180844
169319.051952
169105.090611
169179.832558
169333.02865
169387.83678
169491.601304
169602.950903
170013.22549
169784.305749
169917.855734
170294.433531
170106.748171
170211.016646
170297.234532
170425.828874
170790.645964
170603.902758
170987.42187
170798.545866
171206.569654
171337.136824
171104.485235
171489.028483
171626.997483
171402.870568
171501.940095
171575.730075
171993.289664
171775.058296
172200.633663
172286.044424
172387.94477
172184.054814
172314.22808
172702.676696
172523.722481
172631.921508
173004.691867
172811.747977
173207.62498
173002.524968
173353.78606
173176.679218
173312.739037
173402.150652
173504.563007
173605.931195
173985.227772
174064.32198
173934.242997
174299.787216
174385.347394
174211.563001
174286.984041
174376.315503
174473.250856
174614.537823
174757.028822
174790.906614
174881.306148
175294.060533
175388.917106
175188.259311
175280.502353
175421.407814
175495.550853
175895.281954
175695.238835
176087.775018
176173.19829
175980.626055
176427.074973
176181.72608
176562.651285
176355.971819
176453.925604
176895.503946
176705.008263
177088.304061
176911.130103
177283.549659
177105.506954
177202.43764
177303.361736
177404.816695
177526.065804
177603.499572
177715.588547
178110.572123
177893.687675
178312.469162
178139.16147
178505.938202
178300.038231
178687.959178
178833.443842
178603.747358
178973.815066
178807.100059
179201.27033
179029.321183
179402.569922
179182.144987
179585.685238
179393.98475
179499.449192
179629.659834
179719.653871
179798.838781
179892.737188
180024.177119
180378.205613
180535.258396
180621.948742
180388.808772
180483.436323
180584.709361
180741.866912
181108.25381
180915.285373
181020.625479
181391.357119
181507.101577
181601.931069
181732.954033
181812.224113
181564.698241
181982.137994
181819.14472
182217.42604
182030.054376
182092.68625
182223.846407
182579.140911
182370.436918
182530.822564
182597.260042
182996.255484
183108.963387
182906.498524
183025.517176
183397.161135
183218.290037
183329.033162
183405.077059
183506.411333
183592.40456
183681.837496
183796.91533
184143.82622
184012.350494
184109.593738
184195.701179
184323.866304
184377.727479
184792.151702
184615.911397
184712.260504
185134.827285
184929.03322
185316.915098
185402.495502
185546.366762
185595.276068
185687.951438
185487.597447
185911.547002
185703.047736
185786.387452
185883.853758
186004.759746
186416.968408
186207.342169
186276.032568
186683.151791
186484.902352
186635.580527
186694.550446
187153.871585
186931.317592
187317.795615
187098.412115
187510.473635
187302.062741
187710.371214
187787.17542
187584.843424
188024.45999
187814.613555
187885.136768
188028.857265
188111.328122
188195.804407
188595.037687
188413.134839
188821.881932
188588.133339
189011.864022
189120.935826
188908.523644
189299.399352
189065.94673
189499.900996
189306.617028
189400.272553
189779.376903
189890.765681
190017.393932
189815.499078
189885.114454
189994.018566
190102.356026
190241.139147
190292.941813
190693.659603
190803.213303
190614.170822
190699.24281
191115.454855
191194.525453
190972.2422
191095.752703
191206.07019
191302.998252
191696.957117
191514.378131
191584.571357
191675.425584
191823.766182
191922.907776
192018.509538
192125.844146
192517.237827
192589.484006
192706.823869
192496.001886
192610.649371
192703.296225
192840.033162
192890.479599
193005.827607
193427.32765
193222.683198
193623.197802
193413.494346
193770.575492
193562.576426
193986.945499
193799.839202
194175.78641
194012.354818
194119.696372
194216.877536
194623.553362
194415.282917
194798.600821
194890.592319
194994.552992
194807.943827
194892.853492
194999.484064
195143.675753
195220.272569
195315.24734
195379.009181
195818.789451
195572.767811
195702.994959
195804.247113
195887.173471
196024.086596
196131.165897
196220.008453
196581.714502
196413.874963
196487.085197
196871.53463
196991.225666
197083.637093
197191.890147
197338.690338
197078.755891
197511.184145
197288.072102
197699.972204
197765.193216
197598.568658
197702.86856
197798.079722
198203.339515
198290.00366
198080.322782
198500.810901
198598.809059
198679.886352
198484.418107
198595.791771
199000.285803
199117.068633
198913.208762
198994.218255
199123.027562
199496.275897
199315.930795
199419.888895
199521.07518
199890.695895
200000.720368
200104.625647
200184.184529
200304.860541
200414.614876
200192.517062
200624.15234
200418.983495
200494.68765
200921.45067
200704.840697
201077.497475
200891.153918
200998.324813
201090.036961
201189.61393
201591.068893
201676.901997
201503.965841
201877.56145
201724.124935
202117.357139
202186.606487
202302.950827
202395.655946
202224.896542
202602.942784
202677.682915
202528.212491
202915.000027
202700.871398
202779.588574
203193.072434
202977.384993
203434.444982
203486.580277
203609.28874
203403.863621
203806.147943
203906.30166
203722.890237
203786.919314
204204.033165
204034.267676
204100.881855
204217.840227
204319.479721
204410.621038
204801.958813
204598.725127
204703.676529
205107.944824
204885.201212
205316.748861
205114.901434
205171.538982
205326.470897
205429.063276
205799.289502
205924.156149
205679.402127
205808.822978
205922.058316
206293.880072
206411.659197
206211.521913
206314.538349
206688.905391
206780.080812
206633.268534
206680.858234
206819.06583
207208.387793
206996.166154
207118.950529
207487.20602
207535.921659
207761.688729
207509.716102
207590.262116
207981.424846
208075.876481
207901.775106
208287.421694
208409.134768
208199.684082
208588.830627
208408.910738
208491.301039
208611.030032
208967.583841
209077.205696
209211.674129
209037.226374
209089.631656
209499.643072
209267.657135
209690.182142
209803.569762
209882.102591
210020.024243
209794.399588
209900.891114
210004.240553
210093.992106
210231.136823
210569.658845
210441.953252
210502.512689
210901.279555
210719.627162
210772.308597
211183.005589
211019.774925
211411.178191
211198.21698
211268.946328
211722.791949
211507.876823
211616.769991
211981.754283
211798.755842
211898.549387
211988.274541
212088.85797
212243.137
212599.583893
212396.801347
212473.194159
212624.81341
212681.36759
213138.180924
212877.745297
213018.531974
213394.340302
213536.690351
213276.558
213417.991454
213516.362932
213932.921336
213724.071038
213819.119624
213914.406126
213988.441292
214106.329481
214214.475708
214572.019893
214387.606814
214484.385123
214586.826192
214712.456781
214784.778016
215218.66517
215310.45434
215396.68714
215506.803695
215324.3437
215382.697324
215787.407035
215576.536416
215720.052447
215810.446655
215898.559015
216271.158251
216100.221342
216485.851265
216307.340736
216733.753217
216485.399508
216889.437593
216658.14134
216753.724125
217192.364103
217304.523716
217079.308592
217205.293651
217302.252915
217419.561223
217807.863149
217569.609524
217991.191698
218124.914337
217882.74809
218032.059016
218406.524581
218481.234511
218336.102388
218415.576159
218814.100346
218619.063029
218976.545372
218806.057039
219188.59679
219330.20894
219408.329277
219550.452473
219311.511278
219426.942762
219482.940611
219605.98653
219696.479309
219769.923296
219902.127993
220315.84784
220377.283815
220220.429851
220308.995283
220403.869144
220813.67445
220862.50757
220702.733496
220823.172725
220872.60292
221287.074204
221410.339667
221532.715993
221301.341573
221698.267268
221512.807362
221608.596287
221715.302846
222119.875127
222187.141843
222027.259662
222095.686617
222492.548433
222352.559162
222703.112571
222523.084134
222879.488226
223014.535277
222762.114489
223223.50161
223293.754229
223381.536234
223496.392865
223587.762765
223415.151608
223812.067295
223620.133953
223670.711375
223802.716443
224175.363443
224023.378078
224405.743884
224469.077946
224302.337662
224371.088956
224841.487695
224561.252348
224992.62399
225141.18104
224906.024907
225286.429662
225107.235784
225209.235007
225317.216416
225692.363044
225507.03125
225892.569926
225972.363291
226075.892372
226207.479816
226321.865055
226128.290209
226514.35083
226274.136427
226689.969614
226502.191925
226930.418035
227014.148459
226802.883803
227203.51045
226985.467562
227434.637279
227221.3276
227311.85138
227690.843504
227756.792982
227594.79461
227696.008051
227810.77804
227883.745692
228292.140082
228378.452033
228499.209008
228586.261058
228403.895865
228503.827244
228586.351909
228724.300322
228789.685254
228882.39842
229023.439995
229085.350838
229170.670847
229661.19164
229417.505961
229515.572324
229583.982785
229701.835002
229779.762974
229903.660388
230281.069764
230121.353028
230165.211413
230279.417275
230387.183571
230498.728238
230918.72434
231014.014491
230791.510579
230922.887349
231004.709996
231426.339228
231501.378935
231556.043409
231435.963245
231788.598007
231875.363779
231727.322707
232108.328695
231901.642156
231991.327496
232123.615545
232484.11688
232304.15519
232711.208454
232490.842711
232901.710714
232715.582254
232801.998936
233193.444597
233324.095956
233105.677329
233523.527918
233305.679941
233400.793359
233501.826654
233877.486041
233692.891593
233811.224284
234181.222676
234026.440828
234375.291061
234187.93325
234299.119943
234395.549539
234484.263592
234621.574153
234685.42039
234790.732839
234905.635686
234988.84448
235411.853854
235196.9962
235281.835139
235386.004929
235791.041358
235603.962527
235695.247979
235820.904793
235890.186421
236297.933249
236083.406573
236168.36327
236301.378795
236682.163978
236533.238026
236902.344782
236977.5503
236804.117446
237221.752723
236985.758497
237105.771723
237498.135554
237302.605808
237381.155937
237796.5212
237910.109501
238006.554523
238102.090337
238157.266262
238001.712398
238388.776266
238171.035592
238591.513157
238694.454536
238506.667413
238866.94406
238716.416367
238781.750532
238940.325591
239286.075488
239405.444896
239210.129996
239577.77104
239386.793385
239483.668752
239619.155882
240010.636432
240132.668234
240208.711507
240319.963037
240445.142568
240237.268962
240613.368059
240387.467437
240829.082067
240918.172256
240740.51539
241090.717979
241179.828012
241317.810767
241098.616246
241202.610055
241626.293304
241394.239834
241503.571348
241909.313376
241699.691658
241809.279085
241912.229618
242330.779251
242407.548101
242219.733115
242280.235015
242704.754933
242780.364036
242602.071117
242995.124532
243074.726672
242876.904956
243015.738121
243104.303011
243495.967949
243305.808642
243675.009864
243807.620255
243924.096916
243702.751802
244070.86427
243904.988443
243984.73962
244104.79764
244201.313414
244582.496177
244727.49777
244470.305706
244924.290572
244704.405693
244794.109715
245208.623454
245322.832645
245091.377714
245479.646514
245293.567188
245421.110549
245787.797855
245613.063958
245723.010801
245827.290134
245925.830869
246296.229589
246399.535384
246183.704367
246266.446879
246419.291512
246790.716534
246618.014909
246722.499106
247087.980471
246902.395314
247287.898546
247107.182876
247179.84735
247294.574786
247373.460949
247511.092951
247922.487769
247991.683766
247812.128679
247909.653413
248348.040575
248095.08201
248175.343717
248600.758976
248430.01235
248494.861398
248643.565595
248668.215238
248811.223249
248896.246857
249312.194247
249105.831336
249212.403577
249285.028515
249664.84307
249526.260552
249605.808109
249720.921516
250095.71355
250185.317738
250312.300351
250071.287282
250196.824183
250608.473184
250686.910806
250511.988388
250889.973438
250700.886889
250774.917439
250898.925048
251287.859713
251384.579236
251195.989275
251292.154696
251744.248124
251810.127209
251595.225973
251970.585684
252075.835999
252208.930743
252009.774514
252104.751909
252196.074998
252321.190212
252373.289646
252519.802388
252903.427629
253024.110626
252792.740735
252908.078295
253294.855746
253413.243317
253205.436002
253303.787987
253360.604906
253518.836301
253575.20151
253710.331891
254108.505847
253906.330924
253981.756663
254406.722672
254210.986867
254306.028455
254405.914643
254499.449137
254615.507353
254669.338052
254769.127295
254914.075683
255298.81694
255084.595237
255233.053052
255289.927987
255386.593209
255799.101327
255597.929581
256009.306131
256069.215316
255882.455575
255995.742538
256397.211501
256179.037945
256579.325925
256692.248117
256498.816507
256619.127921
256722.019686
256803.836683
257222.604033
257317.217032
257393.703814
257433.800146
257295.499594
257422.763382
257780.524494
257893.485565
257686.887497
257792.283963
258226.976207
257997.629338
258122.857594
258194.428168
258610.135158
258395.462883
258493.46009
258569.159721
258991.973802
259124.46674
259235.598121
258957.117143
259390.661837
259478.613705
259578.335257
259393.563061
259518.878951
259923.812571
259706.72536
259808.591649
259905.771462
260005.188922
260093.089849
260183.110819
260317.711473
260370.656775
260515.971967
260897.876671
260705.165378
260823.475969
260884.1031
261029.985185
261106.108892
261507.148949
261593.72622
261733.187564
261777.936934
261620.783518
261970.869829
262072.724092
262207.742207
262304.188026
262103.758244
262209.427711
262303.543928
262378.002682
262482.245848
262883.96318
262970.879024
263108.764425
263190.36552
263311.880768
263116.477056
263493.702163
263298.005881
263413.171634
263813.217093
263593.560208
263961.863469
263782.780601
264183.914504
264329.308352
264382.140706
264178.608137
264330.385983
264402.666752
264815.224952
264562.807387
264995.761316
265105.772818
265197.142799
265010.961267
265118.090625
265461.113782
265311.980299
265698.382126
265796.370663
265604.039076
265715.311786
265808.053612
266192.458312
265976.122801
266111.067644
266224.554983
266313.895925
266722.01101
266510.246351
266592.506933
266719.684335
267090.579546
266899.885255
266992.789787
267095.888863
267488.527925
267582.388988
267399.058706
267503.560193
267620.044527
267685.435047
267815.895714
267910.936913
267994.981045
268412.686697
268224.026202
268619.068862
268379.499476
268497.869886
268593.828294
269017.688281
268801.696242
269210.507577
268992.718401
269106.309064
269226.540212
269330.290496
269402.921349
269461.576692
269583.356526
269700.032772
269799.200342
269916.062559
270302.593446
270125.222312
270491.476316
270639.980006
270381.405323
270476.596663
270887.31068
270720.304924
270795.697435
270886.625084
271320.292425
271104.170456
271471.614047
271282.577745
271690.919115
271793.80261
271592.189764
272012.838494
271811.472349
271894.20845
271988.086953
272401.775555
272507.693503
272292.382951
272411.160722
272532.437139
272915.792237
272675.643615
272807.306839
272892.469367
272981.0562
273111.359689
273189.734624
273293.453613
273411.629707
273489.509379
273599.694421
273987.339164
273793.679182
274193.349572
273957.274467
274392.94143
274506.244121
274601.181455
274734.219782
274503.070695
274905.0868
274697.184168
274836.089975
275222.168685
275337.116588
275350.795315
275194.255601
275322.635397
275415.803228
275524.325839
275581.662919
275709.896701
275817.272063
276167.820585
276001.357182
276076.958341
276210.617483
276588.234734
276388.440292
276762.460337
276596.73849
276700.238655
277048.508531
277187.912288
276998.527838
277414.524725
277492.201849
277290.05782
277687.282061
277513.852402
277927.59634
277974.730019
278089.423181
277919.231569
278004.224314
278424.538252
278230.208652
278282.60674
278410.26868
278807.176629
278901.955471
278984.911259
278812.054708
279207.148798
279252.752743
279391.746898
279202.901309
279288.460622
279710.562306
279810.950369
279587.734249
279710.556458
280092.289634
280196.100874
280019.171856
280389.478232
280180.760915
280313.926133
280411.748173
280494.089523
280854.818346
280703.065848
281078.594845
281156.640314
281011.989546
281121.174675
281166.158713
281604.932101
281381.200521
281488.491251
281885.093521
282011.817581
281825.098345
282179.802393
282327.2256
282401.509816
282197.651217
282303.515316
282679.246119
282770.1906
282902.340474
282971.845188
283101.782016
283149.085686
282999.026076
283408.434638
283462.139998
283603.214058
283393.118875
283515.133971
283910.292715
283695.640218
284119.288928
283921.566743
284303.207547
284383.074235
284484.178369
284308.896555
284408.735122
284496.274737
284642.564929
285028.6874
285120.420395
284901.445794
284974.616425
285098.535822
285199.933118
285599.183082
285668.595509
285519.152354
285597.763037
286017.654897
285786.426152
285904.00077
286000.479582
286399.117939
286494.015632
286321.431348
286686.499095
286505.4624
286550.724079
286685.617267
286792.88618
286904.770648
287276.496757
287394.867889
287190.025574
287314.501011
287716.657574
287790.620097
287593.893122
287737.641448
287811.685006
287871.712982
288299.223129
288403.166681
288160.293438
288264.869709
288684.563183
288483.294337
288596.003161
288722.927462
289091.111162
288933.155423
289009.468281
289107.787368
289465.095598
289304.57923
289389.893845
289517.951242
289603.857837
289995.097098
289797.309869
290210.637928
289992.160202
290104.289408
290190.762637
290286.758053
290387.546465
290458.71511
290569.688341
290995.737897
290810.586805
290900.625551
290981.10942
291083.448609
291189.903994
291598.430441
291666.889038
291486.886738
291604.471711
291702.828588
292115.946329
292207.774706
292041.91295
292099.612835
292189.764303
292292.415635
292699.863435
292493.877975
292600.051634
292722.203652
292809.840984
292908.812216
293016.832412
293388.536987
293208.008539
293307.180614
293381.661686
293486.59418
293594.397626
293701.59201
294102.361062
294192.820835
294286.884561
294119.671794
294520.954838
294285.952815
294717.082676
294497.470691
294918.980816
294985.545208
295099.87623
294932.340625
295016.195113
295398.035165
295180.437352
295310.335027
295416.413066
295467.115626
295611.318602
295708.373505
295810.272618
296237.957871
296314.969602
296092.962517
296191.501055
296610.301862
296720.130187
296517.662162
296603.366713
297018.489328
297065.804318
297231.065858
297315.452752
297409.271404
297215.505554
297312.10559
297663.901756
297531.816574
297866.532777
297990.617818
297814.554897
298198.346882
298298.605844
298113.800904
298515.531206
298613.41467
298710.755835
298508.424904
298579.65084
299005.649389
298812.480158
299225.133912
298996.444115
299071.483705
299209.334978
299593.641915
299441.13424
299521.332775
299592.090404
300008.155731
299816.632076
300197.604105
300306.654453
300102.839032
300188.833323
300296.130215
300694.76729
300805.237674
300861.102856
