689.685770369
801.567124164
922.82115606
1287.910702
1420.77456785
1201.44547822
1604.5758736
1680.07796304
1809.28842787
1911.09249787
1691.85832999
2104.66803094
1882.30093347
1976.62579502
2377.63446954
2210.45690423
2310.45632505
2403.83491345
2794.60335557
2625.19440889
2975.30281121
2802.53201403
3206.67474983
3002.06363408
3380.44938832
3457.92390158
3292.30987486
3399.05995449
3499.08276285
3857.7716527
3694.07709212
3794.99815805
4194.28227665
3987.35932258
4392.45945236
4197.44776717
4333.35264165
4719.02310192
4775.93131644
4569.88245492
4989.11246958
4853.20705176
5217.86330752
5032.72722193
5404.02488519
5222.53234408
5602.49107109
5669.10320116
5822.76318935
5601.07335186
5998.76874983
5780.30821307
6219.82403107
5998.17986822
6084.34118327
6500.69431831
6604.62191089
6403.73818547
6474.69235689
6912.98237451
6729.21894242
7059.00406805
7178.27864306
7302.92947678
7111.47850412
7197.01431798
7307.52113177
7374.90600296
7491.12368344
7899.0435377
7954.37489203
8082.70314909
7890.32060652
8034.80252455
8401.08156263
8494.41876976
8310.94985825
8401.36949884
8509.32205905
8909.59742937
8975.25311864
9102.66792761
8923.23757238
9320.05463569
9123.64141914
9192.15634615
9283.09174775
9376.89137194
9515.92300506
9596.47697789
9981.56801724
10095.7320296
9897.33286646
9994.74234666
10088.1691778
10202.9778536
10624.1388422
10662.2072244
10474.2395591
10602.018725
10987.3857361
11119.1076176
10896.4988499
11277.9521568
11097.7061163
11189.1024465
11336.1967617
11712.0185651
11495.13918
11640.3789145
11985.6917243
11770.9984592
12209.028385
12024.4529083
12403.8542825
12193.3392261
12272.7905915
12706.5192889
12805.8929853
12612.0081076
13007.0802345
12804.9028612
12905.9431947
13300.2989199
13398.7329561
13223.6901753
13309.5937943
13741.8347167
13522.4995758
13618.5247185
13676.9915869
13789.2544832
13926.0816998
14001.6214985
14076.5284059
14511.1093737
14296.7772067
14736.4302566
14508.9093661
14600.5746134
14697.3329139
14813.783011
14921.6583883
15010.7904459
15106.6345745
15197.9525858
15316.2703312
15414.1584197
15792.0488438
15616.8878751
16001.4267878
15803.4891774
15941.3515057
16015.7826696
16420.6793196
16211.1212628
16298.2448648
16422.4917029
16495.6169574
16596.5123877
17020.6993111
16778.9250212
16918.4616533
17307.9248449
17365.0279294
17185.1776251
17572.1085795
17401.3925596
17497.2603591
17874.9346415
17704.7036685
17780.7481897
18194.9971804
17999.2098914
18089.0459395
18204.4648637
18303.0019736
18399.1638329
18491.31194
18613.2612125
18699.3950313
19087.08977
18907.1699596
19318.7957591
19117.6625189
19195.8328053
19614.1860758
19378.349354
19778.6837621
19569.3108542
19707.2657782
20083.3208665
19919.9285537
20293.1093319
20405.5469773
20220.1015681
20272.6569575
20373.7600706
20790.900092
20926.8398363
20982.5901904
21094.7071427
21216.1722972
20966.8725992
21432.9788484
21167.7309759
21583.8349789
21360.7662287
21786.1656183
21939.6176396
22003.2578439
21786.8533332
21875.1495725
21995.7431658
22389.3416688
22523.2400487
22597.758215
22384.0214629
22495.4711747
22621.5125605
23008.991951
22802.5541945
22882.8001891
23296.21995
23082.6838851
23186.5120378
23568.2623176
23415.273603
23500.9327859
23622.6944771
24017.1129852
24076.6045796
23919.8259098
23971.3204876
24110.3137128
24218.7606087
24271.3868192
24394.6608162
24531.4220698
24590.2465091
24687.579868
25108.0235841
24857.9387383
25013.2907832
25100.2307773
25194.2213714
25605.5314332
25406.8338026
25800.8989888
25901.4677966
25991.2366663
26087.9265023
25940.0860811
26318.2080649
26104.3414432
26526.668618
26318.2332859
26693.1134614
26778.6312583
26628.6783436
26691.4745518
26789.9578088
26905.1838127
27320.1625996
27403.8793412
27189.2078418
27293.4964991
27733.778593
27825.0151936
27606.8488388
27974.5113116
28072.2972356
28171.2013372
28020.5303121
28096.3951205
28151.181369
28287.7354811
28412.8164634
28524.6558823
28938.771685
28683.1467333
29121.5382281
28901.7228264
28977.0748918
29378.3220812
29198.5628664
29298.3567541
29701.2341514
29502.1246826
29602.9151823
30025.4869134
30142.7084429
29911.0572049
30006.8671144
30391.0878022
30209.7027397
30324.3732694
30688.2954884
30786.9462199
30913.9119462
30706.4874751
31119.5042396
30905.4882778
31021.5381798
31409.2180165
31193.6490017
31294.5030855
31393.90372
31793.2238266
31895.2970136
31693.6420953
31807.3427145
32214.4183643
32280.6173128
32118.3579064
32190.3842337
32604.0244122
32398.9628179
32484.7588648
32614.0207314
32976.9241848
33111.2162596
32890.8672481
32996.6442116
33088.2502342
33470.4936324
33581.8375669
33701.4776778
33787.9077091
33897.3384953
33655.6393018
33806.0454053
33907.8703872
33981.780314
34113.7025293
34483.0933063
34286.5318473
34410.5932418
34473.9462357
34911.9711065
34680.9503593
35090.2613925
34925.4474767
35022.2508303
35102.1540422
35489.3828393
35611.8624757
35683.4098094
35801.2972458
35620.9029369
36023.2211675
35823.4686398
35877.4881612
36307.2636327
36394.5675114
36482.9101159
36306.4508003
36676.5116341
36510.532616
36614.5459384
36682.7452049
36813.2736529
36920.9210971
36986.9427787
37418.2066121
37488.5178626
37571.3930917
37420.1715288
37785.9708113
37889.1809212
37999.8112841
38092.5233783
37892.4905822
38307.8176796
38381.2819132
38209.6502674
38304.8872216
38691.3520256
38797.455225
38899.7984778
38701.3345886
39129.4795915
38905.6081455
38997.7332402
39108.7408255
39172.6368941
39585.0485648
39409.8774069
39747.1117934
39590.123176
39705.7306314
40135.8092767
40202.5986591
39976.8118203
40106.2420647
40510.4698185
40578.0464082
40387.9421338
40797.4140909
40885.3479392
40705.9855917
40799.4283953
40916.8737937
41005.2285779
41382.5063463
41221.4214206
41298.2009647
41407.0454705
41520.3683683
41604.4235407
42009.4031795
42090.8074339
41889.9252817
41993.9627374
42412.5971441
42510.0564943
42607.1735365
42415.282073
42507.5619551
42612.646389
42687.5790903
42799.9736274
42913.8222382
42981.6743185
43101.6681414
43210.1312588
43638.0182882
43714.7309937
43488.2098134
43625.7215026
43681.7688034
43778.3949851
44199.4126098
44006.9173618
44414.4472893
44506.7730563
44254.7518322
44388.5254712
44809.2889338
44601.9235854
44982.52552
44819.167893
44923.473339
45008.2656981
45421.5310761
45543.9631893
45567.5097075
45417.2170067
45512.5416155
45568.2164354
46001.8279949
46066.0016631
45901.5265587
46009.5115931
46100.3418513
46206.73906
46314.9749424
46392.0165528
46508.5891709
46654.6814887
46680.1506275
46796.6766134
46906.861759
47304.6316605
47089.490531
47215.8141337
47292.7529452
47706.31867
47510.1364286
47892.0171221
47693.8497397
48096.6971725
47926.8504232
48314.524556
48392.650345
48221.5447467
48639.9692464
48381.8682961
48487.4354601
48606.2006504
49016.6367622
48786.6166749
48937.4613129
49004.177154
49113.679156
49203.9202313
49581.4996362
49401.1727335
49525.0736244
49604.3023533
49693.7035086
49800.6180471
49916.4046661
50329.7147595
50381.3712507
50504.1881565
50610.2473307
50396.2374146
50517.72691
50591.2164351
50683.1584903
51102.506388
51206.3641498
51308.680162
51084.130761
51480.7800066
51656.3700995
51433.03428
51491.0428845
51906.985562
51990.9911719
51827.2313309
51905.27275
52301.6492151
52099.961077
52220.5251789
52611.6469427
52431.9080766
52513.3328127
52611.9465218
52707.533266
53091.1032208
53210.2810947
52992.3246789
53403.6164905
53194.8690918
53608.1272833
53399.5098494
53822.020058
53944.1406961
53953.1100547
54095.9606392
54225.3630109
54281.9778572
54108.3549879
54223.7159768
54621.4662634
54391.4702506
54768.4486009
54913.4362962
54674.1008819
54799.2439447
55168.6496733
55316.7589793
55073.7502446
55489.7693848
55625.5037102
55659.6313875
55513.8765807
55605.9252015
55999.7249137
55805.1026683
56202.7280978
56007.3738118
56085.4091141
56510.7545055
56585.3975129
56411.3410279
56515.9858151
56600.0422393
56732.615863
56809.2206691
57199.0963669
57319.1909409
57074.5777282
57490.2373098
57322.4919521
57705.388433
57484.4326095
57920.5234247
58028.0393764
57802.5133829
57892.4518047
57968.7079384
58400.1692622
58218.759984
58581.2633235
58686.821385
58495.3881696
58606.5440955
58700.9640785
59117.8794213
59195.507775
58985.2050213
59101.6001849
59207.5932917
59300.0288919
59370.170364
59534.2640209
59865.6329313
59962.9330059
59815.1895025
60155.9888903
60010.3122052
60121.760021
60170.2657649
60594.0244827
60671.9473822
60819.1662708
60615.7577593
60732.1928263
60814.5020434
61193.8007414
60992.3156978
61087.3967403
61483.2789385
61306.416967
61443.113874
61500.3482477
61596.7812666
61722.4242538
62126.7700728
62214.3399786
62322.5855058
62375.3171345
62179.530537
62586.3109531
62697.5540359
62797.4600751
62592.774536
62723.707153
62772.4930593
63200.3303103
63309.1172638
63098.9608466
63218.7246601
63621.2089231
63661.9774396
63484.2844123
63611.2142842
63698.0951042
63800.9869166
64238.6860036
64007.6068247
64435.069159
64505.1678184
64281.323462
64428.1254199
64507.3633637
64602.264685
64691.0948918
65101.4905115
64908.3676219
65300.3911766
65353.1219614
65186.419485
65278.8136088
65398.807846
65784.8824756
65619.8172423
65990.9342426
66113.530551
65873.0200413
65999.2429687
66099.0499409
66203.8471694
66611.1927217
66691.5502501
66475.242082
66913.1719108
66726.8919059
67105.7773733
66903.5542137
67005.7434464
67084.5653468
67517.6604508
67580.7674482
67398.551292
67773.9213366
67598.4020078
68034.610755
68113.9575023
67894.9849578
67987.8201023
68071.5502211
68520.7744997
68308.0563288
68682.2413692
68488.3651949
68905.4413576
69019.5602035
69129.6734985
69215.8440073
69271.2770395
69095.7350421
69508.2036732
69618.4771761
69420.1972898
69792.6935116
69579.6820515
69662.4585695
69796.1436684
70161.9561211
70276.9706593
70371.0531303
70210.8745401
70290.870912
70396.2116157
70829.64106
70882.1256413
70679.2161958
71079.2895156
71164.2931462
70983.8405167
71110.3055073
71181.7674291
71574.9812787
71407.7466343
71796.9004218
71888.8296168
71709.6701434
71783.5792766
71881.0318481
72293.8416056
72135.7481806
72484.4970977
72554.1469152
72403.8257918
72823.998048
72908.4336867
72692.3440064
72800.3033856
72934.3826348
73005.8693894
73403.0980137
73215.2240086
73350.315084
73693.6217166
73829.2079301
73876.7611402
73726.1146166
74068.0439621
73893.5363407
74018.3791283
74127.2616904
74506.7719783
74301.3829488
74403.2936986
74490.5932022
74590.5721977
74717.1915982
74770.5641323
75217.6096519
74990.6072911
75104.3555986
75226.9728764
75604.206455
75714.3017402
75527.7231733
75603.1336317
75694.2553072
75843.8626144
75928.602036
76283.6027311
76402.5712246
76206.061876
76284.7261697
76411.4381527
76483.3147783
76862.6851996
76677.7008621
76794.5148541
76886.2727504
77297.5007573
77094.7750015
77199.9205564
77624.0831783
77661.5338561
77768.2446349
77613.3210225
77725.8703757
77797.6380633
78197.3763711
77978.7989261
78387.5391342
78515.5909218
78309.6900917
78700.051
78489.4534376
78609.5723075
79009.6876132
79057.2610884
78906.2818008
79310.8073543
79387.6694252
79238.2003859
79576.1127449
79725.1478534
79518.2459327
79599.7206399
79979.4195587
80088.9580362
79920.2365341
80314.472136
80105.2841594
80485.2011549
80607.9015822
80431.0610405
80787.2228563
80588.0448112
80704.5600028
80788.2978848
81217.6708043
81270.027325
81398.8669207
81193.8971933
81605.7287086
81421.5054679
81533.08014
81906.165523
81681.421035
81804.4068974
81906.4029709
81974.2068447
82109.7056316
82191.7677096
82300.8615583
82678.5940299
82763.5851884
82899.2768367
82693.9489468
82807.9137695
82863.6064632
82995.5888133
83105.8840294
83513.8618924
83625.9072214
83397.5681403
83500.8512746
83614.6357196
83706.2977778
84108.5795732
83917.3984818
84303.5179471
84095.5681303
84186.3785907
84323.0874095
84390.2496111
84505.2917379
84559.6471035
84693.7993496
84800.9063648
84904.5817473
85281.6024268
85102.3647242
85219.7129044
85291.8258291
85700.6231111
85487.7843006
85895.4506836
85969.6963267
85802.0661082
85877.731025
86029.6960561
86095.1941976
86494.3088274
86264.1681568
86707.644003
86520.8187809
86622.0517541
86720.3698047
86817.4463732
86882.8740571
87042.4576958
87102.7711388
87486.3136901
87312.4048058
87375.326113
87544.4695853
87618.5124939
87701.7752483
88096.5443327
87931.4866212
88012.7623742
88388.3935144
88190.1456051
88285.6454608
88708.796269
88496.8229177
88591.9108823
88709.1772452
88798.5951417
88888.0269884
89005.1471603
89112.8805598
89521.2475411
89573.230391
89714.4700164
89514.2785945
89602.4660259
89685.939552
90067.0042519
89896.6765672
90302.5296754
90102.8655646
90224.9689527
90309.8091294
90394.1599712
90844.3730883
90903.4627644
90681.0033331
90794.9947068
90912.1863036
91034.6639952
91411.0764117
91506.4825307
91311.4145048
91398.5795584
91484.1383111
91596.8096369
91996.5587838
92131.9011064
92180.2917077
92281.0553205
92388.5728579
92485.0559715
92283.9413968
92699.8483706
92496.9880441
92924.8868161
92730.3196259
92783.2524765
93238.1339554
93291.8912463
93085.2883908
93231.8587023
93579.299109
93722.657394
93819.4147086
93596.5699292
93717.507507
93816.0019644
94215.927712
94008.1252253
94116.1632165
94512.7301663
94626.7137646
94390.520649
94805.7501633
94868.2274655
94687.0497158
94808.9574483
94916.4096845
95337.6396118
95402.1981581
95482.2336134
95623.032665
95407.5622709
95821.9497413
95611.4711663
95680.2275972
95794.6541173
95933.3136854
95999.5819018
96408.584446
96506.9432051
96301.1003758
96397.4711519
96813.5442844
96866.1902002
96686.4568918
97112.0812858
96907.5602023
96969.2008841
97101.8649568
97534.0625047
97355.5494
97411.4296922
97511.6746131
97563.0314204
98003.1625642
97787.5618311
97924.9193451
98019.0030883
98408.8759022
98482.9466075
98552.4651509
98394.5495812
98835.9623183
98916.9292018
98693.6001513
99121.7858992
99177.0974152
99281.2156399
99396.9375657
99181.3856033
99612.1451884
99407.921704
99809.6564543
99928.1912104
99677.7106176
100105.963811
99945.4909941
100337.169895
100376.265406
100212.167098
100615.651707
100410.034956
100814.791579
100862.338912
100951.761585
100798.480614
101227.411247
101341.650709
101096.120229
101516.316217
101299.956151
101404.253722
101786.561346
101571.263263
101974.782836
101762.697751
101888.51168
102009.43771
102367.806869
102230.708954
102324.875278
102376.929584
102818.774092
102593.729861
103007.920798
102796.06044
102905.600206
102991.917401
103125.741055
103497.662943
103325.665153
103694.70995
103510.273104
103584.060877
103734.866703
103790.885153
103903.572066
104285.522262
104384.498726
104516.629634
104341.510859
104676.719092
104492.809225
104903.610276
104953.837249
104779.723504
104912.650801
105323.238905
105393.39363
105211.278748
105295.167298
105710.652651
105801.716285
105902.104486
106005.978539
106083.712202
105890.941515
106001.391575
106112.383987
106209.341614
106571.630427
106716.639913
106494.15087
106877.031137
106684.32319
107093.152567
107164.041757
107020.881516
107108.626599
107514.346571
107271.879973
107368.149532
107811.905168
107586.558889
107703.646856
107810.022903
107890.57353
107983.891946
108106.600812
108210.407218
108312.778311
108381.991073
108485.063256
108625.649012
109021.891555
108798.864475
108920.100492
109319.485503
109108.577412
109212.573575
109298.163434
109691.49687
109481.400641
109869.332091
109685.947413
109810.898273
109877.575347
110296.227263
110094.139485
110207.865744
110310.489275
110705.15413
110503.692305
110613.837525
110679.011982
110763.805133
111179.685718
111016.990511
111435.943934
111528.093245
111578.154411
111411.023695
111497.154954
111604.042455
112053.714713
111828.593353
111926.796892
112019.128799
112123.026136
112212.981419
112305.248453
112700.378331
112507.845196
112592.152732
112996.320634
113104.891652
113192.412289
112994.227427
113403.321873
113184.306893
113298.249468
113703.436696
113507.105422
113937.569176
113943.760763
113791.937952
113892.987583
113978.719519
114091.694601
114506.933036
114614.967005
114371.880265
114498.284931
114888.154099
114702.375724
114820.37305
115212.837092
115027.415047
115372.53477
115198.353833
115301.09725
115375.986591
115489.315162
115871.215834
115710.501737
116125.18211
116189.564847
116004.771342
116142.39789
116214.304461
116602.564481
116721.269635
116497.210783
116598.200233
116748.125942
117092.200163
116889.417754
117004.080418
117403.170575
117203.806954
117266.504627
117370.824357
117478.088533
117903.149197
117728.058053
117834.325223
118197.041139
118017.879249
118097.893596
118224.225305
118278.180677
118396.527452
118513.453408
118891.162192
118709.101714
118838.801503
118903.507314
118999.745046
119087.24232
119205.809983
119280.297667
119714.635623
119499.736605
119603.506879
119978.14037
120101.637491
119877.915131
119974.45972
120099.70967
120192.396635
120313.888996
120711.176384
120524.243084
120917.442275
120675.280481
121134.728603
120886.760667
121020.531165
121422.604668
121209.007088
121594.423141
121688.108895
121491.090118
121587.238923
121693.632863
121825.721664
122189.047079
122290.802878
122083.572727
122471.100721
122314.334785
122706.902732
122517.963559
122885.469984
123003.60077
122833.540807
122903.632659
123340.650138
123383.420255
123220.215997
123596.549825
123664.808018
123822.977049
123951.724873
123707.102892
124088.105574
123897.077701
124010.206197
124114.491139
124192.219961
124606.073629
124682.339495
124511.138456
124904.764245
124997.033516
125095.372335
124913.885922
124990.542584
125358.235823
125200.903987
125311.533675
125396.384673
125786.267268
125865.211816
126040.7292
125814.959239
125932.77058
125998.880657
126413.238147
126516.585178
126310.593937
126392.939384
126520.053282
126595.970766
127013.554839
126816.844441
127226.048508
126998.814622
127389.278065
127211.417607
127301.027033
127417.814673
127492.898167
127871.364565
127703.878238
128084.653344
128194.001653
127987.697379
128437.364991
128509.891068
128289.144787
128663.026004
128535.177129
128602.778351
128997.067395
128801.145543
128873.69433
129304.903803
129088.621865
129182.456736
129307.516173
129404.41242
129832.910352
129614.971451
129701.036348
129807.438756
129891.863536
129998.339992
130076.580856
130212.740119
130288.495085
130687.862593
130495.856681
130926.242372
130707.957711
130797.856588
131214.337818
131023.250489
131397.593029
131203.816443
131285.116025
131392.632168
131480.746287
131918.669103
132019.007851
131790.284977
131907.788655
131977.67139
132105.238976
132511.792585
132610.394844
132390.637786
132839.207159
132858.400286
133022.230541
133078.703311
133164.499799
133317.399177
133113.999625
133247.533844
133595.8078
133396.002547
133800.875194
133851.563034
133702.481825
134070.0032
133923.600494
134266.982726
134102.653413
134193.921541
134285.893936
134436.672267
134516.714149
134930.561508
135043.63031
134798.098276
135209.212376
135322.737567
135365.063198
135205.904781
135293.773019
135397.085474
135481.530328
135618.480508
136028.235575
136072.833594
135936.427484
136002.090663
136382.533729
136209.151103
136595.05437
136380.542167
136489.573967
136920.229571
137009.550187
136801.395768
136927.947673
136988.149513
137113.255604
137475.824612
137279.479002
137427.381079
137497.158948
137581.095862
137693.135527
137810.126307
138181.751617
138019.967708
138133.144643
138215.493488
138613.644263
138669.855377
138522.390446
138604.027838
138716.56015
138781.47632
138887.97479
138982.356596
139381.659655
139212.8514
139301.895331
139403.959761
139492.115812
139872.128785
139681.902618
140079.808153
139886.275782
140003.017574
140109.359734
140513.236236
140294.717569
140678.891832
140496.21165
140902.882225
140716.875897
141082.193041
140887.769227
141314.189461
141081.83733
141515.66423
141306.694267
141707.59524
141480.05551
141908.760756
141719.898748
142121.710934
142253.97282
141986.573655
142121.29246
142186.564581
142567.313194
142405.787499
142492.408287
142575.556754
142705.477026
142801.625158
142907.720174
142989.889097
143105.328455
143203.370839
143342.226042
143690.189774
143517.313352
143908.059465
143696.91151
143835.984924
144178.355297
143994.435548
144120.31953
144184.936209
144612.274257
144697.727161
144788.674156
144885.462726
144679.525443
145093.070212
145219.71607
145018.13518
145098.265031
145206.498024
145589.678003
145707.526371
145516.855033
145878.162145
145977.474178
145809.161785
145900.304205
146307.256074
146070.800694
146539.014394
146299.20039
146701.547303
146487.774498
146895.889036
146707.154444
147101.625067
147204.727899
147014.845319
147112.627746
147508.818321
147571.226959
147668.497661
147828.650978
147925.022054
147998.943621
147784.264638
147900.832181
148313.14376
148396.449553
148205.435178
148291.804481
148427.629692
148497.650921
148587.64902
148681.993706
148792.785114
149200.912718
148994.999923
149120.057945
149178.227656
149597.568932
149749.328973
149823.784547
149620.358332
149702.729995
149794.237972
150173.927628
149991.409299
150101.835899
150474.595176
150290.816366
150678.262274
150802.286183
150597.947491
151041.957611
150796.470887
150927.348319
150993.099373
151403.553036
151197.615196
151593.454521
151408.831084
151526.022673
151580.054878
151693.692527
151780.285973
152195.233483
152005.950137
152076.673952
152195.527194
152305.021139
152691.151921
152506.265332
152901.20294
152702.006103
153089.525808
153214.392517
152983.280427
153097.229238
153190.59402
153334.358166
153720.57098
153811.97071
153890.772714
154024.410753
153786.864521
153935.987936
154023.319656
154401.180444
154165.706035
154296.984987
154410.266177
154534.610243
154918.94984
154677.776812
154800.475888
154910.819977
154983.094431
155079.326051
155233.22255
155598.069129
155398.196925
155516.642428
155567.285629
155698.297604
156109.332163
155915.864593
156006.032083
156122.506029
156249.328735
156605.169624
156717.492708
156826.322215
156945.770141
156696.634312
156800.014795
156880.199702
157010.523692
157392.884911
157199.71777
157593.00241
157404.824123
157778.233661
157896.503121
157982.651626
157794.793799
157872.940806
157989.551392
158061.592766
158220.491639
158297.175421
158419.286664
158485.518578
158577.362317
158982.08747
159118.393229
158903.285398
158973.390565
159411.837025
159474.899243
159590.82474
159373.306269
159509.757087
159598.168259
160051.978049
159789.35482
159883.756044
159979.314465
160412.904936
160205.649372
160573.88675
160711.588991
160507.510192
160575.908046
160997.294308
161107.495222
160909.753194
160993.161784
161096.697332
161203.654317
161295.432836
161391.882946
161482.781995
161899.700817
162036.072778
161789.258973
162200.247991
162294.70587
162081.285058
162201.588699
162305.302607
162409.620446
162519.274578
162604.918462
163022.756042
163099.494288
163188.950291
162995.940261
163112.41295
163490.381775
163322.230877
163730.451521
163518.115023
163905.732064
163677.976481
163790.95257
163893.25019
164004.642155
164427.956184
164541.299992
164338.863979
164377.185793
164499.042177
164603.056568
164709.836074
164791.735106
165204.04577
164982.743468
165424.461036
165190.31949
165549.822551
165408.940025
165771.159399
165606.797982
165968.19617
166119.368216
166197.993812
166016.492322
166079.130594
166496.742919
166331.838247
166706.279715
166517.542248
166873.597077
167027.15439
166791.358573
167169.812619
167325.165581
167098.406615
167209.815931
167604.326925
167409.442109
167506.790775
167927.611173
167714.706743
167796.166044
167906.265517
168259.245152
168396.51658
168514.767329
168605.339936
168695.884712
168498.487893
168907.052732
169019.474336
168836.010223
168915.791348
169308.930665
169416.056401
169218.861948
169303.120095
169413.231828
169481.385764
169594.697858
170012.166095
170079.771396
169902.776205
170028.746907
170093.237567
170535.478768
170577.125588
170359.620302
170805.099865
170617.238982
170708.976819
171089.391285
170893.726266
170978.447753
171388.752809
171452.679256
171247.66256
171664.516248
171525.783512
171628.801779
171708.964124
172085.718795
172199.800503
172017.314473
172081.57784
172516.83668
172581.418642
172397.079795
172495.121773
172607.314681
173000.54529
173119.236247
172893.943472
173279.825152
173099.554397
173176.42061
173632.820379
173655.72583
173501.753927
173895.419506
173711.967254
173790.483688
173904.834354
174261.880387
174405.729946
174528.006311
174325.82627
174713.411505
174502.985824
174898.838358
174725.312481
175079.897441
174878.339359
174977.138028
175409.514322
175481.625315
175278.904749
175398.63928
175531.491867
175584.745865
175701.22219
176107.929275
175880.351544
176009.371893
176075.599116
176215.097638
176578.583446
176400.359943
176503.282165
176593.829486
176682.481429
177092.301809
176918.384438
177288.068019
177404.381949
177165.075335
177613.393001
177691.487338
177785.125874
177568.404594
177691.492122
177783.245374
177900.143457
178313.755056
178384.539272
178481.494746
178297.145191
178694.358866
178500.961129
178573.308021
178708.265647
179082.913978
178898.079345
179009.885801
179103.186214
179207.515509
179562.627881
179399.281921
179814.125437
179610.26349
179680.311443
180141.682708
179877.156697
180028.559861
180383.183613
180173.732903
180307.287463
180401.892087
180524.370424
180882.922
180688.118309
180755.779406
180919.760509
180997.665379
181403.494386
181182.714063
181619.569003
181745.668282
181767.166586
181887.044169
181703.598221
181809.361171
181918.25103
181986.276882
182408.678969
182498.791579
182293.270721
182401.1598
182793.121891
182934.51043
182999.559959
183085.610444
182902.971963
183319.564167
183120.353536
183217.913534
183611.825954
183402.514242
183790.992853
183599.337832
183705.097458
183796.098046
184197.286063
183990.095852
184085.754025
184200.200001
184249.028652
184697.381754
184511.861842
184882.357977
185016.031053
184786.959804
185195.759767
185000.832924
185403.478726
185188.515863
185595.213582
185432.446877
185483.820131
185598.516637
185686.622701
185783.666628
186172.770417
185980.713087
186097.754101
186536.535343
186633.710502
186728.991931
186492.173234
186590.508335
186995.192969
187118.668003
186902.106035
187296.99108
187106.15234
187497.160332
187227.012589
187720.444245
187514.933626
187583.340482
187998.800029
187820.221887
188190.610839
188013.252494
188340.126908
188176.444255
188655.085778
188409.575283
188755.315386
188922.530041
188686.336365
189108.608334
189167.172491
189017.487551
189404.141218
189186.68885
189285.864536
189693.59534
189775.860449
189905.914502
189700.696452
190113.040677
189871.109225
190025.899024
190132.319851
190192.549796
190311.024164
190438.045269
190504.401963
190907.762102
190997.421002
190797.329747
190886.118615
191304.83601
191402.88243
191167.83815
191292.477528
191400.885083
191773.238366
191603.180049
191690.59118
191805.766056
191898.594719
192007.234582
192058.812095
192525.439063
192291.515926
192726.966205
192801.963695
192887.045744
192699.614173
192819.443218
192897.578178
193278.610199
193442.989366
193202.314652
193565.183394
193421.40543
193789.107444
193910.155341
193696.081617
193779.671719
194208.169611
194026.452042
194107.620629
194440.843897
194621.336888
194699.49511
194797.382077
194564.565978
194993.976469
194794.164758
194878.593026
195001.457071
195130.171442
195473.302595
195343.962726
195395.582411
195804.826668
195596.981259
195943.391119
196085.336448
196216.401307
195990.611893
196102.419284
196181.842624
196300.323742
196424.729623
196538.374945
196877.285618
196971.134312
196792.505897
197204.92532
197024.623156
197111.264309
197517.246355
197597.272739
197412.03631
197500.021428
197636.2689
197690.945102
198098.511489
197902.276645
198334.479191
198082.859083
198238.75805
198308.184612
198391.068544
198814.000368
198610.019808
198720.282505
199121.218917
198921.706719
199282.371123
199097.264787
199191.024312
199610.567234
199404.260727
199507.465485
199580.711621
199676.467846
200097.60186
199911.267483
200296.168442
200104.804824
200210.316432
200606.649591
200428.11063
200516.813671
200922.268888
200703.60188
200801.030204
200889.753136
200997.041487
201109.093422
201212.329385
201311.061468
201379.942978
201506.504714
201590.191232
201709.255144
201803.527695
201921.227775
201997.100022
202091.168492
202197.747796
202612.796419
202417.562071
202477.313565
202888.979527
203029.357945
203099.983759
202898.388895
203002.267895
203390.426587
203487.435857
203582.696052
203684.402833
203459.837724
203582.041243
203704.504032
203763.031395
203921.905858
203984.744867
204386.196194
204230.890923
204268.976704
204402.383738
204497.582519
204574.926419
204708.29985
204801.677244
205251.400491
205004.432484
205089.567384
205494.497952
205598.39299
205421.240051
205516.504803
205877.814959
205724.880082
205785.160263
205903.708136
206311.570846
206101.197347
206213.905091
206591.196427
206375.937428
206463.674348
206590.499929
206967.325591
207081.911629
206899.311573
207319.406036
207111.313531
207224.71214
207296.436055
207710.654859
207488.341802
207595.04026
207696.162359
207816.232859
207886.610469
208025.85795
208109.168535
208548.198198
208644.090217
208698.042586
208473.590789
208585.719467
208981.996745
208809.67269
208897.058499
209025.050203
209405.098653
209187.122015
209240.713063
209408.227664
209492.487883
209922.464176
209733.873741
209777.005017
210224.914395
210020.811787
210102.762669
210185.937542
210300.750845
210715.879259
210530.96731
210591.434051
210996.784923
210824.109883
210897.388353
210996.74161
211139.16017
211172.811558
211293.468975
211385.507057
211507.939337
211590.296328
211703.748998
211806.598346
212197.771151
212028.668953
212128.117098
212184.497878
212308.564412
212419.510685
212821.887737
212607.653103
212721.669198
213133.413145
213180.44782
213016.67445
213108.664467
213487.496542
213592.220847
213405.165238
213504.367201
213599.108175
213692.264137
213789.081579
213869.217408
213960.361922
214416.181395
214236.448645
214610.61194
214698.967813
214483.788524
214572.831075
214702.231969
215108.216784
215187.511923
215280.066683
215409.534078
215487.451646
215611.930933
215694.836773
215817.508504
215610.776345
216010.861273
216123.372975
215899.794795
215980.054805
216090.366048
216202.823553
216310.317398
216389.240657
216801.179462
216945.631326
216703.123899
217099.67334
217204.601052
217311.890449
217083.238194
217492.700092
217288.15553
217386.44824
217795.948353
217590.864362
217666.482439
217797.116738
218185.058328
218322.093873
218099.136473
218501.657367
218297.797475
218385.247178
218502.53414
218899.537319
218956.483365
218832.569729
219196.20994
219330.017743
219357.267171
219194.286623
219268.642028
219405.463441
219522.051373
219881.731069
220021.709543
220062.352636
219881.238519
220007.384666
220424.611802
220212.126188
220306.013277
220689.569394
220838.830768
220894.12373
220706.762248
220802.53958
220893.398819
221002.576688
221127.085824
221494.058537
221300.865852
221425.808229
221773.38894
221598.243648
222017.045993
221804.693881
222168.417281
222024.01661
222365.217324
222531.104832
222288.019123
222400.053399
222505.780937
222874.395704
222980.232735
222778.630933
222891.321209
223011.90466
223085.328437
223197.988938
223295.420451
223680.931424
223827.592946
223607.809294
224008.972546
224138.447625
223879.602527
224321.865651
224376.548776
224189.782688
224606.361716
224413.247168
224779.849093
224898.327944
224717.266234
224839.063534
224923.398488
225292.715764
225103.140147
225213.511737
225286.472642
225427.845435
225788.918461
225627.85947
226020.38401
226121.970872
225918.621663
226287.479523
226065.681604
226205.621441
226293.09944
226701.404157
226515.889169
226916.44929
226685.71116
226799.073256
226879.785152
227319.788939
227099.473778
227506.426938
227576.663665
227694.216528
227508.408708
227598.926634
227703.56443
227791.555969
227907.343386
228289.88865
228423.802646
228207.106652
228568.046533
228723.399572
228474.905316
228597.297234
228708.645852
229096.289487
229218.403926
229381.269622
229108.732387
229221.092541
229627.765386
229708.832751
229516.655479
229592.095402
229703.517333
230100.078287
229915.534615
230007.554731
230088.390906
230202.835091
230600.65147
230388.564108
230530.997497
230594.478449
231008.250803
231071.003499
230882.360084
231020.997603
231121.752784
231479.427087
231569.397989
231411.690167
231803.189016
231938.782779
231980.737104
232084.224701
232210.710098
231992.297762
232096.695674
232456.12824
232310.761693
232404.337792
232516.255963
232609.672813
232994.947485
232795.457157
232880.207726
233301.378818
233371.811962
233490.972022
233309.49005
233380.371926
233477.820944
233914.368936
234009.040701
234138.073507
233908.653605
233979.650643
234114.559161
234190.114014
234594.945495
234385.720431
234514.731774
234891.09301
234707.607099
234803.999776
234916.040419
235023.970464
235443.705501
235218.691281
235304.391023
235419.644536
235803.784475
235589.280932
236004.842154
235791.634651
236208.761717
235994.598582
236392.273931
236491.510656
236565.106111
236716.147411
236486.432725
236593.433546
236712.959662
236783.966329
237202.207363
236999.459758
237377.066726
237193.419299
237325.509168
237400.143409
237787.379112
237621.770101
237687.482689
237791.928129
237878.337963
238293.897328
238397.827259
238223.44894
238605.725348
238682.408271
238767.917615
238894.957806
238707.169705
238787.542994
238917.067813
239020.678013
239376.265689
239520.092399
239321.971661
239408.302457
239791.093028
239609.671192
240004.171721
239767.901653
239915.657116
239977.722868
240401.282727
240461.229784
240327.221626
240708.565555
240785.06506
240622.017826
240995.518703
240791.397242
240901.687472
241308.525786
241127.607884
241206.218945
241274.072113
241697.041675
241800.514087
241915.863602
241688.637929
242090.262943
242188.4257
242297.806082
242418.022906
242197.151126
242255.782139
242395.320266
242803.34946
242889.896556
243008.656665
242761.243373
242891.749194
243278.246769
243089.763627
243250.392326
243312.739301
243386.537389
243766.410926
243580.186228
244008.348651
243804.736542
244203.981484
244290.923419
244432.122486
244508.183093
244296.28823
244417.201166
244480.654994
244896.529535
244970.962734
244804.967617
244885.172642
245286.657515
245115.977739
245534.055113
245296.826368
245712.730441
245503.20412
245569.064444
245998.796855
245826.989404
245898.160239
246004.479639
246053.930929
246219.527976
246588.319395
246745.121685
246818.754056
246599.154802
246717.462769
246789.566977
247184.914764
247265.230773
247116.534733
247532.930325
247289.340565
247380.145031
247483.152528
247618.896064
247697.788558
247794.855914
247877.168106
248015.840299
248090.23098
248225.727409
248581.617336
248744.552545
248491.397657
248590.494505
249030.86004
249089.000895
248911.341414
249017.253634
249120.021656
249201.301274
249289.040761
249696.426512
249500.734471
249882.404964
249728.394448
250105.551924
249939.945729
250009.142997
250074.504099
250203.232258
250329.087608
250687.146657
250785.641172
250600.721353
250697.375308
250784.467625
250935.780771
251317.062137
251084.033552
251200.802656
251610.476107
251382.905078
251467.127071
251894.539477
252003.124809
251807.891228
251926.524272
252279.297088
252136.440758
252485.050406
252304.021809
252412.000719
252523.241219
252577.704548
252718.528914
253111.210595
252909.200397
252962.462881
253079.409078
253508.238308
253311.411754
253387.650129
253511.934932
253860.870086
254020.81276
254085.867895
254166.175543
254016.279596
254082.02332
254210.676213
254294.978489
254724.86498
254488.835191
254916.911371
254700.42368
255080.782002
255208.113554
255037.64434
255420.587356
255501.457251
255614.502781
255415.78996
255816.673183
255897.272132
255704.020166
255814.15468
256209.504305
255997.253898
256403.41242
256211.876083
256600.195164
256385.53946
256491.396724
256621.936339
256704.414747
256813.489851
256926.147145
257000.909868
257139.14283
257192.111256
257302.369784
257408.487014
257515.254648
257860.337314
258025.777225
258092.213664
257901.287814
258335.346374
258099.516493
258211.420219
258612.257832
258691.741337
258780.715854
258612.745672
258678.67543
258793.686518
258892.200054
258985.779747
259405.053204
259498.751844
259283.353514
259712.353606
259765.253539
259877.651707
259693.074587
259792.78714
260230.057577
260009.134014
260094.663644
260499.987549
260585.96071
260428.388376
260505.315125
260955.366437
260660.495735
261097.410433
261205.176443
261008.746557
261093.994704
261216.126361
261287.131808
261697.14812
261510.263691
261606.739977
262011.714118
261781.072162
261899.219677
262290.478521
262125.159253
262186.697647
262599.163894
262384.179995
262521.149313
262875.987506
262726.269432
262815.66946
263207.071235
263298.862349
263095.10451
263471.160332
263292.995644
263688.195907
263545.64033
263842.518928
264005.220841
263786.991091
263906.816973
264027.108025
264116.409926
264230.598262
264635.526373
264683.309564
264494.802657
264602.376035
264696.211749
264812.280157
265206.174636
265294.419445
265389.081136
265164.660452
265280.984591
265653.361064
265488.801375
265597.62436
266022.379146
266125.688506
265891.037536
266325.46667
266120.733179
266195.26156
266310.821944
266357.557362
266811.579673
266607.854878
266685.945206
266812.761567
267199.735128
266987.257624
267415.888757
267211.342068
267608.42896
267657.96093
267763.383348
267881.120293
267678.961997
268105.985845
268203.793999
268015.483358
268097.633978
268215.270718
268617.274732
268706.488349
268481.74055
268884.749627
269016.535767
268792.766009
268924.596045
269276.810763
269116.115497
269204.792557
269610.105706
269397.676201
269488.885266
269591.041531
270026.430349
269778.075154
269868.014189
270016.557948
270413.849777
270203.943739
270312.055313
270403.187342
270806.359291
270588.388258
270716.133145
271135.123332
271186.144003
271304.110683
271384.885381
271467.050531
271293.149073
271386.176587
271515.297677
271607.561088
271706.047365
271756.400671
271903.16505
271998.484917
272128.570668
272210.438342
272592.111195
272713.156609
272484.765745
272902.260276
272700.127485
272808.357282
273178.980439
273006.293095
273400.826382
273213.275889
273267.821624
273695.011572
273775.732429
273882.894076
273702.333622
273841.925279
274203.749713
274331.884877
274403.393315
274536.125828
274618.975621
274407.959315
274791.131383
274893.448275
275018.498212
275094.674117
274888.888409
275015.507989
275087.742347
275488.876222
275303.871812
275703.116819
275798.002083
275609.646673
276003.877814
275815.023832
275901.803024
276290.434639
276427.142951
276212.264874
276278.270344
276409.567413
276512.974435
276871.829059
276688.269559
277075.988648
277194.660286
276992.334094
277102.582185
277184.15614
277299.543092
277694.74693
277770.312615
277605.276663
277715.46911
277805.686256
278215.108035
278289.955891
278343.253497
278495.028525
278297.861563
278686.502834
278486.08921
278619.255859
278713.326613
279124.483307
278925.182856
278990.273868
279351.80364
279176.762945
279282.673171
279686.350359
279483.647106
279910.657199
280015.238608
280094.425118
279918.355173
280301.831071
280361.078965
280464.796276
280303.787057
280741.831679
280506.615993
280607.774444
280718.599286
281108.344269
280878.44086
280975.345255
281109.996939
281202.633426
281301.555023
281408.107698
281819.810871
281906.609076
281659.092861
281807.1706
281904.460677
282038.880634
282101.40007
282194.244072
282314.269212
282672.97126
282502.409357
282914.094121
282668.481867
283135.791443
282897.515182
282972.952392
283095.043125
283201.443664
283294.868524
283678.205341
283511.653223
283605.774375
283984.880631
284126.637494
284210.507932
283970.976738
284118.089666
284220.296861
284302.149051
284416.775515
284809.580433
284605.424964
284683.8755
285070.695873
284878.624795
285017.405645
285102.129012
285477.357865
285299.640726
285683.551781
285790.877085
285594.562282
285994.747804
285800.796704
286194.59291
286000.293414
286104.373361
286500.468322
286602.550683
286668.656542
286506.625104
286607.046112
286991.835987
286820.171661
287204.501775
287288.240617
287118.154119
287491.201448
287603.293238
287693.821555
287518.988633
287598.904241
287990.557972
287766.237561
288180.288877
288354.458461
288375.320651
288516.648155
288316.082045
288389.904078
288801.711103
288604.024606
288681.848489
289113.781652
289180.920915
288985.328672
289388.519197
289469.523436
289322.062795
289413.532275
289527.41001
289862.160678
289718.379263
290076.806965
290199.47499
289984.494909
290111.020963
290499.487882
290294.053695
290370.199213
290819.552635
290886.551429
290697.880189
290782.109127
290898.527054
291280.534737
291416.644903
291524.522086
291316.90822
291691.309355
291793.363265
291893.084943
291976.317471
291813.091196
291897.988144
292011.031
292088.670242
292204.795481
292302.41021
292417.076659
292781.065457
292590.108176
292971.785875
293093.003205
292869.205215
293003.645195
293098.681361
293484.882492
293565.33237
293355.29907
293497.040371
293591.424419
293699.348251
294083.337025
293914.459607
293999.773769
294083.570071
294495.256744
294592.053475
294387.347792
294521.454859
294906.603215
294672.21987
294742.372033
295163.220351
295002.079184
295072.01095
295536.301804
295584.48114
295680.158737
295506.75784
295904.500235
295993.405254
296080.656546
296215.243496
296041.051403
296087.117172
296202.566924
296588.15528
296400.432752
296804.068631
296595.38118
296708.914062
297083.974027
296876.040272
296995.66279
297378.35571
297509.54452
297590.765717
297386.916643
297798.643353
297616.774038
297982.514759
298120.856754
298188.095843
298295.744976
298076.275176
298528.496801
298294.096033
298426.125751
298484.680012
298599.349584
298701.768477
298805.684662
299216.36375
299289.157668
299380.444908
299491.761126
299618.162847
299709.267165
299488.384576
299897.236069
299725.047497
300125.358723
299880.203397
299998.088496
300396.116397
300163.817566
300318.113132
300743.721381
300517.887771
300578.997492
300696.851331
301086.692411
301207.780741
300975.175836
301100.706781
301162.358912
301326.817476
301689.014857
301509.139611
301862.387516
301714.893228
302085.126041
301920.020077
302278.239926
302106.755625
302450.663224
302303.027563
302724.450667
302787.99924
302582.316904
302709.387301
302811.718787
302917.423025
303006.818551
303410.165644
303512.530507
303546.77023
303401.880145
303503.453975
303903.212882
303975.561682
303814.265094
304183.169896
304243.293124
304398.157899
304227.479893
304615.715946
304383.134349
304472.534037
304604.423886
304704.615965
304810.162106
305146.001645
305303.418676
305097.49529
305175.625873
305291.834273
305372.868923
305512.824101
305894.451363
305986.570372
305801.357003
305886.312744
306302.9426
306412.244531
306201.509616
306325.29112
306671.77713
306769.127529
306595.231073
306937.074478
307114.765927
307213.898998
307287.297384
307134.035211
307491.451524
307343.391463
307392.457861
307797.2183
307894.950835
307709.965983
307794.905928
308174.898034
308002.267102
308127.088847
308509.159284
308267.515465
308706.466177
308484.047645
308609.746531
309005.762025
309104.53598
309192.513062
309287.02189
309107.202992
309506.915422
309556.34537
309373.282027
309832.287388
309900.100384
309716.468727
309805.391656
309912.015703
310296.236329
310094.764385
310199.286123
310621.037598
310711.623312
310792.4364
310562.495771
311025.763357
311052.274673
311225.015183
310988.335491
311407.248431
311221.364536
311601.85284
311696.403527
311474.468025
311906.3969
311704.782893
311805.32103
312206.641557
312003.022985
312098.361027
312204.570976
312276.793894
312393.297442
312491.174293
312882.275514
313022.502087
313106.614323
312905.767499
312990.627367
313093.619328
313202.046583
313619.332057
313691.467963
313822.247531
313589.337689
313697.118068
313792.780817
313909.902525
313985.831977
314116.091687
314515.104322
314300.250472
314406.842314
314514.668374
314611.184667
315019.485896
315107.901668
314899.888876
314991.014665
315101.907074
315201.476994
315286.006948
315397.122279
315499.039955
315583.74525
315707.33075
316083.985574
315909.453175
315989.159666
316413.187812
316218.544186
316293.948049
316683.546712
316483.163004
316893.008778
317005.434162
316786.531844
317199.42483
317308.045583
317118.517617
317226.441218
317609.657681
317426.000692
317835.124733
317863.506167
318037.565972
317809.170675
317935.889104
318292.437533
318107.148643
318186.516081
318619.271338
318687.9902
318793.111045
318916.373826
318700.119343
319101.360743
319203.802284
318998.589638
319418.262305
319521.898744
319307.281134
319404.29396
319805.677344
319572.235015
320004.483959
319792.05485
319901.588181
320004.402856
320118.117211
320525.326482
320305.226924
320394.044779
320507.525187
320575.051699
320718.709864
320804.315365
321205.71961
321318.334194
321115.685137
321180.989741
321284.7971
321411.216089
321504.950938
321881.461766
321989.791496
322069.836286
321908.669821
321996.890943
322387.148365
322220.673662
322594.807941
322403.11008
322755.552131
322894.887766
323000.524368
322801.519452
323240.816639
323292.710367
323074.605823
323454.979161
323348.207929
323379.281211
323810.248901
323874.574819
323714.873496
323820.313991
323901.217433
324336.499325
324405.902006
324235.553326
324603.947627
324680.887701
324794.039998
324888.271405
324981.26015
324808.519213
325181.027794
324971.726392
325383.091616
325191.522431
325323.891032
325391.723048
325784.905504
325606.222123
325969.605656
325797.93334
325897.57171
325997.694336
326413.84842
326199.349157
326590.499693
326374.825155
326497.863834
326566.419802
326999.53183
327122.059479
326894.341023
327002.517952
327104.871059
327212.436554
327296.659939
327722.370229
327819.672991
327616.621324
327986.034303
327804.667366
327886.273779
328015.482828
328375.998104
328183.794976
328605.726409
328684.453088
328479.309573
328954.55613
328686.510513
328775.2262
328916.157155
329002.658907
329096.313757
329232.052339
329282.138195
329688.976999
329798.550425
329566.195334
329706.059602
329804.065379
329887.056326
330018.794286
330122.171857
330521.716397
330303.778356
330419.955478
330823.786899
330589.736572
331016.265766
331113.011169
330878.899368
331335.334795
331423.765984
331224.992789
331613.159679
331680.390878
331785.412229
331626.65171
331681.892112
331834.029775
332170.109335
331990.364989
332399.864963
332476.348255
332306.492018
332379.252237
332809.636131
332572.185133
333005.760042
332819.702771
332877.427071
333012.202802
333387.814704
333512.013015
333601.459985
333426.102151
333491.082681
333901.351997
333678.817451
333807.878958
333927.874914
333967.15315
334118.004646
334523.003848
334592.16291
334417.236125
334778.027791
334886.42679
334991.190143
335130.752624
334919.099738
334986.269193
335419.395922
335175.251967
335292.322992
335412.49827
335533.723228
335593.499851
336000.44363
335827.866187
335914.058952
335997.623717
336106.195614
336176.966419
336301.924871
336418.561473
336487.99461
336610.708995
337045.249436
336821.955063
336895.49637
337025.360478
337052.635322
337209.345262
337283.359093
337725.831392
337516.474509
337605.091853
337978.706395
337809.061247
338212.81426
338325.866528
338393.359678
338196.423956
338287.048079
338715.459938
338831.832441
338560.122107
338689.385789
338825.408027
338900.292512
338983.333249
339377.696893
339510.563601
339317.753809
339709.976263
339528.001617
339585.586074
339708.496312
340092.212062
339909.595186
340287.293013
340435.723571
340225.19901
340293.483326
340438.640719
340535.204093
340592.271222
340691.761203
341113.155013
341269.698825
341314.527358
341100.353942
341491.944291
341325.694261
341417.060079
341462.306402
341628.21838
342003.63717
341806.839462
341909.532662
341987.075608
342135.904884
342206.94285
342340.356926
342686.001934
342529.883738
342595.209397
343028.035334
342833.703336
343187.577386
342985.731123
343375.013387
343483.872755
343594.862349
343408.726919
343500.764545
343600.834743
343713.942272
343793.847548
343883.609442
344328.101384
344078.694292
344208.43816
344604.018296
344744.902451
344815.575076
344929.957689
345000.100323
344816.389431
344917.974037
345011.320481
345097.992991
345212.9895
345295.405789
345387.482336
345772.966559
345915.591386
346033.614045
345773.087509
346173.809149
345993.695275
346395.848865
346207.925208
346294.960604
346653.249843
346509.495906
346580.631163
346692.279903
347124.490567
347134.283668
346997.401189
347075.402869
347196.875089
347325.738306
347428.966704
347520.568139
347911.280467
347672.571741
347778.407136
348203.579142
348315.525725
348431.606806
348199.076391
348593.005956
348693.549307
348799.326323
348590.94645
348694.230018
349110.442772
349210.278595
348988.861156
349427.274529
349215.8193
349296.068949
349698.115295
349777.86819
349630.012305
349686.072777
349822.975526
350191.552515
350012.704016
350387.259226
350487.704599
350318.87497
350724.355567
350516.121899
350568.826989
350719.036496
350829.941458
351210.647202
350983.676692
351115.028725
351188.453962
351301.332379
351417.904588
351508.050051
351594.730151
351690.407457
351788.233696
352189.144174
351996.581617
352384.760153
352532.371172
352593.267384
352422.84407
352492.651411
352607.736385
353002.645817
352772.288358
352917.256207
353262.501573
353088.931311
353486.738636
353613.36415
353704.507972
353830.610278
353624.653152
353691.333044
354064.069926
354191.141957
353981.936219
354376.302011
354252.259933
354305.960361
354366.687538
354780.487026
354893.437559
354704.283004
355085.975328
354911.906116
354967.184745
355136.121147
355209.412723
355596.808905
355407.2427
355808.051059
355895.008006
355720.982171
355812.60183
355926.48275
355995.44395
356397.072165
356216.509152
356298.959033
356380.379399
356802.313665
356596.42384
356703.573365
357123.777815
356884.598045
356995.289728
357412.348738
357207.996368
357610.116093
357396.487324
357466.759928
357596.605661
357995.881687
357791.896361
357884.947717
358288.417862
358101.254476
358167.560868
358606.209971
358386.171031
358523.520067
358582.150827
358975.330875
358823.406257
358896.919117
359286.856691
359407.651603
359206.278384
359278.961889
359677.162732
359520.577443
359890.287768
360020.081226
360107.136464
360223.737899
360007.527775
360095.748884
360464.858239
360577.89324
360705.842069
360523.167802
360612.186099
360699.646521
360819.829584
361227.955252
361010.245186
361425.38341
361512.628469
361579.340003
361379.773355
361828.95502
361614.936133
361688.540321
361813.181387
362192.227338
362280.269949
362089.875448
362225.813632
362305.730843
362669.408686
362516.109332
362891.172712
362706.339351
362755.03528
363219.744552
363308.800953
363084.586384
363227.068437
363597.26552
363403.846154
363536.711693
363586.594886
364000.586992
364076.118089
363908.396154
363980.900451
364090.359885
364235.847102
364303.605471
364685.221828
364476.41155
364567.373638
364682.932688
364775.968514
365172.674731
365006.572287
365100.714631
365215.535398
365607.012394
365405.924982
365500.018299
365598.67872
365693.26909
365801.452329
366193.445705
366274.187569
366108.287822
366213.485357
366599.776205
366403.143058
366515.074431
366601.7869
366702.223365
366809.71065
367188.544019
367286.472937
367400.650408
367171.815951
367305.842848
367727.018914
367795.831292
367602.635618
367681.231757
367796.78359
367912.784553
368316.165761
368412.699948
368196.117712
368268.554701
368399.573803
368533.104881
368621.470941
368717.572217
368810.742289
369216.870468
369294.187451
369116.667042
369467.104903
369578.115929
369644.633543
369505.213379
369855.752557
369998.972529
369803.916279
370206.824893
369997.466952
370084.318535
370514.409565
370607.70523
370435.576318
370494.82588
370604.911217
370714.703686
370783.976435
371200.421413
370989.593087
371094.456143
371197.904069
371583.62261
371691.888837
371554.862453
371594.110322
371702.357781
372060.222404
371888.352947
371991.173564
372106.476514
372504.799045
372611.610998
372379.208628
372808.299154
372576.250466
372993.766572
373115.967316
373192.126962
373007.019702
373393.629181
373497.218906
373311.053939
373406.148091
373496.028101
373908.117408
373672.914507
373820.267835
374227.754607
374289.749008
374081.498619
374212.700604
374331.632745
374390.691426
374757.52404
374624.118056
374728.430435
374805.600159
375213.654295
375022.946394
375088.074579
375178.76833
375555.960096
375404.863747
375783.803032
375875.292908
376028.021376
375801.117231
376211.917518
376020.350934
376095.242335
376206.0678
376294.36487
376681.320672
376491.755713
376603.967639
376691.671967
376780.287966
377192.600974
376983.784023
377076.430476
377494.717469
377317.626134
377685.125027
377515.363867
377589.130917
377694.578667
377824.00039
378183.176269
378262.733673
378359.394219
378215.126033
378292.098173
378686.255539
378525.144725
378877.480629
379028.210606
378776.771328
378882.786495
379306.560519
379097.906443
379207.536599
379306.22697
379679.002296
379522.341647
379561.682025
379694.326918
379803.164518
379904.206946
379994.472857
380127.188604
380195.119324
380320.406303
380643.278393
380816.932366
380907.038032
380716.83452
381106.699518
380898.804869
381286.747193
381142.287484
381202.543272
381608.898525
381365.822074
381822.425331
381575.280338
381678.976757
381824.871544
381895.811963
382303.983476
382120.292028
382220.73312
382314.692266
382724.32566
382783.405866
382596.446979
382983.78952
382796.236369
382893.562483
383300.530276
383408.312913
383198.042382
383301.971731
383719.336517
383778.402437
383612.041821
384004.471619
383796.803078
384194.290757
384042.885325
384092.151025
384528.01445
384284.117518
384404.606893
384490.241134
384580.778502
384674.504148
385096.388149
384903.613593
385340.943563
385414.523994
385495.904838
385268.190744
385450.519876
385507.728761
385615.341532
385713.216034
386102.824085
386211.172881
385980.671388
386384.266121
386219.826427
386320.376383
386721.001751
386503.055302
386904.95318
386687.743939
387099.387294
386906.906094
386989.975318
387380.118663
387471.523449
387299.802384
387680.884233
387493.052909
387903.238286
388046.699754
387792.405671
388201.198764
388334.642121
388400.762698
388221.90253
388294.764116
388403.094032
388776.459873
388932.699522
388992.331096
389099.403251
389168.578055
389008.111996
389407.903567
389508.759531
389299.528269
389370.586085
389507.227472
389606.119992
389678.943025
389769.818857
389897.680989
390002.576816
390404.043818
390190.216441
390287.352909
390714.343513
390794.659085
390924.311161
390991.558889
390801.76178
390914.247539
391289.221149
391356.279037
391200.202708
391585.643011
391698.649828
391505.993936
391567.630468
391723.243302
392107.078523
391908.530447
392011.219664
392408.688619
392210.968374
392291.237763
392406.302901
392781.292443
392599.757017
392708.391911
393114.81736
392918.944966
393326.654234
393426.485597
393491.095721
393298.477089
393395.542451
393817.178207
393634.836316
393695.988565
393760.804146
394164.655694
394001.622874
394043.829651
394483.294315
394625.301572
394419.597295
394522.299139
394906.078725
394704.317298
394784.063913
394890.05316
395026.410927
395083.970168
395204.056932
395287.910983
395409.205591
395488.087039
395597.166395
396016.487048
395821.826732
396147.633421
396310.821601
396410.733623
396210.341224
396316.016902
396700.353577
396784.390152
396929.003506
397003.697763
397082.063749
396869.858818
397328.841049
397093.469167
397196.169844
397614.39081
397415.73868
397491.62399
397609.528159
397988.411359
397782.571776
397931.069876
398008.846614
398098.787392
398192.831081
398297.079118
398714.712543
398809.046295
398635.73313
398703.907771
398800.156621
398912.084901
398989.600796
399411.71629
399515.730224
399288.468555
399397.220858
399802.19921
399883.17704
399697.791072
400122.508769
399873.379491
400269.569762
400127.926099
400232.242234
400627.066383
400391.765583
400794.903769
400620.511443
400733.903023
400805.198307
400869.222949
400997.387489
401085.154577
401203.349975
401252.361254
401434.664367
401502.306871
401892.005021
401712.28905
401794.958229
402194.098195
402299.749156
402093.477754
402478.279797
402320.280646
402707.481854
402532.864057
402905.215805
402690.963376
403105.499618
402881.48255
403002.790358
403421.591938
403216.150511
403267.613092
403420.969082
403489.451049
403589.287238
403697.402711
403810.128001
404183.135201
404021.241392
404395.150022
404480.029731
404603.492724
404419.578921
404794.986231
404905.032538
404679.610136
404799.660704
405199.49745
404977.10157
405364.893323
405187.034851
405313.43115
405413.387968
405499.43898
405593.137601
405979.515298
405808.476284
406194.498882
406317.523599
406060.908741
406192.690044
406301.743147
406390.839104
406812.549286
406888.509107
406693.761687
406803.480182
406912.121955
407335.740451
407153.719576
407463.689863
407614.393643
407414.671771
407524.414649
407902.399398
407692.898842
408105.878847
408209.0453
408307.07812
408135.835028
408185.286871
408310.250009
408391.712015
408463.492477
408601.147173
408684.051351
409119.755642
408878.956563
409322.047191
409091.581687
409504.79425
409597.003378
409715.383203
409459.499975
409603.109108
410019.773095
409771.729302
410197.1996
410003.035076
410103.052432
410496.795331
410583.547536
410692.951211
410808.586398
410587.495314
410719.106803
411081.414867
410891.57573
411019.533488
411090.503704
411523.093581
411302.71157
411380.409499
411516.478941
411901.303434
411687.671401
411814.444321
411895.770018
411996.434831
412108.122607
412193.077167
412270.324142
412673.141058
412546.297313
412904.485504
412997.170558
412799.970115
413208.275377
412986.206694
413101.76864
413208.951071
413286.438841
413685.457661
413507.728729
413583.093916
413722.555648
413830.870535
413905.121051
414282.549677
414098.943862
414190.512364
414293.504843
414369.511554
414771.179464
414617.441467
414977.083104
415104.981737
414913.676719
415302.951377
415393.562391
415192.550899
415585.341993
415715.303877
415765.816941
415569.401503
415695.784929
415800.115516
415878.826108
416017.828968
416436.828358
416209.001782
416611.183285
416401.958326
416513.404483
416608.41227
417009.112922
417076.18633
416872.873787
417288.940082
417099.326825
417222.33277
417624.3239
417383.817157
417512.365892
417576.731192
417685.891697
417820.313711
417895.652514
418029.102254
418105.702427
418504.030562
418278.066844
418391.568892
418521.454153
418580.194429
418697.24421
418800.420638
418897.420214
418982.519755
419405.351371
419227.08231
419295.338632
419407.260366
419802.615376
419883.555865
419704.745404
420082.796318
420211.906801
420312.444454
420123.136498
420482.298569
420289.41419
420690.539751
420512.905742
420589.644082
421025.260595
421093.151448
421175.075461
420988.692893
421116.294432
421185.266799
421300.849781
421670.935434
421463.252839
421887.88799
421685.145182
421764.626288
421916.093688
422024.050587
422103.87411
422509.383709
422271.610335
422408.671218
422807.318219
422893.378632
422681.879538
423118.768784
422897.9394
423025.628605
423075.58111
423202.518264
423587.527131
423426.384041
423491.647881
423602.478814
423706.363
424112.424305
423856.565827
423989.506269
424096.480406
424202.157254
424305.374178
424697.470508
424506.016378
424600.813301
425019.069019
425110.112295
424916.343766
425308.461874
425081.654321
425203.833218
425328.686244
425698.245208
425502.066096
425910.326192
425717.467947
425809.134636
425900.079608
425978.968879
426113.047831
426486.131567
426292.340317
426402.141326
426802.453625
426893.562855
426687.945446
427120.592027
427224.973537
427024.486849
427445.950746
427518.921632
427302.758012
427418.595887
427818.13677
427943.907167
428016.022799
427772.087546
428206.596891
428014.379436
428374.612357
428216.487115
428580.644252
428710.118641
428484.165477
428585.696883
428715.816583
429091.119303
429177.094884
429001.157597
429127.878512
429218.205128
429309.502065
429712.586833
429498.759545
429633.00136
429719.191703
429823.057923
429882.052439
430282.460379
430116.702624
430200.725275
430615.932596
430398.574774
430461.994185
430940.266332
430998.417353
431122.122079
430912.761803
431279.718979
431102.935532
431202.354174
431581.149115
431439.106637
431800.492499
431626.555271
431994.651366
431797.749057
431906.257014
432251.220439
432111.260277
432196.307442
432302.398021
432693.668115
432804.052376
432624.937817
432702.973822
432789.571819
433171.694481
433307.477845
433403.436073
433210.59505
433301.355568
433427.029754
433509.029724
433594.026546
433715.488995
433801.812061
433889.713991
434015.096957
434106.455153
434525.972297
434346.346563
434405.760478
434802.275772
434602.64279
434702.350046
435084.676733
435209.156815
435015.740019
435101.545926
435478.657266
435590.131604
435386.10787
435778.017251
435929.473236
435692.979673
436095.361346
435915.560742
436014.128281
436098.550793
436497.544762
436607.293029
436439.393858
436823.08349
436613.358642
436727.668368
436811.296513
436907.115168
437017.674158
437450.354118
437187.394776
437611.135531
437428.879624
437499.003146
437925.795705
437710.98517
437804.979456
437889.108086
438302.078941
438367.013941
438517.435122
438294.693984
438420.026808
438504.88933
438922.635284
439011.816309
438780.334754
439218.565771
439283.453273
439356.519694
439237.858934
439609.529301
439408.174663
439802.564966
439903.510015
439727.747518
440133.859602
439895.448702
440323.018423
440113.217588
440488.839345
440598.410925
440699.154128
440838.455853
440600.027001
440998.077365
440814.798819
441217.195381
440985.824692
441087.555035
441550.752098
441331.291866
441430.341781
441783.920453
441593.701162
441701.837747
441795.530759
442231.259667
442002.316495
442413.347504
442199.575063
442338.138029
442381.954592
442474.40458
442909.051513
443001.711888
442834.840619
442922.473268
443012.73576
443385.692794
443489.076134
443310.269726
443722.733461
443501.87145
443891.905018
443677.826198
443790.545028
444189.205617
443983.644544
444110.902386
444207.848097
444277.835768
444712.053461
444502.304264
444576.323091
444674.455539
445094.018279
444908.812278
445291.655123
445400.745927
445208.504082
445316.666542
445672.173371
445523.722406
445905.864824
445708.792895
445791.517593
446181.129121
446306.400716
446357.654636
446215.662064
446611.643759
446411.146325
446499.196448
446597.125095
446711.408357
446812.266211
446905.433651
446984.671222
447108.047869
447190.311659
447314.991023
447415.603004
447512.223977
447899.237643
447710.127972
447807.262348
448210.928377
448015.726493
448125.342164
448225.399388
448610.804714
448689.767104
448782.596529
448904.057898
449028.398432
448827.429173
448906.957885
448979.027069
449421.10576
449217.858905
449327.963062
449687.534967
449509.909127
449613.962866
449697.115856
450113.294749
450201.378635
450015.551705
450118.779801
450202.311543
450305.713366
450706.391854
450503.936868
450870.134989
