750.676298763
798.642885131
916.326933958
1002.15593032
1106.73728026
1227.53739135
1294.85811618
1392.65367879
1516.89480834
1578.84417909
1730.62346156
2138.08080943
1898.55728782
2294.84615533
2110.69946529
2222.39582462
2585.90589691
2415.65866027
2520.25980784
2884.13200083
2697.64445624
2796.84065466
3198.60979007
2994.19108555
3383.08761621
3183.01706448
3619.20745197
3402.71259085
3498.48364123
3596.1083667
3961.80630129
3795.24736641
4175.54815866
4281.37348457
4109.53004239
4515.80595227
4318.22494558
4400.61614913
4756.9135936
4933.30671914
4729.96040455
4788.738403
5215.86364245
5017.99530767
5126.65232659
5195.8408222
5315.40766678
5374.9175417
5830.19153851
5616.95068814
6006.54221663
5789.34540253
5887.14472783
6293.75769386
6432.52919202
6192.61570917
6288.74951922
6432.80819055
6532.59557209
6900.39207732
6731.487957
6825.81809867
7193.66167984
7001.77480525
7136.56392466
7207.65224546
7306.8075953
7376.58176193
7817.82464416
7878.34291097
7687.5409018
8099.55688922
7881.93631115
8303.43903197
8078.69317549
8182.93681787
8290.1441077
8409.96365548
8521.3563354
8605.78015288
8969.94222702
9078.50444709
8906.56089246
9019.63873637
9397.51030595
9506.46234461
9600.88582457
9679.54687917
9498.07665663
9864.81478442
10023.4878808
9797.96592879
9906.78283264
10317.3950071
10092.5708603
10492.2213142
10286.8020227
10409.9966947
10465.0082741
10882.6900914
10690.1840549
11085.8417943
10931.1073174
11296.056812
11392.0523425
11236.4722381
11313.3563856
11396.9451599
11819.07417
11870.1493723
11956.4797022
11811.254023
12202.0774538
12322.884215
12384.2340625
12518.6173015
12610.5541277
12459.7925417
12507.3578538
12886.0137447
12719.8502878
12768.2729678
12879.5901542
13296.6531139
13106.0389748
13488.6098204
13600.3206896
13701.5078338
13500.4033106
13885.9644171
13983.6707179
14130.0048885
13869.2296476
14281.6179264
14098.3225147
14502.0037756
14588.9194996
14694.5462561
14831.2497456
14599.8502066
14710.821317
14824.6901798
14896.1340856
15308.0445305
15122.6720736
15232.9106378
15311.7772088
15410.7622358
15835.0854251
15870.516186
15696.3753599
15794.3491187
15893.457322
15995.492679
16087.2658743
16206.1974624
16639.0238505
16683.138706
16502.6491283
16610.5203047
16713.5338067
16818.9616849
16909.6634757
17283.7211484
17137.8024676
17218.4796675
17328.3113836
17682.6504734
17492.5184478
17899.5766872
17968.9320677
18094.6689995
18185.3172355
18002.0095174
18128.5494721
18205.0482703
18586.468144
18710.5136027
18780.3759601
18588.0200644
18684.9727052
18836.0771594
18903.3434289
19270.5060145
19411.2836536
19203.0483766
19613.2768483
19396.7792952
19761.4109064
19885.2643752
19664.4266415
20109.2670936
20188.0987338
20305.1395992
20099.4050953
20157.8898564
20337.9020833
20406.1938211
20490.1275619
20593.1919508
20692.2075568
20796.9454597
21177.337404
20968.5625294
21084.3562019
21492.3192217
21310.8539073
21705.8388938
21467.6756229
21887.3893633
21712.1456452
21813.7217859
22168.9983399
22319.3697565
22067.1326065
22488.7938026
22311.8934803
22393.6922095
22468.558287
22586.138663
22697.8370478
22814.6866263
22896.9399375
23027.2569034
23109.5866999
23494.0200162
23289.9741182
23402.9295471
23502.5725541
23650.218413
24007.1383731
23784.1155116
23905.887855
24327.7592997
24100.0383549
24491.7759283
24285.9623995
24402.5402679
24494.085212
24930.0779673
24699.4048248
25092.7573983
24923.8839046
25294.7235562
25414.051506
25209.6793219
25294.2842249
25406.5369952
25474.4725159
25605.1210202
25972.189708
25760.8760193
26213.3176123
26023.9221921
26427.83377
26173.6623097
26312.8335778
26422.1797423
26793.9356858
26602.0077937
26697.4689477
26842.1142812
26892.1363994
27001.7710789
27437.1141459
27201.4288416
27316.6114852
27689.3458615
27516.5236882
27885.8438189
28026.0068582
27814.4090045
27888.0441539
28304.2201476
28115.6794799
28219.7892295
28629.2319786
28433.5183842
28796.0424022
28607.2049479
28676.4920845
28771.6269474
28930.9236198
29002.0098161
29394.1280476
29479.2126331
29254.7362737
29423.1699949
29514.9594624
29582.0552075
29983.7652846
29796.2865947
29921.8960091
30276.3568654
30390.8241015
30475.7954613
30608.3771689
30712.3616708
30497.525041
30866.0981339
30677.1752872
31099.6185183
30897.5140662
31293.7039418
31432.9892388
31524.781311
31292.8185509
31667.7066087
31816.6164312
31609.5108707
31711.9507283
31767.0930122
31908.3799388
32314.9868627
32370.5211779
32214.7228477
32592.1344847
32396.5150585
32477.8452364
32876.897666
32968.5422005
33092.4456144
33155.3008549
32983.6224816
33098.5753732
33196.2518464
33616.8780917
33682.5934514
33482.7478804
33599.9216303
33717.4732017
33803.0868457
33920.7486174
34017.9593973
34103.3982463
34520.9907178
34615.649397
34705.2400914
34473.87452
34625.391758
34701.1555196
34783.9249492
34922.7195652
34998.6105774
35092.2875484
35493.9173459
35293.8463311
35668.6533574
35767.4721375
35572.5455523
35724.6195836
36113.4853767
36212.7542441
36323.9422252
36099.2900456
36210.1230619
36308.0966819
36401.5247221
36808.7667816
36584.3877003
36976.8738848
36799.2332304
36892.4646456
37001.6504473
37085.7592721
37471.1919309
37607.1817013
37412.5024348
37784.826248
37931.3008805
37723.6227867
37804.8787918
37907.4424931
37998.5670339
38110.7423349
38189.5537204
38628.526592
38412.5333354
38771.9743079
38871.1513475
38704.3210275
39043.5915051
38897.629631
39022.6224575
39399.6044091
39514.022987
39292.9486274
39399.1005974
39816.2523454
39643.3139972
39728.5925268
39750.7458463
39896.4459676
40288.4764412
40117.3732242
40470.7586062
40302.5952729
40702.3875808
40805.447038
40593.6651487
40976.0143443
40773.2956508
40896.7552639
41008.1232649
41114.1187824
41236.1119397
41285.792547
41664.2193652
41793.7584158
41599.2982763
41978.086628
41810.3564885
41923.7960126
42003.1361389
42090.9124742
42216.9850816
42278.3662215
42706.7254912
42820.298792
42622.0357836
42976.3522778
42766.1568644
43192.4487391
43312.1238771
43367.0885281
43483.0584314
43308.2381734
43387.9648827
43473.8158419
43594.0500326
43679.1366488
43792.8623843
43923.7802462
44284.3112283
44108.2883313
44230.2952128
44275.8014507
44716.6731739
44488.1497509
44580.3405796
44709.4387527
44813.3505161
44885.981704
45276.0151304
45100.3635907
45484.8993799
45294.1989481
45394.6081104
45801.1951035
45610.5946956
45716.3545286
45788.4275562
45896.8843899
46001.9110217
46122.7389337
46523.1425185
46266.4217312
46396.7704343
46798.784802
46613.797124
47013.1148177
46794.0215412
46899.3272221
47324.3293581
47448.9785722
47210.5993495
47321.4245663
47411.4955936
47517.0598997
47871.1226394
47703.2267993
47803.8585017
47894.438665
48268.1552119
48090.7049777
48212.0390894
48318.6205773
48678.0607477
48787.0890817
48633.1119406
48697.0546208
49086.6067492
48908.9900462
49275.4975621
49112.9219432
49497.3319227
49312.4376645
49368.2383748
49515.6917807
49882.8830333
49676.4036641
49816.5489917
49908.2459914
50298.5522173
50120.6921172
50217.5833715
50602.6770538
50725.2824501
50773.2134516
50882.1016243
51025.6058745
51057.8584125
50921.560485
50972.1333338
51110.033294
51203.857254
51289.0763961
51706.96316
51495.0784771
51878.2186476
51707.1081494
51782.4173192
51875.5339298
52006.7046679
52101.4013021
52169.3588905
52315.2565752
52413.04255
52490.2768274
52627.5088816
53029.4671571
53056.2221876
53186.6861179
53019.2534062
53078.8432276
53484.2892056
53602.8041791
53376.9231808
53792.6629051
53575.9919965
53698.7578794
53793.2805725
53895.1132397
53995.1395657
54096.6713712
54212.2991514
54326.3081338
54398.1841447
54507.6763418
54604.1719907
54996.2801989
54805.4873308
54871.7128266
55287.2173422
55386.9741016
55206.9301056
55266.6670607
55699.1732033
55824.8375984
55586.7233452
55702.9279108
55812.695764
55930.4944205
55986.0780881
56114.5733805
56182.2102908
56294.5101237
56387.2782251
56515.040612
56596.7841328
57003.432668
57100.4176306
57192.4950895
57000.7693308
57116.5446968
57525.7117509
57569.998875
57446.0609578
57775.2318636
57902.3550333
57710.9779952
58110.8999819
58218.8140388
58293.0674014
58354.1679306
58185.7359134
58304.2914423
58408.9093309
58828.0265303
58903.8955712
58984.9886713
58818.5551794
58918.1308993
59282.6829677
59428.7015439
59190.8429478
59592.5232283
59407.1646595
59820.4328997
59595.8983992
59726.7891681
59796.0691317
60165.2450293
60283.5414889
60414.889171
60216.4813637
60592.0555807
60686.7538089
60505.398268
60610.7905043
61031.6661656
60784.9509571
60902.2337223
61015.2229351
61113.1974584
61210.9233662
61294.5897825
61685.3788779
61468.3289413
61885.1163676
61745.3402151
62071.4608423
62215.2214442
61997.2363559
62107.6319241
62208.67385
62292.2137409
62669.204558
62509.7086751
62588.011
62736.2256326
63109.3517676
62900.2206562
62990.1815531
63111.3356545
63502.7572806
63622.3021914
63692.5497511
63545.7147926
63635.553435
64039.065743
64106.7536331
64219.4099051
64310.2908718
64406.6342193
64469.6098338
64297.3366349
64704.5079341
64459.4179861
64951.1512369
64966.3747226
64797.8080556
64906.3663471
65020.6166623
65396.2568522
65190.4474186
65314.5413267
65404.1142945
65500.95792
65922.175203
65713.9473477
65815.3418814
65884.5438859
66322.7334705
66402.4219433
66207.200229
66318.9818085
66726.7939115
66519.4067114
66899.4509635
66714.6419426
67093.9917064
67215.2073278
67025.9063672
67402.1608738
67503.9080297
67638.2025257
67420.6951957
67488.4422819
67923.3864489
67984.4650927
67791.4093911
68176.1543509
68269.8187212
68100.3899048
68486.3430509
68300.7932621
68402.8846177
68527.6735497
68582.9685182
69011.1850872
69089.1083104
69234.9208265
69274.9185771
69084.6198218
69504.7743082
69592.0487235
69386.8512417
69802.1355893
69897.5177997
69703.6732683
70119.0099027
70195.3072136
69991.1496806
70095.7390899
70196.728364
70323.7654624
70703.9084394
70782.9206965
70608.5325422
70687.9967218
71094.5756359
70875.7253062
71283.0988767
71091.9118217
71197.0950571
71336.7781145
71398.566445
71500.9651684
71655.6831338
71704.5647037
72089.2792988
72216.2029665
71989.8955526
72390.1040356
72508.7214583
72603.7890023
72721.2057654
72806.4919274
72927.2992899
73019.4044556
72791.4759216
72902.7662255
73292.2612727
73393.1961374
73477.0690809
73273.4162514
73416.8323173
73814.8804438
73921.4488847
73977.4018949
74089.92403
73870.0393179
73971.4762642
74376.34356
74501.4752832
74286.2161895
74418.4607132
74799.6525219
74610.8617401
74696.5249927
74803.3936741
75226.9171777
75032.999371
75122.6883549
75209.6636605
75307.6736108
75374.7863933
75485.3729532
75562.7710944
76028.7789542
75810.6937314
75893.6788199
75976.5777496
76133.7128414
76247.2923406
76590.9910648
76389.434424
76486.8701035
76904.0116934
76692.5387862
77107.9799392
76884.5965794
77005.3744397
77078.2629731
77492.0825101
77283.6826705
77675.1165263
77493.2045962
77563.8144513
77720.7445468
78124.8159527
77950.1358393
78278.2444739
78096.9129218
78163.4877043
78291.2894074
78398.9631501
78789.7405555
78927.9037266
78691.684538
79094.9188111
79205.7106482
79017.7801596
79449.2815183
79533.0609597
79311.2027103
79418.3910529
79478.5900321
79603.9572243
79696.6752649
80071.4241649
79880.1483022
80274.2693607
80397.9034413
80178.8336458
80606.0244477
80681.0634264
80496.8183289
80603.6383274
81029.2760341
81065.8894136
81217.3058877
80988.6553189
81106.3896272
81497.071422
81604.9609475
81716.6319308
81804.6301264
81600.7216394
81739.0422285
82086.1202248
81898.4292201
81992.9216239
82094.3889929
82210.7157194
82612.9659978
82685.7348778
82494.1764297
82935.3504908
82680.8369861
83108.9293661
82898.6111558
83003.5621281
83094.4171015
83223.4613624
83287.2541566
83699.2368647
83446.1769266
83612.3085679
84038.9796472
84053.1940134
83886.3941859
83997.2695565
84392.8510956
84155.4932045
84591.6716544
84714.6703063
84787.064549
84615.4737216
85004.8239306
84773.2127633
84918.130641
85006.5290547
85108.3375423
85173.9157582
85306.1070491
85421.9844815
85499.7150111
85630.8560774
86002.6077228
86103.3878245
85898.9501784
86013.4329752
86377.9919806
86191.1351235
86597.1510488
86399.556309
86481.2935518
86588.0885833
87016.6819321
87084.1218173
86884.579425
87286.4377925
87093.777157
87212.0222102
87574.2471047
87698.9796787
87814.5235672
87862.1492427
87758.7308836
87796.0700435
87884.2367081
87983.1727543
88085.1216268
88181.7464567
88281.588587
88705.0920754
88524.6657338
88621.6312636
88973.5306582
88811.7284707
89185.6656108
88987.5271284
89415.1699814
89220.8020271
89281.8232476
89385.5303622
89511.4894653
89615.2969742
89708.6553436
89815.131224
89915.3616073
89997.9877546
90119.3843234
90505.3685355
90582.8212309
90388.2673088
90800.1715691
90567.9095378
