990.419791701
1085.5404694
882.735234842
1006.24290217
1088.72908909
1512.65931964
1622.66235301
1713.78047337
1831.25287176
1619.28284384
1725.7559307
1792.93711413
2194.45017895
2283.79074513
2097.36892815
2253.2289675
2593.46904436
2394.77893732
2446.0574651
2589.71379593
2735.94649721
2803.23217845
2905.74351642
2999.23634855
3085.60893412
3226.2694832
3305.90628228
3418.14399961
3475.8172042
3896.43528187
3989.09283972
3793.68519112
3895.84867683
4015.61843058
4081.93081104
4198.04659309
4280.53300581
4407.52640638
4518.59312554
4589.13403847
4691.74523496
4808.58532992
5209.011068
5026.41487688
5103.65651213
5476.76114342
5615.12320965
5404.0490291
5518.96057562
5603.37355276
5983.27261699
5795.06205316
6198.82273811
6029.76977727
6127.35531605
6196.91236848
6563.01798204
6425.80447926
6774.18517458
6650.43114114
6983.26072663
7099.71895478
7214.39686493
7029.00492705
7096.45455512
7188.98280907
7328.17364905
7426.9904619
7818.53206897
7625.11636161
7718.62728927
8069.4128872
7895.35534654
7998.40646274
8372.28341944
8442.50143706
8305.26875501
8713.64202633
8507.46113941
8622.73954624
8686.78398991
8824.48763567
9156.07271145
9306.67985431
9104.56507429
9497.57414477
9323.70997757
9451.48606455
9506.71334314
9603.509886
9982.11130363
9807.73558287
9922.92767693
9987.57088607
10132.2312445
10197.2528441
10313.8278565
10672.1486454
10834.3738499
10918.8316228
10706.9634608
10833.2504139
10871.2720672
11020.435037
11120.910608
11184.9463681
11286.7139546
11399.6512906
11498.6435888
11620.0390997
11698.4561947
12080.2203355
11905.6974777
12324.1633996
12102.5177718
12203.395049
12328.6608095
12396.9409309
12788.8544282
12605.3448756
13035.7182441
12808.4296375
13183.9639899
13291.4098323
13095.4738992
13216.3818394
13614.3543637
13686.6603843
13524.3428446
13601.3417017
14019.5462539
13787.5698674
13906.2913407
13984.7801196
14378.6464089
14227.2874678
14309.5429227
14678.1820343
14814.9399737
14613.8964637
15009.2109655
14802.7875781
14909.0539094
15317.9888426
15371.4806823
15195.3947579
15286.1693716
15696.6821499
15781.8959143
15909.4061245
15726.6120938
15782.7806914
15910.5151113
15988.306884
16087.7243978
16191.0289601
16294.1489713
16417.6788831
16796.0741998
16609.9940718
17004.4810473
17086.2073388
16904.1914862
16956.9420941
17148.2607001
17492.5244363
17295.3845936
17673.1610509
17785.6437359
17628.4094893
17713.4891304
17783.7593279
18207.4879062
18315.9676559
18411.8319427
18487.4979721
18310.2357636
18391.6335836
18507.9683242
18633.1349778
18694.5878659
19059.5381217
19192.4965392
19268.9881493
19093.6360081
19209.7835388
19580.4380721
19373.0234431
19485.0547549
19868.1985901
19973.835768
19806.9876032
20144.9211048
20278.7080529
20443.8750663
20524.2117041
20305.7761605
20680.147493
20511.2802635
20595.2656675
20704.5638767
20806.6365185
20922.6670947
21005.1674936
21399.2565342
21199.6294536
21309.3961894
21721.1860376
21503.1788118
21890.5417046
21700.0339337
22103.1205126
22217.0580062
21996.7695743
22120.8649415
22185.0298944
22307.0147718
22692.5774882
22813.901277
22628.1866505
22686.7231865
22802.4968749
23141.1357095
23024.5959942
23392.9695336
23172.4164231
23599.3880863
23419.6588643
23816.2365023
23629.4286083
23718.5489402
23802.7898267
24180.2586468
24025.9821537
24060.5868418
24481.9210573
24614.6283172
24367.9422557
24824.0448337
24944.274577
24714.1212754
25098.7438686
24919.4991118
25265.9158279
25080.5332399
25189.4240037
25308.0446516
25377.4547839
25511.5643075
25599.1300577
25725.0608173
26087.655936
25892.9621568
25988.8595753
26423.5198441
26181.8598341
26268.6198255
26418.492693
26505.8526526
26892.0457692
26689.5401656
27097.3584048
26929.447605
27304.359494
27087.3858204
27497.8787912
27300.6747697
27377.4487388
27773.2539647
27890.4524971
27697.8502536
27801.550086
27923.114869
28275.7770972
28402.9304551
28499.5890421
28321.2127055
28680.5105582
28461.494875
28635.8060699
28694.0740493
28796.9494977
29195.7186256
29022.4003902
29115.7034969
29523.2937567
29313.0479326
29403.9556543
29805.8019947
29608.6499384
29714.3569731
29798.1241548
30190.6672763
30297.2897526
30420.7638335
30206.7656245
30262.0160244
30421.7144944
30502.4978219
30880.4321977
30701.1303772
31114.8096784
30871.1550695
30991.1112781
31111.6773432
31218.8478213
31291.3272701
31674.7755981
31777.7040295
31920.4294011
31987.1595903
31796.5989906
32216.9861686
31984.845256
32384.7161414
32485.954329
32596.0698194
32706.1939445
32550.5025061
32620.9225054
33003.6800484
33124.6537193
32905.2570678
32990.9958248
33395.3141188
33497.181344
33584.0289585
33420.4840725
33510.3529787
33622.5780899
33729.2933694
33810.6785943
34182.3440137
34310.8043887
34411.2031361
34197.2546837
34334.3230224
34391.6665618
34791.0925374
34626.5416488
34955.9746985
34763.4134133
34889.9399872
34992.1147512
35101.7007609
35192.0315675
35617.0280616
35391.8646661
35819.560122
35571.6204404
35731.7471615
36089.5552541
35929.7918458
35967.8732715
36404.8664261
36245.4699035
36322.4062274
36380.2564458
36483.0053642
36905.680459
36699.9637109
36790.3716613
36905.2103458
37014.717249
37100.7174407
37179.5855638
37600.2470206
37697.3530074
37506.5772092
37624.1958154
37704.2561895
38093.1115438
37908.9485654
38288.7574016
38403.797348
38182.9802076
38270.4331846
38419.2284074
38829.3874965
38597.0353495
38715.8815487
39058.5343018
39146.6303969
39362.826034
39091.4426018
39222.3689026
39335.8577086
39409.2029035
39812.4065598
39579.2735335
39677.8197211
39807.2339378
40192.958986
40334.9326938
40416.3373318
40185.2733308
40589.9630951
40398.3381355
40526.0341549
40882.5029872
40713.6283129
41101.406218
40879.5246679
41296.8714359
41382.8810604
41190.0172711
41317.5647042
41431.1414304
41501.4121124
41594.2016916
41676.783054
41811.8172266
42237.7602561
42310.9902694
42091.7886658
42187.9398908
42309.3902774
42394.9660882
42499.001766
42923.6443464
42697.4451399
42795.3461611
43183.9201953
43000.036143
43100.3262058
43209.7562151
43304.2164447
43401.0273898
43798.0211961
43600.9448904
43695.6457254
43834.913956
44218.287258
44325.3222811
44413.4322163
44215.5359894
44302.96006
44400.8286244
44519.051228
44590.091307
45014.2453142
44771.9480063
44963.3958832
44980.7805291
45407.9137849
45213.3284007
45587.048639
45664.4008341
45482.6700262
45864.3830652
45689.0444799
46121.3920589
46183.3445692
45968.7334129
46391.3969136
46198.5188078
46632.8104618
46405.9929128
46524.4623434
46897.1848408
47010.40104
46805.274984
47208.9340382
47286.897464
47082.4487239
47178.0113613
47293.7086949
47718.5179848
47816.6071152
47910.3259347
47965.0076438
47763.7132239
48184.8826863
48297.2583733
48114.5778625
48467.7912903
48316.2323574
48690.5493367
48512.8887156
48609.8773757
48716.4185831
49130.4180515
48916.3999504
49013.5613826
49080.1967843
49183.7915987
49302.9912594
49386.9365393
49525.8428805
49606.7222516
49707.4006634
50065.5943591
49858.5778891
50312.4794618
50110.2598562
50190.6990371
50302.2897463
50731.1471136
50778.001375
50873.5558724
51010.993958
51085.5359195
51202.4817661
51009.6712362
51118.7297584
51527.4344273
51302.1972774
51691.7156203
51789.3621551
51891.2208673
51995.8218263
51787.8230205
51921.5683694
51978.7532077
52395.0267541
52510.6511971
52261.1595151
52671.8906765
52798.6686945
52618.3588678
52980.8305907
53122.8752835
53195.608981
53334.3669238
53092.2697944
53215.5007992
53598.857529
53737.7148653
53505.3720419
53615.3183907
53704.4254402
53795.6930786
53908.2471556
54011.6040726
54383.8100657
54494.9072368
54321.3880213
54397.7320961
54799.3046138
54915.9374296
54999.7593114
54778.154317
54926.468116
55014.5613324
55407.8549894
55210.5108559
55574.4478991
55385.9795791
55843.4970178
55871.3709004
55698.5173803
56103.3210761
55874.1571874
56293.6917441
56112.6215645
56513.0680425
56609.2832403
56388.7100665
56529.6780198
56621.9665618
56996.5056102
56812.6619226
57231.0178731
57315.0826295
57088.6639025
57237.6625456
57550.8323229
57429.7960396
57813.6150762
57923.9287238
57720.1566871
58116.5657844
57910.3882191
58017.3822383
58389.2442544
58488.4404232
58615.9211348
58433.1756791
58834.4404166
58613.9268627
58690.8809842
59099.2518942
59214.2437734
59311.6333441
59121.0150729
59489.9236431
59580.866472
59716.6263641
59762.3979623
59590.4944901
59696.0073932
60081.3565624
59885.0582486
60014.9230265
60095.3945059
60198.8977248
60621.8387581
60696.911484
60495.19846
60623.2961164
60694.5636146
61109.9205867
61220.9033483
60986.1723322
61090.6490387
61513.646831
61604.3440628
61678.6691317
61501.27769
61898.0762658
62014.8532411
61791.6122252
62225.0099941
62024.6065269
62413.7560954
62175.6296504
62597.3145196
62391.8726107
62814.4159228
62875.0001722
62996.0396082
62791.5719212
62925.3438741
63313.2639721
63085.4831864
63198.5287449
63633.7121685
63702.4033779
63824.7880104
63847.5729029
63670.930104
64082.1749294
64205.5256643
63967.9054533
64079.430744
64217.8871285
64587.1040142
64738.3073652
64787.0630927
64632.3429552
64719.9582304
64803.527745
65171.5012651
65267.6050859
65114.4332547
65514.1944537
65595.8770435
65724.7705435
65777.9928219
65885.4305651
65688.919123
65810.7267878
65895.1354089
65990.7385498
66413.2355936
66208.6579614
66296.3267797
66696.4860157
66488.3517445
66879.2326075
66693.2314473
66787.7555222
67206.4270436
67283.4635961
67377.836805
67215.9226539
67586.1412409
67692.5845661
67482.9911124
67894.7468276
68005.8351584
67847.5061471
68191.7885906
68007.6772641
68046.4505978
68194.6564929
68611.9965201
68381.1244822
68516.1538209
68900.0636791
68730.4146769
68797.8190831
69189.9580138
68988.4054752
69077.4446065
69212.0288976
69605.0002539
69684.5961876
69787.0326364
69915.29158
70011.2901111
69811.2225654
70229.5304339
69994.3066864
70116.2344166
70203.0330253
70339.5077717
70410.9552686
70494.7357591
70887.3929438
70699.7481369
71119.663901
70915.2529796
70987.9731376
71092.582043
71482.879426
71602.9096296
71684.730023
71789.4346668
71585.1301398
71959.9798226
71811.9516588
72195.0347448
72018.6754518
72382.8657749
72489.4652902
72313.7678779
72709.8770991
72820.5902712
72928.0853238
72995.7096554
72828.7507151
72930.7035409
72993.3220285
73417.0543273
73508.436799
73566.0779965
73418.2248112
73502.7249493
73891.4274556
73708.5460739
73805.0657013
74204.650327
74289.1492128
74099.0074513
74209.3730919
74566.2396009
74392.8370355
74501.0597473
74596.0411132
74698.7665729
74782.2343336
74930.0154983
75025.5978297
75094.7414827
75457.32227
75293.5070256
75427.5500462
75482.3308601
75931.2039019
75695.5069344
75810.0922289
75876.1978445
76273.3247054
76392.8910956
76185.754589
76278.2643341
76679.4605367
76522.2322255
76916.2862849
76690.7666576
77102.0739833
76917.5343303
77299.3597585
77118.4223608
77488.481784
77314.4734322
77406.6217474
77776.0328114
77574.8258402
77696.9601662
78080.3742962
77873.785654
78296.8610796
78109.9537788
78210.3647933
78323.5007564
78371.7298788
78529.2852071
78595.4980975
78718.95313
79088.5085525
78921.8772969
79310.0244604
79387.9861595
79187.7757494
79306.1752884
79709.6839749
79500.1619491
79890.6847711
79951.4784389
79789.8290527
80171.620927
79973.3208862
80396.6714395
80192.4357952
80308.7661201
80389.5930528
80526.8587044
80599.1198611
81020.7954906
80815.1667012
80890.6396206
81303.9906849
81091.5356549
81217.4678453
81626.8275112
81379.6482302
81526.9287495
81879.4577648
81692.9462718
81808.1960126
81885.2992178
81997.2370283
82355.9138374
82535.5282956
82297.003702
82413.2238316
82794.8149369
82597.9202072
83004.2176388
82779.0576278
83209.5882238
83316.0332226
83115.2631306
83195.0261384
83599.2728262
83389.9935356
83510.6261872
83599.3024292
83970.9021694
83795.4702639
84216.4720616
84006.1167299
84129.1764263
84183.8594334
84604.2253069
84397.8093331
84510.947552
84581.7414278
84688.2387807
85101.5791471
85156.1975858
85309.7783834
85354.8077955
85200.6645475
85316.2134437
85707.3974998
85505.2332887
85906.7234185
85697.8550077
86092.060295
86222.7321739
86296.20536
86119.1940967
86206.4829336
86333.2606295
86714.8920623
86475.2578183
86878.0272526
86721.5817424
86762.0198893
86926.8120084
86997.0596278
87392.4171588
87203.4507638
87313.473949
87716.2323745
87834.1369471
87600.7202133
88009.918489
87817.5172579
88215.1046003
87977.1050492
88078.3727068
88191.7551794
88591.1829851
88400.9314424
88809.0247203
88631.7568108
88697.6252556
88787.998648
89187.0169054
89008.4684641
89411.3655741
89485.6985336
89634.7019988
89691.0657767
89478.4683278
89623.4623
90014.2863523
89796.812373
90195.1746578
90001.7892743
90105.8219379
90526.026436
90314.6476909
90416.536844
90503.3256995
90589.1587754
91013.6401606
91114.6538155
91200.4632517
91034.8339452
91431.4379479
91236.1963391
91578.7481935
91690.6465182
91495.341636
91634.0372307
91989.2180554
92098.5996815
92213.2527071
92000.2667645
92355.2487143
92205.7809897
92292.182894
92422.3120492
92488.1411466
92893.0670838
92700.6586704
92832.7375756
92933.0377863
93025.9184454
93107.6479837
93515.0268561
93320.5581088
93722.6427813
93498.1449241
93589.6943197
93676.8335977
93778.537463
94175.1509379
94325.1631933
94387.733419
94197.9392982
94596.4300066
94392.2896428
94500.6342711
94590.7220996
94708.8089822
95085.1833753
95199.2573001
95018.1266278
95070.9893767
95505.4175586
95314.9973893
95398.2735695
95798.3810756
95886.1401807
95712.081098
95767.8668412
95910.2892241
96034.0544274
96407.8824252
96218.4892917
96310.8777251
96700.0571396
96523.9285889
96575.6425365
96993.3842704
97071.1244605
96910.1520853
96989.4454725
97394.0199854
97485.464662
97296.4605176
97686.0357902
97535.5684308
97590.5733847
97693.0514291
98131.7200507
97929.6726137
98328.6919959
98081.2740405
98207.532338
98305.7434665
98404.2168072
98790.7014827
98889.1447711
98971.9883378
98784.1536318
98890.9890129
99290.5821431
99404.6204266
99191.8419412
99295.0904343
99394.5313111
99498.220708
99864.8304432
99948.1542239
99830.7542039
99880.4263528
100027.648479
100110.193097
100200.801966
100337.806329
100390.569452
100480.883867
100915.145147
100729.659738
100791.152013
100926.47981
101343.525412
101086.842391
101500.828214
101611.502849
101683.573235
101514.971962
101915.136912
101686.629557
101811.049203
102213.198393
102017.766802
102106.978918
102480.066843
102610.574396
102695.874224
102522.125089
102610.670727
102724.944964
103119.221668
102950.190523
103039.998205
103397.809216
103177.940125
103573.021155
103416.057386
103523.024567
103614.770634
103948.760632
104069.675402
104222.99533
103972.341921
104378.65324
104198.859992
104288.34058
104389.457247
104820.722403
104607.084983
104708.957232
104785.286198
104902.355035
105006.066589
105405.21515
105216.9358
105298.081379
105387.009435
105844.047452
105622.403297
105706.168076
106114.793248
106195.117079
106319.22445
106091.249915
106206.50919
106600.650399
106743.677191
106507.945334
106896.177531
106668.551217
107086.814177
106886.129358
107328.90549
107092.699573
107206.536208
107586.028076
107686.186343
107512.825241
107910.084095
107705.898226
108090.346432
108231.975323
108293.325299
108102.331999
108506.988866
108305.31789
108405.286499
108771.722136
108895.531768
108989.60364
108794.217546
109206.026344
109289.417694
109431.434337
109511.079281
109601.146621
109422.181596
109500.181697
109586.46253
109707.159204
109803.601535
109889.601317
110304.844132
110411.393324
110197.273813
110291.155288
110394.363247
110512.195932
110928.897467
110719.008468
111078.845247
110900.742276
110999.233757
111111.482299
111490.927588
111281.109196
111676.661692
111515.024796
111570.862831
111698.908972
112099.221671
111906.111754
112047.69163
112086.163102
112482.038717
112297.768284
112441.321423
112793.52622
112599.522394
112717.178845
112812.23411
113216.618476
113002.761883
113387.71378
113479.299803
113603.118167
113708.764452
113493.633076
113597.155798
113716.155201
114101.710434
113902.35938
113992.463095
114403.295719
114186.28466
114622.820809
114391.945529
114793.968343
114572.127576
114701.694429
114797.961555
114881.183371
115291.704757
115406.046273
115481.866631
115297.124339
115401.636523
115489.742937
115607.368303
116029.981076
116077.998003
115906.213102
116010.257966
116065.230864
116240.091605
116307.878773
116695.564371
116521.46896
116648.774704
116707.127585
116818.059273
117186.838669
116997.542754
117410.441734
117198.609077
117576.319518
117415.543434
117797.250221
117886.81067
117712.814195
117828.990664
117908.161625
117999.691507
118122.163512
118197.503852
118634.69918
118416.908336
118815.582779
118929.640081
118674.035812
118776.998309
119199.845894
118967.299356
119385.993511
119200.767023
119607.942078
119394.202134
119512.163603
119641.922384
119739.807863
119803.947148
119904.865921
119990.582098
120394.428213
120480.761136
120319.178521
120726.976225
120465.331856
120611.36486
121027.668797
120801.867115
120894.745277
121019.619525
121376.262795
121218.817788
121321.354504
121691.378015
121508.98524
121599.443084
121721.738998
122096.09585
122195.886747
122016.875651
122144.904343
122233.710139
122576.41523
122683.156841
122785.608227
122586.556181
122713.913914
123071.669637
122929.35445
123022.078018
123415.150262
123238.881909
123279.485484
123400.465239
123831.706646
123601.608972
123691.873891
124106.997708
124235.698982
123985.573836
124095.207771
124187.208323
124314.507065
124396.244692
124523.450924
124605.185481
125011.558012
124838.456677
124914.726071
125017.039371
125374.099747
125514.074449
125607.931471
125373.518891
125479.411446
125616.458678
125996.061325
126108.762337
125899.375539
125978.764838
126393.289175
126197.749595
126581.617824
126439.103186
126496.29468
126915.214395
126671.636638
126794.398416
126912.966979
127014.776548
127380.867965
127207.269028
127274.072942
127402.320678
127762.986088
127629.629396
128046.34418
128086.602455
127904.542271
128317.22227
128129.360682
128502.127824
128586.954743
128693.380613
128796.198034
128956.703414
128703.051755
129080.563214
128931.523874
129007.316259
129061.321139
129505.121659
129591.952506
129383.613485
129500.734216
129593.726491
129703.826857
129808.196691
129875.899165
130280.917838
130402.142833
130244.84082
130316.997907
130394.397592
130467.422936
130610.085776
130676.816415
130795.802349
130911.032661
131293.961774
131134.12272
131210.096188
131578.220312
131693.864733
131801.463187
131896.953776
131995.985982
131817.607941
131897.606328
132006.987903
132119.618021
132187.173363
132554.913301
132719.988617
132523.373146
132885.387277
132689.296388
133113.713525
132895.66086
133009.704894
133104.7412
133201.934276
133272.231633
133419.059985
133514.292413
133593.040956
133999.100708
134115.402868
133828.476573
134269.071423
134108.829965
134491.221701
134291.491925
134388.865283
134505.381834
134586.580051
134985.767167
135084.40872
135207.517311
134981.875204
135113.116072
135159.949575
135558.359228
135385.670087
135812.232325
135607.037782
135986.660027
136123.042008
135885.577849
136003.602388
136098.241787
136519.859915
136602.533737
136711.67913
136467.545981
136617.152762
136725.284635
136808.980611
137194.573016
137307.816057
137096.250558
137201.712098
137591.297832
137686.927725
137506.954957
137588.916205
137724.001006
138113.977325
138198.249987
138308.076993
138093.298545
138234.963173
138324.158033
138388.732722
138499.471003
138916.733776
138693.722533
139057.65656
138922.320206
139303.92911
139103.589139
139193.547485
139271.553311
139392.866551
139794.131004
139601.566983
140006.921657
140140.708706
140179.000856
140297.792805
140118.521481
140194.963052
140260.30571
140409.359077
140514.413472
140875.881076
140683.193339
140789.076202
140921.587684
141299.276234
141396.557741
141475.35052
141289.360159
141405.054705
141495.369478
141590.751614
141977.155864
142121.63946
141892.967352
141999.917107
142375.700697
142502.865388
142621.938183
142382.685832
142497.381343
142600.921645
142697.58002
142788.641014
142894.177749
143006.092507
143082.249289
143505.61544
143318.294884
143691.973311
143487.994545
143866.281365
143704.24536
143800.795225
144184.336593
143992.072165
144384.447907
144240.630281
144304.627559
144374.379633
144470.893075
144893.33961
144677.194987
145124.078758
145197.749457
145344.272417
145064.465581
145215.934438
145279.788924
145755.464804
145495.67718
145887.753254
145682.944106
145827.675372
145885.6969
146309.623605
146096.241134
146219.449375
146284.728269
146406.720119
146494.87706
146597.063653
146701.409511
146821.457525
147204.691725
147006.937452
147381.904919
147493.319646
147578.766663
147694.325266
147535.770392
147901.798393
147967.999356
148091.297522
148234.136018
147988.31096
148096.986402
148217.876336
148585.119892
148691.739036
148498.774
148603.70641
148657.929647
148807.287866
149198.643035
149003.095134
149101.671617
149527.961702
149625.74122
149373.912803
149779.739374
149898.125345
149669.496571
149824.651584
149879.664287
150317.900164
150095.388586
150194.625233
150607.663908
150717.642917
150825.990561
150871.234149
150680.494575
150820.685109
151194.906285
151008.649383
151368.472539
151174.704135
151618.989997
151387.289992
151487.983231
151589.6512
151750.928893
151800.942862
151890.226949
152331.239527
152088.098152
152206.219009
152286.311367
152704.042127
152519.714724
152586.814748
152731.914311
152807.639249
152881.717276
153273.407853
153134.034361
153231.334101
153284.508534
153400.581351
153518.437525
153624.232338
153713.381175
153814.042697
154217.100263
154288.396365
154081.181205
154194.401486
154291.845946
154420.251825
154784.643792
154616.509986
154690.688951
154787.311346
154898.961582
155008.248619
155387.308785
155497.992748
155625.917539
155380.331384
155793.937648
155619.376386
155999.099696
156070.745633
155911.697247
155984.805273
156082.629627
156222.913414
156630.731329
156416.310444
156785.68192
156899.269943
156675.682673
157081.430278
157189.376474
157298.489129
157132.80763
157153.552196
157297.638343
157392.912512
157786.490046
157603.382139
157674.626716
157813.762386
158191.955522
158323.043161
158401.227688
158481.220004
158317.52819
158684.864942
158471.058874
158577.989922
159002.682531
158811.665417
158908.871984
158998.273714
159368.171934
159201.007601
159584.367657
159370.92787
159500.542416
159900.723791
159707.812641
160123.137046
159892.193756
160292.983823
160076.710468
160483.528639
160273.354386
160402.43469
160480.887117
160894.511584
160717.867872
161114.979816
160895.305388
160985.298834
161434.355228
161211.317509
161300.998631
161391.11809
161787.450429
161912.034661
162003.899831
161802.275642
162206.60911
162023.97481
162114.411544
162535.903691
162567.301561
162400.533266
162457.65712
162911.084025
162690.603881
162770.671251
162865.85855
163312.727563
163397.591943
163492.312443
163314.884215
163698.96301
163507.04411
163898.145112
164014.813531
164119.488134
163909.35567
164297.648944
164409.249814
164508.993473
164564.419163
164381.072341
164518.344507
164901.55071
164734.93166
164799.596767
165190.390718
164990.991485
165101.631812
165213.303752
165547.471776
165398.196457
165494.327546
165914.7564
165684.467442
165816.070876
165869.631169
165995.361783
166096.805509
166493.017006
166315.294909
166706.101407
166482.504427
166589.909381
166688.847571
166769.730768
166910.665676
167291.522958
167391.350679
167213.821609
167312.787772
167388.381304
167492.245689
167598.390468
167724.44923
167772.698321
167903.286614
168038.519001
168061.134273
168190.285865
168586.644101
168722.677488
168537.695034
168629.922174
169020.440088
169099.270076
169178.01584
169332.139937
169398.229008
169488.168347
169296.217183
169394.968095
169771.624748
169607.310556
169965.159376
170110.323366
169875.981803
170288.55377
170090.267551
170210.410262
170292.701307
170664.679789
170794.857604
170889.566389
171005.275337
170782.65286
170895.656906
171320.599163
171119.356969
171496.418982
171597.117144
171378.75457
171814.900262
171614.273994
172027.103647
172071.262281
172208.092156
171977.640302
172132.538003
172197.892433
172296.107043
172423.808853
172777.924179
172885.74892
172999.972294
173094.911476
172907.192986
172985.674449
173401.558302
173230.492893
173275.287214
173406.653637
173796.871725
173898.440923
173999.400672
174093.236668
173892.220867
173983.293992
174103.793029
174527.850372
174593.382885
174680.382995
174830.459026
174598.83627
175030.383818
174837.159938
175166.068434
175284.24469
175348.862386
175205.928522
175300.810323
175359.489758
175811.714531
175862.765393
176010.155573
175816.142598
176179.842544
175988.687191
176104.667835
176188.907989
176606.598654
176686.925628
176487.973563
176621.030484
176711.073236
176810.488333
177192.329466
177023.628999
177072.671195
177475.781741
177612.19627
177405.353417
177838.823813
177581.347682
177990.855801
177808.218134
178214.191857
178285.283043
178411.447523
178190.945481
178592.709584
178411.6749
178496.351366
178900.94104
178705.153946
179115.859615
178885.074593
179013.978227
179101.133827
179162.196058
179327.521601
179407.315384
179514.524832
179581.967438
179687.24419
180088.927353
179884.741077
180022.430006
180400.027836
180485.46363
180307.519471
180425.782358
180789.778385
180585.607625
181003.226083
181090.760925
181228.070518
180957.738189
181410.044945
181513.909177
181636.057527
181423.605378
181491.263592
181615.593004
181697.013362
181812.301417
181884.892618
182010.531876
182116.952661
182499.437011
182613.130884
182378.511057
182814.590626
182581.689474
182705.153144
182801.840313
182930.045476
183322.772162
183100.580222
183526.995281
183290.624624
183701.54613
183482.126785
183884.350441
183697.169948
183785.128557
184233.003624
184003.913404
184370.406684
184219.588952
184308.995597
184710.832804
184490.077281
184595.469648
185000.770578
185089.572996
185191.850775
184994.792347
185378.023423
185214.187635
185292.328036
185400.959742
185504.813629
185866.790846
186028.416975
186083.47816
185888.661273
186324.251687
186124.092972
186195.606906
186301.353719
186396.496055
186521.97473
186582.761131
186697.137089
186791.863798
186920.002988
186968.787063
187402.467843
187232.415537
187305.078339
187397.304413
187502.444171
187923.191391
187746.70506
187820.292496
188231.696543
187993.329359
188122.385613
188176.368484
188294.445934
188744.386464
188825.164649
188890.214412
188986.742224
189087.125134
189200.669681
188995.67163
189383.05355
189173.076374
189614.161664
189396.961685
189501.109542
189874.291221
189718.668713
189799.096593
190174.502322
189991.060404
190105.935825
190198.235563
190278.598322
190702.2406
190482.885255
190585.924231
190990.121078
191046.204301
190931.587815
191307.952735
191393.359092
191181.089492
191587.546065
191427.010048
191530.206476
191908.177582
191976.364814
192087.87428
191902.671189
192304.930016
192087.641313
192174.815241
192592.375445
192415.993799
192523.81426
192912.69368
193008.280037
193097.719298
193193.085816
193287.015859
193420.761093
193183.93143
193313.925089
193357.983854
193504.592178
193906.498214
193974.533554
194089.748519
193909.073148
194000.776367
194132.024911
194470.792931
194575.180999
194399.195151
194521.242182
194613.061121
194717.924952
195101.515423
194912.338391
195004.86383
195413.786622
195511.377878
195325.357541
195690.57845
195804.093963
195625.037452
196000.613492
195806.911601
195899.898569
196299.797376
196057.992942
196207.131543
196309.208056
196735.35058
196753.868203
196589.614602
196700.8102
196790.737832
196936.086332
197296.909852
197089.199001
197221.921274
197591.494217
197383.422644
197789.27257
197869.885564
198013.71056
198124.29477
198187.980684
197979.44224
198393.220973
198226.837488
198599.12095
198709.21772
198497.191632
198573.782107
198704.812415
198801.820098
199189.014141
199001.881381
199102.713627
199213.249546
199309.756337
199419.814083
199819.287891
199614.262442
199707.333353
199765.582103
200230.361118
200039.508423
200118.89689
200193.052825
200633.476067
200428.662602
200493.915053
200616.312488
200966.772332
200792.289172
200907.733534
201046.607842
201375.391845
201523.092307
201617.972062
201680.097904
201797.476168
201917.458899
201704.74271
202085.055628
201896.30998
201992.640212
202413.058139
202529.023427
202606.366905
202381.611606
202782.42028
202880.126223
202740.374105
203095.497357
202898.471517
203318.859269
203410.380606
203200.315691
203320.576815
203421.21699
203813.511744
203651.770186
204047.638398
203798.392691
203943.70596
203975.798531
204096.150037
204480.134354
204579.155648
204415.091418
204468.226699
204910.485316
204701.920215
205124.002162
205191.137752
205001.080854
205388.751279
205501.735044
205285.72026
205682.410543
205806.655953
205591.625137
205715.565626
205798.849446
205909.235712
206036.63813
206390.706019
206524.204098
206290.208475
206394.2004
206509.709679
206923.608429
206709.549474
206813.891671
207161.165459
206968.539083
207414.935047
207208.88465
207310.8529
207424.173094
207765.173867
207583.188547
208021.08208
207801.651743
208214.37062
208310.577502
208395.225085
208469.505935
208299.852408
208704.030957
208475.325291
208627.686836
208693.473183
209099.316783
209202.947018
209301.151998
209103.74461
209194.369594
209279.716992
209650.711951
209486.233182
209603.046223
209998.517589
209794.775121
210157.710496
210022.429787
210427.332485
210206.125828
210299.235082
210393.904569
210530.221447
210608.718513
210972.600036
210810.275957
210922.636913
211308.429668
211091.32568
211471.97729
211640.47347
211371.833575
211487.277691
211612.379593
212008.291582
211785.261254
212226.439544
212288.61814
212087.226186
212223.613019
212308.951347
212399.180835
212830.404906
212587.98377
212706.048731
212794.896852
212902.76534
213025.264586
213090.199511
213526.863881
213292.46799
213378.280613
213517.487082
213899.940739
213977.435655
213789.17993
214216.53448
214295.266254
214407.004732
214486.130755
214597.886304
214720.92106
214489.577087
214597.57726
214715.764058
214808.06923
215193.55448
214990.351248
215134.199217
215509.246563
215585.053793
215699.488679
215506.578906
215599.163148
216009.468418
215803.078093
215879.70144
215999.405577
216425.303251
216224.440322
216578.704109
216396.253298
216788.37818
216574.198615
217034.061787
216809.658097
216884.425872
217296.126451
217110.211138
217493.988686
217324.322208
217714.701853
217822.637072
217576.082091
217996.082329
217835.164473
218160.493897
218024.142302
218414.84755
218479.592864
218583.691501
218381.349055
218809.260285
218605.382425
218708.235214
218802.200968
219188.913686
219305.826946
219398.247365
219191.981812
219317.902885
219659.548215
219493.890024
219604.42769
219686.353433
219828.589363
220213.445778
220010.937995
220426.230539
220489.52839
220283.217473
220377.806865
220494.724196
220878.211042
220974.825679
220802.98427
220903.074502
221296.444038
221083.469385
221163.644579
221331.083656
221702.686077
221808.226699
221896.884913
221968.164502
221812.120264
222242.834681
221991.624084
222429.256711
222195.220159
222312.354376
222364.098657
222775.519162
222597.413832
222733.164409
223109.896111
223167.245554
223313.074397
223098.790759
223521.786165
223290.239663
223700.2583
223777.034196
223593.045279
223958.299785
223803.397819
224197.752714
224019.249154
224114.437951
224168.485448
224320.242221
224356.766462
224786.070329
224930.040031
225021.984875
224805.162986
225198.894132
225011.55027
225435.922964
225492.772277
225269.423697
225384.041658
225531.169483
225599.693517
226024.536367
225794.976795
225914.139924
226307.914254
226407.860814
226475.998019
226604.539977
226727.167826
226802.647572
226617.242965
226986.085636
226764.796773
226892.399815
227326.427737
227102.887665
227529.810354
227577.290857
227674.486531
227511.990302
227587.177963
227719.89867
227792.901325
227891.04023
228001.646819
228106.870214
228513.614391
228325.579061
228387.736899
228512.013375
228872.440168
228708.059188
229063.847195
228905.34715
229261.758167
229097.304747
229205.806898
229314.11612
229389.815202
229507.897144
229609.67369
230037.386415
229809.437885
229889.490595
230307.196795
230098.305949
230459.86625
230627.83396
230411.733065
230771.873248
230614.149097
230717.539623
231112.473321
230883.157768
231030.073372
231391.396802
231191.058861
231286.837088
231393.039273
231788.208186
231894.175476
231996.610718
231818.17429
232185.681733
232305.315232
232381.043853
232510.397489
232305.158937
232727.954509
232802.387383
232581.14813
232731.215076
233096.676902
232914.028696
233006.577709
233099.036423
233209.571931
233311.109804
233696.930394
233495.991056
233919.172341
233703.674696
234109.448242
233916.334639
234335.568888
234424.957031
234208.943327
234285.995894
234721.867768
234488.032353
234887.372468
234732.697914
235084.266415
234897.762963
235014.601633
235436.748747
235223.015155
235297.796453
235391.281587
235787.891652
235632.35873
236003.473021
235806.216215
236211.441703
236281.194555
236389.871624
236237.212178
236595.160908
236674.73064
236765.542863
236598.695423
236995.552884
236790.822118
236892.2768
237302.645194
237088.288292
237206.684926
237317.950755
237366.630174
237488.605675
237605.911309
237995.481725
237767.646143
238190.330928
238314.072218
238406.145663
238530.357924
238297.104791
238731.029835
238788.618481
238606.448006
239002.822455
238774.208195
238912.202951
239273.52866
239401.105691
239475.554049
239292.201568
239405.829686
239494.479162
239597.511292
239722.100144
239795.089213
239904.247047
240300.271352
240103.253429
240529.303199
240292.226864
240398.814323
240487.955974
240888.335111
240995.549298
241149.688067
241230.601208
241311.454282
241389.203631
241198.628045
241616.82745
241401.864615
241523.170872
241926.41458
242002.073123
242112.814056
242210.641462
241976.892402
242078.302505
242201.959771
242293.842896
242712.235708
242789.537152
242601.440097
243006.2777
242809.464564
242890.301072
243009.675268
243082.106665
243505.803062
243603.454611
243384.287272
243510.087804
243585.571082
243719.841222
244104.919842
243903.187642
244013.2544
244383.97255
244221.350285
244596.276938
244675.449741
244836.761676
244875.815539
245016.70409
245082.873736
245210.179993
245305.361685
245094.293892
245187.298056
245592.452833
245687.216576
245505.944245
245618.365145
245682.995981
245822.475531
245864.777682
246294.964348
246401.77402
246207.712384
246563.088891
246708.854199
246471.89569
246907.314851
246995.100782
247096.955805
247237.037885
247001.003507
247112.249681
247524.550683
247307.126753
247707.165389
247522.021594
247890.487903
247725.825324
248082.076333
248199.497327
248005.552329
248090.933378
248212.271444
248573.73799
248409.197754
248802.160068
248911.134381
249024.81954
248797.288011
249180.356809
249010.535335
249118.030002
249534.210602
249614.879883
249384.945101
249841.924789
249613.55591
249729.672747
249799.07992
249909.952061
249964.822755
250088.617979
250234.783311
250610.030373
250388.42446
250525.544983
250608.672241
251018.918007
250769.091199
250902.504843
250988.613755
251419.733715
251190.452371
251572.822687
251411.636858
251513.846157
251614.298569
252024.580747
252117.297445
252154.752014
252006.844029
252351.113758
252189.429713
252307.033839
252677.773261
252467.714446
252577.164026
252741.433324
252802.124248
253210.181102
253281.944083
253068.004691
253198.782752
253315.45685
253390.460898
253787.075048
253591.514062
254013.561058
253803.012301
254206.098825
253996.620666
254390.448435
254200.72323
254279.184999
254668.554291
254525.074899
254873.540344
254714.852061
254795.499956
254939.280631
255003.550684
255437.593489
255532.552321
255334.9675
255680.680362
255796.682224
255595.794481
256020.948776
256103.640688
255904.837699
256315.218461
256084.6862
256497.031836
256313.992037
256696.662935
256505.590146
256604.055257
256998.465031
257105.7923
256878.42535
256944.983829
257112.66429
257184.543544
257271.617944
257399.590549
257535.564972
257586.769016
257986.159482
257814.942038
257934.073334
257967.221878
258383.940035
258197.080323
258286.758867
258397.885611
258798.310432
258903.426032
258672.065544
259071.197055
258921.700701
259025.820763
259411.875016
259182.178689
259586.904202
259675.563967
259800.05924
259601.339642
260032.226148
260127.380246
259896.706394
259997.893117
260100.143877
260182.544997
260306.440494
260663.560896
260510.360042
260587.555114
261035.904714
261074.197847
260910.131917
261333.942402
261443.738485
261225.470681
261341.311689
261717.967927
261494.918002
261583.117827
262013.947065
262127.503386
261915.336187
262266.374896
262413.027785
262254.201118
262588.409819
262389.871756
262521.174628
262591.371579
262703.282111
263099.890422
262876.299553
262994.356207
263398.784657
263169.304722
263626.85438
263400.162708
263779.986043
263861.545624
263693.142028
263794.525181
264196.213769
264008.734257
264107.450638
264521.492481
264282.492572
264683.796351
264792.247774
264913.866319
264672.264162
264835.562103
265195.006362
265028.977965
265105.970464
265189.09405
265589.564922
265676.000497
265811.899876
265610.984782
265988.250398
265808.36626
265891.084027
265998.989464
266098.062274
266169.80448
266608.624991
266695.842851
266499.399625
266566.804976
266720.050147
267101.394446
267177.054179
266997.228553
267098.020607
267196.500197
267309.789052
267399.877154
267487.777406
267908.841549
267700.844415
268079.165236
267904.271121
268298.309362
268433.485052
268188.081618
268300.022399
268688.162352
268777.366245
268927.045035
268999.229738
268808.039339
269172.308679
269013.604357
269099.868862
269501.174721
269283.710943
269405.790851
269489.640717
269592.770882
269688.693995
269760.765977
269888.157054
269998.302369
270096.438101
270200.345702
270620.861708
270405.021136
270797.475855
270895.560335
270716.633908
270814.815617
270909.018585
270978.543572
271118.566972
271203.168965
271576.046264
271404.108651
271810.234718
271607.850421
272024.169172
271781.230392
271914.752037
272295.78153
272109.499311
272199.256259
272324.268695
272695.234169
272795.409095
272598.371099
273012.069986
273119.081415
273168.294404
272999.413162
273094.488412
273200.09599
273624.264903
273709.801643
273801.92609
273915.841126
273967.612909
273804.21305
274189.820549
273985.739305
274390.013553
274156.024192
274307.473198
274701.539829
274821.944486
274590.019299
274654.081172
275086.300528
274905.954785
274999.699553
275095.608936
275200.317801
275608.338046
275382.313912
275789.771615
275864.277389
275716.634706
276087.408865
275878.783942
276293.199513
276115.550724
276491.700305
276305.800804
276712.664981
276770.840107
276899.858985
276728.786904
276813.8396
276883.059725
277316.381504
277105.60542
277508.968081
277282.927172
277417.229427
277797.797126
277589.173448
277705.413906
277796.448906
277908.187003
277988.100089
278129.240287
278221.713962
278572.12194
278440.522874
278527.998098
278575.003504
278703.021506
279103.965483
278889.193776
279005.928456
279396.680081
279520.544332
279633.899173
279703.01531
279816.191249
279911.640805
279677.096869
279800.429231
279902.635596
279987.247798
280378.559398
280200.155843
280607.306513
280406.772514
280782.516337
280889.55256
280707.988642
281120.90929
280918.074498
281028.423281
281092.960771
281498.353364
281332.982002
281699.94468
281824.867245
281588.777004
281686.665037
281799.845423
281900.189885
282309.036918
282412.161363
282191.384912
282295.396578
282392.616953
282491.65754
282613.211896
283025.803899
283123.249128
282900.349693
283327.027372
283065.5915
283512.625166
283305.658421
283403.335633
283477.84156
283910.036145
283699.797472
284114.183973
284255.076464
284010.422262
284400.927954
284207.06665
284303.231324
284724.664397
284517.608485
284573.814397
285002.693686
284791.924109
284935.234499
284986.823714
285351.222928
285201.222538
285288.364743
285712.467928
285506.973168
285570.617829
285965.815567
285814.383184
285912.752958
285996.455033
286078.951523
286188.187083
286310.092179
286738.251271
286532.102753
286855.239488
286725.225254
286795.774874
286901.914528
286981.573284
287113.262058
287195.491891
287608.810144
287416.130134
287509.731076
287928.910838
287688.974639
288076.079611
287892.197279
287998.331555
288401.793798
288200.925748
288627.053955
288431.309887
288478.204217
288877.176493
288709.686859
288806.393501
289218.067774
289308.585817
289091.775663
289195.383923
289285.118705
289417.260578
289474.369045
289909.458361
289707.640091
290096.101946
290213.171618
289963.22387
290353.451458
290236.752194
290304.011957
290382.95085
290500.81041
290570.473055
290720.320464
290811.607365
291221.108748
290979.22304
291389.919474
291219.659183
291319.188821
291688.485428
291793.94125
291621.27403
291686.81849
292099.053317
291891.389911
292018.288139
292420.172987
292207.742761
292549.867895
292688.570042
292459.588071
292590.347008
293012.543653
292806.197539
292916.309858
292998.433613
293109.999495
293497.92252
293303.818171
293679.200952
293493.811733
293622.987691
293717.005839
293796.180778
294198.490703
293993.939582
294145.46317
294222.834538
294295.386322
294401.047635
294519.657969
294609.515643
294954.362781
294786.254647
295174.772063
295316.180391
295424.744831
295482.305847
295631.788348
295687.622119
295788.164735
295913.736302
295997.87961
296099.485841
296182.474128
295988.799739
296359.813657
296500.360465
296315.797044
296685.996499
296792.157964
296596.685278
296988.613542
297151.070888
297195.776963
296982.43867
297102.087448
297181.692875
297311.347934
297418.992894
297518.63027
297607.682897
297693.708303
297808.283467
298171.161303
298019.254026
298410.78296
298221.719811
298297.212994
298691.208961
298477.169377
298610.88421
298698.515638
298765.12421
298910.106795
299010.389137
299396.165137
299236.789156
299300.881399
299704.497199
299783.565686
299607.242706
299976.394523
300087.296768
299908.285678
299974.134664
300120.279885
300166.070232
300612.167339
300741.008746
300509.404441
300631.161274
300670.990105
300781.300611
300942.268939
300987.892383
301104.710709
301208.308217
301301.041434
301676.923162
301832.986634
301588.42783
301968.357376
301782.581216
302173.1266
302289.639249
302072.498006
302494.049004
302334.082495
302374.138737
302500.518812
302875.427061
302691.92534
302809.722409
303207.566564
303286.944607
303406.887261
303190.993363
303301.916833
303690.901019
303484.398305
303874.54744
303710.754682
304117.290975
304165.748005
303991.036393
304389.829249
304196.27503
304325.111317
304666.465657
304516.727155
304927.626552
304719.992934
305066.8578
305212.872293
304998.010333
305094.067598
305197.552112
305298.277874
305393.4127
305510.872359
305600.299441
305690.068732
305814.579257
306217.320609
305980.575799
306092.769546
306170.863691
306298.848704
306411.405975
306818.002393
306888.109978
307009.457561
306808.17471
306889.703955
307294.27362
307114.419003
307201.812117
307297.083999
307430.052048
307527.050004
307901.829944
307723.851712
308117.508389
308219.012697
308038.285273
308093.002635
308551.191904
308282.486725
308368.886494
308495.88599
308905.274549
309025.704726
308788.87606
309174.624047
309005.465819
309405.403624
309491.957902
309300.440182
309681.560942
309534.052936
309600.727424
310028.707543
309786.248746
309897.084651
310268.696428
310412.812221
310200.835379
310604.116445
310381.406054
310826.14859
310611.05656
310704.220841
311087.526505
311179.083464
311314.404649
311075.52363
311218.453403
311611.516288
311389.784572
311804.170198
311595.465704
312000.080957
311827.851447
311922.342309
311994.347176
312386.683398
312189.96307
312300.794388
312398.2846
312522.423737
312919.198494
312681.591509
312809.242949
312942.30776
312987.178215
313119.181548
313197.922825
313635.035683
313401.470963
313805.700303
313629.366356
313684.786048
313840.230312
313924.703831
314324.078667
314395.697068
314201.975606
314296.119782
314682.836185
314502.860281
314886.228426
314701.010279
314798.094517
314899.144556
315312.697222
315112.301316
315206.310997
315262.551825
315714.685501
315516.500653
315933.974043
315981.987494
316127.877282
315891.680037
316321.900398
316393.721582
316484.837646
316329.430576
316389.441967
316791.429524
316918.486108
316970.140484
316786.51927
316911.340481
316981.882149
317106.383075
317487.472835
317642.288107
317420.117936
317549.402288
317870.186515
318008.481665
317826.784903
318146.682934
318302.556447
318396.721087
318191.690671
318343.097282
318710.180186
318795.505567
318567.870848
318729.816743
318805.754149
319241.51277
318998.679186
319092.697901
319510.762468
319591.220214
319708.542614
319818.611347
319890.666892
320016.55445
320144.646705
320183.631038
319987.421115
320085.929724
320213.064363
320561.055299
320715.410003
320821.228668
320903.853954
320679.697017
320830.415785
320878.808279
321316.989541
321382.709898
321485.886536
321276.902389
321393.013327
321797.736316
321932.243812
321716.519963
322088.650787
322163.575249
322007.289574
322369.846737
322532.929337
322321.420971
322441.375799
322793.374276
322883.376457
322706.059264
323085.190777
322895.679672
323282.388448
323097.809277
323205.060554
323597.69486
323389.312559
323507.616464
323898.381039
323980.957937
323775.226897
323876.422577
324322.153993
324394.598325
324197.442624
324316.8913
324734.360224
324535.368187
324903.951053
324713.270167
325076.669962
324929.236951
325289.13793
325094.325444
325196.365371
325579.204729
325380.376943
325511.298732
325588.634682
325705.459626
326080.365077
325893.195204
326339.738298
326089.737425
326202.58236
326625.686157
326396.345451
326475.076274
326568.48947
327036.05962
326812.953603
326886.390229
327287.848689
327090.25528
327196.175291
327289.019413
327408.251452
327810.282892
327885.094045
327695.06999
327779.031251
328204.83955
328289.032835
328118.275647
328489.050946
328263.339683
328409.964727
328782.40335
328891.991224
328712.823954
328766.996957
329166.74813
329260.504062
329085.208414
329507.286103
329312.09577
329705.054358
329810.805472
329582.099233
329999.295274
330111.442854
329864.023698
330295.808777
330114.252398
330192.026846
330586.29757
330420.703534
330497.992877
330578.470717
331005.27535
330805.785626
331196.545234
331011.464584
331365.142241
331494.526976
331576.793481
331407.234316
331508.020965
331902.768478
331710.365216
331801.540492
332204.349399
332333.349734
332099.219174
332477.615346
332268.797475
332696.428847
332842.917713
332603.432057
332678.319947
332800.350493
332923.080763
332988.476744
333109.428006
333520.098941
333309.433899
333425.099969
333794.57231
333900.105324
333696.804179
333816.800154
333915.992241
334315.185905
334123.754931
334485.480165
334304.655283
334733.02685
334517.620388
334567.514276
334704.67094
334849.584744
334864.430011
335283.79974
335399.781175
335220.484999
335603.937531
335384.527709
335800.61265
335615.896782
335685.093437
336086.484481
335900.323577
335999.741784
336401.136727
336485.268852
336320.304105
336392.632455
336472.479225
336928.835491
336693.383168
336818.056885
337236.356773
336987.091245
337097.289552
337192.601629
337284.037327
337392.333836
337526.468556
337908.84429
337701.978859
337815.625427
337912.561056
338294.083538
338379.032683
338209.382827
338297.531218
338407.566476
338485.019833
338607.773308
339019.305501
338819.053968
339169.226707
339016.545467
339085.844109
339486.892821
339296.157981
339367.619833
339777.451585
339867.444993
339972.508573
339774.01682
340201.349524
340034.663104
340414.409068
340211.545883
340624.618103
340404.886195
340818.420297
340612.163064
340719.805536
340824.285843
341207.273015
341007.191195
341400.445577
341503.25397
341291.356779
341709.213537
341795.384912
341921.994017
342002.299539
342103.409842
342227.337378
341988.954405
342117.000377
342520.85717
342296.022947
342695.582741
342493.838175
342601.253873
342693.030339
342779.098165
342880.864355
343306.697386
343395.882579
343510.790873
343610.126551
343685.437624
343525.26153
343624.028556
343706.999478
344054.04581
344210.63966
343986.8906
344385.101799
344205.12431
344313.323282
344669.681358
344509.659372
344559.671581
345037.978641
344818.78781
344877.807258
344990.429385
345072.32523
345185.134211
345276.288706
345719.666301
345521.486709
345617.350215
346038.639766
345799.949242
346233.677913
345999.078256
346098.643195
346185.59848
346581.347635
346662.462365
346826.654002
346578.015905
346711.865084
347132.190812
347209.328986
347022.70721
347080.48947
347493.629738
347589.555647
347401.122931
347519.480997
347608.275875
347719.593792
348116.365596
347903.426157
348015.721881
348090.221831
348185.129365
348304.432063
348402.800122
348518.245338
348586.981561
349005.86962
349091.8465
348899.238484
349009.606053
349406.323865
349462.162208
349289.756677
349413.261134
349539.702558
349606.435644
349683.667183
349827.819256
349911.777646
349990.731895
350113.143405
350212.935169
350334.109178
350734.743365
350783.424634
350580.793377
