717.188994175
807.27308345
908.456881668
1278.48880007
1113.4802655
1195.75302778
1299.11894813
1397.24425522
1801.7634605
1616.79115644
1710.42555216
1807.47769915
2194.13986557
1988.10468993
2100.40864284
2190.2959686
2297.71158696
2697.90094363
2470.41615879
2916.75580969
3011.54624174
2807.57913496
2879.640746
2994.04345168
3420.50516072
3215.48963389
3299.47317258
3708.93413669
3848.07901723
3594.87842959
3991.83170191
3802.06543811
3897.37664562
4317.20982634
4095.42970864
4517.80366666
4610.99088895
4713.89557754
4786.21173416
4893.00321135
4699.61052244
4803.73409031
4907.25898843
5019.8113576
5094.59902824
5539.21689013
5288.13514097
5717.44714987
5494.02145685
5593.71720717
6038.37759548
5816.66528811
6183.75589187
6007.96304343
6063.98678728
6179.04435998
6595.41601545
6674.34257108
6513.44840195
6575.96123303
6972.3894541
6811.88191644
6899.91813979
7313.61561747
7140.04520671
7190.31670353
7588.98769023
7683.95784124
7476.71607073
7600.7964864
7678.06549047
8107.93379978
7871.68466794
8273.36779989
8101.5566147
8200.70218654
8587.79046958
8679.92161308
8825.31510009
8849.19856651
8738.58209997
8798.40442889
9210.81586891
9351.06420956
9091.57314769
9494.88099365
9590.50893299
9365.04888909
9507.54040835
9633.80221227
9697.60913728
9828.0134606
9902.92924695
10030.9874943
10381.4944985
10518.0490726
10283.8020652
10413.7994499
10476.3591015
10607.2983878
10693.9919553
11103.2270396
10884.0897255
10993.3514761
11444.5611924
11478.1553783
11586.9324343
11715.8284118
11790.2184554
11939.4722256
12010.7205436
12086.7370572
12216.9068206
12307.6599148
12129.8243363
12514.9787694
12298.3794299
12393.00599
12495.5872881
12625.0245932
12958.4390723
12801.6142436
13198.9928523
13014.9277945
13395.977832
13205.4982081
13582.7424146
13689.1817056
13847.9689557
13614.9088546
13711.5258553
13828.0515292
13925.9437411
14041.6490985
14101.9101632
14189.646311
14287.8564788
14721.6389524
14511.6431083
14627.2332837
14702.1670904
14813.6093461
14932.1733792
15012.2932163
15391.8898936
15217.0876405
15315.2739113
15718.7966956
15822.7249497
15580.5810672
15975.103804
16102.9617745
15921.0112813
16320.8357009
16409.5240984
16234.8499282
16311.69647
16732.0550351
16514.9030784
16599.8201667
16712.8459354
17087.100573
16901.2376515
17024.5944919
17413.8264017
17491.308963
17607.2468678
17662.6484754
17486.2507575
17590.7859121
17690.5746487
18114.9177243
18239.0515696
18014.0482895
18396.9040459
18554.3037348
18334.8371733
18693.166357
18490.8291097
18600.330291
18714.7878276
18797.7669791
18892.9501504
19011.4662104
19083.7952088
19206.2541316
19291.9681551
19397.9804365
19483.0374123
19905.2155592
19715.1345156
19828.6120789
19915.9753904
20027.6510191
20371.8891675
20232.4128092
20306.6025387
20666.5315803
20530.751136
20902.8198873
20711.2866175
21070.3810882
21201.0831064
20991.5003695
21119.9489734
21215.1183037
21306.1658329
21430.6263117
21508.7788407
21909.1917855
22024.4723973
22143.3403617
21879.1509757
22017.3124113
22094.5767312
22196.2229212
22311.4462971
22387.5279072
22781.630635
22593.420044
22690.7104202
22821.3446973
23191.7106476
22993.2889933
23150.2731849
23217.4098512
23625.2709189
23404.1682718
23487.0161109
23915.4857006
24011.8555946
24104.7011264
23900.9503928
24011.1288657
24405.0583406
24200.4921245
24603.8990777
24384.7373956
24483.1382555
24599.9404251
24740.0205078
25096.920777
25206.2260433
25293.9189603
25390.8884946
25180.5745193
25584.814281
25424.1129081
25485.100831
25927.4245613
25743.8262101
26110.8056063
25899.8875385
26277.544685
26401.4785578
26206.3082381
26296.9959488
26703.4963581
26491.3275921
26607.2356017
26996.3279507
26814.1873421
26917.6606805
27005.0522693
27136.3643511
27487.4866977
27298.8906242
27388.6608286
27478.5840377
27607.6315333
27969.2017137
27813.0357915
27921.3818066
28292.7826006
28099.7147969
28208.7808116
28290.4701514
28424.4632292
28507.3134525
28940.6353192
28682.6850028
28815.709472
28891.4076205
29012.9822307
29120.414141
29244.3121819
29278.54201
29421.0496142
29792.0771449
29635.943681
29729.5157559
29777.3926874
29890.0716047
30314.0542273
30072.0017503
30515.1514594
30346.2718625
30414.6895737
30493.5875151
30904.2042725
31012.4998073
31059.3138585
31189.9888748
30995.8976476
31114.9719929
31492.0043961
31613.2615908
31392.1221102
31494.1459155
31632.4866557
31692.9832904
31815.306988
31901.3252388
32016.3442405
32116.0575923
32501.1444918
32290.416882
32721.4754458
32808.0104921
32567.770057
33003.4705948
32774.3539504
33227.5438158
33318.8163456
33111.818864
33217.7888718
33597.7351847
33692.6355998
33787.0437045
33619.9227725
34014.5313321
33835.8643035
33901.4057713
33985.8540532
34367.6378914
34507.1624622
34625.8613994
34713.325672
34789.2253732
34590.765382
34699.8961071
35141.2255585
34894.6810855
35320.1354456
35356.4275039
35170.1466536
35321.3031435
35668.8252825
35525.9206414
35641.2512286
35699.673596
35796.3610428
35889.8954246
36270.6709276
36380.6638485
36200.4686818
36615.6052613
36403.157211
36517.8213077
36913.6581487
37024.2101707
37099.4848679
37217.8606297
37028.0312596
37111.7894207
37167.8582357
37293.5385525
37667.9465081
37812.2482379
37932.0623427
38003.4354506
37803.4663336
38195.0517254
37988.6840371
38098.1298282
38486.3804434
38270.4461486
38685.6947759
38780.397874
38882.4667008
38714.5052432
39127.0670582
38916.6560756
39321.5444152
39147.8779816
39490.2199167
39277.636485
39380.1627672
39534.8328106
39589.7270232
39969.7160098
39807.4153466
40180.6388739
40016.2072052
40113.779322
40207.9817896
40584.723985
40393.650923
40798.533983
40584.7448876
40968.7437703
41098.3105599
41187.9527852
41001.0721648
41120.1132124
41196.6878242
41299.6504844
41671.4692456
41469.6860991
41892.8537329
42004.9562043
42096.9201686
42208.3562632
42007.4578094
42142.5980289
42186.8799809
42266.8490879
42405.5976423
42511.6582927
42894.1131644
42988.0495203
43119.6260965
43224.9944448
43008.0514319
43414.357359
43199.515895
43574.9817622
43410.3967616
43527.7148035
43603.3972161
43993.6062513
43825.1728969
43900.7839732
44299.1966816
44432.9151047
44244.5023898
44313.9392685
44424.6585508
44781.1171661
44629.0143363
44976.6146499
44824.0522261
44908.0891307
44998.6087495
45088.0141513
45513.8900763
45295.920803
45699.5719092
45517.6040874
45592.907618
46003.4910049
46107.3470326
45913.0345092
46308.0441448
46109.3822304
46433.7027419
46290.034436
46364.0514088
46783.3907644
46609.8682188
46999.2915239
46816.9620639
46888.2994364
47309.9133434
47396.415877
47186.1945883
47332.0084329
47697.478413
47778.1482852
47884.5485106
47683.3412263
48096.2393152
47900.3140629
48000.0821833
48396.3155437
48218.7500533
48293.4663094
48722.2738413
48484.4419027
48905.2875524
48703.548857
48777.8433189
48897.5882517
49005.7813142
49107.3902114
49513.853987
49307.8443434
49379.6519548
49803.5391268
49868.1451704
50003.6303186
49790.8925792
50177.4859005
50311.6878182
50111.4963006
50219.5814683
50580.2923445
50381.282306
50785.9514153
50584.328705
50984.9362643
51084.0818062
50899.0380661
50996.5417277
51118.5745454
51220.9231486
51615.7203653
51419.3508188
51783.1244979
51591.9299162
52005.3206862
52110.7746079
51893.4967424
52284.7008382
52101.5423356
52526.1008707
52307.4694794
52688.78885
52799.2960359
52886.7785576
52696.8959064
52805.0430861
52900.8631973
53021.5173321
53104.3662421
53225.7530061
53584.3163589
53693.281758
53481.2052121
53872.2294046
53670.6692118
53769.8607016
53905.8402211
53978.5165249
54395.6923627
54195.8227706
54290.338454
54396.9751382
54810.4508428
54888.1008119
54700.1482217
55086.2182657
54912.0423056
55008.6150951
55376.8726227
55496.3831261
55629.1349008
55709.9088651
55827.4818147
55603.0306058
56017.6145365
56097.5239469
55910.0016189
56021.0020687
56378.4747084
56204.8499841
56298.785332
56389.7513801
56499.0375661
56584.2119483
57027.7942731
56798.8165948
56895.5896397
57006.2808657
57068.2423935
57193.2282257
57318.2282891
57715.5374557
57847.769669
57641.9043368
57706.9261775
58135.3321129
58194.8200562
58309.1049055
58372.779171
58509.1038701
58316.3323853
58409.2529822
58500.4082905
58591.3584267
58707.4103796
58809.7674017
58911.7442996
59333.445404
59075.3142188
59535.5165415
59294.5976853
59705.1735885
59508.1758216
59586.8306409
59673.1723098
59823.5962356
59917.1062125
60293.8585228
60102.9562264
60198.4181925
60298.0645712
60690.649802
60499.8687873
60579.1653862
60996.9736873
61100.6837861
61194.5764334
61311.6437969
61099.0437999
61180.6446391
61613.982709
61358.2655839
61833.1847051
61612.8757924
61979.8701478
62116.7503997
62168.1667044
61999.6307703
62085.8218619
62483.3537092
62272.5321923
62693.3507654
62532.6025003
62599.7534351
63004.6147749
62759.9062672
62910.3267217
62993.2429471
63413.5741055
63490.3536324
63595.6703515
63387.1594458
63528.0066069
63579.8844982
63653.5757596
63785.5364384
63894.7190261
64298.4273024
64104.8866099
64203.8812069
64583.116835
64707.7631512
64797.8797965
64922.4925726
64999.9426772
64812.0732207
64907.7699803
64998.76688
65096.3542252
65500.9084
65608.8437176
65683.051454
65520.9304841
65879.0829353
65995.0396486
65802.7438121
65902.1084174
66328.4246359
66132.5216457
66198.345543
66279.641539
66386.1888177
66502.1392492
66892.7816377
66725.4875306
67059.2116894
66908.8308164
66972.5778258
67095.3632267
67197.9493869
67626.8563776
67711.4657043
67490.2904447
67585.986304
68022.8008916
68104.7982339
67888.7096692
68281.044759
68105.4283993
68209.3657594
68577.6414672
68393.6324063
68548.4704259
68910.3977548
68687.1457179
69137.6293092
68935.10144
68987.3658853
69396.8126716
69503.1597713
69594.5742028
69415.5061567
69812.9582806
69897.7624525
69726.8340777
69798.156374
70177.2716078
69992.3820608
70109.8388627
70231.3256917
70583.6184368
70696.1476399
70788.63004
70897.0754701
70718.0271904
70776.1433946
70890.3820883
71005.3791805
71076.9452648
71219.4865213
71581.8768499
71404.6372711
71824.9440932
71912.5415945
71690.6316065
72078.0181518
71883.1608084
72318.2901305
72392.7223626
72217.4209439
72312.9815716
72386.8101596
72788.361216
72876.8228888
72994.0298684
73103.9172802
73200.6845183
73030.1533353
73104.2360829
73512.8623261
73578.7836431
73396.8503848
73798.4148188
73587.5373734
73990.028976
73812.5219363
73872.6828151
74029.5683895
74112.8996858
74203.4975976
74614.490319
74697.7794937
74476.0562264
74611.3077106
74995.3249854
74779.0988837
75191.2895597
75017.8923841
75117.3255194
75195.8049325
75300.3509504
75386.1044969
75458.3912838
75570.8196821
75721.8872374
75787.0323285
75924.3246356
76011.9674941
76435.7454792
76511.3560195
76337.9855057
76431.0051071
76479.0494161
76606.4251761
76716.8184352
76791.7070493
77155.249867
76989.4949017
77422.4445964
77182.9358412
77300.4687295
77406.3847432
77805.9615465
77894.6846598
78032.0584588
77824.2735967
77892.7551725
78321.4864099
78118.5244087
78203.0868402
78296.4100036
78670.2756774
78520.3129761
78577.1650244
78716.5034756
79085.7698047
79249.1969403
79329.8389643
79388.1386631
79524.3034114
79313.6054564
79408.2642757
79497.1693271
79612.9471441
80003.1416797
79794.2885814
79926.9769679
80293.5865822
80389.0497613
80475.4791456
80566.7432578
80398.2615409
80778.7822782
80877.4617303
81046.7758855
81131.4641188
81197.3416274
81280.3762817
81096.2385576
81220.8531693
81322.3907577
81715.3859693
81514.1149012
81556.2552274
81730.7973007
81808.2867358
81913.2523857
82010.0855863
82111.3434381
82169.3600295
82287.9659208
82678.6811613
82486.3864473
82627.8107098
82998.5819125
82817.5908095
82882.0828685
83263.250783
83104.703281
83505.9118808
83637.9001669
83677.2186124
83789.8950364
83587.0152019
83709.0303917
84101.3068183
83888.4471799
84001.3506421
84409.5074393
84515.5877485
84306.1287493
84675.1139106
84499.0128181
84885.4920134
84708.3977444
85116.3960237
85195.9979924
85003.6659918
85368.5261578
85505.7099413
85296.9872162
85401.3031476
85779.6440192
85588.9330471
85684.945993
85813.5316738
85899.2596349
85986.1276151
86100.8335768
86193.5351751
86311.4940936
86417.4490501
86802.69762
86923.2948714
86702.3756781
86816.821905
86900.4359685
86982.1631703
87412.0906278
87177.8545352
87293.529423
87406.6226989
87526.3234954
87605.6672417
87713.8347317
88122.3667496
87883.6812588
88011.2686005
88387.7529507
88217.578236
88272.165098
88696.1712302
88499.6478202
88892.5678945
88984.8400036
88812.1293447
88894.7143356
89015.6982811
89394.0924544
89518.9918797
89246.8850793
89698.3392264
89794.350717
89581.9428351
89710.1043781
89775.0664439
89894.7937516
90017.1885717
90124.0582219
90220.1216205
90272.2165244
90355.7915861
90489.2710645
90575.7918657
90681.2527021
91134.1416814
91181.298951
91310.2697446
91117.7538191
91229.2859802
91625.3877938
91736.8256856
91482.4131555
91601.6833683
91993.0436517
91812.2730261
91884.0613798
91985.0140069
92074.6691437
92497.6338122
92597.2662715
92413.4335856
92498.5720839
92653.1638682
92683.379862
92804.2234933
92894.4413763
93011.8647982
93110.1006905
93216.5733777
93288.6493044
93431.4226669
93506.1430484
93867.6971321
93709.6787391
93805.4935668
94170.2803394
93981.5945956
94399.5391532
94503.2393846
94610.1466971
94686.0181172
94514.5276122
94595.0170637
94993.7757679
94807.2247407
94939.5624673
94992.6518646
95381.0187508
95205.4992521
95615.0285397
95663.0731766
95509.2829199
95920.3294732
95706.3597152
95797.453911
96232.4913238
95998.4934079
96103.2911689
96186.5744839
96571.8932476
96388.1776435
96838.1299365
96586.7687165
97017.2721798
96799.3194669
97202.7689729
97310.4103
97085.5907595
97525.0817815
97295.6626245
97685.2194008
97498.262081
97607.0074303
98018.007146
98091.6805609
97902.0409644
97982.3601187
98394.9652371
98471.1019215
98590.9788678
98410.1124676
98525.0668359
98587.943
98683.4396191
99137.7116648
98908.4352188
99033.8329796
99102.0871105
99213.0734868
99589.2221068
99392.7843633
99525.7485132
99908.2622689
99707.9846802
99792.6200069
100193.019597
100011.408354
100109.51174
100494.918577
100612.540177
100690.109007
100504.571576
100607.055855
100689.427416
100802.868363
100921.889067
100963.66037
101082.704801
101206.456217
101642.171388
101408.802456
101512.025054
101611.658697
102018.333327
101787.805097
102161.558782
102287.003339
102114.435105
102176.919238
102626.865715
102695.200736
102817.506852
102590.277717
102723.077179
102830.593251
103203.19173
103005.447457
103384.90297
103520.769024
103274.990307
103370.680863
103489.306913
103637.464795
103667.889571
103784.81359
103898.152578
103990.163171
104112.934518
104482.296012
104314.002645
104408.094511
104516.232941
104907.803494
104682.31129
104800.154403
104896.965214
105011.312909
105391.409191
105191.656108
105304.145099
105408.730816
105524.997476
105635.330928
105989.326081
105794.13625
105931.657782
105983.710554
106101.80865
106181.986952
106645.903065
106439.191821
106535.375928
106614.127387
106696.353629
106810.571661
106919.991436
107303.85134
107412.97739
107217.829095
107310.858887
107674.410328
107551.698153
107587.532738
107681.471046
108079.504204
107896.00305
107996.310097
108096.558447
108205.932443
108656.842723
108394.39077
108791.534004
108590.428317
108719.437375
109105.978663
109194.40676
109253.106818
109122.441909
109158.523701
109267.212588
109372.876537
109805.56447
109892.013846
109690.987064
110114.222699
109913.166256
109989.857162
110109.13057
110494.054492
110634.898573
110410.519539
110501.39447
110573.990284
110702.281701
110809.15158
111210.743597
111027.279503
111400.039729
111475.217598
111648.332496
111386.279299
111511.377428
111600.735875
111989.802466
112117.647155
112188.889617
112294.509136
112454.731593
112505.433197
112309.96446
112443.692164
112779.633708
112574.222421
112697.704168
113090.879628
112922.320796
112998.929963
113113.545415
113172.929331
113317.932241
113730.914807
113808.155758
113605.47745
114009.694719
114096.973441
113891.785367
114039.853301
114133.37391
114528.794293
114293.007941
114735.98481
114543.707056
114921.519828
114714.369009
114775.318059
114910.18707
114996.577562
115397.725344
115195.0583
115301.506909
115680.139816
115535.352843
115580.621639
115690.03244
116092.381411
115902.687375
115965.118588
116117.541527
116510.519816
116316.847346
116396.311456
116502.535255
116914.847687
116722.725968
116797.321384
117184.13155
116964.973189
117374.435335
117487.312649
117603.120823
117411.409802
117829.354524
117603.956767
117705.069255
117781.162128
117891.301606
117991.240408
118126.204277
118532.909973
118319.454688
118445.075306
118768.499356
118921.257051
118708.894871
118802.072798
118882.259582
119040.232386
119095.542076
119176.126724
119314.578655
119401.63654
119826.070803
119605.212054
120016.733525
119822.635899
119920.183937
120293.051672
120114.837766
120142.202545
120288.875402
120406.601693
120495.665518
120607.263576
121040.919806
120803.868933
121180.493211
120991.482699
121108.705399
121511.474883
121585.730934
121675.868264
121514.583692
121606.439055
121683.116709
122046.588082
122211.029926
121997.039795
122108.832857
122524.611636
122597.130871
122726.812242
122485.198166
122914.175983
122697.329681
122788.185688
123179.663116
123278.928003
123388.449095
123219.474576
123296.501544
123723.313853
123807.415655
123594.199858
124001.496346
123798.529943
123919.627609
124011.175575
124391.637104
124185.40123
124278.515215
124671.288095
124769.239752
124891.615316
124680.44828
124813.998408
125155.968468
125265.084263
125111.155767
125488.917167
125585.918672
125420.854616
125816.614967
125609.180714
125953.155707
125824.895334
125900.252754
125998.58164
126440.769386
126187.221513
126314.317205
126693.198675
126499.80977
126605.811507
126730.614194
127098.398964
126882.998842
127008.033322
127408.067303
127205.787924
127274.549403
127408.814859
127469.659649
127858.461364
128014.011846
127774.938037
127897.643212
127985.423146
128423.979855
128199.624143
128297.888915
128702.666107
128463.779806
128882.030743
129020.768349
128808.554405
129187.03602
129312.864761
129107.527743
129213.180133
129613.47482
129433.712379
129500.327898
129603.165792
129706.147677
130082.729213
129909.625091
130310.399226
130397.648734
130191.527163
130304.2822
130410.903653
130500.089988
130599.337817
130697.762664
131078.564482
130907.544448
131293.053223
131101.931769
131479.408391
131299.511038
131704.773414
131502.855767
131577.781432
131705.091605
131810.993925
132217.185365
132023.626664
132385.054132
132213.378582
132293.360525
132695.036436
132531.537551
132901.159733
132683.350612
133072.449043
132891.78061
133002.055299
133097.889364
133509.014823
133286.045166
133415.570709
133820.286846
133891.80094
134020.449597
133802.229283
134183.566767
133984.297907
134100.632855
134445.74322
134314.028928
134392.160592
134777.677547
134586.550436
134717.330375
135135.042265
135262.42324
134984.559481
135107.112567
135166.847565
135293.427866
135408.876559
135507.627674
135607.341852
135957.307088
136108.989487
135887.516905
135996.089785
136110.519797
136522.92346
136301.54567
136720.877074
136477.830108
136872.273315
136708.752291
136782.220991
136886.303461
137031.889624
137092.774093
137515.449454
137652.468988
137682.359246
137798.38041
137892.447527
137979.576211
138091.78609
138203.503209
138012.602423
138090.137773
138199.403553
138585.060673
138734.501094
138819.088399
138585.667732
138701.453161
139068.733386
138906.434238
139329.783796
139377.154979
139188.137701
139270.354049
139667.232244
139812.379216
139603.6015
139720.195343
139818.765169
139902.283755
140278.076217
140083.025072
140192.260087
140273.225847
140687.662161
140459.722687
140901.607195
140688.341647
140773.362979
140895.601772
140999.799572
141097.797653
141485.933012
141624.237917
141682.163496
141478.154871
141610.852369
141672.894805
141845.120027
141884.617607
141993.628743
142079.532336
142234.135874
142593.869736
142400.267637
142520.922892
142625.440238
142658.664206
143107.547302
143222.135996
143293.559865
143095.372235
143215.617344
143284.615358
143400.850684
143790.901352
143582.328548
144000.383932
143804.919735
144192.041076
144024.410621
144113.820645
144225.113331
144292.602616
144361.715072
144791.835264
144609.651666
144676.201243
145125.75251
145212.142132
145306.265102
145375.48722
145503.040247
145281.042003
145415.928687
145788.327869
145596.298583
145683.167173
145838.175563
145895.598808
146026.733773
146118.250819
146229.485415
146296.672828
146717.022953
146490.950096
146614.435786
146693.443371
147119.789185
147214.023414
147011.843661
147391.161499
147179.795333
147623.173466
147393.615334
147822.519233
147890.514021
147978.050252
147808.8104
147899.037464
148306.474323
148118.480524
148476.004228
148598.879862
148656.771033
148813.836871
148605.811085
148672.730656
148792.963463
149207.941217
148961.498221
149114.008915
149535.611641
149598.061605
149670.105034
149523.308117
149608.297311
150029.019977
149801.34039
149908.333982
149988.385874
150104.991148
150193.236112
150602.600628
150394.184972
150783.767553
150915.11547
150693.031853
151110.153081
151221.663136
151304.849387
151401.776141
151202.833002
151309.552986
151660.713395
151488.751014
151595.847125
151707.853119
151793.470648
152223.962057
152015.173599
152135.46602
152495.553258
152284.459745
152386.797551
152517.159506
152892.438188
153020.190824
152813.229804
153191.717008
153005.964965
153101.1049
153221.111472
153319.233484
153427.842919
153500.274201
153904.576334
153737.203352
153816.563736
153933.19513
154267.490291
154114.901022
154485.653241
154304.238509
154426.471841
154509.260258
154608.45141
154669.389346
154814.585801
154907.383948
154992.224835
155373.508565
155500.383538
155608.472692
155719.205697
155510.11198
155924.791833
155687.366061
155781.96908
155895.779579
156269.576425
156407.836477
156497.058906
156613.527471
156745.909045
156497.120062
156621.661326
156694.744907
156804.926821
157192.290442
157021.595339
157386.911013
157231.996515
157291.700246
157706.868374
157812.00235
157871.486507
157990.219872
157799.955408
157882.90351
157983.852408
158082.099883
158467.040398
158608.825594
158452.54908
158812.149644
158870.154788
158993.949755
159078.89476
158873.158232
159021.439433
159095.162427
159200.030897
159285.113257
159398.968243
159800.533898
159947.579825
160003.512217
159806.18246
160206.123579
160010.026449
160110.438682
160523.292695
160276.410379
160421.424878
160523.428884
160904.073077
161032.216383
161092.779488
160912.65814
161291.631083
161082.301565
161166.031231
161311.972415
161717.437083
161487.819722
161599.802497
162017.705765
161784.964207
161906.395658
162009.296859
162389.311426
162510.707228
162610.684646
162713.027826
162480.379062
162925.38499
162718.442096
163088.15669
162893.709025
163008.000493
163094.157387
163166.224443
163636.78503
163675.978711
163515.473742
163589.558018
163983.700659
163810.563179
164204.972819
164283.529041
164092.445286
164197.989519
164346.311174
164718.058093
164510.838217
164589.335807
165018.783368
165085.252447
165195.124092
164976.760096
165086.61783
165492.605803
165591.956231
165719.8017
165822.388493
165588.763521
165705.744559
165797.220553
166198.79906
166005.255999
166386.504398
166194.109175
166642.238503
166693.912218
166775.329374
166613.272201
166979.048119
167095.129722
167203.03289
167324.143249
167075.877525
167247.489171
167295.602109
167407.397409
167800.436745
167921.219934
168005.083561
168093.409685
168209.350523
168321.481164
168092.352498
168484.397899
168290.832818
168699.731207
168817.915967
168605.969237
169009.2428
168816.417795
168889.703183
169019.35124
169430.239796
169485.735743
169565.860364
169396.67367
169492.548275
169621.669219
169684.60617
169814.586452
169906.391411
169994.83579
170417.92678
170186.264186
170604.817818
170676.214699
170514.916202
170618.250421
170673.054042
170819.058911
171202.209531
171023.512518
171395.107694
171179.8667
171578.416277
171703.486398
171836.781444
171872.775582
171995.507588
171789.123783
171899.940902
171986.195838
172124.518823
172208.625388
172320.314798
172410.490339
172807.866074
172602.719198
172988.196508
173093.788967
172885.191912
173007.093137
173366.948819
173497.81182
173315.099969
173675.583239
173802.74032
173593.194245
173703.802487
173808.619656
173897.997808
173996.030116
174415.891954
174204.605201
174274.050585
174368.308543
174506.146161
174618.241032
175018.897534
174816.285626
175179.798726
175284.315176
175084.220608
175513.080545
175297.036981
175419.077028
175797.508204
175903.319928
175711.991315
176103.268389
176261.911654
176015.762744
176139.943919
176218.22156
176281.869656
176391.012406
176773.746126
176888.500335
176702.774861
177123.079434
176908.022964
177008.640005
177085.171533
177511.996907
177286.984073
177705.564882
177845.61984
177905.438495
178006.093599
177823.034122
178182.781181
178265.256634
178382.660286
178483.956641
178304.083753
178389.54482
178495.709051
178891.951657
178676.910359
178788.828839
179201.487252
178992.275971
179102.951099
179486.76625
179647.185984
179415.841037
179800.289593
179603.479944
179997.504673
179816.976441
179895.132694
179995.491763
180102.948899
180468.933573
180297.766966
180672.303957
180502.377025
180873.330022
180723.629454
181115.781499
180917.525319
180967.128015
181062.230994
181206.307763
181304.336906
181432.090368
181525.986309
181600.579684
181714.935151
181828.275499
182175.482043
182019.474057
182381.779955
182207.250868
182292.743387
182399.324481
182495.440607
182948.463072
182689.495486
182819.106795
182909.79788
182998.533435
183415.977764
183533.592435
183299.737064
183397.543213
183493.752769
183596.449294
183684.375537
184082.120599
183900.606141
184309.300907
184381.129021
184196.707897
184306.463574
184704.848451
184780.781821
184939.769935
184711.756359
184779.530843
184912.975115
185315.466164
185084.013875
185510.027699
185606.663
185675.80305
185466.864297
185921.863299
185980.187573
186109.32499
185917.781936
186007.111074
186389.345414
186232.436657
186312.9351
186398.114308
186462.948146
186578.881522
186712.305347
187096.665976
187248.812296
187309.48182
187140.059445
187543.711275
187598.024297
187699.507644
187492.831441
187904.421826
187710.680476
187801.037492
188209.198403
188017.573551
188086.744115
188186.312861
188605.819634
188403.634398
188804.618879
188913.735864
188994.465895
189099.494239
188898.193762
189018.200635
189110.551621
189512.735457
189576.816242
189413.342852
189835.62968
189885.388641
189990.155168
189804.96176
189923.437598
190044.3623
190067.160705
190189.079725
190319.415257
190399.622131
190501.116056
190585.860358
190699.829167
191141.821267
190923.146466
191326.726939
191412.92592
191180.996301
191304.578399
191692.37699
191807.812774
191897.948228
192003.142504
191781.782515
191878.658521
192012.321188
192428.140607
192508.849124
192587.600462
192393.604789
192526.243809
192895.256987
192683.489628
192820.713527
192921.714059
193291.49887
193410.701699
193507.091782
193315.112964
193400.859883
193837.36601
193866.355103
193688.174041
193803.592642
194229.427257
194302.778551
194394.658239
194221.367461
194321.752597
194680.135762
194503.628351
194863.204147
194699.047729
194798.612141
194945.427735
195005.136948
195129.333486
195242.440673
195290.197143
195386.828306
195814.990942
195595.992355
195727.382099
195811.763551
196215.380489
196019.022613
196417.267411
196487.499717
196317.496182
196682.368273
196797.847584
196567.858222
196680.680299
196766.87069
197225.171195
197030.489644
197438.812555
197220.108649
197299.952546
197400.199479
197518.988588
197897.294077
198015.168575
197824.430574
197898.10394
197988.511981
198411.270047
198195.936818
198303.611084
198395.959557
198473.474733
198931.961174
199033.816144
198793.23878
198919.1265
199297.80339
199418.184966
199224.818134
199322.371693
199685.128704
199810.539086
199890.824269
199731.008873
200077.802668
200203.021852
200295.901641
200381.398292
200215.560644
200626.068341
200435.697884
200506.501956
200886.898025
200693.243083
200847.742596
201166.715532
201014.339321
201105.833951
201199.248116
201607.586246
201431.095948
201510.144092
201601.534115
201987.618599
202087.38384
201942.232612
201982.244903
202387.520297
202481.143231
202602.683767
202398.8582
202806.881333
202623.81923
202682.708651
202801.987256
203177.35446
203289.760777
203103.775264
203200.593445
203318.495033
203384.047127
203809.678833
203590.41442
204013.71819
204069.728818
203923.720472
204264.663125
204410.704527
204513.670924
204314.609743
204379.084327
204513.084463
204897.460072
204982.14163
204797.545422
204877.712568
205334.330561
205408.504712
205493.987693
205329.449331
205398.365076
205788.160013
205611.927493
205689.556138
206107.84079
205880.540656
206293.822219
206098.067802
206505.862573
206323.726488
206446.638037
206806.713137
206863.338138
206706.241453
206804.573663
206903.778593
206971.723821
207052.625304
207239.14369
207312.045245
207444.810398
207815.453861
207911.321953
207706.710892
208108.149386
207914.355797
208008.388108
208098.184503
208150.622843
208269.424413
208425.644565
208801.264668
208632.476953
208675.89324
208827.015403
208893.842115
209031.017898
209094.169966
209195.714831
209273.269668
209406.413738
209795.953718
209607.152411
209701.494496
210097.463045
209892.477624
209964.183312
210398.987218
210211.832283
210595.744517
210707.642132
210502.744287
210916.898714
210711.202504
211091.204454
211173.772514
211306.283472
211434.433902
211198.193012
211308.031609
211378.998935
211488.386876
211598.13538
211709.585476
211808.785802
212194.164536
212272.098792
212445.536058
212199.052943
212306.095106
212389.510256
212817.088592
212592.274534
212726.870618
212809.339632
212922.383229
213012.487871
213118.000294
213481.376242
213557.180962
213681.906427
213513.081347
213584.177441
213982.01517
214120.817112
213913.738002
214320.633391
214105.127568
214202.583878
214302.04233
214383.868078
214478.037394
214571.357254
215019.011075
214785.231365
215191.81424
214997.388357
215082.116193
215480.05249
215587.867055
215400.898572
215825.76592
215631.591971
215689.393767
215815.655386
215899.948567
216006.522477
216388.116564
216192.125983
216331.429887
216398.748953
216493.357291
216871.360364
216995.536579
216797.655789
217171.338712
217288.210756
217102.903569
217194.204359
217289.539311
217393.989795
217485.716485
217927.042705
217977.559352
217777.978851
217904.649666
218001.727811
218091.333653
218210.510986
218361.656847
218684.499406
218492.44169
218590.596508
219014.227107
218770.416653
218909.292788
219004.889211
219103.385047
219214.000576
219306.473183
219703.70847
219807.275203
219568.398499
220028.971087
220103.361207
219888.29262
219973.17114
220095.295873
220544.334398
220579.956662
220376.406145
220514.730837
220847.750999
220714.663356
221089.411377
221197.530886
221306.12783
221103.857891
221200.528245
221325.140579
221425.259427
221827.460208
221849.577322
222002.539441
221795.039185
221888.287386
221974.554597
222087.692713
222180.205178
222271.773583
222409.07035
222489.084011
222594.570966
223014.776597
222773.741023
223205.988622
223310.046354
223417.687416
223508.456047
223581.388191
223426.814536
223509.029252
223890.529108
224012.192896
223839.595348
224171.823991
224003.53199
224116.174258
224514.887173
224314.131014
224397.82751
224492.945826
224589.368404
224705.737371
225133.392481
225226.551754
225033.600248
225116.915774
225194.177587
225297.422237
225671.557777
225516.160826
225600.396067
226003.37182
225816.070726
225917.104078
226027.563675
226125.524188
226211.788822
226603.45165
226407.258487
226807.595509
226606.312002
226990.65112
227121.96808
226887.304119
227027.100086
227100.422896
227475.15839
227582.070169
227428.313639
227783.593499
227610.257411
227971.541579
227798.542272
227894.549982
228037.732442
228107.479057
228486.554055
228317.421807
228380.624607
228511.715957
228650.341687
228989.267656
228783.732373
228910.654594
228992.381483
229124.518348
229198.101584
229297.823352
229705.532248
229501.154188
229890.900125
229681.374031
229798.496529
230164.171181
230002.253223
230393.829398
230180.515397
230307.791177
230717.078542
230505.332704
230884.10857
230744.953322
230806.910734
230875.99072
231017.029862
231414.129382
231206.234154
231293.435705
231398.467468
231767.22024
231911.088342
232026.29249
231795.255969
231925.317771
232318.986449
232064.979001
232230.389066
232306.049307
232402.532129
232787.507971
232876.090404
232694.51317
232807.968785
232920.621795
233031.08477
233440.919404
233191.680626
233588.414375
233390.676301
233813.773128
233886.913716
233975.155788
233789.77618
234197.294099
234007.279569
234083.494583
234466.148818
234591.334365
234416.352526
234491.706033
234597.875081
234692.572875
235118.410636
234903.329465
235284.165387
235070.610321
235203.66679
235312.714071
235685.778732
235506.857569
235603.153934
235696.905821
235788.410417
236211.965019
236281.934937
236078.414767
236217.091453
236314.928963
236411.92546
236799.532631
236914.872857
236684.273995
236782.581627
236909.777817
237002.509265
237092.853194
237494.389001
237598.268708
237414.763393
237782.822356
237882.464514
237680.127669
238079.952189
237871.28597
238318.915025
238375.566322
238174.432031
238591.871208
238373.512425
238491.837759
238587.940765
238700.426559
239084.42275
238884.896254
238991.098106
239099.49484
239199.011825
239284.080672
239678.138668
239465.311147
239887.086858
239699.502219
239798.746124
240196.776026
240291.371599
240100.290628
240540.929355
240290.937405
240385.664081
240802.984496
240565.089196
240997.585856
240794.379703
241213.927716
241019.277122
241085.707729
241203.852688
241327.715125
241678.556088
241774.685936
241577.092083
241701.441852
241801.958853
242193.476852
242004.532585
242099.624697
242214.684365
242300.216627
242407.175991
242482.941222
242584.127567
242671.297618
243113.493125
242923.871332
243307.158527
243385.237778
243223.960716
243314.380748
243396.268177
243815.285199
243611.750697
244002.777546
244144.915581
244232.916825
244276.256773
244114.233387
244211.664682
244608.17102
244361.666088
244777.70702
244902.080528
245004.106261
245129.704063
244896.036948
245312.314455
245424.187925
245508.767918
245601.597795
245652.817213
245793.941987
245591.149278
245736.983086
246096.935335
246175.728245
245992.210282
246079.20251
246546.400595
246311.757502
246388.317909
246470.211471
246618.154209
246735.986458
247115.786546
247190.941375
246987.972023
247101.889491
247505.415329
247255.426319
247399.370873
247478.331465
247606.429744
248008.03096
247820.03366
248209.821053
247960.413911
248378.869817
248186.393432
248300.841953
248702.844954
248475.387017
248590.725253
248729.467621
248780.855151
248904.784869
249015.216565
249091.557369
249503.118543
249280.92899
249403.73249
249510.340875
249594.301094
249697.198148
250060.270184
250208.115253
250278.755814
250431.592085
250207.848898
250598.181713
250685.918527
250502.112962
250609.82191
251005.150363
250828.878874
250898.254171
250992.465829
251098.076841
251511.686188
251600.378557
251407.976536
251483.921587
251948.301551
251989.788369
251790.382593
251919.089238
251996.677324
252372.807055
252229.375289
252592.3211
252403.377022
252506.072544
252912.186609
252718.47281
252797.774675
252886.652541
253340.733327
253420.371733
253505.666049
253332.898433
253386.062335
253507.437641
253930.801963
253691.647758
254075.943641
253890.512142
253994.536822
254427.94549
254206.325753
254330.478468
254415.219333
254500.127319
254621.339517
254950.458921
254820.809412
254931.252041
255003.38904
255375.198526
255512.007657
255319.722545
255753.307667
255809.122226
255619.181445
255728.09977
256121.330256
256172.328298
256002.144417
256417.758072
256201.825517
256266.050649
256712.879613
256792.971972
256610.875752
256728.368862
256820.914734
256899.293511
257007.338832
257106.876174
257184.660456
257600.121236
257400.956225
257538.4896
257595.028261
257702.337915
257824.096114
257933.991776
258308.001349
258379.710392
258549.311935
258592.878809
258693.279082
258776.30691
258614.424942
258731.780979
258820.268695
258895.667876
259275.0287
259078.839835
259190.939668
259604.564956
259376.852183
259467.739379
259905.242662
259698.601878
259782.187865
259893.081272
260013.370929
260371.049582
260198.381427
260318.998774
260709.438722
260473.176226
260597.707893
260719.499205
261105.873933
260892.291708
261273.68793
261111.526622
261512.226932
261285.214937
261699.91738
261476.646057
261897.04208
262027.970874
261832.56828
261901.295786
262011.392299
262113.372825
262507.355972
262612.060851
262411.205555
262526.232792
262610.542265
262708.137356
263165.270281
262919.483619
263349.785692
263396.298305
263494.466207
263280.567943
263379.984188
263787.782024
263574.936264
263696.843011
263776.221841
263934.741084
264000.517095
264408.124277
264508.71737
264307.934629
264395.055316
264490.804872
264581.683254
264719.738601
265083.370259
264889.783606
265267.898231
265422.657973
265195.111856
265572.450908
265383.823468
265484.816724
265593.826961
266034.333137
265829.173644
266203.208911
266008.743827
266103.288729
266189.991062
266591.36554
266413.425176
266809.880414
266878.074798
266674.902687
266793.260048
266936.735334
266963.218489
267421.889438
267501.812638
267310.428816
267386.949983
267490.596832
267563.709251
267967.773515
267838.519676
267884.823618
268324.361527
268422.888396
268224.998922
268307.159728
268390.165583
268462.888973
268623.482963
268705.916176
268807.714976
268889.472957
269290.84268
269110.753874
269208.920726
269596.102002
269407.086678
269502.971657
269959.38889
269706.070679
269784.042935
270181.663105
269974.961655
270434.408851
270165.511545
270586.866931
270400.951891
270525.510686
270638.123147
270997.289008
271111.108201
271201.415315
271010.452427
271392.025105
271466.755438
271286.643017
271407.893737
271832.576686
271915.371159
271723.781627
271805.660272
272198.595388
272026.70698
272127.353893
272501.983338
272588.904558
272680.567149
272500.383768
272574.296543
272721.315948
272843.704699
272902.487177
272994.781185
273386.066019
273196.833938
273316.606472
273689.152375
273769.680247
273926.652005
274041.724583
273765.03885
273895.85407
274014.796516
274110.608928
274497.991934
274297.637115
274364.043621
274485.512211
274609.850032
274712.304734
275116.957486
274898.874449
275024.635696
275124.854665
275207.002956
275281.386173
275409.031849
275852.110156
275859.085136
275701.308424
275810.489273
276204.023053
276015.99393
276124.379987
276202.934529
276570.772875
276358.653834
276519.260564
276586.12817
277011.889483
276793.242524
277203.400219
277022.235101
277412.746391
277216.777078
277588.946777
277684.810099
277516.650479
277595.022947
277690.484352
277809.897548
278186.167557
278034.294266
278453.75991
278488.445064
278619.355925
278380.243131
278488.99923
278582.132626
278690.013139
279099.683938
278919.639088
278996.593005
279406.682271
279182.798982
279284.706711
279394.822603
279473.968105
279916.558147
279990.970233
280118.514929
279917.570312
280025.779729
280108.94817
280501.5842
280319.496856
280386.460702
280771.519231
280859.282804
281012.996695
280822.330579
281225.777457
281026.380358
281374.88828
281202.882872
281587.754057
281391.707523
281461.264077
281909.299272
281685.820942
282109.541231
281880.585584
282325.27081
282113.923868
282524.560332
282279.062055
282408.767659
282503.73107
282591.775457
282749.595476
282790.658639
282887.324355
283013.490601
283117.2294
283214.840525
283591.482944
283692.470286
283505.399053
283614.71253
283721.765607
283785.18139
283877.544078
284002.478813
284105.391472
284206.790163
284294.357742
284410.98424
284492.341438
284619.110619
284663.116467
285100.315186
284903.97574
285304.744341
285380.118503
285195.988947
285660.555988
285706.634383
285795.078118
285920.367502
285689.831079
285803.835296
285903.125535
286041.366035
286404.709002
286192.884094
286625.845818
286703.324061
286477.221179
286593.923136
286720.190827
286804.150897
286912.331717
287023.29008
287361.8226
287216.482238
287299.591224
287410.905067
287506.798389
287880.331149
287712.798383
287795.895639
287894.557717
288325.033696
288139.965381
288479.395975
288290.390707
288388.804529
288488.31335
288601.942933
289009.53277
288779.859711
288891.641179
289327.784781
289072.757151
289459.102007
289306.634362
289664.052039
289530.369586
289598.018586
289953.990323
290102.019517
289910.584604
290321.282414
290363.819275
290192.766075
290296.802973
290425.783319
290531.417517
290596.528807
291009.901931
291104.498809
290874.442288
291289.956147
291421.708718
291487.979572
291617.337998
291366.906624
291800.560536
291930.267111
291721.550325
292092.696955
292201.923152
292308.554155
292095.380083
292227.044769
292590.695719
292391.870159
292480.3688
292586.614808
292713.810385
292871.337408
293210.31245
293004.838888
293396.00389
293189.676729
293286.592284
293684.918892
293826.098078
293599.859449
293708.239695
293778.067838
293915.333589
294290.109573
294092.461473
294213.135638
294305.42893
294408.177938
294484.134517
294895.758961
294717.202407
294839.588983
294907.704722
295005.710737
295397.602711
295208.699034
295607.308946
295677.947575
295829.558161
295897.45395
295721.329346
295827.941188
296216.768674
296001.073596
296094.932219
296545.604598
296285.44417
296388.758623
296486.482417
296618.313439
296683.304386
296816.281381
296901.869125
297284.642048
297105.711878
297490.518794
297295.458692
297701.082386
297807.007832
297892.106779
298023.006531
298085.734218
297863.903441
298258.219739
298397.922163
298202.979654
298322.126074
298698.922911
298509.381212
298932.237837
299006.560115
298815.171933
299210.129483
298996.759863
299414.940222
299498.017344
299328.425238
299409.382244
299514.417091
299912.06527
299982.520576
299808.095908
299912.045214
300309.951407
300113.055118
300498.480573
300317.891352
300414.738979
300809.934861
300922.743153
301014.267963
300783.895493
300892.19393
300993.987076
301108.627208
301197.775714
301296.660574
301702.953316
301790.683312
301625.817345
301710.934013
302074.754558
301909.363831
302006.218741
302390.369032
302179.949383
302305.978561
302421.13461
302510.765148
302613.619024
302687.956238
302796.957198
302881.591088
302993.718401
303120.246912
303498.682166
303262.998608
303393.387347
303499.468825
303851.940217
303986.811816
303778.346177
304225.653044
304310.076592
304411.878655
304227.784617
304304.618797
304398.256645
304519.179751
304586.329793
304738.573905
304811.219784
305225.435062
304996.591541
305100.774595
305227.08498
305607.115149
305711.060749
305806.456115
305576.543544
305996.901401
305806.132306
306203.89058
306007.457265
306099.011056
306182.843482
306322.986261
306376.433263
306485.514527
306617.70163
306699.312021
306771.927554
306914.630151
306958.95763
307105.401305
307209.033806
307307.809824
307400.579109
307502.104845
307616.249058
307677.370671
307794.602022
307905.74293
308283.218386
308108.662374
308517.60499
308292.724105
308718.451476
308787.402502
308919.207391
308694.96922
309121.871705
309211.994033
308994.098212
309093.842982
309498.54555
309270.721093
309398.832064
309476.617974
309915.770616
309988.85325
309771.073978
310185.925698
309956.533195
310355.779444
310184.757728
310592.341036
310681.857929
310514.748095
310617.67102
311006.801118
311120.81562
311212.350707
311002.405046
311388.365193
311187.113343
311289.462562
311676.729561
311806.020003
311641.49777
312001.995503
311796.510712
311881.472144
312314.858782
312120.013684
312529.988917
312611.3017
312678.829585
312801.374676
312921.125627
312998.892535
312795.100428
312892.763045
312983.69086
313118.062903
313512.750867
313291.197275
313408.050164
313813.463688
313554.611247
313664.975057
314078.762242
314217.609451
314315.214918
314381.424295
314535.100052
314318.462377
314731.400284
314794.044752
314612.073222
314703.040081
315109.105591
315200.41175
315289.929931
315107.005258
315191.856614
315567.443503
315391.584398
315764.464827
315920.858204
315685.466107
315797.668089
316200.69524
316279.713587
316428.278514
316194.547678
316303.310178
316400.010773
316809.978958
316608.861808
316707.613703
317061.619958
316910.690494
317280.835486
317383.761864
317182.783858
317611.97644
317385.787136
317514.734062
317902.219665
317727.353921
317792.389564
317908.745847
318005.512969
318087.758215
318208.18026
318309.326169
318424.099706
318829.635531
318618.071648
318704.195877
318792.489486
318882.793674
318977.472761
319380.895791
319504.887993
319598.884974
319380.515169
319486.720624
319585.634628
319727.580335
320092.64953
320213.431295
320026.710277
320372.305092
320223.53293
320295.926545
320398.072345
320773.826879
320607.850667
320957.72417
321151.160047
321199.134826
321285.611179
321109.981616
321195.241255
321321.990574
321410.165413
321520.779655
321889.934864
322044.557224
322063.50797
321895.495442
322329.900955
322107.374621
322233.504365
322294.329569
322388.017943
322799.005106
322603.828076
322692.996777
323153.127711
322901.748344
322963.515787
323105.625514
323204.000772
323282.37212
323365.694168
323804.466253
323580.224874
324018.435539
324101.612824
323886.239701
323978.770301
324352.56634
324175.750217
324282.424522
324400.582737
324817.48884
324921.607234
325016.702005
324787.484901
325175.707124
324992.713553
325111.660717
325183.907362
325617.407481
325392.577307
325788.712764
325908.210007
325684.663163
326105.170908
326220.285031
325973.017356
326414.86373
326201.107573
326277.982105
326683.007568
326804.827309
326597.638123
326719.295351
326799.671409
327211.968542
327297.396038
327085.272828
327223.631944
327323.830212
327394.550995
327811.860238
327604.565426
328001.477904
327800.54501
328198.957917
328009.30766
328096.027004
328515.188368
328616.047062
328710.947451
328496.660558
328604.249805
328711.484205
329148.947973
329193.150344
328980.078783
329080.3175
329462.801873
329610.602773
329721.018159
329517.963425
329595.594796
329700.183808
330124.75116
330190.27401
329978.096668
330065.671129
330493.866815
330600.676373
330404.331484
330521.293343
330897.502628
331020.06686
331086.677066
330903.797509
331312.276089
331102.131366
331221.410732
331586.44278
331399.295391
331766.601624
331889.000743
332029.301605
332064.72389
331867.928288
332331.659666
332119.369966
332190.41632
332265.228912
332387.607563
332780.816002
332607.161865
332668.195635
333089.641636
332885.938478
333323.362051
333110.098604
333215.278274
333289.620253
333412.641717
333785.940622
333596.118488
334038.328488
334120.171333
334176.16506
334291.73548
334388.419955
334198.23405
334590.596621
334746.085808
334496.37039
334634.348432
334995.626832
334837.289986
334866.267722
335013.75184
335104.157405
335218.310235
335594.202225
335405.923604
335813.379718
335581.363496
335970.258597
336083.650808
335889.16951
335999.164348
336103.030139
336491.473933
336586.415446
336390.535515
336503.34126
336877.281747
337007.897213
337107.322361
337174.003868
337019.619164
337112.332484
337524.698282
337304.079558
337711.640357
337798.482682
337918.122199
337994.555006
337769.396686
337908.3392
338303.633276
338119.254392
338202.142984
338307.123819
338669.801067
338799.203781
338639.233446
338994.289956
339084.337034
338918.545047
339009.34071
339405.537189
339489.071802
339305.13406
339418.278593
339491.281562
339560.847217
339974.281393
340074.828451
339881.574174
340282.613383
340097.993391
340199.573375
340291.554172
340409.577617
340782.890303
340597.854095
340695.045202
340768.716155
340903.195839
340996.771751
341099.825765
341218.0769
341285.664637
341395.285676
341492.479652
341613.765161
341707.564753
341806.163054
341886.307288
341980.777689
342402.545371
342490.448637
342302.397118
342413.991532
342526.959553
342620.788371
342982.038829
343094.279871
343216.74498
342987.385479
343092.109833
343511.895624
343317.401624
343384.436994
343484.953548
343908.678401
343950.681665
344127.511521
343927.152388
343993.817469
344161.935715
344493.933213
344293.32112
344394.74455
344809.540322
344630.511155
344693.249456
344792.536231
344880.956848
344996.543739
345069.228434
345205.679871
345330.168709
345696.865393
345753.488576
345614.844226
346003.690268
345778.011167
345875.120911
345977.83148
346086.401034
346502.201706
346321.050064
346435.494508
346499.810449
346611.854416
346705.992255
347115.320483
346884.806617
347015.607627
347074.559345
347208.838158
347304.511533
347360.280586
347786.147357
347579.000485
347998.330337
347795.189088
348215.729416
347959.966389
348391.846184
348199.519447
348587.148297
348409.784294
348473.087515
348930.454301
348694.562172
349066.416849
348874.382244
349306.590828
349092.864145
349208.611835
349586.508073
349689.304009
349512.956126
349575.194585
349716.929244
350040.730292
349887.295636
350283.689654
350095.419552
350508.647663
350273.317611
350414.91886
350505.538898
350606.325515
350713.958185
351055.467391
351207.510155
351295.130617
351402.434567
351203.730103
351575.59764
351693.358467
351511.343152
351607.682293
351709.952782
352105.068244
352201.218919
352003.788531
352390.797209
352496.319758
352590.053546
352685.986166
352468.60617
352591.235705
352985.0488
352842.541627
352904.531694
352990.312708
353111.745401
353172.108242
353605.463931
353386.038283
353809.126974
353603.575581
353709.106987
353800.149493
353877.89965
354019.98345
354135.373856
354474.385519
354603.840616
354694.206393
354786.593459
354597.694891
354695.081539
355118.422346
354887.396027
355302.299103
355096.936341
355226.273233
355606.337306
355387.927821
355517.735641
355886.313588
355690.565838
356070.159229
355882.187859
356296.206352
356073.1962
356491.047149
356589.319117
356424.708406
356808.130263
356885.214614
356714.298234
356810.332186
357205.971792
357024.253422
357101.195035
357524.357581
357290.838818
357706.991004
357796.756863
357638.95476
357987.602567
357805.232574
358218.239579
357998.04679
358088.09575
358194.091683
358558.166723
358434.926835
358499.282203
358595.341566
358708.563385
358805.108833
358895.637733
359322.177734
359078.625709
359512.876348
359311.216468
359638.127958
359498.790441
359885.742036
359977.212528
359834.752488
359921.757249
360021.313505
360074.739401
360197.42085
360288.914308
360703.105437
360507.992185
360619.071168
360978.282741
360794.699774
360881.627045
361000.771312
361076.554251
361501.908451
361328.789244
361706.226197
361812.243676
361595.132227
361980.193602
361815.967868
361901.832998
362011.03466
362443.488107
362199.03375
362314.350077
362423.564032
362769.638927
362568.741315
363034.138759
363108.3636
363249.48343
363293.000242
363386.346831
363216.584467
363310.487778
363704.205296
363839.04263
363588.111095
363685.989189
363786.938297
364183.277241
364301.11073
364117.507216
364206.332848
364606.856044
364703.399597
364801.110315
364908.936194
365003.847897
364807.814857
365199.789245
365312.276941
365100.380139
365195.704579
365285.545771
365712.554389
365762.464608
365626.885606
365704.303989
366082.423949
365929.104507
366316.861581
366370.688598
366226.527233
366288.817966
366704.790141
366773.431775
366911.293121
366695.0503
366821.508102
367195.692824
367291.613605
367404.289954
367508.220851
367296.192057
367709.602577
367817.134913
367627.086501
368026.999611
367804.262379
367898.645935
367971.127526
368136.018413
368211.132379
368286.28105
368402.548379
368801.248257
368584.65205
369000.054365
369108.030124
368909.065634
369291.134748
369128.510826
369145.19033
369293.058803
369374.873815
369736.234706
369606.927808
369694.821785
370109.502155
369880.481105
370300.574535
370115.293309
370199.370339
370630.790106
370733.165615
370815.467197
370559.699445
370691.292395
370774.853106
371174.298365
370988.24356
371094.871169
371199.314229
371571.686342
371680.429581
371495.275537
371612.342605
372001.324809
371763.558812
371910.58948
372291.809212
372386.398246
372521.12853
372626.269747
372700.171947
372469.846282
372933.724023
372684.019567
372824.883542
373171.694666
373285.09103
373392.601428
373210.709603
373566.973173
373641.776593
373528.853694
373591.590604
373721.88651
373819.689429
373884.89183
374008.082325
374093.973509
374223.602569
374281.913883
374707.172051
374535.097284
374582.560853
375003.155281
374834.691747
374899.686329
375291.994672
375072.106664
375202.07743
375314.26444
375417.474005
375777.89389
375584.452687
376050.952693
375782.599357
375894.711494
376003.867775
376414.416107
376503.064678
376285.062029
376409.636175
376808.832126
376895.403754
376973.83674
377083.603787
376892.88023
376989.328241
377113.781941
377486.049539
377319.567956
377407.469432
377533.552919
377609.151252
378017.019847
377809.205771
377909.240571
378289.117385
378397.818829
378485.994925
378283.937619
378426.920478
378502.476237
378922.439332
378683.394751
378802.069972
378933.151181
379030.164731
379093.271691
379512.171394
379320.766084
379402.120922
379810.666376
379599.778108
380005.688241
380120.726902
379887.287787
379998.068518
380075.307737
380494.986307
380607.829991
380421.102255
380793.041292
380596.079953
380983.372331
380822.926729
380934.079149
381265.78101
381109.666793
381175.231355
381581.051277
381394.95212
381507.483187
381883.980486
381729.958233
381805.331087
382210.815605
382314.257816
382403.252889
382516.260574
382302.216851
382388.304666
382513.623458
382615.115005
382701.135592
382751.562909
383220.258197
383005.280698
383380.057456
383204.337471
383586.199594
383685.575427
383490.406906
383586.169719
383984.335946
384067.365815
383892.360798
384268.333056
384086.021825
384224.304412
384324.789819
384433.000682
384493.59017
384867.13199
384961.552249
385138.263901
384906.369979
384988.502306
385396.252233
385509.520721
385294.620539
385404.104913
385509.127677
385602.875294
385692.110912
386099.981858
385914.166014
386294.16201
386086.808852
386187.194356
386310.412528
386706.364008
386514.89106
386882.485925
387043.589093
386802.089119
386883.802408
387314.297054
387093.489632
387474.267334
387642.934339
387729.996868
387520.213031
387598.932476
388018.185026
387768.096829
388180.371256
388010.806694
388402.792462
388230.060203
388273.207527
388430.071848
388848.594786
388868.599844
388712.457876
388791.188594
388909.811677
389016.040948
389425.862082
389208.478011
389283.224126
389712.073827
389510.132102
389595.200139
389663.584477
389804.593358
389882.185579
390303.720538
390404.841514
390184.222716
390574.903895
390720.683418
390790.677213
390891.070084
390979.307874
390795.784689
390915.220095
391279.314428
391393.559012
391509.573281
391300.458641
391708.441794
391806.766704
391587.865284
392011.574134
391784.829643
391933.845292
391993.124806
392398.49239
392175.015087
392598.301707
392682.052586
392792.832465
392597.227259
392706.618672
393114.0562
393198.138427
393306.414009
393402.661082
393202.185912
393307.418188
393395.352439
393503.218348
393592.114843
393726.405571
394115.992348
394160.152529
393996.463713
394080.404152
394206.641262
394618.635521
394370.560006
394499.302081
394603.318326
394694.348937
395097.906491
395168.346427
394980.063644
395435.378373
395490.389825
395574.497119
395375.616417
395495.547887
395918.835905
396025.508252
396075.599981
395906.458019
396322.934956
396126.294476
396484.74944
396315.334241
396426.465734
396796.886406
396611.855339
396971.898753
396805.013052
396906.647097
396989.655837
397075.885831
397503.280563
397323.716289
397375.748323
397792.299833
397627.351581
397997.929826
397827.903693
397940.875016
397993.0916
398412.315962
398495.917987
398583.030172
398712.029725
398776.446427
398599.7398
398671.40464
398830.916346
399212.337581
399269.440309
399421.043371
399200.025579
399587.858261
399679.332246
399513.674714
399593.040462
399723.859463
400109.185468
399888.704534
399993.837079
400078.823535
400202.242243
400596.600065
400721.662471
400463.261018
400634.436434
400715.534538
401129.40999
400913.488514
400952.080497
401408.890843
401534.217907
401283.882746
401394.428923
401779.429991
401941.186764
401991.869238
401801.205772
401899.317094
402008.624456
402084.911959
402174.14898
402658.538257
402398.053027
402519.555015
402891.464424
402716.536781
403110.584121
402876.583887
402975.280671
403099.934566
403518.368347
403305.734978
403688.188512
403489.905093
403622.300398
403710.622929
403803.17417
403898.599508
404336.196601
404135.33221
404497.704303
404624.571842
404385.294058
404531.329091
404591.457503
405027.122223
405126.609415
404919.084751
405284.666618
405405.161762
405241.059649
405288.491169
405427.801595
405812.599436
405611.347114
405723.440311
406143.167995
405880.080273
406007.272056
406128.842937
406191.89973
406309.64344
406418.084842
406816.253306
406906.978895
406727.436229
406808.964217
406899.160893
407311.94644
407114.068935
407193.933966
407298.433481
407385.944031
407509.29923
407597.961157
407715.49241
407794.637386
407920.31459
408295.153179
408383.065463
408217.675815
408597.787795
408685.746278
408484.166757
408594.528608
408972.720154
408801.001832
408898.611788
409313.376307
409093.76037
409186.195219
409595.855603
409386.61005
409769.432393
409603.88392
410020.186916
410070.770326
409898.203574
409976.783268
410110.976764
410220.74565
410310.221636
410386.668
410513.849541
410601.756011
411008.544993
410804.426296
410906.120338
411272.691337
411085.296043
411184.267238
411290.07717
411737.51266
411522.765538
411909.777749
411731.847064
411777.346766
412175.142779
412027.265619
412384.220295
412177.943107
412292.992213
412702.911658
412512.806553
412911.766762
413011.410013
412808.348617
412935.08214
413317.742438
413110.695952
413481.305575
413295.35448
413381.565501
413500.69941
413581.626534
413972.911852
414099.903273
414229.126648
414247.667726
414359.660135
414200.234732
414287.866956
414424.049502
414784.150441
414889.189852
414991.838243
414824.509679
415170.393205
415312.230023
415107.67151
415185.13736
415303.8267
415404.07871
415482.224594
415597.269789
415733.436844
416097.287054
416188.510022
416006.669522
416097.625521
416516.503426
416302.006693
416423.954434
416475.865235
416578.895055
416686.027053
417109.609114
416895.069333
417026.671469
417081.735904
417492.767837
417619.500934
417387.349233
417801.003092
417626.38524
417998.653248
417810.169708
417879.316257
418300.075048
418126.249751
418482.481691
418284.393039
418703.438084
418547.43865
418877.815335
418670.556012
418778.026969
418923.151036
419300.495874
419410.698043
419171.442641
419561.891585
419412.84028
419515.299444
419616.357207
420007.303872
420120.936441
419899.954483
419990.196201
420086.265378
420516.622452
420311.358183
420702.480242
420784.51868
420885.367679
420981.256067
421105.500168
421196.175314
421013.486527
421423.381788
421209.324942
421306.796726
421714.278081
421804.946596
421606.316605
421716.928388
421800.154848
422226.530553
422284.391913
422365.812144
422541.234724
422287.181327
422390.198575
422483.236191
422909.098075
422703.269258
422800.15729
422882.42581
423298.219453
423133.501982
423199.090722
423325.740179
423387.296118
423521.9121
423589.73916
423690.226822
424095.258531
423916.077118
424307.235416
424086.956441
424510.565248
424309.132793
424381.192196
424506.205414
424603.103912
424686.487966
425091.516246
425182.012863
425013.826795
425098.872476
425497.208649
425580.202081
425705.778523
425497.109851
425605.857884
425689.571862
426087.227387
426179.425861
426004.336075
426098.800943
426206.918732
426548.618254
426678.88788
426805.50775
426598.981254
426698.622722
426780.414449
426899.868799
426971.476345
427117.223617
427504.908177
427616.681583
427439.578124
427515.094753
427904.838348
427717.603607
428115.837235
428194.050534
427992.146117
428421.718413
428194.98556
428319.552096
428410.217059
428509.034356
428919.546213
428692.516092
429118.657914
429202.288022
429309.582288
429089.3957
429491.192166
429303.036641
429419.861041
429501.850573
429572.152711
429700.681452
430107.122666
429898.88907
430004.102146
430091.292157
430185.433993
430592.017387
430396.334251
430522.702789
430639.799842
430674.700314
430815.192613
430878.901212
431019.805139
431076.827957
431526.092654
431288.226102
431391.476802
431808.309403
431605.47513
431711.998186
431809.355378
432182.511199
432026.303443
432078.521685
432206.840921
432313.583831
432393.287235
432512.328213
432595.112672
432732.833793
432800.70317
432893.460547
433293.615053
433107.941288
433214.930524
433336.610831
433700.324024
433843.003306
433885.051592
433974.042307
434114.14358
434204.290071
434332.28281
434097.867977
434223.483023
434297.62827
434692.737534
434484.660746
434635.04024
434964.63409
435130.407264
434901.091186
435297.819336
435111.267185
435232.506683
435350.22803
435704.75548
435526.923734
435582.320124
435709.518913
435817.983925
436202.738637
436020.621113
436405.101655
436194.537307
436613.670409
436687.174355
436774.487583
436904.911398
436955.600345
436803.227972
436859.092454
436989.850489
437088.826971
437222.614022
437558.222182
437397.219131
437506.182851
437572.479163
437701.375083
438104.726105
438175.154008
438015.897772
438089.712599
438204.599506
438292.343332
438709.119193
438497.813765
438900.913557
438710.868498
438789.523693
438909.131782
439282.79339
439378.0403
439197.872605
439316.172755
439404.267887
439495.734194
439906.891057
439669.594604
439822.900668
439915.291206
440276.450369
440105.082086
440216.219755
440297.995523
440729.1698
440505.044888
440613.933861
441026.319202
440795.450297
441193.10171
441022.913535
441363.781399
441184.4765
441599.574534
441400.934374
441504.003732
441611.767238
441716.32619
441807.651878
441878.687231
442022.350447
442086.834594
442188.746656
442305.641582
442672.709145
442522.619586
442609.094895
442986.674376
442776.96991
443179.771738
443294.848802
443098.015357
443159.676505
443279.379977
443397.574056
443495.179377
443578.113622
443710.890308
443807.370069
443905.616129
443989.443516
444085.117747
444191.836547
444584.366607
444404.618443
444519.922374
444626.224024
444711.061594
444833.088412
444915.144035
445008.871733
445391.608398
445229.662564
445598.682795
445412.613055
445786.896612
445906.645386
445713.998529
445837.499192
446199.703397
446020.106644
446089.333049
446201.183339
446305.358634
446730.968123
446501.543483
446591.981324
447046.512754
446771.700576
446900.811777
447295.978963
447086.732468
447222.304453
447306.083922
447432.194269
447561.637145
447626.737439
447723.813125
448085.713813
448248.143357
448334.069154
448126.684869
448498.826517
448285.669835
448671.272963
448487.645269
448878.862498
448979.520654
449115.601553
449218.627807
448997.583009
449401.820206
449525.169192
449306.853899
449402.57566
449529.078587
449877.281268
449697.178237
449801.915823
450198.288987
450302.005329
450419.930719
450179.776912
450608.608725
450380.87598
450809.094693
450881.974791
451030.294699
451095.969095
450940.867221
451330.099298
451400.792843
451533.522603
451601.10752
451384.771605
451499.997234
451598.895109
452012.161254
451792.492528
451894.758781
452279.992736
452130.695122
452181.540345
452287.740556
452405.584429
452805.002176
452900.776812
452732.825272
453143.883225
453208.801773
453326.417819
453392.653041
453227.46461
453284.721027
453702.692401
453505.059275
453901.615929
453998.280713
454107.41787
454186.997945
454331.943625
454100.570561
454501.375531
454617.470748
454417.261694
454755.14422
454602.379404
454715.359965
454786.409228
454919.653729
455010.186685
455402.828398
455207.484899
455307.210607
455420.317885
455813.128567
455575.234723
455696.343375
455780.01595
455894.931213
456007.372452
456078.451318
456477.135524
456284.0286
456423.053718
456820.169712
456619.830744
456962.974626
456815.163595
457203.000652
457313.755367
457431.274198
457204.123398
457574.145977
457379.048029
457511.827286
457588.152836
457735.272011
458119.069757
457908.337788
458264.70311
458093.787128
458509.974258
458277.241246
458717.561804
458521.900395
458591.945175
459020.230651
458754.16926
458880.732624
459018.163545
459096.257989
459521.484481
459288.240552
459406.629048
459773.377268
459601.077062
459980.217567
460124.516397
459907.422402
460020.955059
460107.468503
460507.152068
460296.780247
460663.510727
460807.190831
460610.273022
460719.047382
460755.996116
461195.317861
460989.000634
461400.730564
461192.688119
461319.490666
461680.586418
461777.099725
461603.714284
461680.522296
462106.323958
462213.831005
461992.795177
462387.885079
462208.687901
462296.500731
462722.554456
462513.189703
462872.180567
462700.192778
462798.965897
462897.853468
463021.302127
463404.920232
463222.435689
463280.852303
463398.515963
463510.501626
463599.565697
464022.998752
464073.296273
464170.207654
463961.42048
464084.382478
464213.625956
464311.684851
464393.02835
464791.825013
464931.994969
464998.796774
465108.556107
464899.077072
465025.463699
465090.433345
465205.355344
465297.045092
465404.067573
465517.418589
465881.943667
465690.176688
465789.380281
465876.218642
465998.010492
466090.224375
466213.684584
466587.150349
466399.909792
466497.207495
466605.923054
466703.397028
467090.871196
467220.465504
467282.154099
467119.291834
467524.507947
467318.265244
467403.909213
467483.86924
467612.09745
467696.128909
467790.671563
467892.540378
468285.282816
468126.698629
468203.291808
468308.56523
468381.018609
468499.803934
468899.813412
469009.65734
469075.520246
468906.37616
469285.357634
469106.657945
469190.036723
469321.174569
469377.148566
469515.475646
469612.151282
469684.782883
469768.375036
470211.947602
470306.531909
470101.43156
470537.576908
470581.051421
470368.419972
470509.300264
470911.228386
470690.026352
471110.909611
471172.356964
471336.476683
471109.757022
471528.543406
471315.900464
471702.088518
471483.247768
471613.900983
471678.255562
472061.623315
471920.540711
472310.123509
472074.728438
472517.858975
472307.625718
472708.686741
472810.319266
472872.469906
472713.02477
472770.932738
472901.575061
473001.64235
473110.044454
473230.33551
473300.890738
473711.214582
473504.04205
473589.612919
473993.692204
473798.234247
473934.87815
474303.315149
474112.672944
474210.338516
474306.771189
474351.841277
474478.875749
474581.558392
474981.059705
474810.340727
474918.555457
475303.538719
475127.114894
475228.155027
475320.906099
475409.79404
475493.596621
475885.704042
475698.359828
476109.218474
475919.804101
475994.193817
476082.120461
476220.437257
476282.441849
476421.418407
476802.179805
476621.189623
476975.529806
477085.684733
476897.555234
477300.808263
477098.086537
477180.714075
477299.4433
477431.171656
477524.3302
477875.235624
477689.964073
477786.552715
478193.780416
478318.434306
478101.653493
478237.625729
478621.030816
478401.724757
478493.077582
478912.798758
478692.319648
478807.810218
479195.820688
479290.423697
479105.451733
479159.722485
479324.199817
479406.165682
479546.410206
479660.714733
480005.450791
480131.897967
479903.835843
480297.987721
480098.587033
480489.105452
480296.648504
480406.810864
480499.059526
480597.756467
480681.177201
481097.526401
481194.0944
480999.80521
481110.66777
481203.504605
481602.897907
481397.085576
481482.322874
481627.673793
482026.809569
481762.302146
482198.063244
482013.632342
482393.777995
482203.607591
482626.008266
482434.675451
482505.703087
482602.080326
482728.740048
482819.849565
482891.904701
483007.302723
483102.641339
483516.315694
483276.073875
483681.810887
483529.550062
483604.231498
484001.837337
483799.551768
483903.958652
484292.794034
484422.188054
484495.954793
484297.10795
484365.250836
484507.636774
484586.401523
484697.388088
485114.283039
484910.877359
485300.442461
485381.973636
485199.364207
485630.311741
485389.264707
485477.280666
485631.978217
486017.888648
486114.283375
485901.070849
485976.264524
486419.522522
486226.591617
486590.92274
486398.744898
486787.071283
486595.944465
486963.717893
486816.134152
487203.676729
486990.819823
487460.737433
487171.232264
487305.982356
487661.847237
487504.121648
487917.677825
487700.560871
488073.266244
488217.044853
487970.173001
488105.417952
488218.209316
488295.520532
488705.498471
488497.807571
488600.958637
489009.085166
488786.949808
488936.373562
489004.550302
489383.169349
489492.047615
489591.403078
489711.50483
489513.672238
489586.997229
489691.483001
490137.545315
489877.812158
490005.215772
490097.494632
490516.578085
490593.174494
490680.433015
490494.005125
490923.400644
490705.041672
490785.052643
491222.428724
491023.30644
491114.875611
491196.703647
491305.494102
491404.448951
491523.496354
491885.324703
491718.093922
492142.969757
491890.097753
492005.474453
492385.533532
492187.564549
492278.282495
492386.800745
492780.406399
492607.274056
492729.876975
492805.550324
492897.43884
493319.335354
493093.191552
493189.263296
493617.730938
493423.433432
493497.829968
493572.292198
493685.649254
493819.743936
493920.287975
493988.314704
494076.248324
494478.513684
494322.749609
494697.526923
494770.013576
494587.465768
494996.70065
494809.207703
494918.827016
494989.36136
495097.495836
495477.190227
495300.857943
495381.595627
495493.899183
495612.768032
495711.605902
496096.257256
495899.117768
496325.489704
496438.181128
496180.667855
496275.981628
496400.475154
496804.958771
496617.622351
496975.832186
497122.398744
497202.055002
496984.456032
497112.785896
497201.242765
497320.528806
497407.208366
497819.423285
497606.593574
498028.863073
498109.57443
497898.427762
498011.068965
498394.377752
498474.636623
498316.134875
498402.805466
498517.060171
498623.626729
498711.961403
499108.625792
498887.200685
499325.482441
499421.610275
499476.578374
499314.141121
499691.137319
499764.42953
499629.109927
499684.293852
500102.250098
500188.235704
500026.474278
500101.166073
500196.023776
500292.494468
500401.779239
500473.615919
500873.210128
500996.561891
500777.701
500882.551156
501307.801042
501074.711961
501500.454896
501591.761092
501402.125582
501504.126899
501588.702772
501709.377403
501796.812651
501892.873582
502006.259008
502068.095192
502476.350169
502290.626405
502724.657839
502819.016277
502592.112796
503035.658987
502812.012339
503198.852645
503308.428596
503111.554212
503242.134496
503297.003209
503693.60219
503788.866765
503567.948449
503989.135351
503817.990026
503901.649886
504334.19767
504111.619542
504509.019417
504602.763953
504671.808316
504816.366424
504624.335843
504714.466005
505095.703327
505146.539301
505317.269501
505116.786397
505211.105319
505329.672732
505406.345129
505519.647335
505630.013344
505984.717013
505810.584515
505900.229465
506263.090536
506125.02612
506205.130404
506302.098034
506436.56563
506516.03872
506896.700672
506695.136197
506794.411728
507180.133968
507312.156659
507080.741851
507546.400439
507573.729742
507412.264177
507816.967563
507573.10993
507728.70317
508082.953224
507916.768937
508014.163218
508370.122828
508501.263227
508593.169007
508421.302333
508798.833837
508596.457619
508704.707037
509088.990261
508896.830098
509303.519447
509119.811882
509501.035725
509592.225878
509373.8436
509521.685311
509591.54724
510032.020303
509812.220614
509889.134575
509990.054195
510099.65972
510492.322592
510312.381627
510666.861837
510820.011242
510603.089705
510696.005528
511104.356883
510919.242575
511329.997653
511098.165221
511482.165414
511330.44979
511374.834364
511775.088786
511628.723236
511995.053769
512064.084546
512208.379508
511997.78344
512383.580721
512485.06455
512596.658615
512400.369417
512497.052202
512887.020081
512685.427593
513097.595059
513190.58986
513248.349664
513394.006617
513215.482112
513589.304754
513709.367152
513508.140436
513601.751141
513733.369337
514155.365177
514212.216583
514298.830502
514423.953643
514493.791125
514602.003104
514416.282316
514506.700651
514582.619762
514712.338896
514793.124633
514929.150243
515036.168333
515093.140642
515208.932375
515601.578033
515415.703918
515508.583041
515880.074606
515677.090811
515798.252051
516208.640232
516291.7928
516092.311168
516501.542807
516310.6179
516684.046792
516803.5027
516599.501442
516696.969059
517095.380693
516882.52226
517280.841923
517124.239191
517555.738151
517614.966135
517710.671793
517520.868258
517892.186345
517707.011495
518121.116822
517884.781702
518009.004587
518420.348729
518471.181751
518629.309194
518725.882619
518792.510461
518597.759598
518680.073388
518810.376632
518905.300623
519041.800981
519418.844928
519466.090578
519602.57965
519726.43636
519512.081968
519591.776535
519690.099873
520119.0012
519898.928736
520296.930816
520105.71566
520194.210515
520269.288991
520401.938334
520820.713975
520594.166863
520675.660616
520822.230548
521236.155155
521261.654246
521396.889196
521504.331826
521283.134518
521699.112876
521785.873932
521890.662938
521696.269235
521810.741301
521863.586499
522006.139689
522118.909418
522481.289277
522276.372099
522410.389811
522799.925988
522610.640052
522713.203073
522778.753644
522895.459783
523011.55677
523413.413542
523210.0798
523320.364783
523437.110528
523804.389423
523596.766493
523690.725262
523788.379088
523907.130892
524291.975877
524111.565255
524208.655917
524318.303223
524755.913745
524527.038575
524897.678997
524707.72093
525091.77963
524889.028328
524968.198683
525077.878312
525510.786613
525290.467433
525708.626456
525489.563351
525631.087955
526003.393358
525785.021566
525916.533864
525997.193585
526392.744249
526202.869861
526606.312332
526403.757214
526527.735477
526928.72471
526701.81503
526790.514893
526890.205629
526964.67352
527127.354957
527507.221611
527294.265321
527684.483196
527772.086004
527908.396879
527694.505749
528066.817311
528217.750443
528300.494949
528101.018651
528213.624958
528608.369069
528773.113123
528840.767177
528564.379069
528743.230627
529109.954599
529166.745466
528989.833199
529096.7755
529491.285308
529619.826791
529702.584757
529776.375924
529616.764867
529684.694493
529802.000437
529902.125438
530015.071314
530399.390184
530182.972042
530344.426767
530429.491454
530813.242924
530608.538965
530727.373727
530819.749615
530897.759268
531303.913042
531399.992297
531202.185691
531603.310475
531386.329249
531789.403872
531605.241821
531688.510899
532114.30863
531931.502332
531983.208067
532105.185498
532512.044602
532611.998196
532684.871624
532509.11161
532562.526531
532701.860144
532807.570517
533214.057775
533012.581562
533106.999484
533204.136175
533306.248995
533394.547638
533759.740085
533615.70752
533696.805909
533811.31577
533913.042681
534027.228923
534101.241209
534507.226719
534583.407028
534693.3919
534479.929174
534866.138142
534692.270801
534793.555676
535175.77892
534972.01152
535129.352708
535503.931042
535577.061025
535696.160207
535491.090528
535609.44926
535696.808252
535795.159243
535886.381799
535991.545211
536397.568807
536210.606364
536273.778752
536369.992085
536541.35048
536601.876224
536678.307385
536807.98116
536892.695954
537300.422435
537399.21533
537498.072655
537625.022521
537405.908337
537510.584334
537874.256698
537701.642152
537806.899151
538187.314453
538286.165231
538111.379264
538516.100696
538289.743744
538365.322015
538767.876355
538611.143021
538690.239441
538747.613954
538901.259879
539289.771749
539416.591073
539493.501864
539331.126727
539682.351117
539490.946428
539876.122011
539712.689511
539828.600589
539902.3866
539993.092301
540081.533184
540217.449872
540282.49557
540392.167623
540515.455251
540915.369663
540723.011844
541099.042818
540893.693642
541013.6249
541384.00572
541215.394461
541607.955959
541393.601579
541794.74571
541604.489946
541680.234158
541809.090774
541900.925154
542282.836524
542125.957884
542183.505103
542613.467741
542393.806906
542785.706159
542592.307499
543001.630725
542801.760732
543219.395897
542989.608234
543078.5253
543186.221415
543301.923447
543684.839109
543510.499768
543906.042857
543970.702495
543813.511106
544204.840622
543960.142162
544101.208429
544202.689626
544301.705474
544404.012483
544506.505663
544607.01751
544679.261235
544813.200263
544880.889816
544985.127316
545370.017705
545507.974713
545294.535854
545710.462865
545513.399326
545605.357019
545705.071476
546131.212742
546206.438839
546007.424911
546382.752092
546182.980835
546271.72589
546410.117077
546785.472057
546619.445051
546704.065697
546809.948261
546883.536169
547287.675532
547388.771786
547474.579361
547610.485753
547409.025834
547506.009248
547590.852116
547712.891528
548065.987465
547915.997645
548000.03179
548117.082699
548473.384522
548611.264122
548637.779242
548803.435564
548912.078507
549033.665026
548804.030976
548915.186983
548982.722029
549427.632275
549202.385625
549304.742708
549386.822575
549511.439805
549906.492456
549693.423805
549791.364519
550217.23622
550299.262052
550111.789534
550505.2592
550328.069768
550687.455315
550521.092238
550901.653292
550681.767331
551118.841873
551204.115415
551329.366462
551411.719972
551207.557533
551582.592836
551404.423713
551509.032146
551863.350902
552010.06563
551805.221371
551899.992974
552017.984381
552101.367187
552207.628574
552284.027381
552671.691473
552493.505292
552943.838859
552983.946028
553094.221243
552866.042256
552962.126925
553105.13188
553469.946347
553280.985911
553393.73803
553821.15662
553588.653019
553704.484193
554102.906539
553939.074247
554017.579778
554424.010148
554214.637691
554291.652715
554408.361665
554521.426639
554907.305334
554654.894954
555078.899257
554897.758273
555033.845896
555131.473131
555234.892725
555582.091755
555671.723379
555794.109876
555605.426347
555667.133976
555773.148096
555911.059985
556006.689496
556107.840644
556494.657227
556317.440129
556734.749546
556523.444997
556920.91054
556723.379898
556799.092992
556925.866774
557297.932094
557093.904674
557484.033236
557616.387648
557406.005288
557759.978652
557615.52348
557667.573081
558142.966976
557912.593602
557998.029465
558139.522124
558471.989972
558309.043395
558380.369468
558506.929745
558911.431498
558705.951652
558796.949777
559197.482173
559295.267552
559416.071909
559538.354202
559299.189981
559400.043381
559491.669925
559596.225039
559665.889979
559797.601372
560222.309688
560282.412156
560091.619147
560472.482877
560313.728816
560694.389016
560485.846905
560577.783318
560718.919753
560822.730394
561184.896998
561003.667639
561092.239074
561514.227287
561585.72018
561707.945957
561511.168487
561609.239464
561688.904427
561808.779457
561894.367464
562007.891101
562069.082931
562196.357162
562301.738124
562395.913297
562840.516667
562921.549902
562704.135676
562810.832004
563196.46402
563014.065756
563110.748072
563513.349803
563586.211225
563421.54834
563783.792163
563578.359398
563694.386186
563784.505249
563876.799129
564317.317985
564084.596741
564206.491828
564313.721096
564407.095368
564472.908025
564596.415847
564688.210913
564815.126939
564871.778945
565322.051762
565403.842767
565485.814608
565294.269749
565380.616735
565494.454672
565877.384021
565734.575468
566118.708374
565891.121307
566317.5593
566109.70242
566186.397559
566307.899393
566381.828922
566772.101684
566891.637609
567039.098342
567092.962247
567159.250551
567001.705503
567372.100626
567506.644249
567320.994897
567423.895847
567805.786371
567903.775894
568005.052801
568124.781349
568224.364788
568333.684587
568385.322177
568509.698073
568300.161945
568706.558081
568518.616869
568866.850498
568694.48041
569090.235294
568874.625019
569314.987043
569057.102793
569485.479347
569309.148427
569390.564259
569458.155146
569929.134123
569677.646754
569794.840759
569915.921042
570301.595725
570073.472806
570203.582882
570323.209721
570420.700459
570796.386509
570616.808284
570688.82943
571069.339558
571182.232058
571277.574982
571409.569539
571491.180547
571277.500356
571384.358298
571485.370592
571611.45053
571691.136878
571794.722697
571909.15336
572259.860935
572079.937573
572203.352364
572618.332421
572407.679865
572514.308181
572913.767551
572991.431937
573084.897246
573180.389727
572998.040598
573431.167108
573516.307271
573585.726994
573744.81254
573495.527729
573937.449593
573687.481723
573820.251103
574201.881759
574011.766511
574093.718742
574208.195521
574344.466172
574704.239662
574781.970967
574906.832795
574710.598087
575073.018801
574891.32113
575022.624893
575398.675691
575155.225529
575265.96613
575690.295156
575488.766641
575898.873357
575976.411281
575808.12346
576207.293136
575994.96587
576087.440906
576478.172131
576592.735156
576722.552735
576796.317499
576880.573923
576710.22119
576783.189927
576936.684846
577020.915239
577087.488651
577480.881482
577604.415175
577709.096712
577481.522978
577874.097409
577692.992656
577800.380602
577902.481249
578282.281655
578369.585898
578481.206865
578310.229408
578376.229176
578522.80424
578898.463646
578729.683784
578814.436717
578912.13435
579007.886926
579433.364391
579186.724138
579292.522417
579733.594766
579800.586078
579595.228944
579716.466758
579793.185969
579890.166982
580004.353841
580131.313757
580188.712337
580557.616728
580707.730133
580805.623985
580950.377694
580733.740285
581089.519915
580902.797014
581319.949302
581063.906064
581499.813664
581298.610015
581419.172181
581515.479498
581609.937343
581730.792994
581783.110163
581870.451153
581992.950348
582384.449619
582489.408268
582576.019803
582686.621971
582478.673093
582911.214194
583000.19164
582798.511455
583199.401337
583003.788409
583382.757227
583187.524246
583273.861289
583675.487341
583506.64134
583892.284932
583715.600915
584103.248859
583921.991114
583986.842473
584404.480524
584216.852575
584277.342097
584676.721459
584802.174844
584928.062611
584692.963968
584835.446156
584908.367415
584980.866281
585109.17205
585198.15556
585582.746804
585421.663403
585474.809616
585576.923612
585712.287026
585831.076526
585913.959279
585959.263587
586110.021815
586522.293084
586599.874511
586398.599096
586797.817756
586909.285399
587020.225849
587113.766538
586924.57578
587308.064668
587108.905398
587529.181479
587312.304864
587403.703843
587541.456427
587648.532772
588001.337199
588085.382282
587878.79855
587994.255339
588077.570876
588203.799718
588314.733433
588699.278815
588790.549621
588595.421477
588979.31448
588785.70778
588908.657014
589277.337729
589095.929687
589218.553427
589311.897566
589427.89783
589525.332126
589603.941789
590026.189845
589801.730703
589883.299228
589990.186205
590096.822218
590235.749641
590632.395687
590672.191373
590523.510962
590876.161486
590681.554693
591146.235325
591223.072142
590984.782854
591100.265883
591525.877937
591292.667595
591699.772203
591503.281633
591560.351549
591724.236152
591782.743174
592235.378176
592027.613766
592405.099262
592545.776192
592293.714879
592394.74941
592534.94389
592901.12845
593012.332433
592795.245118
592946.940769
592985.864656
593090.933006
593547.762898
593661.216325
593714.714931
593471.399123
593840.324573
593967.643354
593800.137299
594162.50995
594298.977473
594379.184767
594509.967862
594296.470166
594699.600781
594501.455649
594598.223021
594999.25372
594795.632137
594929.408275
595288.219509
595413.630275
595217.469458
595312.853763
595397.049286
595503.951243
595624.774967
595987.174551
596047.620079
595888.504129
595996.559524
596096.443795
596203.701072
596284.09298
596674.169893
596535.958298
596608.410032
596722.797649
597093.504345
596890.401953
597021.052415
597105.628069
597219.668801
597567.322704
597699.491488
597803.271857
597601.309331
597715.566936
597786.345211
597913.074813
598320.708788
598418.154149
598493.069316
598293.172848
598711.553434
598494.041838
598894.366358
598988.254682
598797.411444
599198.722909
599000.905132
599115.550822
599217.860664
599568.442638
599400.508219
599534.552965
599897.253328
599716.338177
600074.756535
600181.400031
600313.826759
600385.86778
600196.277817
600306.376527
600718.330065
600795.268832
600879.269363
600677.194394
601106.860521
600902.560721
601002.96403
601106.191989
601159.305872
601283.648356
601728.303947
601485.722803
601627.725498
601709.845579
601800.434098
601871.278094
602011.707791
602099.368344
602209.263157
602606.890279
602409.712375
602792.061767
602867.170482
602985.779031
602807.877901
602926.44836
603012.69262
603054.84536
603533.762838
603308.319165
603415.725884
603504.625011
603612.188836
603706.946892
604096.345825
604208.009494
603995.935099
604083.080692
604489.119328
604291.796946
604390.316276
604777.573053
604595.917881
605038.004319
604804.865733
605216.659045
605288.241498
605409.731264
605465.245817
605297.707373
605408.564416
605790.076901
605593.822863
605994.068605
605802.550861
605902.085755
606007.150699
606136.865737
606209.072394
606294.523169
606400.520302
606513.157879
606618.594495
606656.77179
607103.919233
607224.003402
606977.259742
607370.866071
607510.640854
607602.079097
607687.343716
607504.124699
607596.642831
607676.106608
607835.804371
607919.47273
608338.875329
608121.595975
608190.691065
608287.713556
608416.367183
608509.14416
608618.525533
608700.88781
608810.353156
609221.075059
609235.748393
609117.395977
609196.01369
609622.343336
609714.861601
609803.628822
609597.244044
609692.278322
610101.781434
610179.20428
610010.425265
610419.804058
610479.357087
610590.685669
610421.467107
610829.652739
610602.644671
610712.474168
611118.928208
611185.173139
610985.415569
611424.15537
611181.834182
611587.959441
611704.435608
611826.88412
611546.61869
611711.848326
612104.841269
611910.978225
612286.853493
612098.395642
612508.678876
612298.005039
612395.89366
612486.171037
612913.290095
612677.290997
613112.756162
612883.788534
612989.972962
613093.248082
613496.847427
613568.849612
613672.230121
613497.358283
613623.263979
613714.774673
614111.636518
613875.272856
614002.014967
614108.588422
614211.838249
614250.955252
614686.005935
614509.871458
614623.596327
614680.93363
615109.16293
614922.486404
615005.376662
615112.559877
615211.83856
615598.306079
615726.286409
615846.792682
615860.782563
615698.641019
616107.306936
616186.641944
616320.764834
616100.127614
616220.446782
616292.851637
616420.353455
616479.992459
616617.403899
616989.41363
616790.458929
616892.88588
617291.710181
617105.831814
617541.425389
617619.624465
617413.626344
617512.09523
617597.679284
617675.304072
617797.033198
617905.884749
618306.383584
618109.151288
618488.124331
618639.601666
618379.845446
618820.249697
618885.454389
618987.73169
618753.711288
618915.994903
619015.994215
619135.832387
619192.961437
619591.303765
619696.695789
619811.225335
619582.56012
619720.777479
619813.888888
619882.253948
620305.217909
620391.203331
620182.641594
620594.476376
620727.16522
620489.110492
620875.092519
620711.054953
621082.926909
620901.608416
621281.295888
621386.201623
621528.42544
621610.134221
621704.267777
621781.619488
621605.924025
621690.826208
621793.772888
621900.392951
621998.288476
622396.905337
622204.642388
622599.829142
622403.700466
622502.325074
622622.782164
623037.079021
622803.772118
623207.945418
623270.698558
623425.288257
623502.972656
623587.939105
623711.355761
623827.361701
623915.371857
623677.568848
624102.015315
624180.086064
623976.85038
624073.136311
624190.021465
624648.636317
624687.242716
624804.186754
624598.251312
625008.706291
625083.673766
625215.33723
624996.976045
625365.933043
625510.308516
625310.997575
625396.471675
625487.147384
625626.151499
625700.155173
625821.387552
625911.899825
625990.520284
626100.079562
626498.382732
626564.991823
626708.670819
626832.293393
626848.18527
626669.324191
626774.64229
626905.145867
626997.876949
627113.925139
627478.525393
627305.896449
627388.297489
627819.848807
627591.470951
627971.839223
628082.992006
628211.309046
628012.332218
628088.952595
628193.633687
628292.590512
628386.810884
628824.275554
628632.044121
628978.818871
628806.45064
628914.187349
629281.000177
629091.866702
629514.04016
629291.792071
629382.316563
629830.799268
629580.76521
629699.280041
630097.342564
630199.91131
629996.564809
630094.485985
630482.018693
630288.813744
630414.768103
630518.122517
630883.372239
630735.359341
630833.65254
630853.535042
630999.10823
631105.804469
631526.360811
631314.659442
631389.185746
631484.031619
631598.443068
631977.325666
631795.70508
632196.405877
632262.077333
632425.05081
632484.184904
632295.951121
632720.419787
632511.678295
632618.448024
632988.692945
632814.664252
632906.083371
632999.057138
633391.707374
633196.860429
633627.358976
633656.281486
633795.214553
633625.994553
633687.999698
634113.334196
633879.831622
633996.982687
634098.586571
634507.734834
634264.628005
634406.287925
634520.86998
634619.100516
634685.545418
634810.220934
634917.398695
635004.367455
635101.333073
635498.306769
635285.308039
635695.168627
635509.646062
635914.939476
635989.144613
635798.030692
636173.113064
636311.266216
636111.449421
636533.243559
636600.889257
636397.177176
636476.977632
636602.544258
636703.217201
636799.131358
636897.400604
637296.250054
637401.393785
637476.817279
637624.994769
637709.239053
637505.73087
637563.883628
637979.243975
637783.011295
637892.8882
638293.576829
638383.393534
638503.10838
638617.184307
638391.889101
638524.239079
638590.600299
638683.391019
638776.950222
638908.709604
638984.211596
639114.177292
639513.528277
639306.670097
639370.860677
639782.762207
639591.610804
639688.274035
639779.435155
639890.267891
640039.678166
640104.517144
640495.813228
640316.451434
640694.450149
640793.840458
640627.429185
641013.039073
641082.435461
641214.495754
641028.334144
641410.119915
641196.89877
641300.808545
641704.283967
641831.133026
641609.049096
641715.568961
642103.441065
641906.122052
641989.432254
642404.274323
642473.830174
642325.565781
642382.009343
642786.251028
642589.978867
642989.24679
642779.563866
642918.018206
643334.419472
643109.578297
643185.717813
643308.838613
643428.834301
643804.133858
643600.552829
643729.98412
644113.037549
644220.803999
644329.682297
644107.190538
644197.157718
644311.191145
644406.930567
644509.488677
644889.559664
644691.662839
644769.484077
644892.838603
645286.592461
645423.90527
645196.710095
645608.923628
645719.598025
645802.739043
645595.672396
646016.852091
645822.224458
645915.795787
646291.411363
646100.016572
646178.839002
646552.124904
646365.263157
646522.803107
646602.55986
646724.093116
646747.077318
647196.837541
647008.408812
647108.714105
647214.299517
647299.675013
647407.076357
647785.421202
647938.763659
648022.001662
647805.928602
647872.206186
648005.200975
648085.728439
648179.892236
648602.974061
648712.606033
648502.935337
648571.904733
649009.670247
649106.891733
649195.739321
649273.793738
649147.830393
649173.385344
649313.026646
649399.909326
649788.021187
649876.338627
649667.364415
650099.067291
649903.444916
650009.945254
650449.648283
650512.594761
650607.819296
650387.25431
650483.021202
650867.073943
650718.951449
650793.264198
650906.833975
651005.366004
651397.184341
651185.585545
651296.527036
651711.369072
651508.325249
651621.456058
651725.190844
652092.614411
651915.116829
652303.174995
652099.827945
652164.949317
652288.256226
652697.42456
652502.357939
652591.034687
653017.828951
652808.956757
652916.147511
652982.066558
653096.444843
653472.581671
653300.639042
653388.786374
653500.773677
653615.446394
653691.345172
653812.813112
653922.967433
654006.058527
654101.713538
654189.896769
654287.940533
654393.734348
654513.355675
654596.412313
654663.609106
654780.981804
655203.344305
655004.565112
655396.9947
655229.844743
655634.045303
655413.863801
655496.967062
655575.267368
656015.508503
656099.869099
656218.360202
655998.11475
656373.289419
656241.239841
656297.798064
656389.282585
656859.280601
656619.66034
656988.042096
656781.528348
656921.098131
657296.508145
657388.736327
657216.867601
657610.271958
657678.880904
657506.32248
657610.041645
658040.426264
657802.605186
657917.293857
657992.037815
658105.08585
658249.81852
658296.082958
658401.674587
658511.490223
658926.547311
658695.224207
658802.605539
659233.412403
658993.884476
659406.080549
659164.987079
659555.801403
659405.788146
659505.137557
659612.473255
659988.912427
659805.782388
660187.262181
660018.800636
660388.758598
660521.443319
660315.583597
660716.125636
660470.868904
660608.131425
660706.152432
660817.048533
660926.451164
661008.607525
661416.46412
661193.906881
661576.058766
661677.028058
661500.350068
661574.812786
661711.057312
662095.573061
661879.785797
662329.089326
662131.428085
662234.838916
662314.066302
662360.340858
662768.432728
662641.622246
663006.843615
663106.059908
663210.07962
663007.974834
663090.999466
663194.775019
663290.749009
663412.280993
663501.783681
663901.514656
663688.30954
663809.28014
663919.372212
663995.156299
664091.508362
664214.541484
664274.082635
664681.289161
664827.334159
664908.238878
664700.911664
664811.696878
664912.888747
665341.638454
665426.086801
665496.948407
665596.006922
665406.905825
665807.05703
665907.12502
666013.074918
666084.05266
665901.254522
665993.090808
666416.974563
666500.354066
666268.080233
666668.910078
666507.547566
666573.425679
667004.519083
667096.234291
666902.662637
666993.949224
667414.594139
667511.785747
667615.148054
667711.550949
667511.092131
667560.089252
667682.883748
667785.10692
667913.754963
668291.278035
668113.728919
668491.577542
668312.672204
668407.54683
668499.374521
668582.187983
668696.392534
669088.92394
669196.88191
669002.907444
669397.255667
669477.283352
669568.500395
669409.574151
669479.774042
669942.835999
669984.409127
669790.367213
669906.961527
670299.277126
670392.642041
670204.141624
670275.947666
670706.198979
670768.805657
670890.672323
670685.534565
670830.745016
670931.249758
671298.479672
671381.872665
671191.493338
671271.270516
671701.959927
671496.373561
671600.384816
671999.154561
672115.370079
672186.812287
672325.208945
672097.219992
672520.169744
672303.398621
672682.171118
672507.939726
672613.87076
672993.557615
673112.899083
672886.677903
672988.819506
673411.880359
673483.440948
673262.02845
673385.33464
673780.945646
673619.647564
674022.169482
674116.339425
673880.392894
673976.142005
674396.674255
674218.126992
674286.775775
674393.515569
674793.304528
674914.933932
675017.00108
675131.789558
675203.109518
675351.340289
675122.324614
675166.28589
675629.200853
675703.2753
675796.054145
675894.835188
675714.950556
676074.292689
675918.94683
676006.596102
676079.581635
676197.670373
676286.107065
676397.897433
676494.001915
676910.511454
677037.364999
677111.976387
676892.48492
676995.232746
677125.982909
677499.478686
677653.078972
677365.137015
677797.178256
677619.641846
677718.207269
678088.439415
678217.615569
678012.352121
678098.894643
678482.175294
678288.008813
678391.213809
678505.139713
678587.013438
678935.518589
678825.699361
678902.622908
679329.509061
679392.423303
679199.017167
679290.73888
679695.101563
679825.775274
679936.587468
679993.37877
679815.554984
680227.755301
680269.428431
680407.748019
680203.867918
680286.322735
680709.279858
680491.773538
680615.239733
680688.81101
680803.483602
681229.237099
680994.342266
681068.121761
681206.330905
681627.669997
681402.693537
681499.938014
681615.269709
681714.325566
681798.461907
682208.262093
681986.564091
682063.078854
682214.029862
682303.372163
682715.019375
682809.511841
682878.393612
682989.323283
682785.404583
682861.147853
683308.034564
683113.540527
683212.194466
683618.273928
683399.27705
683509.285324
683897.729088
684013.082567
683811.864001
684191.103351
684014.742594
684378.437461
684182.319305
684330.780765
684681.229915
684811.591906
684909.844597
684708.107532
684806.973969
685206.575668
685027.746391
685419.193305
685198.812652
685622.438949
685401.550359
685530.566984
685899.456009
686015.712017
685814.276155
686183.734387
686297.817536
686091.507614
686523.368464
686298.284811
686683.135767
686787.577535
686904.651197
686691.424906
686823.767351
687202.954707
687318.78335
687103.827019
687506.244935
687360.315413
687388.323266
687484.947397
687571.496148
687707.836897
688125.18946
687880.786867
688001.21686
688121.513894
688207.993268
688577.954632
688384.334109
688497.849336
688917.520796
688993.939774
688775.320989
688906.914587
688980.516194
689410.96406
689516.280872
689585.266616
689723.911366
689788.404427
689925.890629
689716.294896
690103.595616
689894.853478
690011.366109
690347.04398
690531.516988
690293.128531
690398.001199
690508.227015
690569.912758
690721.952002
691088.681925
690915.0607
691310.931733
691111.368626
691196.828172
691312.962747
691421.130576
691523.433196
691607.019242
691985.502662
691782.453179
692191.909484
692011.68512
692113.189184
692474.246115
692325.543699
692397.001166
692485.504007
692893.679892
692721.775847
692838.938026
693261.987108
692993.474061
693119.444814
693234.693921
693317.952848
693676.006609
693503.327088
693631.177806
693716.573997
693812.00159
694185.530243
694334.566747
694089.450591
694477.337632
694603.382506
694395.321224
694498.373399
694916.718917
694688.539796
695084.565736
695210.683031
695330.6604
695395.923228
695181.948492
695596.826743
695692.758526
695491.381366
695905.479614
696004.630719
696073.825612
695843.178568
695979.543098
696106.413099
696207.410846
696588.371804
696402.808985
696796.682474
696609.99523
696961.506906
697089.474625
697213.320771
696999.507354
697118.520957
697524.241723
697585.639782
697399.309825
697518.678574
697602.40102
697681.780715
697808.281459
697889.622441
698001.568079
698128.390034
698486.253024
698310.169308
698401.157523
698787.63617
698588.953254
698707.049785
698794.161134
698870.767103
699030.064349
699417.55018
699482.191416
699606.398461
699440.448611
699499.097416
699622.380532
699999.095026
700138.943562
699897.959821
700301.304034
700134.159701
700210.428263
700300.30128
700707.613323
700516.569913
700908.367895
