993.262747866
782.191777639
1179.21929671
990.18698696
1097.31735068
1220.4108584
1580.63756952
1417.61947591
1799.6878259
1602.15330766
1726.47006568
2087.14108026
1888.3349764
1994.19542077
2108.0085304
2193.48242819
2305.79381144
2408.42071491
2786.07739757
2598.50836466
3047.02920907
2814.74423029
2893.23276818
3007.05032924
3379.29012396
3208.03288226
3292.43840609
3413.83864649
3800.00118957
3903.89111811
3706.16904938
3814.36606129
3927.37416931
3995.59371172
4390.20032093
4216.9381457
4284.80715851
4388.73091752
4794.008262
4920.69286391
4972.29111613
4823.56720568
4914.46585844
5300.38543725
5100.92570519
5503.75719438
5292.35087372
5411.678844
5498.73128578
5586.89035293
5692.32082301
6120.59709584
5922.01213272
6301.77905812
6393.1928264
6527.0701952
6284.07116378
6689.80970341
6510.30731442
6914.37171886
6717.36705847
6828.86779677
7236.60628827
7004.17688232
7452.46487907
7494.52073112
7326.47096738
7396.66064987
7485.20289065
7887.8799224
7703.66131071
8088.11319408
8172.95696077
8277.31391482
8110.80728889
8151.18539007
8284.87129613
8396.85572926
8505.71274209
8596.16991234
8988.13007998
8791.55861045
9181.96376575
8990.62955693
9371.68803661
9501.61969032
9311.05872367
9386.15345217
9782.71416039
9600.18760015
9992.67508262
9805.69601311
9894.39023978
10298.2222225
10398.337206
10210.2470628
10616.9837202
10417.5626119
10804.7496812
10899.2236881
11019.1793451
11112.7264186
10889.8068855
11008.7108714
11401.3457599
11217.2687952
11313.6615549
11391.3162982
11524.2265196
11596.0898541
11970.5613232
11819.3679591
11881.1847966
12009.204067
12096.197721
12227.7577252
12328.7665735
12709.3117474
12517.8337908
12928.9143937
12725.1349856
12818.3493673
13181.4520469
13309.5234773
13124.866976
13509.8194088
13602.1844391
13389.3365749
13832.5108327
13601.2920605
13689.8548224
13803.38882
13922.4636127
13995.2825406
14117.9094425
14175.2327265
14322.8838861
14382.966644
14504.399434
14627.4057843
14712.9206714
14803.385355
14910.0899878
15015.498995
15103.5526944
15495.6524264
15609.9505494
15371.4613126
15488.7133593
15852.7566574
15727.2813721
15781.7139741
16171.7081774
16285.6625158
16110.4371259
16184.6217097
16596.6878967
16680.57718
16493.4841679
16556.5640378
16726.7624743
16801.5497438
17215.171905
17007.487565
17104.2993689
17502.7630462
17606.037823
17397.2001999
17804.5489807
17943.1157407
17696.0530286
18100.7050488
17875.314341
18022.4718457
18070.0665671
18187.9375319
18601.4010182
18398.4208373
18503.8817004
18885.2636869
18985.7857981
19081.7719796
19204.7184927
19013.7224711
19399.0643592
19501.1978243
19319.0426433
19414.6421574
19479.996624
19604.7920592
19996.2356253
19818.8804227
20172.7098397
20267.9293846
20109.7328355
20193.6332178
20595.6462707
20409.2093569
20505.1233857
20604.5708387
21032.0146685
20799.6686498
20912.3691725
21306.0043019
21084.3620908
21509.6891443
21283.6929472
21390.2798213
21486.4722128
21891.1400539
21971.3164313
22100.867271
22204.9724325
22004.9938574
22093.6987732
22478.17221
22304.0067605
22414.9840807
22511.4329971
22904.5007557
22999.3003828
22788.4916079
22893.2660711
23317.1545008
23405.4256126
23243.9467971
23309.5608723
23381.4233764
23499.1437352
23587.4127974
23676.2458632
24135.3699845
23926.845859
24278.3853886
24398.0575861
24186.0737852
24602.5613127
24412.255258
24520.673622
24600.0210204
24992.1456488
24802.7798944
24897.6291365
25010.8901268
25105.6895845
25193.1598967
25310.2724786
25737.7528584
25795.60918
25886.8984995
25989.6362804
25801.0397608
25884.7212782
25972.3575352
26409.9599669
26212.3587282
26297.0803859
26389.2640388
26832.8528617
26875.0685101
26706.1825123
26786.0592514
26899.7429505
26982.159922
27395.3766701
27481.623872
27314.1019488
27384.4983118
27747.3871461
27896.6694041
27692.6348172
27807.2153672
28207.8132358
28025.5728349
28402.3789001
28218.2737557
28312.7957047
28695.8826004
28808.6320936
28599.8685366
28700.2155789
28818.105693
28894.9940475
29323.0945101
29104.8668148
29217.14943
29599.6605876
29382.427672
29806.8095952
29952.7402945
29705.8960581
30111.5423647
29924.8999009
30004.614386
30388.9687145
30191.6902044
30597.343291
30419.1836778
30499.402153
30888.3317123
30669.5027331
30791.073966
31215.8865971
30988.4038233
31406.8229602
31500.9574125
31332.2188265
31375.9168944
31547.2251822
31566.780203
31681.8886047
31763.0337391
31880.1475348
32017.7610762
32419.3904056
32530.4437437
32591.8517648
32719.8943729
32492.0736698
32624.577717
33026.9493878
32807.8258069
33208.6851725
33298.708619
33115.572011
33202.4146186
33308.6447603
33404.0024547
33837.487788
33934.7677179
33987.7623807
33791.643749
33885.1520041
33991.8872763
34399.1282306
34163.7572173
34593.4525707
34402.717085
34507.0411256
34584.0816507
35013.7676199
34828.8453267
35218.7994704
34983.0982104
35114.9607574
35181.3462669
35636.3646837
35387.6153895
35507.7178587
35582.9298168
35705.1058505
35794.9358821
36202.2479812
36294.5040495
36087.6557228
36211.5989225
36294.913453
36379.5457786
36780.8915322
36885.3228427
36726.7787956
36783.2615863
36886.5755375
37332.1124661
37110.9841878
37518.4371952
37288.3261805
37686.5664226
37812.2260081
37595.5430939
37714.5827185
37820.6663167
37899.9980696
38284.1294529
38415.1718468
38518.8927084
38591.9844933
38423.6205607
38460.9653098
38905.9296575
38707.2651434
39075.3048212
38880.7756768
39329.0421717
39100.6861141
39571.9424234
39573.9051533
39423.3186535
39508.2472874
39584.8732239
39682.5438605
40121.9068487
40151.2080327
40008.9037496
40132.2317585
40174.8881915
40292.3199582
40716.2021093
40472.9097002
40918.5547874
40697.7230105
40806.3181786
41207.5457312
40998.246223
41112.0483326
41179.9778581
41592.5574124
41380.3717548
41498.1749351
41591.6948154
41712.704086
41777.7672864
42175.6703768
42020.1304742
42122.4033669
42489.8810193
42563.9267879
42365.1983385
42508.4815666
42619.6940134
42696.9180671
42836.0764078
42882.4081695
42968.3404413
43108.5687335
43195.8143702
43315.34562
43410.6579508
43839.5193448
43585.0118716
43728.6335718
43822.5196929
43904.1532695
44325.9691414
44123.0637231
44497.1477918
44615.787188
44716.7680044
44512.7229732
44604.6807167
44699.7472991
44812.758137
44930.4296258
45314.665515
45402.8082252
45487.1635611
45579.3465702
45693.8805209
45825.0236218
45918.2401978
45686.3269001
46085.3145871
45906.5510678
46279.9047965
46116.7120224
46203.1406162
46625.0057147
46389.302215
46499.9140791
46572.0405273
46693.7531424
46794.8663621
47176.5651139
47014.7336586
47083.3130029
47523.9664605
47306.7971527
47408.6455577
47816.8941717
47893.0873095
47699.6514503
47795.0829957
48200.0817042
48008.503912
48094.3419494
48211.4994526
48306.743917
48716.177821
48792.4526036
48612.6827598
48719.831669
48795.0351395
49199.4226508
49299.2532141
49071.3756055
49193.7796259
49584.9627531
49386.1604811
49793.0475839
49904.8450123
49990.002909
49836.0437684
49934.999082
50291.9497875
50113.1061664
50198.6417045
50303.2768428
50411.6253968
50513.9273976
50579.9036287
50703.3291095
51081.6555265
50924.8527679
51307.2668194
51416.790013
51478.7008918
51635.0357071
51714.3779327
51496.8680625
51597.5732385
52018.9236919
51787.0477853
52214.4312328
52003.7262611
52409.5586056
52225.7820835
52589.6307235
52400.371259
52509.6214288
52589.4619508
52980.1467999
52828.7859995
53184.1079625
53323.5779206
53124.0673383
53216.5979989
53288.3498987
53398.0566765
53491.9762849
53620.4908942
53694.562051
54099.848553
54184.6134669
53989.1160333
54390.3361209
54202.6077243
54254.8072936
54395.250744
54807.4105218
54605.4751879
54702.3837162
55064.89088
55220.7044783
55046.4606398
55110.6516376
55481.8221075
55637.7015085
55661.6994965
55764.0438295
55592.7906477
55991.7423193
55794.307127
56191.7944495
55990.8911787
56404.3464511
56210.4091693
56312.9164399
56357.2809768
56798.826632
56594.6009032
56688.8448004
56789.7658698
56923.5345928
57327.496752
57372.3948
57499.8225617
57297.9200432
57397.6632135
57482.3941226
57602.4485221
58019.9941702
57779.4211053
57908.0793471
58005.9017273
58085.6442773
58499.4436101
58320.0155326
58392.3477276
58516.7630122
58594.2248486
58697.1099309
58833.8446217
58896.2327783
59020.1278486
59063.3829145
59496.6686988
59602.2695365
59403.2453312
59805.3879615
59616.5551959
60009.1823645
60141.2607528
59895.4676614
59991.4904614
60397.5834101
60179.3976423
60307.070123
60438.918952
60787.8248453
60590.4844122
61020.2888389
60816.1864039
61204.5960897
61014.4235804
61422.0846441
61179.1631273
61603.4505518
61387.835864
61483.1557835
61911.8291015
61986.194328
62086.0760612
61922.7736631
62008.7711312
62141.5304444
62220.3099773
62302.8497365
62405.7625975
62794.5230915
62618.1061672
62691.1384424
62791.6173316
62901.5381633
63319.0637896
63430.4046429
63183.2838664
63314.9648105
63712.5589474
63774.3749731
63904.9075922
63730.3469702
64105.2523441
64202.1163884
64039.2697629
64120.7895762
64510.9827258
64599.940984
64399.965548
64505.8543113
64604.2955254
64690.129095
64771.289878
65182.7409957
64988.8244852
65099.3110318
65483.788677
65315.3396562
65402.8303717
65798.6335404
65600.4990743
65685.4307256
65807.5837997
65857.0747122
66015.7820549
66110.5527341
66494.940331
66300.6860303
66437.6440536
66472.8856922
66885.5959671
66677.5086538
67104.9441706
66898.740257
67002.9544093
67090.0904843
67207.4891955
67577.433073
67712.3733097
67513.7472824
67630.1834613
68014.0328325
67787.7828575
67918.7256021
68002.6546609
68083.9791174
68209.4226592
68624.8794385
68398.3011327
68476.8868577
68906.850168
68962.6246493
69087.151878
68925.5946912
69278.7618021
69400.8148014
69173.4588043
69292.7297419
69402.522976
69770.6997918
69894.8278273
69700.8903991
69771.2127297
70214.4584146
70304.3710998
70437.8761581
70216.2639763
70611.1563538
70401.2183295
70801.3035166
70584.8859954
70681.0825822
71098.6133364
71215.8089132
71308.7676408
71073.3035078
71211.119805
71303.2247433
71365.2081021
71506.238797
71895.9614767
71726.5149696
72125.7315776
71892.2845382
71993.0406815
72384.7608166
72194.7838595
72583.7376697
72411.5597337
72516.8372873
72856.509417
72997.8203605
72815.3972068
73204.151845
72983.7478064
73407.5452302
73523.1196817
73313.6012005
73393.0474192
73475.0311484
73608.0094349
73703.0973147
73839.2649179
73903.0300528
74296.2523456
74405.4249924
74196.1693261
74295.8571813
74376.7856962
74780.3347019
74889.5882754
74727.5272346
74831.8557733
75192.5229188
75312.9536079
75080.8433543
75219.5961989
75583.7562256
75697.3499197
75786.3662201
75580.5706673
75758.0523105
76105.2263941
75902.4922985
75980.0828946
76070.4285508
76488.7439642
76586.3901352
76717.9330068
76793.6518141
76595.6046139
76702.1150647
76811.3793369
76900.1701938
77289.4965612
77088.2688062
77197.3630555
77631.9269318
77390.0340656
77508.0509504
77603.5888757
77706.5861277
77798.1162903
77874.9564439
77987.430808
78381.7112319
78181.2662035
78289.6642752
78706.2658873
78814.1610126
78583.064357
78971.9456961
78791.0775624
78890.4972464
79273.4486709
79075.7290293
79205.5374507
79291.9927752
79436.9446302
79785.5481537
79612.998474
80001.8787323
79817.369482
79935.2250967
80015.7798241
80090.1788254
80197.7508994
80275.6969639
80376.7348298
80494.597541
80603.6996355
81014.9671667
81132.8877006
81201.7454206
81015.2001709
81102.5499331
81505.5460806
81608.1195539
81680.4319632
81473.3010314
81911.9250132
81986.3137124
81798.0254203
81922.9858008
81978.0460982
82066.9771823
82558.50375
82603.1639793
82740.9158028
82789.6733882
82571.348392
82975.8595615
82794.6143389
82879.1527149
83302.2090843
83119.3169593
83483.2438727
83307.0847649
83376.3357105
83504.3415108
83607.9939367
83681.0385113
84129.6717716
84195.5292863
84307.4763056
84393.7251179
84200.3476934
84574.2666381
84700.9231652
84482.2109294
84595.4731921
84698.3687582
85112.1467986
84889.0573568
85014.7542517
85117.5665402
85501.5303569
85310.5026226
85689.7800089
85838.4620882
85872.8054851
85727.782901
86062.0703187
86192.3111201
86003.5084945
86415.5998009
86190.4271407
86571.1635699
86385.8423268
86482.4783659
86607.676621
86692.3404558
86798.0572677
87189.4591277
87317.7447242
87083.7960004
87517.9246532
87284.9861408
87405.7846496
87477.7507187
87612.313226
87668.0284648
87801.2034766
87909.2673004
87988.6428975
88391.7058444
88196.8699225
88627.7746722
88412.6222854
88818.7977273
88620.8464083
88713.8995482
88770.293463
89150.5633823
89303.8300683
89411.3395745
89216.0331568
89309.372864
89696.625753
89780.3991733
89628.8238329
89692.1197799
90087.20786
90203.0241252
89988.8344284
90441.8844505
90471.9536951
90281.5234713
90420.2241816
90837.2520679
90609.1155177
90970.5911793
90827.6301248
91214.3865269
91307.004331
91393.145368
91209.0716562
91277.0112123
91393.7894246
91779.7597833
91638.6972441
92025.8476135
91818.169225
91885.1011737
92261.4305451
92384.4416544
92508.2828428
92583.9484509
92368.5487509
92518.118365
92579.0389688
92709.91407
92785.9185304
93214.5396298
93315.2429851
93403.1680966
93516.7324151
93602.2651285
93416.0479206
93507.092318
93634.0758839
93710.950007
93793.6197068
93899.3443425
93992.0544172
94085.0799307
94198.1215334
94611.5070667
94423.8114659
94499.574986
94612.6243903
94986.398759
94781.0391372
94898.4269105
95275.5030252
95106.6054889
95205.9939415
95304.8050259
95697.8880524
95753.28763
95586.6968454
95701.2389639
95778.242262
96194.926534
96297.9261868
96088.8386625
96203.2170147
96575.4466148
96405.7802243
96511.1835624
96626.2650162
96991.0886153
97097.8117151
97201.6282722
97322.8706632
97059.5149045
97520.8532983
97313.332192
97714.0242566
97803.7204822
97625.3840926
97683.194642
97798.7876265
98229.2805403
97999.898975
98081.3755124
98215.1659709
98610.6955508
98688.5552873
98462.0697629
98908.592846
99027.6447027
98784.7545291
99205.4594417
98996.9963046
99112.5826475
99185.5887798
99590.8624906
99403.1710923
99815.8974735
99591.7674562
99692.3644602
100079.8139
99899.9806788
99988.0756545
100142.292886
100475.673325
100310.900959
100697.595421
100506.282541
100890.234908
100733.494612
100790.223053
100888.658058
100990.902499
101101.076122
101221.171757
101329.945519
101371.275432
101491.628625
101588.725994
101974.579595
101773.630917
101908.212983
102306.992888
102396.284475
102228.338477
102344.268204
102411.458001
102509.471035
102892.785838
102717.44891
103112.69829
103207.165011
103291.109734
103104.758677
103225.802748
103288.440233
103704.16036
103522.780368
103869.973093
103692.043938
103805.887255
104219.96687
104034.956945
104109.085422
104527.221566
104299.812344
104380.270022
104491.141454
104615.898311
104686.28838
105071.581583
105178.638092
105307.133049
105400.347888
105206.449779
105317.775097
105379.43232
105509.565524
105615.965972
105707.70544
105799.312488
105914.503695
106295.217074
106083.468026
106195.675904
106591.97488
106378.117634
106511.852194
106940.851232
106707.103625
107089.733515
107192.784273
107271.852706
107391.26932
107193.737107
107581.280181
107401.651097
107484.713666
107610.963239
108027.758236
108121.989945
107901.643839
108021.884009
108128.116314
108508.257311
108305.391286
108673.852575
108813.467348
108594.03314
108704.850857
109125.194892
108856.932835
109036.29182
109099.120426
109200.648918
109621.520569
109377.570267
109776.965882
109600.989181
109987.999276
109791.684595
110223.080045
110018.571008
110428.244629
110222.09523
110260.803612
110433.34382
110783.128859
110908.81957
110696.537922
111087.884343
110928.767856
111002.10477
111378.195775
111501.756265
111296.283738
111403.483277
111790.294544
111596.230078
111995.625332
112080.061977
112174.748163
112284.691468
112118.790927
112234.085433
112289.593146
112359.736461
112491.173271
112902.653889
112994.762046
112797.336868
113203.531102
113015.339742
113116.508764
113476.283509
113595.379266
113403.592055
113505.184487
113906.215466
114003.388634
114097.689969
113895.086332
114325.113026
114435.243673
114470.280404
114591.676642
114400.443251
114807.089572
114611.46616
114696.065612
115119.408491
114895.342722
114985.125023
115089.297535
115181.735191
115287.139289
115663.879201
115792.858806
115616.299429
115685.301169
115808.212586
116178.343816
116003.416067
116099.10562
116210.732138
116268.641404
116363.160239
116502.341788
116873.9328
116669.369242
117098.874952
116915.287028
117020.444983
117386.214491
117228.020159
117323.063531
117392.974782
117801.338398
117606.590914
117720.869105
118108.540062
118223.357584
117983.630956
118372.327606
118195.102404
118309.243042
118403.799357
118492.596326
118621.428367
118728.360072
118793.462072
118919.271193
119274.719075
119088.791186
119484.046999
119302.010913
119707.636406
119537.802404
119868.374763
119682.181735
119791.134024
120222.170608
120250.270336
120087.159129
120459.90176
120320.662941
120399.828817
120763.423051
120598.066672
120694.244589
121099.463458
120911.06093
121004.881849
121120.93734
121524.886412
121303.829098
121669.203328
121494.658727
121613.952014
121717.764809
122095.046691
121904.919627
122037.134909
122121.442679
122199.036753
122315.638383
122704.687977
122814.741964
122885.766985
122714.657409
123085.214656
122897.256757
123295.275237
123108.514251
123190.999636
123606.35297
123393.075214
123500.172508
123922.591174
123712.186203
123803.601869
124201.128944
124007.029877
124100.992348
124203.216289
124295.656144
124705.279248
124805.90108
124596.578764
124700.342621
125113.85216
125185.762501
125302.836425
125404.630175
125465.298807
125282.481002
125407.314167
125491.269153
125578.355988
125715.993473
126087.593818
125912.712821
126002.319947
126112.562405
126212.501974
126268.314428
126709.852621
126521.919482
126883.379892
126686.971429
127081.311002
127210.028131
127294.893382
127376.513051
127540.15172
127585.200828
127710.744181
127496.092547
127565.544492
128001.155794
127784.790532
127903.507975
127994.981329
128416.405741
128467.514192
128576.114566
128392.853003
128483.519377
128895.317114
128744.849368
128781.676565
128924.861023
128974.157881
129404.743685
129194.730955
129304.897392
129364.546468
129800.28347
129568.921078
129997.855451
129816.209528
129860.484704
130033.800308
130106.33575
130514.524793
130286.691074
130376.176828
130502.644602
130612.278663
131022.17236
131103.831177
130914.805909
131333.341488
131418.123564
131183.395775
131252.821268
131391.217868
131494.580869
131896.978111
131704.597333
131811.823768
131915.095142
131995.147115
132417.01835
132486.215447
132290.655981
132711.725238
132805.45351
132580.975433
132719.737148
132798.710499
133173.885323
133319.823337
133090.310298
133532.227793
133317.360149
133377.208471
133504.475241
133608.350697
133692.086194
133824.639265
134235.722499
134321.480349
134097.862578
134210.390197
134279.952677
134379.902808
134794.5537
134903.266474
134669.169995
134808.522403
135208.821021
135294.012697
135111.275943
135199.914401
135623.132395
135372.481937
135507.93069
135589.793957
135693.303982
136089.386062
135913.034894
136027.025096
136078.157251
136461.804102
136297.574989
136417.476807
136790.380978
136582.275639
136703.796113
137076.266878
136870.272253
137007.832637
137377.835832
137539.499308
137276.046261
137393.349951
137515.027862
137872.735724
137662.665188
137760.977567
138205.022215
137999.329883
138077.482135
138192.421903
138318.705378
138417.041548
138484.641367
138612.585482
139003.596377
139133.037157
138916.507057
139258.997888
139120.136799
139207.202709
139599.043735
139400.455087
139488.154188
139941.445363
139707.712049
140112.111937
139911.013449
140001.88581
140398.903075
140187.332943
140626.807273
140685.166375
140506.893164
140885.383757
140735.288621
140766.364245
141188.92558
141286.288689
141087.683705
141187.074196
141599.202828
141676.630143
141476.67577
141822.12327
141987.086883
142119.082845
142197.157711
142294.652466
142083.240954
142198.772601
142326.21512
142407.509763
142801.744768
142898.590731
142673.454201
142778.636769
142894.853518
142983.607425
143092.377136
143202.401967
143299.125548
143381.222139
143470.097794
143901.571827
143676.108094
143793.367981
143906.695937
144278.255816
144432.280646
144228.812596
144287.312339
144740.507664
144803.884438
144629.617099
144712.241384
145148.461262
144889.569413
144959.234335
145088.798006
145221.493685
145576.809892
145701.4973
145515.197108
145589.077444
145687.763375
145803.381783
145885.481236
146009.314133
146113.192625
146205.809248
146301.263899
146397.808968
146833.926411
146895.445412
147039.813154
147108.800813
147183.811207
147301.113384
147099.20092
147233.431022
147616.023311
147707.224197
147815.957537
147629.224998
147729.303256
147816.64623
148217.740277
148031.521957
148116.30631
148191.349381
148324.046175
148404.12609
148510.190219
148583.049418
148716.74563
148808.124835
148905.137036
149010.934198
149094.511198
149468.937468
149326.53234
149419.63719
149486.081085
149601.46616
149685.370751
150088.891736
149879.746545
150015.102992
150113.67716
150473.959837
150314.421826
150408.847992
150514.607011
150588.23324
150988.321291
150778.62204
151211.039995
151003.261195
151114.119116
151216.276981
151634.554145
151424.781103
151810.525617
151887.401632
151696.556903
152083.073804
152195.923867
152329.226541
152397.578543
152158.616743
152279.453721
152718.304282
152509.149931
152631.622878
152955.688951
152767.411867
152901.907642
153290.794922
153374.795436
153525.71429
153611.789318
153702.202117
153525.236943
153578.360023
153989.377017
154131.373103
153899.987352
154265.217717
154397.010633
154193.823906
154335.496189
154429.819874
154516.902592
154851.370517
154680.698381
154807.121477
155181.392758
155280.629211
155098.807788
155177.702661
155569.613415
155729.272017
155499.408179
155891.483579
155704.836887
156099.028452
155921.103952
156310.25417
156114.951846
156223.084852
156311.286404
156411.43955
156501.405875
156625.380618
156993.615453
156802.2127
156897.393904
157274.139685
157404.634066
157184.005164
157316.861835
157674.407941
157798.025079
157611.012975
158003.229029
157809.315377
157861.650302
158272.220291
158383.105191
158550.155813
158590.220962
158401.040111
158495.845058
158574.29873
158990.953349
158784.072816
158878.846203
158993.292743
159091.766101
159490.20583
159618.219526
159414.543044
159511.328883
159596.93523
159741.86148
160106.756245
160221.770975
160020.343334
160385.031118
160213.569509
160313.011496
160703.12538
160518.527998
160599.593402
160992.07034
161073.223161
160880.82474
161316.683207
161065.848562
161228.097989
161298.834429
161673.483265
161795.751749
161601.047853
161676.047745
162073.794145
161889.515942
162279.215099
162113.024958
162199.195926
162292.431193
162688.98387
162791.565612
162628.95303
163002.838163
163090.499528
162901.350433
163005.971708
163107.430408
163530.938821
163600.667473
163393.79096
163803.588379
163607.220445
163691.901916
163818.74454
163879.226609
164321.829666
164109.291876
164502.406552
164562.839506
164695.715127
164792.243029
164624.090618
164705.484485
165087.066632
164902.545623
165030.440088
165122.210747
165211.090889
165622.875783
165440.054151
165475.972843
165924.522597
165684.121076
166093.887343
165932.139655
165985.467695
166120.011213
166206.382341
166615.126513
166394.54104
166471.91677
166897.331351
166994.276287
166834.589343
167226.855076
167246.979806
167421.215472
167212.639424
167334.445753
167718.888091
167501.75147
167603.360532
167674.095614
168115.645195
168234.236766
168300.653327
168398.060528
168186.235579
168594.427327
168401.546932
168493.502036
168883.596793
168682.49904
169109.114032
168911.189476
169000.142143
169373.172444
169499.47868
169640.581644
169422.616582
169478.749861
169575.935247
169695.435837
170102.582198
169911.027256
169999.376078
170136.966689
170241.180152
170326.323595
170400.753541
170489.689933
170898.641358
170696.727894
170804.267357
170921.531585
171306.213323
171101.533896
171175.38551
171574.350856
171730.340945
171504.612448
171925.055211
171703.595093
171791.216921
172201.250819
171969.676866
172120.457339
172209.457712
172315.166191
172715.350324
172520.797393
172620.408208
172991.666772
173088.01627
173227.681213
172983.546149
173376.748324
173471.140088
173307.76736
173397.885597
173516.963815
173910.838365
173972.197436
173797.005685
173891.096485
173966.893766
174413.723556
174214.361636
174304.040568
174420.363444
174787.119204
174627.078832
174694.839624
174803.516698
174910.699606
175017.598683
175385.009798
175189.060048
175307.230492
175394.69073
175510.752676
175897.490065
175945.794862
176128.961821
175908.971807
176302.150792
176070.324835
176516.263166
176305.925535
176680.3251
176777.712595
176607.379681
176694.89036
176781.194305
177185.920756
177296.93113
177115.032225
177205.799053
177602.127459
177429.738129
177497.342175
177904.839176
177990.328097
178121.820439
177906.040106
178275.313909
178083.624034
178497.813277
178577.357527
178399.960225
178782.14327
178601.020845
179018.639378
178783.577464
179206.765399
179009.99697
179079.250075
179248.320146
179312.641095
179389.769642
179506.43102
179591.795706
179995.689635
179807.280572
179889.66403
180004.36638
180109.610107
180468.89449
180300.426161
180671.220176
180506.178478
180885.708683
181017.961695
180803.51513
180930.816867
181314.648973
181435.983837
181180.708479
181305.582223
181389.655751
181761.23151
181909.672715
181686.079338
181809.737958
181896.980146
181979.348706
182140.983495
182218.389164
182306.880325
182443.700127
182527.197948
182895.045288
182724.442295
182792.639054
183191.255763
182999.190816
183127.065647
183204.610635
183290.598849
183378.684639
183802.385685
183607.567949
183713.309141
183792.564756
183912.076752
184005.717287
184088.868552
184198.161106
184284.165942
184702.688987
184773.376153
184614.534019
184697.278361
184799.45358
185235.423061
185267.251359
185101.231548
185194.26573
185269.360389
185725.456179
185490.905013
185886.535772
186006.812466
186080.86012
185869.610197
186289.74465
186095.929018
186506.400591
186297.723203
186699.950995
186804.453118
186628.469156
186998.260979
186786.255516
187184.457479
187354.191819
187121.772687
187191.038156
187311.681454
187422.657749
187505.16653
187583.907964
187964.288709
187798.759678
188207.358813
188298.030661
188110.122691
188190.509245
188342.050501
188726.08191
188760.907417
188938.911084
188987.902298
188797.255777
189237.948579
189003.673676
189397.32403
189557.980116
189295.854914
189391.393422
189503.283789
189868.589397
190024.669235
190135.6751
190206.159199
189994.102934
190099.946978
190479.764804
190320.703056
190690.21287
190488.725874
190877.547907
190689.913438
190795.711422
190893.814091
190960.125176
191111.40265
191221.385238
191581.596249
191744.309821
191487.309602
191895.951191
191691.724409
192058.881512
192219.177183
191978.309389
192378.157013
192493.11191
192309.879182
192672.051444
192471.184372
192585.962681
192705.161006
193059.781457
193188.126343
193294.402563
193405.195602
193190.914167
193315.579871
193412.360402
193484.265698
193635.030759
193704.656893
193791.938756
194231.372005
194304.652879
194083.423265
194211.892382
194266.209876
194711.786108
194800.404462
194606.376115
194714.87115
194804.032421
194887.935222
195267.954717
195109.741805
195490.021736
195617.433165
195702.161979
195767.058419
195912.468047
195720.773677
195809.784081
196162.197276
196276.867254
196142.50175
196208.388008
196602.103113
196402.56961
196493.818316
196600.948531
196731.878914
197120.791166
197229.879714
197261.98251
197381.755005
197177.675541
197586.191594
197693.093305
197492.601699
197876.224722
198010.341751
198083.546381
197915.424266
198023.125139
198409.835549
198499.92253
198310.792572
198687.685954
198484.81213
198923.967467
198708.554255
198777.927817
199184.475499
199037.879791
199116.242083
199204.397445
199272.939583
199422.439013
199805.4863
199617.080711
199714.991444
200073.748743
199925.460644
199979.674936
200108.651105
200527.419131
200330.942673
200412.598689
200780.887692
200600.427541
200697.7122
200784.758832
201203.400035
200994.930653
201114.369747
201195.610717
201562.880254
201674.950756
201486.521905
201584.441141
201700.82301
202086.006562
201901.212014
202288.136198
202106.75502
202200.382897
202279.682363
202426.306958
202483.784573
202579.676108
202717.563758
202808.171297
202870.853922
203325.095267
203417.358659
203508.583169
203642.262425
203423.945239
203483.369404
203916.458513
203669.988068
204112.825618
203945.588219
203985.985256
204087.626739
204485.807225
204345.748685
204410.23858
204501.009872
204584.390964
204652.988639
204790.33937
204885.856503
205025.062748
205128.130773
205189.938642
205320.717407
205426.189804
205799.16391
205918.393008
205678.85734
205780.873421
206197.697252
206023.557567
206407.043775
206227.205451
206647.026493
206368.637474
206799.37127
206591.335669
206692.632775
207109.004045
206871.491306
207281.276325
207117.069251
207450.035454
207286.599991
207682.398876
207507.316491
207622.343197
207703.277182
208083.680713
208212.156006
207987.451817
208090.443038
208489.264113
208597.508193
208401.270803
208522.311383
208608.024324
209005.060169
208801.280006
208893.543038
209000.024175
209106.047183
209210.626222
209313.709651
209396.058731
209504.462858
209864.543262
209979.761792
209795.916468
210231.074468
209977.230313
210099.668796
210536.812176
210290.773916
210410.913524
210812.281707
210614.624229
210716.301201
211058.308141
211210.956458
210979.626453
211426.569704
211510.954989
211298.396847
211684.121048
211847.827332
211872.168721
211984.772776
211804.044978
212221.569075
212018.897762
212090.638552
212548.443869
212559.598853
212671.234184
212795.719719
212901.995762
212676.788705
213068.248253
213219.23181
213292.032721
213074.645505
213502.670562
213618.568074
213710.061574
213782.512316
213877.314636
213978.93783
213812.644663
214207.890649
214312.720567
214092.372583
214227.557638
214299.97681
214409.155621
214494.300378
214902.270124
214997.998582
214799.291673
214919.920662
215300.7361
215411.484698
215489.133077
215301.880978
215416.778301
215494.917985
215582.841743
215678.603097
216104.859316
216188.15251
215987.099871
216425.487205
216497.438059
216595.829588
216370.422659
216473.89281
216590.264352
216971.607481
216804.7268
216885.290346
217013.68695
217114.077365
217532.616448
217285.210219
217693.653669
217471.537047
217869.21078
217711.22805
217827.479179
218224.713157
218001.047893
218138.184966
218510.999365
218555.712107
218686.055511
218476.188774
218580.815876
218706.117309
218821.55309
218898.265575
218998.881986
219060.113517
219190.480861
219294.303662
219385.359257
219478.853152
219579.383384
219688.476855
219811.792544
219884.030457
220297.615562
220118.956908
220492.668626
220315.631793
220706.388855
220769.08146
220900.128731
221003.66944
220802.870823
220888.554444
220975.016554
221419.254801
221187.861912
221593.784801
221702.20487
221761.674976
221910.097778
221993.981907
222082.01766
221875.42264
222015.909992
222070.660788
222468.672274
222592.189156
222675.549441
222548.869325
222919.984857
223005.593159
223077.649779
223213.28007
223283.508918
223403.585081
223223.369054
223323.269119
223426.436188
223495.911842
223884.438958
223726.1556
224098.327588
224179.827946
224276.000769
224107.971201
224199.068354
224271.040611
224697.186129
224471.065202
224917.975856
225035.070189
224802.503955
224920.636134
225322.111996
225109.753471
225169.891913
225311.829488
225687.728796
225502.293622
225597.577655
225984.620123
225795.595492
225885.638776
226003.307419
226105.302712
226198.808552
226617.589483
226421.769521
226832.931579
226616.516076
226980.152863
226783.077468
226909.571484
227005.041498
227080.108442
227509.342614
227605.033978
227694.89912
227468.882331
227601.130012
228007.197521
228075.693891
227895.324772
228308.418639
228085.932343
228203.356439
228289.759452
228426.767878
228799.975356
228850.282342
228682.680942
228820.168685
228913.647238
228998.014292
229372.142621
229218.785964
229228.824489
229426.444803
229795.238448
229588.809605
229714.462017
230132.956845
229906.823611
230007.211009
230394.788305
230515.341207
230609.916655
230679.462483
230491.344472
230609.371519
230704.625455
230800.844871
230896.242725
231011.060831
231376.923343
231215.766183
231306.004519
231676.467117
231510.442694
231609.238016
231709.494401
231769.509242
231889.618403
232301.037042
232405.461051
232181.228741
232315.762609
232681.226329
232476.39148
232605.793504
232719.259248
233111.407895
233191.189829
232947.067586
233096.270097
233214.423229
233593.168909
233423.205656
233777.366886
233899.529408
233974.669535
233798.151078
233892.382094
234308.113157
234084.972634
234178.11503
234587.346173
234685.930651
234799.469176
234587.710659
234699.470599
234800.840754
234877.945522
234995.403267
235084.325878
235204.122391
235579.739439
235406.327897
235787.941125
235624.665992
235723.963384
235778.543508
236238.693422
236323.83405
236106.718834
236217.303927
236610.704962
236674.851036
236503.688847
236606.340383
236686.890261
236778.078154
236906.993608
237001.905834
237418.342807
237488.09998
237588.87374
237421.816601
237830.40444
237911.317291
237718.35907
238066.289478
237916.420178
238011.829498
238378.919734
238201.969712
238601.585255
238683.588662
238497.816789
238913.739264
238698.248101
239089.429426
239188.845951
239305.156301
239109.961956
239235.813226
239304.196323
239687.095421
239782.451433
239909.287706
239704.819615
240093.388163
239924.107253
240336.180213
240390.721493
240181.632148
240614.666225
240405.668595
240474.287444
240923.68508
240703.540641
240840.310053
240908.748537
241298.520837
241122.969003
241227.376149
241289.840808
241707.4182
241468.633609
241892.268586
241719.212035
242106.103664
242203.302811
242309.821098
242076.483898
242489.087455
242316.208442
242705.354411
242773.072298
242589.529578
243012.465913
243094.600885
243210.499449
243028.893776
243066.466879
243485.1076
243318.031402
243394.722544
243526.621204
243908.05443
243700.993639
243802.972992
243900.944319
244006.847536
244105.193749
244475.996187
244292.489242
244431.764623
244815.76958
244578.863148
244981.731957
244785.469328
244871.578922
244949.992581
245416.048258
245507.242645
245291.749387
245382.681718
245780.160569
245608.564875
245704.623063
246095.985402
245940.105729
246337.206284
246086.270746
246186.174261
246312.859669
246713.452881
246817.288282
246614.052177
246705.547915
247093.5336
247198.767522
246996.43835
247090.665944
247505.14408
247303.198431
247680.797081
247501.521425
247931.068717
247703.708494
247760.876383
248192.064982
248010.20019
248088.951453
248240.603975
248599.599852
248384.83706
248528.528262
248605.031092
248684.69855
248788.830621
248874.983493
249285.66636
249130.467473
249532.977494
249288.515524
249377.845909
249485.013317
249897.780067
249689.616525
249815.070155
249908.989415
250006.725571
250411.05236
250201.351154
250312.221894
250443.283261
250802.119749
250595.640604
250698.178548
250825.497129
250931.198674
251352.873937
251424.300727
251240.96034
251301.28819
251406.229929
251813.610188
251630.083205
251703.672741
252098.920643
251864.270494
252355.939775
252124.900177
252506.734053
252575.644117
252362.326377
252483.101168
252585.645614
252688.512353
252829.605027
252880.274781
252973.37013
253418.179293
253241.055115
253602.895031
253377.782721
253800.956173
253604.003465
253724.710899
253818.122208
254181.702817
254322.157632
254438.229379
254498.692213
254268.047708
254416.596109
254474.278296
254610.086354
254724.617851
254771.805531
255227.222656
254958.578432
255381.066837
255181.522497
255298.617707
255371.090699
255763.614059
255615.493751
256011.378846
256113.043892
255921.448512
256014.031835
256117.757908
256193.718472
256641.074262
256383.616287
256502.701962
256584.056788
256962.519539
256791.58079
257200.726842
256992.506134
257114.851334
257211.939143
257639.217466
257398.511993
257790.664299
257597.602579
258005.84
258099.262916
258191.505706
258291.24091
258105.989025
258202.818376
258598.050376
258409.733986
258514.801529
258870.28986
258714.246663
258819.592695
259198.087052
259325.131796
259406.261335
259210.470224
259323.399506
259728.660961
259507.484427
259613.00757
259720.874724
260089.702825
259900.439072
260022.275749
260124.939887
260219.311919
260322.512465
260369.013137
260498.327668
260589.932556
260699.380778
261084.5884
261227.336952
261350.063843
261398.584215
261506.827522
261639.472735
261718.035698
261495.580438
261626.347759
261715.221661
261793.952316
262217.611417
261987.853986
262112.55787
262510.663118
262336.718822
262387.264146
262813.030633
262574.446684
262980.149729
263110.459661
263224.902106
263299.238605
263089.668716
263522.973775
263316.841949
263656.710214
263489.413889
263610.534687
263692.510545
263791.064751
264197.635039
264012.758522
264086.155125
264193.337211
264287.920251
264397.150518
264792.751622
264607.501016
264646.84584
265140.739686
264906.64345
264977.152862
265365.852017
265490.980761
265294.170748
265402.488189
265507.134831
265897.929858
265984.376102
265853.925961
265872.05171
266013.604748
266076.01264
266500.011954
266580.733982
266378.965093
266515.429688
266905.910233
266995.720565
266796.958619
267194.451583
267289.597066
267109.725366
267223.423704
267616.043925
267731.91587
267796.355332
267606.874531
267986.219446
267823.535251
267900.436192
267987.318934
268385.197346
268186.108008
268278.88197
268719.195208
268482.79073
268902.197862
268697.203388
269110.986055
268889.077001
269275.704212
269119.102144
269146.561059
269583.321926
269416.563651
269542.702828
269582.795372
269985.244792
269814.688141
270213.280016
269984.402302
270126.446774
270479.829894
270353.600283
270673.647143
270820.017411
270603.989512
270982.290816
271101.155
270879.004157
270988.449804
271384.253839
271205.142402
271579.091277
271715.315223
271522.210127
271595.952527
271695.613364
271801.431246
272207.603461
271990.434603
272382.036292
272204.489443
272614.842744
272389.821979
272500.564557
272563.208959
273005.329849
273094.793425
272896.023364
273017.018701
273089.115895
273169.329172
273638.003215
273394.216255
273784.097935
273855.426198
273951.949942
273811.319221
274194.261645
273993.147184
274375.984071
274509.071487
274309.604286
274462.55718
274501.912121
274918.647372
274984.67827
274807.419628
274925.235669
275013.456893
275098.645989
275486.299865
275313.083658
275399.430963
275522.469996
275903.746098
275716.113884
276104.274824
275904.923879
275999.431808
276097.958379
276498.854545
276306.080089
276401.618923
276474.572526
276594.702696
276706.478811
276791.785945
276900.146957
277330.42859
277089.973078
277206.108661
277295.41988
277716.85864
277795.593813
277635.218763
277994.929887
278073.214128
277898.806131
278000.63113
278080.271986
278177.08708
278606.347579
278431.352194
278794.481381
278899.313272
278731.185121
278804.1854
279228.661645
278988.017291
279092.905306
279176.243318
279318.093837
279406.618038
279509.06582
279919.331377
279994.575042
280111.133399
279856.908875
280292.968983
280098.709434
280481.439835
280633.645
280401.331606
280505.207331
280919.74029
281009.949343
280831.491697
280885.247902
280976.885613
281102.92914
281188.200619
281579.480847
281415.984864
281788.478882
281586.399845
281956.567977
281807.160189
282214.258978
281990.947807
282081.442161
282190.880556
282301.129206
282397.130586
282789.29914
282905.155972
282995.860735
282790.45423
282882.898334
282977.895079
283110.505837
283197.331747
283610.623846
283393.18576
283488.534196
283869.889245
284021.745226
283800.891243
283897.940328
283980.363527
284091.998482
284489.917408
284301.267532
284410.893904
284774.445799
284889.35938
284713.347204
284818.81691
284895.320221
285005.16674
285094.920448
285215.15767
285308.601255
285436.625926
285774.346585
285582.898302
285730.56033
286095.112005
285923.029617
286003.666849
286145.540861
286238.119846
286284.97613
286378.458347
286827.692703
286587.273935
286712.747801
287134.562725
287188.840465
287011.630217
287120.128487
287141.747864
287319.755697
287398.682442
287511.025816
287921.215771
287996.845958
287811.117263
287908.26197
288023.284584
288096.598662
288220.505047
288305.553264
288414.945385
288510.251497
288595.706954
288716.959736
289088.071604
288910.572717
288992.201313
289437.978776
289492.569574
289600.918176
289386.908661
289496.457433
289882.460163
289689.468822
290062.426025
289892.84785
290029.127854
290411.358364
290477.689269
290614.506401
290674.804611
290535.881543
290877.385669
290993.405894
290798.349959
291177.917592
290969.739957
291097.69074
291506.683884
291323.143284
291402.251443
291799.422723
291922.048015
291997.149017
292089.996419
291914.823913
292283.54279
292104.643409
292481.242865
292582.954262
292395.715811
292784.350302
292583.980029
292741.266834
293081.577154
292870.522742
293002.413226
293419.740579
293500.495048
293307.343159
293402.717529
293810.970934
293909.387564
293684.891991
293776.098586
293889.576962
294271.894172
294429.400259
294175.284758
294298.553747
294398.441648
294531.462405
294935.867098
294686.48252
294820.136868
294889.808132
294977.514163
295399.958923
295176.627115
295302.245417
295406.201029
295814.903916
295881.556126
295693.663686
295792.416916
296208.592837
295985.254827
296115.043634
296210.712093
296290.231081
296439.01286
296767.899064
296895.450045
296717.982264
297073.528096
296893.741918
297316.094116
297085.221099
297189.64813
297284.037167
297676.035517
297504.705969
297606.799742
297991.895789
297775.375563
297885.417428
297987.804138
298094.59321
298222.31317
298605.103558
298405.949331
298531.703571
298574.711092
298701.657573
298809.076582
298919.230598
298961.671753
299093.632966
299191.188026
299584.752466
299383.676447
299512.738927
299887.984372
299996.84334
300089.513791
300188.209802
300315.214889
300403.257971
300169.366869
300629.921981
300381.89935
300468.306817
300589.588956
300981.517276
301072.24372
300900.720953
301293.804701
301080.040111
301477.303218
301609.827163
301389.815177
301501.663487
301891.354507
301980.691549
302106.708849
301891.812031
302295.621091
302416.090765
302480.428661
302330.635858
302692.819071
302490.283765
302609.341583
302710.053443
302828.356787
303226.79706
303288.574971
303107.784643
303210.078346
303298.144906
303435.768278
303788.111014
303604.917168
304005.187908
303822.243691
304190.057536
304020.412974
304410.848031
304228.568876
304306.146077
304726.501394
304517.562286
304926.265356
304700.225873
305103.050029
304899.958258
305006.764948
305101.329085
305215.637863
305283.003084
305401.856746
305507.027122
305590.085463
305978.230068
306083.195125
306242.773552
305997.665038
306109.584981
306509.072648
306608.658053
306709.072673
306798.345483
306623.677058
306997.552209
306793.916308
307207.581233
307267.120415
307128.635462
307219.123437
307303.177756
307684.166712
307779.321227
307557.417596
308024.307478
307791.42329
308187.974147
307994.90458
308430.423944
308218.704509
308284.309416
308696.708326
308803.475029
308631.363852
308982.981769
309108.094722
309210.952729
309012.724085
309081.264413
309221.592336
309327.206555
309416.608145
309510.417124
309897.582311
309693.265729
310120.876236
310213.114626
310015.593002
310406.249096
310497.484226
310310.126154
310393.713936
310788.302044
310906.113826
310674.192698
311093.534396
310885.921256
311327.261852
311387.328975
311205.396806
311620.427388
311712.24805
311786.465488
311579.249968
312042.679593
312083.476667
312203.245373
312020.645785
312090.700009
312209.752488
312589.661129
312667.98072
312499.41979
312889.925737
312989.084917
313086.107567
312915.645754
313321.329869
313402.311243
313184.688189
313291.2993
313377.538623
313817.135837
313932.314186
313713.263565
313864.75347
313889.959818
314283.945532
314424.068758
314200.86813
314294.2864
314714.003717
314791.268783
314607.45504
314703.226274
315076.628929
314908.972546
314984.175299
315092.737842
315207.016187
315607.752126
315420.494152
315797.451736
315913.209477
316015.497318
315810.864522
316197.608148
316301.928713
316110.486537
316511.722685
316608.951989
316699.903517
316509.873966
316884.47271
316687.281705
316824.313082
317180.502722
317298.416247
317067.353218
317529.215311
317304.618816
317693.63348
317509.023719
317887.128974
317699.905636
317778.677442
317924.873577
318306.749937
318100.642564
318180.38658
318294.215646
318432.612326
318498.914041
318596.894189
318705.66477
318786.641045
319205.028121
318972.492491
319080.953424
319177.692463
319294.011227
319692.814465
319488.328199
319882.360734
320012.959462
319796.476407
319876.301552
320000.070801
320096.61496
320469.830468
320325.284944
320398.691604
320529.73885
320923.820006
320980.992043
320802.790539
320853.716332
321324.474925
321385.391062
321212.898534
321321.186191
321413.542162
321796.340847
321588.91835
321701.169781
321776.106945
321921.90128
322329.697226
322113.472983
322499.375851
322297.852483
322684.064381
322526.869703
322601.778326
322704.70199
323065.082976
322893.946341
323319.957723
323102.637657
323242.62845
323582.037659
323698.426296
323462.890984
323883.543719
323682.460571
324081.852987
323895.557226
324282.271663
324417.888048
324222.997093
324572.169131
324721.503175
324505.117036
324898.276625
324703.812053
324820.159773
325217.346543
325324.856343
325428.364515
325191.379256
325549.018256
325413.423363
325772.784268
325596.717357
325697.887988
325816.270398
325902.953952
325996.946296
326103.762472
326506.83983
326306.012126
326412.12511
326484.870755
326596.5739
326678.069139
327086.017472
327217.540067
327002.366371
327396.853535
327510.091744
327577.825529
327396.737651
327820.209267
327907.294378
327712.132184
327813.148996
327894.598919
327990.959634
328076.102638
328168.499477
328621.143392
328698.553078
328470.047824
328934.315265
328674.739128
328814.014212
329244.327947
329000.857445
329104.116016
329228.022644
329303.652016
329388.518298
329463.530737
329616.653611
330018.634018
330081.174699
330187.056374
330281.637816
330113.299738
330206.514344
330631.529778
330710.327875
330814.499181
330888.549469
331007.009001
330801.276053
330895.66286
331018.439862
331118.437386
331182.036139
331265.989387
331720.286168
331479.299189
331836.767917
331689.911509
331801.519408
332178.789617
332302.573201
332122.417357
332506.272464
332267.880605
332724.295869
332816.773853
332606.306774
332724.227275
333085.380305
333262.693184
332974.057956
333117.611063
333199.410248
333335.151676
333715.167309
333521.06479
333917.216079
334013.979257
334115.495088
333923.06
334026.264381
334087.524167
334484.169696
334295.608484
334414.573032
334487.455765
334597.722093
334687.761031
334790.036664
335184.02309
335308.269486
335119.359449
335192.305946
335338.926716
335379.39883
335542.788332
335917.876853
335988.645708
336070.7962
335897.071512
335988.581751
336089.147892
336533.41511
336607.028182
336760.252768
336784.073773
336880.896531
336961.27989
337111.450067
336917.64038
337289.165942
337030.090641
337201.817559
337304.10355
337405.853986
337786.988575
337607.186544
337713.301918
338092.481849
338182.461943
337994.866186
338105.426828
338194.605619
338606.246487
338390.873973
338500.705089
338596.904659
338990.566494
339113.942316
339224.002363
339302.996003
339055.61125
339196.314525
339303.102957
339701.658605
339820.630765
339565.822789
340003.644742
339820.944808
339886.282584
340326.741162
340381.655061
340195.205351
340578.635592
340730.443624
340502.973777
340879.264191
340721.94629
340796.413395
340897.038975
341009.173852
341117.734141
341212.835548
341282.348863
341412.614886
341493.378441
341601.284592
341713.052137
341786.429295
341907.24973
342005.450308
342414.752095
342204.584155
342606.243927
342740.274885
342489.75378
342605.207386
342712.442929
342805.50546
343174.022211
342964.368392
343115.795573
343197.484044
343640.485898
343387.621434
343796.702835
343630.397701
343744.920324
343774.15015
343883.691494
344287.521585
344408.439278
344229.088773
344590.124277
344694.25731
344516.405116
344908.995543
344696.750954
345122.97271
344927.966161
345031.17457
345404.998347
345184.002625
345304.272262
345675.786944
345537.592708
345608.303516
345672.684699
345851.170118
345908.21685
346287.020398
346412.639065
346204.304596
346318.047481
346690.803275
346811.394996
346605.674937
346974.085453
347094.637623
347232.543717
347287.330178
347364.79411
347463.610602
347275.602726
347413.869672
347488.67649
347605.594988
347964.516879
347816.883746
347897.555618
347978.599014
348128.040822
348220.192703
348312.114755
348705.539975
348787.976639
348597.254046
348983.088056
348790.686846
348904.285338
348999.1659
349369.734308
349515.815296
349327.374605
349398.512232
349814.93918
349582.415264
349979.263231
349851.716408
349919.734727
350255.784718
350111.606627
350191.578474
350583.793946
350380.635296
350506.711001
350586.152409
