699.598997319
798.452155905
873.88515273
1332.72340616
1385.12624816
1216.24433982
1586.33200254
1400.67658606
1481.74252518
1900.77649813
1972.08977251
2136.54111235
2196.13023985
2010.08890534
2402.45634104
2208.17796142
2301.82699886
2705.51978412
2804.31050598
2626.49570595
3012.14327916
2811.37299714
3205.23424774
3324.69445527
3086.5787182
3234.01375485
3316.96504049
3386.54667715
3488.30508987
3870.78829373
3995.54061662
4108.75233777
4184.13350106
4316.5523429
4115.60739016
4220.97035116
4302.91757679
4392.23692046
4790.78874055
4616.41653025
4675.5348969
4796.63291709
4892.81173392
4975.45470086
5101.25227441
5204.9070846
5605.70439086
5679.36556549
5811.69853364
5893.63522481
5713.14982062
5788.86691675
5899.47763513
6318.99221561
6117.28340309
6199.7546023
6614.21498604
6722.31537219
6487.4292302
6647.09355502
6704.51816877
6785.51713707
6897.66250342
7014.66694318
7121.27248847
7185.83748601
7313.27588594
7406.56521559
7479.04501439
7598.25130715
7692.61439708
7801.1553749
7891.7714832
8000.66969562
8081.21600294
8193.74610443
8307.52951422
8422.47521566
8806.07171714
8862.58107091
8688.26790678
8809.35782516
9166.1345094
8988.49803086
9429.01207762
9220.55454603
9591.93991056
9694.34057959
9780.08445872
9583.90384125
9716.22923291
10109.4487306
9907.25324385
10282.9474922
10452.6220958
10478.0345438
10310.9439089
10378.2835513
10777.0058192
10621.3830506
10708.1498502
11082.0263831
11197.0595072
11294.1221313
11398.6421462
11209.4837584
11309.1438057
11429.5373588
11505.0261094
11901.7439956
12015.08822
11780.4263073
11905.2828443
11995.9798973
12118.3372692
12523.5561561
12309.7215174
12393.2837703
12778.4409186
12580.4845532
12736.3297928
13104.6623835
12898.0027833
13305.8397476
13105.7588847
13502.1593991
13308.5655058
13423.5308473
13781.578817
13899.5346891
13976.9340472
13810.532614
13874.7966249
14015.6636973
14100.2812291
14206.2957233
14608.9507556
14392.1267831
14498.7403613
14914.7245934
14691.4787553
15132.4198817
14914.9422894
14999.9955044
15104.8110437
15227.3722361
15281.7495219
15419.8247602
15819.4503822
15900.1756546
15680.1571311
15790.4782095
15888.2955237
15999.6066349
16091.1537696
16513.4489014
16305.7724943
16401.2961104
16511.7849481
16594.9999195
17008.3704394
16803.0997589
16917.6341539
17001.0479426
17093.1622459
17499.4588871
17611.4828
17425.8232194
17470.2940004
17613.3538612
17707.8121194
17798.8927267
17897.6618198
18006.9228903
18389.6502173
18484.5231366
18268.3893563
18424.0981816
18496.4408282
18898.9338363
19000.8921392
18830.5820406
19267.9294903
18970.1104389
19100.9622203
19491.7778569
19305.6775653
19430.2644482
19516.9284217
19628.2420274
19708.2901138
20103.4712817
19897.2155461
20310.3588773
20385.1203834
20194.065825
20311.4857063
20401.1382134
20492.8569243
20611.9805604
