704.08607297
816.628563547
902.374706813
1006.02080737
1146.24937499
1173.40181183
1564.64215502
1412.65305888
1785.75964615
1605.43692409
1991.29888901
2095.40425782
1931.70221461
2036.26369763
2383.14433995
2175.04981329
2283.60187629
2422.73571121
2806.75497222
2906.15384494
3009.02817179
3116.92149604
2869.15680313
3285.53387617
3078.95992874
3489.29714811
3325.77229315
3385.28021507
3486.92125318
3593.84958154
3686.03253421
4109.18557529
3867.14000966
4295.39709571
4116.17103868
4197.48319104
4638.7685736
4399.41903986
4503.64428208
4907.0237123
4713.44981476
4819.35220853
4891.6736367
5044.34218672
5397.37411303
5194.02691548
5622.83158276
5691.86665905
5491.92239918
5611.10757986
5988.39507939
5771.68476918
5878.30357473
5985.21564249
6398.61496133
6498.0528189
6603.84346713
6416.85820183
6807.66898266
6900.08470348
6702.88325018
7099.72372509
6901.28084202
7300.60366733
7386.93716223
7195.67492847
7335.27112955
7396.50665519
7809.79780576
7613.64688699
7696.40510884
7824.03980742
7922.33402921
8009.21099663
8103.20346836
8512.99490514
8613.63494767
8716.31461225
8526.33567998
8905.16866936
8698.05216507
9121.57315338
9206.11221523
9324.52723645
9150.90012084
9162.20055482
9261.70672218
9637.1959814
9504.84736863
9914.562223
9987.59537222
10122.4944027
9904.4411102
10322.1871608
10394.3464256
10480.3557507
10625.1616062
10402.2446974
10788.0966988
10596.8098867
10978.5037943
10788.2449658
11129.9705979
11261.1998917
11095.6812251
11489.1102462
11279.5756809
11387.8702888
11503.2912831
11912.6645629
12018.6284673
12085.703818
11902.6468026
11994.3145837
12078.8023253
12509.9933888
12285.6259098
12406.0161687
12482.4155379
12599.9928671
12693.6524734
13050.9596535
13209.6957436
13016.0643994
13120.7613406
13508.6655665
13571.7072531
13392.5368198
13501.2786131
13897.577674
13977.700761
14112.4177273
14180.9852921
14015.6720053
14082.8642426
14488.0995667
14297.6594338
14391.3511283
14506.3527989
14601.2724702
15018.9506455
14839.6920466
14895.7997977
15318.2332103
15410.3554822
15210.4356721
15599.9515723
15695.9727487
15478.7851668
15931.3037264
15711.9013132
15784.1421185
15882.7208125
15999.6344693
16438.0709253
16220.1616786
16604.0927669
16396.5608266
16507.2953101
16917.2864377
16995.1298673
17084.3300254
16932.3856615
17040.5190187
17121.6824002
17520.4700907
17301.5232776
17420.5826689
17496.8579237
17601.1650091
17699.2421471
17792.0152301
18210.8077731
18327.844813
18056.9546305
18214.4590568
18318.8883634
18668.4713934
18479.2389562
18896.4161585
18955.9277914
18848.6543664
18931.1600613
18989.9784203
19097.0833888
19220.3314426
19313.0181257
19404.8908197
19481.4381657
19895.902446
19715.9298087
19811.1529504
20192.3637397
20284.6410861
20145.6835271
20477.1756792
20304.6755677
20706.6868546
20795.7793211
20656.3434445
21022.1719662
21138.4664845
20907.8516957
21031.8724231
21096.7801213
21209.8322471
21294.5596409
21391.8380896
21509.8488308
21608.0859379
22024.943177
22107.5687178
21888.0533138
22282.1031022
22111.2163576
22209.4646199
22295.760531
22399.7284157
22773.9664243
22897.9553592
23001.6651709
22805.3619547
22902.0775411
22994.3596032
23069.0176325
23218.4818228
23316.2624599
23708.169141
23492.8781798
23886.3556302
23705.5295258
23775.5128753
24208.2386668
24022.6819541
24063.8889909
24216.2590864
24306.81151
24686.4042874
24492.1432185
24601.0817485
24998.1373176
24795.9774086
24880.9762341
25019.8600916
25387.6972216
25187.9104263
25315.0703872
25406.0850348
25518.7201084
25905.7451812
25739.626992
25808.3881614
25886.6760601
26006.1152211
26132.2746246
26512.1128556
26263.411907
26387.1280296
26829.907208
26845.7033082
27027.2533388
27098.8160669
26891.9050085
27033.1684438
27119.1901577
27195.4271442
27298.0160924
27710.2890695
27496.9281095
27887.6647382
27684.322415
27834.3189607
27892.876661
27977.6179826
28413.183405
28526.6242999
28302.32251
28410.7279877
28497.2603666
28634.5076532
28699.6062395
28774.521172
29210.1253689
29257.4186262
29087.5572195
29474.1723531
29296.6764051
29715.6288078
29495.3075185
29633.1922035
29697.2428196
29824.4613499
29901.9537678
30304.9987134
30110.7897518
30494.2715467
30297.020512
30684.9366217
30498.9943412
30905.4809134
30697.7138356
30806.1239981
30912.5037602
31276.0248539
31107.6234348
31452.405017
31265.8469521
31413.4846258
31475.8387947
31598.2128038
31717.2690714
31800.7678112
31930.1135918
31991.728304
32100.353885
32200.2595277
32297.6481992
32717.8616349
32502.9443017
32609.1433012
32743.2880684
32775.3826741
32891.582077
33308.475878
33131.6619557
33229.3527762
33576.6019076
33384.2578082
33829.4096213
33604.6130757
33977.3541682
33824.1845029
33889.2306764
34292.58785
34108.0503442
34192.3756954
34296.3411425
34404.2806628
34768.5113823
34595.1575153
34956.4928068
35086.8702532
35201.8300875
35264.6718868
35392.8152875
35520.2067881
35604.6776069
35683.0115104
35493.3980877
35590.2744474
35701.2650913
35817.5295277
35913.2193623
36003.1628299
36393.8767512
36521.7030685
36300.0985741
36415.842002
36492.9717057
36582.9497383
36978.0565749
36802.7495337
36902.3672504
37004.9279135
37384.0710737
37215.4514819
37588.9811975
37402.0448486
37547.8550368
37914.4521828
38033.7277829
38137.9722342
38198.3066766
38300.9161881
38403.0521696
38185.4907414
38345.3344005
38433.6824015
38824.1759231
38581.8318917
38962.7627041
38825.8455959
39210.8116052
39007.1794413
39119.775459
39497.8163465
39319.83281
39410.0254843
39483.9406935
39908.4886203
39970.9319902
40092.6468871
40216.0544865
39981.9428698
40123.456336
40193.3608545
40298.5253236
40391.6078115
40817.612698
40899.8629441
40676.2276207
40783.2263709
40896.9918365
41013.583287
41107.8592417
41519.0664056
41650.8203868
41705.6517791
41500.6530644
41922.9106224
41708.3440349
41799.3123101
41914.7666643
41998.365916
42101.4264985
42199.6283672
42320.1089791
42397.5300482
42497.8884818
42596.0440247
42974.0611177
43114.5744967
42929.6282287
43269.0993558
43415.497888
43512.459685
43605.3919496
43703.2327843
43770.6255711
43598.7879977
43723.1440136
43813.7803305
43931.5562711
44311.7300728
44096.0163301
44218.654576
44619.8965545
44354.4891161
44497.8359076
44603.0315499
44705.434342
44772.8294768
45185.8137165
45013.6554114
45118.1171431
45233.6346635
45587.2890267
45669.9283365
45484.1116337
45631.4319748
45684.893107
45804.0402689
45884.8417405
45993.3898915
46392.3634086
46480.6695639
46275.1937874
46407.7045743
46496.7814103
46923.2729056
46706.8322701
46807.6531001
47191.0169828
47010.6360741
47402.1779248
47510.4853645
47612.7692801
47686.5944471
47801.4449087
47620.1976206
47683.4047255
47813.3678031
47890.9267674
48309.2159947
48421.0087736
48183.1812643
48311.9480875
48710.5026936
48474.4366197
48612.560745
49017.81499
49119.6507098
48895.8383045
49002.1955881
49402.6474706
49221.1648701
49639.9914465
49684.2496329
49500.665692
49859.2267306
49713.1272314
50104.3629243
49902.7111874
49975.6473507
50079.1740744
50488.8723804
50293.5377726
50674.6566139
50507.9493445
50582.1653551
50993.0600556
50784.5911668
50889.4949817
51270.1626866
51415.6246571
51214.7917453
51590.5230756
51740.7772534
51523.6389212
51581.9208281
51964.015634
51820.3649241
51907.1418022
52284.9117619
52406.0782199
52181.9268029
52315.3975649
52395.5447862
52803.3891295
52577.4788173
52710.3034537
53125.9087234
52873.0899434
52997.5112554
53120.5249688
53490.2541672
53337.9347438
53682.6490251
53510.2199071
53609.1720083
53988.9298192
53812.5910292
54213.1488102
54266.0806885
54099.0321801
54179.4866976
54621.8588985
54689.4170518
54505.3177626
54645.3860608
54666.5337515
54785.5788944
54902.4252254
55038.293225
55129.9257669
55193.8453385
55603.4241738
55422.5502676
55503.6499375
55587.7821519
55734.1507897
55808.8809426
55886.4516505
56286.060397
56064.4560151
56500.4566348
56285.5422335
56716.9115707
56807.5485077
56600.0221408
56676.4481029
57128.1704993
57177.1451431
57018.5324422
57086.2430641
57200.2272938
57606.5082658
57397.9587928
57491.0483666
57633.3478381
57688.6660393
57782.915196
57919.8063442
58306.0149526
58080.4251515
58507.0519791
58625.8122972
58736.4036847
58524.7909909
58926.3077717
58726.9618613
59096.3819559
58882.8655212
58987.4226323
59125.7088566
59200.4672314
59315.3747777
59407.4092905
59504.5644174
59860.8954842
59956.8480235
59783.2476804
59917.5118175
60290.990641
60405.4190719
60220.8843898
60321.794475
60394.730833
60495.7832697
60592.9723243
60988.0050978
60792.6341562
60905.4236278
61329.6388476
61089.0129117
61217.6998898
61607.4111339
61713.6954228
61527.7074222
61583.7570839
61697.9031878
62074.3523757
62175.3355364
62004.5129091
62132.0220067
62483.6024407
62303.2598117
62402.511955
62507.7572383
62924.5363137
62726.625366
62831.2691372
62911.0255675
63025.8400807
63095.3704765
63506.8632798
63589.8994371
63396.2096056
63536.6695659
63904.9004698
63704.6454599
63782.5843598
63894.9848877
64288.9050267
64359.1003756
64492.7735593
64292.3395881
64375.1622144
64527.6933205
64590.5424557
64991.9638861
65096.5775114
64895.6221077
65025.2556629
65072.5864256
65504.3969708
65628.6888231
65393.7941891
65797.3103838
65576.8021783
65994.6421274
65808.7026465
65886.4064414
66014.5945667
66098.0106332
66209.9596838
66275.4401846
66427.5173
66793.1049169
66913.8693159
66723.4057093
66782.5514723
66886.5230937
67018.4245455
67382.6193961
67232.2530436
67615.6853839
67438.2789782
67820.0262893
67879.7555531
67975.4118633
68082.8963283
67890.9193658
68024.3070292
68401.8541166
68223.1067741
68296.5843079
68405.1311079
68466.9458939
68597.8455275
68704.6606763
68813.5588564
69226.4450755
68990.7659449
69362.444231
69461.2652181
69303.2629501
69679.9157387
69507.9874033
69605.9349172
69700.3465549
70104.4031831
69913.1271927
69992.818843
70410.5057711
70220.9602859
70604.3745426
70455.5972234
70821.6408153
70898.6156544
71005.5242524
70829.7498296
70908.3879423
70975.7229536
71415.8826283
71239.3279227
71300.8380139
71682.5112436
71514.494871
71604.9278551
71687.5255172
71832.9742414
72197.2815029
72007.4614503
72435.2501844
72237.2228912
72300.5481441
72700.6921912
72772.1379111
72895.3962123
72983.1151029
72798.002328
72869.005049
73280.1322078
73075.4458319
73198.95809
73574.6504026
73407.4008639
73519.7598792
73581.4251418
73701.8778885
73803.936598
73907.2034737
74013.9231971
74391.7490142
74504.0357302
74284.1367081
74400.0039138
74499.5173916
74612.6068671
74993.9360746
74799.6716956
75193.239147
74991.9121847
75099.7326715
75179.4031723
75626.9303435
75398.9365874
75828.70859
75608.4063435
75970.1497685
76094.548201
75935.1506183
76022.2006885
76395.4231862
76218.4113556
76315.7683411
76685.4455204
76518.772168
76617.2520154
76984.3160779
77103.8928907
77217.9868147
77280.1718567
77108.1673686
77505.3775938
77624.6563642
77713.7170116
77456.4085562
77622.7100941
77713.0110186
77830.744411
78207.6364292
78299.6057658
78074.724353
78201.1361387
78290.3284924
78685.9428347
78467.1463586
78625.2651111
79001.921259
78827.3901199
78904.7726936
78997.4038208
79088.5140443
79203.5888804
79283.507023
79387.4656184
79773.183511
79614.3612411
79687.6602916
80088.0445772
79923.3009311
80013.6012068
80422.0368621
80166.891254
80584.4219054
80666.8989481
80812.7689829
80919.9850521
80678.3594252
80821.4183169
81185.9255545
81322.9021529
81396.6340291
81493.0103789
81271.6251758
81422.0728592
81511.7590647
81925.9741057
81746.246448
81789.1543231
81895.6641583
82003.0606944
82392.0987047
82200.0806197
82588.4373874
82694.234835
82826.8095855
82609.5085733
82718.5788228
82797.1238532
82912.1468257
83006.4554103
83107.3018842
83188.3599134
83567.7436819
83696.3017791
83520.2820825
83590.7623161
84009.5246313
84128.7465252
84228.2094192
84324.4058687
84385.1906304
84515.8762329
84282.233835
84719.0347704
84798.2548854
84577.6785185
84704.6902732
85081.866778
84945.5701288
85002.141629
85114.9181303
85200.2547307
85325.7934513
85698.20595
85506.6657233
85916.2893454
85731.7435634
86072.5387433
86186.5659307
86000.0146311
86110.268275
86205.3325267
86612.043819
86711.4621795
86781.4290259
86891.5135276
86698.5577299
86827.1231572
87192.2822912
86986.3979398
87410.4271724
87517.8869151
87294.349872
87698.7442406
87493.2797316
87584.9872174
87712.1305842
87796.4941847
87892.2945409
88006.2558878
88405.66389
88208.9445486
88293.5622381
88682.186317
88479.4047841
88600.156784
88703.2122984
88792.4412373
89199.8476673
88996.5893319
89382.7082254
89473.3217505
89283.9103088
89689.4647937
89510.8163754
89628.1490271
89703.3976534
89769.1701447
90197.0321692
90286.5956459
90092.4136864
90205.5175961
90292.014499
90405.1748873
90483.4174324
90903.798184
90701.1483933
91100.2962251
90877.2910873
91029.7681083
91095.3655427
91493.9346036
91302.61524
91394.8859025
91816.7111828
91599.256024
91702.9015315
92137.4244622
91912.5824966
91982.8132882
92106.7398917
92500.5678839
92332.2239961
92417.0710621
92463.9982923
92894.5034524
93016.3677027
92810.941522
93211.5511925
93363.3084566
93384.015219
93470.3231564
93617.9650556
93395.7784059
93808.3276265
93603.5118038
93966.7311556
93765.61817
93933.0252448
93986.2182483
94113.8512079
94241.3681629
94602.9426655
94712.1560031
94810.5635449
94602.2669997
94992.4069843
95075.1519851
94898.2708541
94978.5268689
95108.3237421
95194.7162783
95292.0393948
95425.971188
95515.6226195
95591.4447021
95996.6505153
96073.3488473
95862.2851635
96024.0229942
96098.9680929
96216.7725967
96328.3603073
96676.1975706
96821.3707704
96895.1415665
96984.9182719
97148.6076395
96871.6407728
97287.8962649
97425.6423705
97190.3415397
97296.6594847
97673.6792872
97833.1546572
97912.0053572
97696.3070937
97799.3846943
97916.5139529
98278.9725438
98421.9763603
98503.2878845
98609.5612607
98383.4405499
98811.3731211
98607.1128589
98695.8961496
98808.5914866
98912.1592848
99252.9394345
99106.6575312
99515.3159612
99307.1304381
99697.3346602
99531.0152602
99609.1671175
99729.594466
100097.548803
100193.100816
100015.742884
100121.114448
100507.327981
100302.742654
100429.177263
100793.309431
100558.339824
100713.455488
100815.139597
100886.383232
101307.359129
101066.393058
101527.661371
101584.964381
101374.516067
101781.017701
101600.985879
101989.768571
101827.107779
102173.275587
102020.486296
102381.981626
102201.091072
102578.249738
102386.536184
102506.615725
102631.883347
102726.1281
102807.241824
102908.712197
102990.241164
103411.385635
103158.904124
103276.233423
103708.521187
103822.317732
103590.677595
103684.79155
103770.611813
103873.244363
104020.997928
104118.516971
104194.136371
104589.319647
104397.368879
104496.172122
104883.776081
104688.353283
105114.14326
104884.566206
104984.724386
105420.226552
105493.268616
105312.030809
105421.178471
105518.534434
105580.852244
105717.538983
105786.876441
105909.907232
106325.434214
106103.04129
106221.875781
106295.117887
106713.904648
106469.113812
106913.760969
107014.367608
107103.844742
107173.591074
107301.637984
107116.560169
107485.317012
107279.306208
107372.704919
107826.343685
107596.495869
108025.224818
108089.4981
108198.41941
107990.494387
108369.847536
108219.651053
108296.551176
108383.864105
108500.04023
108900.800511
108687.535238
109108.136162
109197.31656
109285.0054
109095.133118
109212.604063
109586.23253
109376.894365
109486.316285
109918.306991
109681.055395
110127.529306
110213.435915
109997.278658
110070.474049
110208.118312
110603.990065
110389.524294
110785.654865
110916.006746
110715.487132
110835.319626
110911.481023
110998.505438
111053.211001
111462.783018
111577.366401
111414.896343
111803.43805
111616.155384
112013.422416
111790.486527
112207.366762
111970.402223
112100.26842
112174.883786
112339.575899
112721.271489
112785.22768
112579.032451
112686.456502
112798.238545
112931.64925
113023.444206
113399.976013
113175.357868
113613.599331
113740.466909
113502.716668
113591.703612
113705.701056
113813.6655
114194.181549
114014.827029
114106.101361
114503.295076
114296.187948
114712.55505
114492.270809
114609.108435
114731.007913
115072.869941
114934.385339
114992.300501
115386.168636
115185.882384
115607.109112
115423.621786
115799.00731
115577.720184
116046.821151
115800.638286
115935.961709
116282.698336
116081.731692
116166.5889
116610.117968
116671.559453
116810.474769
116596.283053
116736.472033
117072.118593
116894.847177
117295.421377
117382.042348
117183.109075
117296.538694
117398.476855
117473.382688
117898.323833
117713.022557
118067.989871
118218.140632
118260.622091
118376.531194
118493.391405
118277.545903
118440.325625
118499.154233
118924.008355
118662.462078
118789.918253
119185.755661
118981.768176
119411.598174
119181.413834
119607.38015
119409.011114
119808.515302
119862.087241
120013.828003
120114.961297
119899.592227
120300.569325
120089.745964
120524.816615
120612.688895
120431.234509
120484.936911
120616.383528
121028.188912
121137.54386
120912.579
121013.551317
121407.049897
121178.983327
121308.643609
121400.569923
121501.904735
121584.707413
122038.36112
121795.812473
122233.009837
122269.338064
122102.157375
122519.678718
122326.972526
122383.221159
122502.897857
122614.250192
122994.528002
123085.016696
123208.913363
122982.744334
123120.444398
123191.527806
123612.475507
123397.960568
123522.750414
123866.0659
123723.01694
123796.00745
123895.698715
124306.206384
124071.989307
124199.369855
124612.298533
124680.701952
124534.170144
124591.949335
124730.064452
124798.086435
124922.394416
125009.270858
125092.383777
125191.282269
125303.761129
125394.99285
125804.479198
125570.205132
125706.09801
126120.84199
125883.596023
126010.063848
126091.423491
126559.367612
126626.710308
126686.555021
126792.227556
126866.375226
126987.262312
127121.781309
126894.599912
127348.257956
127104.900645
127162.078223
127288.352107
127665.978814
127794.875532
127599.117147
127700.714901
128099.365383
128155.804918
128286.241075
128426.082961
128209.385005
128600.618631
128390.797361
128513.631091
128883.328544
129023.414397
128793.28883
128885.809581
129032.687536
129070.679868
129499.48625
129303.762928
129363.327737
129489.460072
129898.121542
129733.041469
130098.453245
129908.944672
130306.761853
130086.723073
130181.100131
130576.979225
130669.622072
130516.260545
130586.543474
130714.282109
131081.322396
131222.293933
131318.302015
131380.861511
131225.348569
131643.269287
131406.528072
131517.280993
131581.205098
132022.467374
132126.218695
132203.913599
131992.926291
132389.755655
132175.804431
132584.515941
132382.739765
132517.896396
132860.925331
132972.433929
132818.193502
133240.741778
132996.355845
133098.276596
133493.602638
133562.347792
133420.912944
133792.214417
133911.39319
133690.160837
133791.20621
133873.433909
134331.946321
134418.65893
134503.477891
134622.636445
134395.680577
134507.035637
134607.819001
134692.93709
135095.799831
134908.133737
135005.373845
135078.826354
135187.978301
135304.231524
135396.63663
135807.094876
135595.888753
135997.555281
136087.171636
136216.59584
136048.749939
136369.964357
136484.839254
136324.11876
136703.17081
136499.849979
136905.429224
136733.724209
136778.633202
137206.370844
137025.846083
137091.709855
137207.39885
137584.646497
137390.358487
137545.565472
137593.498514
137724.747868
137801.718837
137924.509393
137988.515038
138103.222061
138196.581282
138610.377014
138687.96506
138775.652899
138926.937916
138991.651151
138775.675976
138870.140921
139303.184495
139404.169677
139508.586974
139615.79839
139374.536527
139487.870155
139606.253256
140018.181556
140081.626834
140201.962711
140007.818882
140389.25024
140502.430301
140597.795371
140669.590783
140761.904816
140599.354265
140692.139246
140781.872786
140905.740045
140984.744458
141393.230617
141543.910704
141302.29081
141415.322974
141491.569454
141565.952327
141715.589903
142130.809208
141923.923391
141997.854541
142399.673363
142491.02712
142296.993462
142410.072766
142494.372255
142615.729813
142696.74637
143032.301227
142888.055071
143333.0232
143386.381737
143193.45984
143578.932213
143729.019146
143786.995488
143633.653505
144013.136131
144077.606186
143880.590046
143995.799069
144109.779174
144190.397468
144588.220193
144394.362232
144526.505688
144595.382481
144969.542279
145081.652897
144876.142453
145271.922354
145108.377758
145497.350507
145306.874993
145689.101818
145782.411321
145907.204479
146000.416223
145812.159967
146172.349029
146274.175738
146400.926794
146508.772257
146605.601755
146402.788947
146497.235513
146596.980204
146656.662054
146780.653673
147200.247654
147011.917914
147384.577427
147447.121691
147302.056521
147732.791919
147452.066826
147597.226962
147690.070452
147795.245161
147882.548794
148277.195282
148093.981572
148201.535368
148618.789342
148386.975934
148797.771294
148899.020006
149001.50917
148781.938684
149208.800087
149323.621949
149117.806989
149185.559181
149608.550519
149410.125739
149495.783487
149589.904141
149979.022843
149792.955714
149919.585278
150340.643379
150365.508623
150514.095341
150607.01511
150393.931938
150491.177757
150887.689186
150996.26427
150831.206489
150913.860758
151005.534228
151126.757614
151217.542119
151311.191054
151405.871313
151799.345248
151911.774157
151731.975957
151791.545947
151887.483056
151999.359294
152102.140498
152227.58573
152311.532836
152419.165558
152833.046343
152619.30786
152712.231847
153099.212319
153200.245515
153273.590551
153388.207933
153501.328461
153275.517396
153416.530812
153500.779029
153610.756919
153995.737494
154106.783557
153917.473215
154304.239526
154098.915321
154520.710871
154586.899989
154668.897514
154483.101096
154610.429208
154706.474559
154769.01573
155262.319778
154988.5185
155383.225437
155495.358403
155604.069398
155397.034017
155799.721715
155618.616779
155710.92226
156074.993364
155907.756388
156308.105074
156107.737757
156205.162803
156611.954744
156394.300563
156471.36158
156621.570919
157003.934239
156810.854497
157202.423537
156999.241507
157113.036772
157464.112546
157292.468617
157383.728588
157531.487617
157593.257796
157666.621248
158099.761686
157911.616121
158009.346096
158420.923881
158456.762809
158310.294817
158402.927194
158811.4849
158602.265498
158703.542543
159105.956785
158925.841064
159016.297322
159074.094754
159192.244896
159345.404472
159403.228811
159754.167208
159891.429053
159691.735614
160079.598397
160210.532431
160319.877518
160409.474058
160202.042417
160293.543348
160404.293991
160846.584797
160617.829408
160726.770972
160773.809543
160892.157134
160980.191228
161411.233657
161499.441844
161583.81647
161727.295992
161808.65939
161595.042482
161731.783149
161823.445153
161889.224305
162281.796646
162387.058509
162497.428804
162318.688986
162667.673525
162788.013532
162607.278241
162719.006744
163101.181934
163222.562794
162985.899828
163423.803308
163179.177087
163618.843988
163405.098464
163775.329314
163623.829547
163710.520959
164117.770127
163922.181029
164276.393238
164081.830245
164173.543412
164609.653613
164652.050208
164545.570819
164573.150551
164710.623514
165093.208426
165209.651044
165301.691769
165072.108894
165236.722937
165296.344135
165398.100352
165801.151239
165917.711305
165997.550016
166097.067645
165939.988349
166297.544907
166120.14718
166471.202314
166606.746001
166404.829389
166489.681132
166575.028224
166693.407663
166793.340818
167186.256151
167304.725106
167099.394048
167529.450064
167606.40549
167435.887434
167783.023423
167602.341277
167666.530785
168075.604769
168170.731067
168320.179961
168407.235829
168211.215237
168297.385768
168410.028534
168800.966321
168593.381279
168680.16656
169099.194847
168872.18731
169324.201576
169094.640292
169211.555761
169302.812472
169675.021529
169505.548506
169591.374447
169701.994419
170126.133785
170192.189135
170333.435004
170379.059932
170213.580811
170328.622146
170708.724112
170796.387687
170571.274816
170990.457429
170819.502752
171189.88271
171018.048774
171119.088377
171500.525939
171304.038038
171712.779378
171822.209499
171604.254268
171993.255521
171808.7749
171901.472121
171981.414182
172113.386226
172534.064502
172276.60598
172416.995843
172784.51712
172623.538576
172997.073507
172829.629033
172926.871955
173254.131975
173383.932839
173522.879165
173609.3273
173372.982678
173833.242631
173873.561557
174009.346123
174119.086277
173897.850708
174010.809225
174428.563027
174229.858295
174303.504114
174384.979068
174517.755566
174587.789272
174718.25948
174823.782007
175212.844394
175342.019848
175384.386931
175515.925396
175595.347369
175407.770301
175795.033109
175622.436874
176022.186374
175787.038644
175926.866589
176000.142536
176088.534576
176175.91895
176286.962439
176395.141567
176845.905173
176618.758534
176698.886654
177122.599996
176884.411324
177303.913201
177388.833951
177223.17112
177582.116602
177398.895474
177504.917389
177891.07616
177716.822573
178108.397652
177919.366793
178018.007343
178414.706157
178197.783628
178604.802391
178419.189238
178521.493375
178883.598693
178740.557205
178796.66645
179223.139766
179289.066719
179065.544796
179196.170382
179266.405242
179398.925686
179534.750288
179608.009331
180000.080072
179805.46635
179880.734379
180022.9744
180449.738191
180487.748219
180297.670748
180733.394598
180773.814504
180613.805443
180711.191338
180822.988794
181194.271244
181345.025826
181360.707359
181198.732314
181281.800185
181437.273266
181822.500653
181602.288538
181719.620306
182142.841152
182165.383527
182281.889475
182101.115993
182190.180056
182326.486373
182404.450789
182509.757848
182560.243312
182668.657719
182786.713921
183198.49002
183008.453967
183071.544988
183200.449913
183311.222657
183416.086498
183522.487436
183601.707951
184013.014659
184094.888985
184207.945138
184009.035232
184390.500935
184203.675082
184613.734721
184712.420812
184473.500206
184600.901572
184987.010896
185097.119983
184903.840783
184995.084245
185058.340398
185478.697257
185583.203425
185386.939214
185503.087919
185900.917908
186003.329172
185765.289242
185906.493912
186003.416807
186102.342521
186510.808222
186295.907413
186712.623018
186517.214395
186605.876081
186694.109448
186800.605537
186927.037526
187256.307392
187420.854594
187216.601729
187328.595058
187397.387034
187498.189586
187605.397676
187726.721682
188084.568924
188215.427722
188001.611734
188054.093173
188515.832134
188298.449471
188381.291189
188495.574996
188953.138225
188679.60763
189087.10922
188908.359563
188959.385912
189098.501187
189215.863052
189595.085012
189387.29319
189828.040809
189910.059091
189686.893705
189785.926727
190198.310634
190021.116327
190385.002483
190170.553241
190594.13519
190393.438311
190511.083506
190611.251442
190699.224949
190835.226653
190922.431672
191317.142232
191107.965977
191508.785444
191604.303545
191691.86649
191506.935199
191580.353272
191704.844796
192102.808148
191901.104385
192022.274595
192099.089959
192486.01628
192582.028588
192382.914788
192796.091506
192922.794995
192736.97625
193053.977482
192871.764246
192964.308495
193082.09056
193187.304765
193294.129088
193393.567488
193507.238887
193871.82598
194003.009447
194097.588929
193894.890966
194283.35197
194394.926155
194204.96475
194589.920312
194703.039222
194501.046969
194622.820895
195027.107845
195129.753901
195195.14788
194996.428156
195380.449663
195208.60812
195315.11887
195704.391058
195803.79774
195885.014677
196035.419582
196113.376759
195905.644768
196017.568731
196064.979744
196513.610368
196259.914212
196686.697172
196807.220352
196611.551451
196991.254297
197135.311453
197215.403997
197035.814153
197127.380505
197200.81983
197304.831556
197660.250045
197502.110318
197619.364602
198012.333229
197798.336915
198184.328893
198000.856118
198436.085472
198215.51822
198300.26756
198697.135179
198516.302253
198594.66991
198705.239848
199087.45293
199191.457134
198997.127719
199370.913554
199491.007653
199306.148448
199699.651221
199493.25165
199599.138511
199701.404572
199841.661122
199894.887027
199991.990973
200407.599067
200197.534285
200264.176621
200704.483718
200528.802952
200867.103987
200670.654559
200799.711272
200891.706881
200975.549456
201393.630535
201199.661252
201604.248077
201415.055707
201804.923363
201870.365378
201732.26021
202116.638617
201898.534321
202301.205011
202108.730082
202194.923185
202641.730124
202704.88343
202491.881711
202610.342152
202988.825085
202783.66345
202921.207404
202996.461931
203115.716097
203225.567581
203291.81614
203418.378276
203497.489599
203618.834532
203710.046102
203817.223311
203898.924236
204012.357747
204061.788045
204149.659553
204336.896214
204386.677793
204475.968562
204609.068263
204708.963871
205098.526576
205233.051051
205025.839598
205372.521443
205501.040103
205577.797006
205388.223803
205496.089967
205850.649018
205714.828523
206105.054192
205927.44743
206293.990104
206412.578874
206212.857534
206310.264071
206418.993242
206516.443723
206926.367214
206984.899701
206809.629478
206859.815692
206969.758237
207359.825338
207180.95269
207315.634235
207388.675606
207483.576646
207612.055734
208048.727829
207797.652017
208205.964585
207993.154565
208106.24583
208192.778408
208623.027898
208391.202867
208491.953445
208576.121775
208684.661696
209070.888876
208909.766753
208982.393757
209409.503392
209203.184465
209298.001845
209406.300183
209806.489667
209848.221611
210033.356926
209798.978135
210219.842423
210003.710656
210422.212129
210192.445544
210321.244954
210718.121111
210524.66374
210603.716767
210723.946201
211075.418847
210906.267006
211309.557826
211396.482203
211214.42942
211305.122021
211372.23637
211786.491337
211607.494276
211963.799818
211783.478761
211890.688201
212345.64349
212088.734097
212527.459707
212308.248582
212422.46069
212493.813807
212908.536907
212686.847323
212764.264768
213183.49952
212986.923411
213093.584729
213499.320602
213275.756846
213418.435297
213543.620411
213907.100903
213711.832768
213789.578634
213912.578411
214311.319297
214091.129568
214209.365787
214589.007354
214711.629655
214492.051894
214909.28693
214692.69962
214795.396828
214906.976621
214995.374162
215131.312525
215195.600313
215574.678701
215395.480113
215803.986664
215583.624393
215695.100255
216093.377969
215875.13459
216000.431891
216125.574212
216498.883924
216583.374507
216653.987738
216464.038853
216574.710768
216690.717789
217095.614978
217200.143317
217000.473197
217374.196783
217496.023755
217332.102235
217401.68825
217515.266588
217897.756918
217693.240836
218147.165568
217899.652389
218306.869558
218098.686009
218506.997414
218270.261173
218725.369261
218787.475642
218857.931646
218691.67805
219092.993634
219208.340098
219288.544895
219118.96063
219183.49777
219610.231473
219694.675773
219788.876362
219885.554585
219979.552307
219794.974018
219913.35358
220008.977339
220121.887355
220505.596637
220580.272001
220421.853851
220794.663677
220626.146446
220700.624178
220844.377634
220892.763133
221293.950488
221094.336835
221484.479892
221319.004796
221358.047631
221498.743687
221596.470308
221988.923704
222042.772185
221912.457561
222321.129123
222123.991064
222528.164722
222313.884525
222400.506902
222475.112505
222610.515011
222996.138709
222804.398977
222862.219231
223011.250821
223398.263647
223497.541847
223594.511152
223414.576098
223471.16215
223591.465362
223720.992567
224110.959837
223909.529313
223984.353664
224427.840413
224469.387216
224302.381586
224397.511782
224515.722778
224875.436686
225027.880249
224795.797711
225210.551161
225015.199823
225371.664697
225529.434376
225596.395713
225711.077004
225798.654623
225644.647005
225678.47416
226151.02565
225922.20291
226001.843956
226107.604333
226508.580858
226292.836141
226705.880628
226520.099901
226616.242986
226980.520081
226807.446751
226908.80352
227006.433559
227092.978746
227197.008295
227272.943877
227411.228237
227489.605187
227562.847827
227677.843769
227818.168275
227939.778209
228024.746484
228108.409384
228464.17587
228273.892564
228384.640932
228478.13729
228613.213247
228703.429281
228785.870696
229207.594911
229020.386457
229419.631635
229211.81347
229600.459753
229399.713831
229814.535737
229878.427053
229711.013968
230093.869973
229893.735801
229978.262264
230091.884123
230494.624989
230569.417466
230419.698948
230513.118784
230590.329234
230682.468785
230796.557401
231196.571171
230980.344148
231103.467873
231194.780545
231312.705531
231385.637291
231511.044109
231914.748048
231714.847722
231792.19199
232216.156776
232032.964543
232122.637743
232474.751532
232314.767678
232388.73866
232818.102898
232586.63705
232691.902236
233117.796864
233155.765071
232992.919943
233388.27244
233196.837906
233304.986098
233382.19252
233478.327837
233607.656961
233711.114031
234126.997343
233903.421
234016.024314
234139.252108
234216.453763
234609.748675
234447.640033
234491.698414
234935.938989
234688.884837
234784.570269
235220.669466
234991.971925
235396.111091
235502.682037
235303.631689
235695.577516
235500.306704
235585.560262
235724.051691
236111.632746
235881.078614
235978.709751
236079.19178
236206.655558
236285.798323
236394.82057
236797.528417
236611.121412
237011.212293
236828.097138
236910.856105
236995.888326
237421.985345
237190.177107
237311.352498
237399.749373
237792.457338
237905.154882
237677.818184
238105.196968
237899.651221
238005.843131
238109.820361
238493.538928
238286.041157
238393.576645
238490.910408
238908.072392
239021.609074
238790.86335
238894.560765
238999.204198
239392.519255
239506.336145
239296.237455
239732.55932
239512.254771
239612.831418
239682.025459
240068.646695
239883.019512
240260.483372
240380.684763
240198.785683
240295.325075
240712.503546
240788.151993
240593.501858
240964.44012
240794.773512
240888.491986
241309.609882
241396.229675
241512.489726
241333.382167
241418.815268
241480.719112
241600.643519
241711.220067
242063.010349
242184.539006
242284.278569
242396.042501
242204.424562
242614.161063
242426.290492
242779.74123
242621.369237
242734.147406
242785.935536
242902.983322
242972.6017
243086.894678
243186.948716
243591.188862
243415.581898
243504.987315
243903.831715
243983.773305
243820.005842
244204.791982
244303.878195
244104.226692
244491.936465
244581.007304
244432.978695
244781.14012
244574.30423
245004.929393
244825.177283
244895.905798
245042.551627
245085.320845
245502.714076
245312.069455
245411.594124
245498.300649
245919.460885
245684.664282
245806.671279
245869.725633
246009.898593
246432.661952
246206.373817
246562.026012
246418.897577
246539.756481
246867.976578
246719.576178
247099.020602
247185.326009
247026.571401
247116.288957
247492.482101
247296.233464
247686.272453
247485.846488
247882.070427
247978.062286
248111.460812
247946.727143
248023.007897
248101.9827
248204.666557
248305.671669
248684.555549
248480.52052
248621.69775
248723.006875
249096.130335
249213.440905
249273.848204
249399.45615
249474.187222
249607.449513
249678.983461
249493.133751
249598.584243
249701.813558
250122.389309
250185.279089
249999.613594
250383.134054
250457.104263
250269.450367
250693.084551
250526.484526
250592.935456
250694.433824
250817.813759
251180.892648
250975.170889
251142.700658
251212.765329
251312.933495
251689.992923
251468.802258
251893.122061
252028.03682
251783.911133
251895.002884
252034.947929
252091.95448
252469.79377
252347.488887
252401.840687
252495.018079
252897.944587
252996.819284
252816.094712
252892.549416
253312.661018
253386.060414
253167.86338
253262.112084
253383.329314
253835.528168
253904.167798
253673.381743
253826.597635
253892.041954
254304.728083
254100.217278
254219.315425
254576.332421
254726.833624
254510.315375
254870.132483
255006.501404
254816.652173
254910.63624
255006.898579
255375.505418
255513.151633
255320.515859
255681.424524
255799.265925
255615.658664
255700.226255
256102.320905
255895.800157
255991.360372
256383.520217
256207.110193
256315.414326
256412.031226
256497.793873
256585.475183
257001.631308
256812.136847
257193.948048
257288.222368
257392.986148
257495.909313
257335.658648
257717.188428
257496.20712
257923.665744
257685.999855
257811.882587
258180.886443
258010.788401
258398.714988
258505.051917
258603.810429
258681.929176
258810.670742
258587.182797
258733.920379
259090.059635
259217.595991
259006.021583
259086.210172
259473.347233
259618.064754
259681.996366
259511.94157
259917.751155
259738.01941
260065.748081
260168.191185
259993.143869
260136.188679
260188.918916
260587.344619
260404.622311
260792.40487
260860.371086
261038.205925
260793.566286
260893.139683
261014.700978
261093.363171
261518.409204
261609.213432
261381.798411
261776.237467
261592.456933
261717.13659
261831.204
262217.858716
262303.241883
262097.913999
262507.856013
262575.640461
262371.458134
262490.040217
262618.21866
262729.334016
263106.517496
262901.102746
263017.869142
263109.308382
263193.098603
263312.742302
263410.556391
263495.210137
263608.266406
263674.046343
263801.090658
264188.923779
264022.796528
264103.82833
264208.495238
264329.582683
264373.336404
264482.675514
264595.149028
265004.743607
265078.201524
265193.350031
265017.72247
265393.142135
265462.016987
265312.662834
265396.400414
265475.306969
265915.454738
265730.85824
265787.144263
266201.718517
265996.848996
266121.806607
266174.253635
266621.056769
266415.0351
266781.90163
266551.085301
266711.000576
266807.139544
266899.863562
266956.708685
267113.183683
267457.546758
267621.569425
267395.287127
267499.01999
267907.246751
268036.719315
267817.115328
267862.242599
268281.955477
268366.967334
268231.66347
268616.907435
268389.875984
268482.473017
268899.759876
268709.013094
269066.048108
269207.965182
268995.581076
269419.361511
269219.876853
269625.997859
269411.473887
269513.436552
269602.477921
269982.927814
269770.999558
269912.854256
270299.450665
270089.429488
270559.83308
270619.091654
270376.08722
270829.089621
270607.37064
270704.875068
270824.38754
270901.295867
271027.50191
271386.67088
271195.386138
271646.447354
271391.205888
271832.943472
271580.339889
271696.466776
272087.517043
271923.08393
272337.532739
272393.636696
272535.230253
272595.231198
272688.761401
272816.616051
272924.282685
273006.58376
272807.294107
273218.447725
273014.62272
273099.443648
273189.806062
273325.640422
273710.477575
273560.376988
273611.879519
273988.145772
273838.350745
273933.860005
273997.09721
274435.006051
274192.293128
274292.510699
274392.201772
274774.386529
274582.307132
275028.359045
275092.590709
275157.881504
274994.930304
275416.664076
275538.117947
275579.340899
275720.620488
275796.563086
275630.589424
275989.40517
275816.672236
275930.353608
276006.153445
276106.656992
276201.482927
276566.555056
276422.912664
276496.411885
276611.570033
276702.665371
276802.406764
277214.688162
277287.712649
277082.346655
277220.07652
277278.061173
277386.398823
277506.249422
277630.107484
277690.518668
278092.441193
278201.688519
278007.537934
278415.704827
278183.138958
278290.549275
278428.363799
278798.118627
278600.895159
278740.013177
278827.391609
278874.177148
279015.963371
279393.08912
279533.15301
279548.641867
279358.483109
279797.743329
279594.4091
279703.441659
279806.706456
279916.231038
280029.205411
280405.027212
280196.159139
280600.93349
280410.259856
280793.541656
280590.285033
281030.151819
280792.758018
281181.312497
280982.282325
281407.895946
281500.255494
281619.554736
281386.708371
281505.530199
281926.42855
281706.258847
282074.734916
282200.573135
282332.575643
282093.994643
282501.760346
282610.657584
282704.223331
282481.600583
282603.142375
282714.853064
282805.588993
283224.512705
283304.510194
283417.705076
283203.040597
283279.592648
283702.714205
283782.493647
283931.585877
283744.293027
284131.114299
284207.303637
284007.357339
284396.850603
284465.921075
284557.695779
284715.80701
284496.519192
284607.251276
284678.833819
285106.25105
285210.011346
285004.249765
285435.863533
285471.662357
285307.730331
285389.680409
285492.618387
285608.681359
286005.075071
286121.499541
286176.221182
285997.702889
286106.99703
286495.200891
286306.056571
286395.487067
286799.5979
286911.038575
286713.528949
286798.106687
286878.327825
286973.924968
287451.150245
287233.470211
287321.257334
287390.075368
287487.70501
287555.127917
287696.987875
288124.324848
287927.517062
288289.182843
288412.486687
288511.245103
288286.067895
288418.645588
288498.986114
288597.615032
288712.256073
288789.018569
288905.939341
289298.675943
289422.214265
289193.856193
289591.360925
289661.669322
289790.171131
289564.282295
289668.984656
290121.573615
289879.209282
289994.564201
290428.756249
290214.819223
290316.287868
290680.41377
290469.984083
290914.204454
290710.934094
291094.711872
290878.905911
290989.375032
291130.6833
291219.34959
291299.826481
291685.875012
291814.53203
291868.533426
291676.927937
292061.735555
291912.248161
292002.353468
292405.412151
292185.799238
292295.907043
292417.441977
292798.535912
292890.340802
292675.871677
292813.906789
293170.745
292995.43835
293120.678898
293476.297563
293317.766298
293391.188874
293823.442215
293629.515917
293708.211538
294115.700918
293915.362899
294275.793649
294371.600879
294506.325506
294295.725136
294741.080457
294506.815191
294571.679641
295012.354942
294789.882037
295208.26007
294998.929358
295373.292414
295219.179217
295311.119447
295418.520147
295806.02156
295865.761669
295711.283188
295812.240766
295936.242039
296007.488971
296437.810549
296481.222313
296338.270888
296682.57963
296812.247437
296880.091595
296988.359726
296794.882279
296871.013065
297345.478952
297378.452453
297204.892317
297275.987893
297385.096
297482.993525
297597.60283
298000.569547
297790.482086
298191.47587
298272.967394
298407.419004
298534.951117
298307.330617
298677.630478
298502.203759
298581.687365
298983.323892
298822.64264
299167.388849
299003.839452
299113.610919
299191.483119
299592.653049
299442.607358
299493.220321
299587.699592
300015.029948
299817.180605
299899.600845
300330.606933
300397.392618
300201.179429
300285.333216
300703.888
300787.28264
300596.706372
300985.21168
301083.82309
301206.239183
300978.967386
301399.821004
301227.95513
301321.660702
301674.514098
301518.674404
301876.166671
302026.039653
301784.653303
302215.279163
302007.111911
302424.995249
302453.323886
302592.704816
302706.641175
302495.656477
302594.880703
302983.692714
303069.127889
302930.075522
303020.023834
303429.138275
303203.461512
303588.548348
303639.59173
303508.589002
303601.044851
303716.79777
303784.102126
303904.94679
304009.287227
304415.959347
304505.600077
304591.507191
304684.416415
304516.225384
304594.045105
304724.237556
305129.169325
304906.569619
305002.588491
305404.978001
305200.604451
305298.000388
305425.995547
305508.012185
305857.616205
305699.322147
305773.23355
306214.199916
306319.388832
306396.324899
306496.8109
306575.967823
306702.235196
306515.850469
306588.48325
306690.218555
306799.980267
307224.776086
306996.995609
307108.579104
307483.106678
307345.29857
307714.864214
307525.939021
307624.066315
308003.781282
307797.568697
307922.098604
308316.785649
308117.608685
308205.15386
308595.372766
308380.585199
308782.476473
308916.124322
308976.274288
308814.770678
309171.42969
308988.139517
309445.598849
309509.193337
309293.320508
309410.156215
309520.18474
309597.769009
309724.011454
309829.601895
309903.92032
310303.297295
310420.544981
310188.063622
310599.44095
310400.290721
310509.92347
310878.734312
310693.713918
311101.969128
311199.600828
311307.703811
311097.065243
311197.818852
311617.192714
311725.62851
311776.750857
311910.594618
311696.364958
312088.396025
311896.26193
312285.263921
312120.28749
312222.353386
312294.767734
312678.130725
312495.185675
312890.229295
312998.873957
312808.986818
312927.135213
313293.572831
313097.270917
313195.169643
313621.447887
313667.630991
313483.442269
313619.814617
313985.807416
314081.867696
313924.608576
313990.744665
314100.233587
314232.86703
314600.959442
314417.563087
314779.463119
314599.813346
315015.095378
315097.88309
314920.58227
315299.975678
315364.931754
315503.015701
315325.128557
315371.841525
315478.30759
315580.874626
315995.683979
315789.250526
315868.706586
316016.588018
316116.294256
316498.023119
316616.43542
316408.602012
316507.2848
316609.671246
317038.258203
317078.627693
316886.939643
316994.643091
317126.011508
317213.729156
317585.3779
317700.816008
317494.254896
317612.096867
317679.751661
317816.191612
317911.00725
318246.244177
318098.791842
318181.339048
318305.255836
318726.7337
318768.4956
318936.014201
318706.821862
318835.010822
319190.028499
319319.959965
319085.17773
319210.203858
319297.672775
319389.786038
319773.47406
319615.756179
319690.207192
319810.897589
320210.054737
319981.581378
320359.71675
320213.1218
320287.159207
320693.028332
320502.746074
320594.689463
320682.805324
320795.415906
320898.409996
321272.622586
321075.710655
321515.259735
321289.047959
321695.523096
321832.70704
321586.806475
321732.134485
322123.076017
321881.363645
322005.902687
322117.091078
322475.677863
322633.785505
322358.151018
322817.929771
322588.84848
323010.085854
322784.527158
322884.647217
323321.361622
323122.982057
323527.91164
323606.459904
323418.331325
323471.865225
323607.737161
323701.937233
323814.978133
324198.228272
324010.587389
324344.867848
324223.805097
324302.743821
324708.799975
324484.706719
324620.821481
324683.085563
324789.038076
325161.960622
325304.298198
325401.31407
325466.330912
325288.913843
325402.717903
325505.192592
325887.003565
326007.770337
325765.345034
326214.149252
325989.792653
326391.029951
326497.43377
326315.462061
326406.326089
326495.840322
326605.290417
326987.992018
326865.932777
327182.527402
327292.182317
327391.14886
327203.516815
327307.684514
327678.669354
327486.478197
327610.285428
327713.16667
327766.450309
327923.724775
328267.842387
328372.816433
328197.291519
328309.332743
328712.166217
328507.860485
328905.363064
329021.843249
328810.784386
328910.000734
329293.784123
329115.66482
329475.482623
329279.404055
329385.522598
329825.353553
329632.338658
330021.435971
329804.569926
329911.122454
330305.710953
330107.921436
330218.931036
330307.065043
330695.093269
330478.163737
330619.638665
330700.611851
331156.656625
331164.982293
331298.643891
331389.601326
331466.208879
331310.59584
331415.487032
331459.561234
331902.471201
331706.10492
331785.176706
331920.941252
332011.108811
332393.482349
332175.460515
332320.744696
332680.650417
332763.339486
332603.231048
332706.20489
333102.893938
332890.846003
333000.715469
333115.294527
333471.169619
333596.737153
333401.600059
333505.699969
333899.667819
333696.847903
333815.860175
334193.232867
333962.126001
334113.357705
334507.391946
334585.820441
334387.745167
334518.323267
334595.460427
334699.160262
334761.190021
335231.304796
335316.501233
335066.999887
335242.237284
335296.89435
335415.282349
335780.677559
335603.654801
335678.050476
335806.915232
335924.133031
336316.864415
336102.678055
336531.779191
336302.334771
336680.268457
336488.83296
336952.412424
336965.38901
336791.574108
336943.603305
337318.417289
337091.757083
337205.800866
337297.403398
337418.511225
337479.968763
337595.065812
338014.27869
338083.53988
337885.13827
338026.214177
338441.792326
338186.140639
338308.449769
338374.790053
338506.027511
338588.556914
338689.695386
339080.820518
339225.48435
339020.794102
339380.017732
339179.172636
339598.26138
339386.843516
339484.712509
339931.653446
340007.505639
339819.912911
340203.024368
340276.752608
340117.625778
340502.423569
340601.151294
340390.70619
340520.703268
340638.60451
340984.204295
340814.975144
340928.416168
341269.659593
341114.291655
341230.241481
341368.724585
341415.426328
341831.498466
341907.273113
341705.824698
342081.831972
342185.472718
342321.884039
342113.481701
342481.561367
342575.579261
342672.770846
342507.171066
342875.982599
342724.482857
343091.029284
343192.933509
342998.37543
343414.031204
343183.563245
343613.294647
343406.713499
343524.846559
343912.621637
343723.069856
343818.6626
343896.29364
343990.212294
344424.315535
344176.579551
344281.53367
344398.386672
344789.459326
344877.19339
345000.861444
344815.821072
345214.863738
345328.157243
345095.775887
345227.930032
345299.270113
345388.177502
345501.124236
345896.093519
345982.673175
346112.779219
345916.971364
346310.497444
346371.776811
346503.628737
346288.238576
346432.929347
346814.620236
346582.846698
346982.205938
347109.72099
347213.350648
347297.619761
347375.683509
347509.959794
347576.332778
347688.577721
347789.614484
347924.275258
347726.26187
348103.82022
347871.708362
347986.587819
348131.702114
348240.913222
348600.055056
348741.802953
348787.259013
348592.660787
349000.072146
348807.495499
348901.543807
349265.727504
349388.59832
349199.837801
349575.273913
349384.526586
349489.851075
349595.655645
349709.165235
350102.660594
349894.870197
350028.252661
350409.129223
350556.641924
350575.795292
350401.132723
350817.900252
350905.226285
351029.828958
351122.424455
350906.721231
351262.307544
351395.696705
351197.0795
351315.215351
351398.036492
351491.690207
351949.158203
352036.486333
351789.680161
352169.12202
352305.301979
352123.68919
352493.728924
352599.25908
352423.162108
352519.213375
352634.598935
352680.149946
352756.897183
352908.707548
353284.104695
353385.959007
353500.261202
353300.763277
353406.032613
353509.089952
353889.704129
353701.523723
354112.369548
353886.839976
354290.805689
354380.44478
354223.038558
354276.882098
354648.739333
354808.625537
354608.713111
354701.929908
355110.567735
354919.266299
354999.982168
355373.284533
355221.853746
355273.098511
355708.19765
355489.592208
355622.14717
356000.533497
355811.507845
355911.008389
356289.168911
356075.417894
356198.855342
356562.956825
356409.847491
356787.071519
356571.197144
356722.785259
357126.398337
357200.838351
356994.081852
357387.443767
357199.809293
357604.423211
357404.477134
357797.468751
357637.334734
357682.121234
358084.421633
357881.923989
358321.534854
358091.049078
358195.88934
358609.949129
358727.237265
358800.674052
358930.578126
358723.587616
358813.943924
359203.243968
359277.685299
359392.261303
359199.888374
359304.446177
359386.750844
359520.887865
359890.076394
359693.649463
359809.468319
360187.163844
360302.057836
360083.772117
360196.700272
360597.313366
360676.228963
360808.701742
360603.890894
360703.391098
360794.836838
360900.356966
361298.968824
361097.201841
361508.979017
361291.750207
361701.589425
361477.500853
361602.04447
361658.941444
361810.888045
361909.339912
361987.867518
362371.793024
362184.932573
362594.276939
362380.384423
362485.31793
362587.554223
362994.747842
363119.26223
362892.743714
362994.646007
363352.83939
363516.221993
363603.602223
363701.011145
363815.441309
363897.120178
364026.484289
364079.43776
363930.807964
364270.181855
364400.002752
364208.278227
364313.216366
364390.353879
364790.852054
364891.478549
364687.498484
365124.072918
364932.600421
365005.512948
365127.759455
365202.438964
365602.781902
365682.746994
365791.426757
365639.204811
366018.643349
366069.000671
366202.125053
366316.486658
366101.426788
366543.326944
366307.451389
366424.735359
366497.223381
366600.893204
366709.039446
366805.446054
367215.856359
367025.414689
367088.337701
367524.083173
367613.214909
367405.519776
367495.886286
367855.52362
367721.137055
368078.168244
367883.198384
367990.728276
368101.635769
368220.925977
368560.580811
368673.654672
368524.065672
368871.218501
369003.072542
368800.702642
369202.347623
369301.362347
369074.935686
369510.61187
369317.516583
369418.195618
369472.359936
369917.325713
370008.008895
369794.041321
370236.805595
370002.875971
370102.235524
370541.476507
370282.44728
370394.405875
370513.0048
370892.124439
370991.818182
370819.185286
371217.765388
371315.189163
371091.021893
371506.426121
371320.405542
371417.744081
371790.297372
371879.049967
371691.887688
372072.174877
371894.904245
372276.309911
372104.385457
372203.542824
372564.590266
372430.869201
372805.190436
372935.742756
372700.111051
372774.469573
372886.739886
373281.253801
373401.578693
373528.914067
373282.616372
373703.319865
373798.975003
373594.677283
373717.147784
373815.929936
374212.355196
374311.444486
374110.102593
374504.404757
374286.679487
374405.444933
374821.220017
374584.595977
374994.003086
375092.230044
374909.220031
375326.172392
375387.726084
375219.446309
375603.622948
375377.06677
375518.728174
375596.283598
375995.756335
375776.326757
375880.339256
376030.135682
376113.625132
376216.399237
376303.755418
376377.177578
376783.816899
376890.322966
376692.216226
377094.422505
377212.005246
377306.891029
377386.502723
377234.603335
377286.820612
377439.652281
377805.996346
377618.859763
377700.903467
378100.655245
377894.501348
377977.543495
378415.065796
378214.091494
378620.751041
378699.313196
378789.741679
378604.86196
378699.822715
378805.583273
379247.141076
379027.966607
379059.887801
379194.949545
379298.785711
379409.279724
379781.955172
379871.73596
380015.214729
380157.4347
380243.806286
380011.192985
380063.986832
380528.677742
380583.386437
380690.63225
380778.308178
380602.944034
380713.89378
380792.685894
380919.936602
380975.565912
381125.853388
381211.177146
381647.619964
381401.761937
381500.63897
381845.637009
381712.328141
382100.293861
381865.632844
382309.677908
382352.980449
382220.028375
382312.378161
382416.931879
382488.855688
382888.33016
382986.584288
383102.246862
382891.568443
383295.428245
383112.205666
383502.936643
383611.044713
383424.625447
383534.329213
383618.503491
383726.925994
383797.672294
384197.319998
384007.883509
384376.637272
384497.901153
384295.961069
384401.291672
384511.242974
384595.41847
384995.934096
384783.419092
385186.122612
384995.657795
385360.819214
385178.039443
385636.740242
385377.784395
385512.23554
385928.274326
386052.009116
385800.952856
385916.901467
386294.295695
386110.950956
386509.445288
386305.759561
386404.157416
386485.596512
386599.786494
386696.886014
387065.190635
386917.94229
387292.926033
387403.760189
387230.000093
387591.411088
387396.826079
387497.025127
387850.951469
388010.09666
387794.727291
388189.660441
388010.935554
388126.238228
388517.348116
388615.975596
388398.513271
388801.687365
388619.188547
388675.50572
388794.005642
389197.805523
389026.291727
389118.47509
389205.522215
389312.241835
389690.362772
389821.329171
389611.904998
389710.00303
389799.844712
389882.087201
390298.768562
390097.498944
390221.540472
390605.042948
390652.992965
390819.379564
390594.053403
390974.526412
391058.686379
390885.71827
391012.78925
391123.234049
391481.04389
391613.509211
391400.839178
391777.767943
391889.316756
391719.749579
391799.259121
391899.771242
392282.399364
392093.90629
392499.818775
392294.715142
392699.1186
392814.506429
392614.207275
392658.691888
392802.362259
393188.184868
393276.752157
393437.796468
393181.698127
393304.42651
393377.056058
393524.313332
393898.89158
393971.28511
394068.715956
393901.049111
394286.170888
394388.069511
394502.650543
394595.814339
394403.364532
394462.365926
394859.784813
395018.824061
395121.389228
395173.255762
394991.842523
395395.045992
395181.999457
395335.26162
395413.290457
395782.564083
395898.126692
395705.160927
395815.220782
396194.09325
396024.50691
396123.463778
396196.596111
396297.314041
396732.753748
396777.197721
396583.440991
397025.944603
397083.088067
396883.048437
397005.159957
397435.15449
397154.733673
397576.072952
397401.396716
397499.927487
397590.936763
397710.734989
397815.129287
397924.031226
398316.390135
398089.506834
398492.72537
398332.420015
398418.713483
398505.106532
398615.881233
398677.98437
398827.691061
399208.855564
399313.487605
399111.211206
399208.919114
399319.843808
399403.204213
399816.600731
399594.088589
399705.839828
399801.585507
400188.886197
400023.400988
400441.81774
400470.100957
400602.922966
400347.884807
400497.272599
400608.740748
401029.014835
400823.364065
400912.796215
401025.457914
401396.85609
401202.793431
401301.402494
401401.502466
401495.930165
401584.50744
401690.552732
402100.061453
401912.778896
402300.347647
402406.044385
402180.50165
402291.842798
402378.744352
402805.747078
402599.09814
403004.813264
402800.492921
402891.643804
403301.118592
403100.706409
403487.980126
403281.964696
403410.436556
403523.062361
403595.000613
403717.025458
403837.382152
404218.316778
404314.759243
404101.642963
404549.643814
404313.846291
404687.589077
404810.985533
404618.511802
404704.101337
405049.42441
404931.424959
405322.297287
405075.408317
405186.202892
405629.381399
405432.345309
405498.801413
405868.212718
405694.021539
405780.777829
406244.865156
405966.851373
406069.747908
406500.799808
406621.214947
406413.297295
406755.012446
406910.526486
406706.65483
406791.47723
407200.52059
406973.62003
407113.826879
407185.306876
407261.822056
407702.442822
407809.349245
407873.615509
407703.798503
407796.32193
408216.106739
407990.310426
408124.324898
408186.049089
408320.188667
408703.682132
408527.773957
408630.717234
408706.29679
409089.707802
409227.809275
409035.581599
409115.933215
409232.770004
409609.303438
409401.257371
409506.783148
409883.903191
409689.261478
409778.388256
410223.833832
410005.391597
410402.689555
410180.641574
410316.83042
410669.911709
410794.684149
410900.253025
411021.527836
410799.073549
411214.847336
411287.316362
411110.673814
411228.313996
411298.87996
411691.237282
411806.061451
411592.665665
411692.797766
411796.741272
411923.147785
412039.740015
412426.815897
412517.652539
412571.547974
412426.060077
412817.504536
412606.220053
413004.993732
412802.266062
413221.915042
413000.666747
413061.507644
413524.508277
413609.414958
413700.225849
413809.065439
413906.204632
413727.374456
414080.059231
414191.519525
413985.38724
414393.463965
414472.507571
414288.360186
414401.372009
414503.244147
414595.124186
414726.437289
415104.594248
414887.533263
414990.649055
415087.677808
415182.597537
415607.089361
415714.582995
415526.883647
415899.081161
415708.360486
415797.683967
415916.34619
416023.013988
416429.991362
416181.703373
416295.74163
416438.773575
416809.532809
416881.963966
416707.290683
416801.034673
416906.911846
417315.520399
417405.708604
417207.036555
417293.904818
417399.422176
417806.569803
417603.946847
417668.019484
418107.469226
417921.592288
417990.840378
418407.413248
418208.529154
418281.807041
418405.082122
418475.27039
418876.05752
418704.046946
418811.792909
418915.9472
419003.207956
419124.808909
419523.537813
419596.468148
419401.600863
419488.487718
419571.359119
419679.387519
419799.143446
419911.016804
419983.422719
420402.37129
420519.383707
420295.863353
420418.020523
420523.59704
420589.623715
420992.256027
420756.537277
421204.640334
421005.014394
421126.496242
421532.495061
421633.212222
421419.031351
421508.310653
421600.073
421979.688766
421815.840829
422224.810679
421990.276697
422086.722966
422217.249648
422316.970708
422397.562361
422470.238031
422964.967794
423004.131844
422816.755198
423188.582227
423307.486043
423103.189734
423514.368004
423323.250819
423686.958598
423814.388863
423885.41213
424012.460045
424094.901914
424216.076305
424016.268263
424103.349574
424191.004676
424285.885775
424709.545691
424477.870887
424617.928668
425002.675738
425081.229416
424910.847757
425318.820874
425396.802506
425493.953566
425613.368339
425700.447424
425520.670873
425605.415899
426008.289981
425774.689759
426215.25778
426018.612025
426098.90799
426478.756163
426298.386361
426421.912299
426498.51343
426915.463861
426700.272551
426844.30597
427222.219546
427287.54906
427111.937018
427213.173177
427612.797462
427396.626421
427749.732859
427599.403759
427699.768723
427810.153473
428174.883889
427983.659652
428104.744839
428194.598936
428590.899104
428407.838143
428824.923514
428573.386838
428975.790195
428800.166425
428915.71435
428991.494556
429438.298159
429212.149376
429626.027454
429416.781961
429773.386321
429594.43686
429736.428057
429782.069674
430188.473955
429996.539774
430368.596145
430169.910347
430631.592818
430430.500209
430819.636412
430599.133571
430714.970841
430803.404114
430888.863173
431016.508239
431392.447556
431217.316019
431594.299822
431425.560749
431489.78153
431917.63077
432011.793056
432090.887181
431900.071307
432008.610412
432115.624958
432212.575099
432292.93619
432693.169984
432512.983077
432617.752162
432714.31409
433068.058893
432900.936298
433315.325486
433407.894779
433167.36067
433608.628183
433377.315953
433497.637692
433632.756824
433701.111473
433782.723491
434213.420104
434332.196779
434089.369619
434206.035123
434323.518391
434383.176114
434772.544347
434588.963383
434708.009671
434808.248566
434914.966478
435322.086702
435108.288768
435520.536052
435311.781952
435429.454404
435481.447719
435892.33498
435996.411803
435787.370066
435889.525962
435993.914737
436109.649823
436203.804158
436603.994988
436418.761714
436831.223791
436624.862842
436687.533841
436809.598833
436916.962355
437285.08525
437382.405374
437503.358835
437641.525311
437394.951659
437789.658557
437906.639719
437696.417323
437777.96366
438195.173677
438306.802001
438102.246095
438466.689288
438313.391976
438676.316819
438523.594562
438908.236811
438694.369481
438789.40664
438869.49889
439024.967755
439420.923582
439237.161978
439602.118897
439403.714702
439829.076323
439587.371203
439713.498777
440084.303452
439884.08618
440004.063079
440376.63679
440165.9196
440276.319375
440682.730487
440774.893645
440915.413857
440682.682202
441119.081297
441189.884346
441291.790294
441408.083637
441511.18827
441284.077249
441404.712512
441825.883281
441611.053143
442004.549162
441797.020528
441910.899513
442288.51993
442382.956919
442486.40157
442293.623614
442708.659658
442791.679813
442891.977491
442715.709722
442799.49097
442890.853751
442988.318169
443418.442131
443526.924739
443320.41959
443723.781012
443488.81832
443583.665906
443971.429717
444113.608819
443914.623275
444016.705223
444409.826742
444199.509731
444590.884278
444392.128613
444807.622611
444580.116083
444695.071334
444781.544138
445221.475919
444988.521684
445111.331536
445188.692227
445591.318518
445683.860826
445510.473698
445902.597913
445973.867701
445795.588131
446204.87018
446003.627341
446411.048041
446216.778534
446599.784385
446421.312433
446534.590614
446879.371174
446999.557112
447103.875192
447180.919903
447018.909423
447371.759661
447209.710667
447604.926698
447397.852237
447504.711883
447617.180671
448005.140244
447787.225187
447906.119391
448006.271029
448377.981571
448488.382712
448331.635537
448688.052829
448790.132386
448907.330258
449010.27751
448820.708034
448891.707329
449319.088171
449109.080163
449491.079442
449315.054497
449700.856845
449805.138116
449612.354516
449697.1764
450112.082715
449925.781693
449998.160771
450391.873453
450213.277638
450296.270036
450400.921588
450832.272138
450633.510099
450706.864946
450762.120648
450927.212489
451001.420966
451422.688192
451165.236135
451301.535502
451389.020729
451517.965787
451611.80846
452019.669399
451780.217148
452203.357474
452021.623555
452425.56513
452472.607459
452631.174673
452395.779995
452497.175595
452585.261489
452757.424669
452828.778728
452923.639626
452998.074424
453428.201343
453214.872346
453323.428366
453403.204073
453490.285403
453874.741363
453707.803137
454082.626897
454201.921281
454307.016431
454385.390405
454486.56208
454573.137458
454401.02887
454811.296893
454613.467511
454681.158842
455046.555021
454935.452803
455299.876231
455127.916628
455499.826597
455290.375091
455362.384536
455798.7011
455895.003307
455942.390757
456120.465807
455902.085685
456319.851919
456409.91618
456511.388567
456330.778959
456691.170811
456502.987713
456622.463038
456702.039656
456789.503948
457198.995999
457269.001575
457067.763693
457472.061865
457599.331289
457440.742806
457792.903536
457866.167646
458012.757648
457787.291958
458196.78481
458019.19227
458409.896417
458198.57306
458280.362332
458713.134212
458488.771109
458902.606123
458970.404488
458785.444759
458899.040221
458990.619443
459098.219677
459213.887534
459303.71687
459394.469059
459829.643202
459584.499403
460021.318541
460086.530837
459930.869564
460008.890802
460119.707472
460472.4316
460281.663778
460377.520217
460517.881787
460602.42655
460671.22242
460825.268311
460880.427005
461320.756269
461099.270898
461499.460846
461556.797741
461404.474044
461483.608291
461584.302833
462026.626781
462092.130381
462201.479125
462280.799695
462401.968163
462204.328014
462315.241183
462699.563793
462528.519692
462893.62148
462990.823598
463136.110717
463198.143767
463270.392455
463088.321966
463179.590915
463310.579238
463405.892698
463481.75706
463630.206391
463670.747507
464097.164742
463940.391642
464006.881658
464119.060431
464494.456983
464327.175543
464407.680777
464824.135542
464550.584047
464719.099246
465057.884517
464840.927842
465006.039254
465110.996977
465475.863874
465269.318004
465438.432662
465818.126807
465607.026564
465718.741514
465778.060009
466205.142169
465998.210708
466094.703806
466206.328285
466309.685051
466397.750584
466835.246726
466584.661911
466695.34416
466793.881553
467204.114054
467000.962043
467081.784201
467175.289906
467308.850656
467415.131088
467793.944533
467898.288556
467994.546505
467798.988393
467906.450843
468298.697636
468403.327078
468494.685359
468284.885016
468409.432444
468470.375405
468583.831022
468714.469691
468768.035029
468930.73464
468992.272792
469392.502537
469188.272335
469281.735729
469713.963741
469787.653153
469598.123614
469699.118982
469801.825813
470218.760179
470251.228389
470098.903831
470508.303589
470610.856426
470363.998407
470826.246768
470593.002919
470700.501784
470787.848529
470908.885527
471289.74522
471438.43395
471216.268155
471651.120425
471702.727835
471486.708648
471603.217188
472031.023375
472096.028744
471879.167036
472343.356625
472103.057019
472514.00003
472624.57165
472689.71853
472769.118311
472607.435495
472981.616679
473094.446408
472894.145479
473019.127579
473412.794425
473510.581035
473298.624692
473392.071257
473518.870861
473880.243051
473730.383769
474091.223075
473893.018554
473978.531133
474136.12118
474235.70456
474311.713141
474750.063921
474501.926123
474913.129314
474707.840969
474810.660868
474908.339472
475005.678014
475093.54866
475179.534906
475613.211108
475422.318333
475790.686583
475883.101147
475692.158592
475792.000085
475891.130503
476006.905002
476087.58014
476227.371428
476284.330659
476394.020521
476517.853748
476607.563
476694.680185
476795.050499
476910.037881
477028.213296
477414.845028
477198.077363
477287.631522
477394.98527
477846.794616
477892.313715
477688.428158
478163.022162
477906.649458
478002.143213
478380.015466
478475.881465
478314.908904
478416.655999
478495.937816
478903.488891
478994.992051
478771.794354
478918.111508
479016.019711
479397.949003
479217.334609
479308.206599
479407.633053
479483.080188
479592.34115
480028.3863
480108.252241
479897.784895
480296.877285
480069.135488
480209.014423
480624.992919
480753.824582
480521.224848
480869.34836
481007.795204
480782.725488
481207.164892
480988.085611
481073.191103
481202.48946
481620.796185
481400.900569
481482.481629
481890.590477
481694.841769
481807.854373
482189.23317
482296.44726
482401.085804
482173.758887
482622.79417
482738.794928
482828.58318
482566.167767
482694.759085
482772.237786
482890.859144
482989.797627
483123.414295
483486.504113
483640.199771
483692.664219
483500.748366
483915.39187
483736.522537
483782.967811
484192.911145
484015.772329
484119.563462
484500.52333
484287.802986
484734.393488
484520.864949
484583.499953
484704.338326
484791.10278
484915.335647
484986.649098
485106.299216
485238.250518
485309.267512
485388.977206
485505.97955
485899.489782
485717.110062
486090.513403
486189.93513
485996.765236
486113.138412
486480.36536
486617.148344
486385.653098
486487.405564
486880.634743
486711.925892
486770.947477
487161.981185
487305.818242
487408.470703
487190.545179
487621.146781
487711.122906
487815.220958
487605.438349
488010.470504
487767.130235
487903.831501
488322.063167
488103.180786
488498.472444
488298.398706
488391.163266
488828.627346
488609.622009
488672.988133
489102.587054
489186.673555
488999.948146
489409.82155
489203.794122
489310.965355
489398.190926
489824.303386
489598.198919
489679.682647
489839.846002
489885.961
490275.529449
490105.127156
490199.962551
490609.616746
490398.754185
490495.043952
490592.738392
490993.88256
490809.642762
490910.184285
491294.773883
491085.309284
491478.017195
491587.803157
491390.643096
491819.795718
491577.360925
492007.189658
491820.250198
491893.787075
492281.075663
492403.281981
492196.735207
492289.354926
492744.360351
492540.008126
492863.508896
493018.494514
492814.862095
492910.490044
493314.207497
493083.008207
493199.653071
493627.076456
493427.6268
493521.773573
493583.129534
494009.415388
493823.053643
494227.098009
494017.916211
494401.539339
494193.597899
494614.236551
494385.226259
494814.707124
494595.896124
495021.189287
494784.347031
494900.363878
494973.416464
495388.41552
495191.500488
495328.684665
495390.858775
495480.457949
495609.501061
495710.658129
495796.996398
496184.847453
496296.356468
496397.324796
496222.625043
496633.197977
496667.005389
496485.327774
496901.84161
496698.170111
497095.451639
496899.657172
496981.0461
497097.795421
497512.690113
497297.960114
497402.188055
497493.502349
497887.283125
497727.8174
497793.565438
497915.351722
497985.610594
498105.72393
498220.639948
498320.884623
498709.226847
498840.42978
498650.108278
499014.010837
499109.755451
499213.506602
499017.489578
499089.994008
499185.909841
499316.432426
499679.204331
499798.114298
499595.979061
499742.252954
499822.412482
500200.504813
499997.821701
500126.193852
500212.584745
500607.210147
500674.354647
500494.51432
500586.778884
501038.390318
501079.442237
500905.006293
501009.463249
501108.235143
501220.468308
501350.317959
501382.612891
501518.129208
501580.657829
501992.778195
502115.926033
501888.908817
502030.778096
502386.853089
502460.196317
502312.453473
502409.511448
502506.049591
502870.732424
502715.502697
503114.508801
502888.776754
503011.808627
503091.677615
503192.305191
503316.127098
503410.690785
503812.48288
503591.547521
504043.978734
504087.304398
504213.942234
503982.685428
504087.896657
504172.888774
504591.198514
504698.089565
504540.15416
504569.635173
504719.593212
504775.632864
504927.187091
505289.712039
505065.788432
505233.336614
505301.724711
505699.65538
505506.080059
505590.683348
505698.353551
506100.180502
505901.290164
506302.044467
506387.028748
506212.088206
506316.116655
506409.746763
506491.247312
506896.550421
507010.287825
506808.606994
506910.948811
507297.139438
507425.885999
507497.74706
507301.310879
507701.197722
507801.471379
507889.572294
507718.486561
507807.431649
507910.453532
508273.116761
508100.137051
508195.349036
508618.164926
508712.804189
508494.27417
508630.708382
508678.68971
509133.561492
508898.488629
509315.598129
509455.295713
509215.746315
509598.964481
509405.015705
509481.209528
509573.907512
509704.90556
509780.650355
510199.740373
510027.903889
510428.089256
510216.417274
510555.143416
510693.611868
510755.264028
510612.941733
510958.996429
510805.316942
510934.009392
510991.403739
511378.930033
511505.105275
511579.14095
511683.855846
511539.300314
511604.368917
512034.819668
511777.238128
511869.284239
511967.720242
512424.598193
512476.839388
512310.813782
512383.003445
512490.869626
512900.694951
513023.624177
512785.902323
512907.221331
513026.331489
513371.879337
513463.811089
513313.600953
513704.156546
513482.453372
513620.913729
513691.984478
513790.029298
513867.926289
514335.580489
514371.567356
514223.783495
514583.460079
514735.577371
514531.67947
514903.88641
514692.032475
514851.472442
515220.537101
514988.597626
515404.709123
515512.27574
515311.80485
515430.166207
515517.759259
515879.295557
515704.789594
516105.094783
515891.303821
516305.680482
516099.240571
516232.9733
516318.745228
516403.860123
516487.173937
516594.084197
516697.522953
516787.366974
517178.460589
516988.290601
517103.598096
517222.575806
517325.49898
517696.945092
517486.963718
517902.840542
517694.803626
518148.216918
518195.514368
517978.671333
518098.865032
518210.642621
518283.586497
518385.658656
518502.451192
518641.755123
518699.719259
518788.704591
518917.113637
519312.013164
519110.007188
519491.962541
519317.54114
519408.27205
519781.417825
519912.603441
519711.997534
519800.177792
519904.373223
520017.344597
520093.905629
520483.957077
520292.479028
520688.768864
520495.73082
520605.995473
521000.419986
521107.10859
520926.793012
520985.671908
521124.729887
521204.586056
521323.036093
521413.521891
521805.688934
521583.787234
521677.122316
521799.202906
521919.160635
522306.653426
522104.978324
522506.341556
522319.788965
522659.318198
522539.675093
522896.4329
523017.85396
522803.308503
523202.650647
523315.628208
523103.077858
523172.255761
523609.478516
523720.992889
523513.172861
523928.103547
523697.647371
524116.628529
523928.733102
524263.000117
524363.345848
524185.934671
524593.78663
524689.248779
524484.667924
524927.622748
524718.266736
524812.364064
524909.535337
524977.344044
525081.493106
525512.745653
525306.027904
525689.773225
525770.393196
525574.763873
525732.182319
526073.51954
526166.56668
526288.848806
526099.124996
526510.96006
526276.365057
526396.377925
526875.010008
526887.097575
527003.182671
526795.247033
527194.10071
527304.58794
527386.272069
527196.232517
527300.800351
527718.635364
527507.459099
527597.929
527733.368662
527812.187431
527934.736745
528276.868475
528121.423961
528464.82224
528312.702505
528385.059572
528777.23851
528900.878475
528696.737061
529136.354228
528897.626819
529010.702496
529395.69375
529544.736923
529598.596409
529389.816897
529772.516484
529612.819537
530019.616545
530101.728013
529881.842941
530317.049502
530375.647377
530523.255548
530614.693238
530407.800179
530820.867399
530925.512885
530987.327335
530829.267628
531239.657051
531021.374629
531081.934419
531191.94365
531336.25936
531397.767609
531478.457937
531622.144248
531686.008192
532113.710182
532214.651072
531988.676336
532105.152673
532520.349711
532303.172792
532675.663283
532813.971894
532602.836622
532719.00948
532794.760152
533199.86456
533019.66663
533117.810744
533200.99245
533599.24732
533383.601402
533479.622067
533882.501244
533700.047919
533813.273304
533888.375661
533988.383314
534085.727654
534502.479843
534605.197768
534689.561538
534786.069106
534927.708247
534723.604772
535135.519053
534884.674188
535276.121865
535448.906195
535217.063265
535580.957969
535681.475585
535498.505916
535608.610681
535717.09755
536110.291948
535889.775953
536285.221825
536103.739461
536213.294134
536289.304918
536429.972026
536519.804457
536914.150695
536724.412179
536799.697272
536908.889676
537326.343747
537117.397799
537509.990637
537563.693886
537685.412004
537515.588249
537872.164741
537723.80424
537802.29336
537879.055699
538010.168305
538403.769631
538481.445624
538284.62128
538684.114785
538519.666376
538918.917727
538668.363536
538846.171883
538886.027947
539037.472142
539110.134577
539480.291223
539612.361278
539393.098874
539824.399399
539601.832281
539676.410953
540099.484572
539895.136193
540033.585438
540413.354408
540195.328127
540309.799652
540706.002243
540794.486776
540902.731132
540676.072338
541110.325938
540891.355443
541012.433685
541105.893355
541200.8372
541609.637971
541416.728006
541514.314331
541606.05734
541700.675867
542088.844202
541898.449047
542011.452832
542389.310922
542237.213796
542622.264214
542715.32296
542489.98085
542916.688887
542669.333282
543109.570606
542916.345122
542989.799035
543108.797245
543210.538556
543610.258455
543411.663957
543800.409456
543890.149264
544014.365723
543784.20601
544226.6101
543983.189339
544078.00246
544232.650874
544305.072344
544403.254666
544492.302633
544887.833687
544716.355205
545142.407588
545168.757124
544994.297919
545426.791708
545238.282179
545296.215076
545657.440028
545792.468968
545612.83705
545705.061602
545765.304671
546221.84261
546003.289631
546118.394375
546169.025227
546599.712917
546403.753765
546499.779794
546896.260612
546686.187123
546801.754249
546879.857946
547029.939579
547415.311058
547547.2212
547623.468094
547701.246586
547505.185076
547608.848143
547969.073373
547811.321291
548229.711727
548005.945504
548099.066832
548486.633441
548275.896106
548695.750241
548802.381009
548916.064323
548705.463141
549093.593699
548883.81831
549026.005751
549411.14903
549210.011921
549306.6052
549677.051149
549846.935342
549621.288949
549986.091699
549816.343532
550179.300428
550000.40155
550107.796449
550204.494195
550645.438744
550402.378968
550528.108326
550601.074703
551008.654883
551076.070533
550869.107025
551001.04398
551080.529118
551510.078871
551308.838236
551679.380194
551811.70677
551628.654069
551714.00701
551785.702589
551920.256268
552258.593888
552087.715434
552209.059229
552295.312634
552402.576271
552506.349033
552627.42636
552998.222125
552805.69294
552891.765966
553014.389167
553384.437756
553479.587195
553587.693922
553388.722656
553512.065084
553587.489176
553713.641017
553796.188653
554185.197416
553966.202088
554418.039052
554496.362263
554312.73792
554406.633105
554525.394809
554592.648179
555027.920078
554816.070184
554930.984992
554990.510532
555445.294808
555497.827648
555290.198449
555440.064512
555484.027808
555591.17831
555731.067842
555776.33544
556227.885163
555992.462518
556087.001456
556161.129475
556602.038089
556363.738775
556515.400486
556608.300004
556742.48792
557076.757148
556884.126925
557009.514284
557132.763182
557187.05922
557596.712428
557403.893589
557528.928747
557895.666744
557683.108095
557784.355036
558200.006324
558319.473156
558088.07835
558217.164343
558307.313221
558369.356811
558503.757423
558901.636631
558706.277027
559098.947685
558894.876989
558975.674984
559086.905497
559513.19863
559291.997157
559659.616271
559500.681927
559596.890851
560007.081594
559811.599695
559891.97535
559994.235486
560090.454719
560497.598875
560301.361113
560435.52855
560791.072277
560590.935224
560723.870966
560814.130572
561221.050594
560999.50725
561096.882753
561527.106215
561279.590198
561707.004024
561812.705486
561588.046066
561673.169189
562095.933533
561895.807232
562262.252836
562108.243499
562195.749674
562297.898755
562411.360862
562824.159137
562612.776789
562994.111891
562821.107369
563220.213133
563025.853448
563120.44118
563505.447362
563556.47573
563688.036773
563813.008829
563574.50508
563703.126706
563813.573142
563937.178745
563993.325444
564149.66422
564484.044283
564603.250591
564380.392942
564496.426751
564606.406642
564727.166859
565074.911017
564905.805404
565001.946902
565387.600774
565469.39519
565301.653974
565395.637936
565488.824163
565602.903772
565990.415614
565805.576706
565911.782126
566301.18377
566069.876768
566209.590303
566325.420356
566396.207294
566824.512414
566908.412852
566963.697605
567076.269934
566914.723447
567010.857542
567096.373728
567196.02297
567595.635707
567686.084319
567496.28312
567868.530711
567972.897027
567792.326279
568225.977612
568339.211368
568109.901628
568185.361698
568275.246382
568700.364597
568471.295113
568890.350639
568725.300524
569047.955153
569224.988249
568995.56405
569104.751118
569501.046238
569281.237144
569363.875574
569482.84852
569904.545213
569987.541958
569817.296537
569898.464168
570292.66798
570087.430147
570493.460815
570281.326215
570427.120593
570555.530539
570608.861112
571006.216335
570798.71766
570902.355997
571039.731107
571416.384752
571221.946261
571279.557404
571711.647534
571481.963674
571588.590548
571697.832494
572068.965167
571922.962868
572015.187575
572098.953783
572474.977807
572313.882356
572744.001184
572518.636308
572870.812447
572963.320945
572774.238468
573191.68264
572999.501504
573083.329643
573161.693886
573578.157555
573680.52981
573512.622713
573569.24118
573719.42331
573813.081523
574196.5149
573998.739183
574098.514004
574205.674558
574294.050976
574391.084027
574536.870482
574607.482974
574985.233253
575117.968313
574880.569793
575026.295307
575421.28015
575190.73492
575569.309137
575723.641059
575501.711996
575619.872527
576025.061555
576092.964854
576226.484769
576010.811501
576406.486419
576213.134082
576284.691242
576670.632814
576481.429693
576625.508467
576687.116354
576802.292258
577242.126967
577008.784839
577114.351999
577189.610091
577283.425959
577682.653641
577501.973432
577602.670341
578017.309973
577791.025341
577876.851589
578307.176554
578151.049229
578212.876396
578590.772539
578393.231478
578503.3896
578582.386005
578984.355152
578803.869221
579195.021649
579286.404066
579085.830266
579495.919284
579314.952227
579418.413664
579480.8137
579595.206337
579680.607458
580146.314513
579921.386015
579990.189601
580114.00031
580182.326347
580290.146746
580728.311414
580519.576641
580620.966881
581028.973843
580816.853898
581178.079563
581010.360586
581117.833876
581228.237814
581301.434185
581408.727046
581817.480575
581941.03715
581992.317764
581792.099025
582199.524131
581991.842085
582108.090089
582494.990667
582604.973265
582425.521284
582535.42854
582883.918072
582694.790183
583114.579794
582876.778439
582986.947
583426.998015
583192.814091
583312.422783
583676.491516
583511.219676
583585.92481
583722.226066
583814.354359
584197.486708
584305.915852
584114.798141
584163.507754
584328.606957
584706.22063
584495.911398
584910.04348
584652.453066
585116.029305
585212.204595
585001.647305
585413.713532
585522.755404
585288.508702
585416.775001
585538.14896
585890.747298
586019.867484
586129.719974
585875.178656
586299.522769
586092.239469
586189.498374
586266.969997
586687.637509
586515.696237
586605.972748
586707.100614
586797.05787
587206.470609
587288.456636
587372.194035
587177.657559
587301.5858
587388.983564
587488.354581
587886.530942
587698.133202
587812.394556
587890.610933
587998.264224
588110.862447
588505.415126
588289.453407
588426.771186
588461.613628
588598.525308
588990.6376
588809.278832
589226.417753
589019.946823
589395.46092
589199.348808
589284.1659
589727.561566
589483.887645
589599.542515
589716.460324
590067.59878
590205.860779
590314.079977
590413.277927
590189.755891
590572.920638
590404.459825
590495.322598
590614.380523
590986.351273
591130.67462
590886.025654
591020.277328
591385.694157
591491.308762
591295.555821
591691.949906
591789.699834
591897.766761
591730.430828
592094.117674
591881.217716
592336.780386
592061.698286
592517.422126
592315.232892
592405.154371
592777.144497
592927.736711
592989.155325
593081.438791
593195.862204
593006.268119
593373.507114
593223.702382
593298.513481
593387.033709
593789.204533
593917.316884
593694.681917
594063.959151
593889.522618
594293.332774
594098.66924
594194.296793
594322.900709
594700.053264
594486.249467
594612.919956
594698.728522
594807.995675
595203.510731
594996.0148
595393.544106
595212.316996
595583.881418
595664.1338
595511.015711
595887.458442
596007.383288
595786.383758
596209.833219
596291.289435
596145.995533
596523.290897
596638.301336
596682.845163
596797.781146
596905.447168
596684.938936
596821.843201
596886.006442
596991.121119
597398.149697
597227.977524
597578.721585
597383.89282
597808.260916
597590.109849
597989.375794
597777.346898
598193.95049
597990.890574
598123.497665
598205.978957
598603.395634
598390.669924
598497.07392
598603.136453
598649.383549
599076.263534
598915.017984
599311.334962
599419.044228
599175.332116
599577.693011
599391.790399
599496.906547
599577.640885
599685.945754
599811.983117
599884.891361
600010.331166
600090.577433
600495.371408
600283.437355
600693.749473
600775.868611
600604.625181
601003.058327
600808.520709
601181.048998
600986.527341
601105.918961
601167.144147
601602.149899
601397.847216
601505.487447
601586.441569
602005.022019
602102.655652
601905.839189
602024.866314
602399.003415
602493.399516
602304.209886
602417.483022
602516.378085
602896.268269
602732.515724
602799.850367
602926.712327
602983.510395
603392.574616
603498.295269
603299.357757
603720.470552
603486.755224
603889.354937
603980.008353
604106.260365
604191.374194
603994.846833
604109.4248
604475.896795
604296.987373
604715.724955
604810.353292
604869.32756
604713.191446
604779.004539
605235.570048
604972.060876
605083.058318
605195.565525
605603.287826
605697.377224
605788.673064
605924.815015
605698.66391
605801.433583
605893.438308
606332.458944
606095.629251
606536.605229
606614.118426
606699.435142
606785.153131
606623.353657
606717.179378
606787.034026
607224.164971
606966.28722
607401.872944
607230.178105
607304.664768
607692.542873
607478.375888
607582.002971
607972.087928
608096.960745
607883.771539
607998.84862
608083.761629
608186.062911
608593.705266
608693.44952
608837.581602
608594.407801
608996.352712
609125.999412
608899.049339
609285.503849
609086.368709
609481.496175
609288.855231
609385.836933
609807.410532
609907.978129
610044.847942
609800.275007
609928.533904
610053.865323
610386.022747
610229.151846
610301.095216
610433.415227
610801.435198
610588.051561
611002.502985
611128.248083
611239.308545
611293.213145
611442.47998
611495.797258
611302.525177
611423.331814
611499.460022
611592.750035
612012.9837
611797.903119
612194.876365
612027.896124
612112.019468
612221.62801
612295.639337
612723.41952
612493.241628
612597.950335
612983.761104
613083.625557
613193.380271
613309.141019
613112.07822
613199.512831
613281.858837
613402.92416
613514.430024
613619.610847
613686.535561
614120.75001
613904.350663
614307.974845
614357.103183
614541.372859
614595.763332
614370.948737
614485.100243
614591.23057
614712.685706
614831.348295
614897.371327
615013.26668
615092.949909
615496.120097
615310.832666
615667.97706
615522.380385
615561.095841
615685.40089
615830.034984
615913.913107
616012.090075
616121.743322
616224.955141
616307.912052
616397.808667
616787.208931
616603.032212
617023.466254
616795.981734
616906.142564
617008.466498
617407.733435
617488.771146
617615.053044
617681.027241
617543.723216
617615.250516
617695.020954
617786.782884
617928.810011
618308.134588
618111.550908
618189.519205
618587.629557
618704.364329
618499.634452
618620.373684
618699.350023
618783.670733
618894.625722
619320.920058
619102.811725
619192.47412
619299.141884
619697.948276
619513.654344
619905.90599
620008.60445
619777.078994
619914.789415
620324.867215
620100.310878
620160.10829
620312.558661
620411.790827
620780.855366
620897.436488
621021.342066
620814.169105
620880.38072
621293.964697
621424.478137
621197.429519
621312.725906
621706.497636
621490.862325
621646.328677
621677.681561
622065.58008
621898.125539
622288.673592
622367.767384
622192.863687
622303.434255
622429.47776
622510.307362
622575.742235
623008.766474
623118.096695
622887.719454
623010.873132
623118.006797
623547.454336
623301.965504
623451.551693
623804.954713
623901.566776
623697.793532
624097.581368
623881.773441
624263.8906
624135.51412
624217.104864
624595.942339
624420.892616
624506.143909
624609.234211
624711.621073
624815.738215
625234.029073
625030.785609
625095.606859
625487.855427
625325.961736
625418.005244
625502.878059
625907.215375
625699.8876
626100.785262
625910.766201
625985.003282
626088.302792
626227.695771
626583.699917
626399.61147
626793.506797
626585.805894
626705.513857
627035.549601
626911.583779
626999.622439
627115.522115
627185.824611
627327.734643
627366.977062
627513.130947
627896.271521
627685.582406
628122.893078
627932.060759
628286.32619
628123.218337
628508.565488
628293.897515
628714.025002
628490.291649
628572.79685
628716.352961
628784.934162
628907.372692
628987.220749
629418.29382
629518.169224
629589.499421
629362.488817
629532.734593
629607.153319
629695.471508
629813.479452
630187.904452
630010.1353
630100.582616
630452.607574
630307.220645
630697.975504
630530.240501
630880.764177
630671.50927
630830.004232
630922.164151
631005.954899
631131.886538
631490.467887
631292.273696
631688.679041
631829.387337
631592.916945
632051.635988
632092.19184
632226.276824
631968.520525
632109.057042
632514.506047
632601.282758
632685.840672
632837.892703
632867.110976
632716.448164
632769.809523
633190.761438
633290.388001
633398.54842
633469.895219
633305.304512
633694.789997
633489.242284
633896.094441
633693.523418
633788.743763
634183.735459
633973.497916
634410.449195
634198.168199
634599.070197
634386.780469
634518.834798
634896.538025
634710.392017
635114.295665
634884.38155
635012.048523
635116.459358
635205.968492
635294.236536
635415.613097
635537.404616
635904.980784
636025.523307
635784.968289
635900.11258
636022.032844
636364.553539
636192.21228
636280.445666
636396.558412
636799.084729
636609.511402
637004.158173
636785.936791
636881.284402
637016.110295
637082.074832
637522.159243
637287.189625
637392.635624
637491.186559
637592.271245
637706.237389
637805.546902
638202.801269
637997.502879
638363.469038
638499.18317
638576.437637
638414.402473
638491.471619
638914.428964
638998.780647
638777.060117
639175.347545
638998.076034
639117.299699
639520.911531
639626.808679
639417.276486
639806.729931
639899.079064
639997.239054
639786.423292
640186.35693
640006.943892
640098.011983
640511.568447
640312.342624
640738.194903
640499.770923
640581.055777
640699.072891
640799.656334
640898.482614
641298.381955
641413.593703
641200.949261
641281.947412
641686.461769
641800.823864
641912.232171
642027.940316
642093.331734
641882.46865
641967.43987
642410.372387
642482.357744
642330.708239
642407.114837
642495.732944
642544.039744
642707.653486
643082.99678
643195.367701
642993.99148
643112.46472
643232.006297
643578.088807
643388.561917
643535.424397
643590.822417
643687.604819
644091.437477
643887.573152
644001.243361
644416.609961
644224.594176
644307.576102
644416.159354
644806.50525
644615.288451
644690.142692
645072.93441
645215.009356
645293.971755
645113.613878
645180.015137
645304.962753
645686.711986
645837.031894
645897.171419
646023.520058
645810.787868
646235.944409
645992.295836
646114.5829
646215.227453
646574.200238
646405.26442
646508.019687
646592.810639
646992.803643
646781.138631
646931.501129
647342.018743
647081.766577
647483.183697
647279.611334
647400.728344
647488.250156
647872.395606
648032.565345
647791.805134
647912.015896
647986.590207
648122.335436
648213.012131
648307.157676
648412.480106
648519.608956
648901.897204
648978.775777
648791.289934
649178.94915
649033.303791
649113.132897
649206.186704
649623.227059
649695.768486
649800.777164
649601.222148
649696.813598
649785.738875
650191.921328
650012.11833
650400.733063
650152.725615
650338.717783
650688.898275
650489.088107
650609.299297
