997.585219406
842.784412664
1168.27633716
1011.93181402
1121.32933261
1199.11347959
1272.95124384
1396.51089669
1498.16863848
1887.7503797
1701.45168753
1805.65774469
2193.51758181
1984.50121579
2385.91047233
2524.78220289
2302.4865118
2417.44072488
2510.62747812
2598.48071228
2994.56608395
3102.30789953
3189.07470931
2993.04654625
3117.24030368
3197.24656644
3284.07635373
3417.35041011
3802.92001601
3629.67664459
4008.88320326
3804.88267646
4222.46507297
4277.85549792
4399.63417625
4168.45956201
4318.12898447
4734.16838712
4491.22709947
4567.46034315
4996.84318819
5076.72766326
4893.91194676
5008.58324416
5088.7218675
5178.32393121
5591.15340291
5385.29244045
5787.09320983
5900.74720827
5975.7079953
6074.17228239
5901.72575977
6329.80205015
6117.61306104
6222.45543972
6313.50154156
6692.2171377
6803.53730949
6589.8709234
6976.34866553
6804.54850515
6908.66633022
6986.77317486
7127.17240445
7205.49057745
7326.25159779
7718.81229761
7820.6312089
7868.02455462
7727.65102314
7797.33122349
8204.4443225
8001.84284393
8409.93475867
8490.58691775
8621.43819391
8398.72336905
8482.32181696
8937.72997482
8717.41362231
8774.89584061
8909.88834511
9011.1822008
9099.92108755
9193.22097995
9321.0957787
9676.08509152
9752.73821021
9610.38894542
9691.87739125
10088.0193094
9911.89446079
10024.4235492
10364.8240856
10521.6608303
10602.9106616
10688.8345052
10837.412275
10584.9925796
10971.9075442
10821.6592521
11167.3282494
11000.474991
11098.9473911
11494.1421511
11627.4363201
11682.9739814
11503.8922882
11896.0352559
11673.0059318
11800.6044161
11903.9485368
12016.032731
12109.6867817
12501.4918
12584.3189386
12408.6266012
12508.8983999
12902.715905
12690.4626233
12802.0838454
13210.4906266
13318.6959172
13385.3144549
13174.8634195
13319.6403511
13417.5707095
13849.0946522
13563.6366367
13731.050751
13818.2787211
13921.2101974
14342.8539173
14073.5223487
14492.8380756
14277.5976088
14399.0308401
14801.2729556
14908.7803605
14692.1693284
14824.3375687
14903.6552819
15295.6998571
15115.5613877
15225.4881975
15651.533999
15417.9463276
15519.0576101
15908.8628771
15681.0115133
15827.9053935
15908.8717199
15953.1255936
16411.7822843
16151.7707328
16630.4956299
16411.9604876
16790.5399688
16589.0154377
16730.6353971
16831.7271983
16920.2863433
16968.0421548
17084.4886739
17211.0586496
17313.423263
17425.4974439
17476.6651387
17907.9150673
17730.177959
17810.9476883
17858.6749807
18325.4026463
18079.2530245
18184.2286427
18637.2781188
18405.1203388
18824.2238004
18907.8669866
18700.4661841
18798.1930213
18880.6596841
19016.1048741
19114.5689122
19495.7495823
19313.6971021
19390.1624323
19800.5291347
19890.1739313
20015.9995836
19803.8578469
19901.0668856
19979.5763705
20060.3483451
20475.677262
20638.1383996
20402.7966004
20810.3372935
20602.9508899
21022.348444
21065.6104444
20867.5483047
21305.0553925
21097.2298289
21520.0374556
21312.7129492
21382.4089116
21799.4642224
21607.0074098
21707.6703988
22137.5585303
21924.0165833
21998.3127474
22090.4568852
22187.5404937
22302.1495534
22389.8469247
22793.5953663
22580.2058929
22720.4923191
23081.4088911
23185.9213017
23013.6526515
23402.9116046
23191.8519648
23260.6757929
23724.3585554
23798.7385711
23580.410244
24001.715466
23772.455201
23883.8505917
24291.9572287
24394.8491128
24489.3968571
24608.3128323
24674.4867404
24509.0715068
24607.1127295
24995.0111642
24824.2677387
24896.3205764
25296.9741195
25371.8394291
25519.0837565
25582.4335714
25702.0897973
25789.3961544
25941.0050233
25718.7862734
25791.8432836
26207.192333
26304.7601315
26430.4320796
26180.6228821
26584.7047302
26400.563864
26782.7666652
26577.3891067
26975.4406889
26795.9760672
27164.7705928
27013.0135228
27417.1256671
27193.5592557
27301.9434272
27700.409171
27796.0902321
27588.4202417
28041.9759327
28089.1457106
28188.3230219
27994.6490968
28389.1537234
28178.9660962
28621.2221875
28390.4862209
28802.1383234
28873.918569
28992.8954813
28794.6400392
29179.9552622
29008.8437257
29107.4064927
29478.9230509
29611.1798845
29711.8439472
29517.5167933
29888.2809682
29686.6965878
30074.5363288
29913.7756475
30287.0939422
30118.5517191
30504.0333906
30332.134362
30701.2551131
30492.7871509
30614.823312
