705.329717697
829.439674502
1207.52169638
1278.4040297
1121.40629165
1195.47210317
1314.61395997
1394.24972754
1482.84537139
1637.0103824
2020.99881187
1799.96752169
1916.44569466
1984.94782455
2402.95563943
2196.1253402
2299.45697831
2380.91283535
2762.82746431
2592.46464254
2694.23733042
2815.57615248
2905.95517165
2947.91715832
3145.0242466
3215.99149117
3292.61472695
3377.96534003
3491.978473
3595.35104916
3696.49997034
3779.77553254
4213.57118264
3989.90444885
4393.46983494
4193.07951293
4324.81949839
4406.35721077
4480.66806305
4618.8353898
4686.84473482
5110.75224722
5192.71576316
5319.11097251
5091.92430205
5518.07832042
5594.37604548
5388.88232815
5773.52106745
5611.88469218
5970.67409452
5814.39143937
5884.1186545
6001.46313516
6415.03269356
6207.66241364
6295.96907793
6703.55079382
6797.62165557
6883.19413299
6961.54741097
6790.6493768
6890.0204614
6982.34366226
7391.20826876
7468.81783474
7556.31933574
7428.04695048
7782.23105846
7598.48604481
8046.71021636
7803.55104452
8180.49856318
8025.92450514
8067.94068138
8488.05573358
8296.07057332
8675.11252678
8781.90531262
8602.55812439
8998.99580479
9080.21521277
8919.96523412
8973.78751551
9388.94662654
9195.09341253
9305.92308473
9672.90275988
9490.29955349
9887.87853896
9734.58885687
10135.5819272
9882.85894301
10298.9641109
10109.7627917
10477.378288
10623.2849045
10391.9922761
10823.6230004
10598.7826612
10976.1601479
10825.4181879
11185.1935968
10993.2027874
11087.3665153
11542.4225059
11299.2564069
11697.855297
11797.7617241
11880.7266638
12012.9866547
12087.6157401
11913.6941817
12001.7923153
12399.6727707
12201.6476938
12643.857096
12409.3624643
12502.5712321
12894.6479762
12719.1677782
13096.2342529
12905.3048309
13322.2675598
13070.2783028
13511.3880701
13563.3494476
13674.9353703
13770.7194694
13885.9001009
13988.384916
13806.123323
13882.6718053
14038.0142325
14412.3556909
14491.4426919
14324.5528277
14706.6171432
14784.9495435
14916.0379843
14707.0433217
15123.5319509
14895.3524716
15004.3635874
15108.8459364
15495.0659898
15291.9056584
15398.8333217
15508.017472
15599.1414892
15700.37152
15805.6687944
15933.7103743
16014.4735154
16364.0717817
16490.2051929
16616.0503764
16411.9162989
16800.0829921
16581.5667775
16693.7711542
16799.5994436
16900.1889581
17279.0491016
17101.6582614
17166.7879306
17308.8607225
17425.6501935
17471.2702571
17599.538679
18005.1716031
17809.7597979
18238.8516153
18320.3307358
18106.0696281
18516.5427209
18584.4190321
18700.1535527
18495.6163415
18601.4993267
19000.3176308
18778.4961426
18924.5819209
19001.1685525
19405.0149811
19491.2561966
19606.0576173
19407.1920826
19804.4472604
19609.0079096
19711.7726657
19810.7826106
19908.3454623
19994.7051462
20102.6563699
20222.4059194
20619.9288705
20399.4716643
20486.4197864
20600.1387886
20714.3745126
20808.2478676
21149.4955229
21293.5334677
21404.5258532
21204.5252617
21618.688611
21416.1485437
21518.9346745
21583.3752343
21677.272241
22112.7152531
21928.0488777
21994.5562092
22154.0711958
22190.9003071
22615.4269833
22717.0655453
22751.0073718
22889.6024558
22982.3004208
23141.5902786
22918.8845122
22998.0972344
23394.999368
23208.5345027
23311.0091967
23440.7548559
23791.1285477
23593.7384541
24010.5012608
23790.7302182
23908.4267252
24308.7124662
24090.6637586
24195.3986087
24326.5622739
24398.8933328
24790.2809464
24913.2659718
24991.9833871
25114.3458994
24919.9977609
25280.9196198
25135.9745586
25502.5397861
25293.7637128
25354.1294477
25801.3291381
25873.4134279
25687.0525824
26103.0952571
25912.7770928
25992.5982737
26108.4263303
26206.3693334
26592.1363702
26420.1537783
26805.101847
26895.8791937
26718.0847204
27081.496364
26906.1589319
26991.0442747
27374.1516481
27244.5919146
27591.1046111
27407.1493892
27780.6699795
27909.6665914
27704.7623998
27803.8938866
28163.4828168
27985.736518
28090.3558572
28193.3444147
28620.3350929
28700.1294097
28792.1470381
28910.3976084
28703.5905904
28808.4546516
28914.6855832
29028.0867494
29393.9694873
29184.8006043
29588.8817826
29433.8064443
29808.1666128
29599.5818198
29988.0715648
29838.7605096
29875.3076146
30323.4420664
30096.6563817
30505.0379776
30287.091389
30408.0440579
30778.8641101
30905.1432625
30689.1761304
31104.660888
31217.601657
31007.5062762
31103.0423691
31198.0618181
31297.9246028
31382.1291609
31481.6083746
31915.1944063
32006.6437924
31844.1587681
31902.4537422
32266.0810547
32095.2572622
32449.6414268
32588.256827
32390.5846733
32815.1569255
32933.0874352
32677.5544875
33119.0909083
33209.5937738
33002.4557911
33109.8452704
33470.8207456
33259.7248378
33410.8691301
33503.8736877
33893.6559695
33974.8758093
34084.3563532
33916.0847263
33996.2693141
34383.6822832
34208.5603248
34264.0787323
34736.3395053
34499.7991926
34610.2311102
34981.1890615
35104.7526024
34951.8944007
35007.2807345
35091.8550121
35211.4049538
35591.8609376
35408.8244257
35516.154967
35559.8154309
35680.5072306
36133.6335031
36207.8370924
35987.8776097
36344.4659739
36530.7145675
36309.0564062
36704.6454203
36809.7265081
36903.606338
37017.0313004
36804.7568207
37239.0539882
37012.70772
37364.6376353
37192.8205787
37571.1494401
37375.9035345
37778.8925971
37627.0474211
37723.1247111
37821.9464879
38243.0172378
37990.4777239
38086.9000654
38184.3633678
38618.9807068
38689.548104
38500.9795256
38602.9024469
39007.1006394
38799.7854927
38908.4430691
39007.0517031
39122.223988
39542.4532974
39284.900782
39414.3747679
39493.4364885
39611.8014706
39711.7025172
39787.6843036
39882.6063971
40007.5038073
40089.5621627
40483.3402145
40279.3687829
40397.5715637
40783.4705289
40633.5521867
40706.826031
41085.1541413
41171.5890216
41285.8944864
41401.0780159
41492.3762649
41305.0911046
41387.6178187
41834.2754644
41925.3031719
42014.8736771
41814.7712805
41886.7589032
42012.9435313
42116.0003785
42198.063296
42341.4357622
42690.4425154
42449.0631087
42876.8963597
42716.9424732
43087.4254541
43185.9089739
43005.8891185
43125.2066362
43494.1124033
43283.5298785
43396.166698
43805.5902421
43649.049355
43685.5799114
43765.5978164
44207.3203143
44288.4683669
44106.7263573
44528.3676191
44301.2959645
44383.0045961
44484.1152182
44896.8967237
44688.3459958
44803.901142
44913.3680651
45288.3040547
45147.7282042
45202.2617515
45605.9649432
45703.5745432
45510.8907503
45908.5370896
45723.1846793
46109.1125694
46207.3709256
46009.9625617
46099.2377392
46498.6063744
46569.3077659
46392.6309903
46746.7763507
46579.2977666
46686.3162182
47138.3267596
47236.3889811
47005.5039268
47406.2991677
47204.6263898
47299.549547
47371.1695489
47747.0709266
47879.6474992
47722.3589584
48090.9960452
47899.7233932
48303.0742066
48082.5394784
48171.1345328
48594.0819316
48732.1771548
48485.0337529
48904.0879039
48703.8010789
49113.2774148
48865.324317
49299.1232528
49405.1748119
49214.1742026
49319.8774442
49423.1598805
49499.6612078
49609.1348168
49684.2637981
49820.5805447
50166.1067942
49959.3778397
50082.0644224
50514.7485179
50596.2404731
50717.550625
50792.6833565
50590.7946514
50682.6446117
50799.7715804
51211.9785083
51032.9489358
51096.2990997
51478.1217421
51288.1669459
51358.1063738
51491.9990255
51896.8138987
51973.3561569
52113.6601414
51923.2336135
52303.5455299
52114.8495408
52449.7164407
52330.7605608
52416.7872737
52515.9714184
52615.8833111
52657.9245464
53126.3980088
52900.4869106
53309.7702132
53393.8480513
53501.5717716
53609.2976416
53691.238547
53768.6413936
53601.9896998
53691.6708133
54089.4965572
54199.8595441
54027.6447334
54106.1173477
54204.0056227
54284.6534168
54406.7405867
54471.0975168
54592.5339173
54692.101979
54826.670499
54894.5518776
55006.3946186
55398.7458116
55495.0881388
55584.7906589
55688.556335
55561.1471802
55631.837845
55995.1294803
56110.7726278
55886.7250564
56307.1049342
56417.3344142
56204.4016215
56312.7726
56409.7745609
56505.8080269
56915.0982825
56996.0996681
56813.6101789
57177.5144307
57297.2903655
57092.1103257
57205.5186279
57611.5626028
57428.0265985
57491.7742721
57926.0255438
58017.8473697
57782.8106389
57913.9552009
58277.3572205
58109.3762777
58492.0454528
58596.0624016
58386.6489767
58833.9701416
58618.8283159
59017.4588156
59109.5593094
58903.0921184
59301.1181617
59410.2650197
59211.8720683
59582.6164955
59395.4634945
59512.1993056
59621.4852481
59974.8164258
59792.6020588
60190.9566442
60305.3615961
60115.6952835
60191.8533049
60284.3667104
60398.3967135
60786.9807471
60619.5418109
60984.2172133
60814.7673445
60905.564266
61255.3214528
61431.6546077
61201.7059711
61622.2714283
61710.204782
61542.6787263
61601.9914527
62011.8338972
62066.154592
61880.1555255
62043.5819795
62397.7360787
62498.3029265
62325.4242217
62421.0121073
62795.3805203
62910.7989034
62990.7968571
62789.1456846
63211.5785302
62996.1021192
63109.4289741
63219.4975506
63610.8102625
63710.0500068
63491.5941281
63898.1980606
63730.0064035
63804.7746439
63872.25907
64276.7554513
64374.3672209
64203.707158
64643.674277
64394.6270694
64818.8290997
64608.8103919
64708.7989851
64776.284344
65168.8489692
65285.8588422
65089.9816351
65215.1266447
65300.9230904
65401.8384034
65786.5968983
65604.3121808
65696.8157804
66101.4481303
65893.248621
65999.6469796
66402.4661036
66201.8925248
66296.2174767
66413.3391739
66777.4626022
66620.7543592
67015.5301712
66753.1606863
66941.7700796
67004.0740605
67140.1309207
67215.0542549
67294.3987979
67701.5090238
67513.9095527
67916.7738608
67701.8601791
67836.9252925
67900.5502427
68285.3314607
68111.5549803
68185.7133284
68635.6162932
68344.9548119
68501.028592
68888.1715184
68720.7727275
69085.6744149
68878.9444442
69007.102072
69069.116092
69507.4216653
69274.597796
69423.1178229
69793.9785222
69612.2724549
69945.4917162
70067.4298262
70249.522705
69996.3347015
70359.6344472
70182.3182388
70603.1459909
70386.6535827
70792.2534539
70577.9543066
70673.6981402
70794.2840112
70933.0084449
71275.6714289
71084.1625135
71521.1658463
71301.7537881
71396.8507641
71486.8633272
71917.1191114
71714.4236898
71796.4074786
71904.9898776
72007.2569489
72414.854716
72529.0026342
72567.1678575
72405.7901752
72491.3212486
72632.6497839
72705.6345474
72799.946701
73211.4848892
73304.8887331
73097.0138245
73485.0060264
73295.0292249
73401.6538849
73477.4356901
73610.5787362
73674.6284877
73775.1910606
73896.455535
74005.019095
74111.884361
74542.2785004
74327.9434736
74373.7450842
74475.62061
74930.043474
74697.2949729
74776.7911325
74920.5305225
75000.533909
75095.3426468
75208.0959139
75612.3811735
75702.1668613
75505.2516587
75859.3181392
75994.460705
75761.5269904
75918.3903999
76317.0184145
76104.81351
76194.5803098
76310.6260782
76426.5071587
76523.037802
76601.9632889
76711.5940412
76819.0126194
76921.1253342
77299.9106194
77115.4359782
77497.6698731
77275.3738529
77416.6387152
77507.9809923
77617.3903237
78002.3593695
77788.5949617
77913.0887394
78274.5377862
78123.8399087
78202.157389
78283.3346342
78402.801734
78499.9026091
78909.887615
78706.7657336
78777.3345965
79254.6972459
79009.1259287
79411.0002156
79514.4953114
79273.4284054
79366.6658393
79824.0108413
79906.3246404
79700.9139179
80089.8947298
80241.0327329
80002.2509109
80128.9993612
80188.8070996
80276.5639677
80383.5602421
80770.1846443
80581.6664458
80726.3264529
81089.3866142
80913.2135866
81259.6692719
81091.8543542
81490.7964043
81325.0473459
81732.9900467
81514.6230692
81862.1731471
81989.8285218
81790.1920417
82237.1304085
82293.0532274
82075.1859913
82223.3615534
82592.6094457
82705.5135115
82509.1452891
82559.35538
82715.1751378
82801.5886235
82884.6503233
83296.6221305
83111.0259594
83186.8896325
83296.1651326
83686.8813822
83482.9518744
83616.8235007
83726.0131613
83821.6057898
83912.0311433
84028.1556899
84099.258716
84206.848187
84279.7570579
84383.6686713
84491.127103
84885.7832166
85047.440292
84795.1943942
84899.5663561
84957.4057949
85396.6849423
85526.4706772
85333.1024954
85727.1686046
85838.757219
85609.026204
85660.7236191
85817.2181845
86173.8572197
86051.4781118
86099.9153346
86217.900529
86618.5795434
86707.362647
86816.3853259
86626.7418084
87004.2827306
86803.864803
86909.9602971
87006.5658864
87413.2406954
87203.3608239
87333.8228982
87692.8202696
87507.5877908
87905.9471816
87694.7121345
87818.2379555
88177.415569
88292.9011812
88082.2761195
88501.8463714
88305.7069217
88721.1218793
88807.8459554
88586.8554956
88691.8748156
89050.8491405
89213.8173569
89324.7405441
89086.082304
89203.157856
89304.7750307
89393.2348855
89529.1153975
89859.1673568
90021.2102623
90103.8310137
90163.3806408
90003.466074
90107.903524
90484.3726853
90310.9113997
90679.308747
90766.7544539
90606.9172974
90998.8532988
91114.2635144
91197.8486041
91001.6420154
91402.4413629
91488.3624292
91597.7579322
91402.8025284
91809.7699591
91592.1088515
91700.1988783
92092.8785936
91923.703356
91973.8469734
92063.1171768
92231.6382337
92314.6756814
92742.9269581
92519.7658805
92595.0904534
93003.8269068
92826.4605478
92883.0210342
92984.4925735
93396.7274324
93214.2267768
93320.1059955
93400.8250081
93775.9363315
93576.7737315
94000.608183
94133.4051533
93893.6646917
93997.1313463
94385.6946622
94471.5250197
94576.0839952
94702.423592
94795.826454
94886.0596789
94708.4024572
94823.3365089
94907.2807265
95030.9831305
95110.791972
95200.5078492
95308.3057712
95417.6330523
95477.3769683
95905.176885
96000.6420457
95760.5141319
96180.7467219
96278.1177249
96088.8411838
96197.9068634
96604.838209
96370.3406838
96832.3229775
96610.0817358
96708.7420315
96818.8576825
97181.6549323
96986.5342969
97096.3136749
97508.753829
97570.563201
97371.8452131
97501.1506237
97585.6902731
97995.0386585
97791.2292042
97900.2344841
97995.9867416
98385.614201
98197.2144788
98255.2504276
98405.7258099
98478.1052051
98928.9425774
98725.5536628
98826.2988894
99199.3309525
99008.6043166
99112.7864373
99526.1503253
99286.0564716
99422.3456669
99494.291738
99918.7520378
100013.128386
100066.809924
100209.401959
99986.0983771
100417.195365
100192.225696
100290.70367
100696.689603
100475.126214
100912.118745
100711.647386
101109.698199
100905.457921
101293.835401
101394.183448
101502.855157
101308.08537
101695.118043
101508.332562
101599.217299
101962.561453
101835.801786
101883.702193
101969.809656
102078.917137
102221.289861
102326.731199
102405.705503
102530.467842
102898.843041
103018.129957
102794.884082
103215.744045
103290.787068
103113.477276
103207.111223
103317.076402
103362.810801
103750.745009
103590.664781
103980.300841
103806.22764
104220.486317
103970.266221
104104.371263
104228.941416
104320.311471
104708.464038
104800.318662
104926.03175
104743.507422
104807.689242
104903.182677
105020.034019
105104.193076
105491.233108
105322.793644
105408.185245
105508.951686
105615.911738
105678.257146
106109.389671
105909.627785
106305.754307
106110.819378
106497.432606
106600.41148
106695.167424
106507.951689
106609.252425
106991.493718
106793.264446
106928.628289
107036.221126
107419.06392
107464.484889
107602.09949
107391.928677
107782.306444
107628.244568
108004.610336
108103.464019
107894.951213
108282.331202
108062.328279
108182.921274
108632.307475
108410.916343
108783.239681
108586.412923
108707.568556
108794.237084
108889.309689
108996.34748
109094.858173
109189.167287
109299.409589
109739.634219
109826.992287
109577.347024
110023.831019
109811.964746
109897.809576
110011.494082
110110.70646
110186.621357
110616.150048
110427.275778
110780.112222
110929.963756
111014.080704
110783.160712
110917.571708
111026.211276
111392.057553
111203.680672
111575.191717
111692.906517
111479.988216
111578.694488
111740.797595
111806.040847
112194.864814
112029.20723
112373.146167
112204.820614
112279.001942
112429.664388
112526.619591
112604.077032
112975.059968
112795.302403
112892.992408
112996.863352
113119.409762
113191.410124
113290.576777
113704.022932
113521.984405
113637.751401
113733.511749
114106.007815
113900.985373
114270.980154
114391.246892
114203.641291
114323.381281
114410.429766
114498.719863
114598.320909
114999.889542
114832.689795
114895.418883
114991.867807
115126.034394
115475.627623
115589.019343
115418.101812
115511.054163
115930.084557
115949.360321
115828.654783
116209.742157
116002.610944
116381.641765
116479.443493
116270.604809
116694.474902
116511.43248
116615.840613
117014.454965
116777.472611
117199.282865
117005.882481
117350.552939
117195.75806
117584.008671
117699.272101
117539.126336
117917.336236
117722.242344
117826.846584
117916.930769
118003.494945
118107.136404
118516.649473
118655.407662
118394.441564
118812.045552
118603.381076
119000.501118
119122.909502
119197.374778
118986.89839
119101.092091
119213.243535
119655.923258
119420.853563
119797.001174
119891.436874
119718.444831
119818.637735
119913.502035
119989.096703
120385.637151
120166.757026
120578.397893
120703.142638
120512.49539
120622.252619
120704.844014
120777.649874
121163.478935
121023.589263
121107.213653
121210.867781
121595.478615
121702.094687
121482.556672
121613.283974
121701.470673
121787.60658
121891.220718
121988.702765
122098.045296
122520.474188
122314.69915
122410.554611
122472.813567
122611.045828
122970.713156
122784.666881
122909.430957
123019.723988
123406.476922
123172.853059
123582.591537
123685.9073
123808.096862
123610.160519
124007.06352
123817.717995
123926.229598
123979.165173
124132.671119
124467.322667
124305.848319
124739.695898
124536.693314
124568.663182
124993.802609
124822.488219
124898.972311
125036.310171
125116.202997
125488.130624
125309.283246
125660.703136
125495.229778
125911.665441
126000.438456
126102.801326
126187.908455
126320.268911
126394.495484
126453.948959
126315.055356
126421.949614
126798.274448
126613.276043
126994.554004
127115.454931
126909.430291
127284.135993
127383.878833
127486.382634
127311.531651
127706.291377
127502.73216
127605.48892
127694.675935
127795.904472
127870.417131
128275.96316
128109.373556
128514.534132
128294.514802
128699.633087
128804.750649
128915.589437
129006.422616
128797.310906
129243.810261
128971.322221
129095.928002
129538.27496
129328.881065
129410.494488
129812.797841
129606.979988
129717.174887
129786.260804
130209.389852
129997.531456
130403.595722
130179.549638
130634.66302
130424.619538
130498.351287
130593.06999
130970.807652
131096.317198
131232.513466
130988.04618
131138.166857
131503.513789
131287.742441
131704.635208
131785.92174
131917.182412
131711.258186
131795.935274
132218.558683
132011.159433
132108.107673
132512.136221
132322.928568
132394.857397
132509.493706
132900.267574
132734.689813
132810.949784
133196.371389
133306.796405
133422.994542
133210.953004
133288.361654
133435.594068
133787.69346
133561.533649
133698.846544
133796.132208
133884.748157
134305.393314
134106.147466
134493.643308
134262.499556
134728.378742
134834.872725
134603.988353
134695.156585
134768.944437
134887.878962
134992.203335
135411.623988
135512.32105
135610.128968
135406.316271
135527.958729
135585.624057
135685.088707
136081.70203
135913.840589
135993.948045
136094.839243
136208.583058
136618.261064
136397.477696
136488.707525
136905.407185
136693.572895
136797.748756
136897.574477
137006.992018
137421.92189
137443.196993
137301.500144
137738.558379
137494.617826
137935.858076
137721.187721
138091.948015
138181.190816
138018.226834
138393.670348
138164.454072
138299.455339
138423.237254
138469.017843
138633.643219
138707.421776
138844.00741
139240.42611
139336.808257
139412.050914
139201.293166
139296.424533
139408.103851
139507.478613
139608.752035
139702.413125
139790.900412
139868.568441
140287.908139
140415.824459
140200.479721
140277.577905
140392.126368
140468.533639
140610.685221
140695.540828
141098.136146
140872.076609
141304.952061
141086.82722
141176.491165
141606.084517
141407.194893
141493.857644
141613.091212
142045.979646
141798.427489
141918.472185
142006.101085
142111.577831
142201.800375
142596.340327
142426.040864
142835.812533
142633.245841
142705.791642
142785.380137
142891.012494
143271.508625
143388.011552
143502.039123
143320.253017
143427.866981
143509.066564
143613.38474
143729.073424
144105.025358
143940.25036
143990.186733
144108.027736
144199.36906
144610.971261
144397.387871
144477.470617
144905.366456
145013.363227
144789.276602
144894.316424
145047.310967
145406.513348
145491.49332
145315.097769
145732.539339
145519.098567
145615.344141
146033.041169
146104.47258
145861.078337
146267.85054
146067.358086
146230.360219
146576.966277
146417.371458
146505.836685
146582.877339
146731.493649
147097.497181
146914.051291
147312.403372
147058.974216
147168.471765
147592.283213
147707.34215
147477.527319
147609.672076
147714.499284
147809.918625
148213.209267
147996.238958
148092.994233
148202.37381
148595.23046
148432.143097
148464.325105
148590.181524
148705.774209
148767.04153
148882.241873
149301.436117
149363.962398
149508.240079
149594.866478
149410.487734
149841.00359
149611.245061
149685.512174
149791.820223
149875.954288
150306.640561
150413.216632
150536.885128
150617.280483
150401.850798
150813.640743
150908.079776
150727.128282
150818.647531
150899.233505
151292.220506
151069.792605
151185.671289
151312.673231
151719.720541
151838.000371
151874.65034
152012.193777
152096.25919
151901.246377
152312.779453
152132.814345
152493.606207
152306.190705
152375.376055
152506.404495
152579.395213
152981.433373
153090.891479
152923.551081
152952.284647
153412.06654
153209.226006
153629.703692
153411.698062
153809.154984
153603.919893
153656.840488
153794.006561
153924.280659
154274.721958
154121.013328
154162.581985
154577.703909
154385.590752
154492.130611
154642.745394
154706.100381
155086.282214
154895.406176
155306.493322
155367.541223
155497.142318
155289.456795
155372.493644
155514.743076
155872.182238
156017.678023
155775.204417
156190.861057
156000.377903
156097.632404
156209.6787
156282.87491
156701.608996
156503.286298
156927.643399
156708.284383
156772.483101
157167.401457
157032.28884
157121.444493
157235.69263
157317.338323
157375.101013
157800.928192
157611.373551
158012.740262
157833.612488
157875.165398
158018.276419
158419.839499
158206.738996
158628.192795
158427.551714
158509.059086
158881.054211
158964.526746
158820.823633
159167.768862
159004.692719
159125.405705
159508.430569
159326.159428
159706.47714
159492.795337
159604.077118
159718.339632
159751.971326
159900.390896
159997.447703
160097.323623
160231.139192
160602.705677
160704.8093
160496.800587
160613.032061
160703.575914
161095.721858
161202.073515
161289.363473
161112.767346
161210.941976
161295.441333
161415.330169
161815.498102
161566.403174
161707.760091
162082.394953
162203.626926
161973.861078
162115.447315
162212.013139
162322.004161
162723.320829
162819.89549
162589.337027
163000.085355
162800.455541
162899.09796
163007.82042
163095.282049
163524.972111
163261.23478
163414.928096
163462.557448
163865.447872
164006.390753
163815.073596
164208.150876
164339.797218
164385.782131
164487.918603
164616.953995
164704.621712
164788.504274
164883.624048
164715.84356
165118.62769
165199.280099
164997.85292
165092.227071
165191.498461
165599.409111
165406.394571
165809.736088
165601.609765
165694.355923
165811.226804
166189.472799
166314.625405
166395.799829
166217.258038
166589.972284
166383.359543
166809.617409
166598.972552
166976.064559
167075.911318
166899.796795
167018.464326
167082.622326
167200.742174
167316.621353
167373.714745
167503.453386
167603.727573
167699.199838
168111.688007
167908.837878
168002.564486
168072.787087
168449.066775
168316.361449
168713.781579
168475.825669
168599.521718
168963.497058
169098.591489
168919.689461
168988.627112
169419.572865
169477.617877
169617.421358
169401.04971
169777.95378
169859.330237
169702.703113
169793.678716
169931.551932
169996.540533
170410.133016
170492.574433
170558.535242
170435.426978
170787.640625
170886.179163
170687.017993
171080.254958
170905.941204
171330.650458
171099.200191
171225.373324
171309.635011
171414.789027
171520.745612
171592.480412
171682.38728
171803.121147
171897.452912
171983.209835
172384.269434
172457.930805
172293.488943
172707.007852
172506.9494
172886.394191
172971.754469
172756.970844
173209.395569
173005.305744
173386.093669
173224.89774
173601.300354
173410.110402
173800.855457
173599.096297
173734.605131
173818.678439
174180.660821
174005.963221
174106.994319
174187.525689
174325.058799
174408.740641
174517.532214
174582.411304
174732.953268
175099.093774
174908.704488
174992.556203
175099.831438
175199.900435
175330.931045
175679.743136
175815.536665
175616.208716
175739.34269
175826.403293
176213.32217
176014.912539
176369.835366
176506.337127
176305.152019
176694.844692
176507.975343
176596.299007
176695.640669
177076.379799
176901.664371
176995.047556
177424.888281
177243.456665
177600.037913
177689.772756
177799.621033
177617.767068
177999.780689
178099.394085
177907.495146
178255.04868
178134.655947
178504.451393
178290.907171
178743.439182
178761.987149
178906.728955
178689.65923
179108.584064
178919.266064
179000.288502
179141.016906
179479.467791
179320.86148
179368.523333
179793.642496
179890.021591
179987.005898
180080.85076
179921.063979
180300.371915
180377.390671
180218.944292
180634.417873
180698.707684
180799.836928
180626.383564
181006.548659
180807.260254
181228.812427
181006.686169
181103.504231
181178.069773
181288.979117
181409.022571
181753.107152
181610.991813
181689.104195
181828.145079
182190.270928
182002.637577
182102.326968
182187.871156
182575.258695
182724.146503
182509.279055
182656.520191
182702.991485
182781.278975
182872.799095
182990.241401
183394.779406
183221.711518
183614.021761
183734.207017
183748.214121
183908.225456
184019.777524
183837.008476
184218.763226
184337.99721
184416.91218
184213.8409
184315.054511
184391.910961
184781.325553
184592.829689
184698.58953
184821.323119
185160.070368
185306.39839
185425.99442
185210.934407
185295.694032
185405.376285
185844.341601
185635.025687
185986.887258
186096.168809
185879.886333
186010.596306
186333.829888
186192.316883
186326.346306
186393.902552
186502.680615
186629.371989
186662.973295
187123.592176
186878.512662
187278.180675
187090.46511
187211.089399
187621.76947
187674.790362
187781.03868
187627.801102
187995.451798
187826.559212
188246.147033
187996.03916
188402.663714
188530.560701
188621.150178
188422.976536
188797.352169
188907.977378
188702.159309
189115.020104
189197.157971
189014.487846
189109.991475
189190.697459
189586.694437
189711.149492
189808.929598
189619.293418
189716.744195
190100.934293
190192.855322
189984.888912
190402.527608
190472.260972
190305.048239
190700.768835
190783.067639
190875.527035
190706.147735
190800.603047
190872.347531
191286.363417
191088.986457
191483.210192
191586.43934
191683.128819
191506.479975
191611.135634
191726.780453
191773.811706
191919.514732
192004.231593
192130.228781
192471.444502
192305.568685
192422.596329
192499.223694
192900.78965
192713.090896
192786.636995
193176.63422
193000.182833
193105.066387
193513.997448
193280.506022
193698.690012
193503.814807
193896.715377
193698.839439
194104.483591
193908.736109
194332.456042
194404.147764
194515.386869
194326.361175
194399.053212
194780.913575
194609.46215
195033.066099
194820.995722
194920.96515
195013.457263
195378.606405
195191.174517
195300.78736
195705.834455
195793.694584
195627.536104
195962.979458
196123.785018
195924.240512
196270.785384
196395.06856
196198.808971
196284.736085
196683.100435
196484.614986
196625.048877
197008.83488
196774.58976
196935.967495
197001.604238
197374.838044
197229.524793
197298.62956
197416.390678
197514.837509
197609.120839
197691.36034
197800.758251
197893.363385
198006.392989
198393.419806
198204.767549
198316.204298
198375.536966
198802.049473
198613.314251
198722.868825
199128.844426
198914.106145
198990.805557
199392.71451
199236.835698
199291.430536
199420.775224
199822.416672
199882.007483
199686.404843
200083.754496
199879.168542
200327.570743
200394.060094
200498.613668
200307.200998
200675.93083
200498.14087
200637.117868
200688.345781
201156.888714
201231.880639
201009.07068
201090.145851
201191.148243
201565.463642
201392.886231
201499.022656
201873.179997
201703.536339
201783.485433
202211.203924
202320.365819
202376.97242
202495.906153
202312.246821
202438.867564
202493.003482
202586.603312
202980.015956
202759.606735
202887.7781
203298.106435
203392.316695
203497.217416
203598.985535
203684.803325
203499.751091
203598.556825
203977.428075
204110.674626
203876.527061
204301.096529
204379.966919
204180.37911
204335.480017
204704.228712
204522.590851
204906.546272
205034.573099
205096.604236
204882.075651
204982.924752
205408.797936
205210.585643
205285.646195
205669.217032
205806.103843
205595.842985
205976.768094
206096.523858
206224.395208
205952.40218
206095.934115
206514.900674
206288.856621
206390.294929
206477.43044
206888.005407
206682.263037
206834.670179
206887.230666
206963.333316
207398.692337
207160.048694
207309.879634
207394.856652
207508.282878
207620.037999
207702.539582
207802.274073
208221.29204
208322.2784
208366.902895
208509.491094
208603.648049
208426.129448
208759.145102
208636.953214
208668.537793
208826.022842
209215.502543
209315.493504
209092.072178
209472.12659
209311.843514
209433.453715
209508.918802
209873.835445
210011.652619
209809.689899
210186.691435
210277.63732
210434.939446
210527.513811
210328.630428
210411.88288
210798.389842
210889.126157
210705.737267
211113.434198
210915.352964
211006.42105
211158.427585
211185.936496
211263.687923
211728.234869
211514.719214
211639.14643
211685.484174
212118.887974
211893.383216
212007.123593
212400.12468
212198.657719
212306.177446
212407.715429
212813.311926
212578.253086
212974.576384
212795.529895
212884.823938
213280.087534
213082.84934
213184.559327
213595.597251
213386.781536
213500.806507
213892.024209
213688.202293
213810.313407
213895.691752
214324.270097
214394.327755
214226.444292
214282.999085
214382.569389
214546.610963
214873.554946
215012.347063
215141.421868
214892.158249
215321.566092
215116.219315
215198.53701
215659.862345
215710.697488
215805.788045
215864.721122
215972.748036
216099.201666
215914.992348
216269.488952
216100.669745
216191.502305
216303.907378
216723.54432
216504.996744
216598.569606
216698.899313
216820.017426
216864.967808
217008.599128
217117.728217
217196.601048
217279.615821
217401.138275
217805.105419
217633.697285
217700.967922
217786.542972
218203.747578
217980.937422
218085.594317
218181.736348
218272.387845
218693.687399
218500.25702
218915.726936
219003.499361
218808.47987
218938.06094
219303.372654
219089.49105
219191.131386
219622.941499
219409.418324
219765.185197
219587.985496
219965.07914
220088.529375
220210.379873
220287.175537
220399.927359
220202.6371
220571.997715
220378.689162
220821.518548
220914.101167
220688.787006
220794.442968
220900.306562
221271.214486
221141.244697
221476.623243
221606.855569
221385.224346
221813.575265
221900.314148
221700.304578
221783.782073
222207.366265
222319.903367
222103.390497
222459.131408
222306.807991
222706.773863
222477.455685
222575.875775
222698.960252
223088.969718
222894.0088
223026.738816
223114.309686
223477.745686
223288.01201
223399.898782
223824.718731
223570.133124
223991.72495
223788.892982
224222.200363
224255.490055
224090.51524
224194.453329
224309.091284
224689.094706
224807.269578
224600.692122
224710.177389
225149.069311
225210.691108
224994.149909
225100.135478
225197.338349
225615.530971
225408.064826
225815.236967
225895.660491
225659.358831
226080.361161
226222.731142
226297.073824
226118.086065
226196.338758
226308.14307
226377.822461
226825.890869
226588.836548
226714.637701
226782.659114
226907.983608
226976.95015
227422.903553
227186.085828
227601.224597
227384.34439
227521.332383
227913.813365
227957.335293
228106.003423
228204.441613
228278.965431
228395.333449
228508.890717
228598.194982
228419.261094
228762.706881
228594.113897
228999.788084
228799.613506
229193.127398
229004.697383
229386.570442
229474.90116
229633.713925
229410.43051
229814.536256
229903.029525
229688.870925
230117.289236
229916.518248
230003.912126
230102.206928
230208.147088
230308.058669
230375.643894
230485.71016
230600.877671
230996.708163
230795.32048
230909.520722
231346.122131
231393.22407
231185.939041
231317.552225
231428.963685
231818.818502
231629.378904
232034.830581
231789.739294
232216.661826
232320.633718
232108.819963
232173.562788
232599.196707
232388.29046
232782.092262
232577.675675
232987.513522
232810.094388
232931.006227
232986.816118
233402.885095
233219.27666
233323.870189
233407.126146
233510.370028
233877.058306
233972.215305
233803.966393
233882.051983
233999.783393
234128.211317
234507.938161
234609.643523
234383.16231
234505.815238
234619.851385
234741.901364
235116.420042
234916.801454
234997.492881
235072.71298
235188.869048
235623.855634
235680.792243
235806.285137
235913.298043
235664.897347
235788.544327
235888.037009
236304.603464
236110.132023
236212.0165
236590.301487
236710.5214
236472.842069
236635.610907
236975.209192
236817.611245
237191.070369
237295.503827
237431.011091
237514.437382
237302.334065
237383.893841
237822.097755
237915.515904
237716.563679
237791.158608
237925.288724
237993.969839
238107.168333
238215.29481
238337.651489
238422.131138
238780.54609
238585.891889
239004.664657
238792.270629
238889.888525
239005.258447
239107.117874
239497.309174
239338.129281
239699.830364
239778.292979
239587.844412
240040.853178
239815.023933
240176.277483
239960.15481
240089.526193
240235.499457
240284.607735
240428.586746
240780.439275
240863.372325
240703.587115
241099.67955
241178.977261
241022.534623
241101.909536
241205.917924
241278.145359
241437.35286
241851.776435
241926.910278
242011.117681
242132.738079
241923.075354
241995.804994
242104.853474
242501.842734
242329.725158
242441.276473
242810.209125
242885.277078
243008.31084
243093.440844
243194.949844
242978.373683
243428.738785
243179.150128
243238.987183
243391.652389
243531.676292
243888.898032
243974.58899
243794.026521
243911.929843
244302.248066
244088.271014
244480.346077
244618.974061
244436.165643
244800.613
244901.696102
245028.572651
244831.494915
244897.124797
244982.405502
245097.254301
245160.344944
245305.254365
245400.988087
245809.079715
245906.149035
245663.2214
246097.206289
246201.094075
246313.332859
246372.323473
246218.301448
246609.425807
246711.464136
246492.02717
246903.364809
247025.96901
246826.087867
246906.321394
247010.911608
247120.434902
247227.755076
247300.638893
247685.478744
247807.788992
247925.570569
247679.716246
248121.582897
247907.532192
247962.920077
248087.241888
248518.338114
248591.935592
248393.95475
248532.284192
248603.035483
248995.375571
248807.109333
248889.300347
249010.673944
249127.669341
249192.104003
249306.871204
249416.690475
249494.741281
249616.576029
249707.404805
249821.744925
250201.223533
250007.868465
250083.638929
250492.89592
250289.984841
250691.408872
250490.845665
250600.892865
250723.386292
251077.544782
250890.693382
250997.403837
251381.922592
251208.002528
251294.051806
251405.467939
251844.196595
251916.66291
252006.840651
251796.211441
251914.314691
252255.097912
252121.483342
252198.050153
252313.677738
252684.234645
252502.786491
252616.011393
252714.804775
252808.737044
253158.757221
252982.579034
253102.479095
253178.397588
253623.342411
253421.650939
253508.227306
253893.455236
253688.569313
253834.18106
253940.342684
254012.626911
254101.569147
254218.514973
254597.104005
254692.066714
254518.464577
254584.586366
254690.056117
254804.644634
254888.362202
254994.031134
255103.770799
255234.946968
255290.398447
255386.397522
255518.552194
255911.403926
255691.983097
256108.236209
256208.170206
256321.085113
256404.631355
256498.064565
256300.791016
256356.092149
256779.805744
256607.405602
256993.802118
257095.322605
256874.396216
257327.180841
257390.12716
257478.659568
257596.881098
257677.216551
257790.50398
257580.652841
257733.336769
257780.644692
258206.266288
257968.392007
258399.465625
258532.918333
258583.067349
258411.285826
258498.29007
258924.029646
259015.642193
259121.541006
258883.232802
259321.624731
259400.586532
259481.304249
259325.059164
259389.906278
259498.958301
259600.241189
259693.843449
260081.811423
259918.088478
259990.663189
260089.17916
260209.763801
260327.941368
260412.806267
260530.918215
260919.377374
260696.812811
260845.94087
261190.466132
261013.157719
261069.634126
261217.077797
261320.822228
261680.304308
261498.029611
261611.952174
261706.201219
261779.370703
261907.695159
262010.506351
262124.303939
262195.936865
262315.285966
262380.993606
262509.983082
262889.80346
262728.873155
262787.986837
263197.271974
263016.671515
263385.105612
263234.41116
263613.607239
263696.281035
263790.283437
263600.076668
263710.090649
263827.893421
264219.434368
263980.874348
264392.982467
264208.877473
264282.644893
264371.136204
264532.924719
264634.428816
265023.68877
265135.687612
264884.394246
265320.553679
265102.883781
265206.858502
265281.60677
265395.537159
265814.380495
265560.617999
265695.077441
265801.105715
266199.597497
266003.331548
266415.580734
266231.87906
266612.834367
266682.395573
266749.758727
266904.29504
267019.477282
267075.537841
266905.439758
267317.517129
267100.530294
267212.838402
267617.243115
267399.471272
267477.91731
267924.870568
267973.33634
267797.034828
267931.418606
268020.02715
268383.02251
268229.690348
268577.818541
268450.502729
268532.618181
268913.359162
268993.306328
268789.153584
269171.702879
269257.93771
269105.185029
269480.053454
269304.397241
269367.56858
269786.493117
269607.434907
269707.764289
270100.914211
269918.898715
270303.924267
270115.842079
270232.458856
270308.457406
270413.321409
270815.540148
270912.162993
270981.146644
270787.858787
270896.55122
271029.017556
271399.348612
271481.144029
271566.455618
271694.870449
271502.715961
271579.555122
271699.981136
271823.932562
271854.242017
272313.351795
272114.298125
272522.056791
272339.153544
272411.009984
272831.852264
272905.486155
272729.964817
272802.288371
272909.048824
273020.11604
273105.317119
273508.158457
273301.851648
273714.509852
273783.478663
273608.305253
273980.417648
274068.123981
273892.050408
274272.504736
274150.448026
274209.430694
274591.523989
274361.398287
274482.88163
274928.002773
274954.432864
274815.823186
275167.66905
275284.76988
275090.641239
275488.357577
275293.001032
275387.780682
275501.391557
275903.617997
275985.806726
275794.852178
276159.963361
276309.040729
276415.473732
276527.86056
276313.809788
276665.634242
276510.994776
276565.287049
276709.846352
277103.676173
277211.555959
276992.592335
277077.215588
277490.609014
277319.108129
277366.60931
277826.910942
277616.852674
277677.417863
278124.278413
277930.334372
277991.427277
278412.884088
278212.909643
278304.369332
278721.544534
278478.211718
278909.340616
278670.577054
278795.355639
278929.874491
279318.500498
279095.417018
279197.328505
279593.777294
279410.130337
279498.800864
279629.790556
279690.441186
279794.931747
280175.713832
279986.299598
280096.00239
280503.064793
280611.602724
280405.545035
280539.159283
280888.958946
280741.230856
281109.675971
281183.615958
281006.168422
281120.178823
281497.551724
281301.672089
281377.007207
281481.670489
281594.015579
282011.475865
281818.132125
281914.791586
282005.597713
282410.097017
282219.947772
282590.475371
282393.575842
282500.854547
282890.173205
282705.788525
282801.650654
282896.616586
282996.610082
283098.97496
283481.032402
283308.551348
283375.178044
283786.603367
283603.699645
283993.225163
284073.177659
283894.741691
284017.529932
284416.48231
284202.445199
284530.289648
284709.695309
284793.867869
284591.493875
284709.78129
284785.902516
284901.40588
285032.443923
285085.764755
285477.852488
285610.832394
285386.923426
285504.81583
285608.496374
285712.223459
285797.85819
286200.646716
286011.05146
286085.354864
286193.590896
286302.116716
286404.126009
286551.212021
286597.038782
286690.473264
287126.115155
286921.355681
286974.736246
287083.080404
287497.285527
287300.80593
287407.893145
287780.003636
287913.458311
287688.201122
287777.199429
287886.926143
287994.463878
288094.797571
288498.907451
288319.757141
288382.557665
288484.487565
288872.663364
288704.702373
289113.372873
288879.91795
289309.03351
289114.213207
289476.722426
289323.254652
289408.705149
289505.718814
289605.242283
290005.902659
289785.960563
290170.663755
289969.675097
290098.547048
290216.646851
290259.695781
290413.048249
290536.757914
290937.356295
290720.210778
291115.016376
291197.40812
291007.743056
291392.523408
291197.172702
291296.283042
291382.789749
291500.412815
291574.379799
291691.593404
291809.444997
291904.883361
291979.755215
292083.838617
292497.507976
292296.919592
292413.325946
292500.859813
292896.798147
292731.104229
293104.509152
293222.30624
293017.874474
293103.1461
293211.649095
293621.994932
293392.080607
293506.373881
293590.561155
293993.476896
294117.216813
294191.963052
294280.310471
294118.301763
294198.960536
294601.330627
294696.064667
294515.141015
294586.964195
294675.624184
294846.004346
295220.374901
294987.152728
295078.507747
295526.278896
295310.20201
295403.529434
295832.145053
295905.450087
295695.817935
295833.32011
296195.96276
296002.527892
296103.554205
296531.707712
296292.523198
296383.963894
296822.711417
296640.224881
296999.179807
297103.991904
297225.099462
297303.955135
297099.911667
297534.723073
297293.796509
297682.311972
297484.486478
297934.741061
297691.067965
297785.780007
297923.383071
298274.946763
298086.866904
298491.908993
298594.385346
298413.624097
298506.235567
298611.821783
298964.020306
298799.981046
299202.589294
298999.978374
299106.96383
299203.62634
299593.25945
299653.449312
299500.816771
299622.735598
299709.978352
299788.414279
299860.474659
300284.277547
300085.614591
300535.704015
300333.141397
300407.927349
300812.618826
300581.089566
300958.747697
300807.381892
300909.263872
301267.495797
301405.724913
301191.024281
301603.778796
301400.362921
301792.684383
301911.824132
301687.900922
302102.294594
302233.995012
302032.852657
302380.64801
302473.605383
302311.024258
302409.896188
302521.549874
302614.600247
302977.430604
302829.099958
303186.555393
303297.524285
303084.578849
303182.015939
303631.17313
303405.140968
303513.904244
303605.29293
303723.998157
304100.464174
304165.418438
304000.437014
304083.780924
304494.150547
304613.532093
304411.307485
304492.953523
304877.944957
304702.105843
305131.666641
304898.575337
305018.017983
305387.638693
305498.016424
305279.077827
305723.816321
305795.83465
305629.250868
305981.000195
306108.75922
306194.089365
305993.883063
306371.849942
306513.872746
306600.438172
306660.890203
306777.608134
306605.751568
306966.819192
306796.548455
307237.581387
307015.562806
307130.416634
307201.017538
307605.209531
307408.4581
307527.972654
307614.267375
308045.173693
307785.103079
307898.968496
308009.889758
308098.038101
308509.571494
308355.371174
308390.244801
308800.504272
308876.261985
308710.808995
308767.364556
309223.465224
309004.681247
309114.377104
309501.134207
309315.972509
309445.354579
309515.088566
309614.016439
309706.65054
309800.060061
310211.223018
310281.039871
310397.749622
310519.522708
310340.979052
310397.54324
310816.781444
310893.878194
310693.718459
310770.202692
310876.19929
311012.091511
311080.049917
311210.388294
311606.718492
311684.081882
311494.163387
311571.401485
311663.018588
311796.057359
312182.90399
312287.607478
312110.581147
312521.507218
312614.517805
312744.007035
312504.861033
312876.654775
312709.727373
312802.758858
313225.819625
313313.493204
313106.851083
313162.334471
313294.708079
313683.246179
313529.726159
313637.132473
313695.351881
313797.676914
313908.658031
314028.112634
314091.57054
314504.579731
314296.308947
314735.590843
314798.45672
314645.569272
314679.804855
314828.254191
314876.386711
315321.032135
315379.612748
315490.164752
315554.099226
315385.112762
315519.144091
315599.951618
315708.940089
315806.37096
315881.97756
316000.610341
316100.86731
316213.230685
316602.48616
316687.228605
316792.406139
316907.197776
316955.165416
316800.435753
316891.062038
316977.056067
317406.4591
317494.414656
317641.906652
317705.271591
317509.667147
317566.203486
317688.999175
318055.069898
317914.816072
317999.526675
318116.998788
318202.835013
318269.779106
318417.171137
318481.820067
318626.11823
319009.401553
318827.820457
319210.410692
318984.904632
319405.177278
319501.309916
319302.413835
319718.538767
319790.115659
319906.172222
320015.780311
320075.387042
319911.105847
320014.814513
320409.725018
320504.446387
320289.682887
320422.270351
320471.375296
320590.024965
320689.363961
320821.822886
320905.571579
320995.595931
321397.318846
321212.088123
321630.932946
321403.311869
321525.566798
321915.610341
322022.24238
322111.785999
322202.095728
321994.358877
322093.404264
322482.768737
322630.237846
322399.387869
322515.15096
322927.708535
322656.899201
322820.567047
322922.418463
323299.496524
323364.40999
323206.715711
323576.041562
323409.877661
323799.016114
323902.024389
323718.484831
323815.181194
324193.291891
324022.701866
324397.063165
324514.658484
324263.341007
324393.538266
324802.297416
324564.584914
325032.874022
325105.557204
324895.252435
324987.59009
325419.675012
325512.172529
325566.253959
325690.669121
325524.524224
325611.612903
325669.297176
326094.81324
326215.250774
326012.070451
326099.862242
326191.475352
326631.233441
326700.815093
326524.63744
326905.87656
327058.187044
327058.813262
326872.64396
326982.697952
327414.519927
327182.578822
327646.732975
327666.383558
327798.961754
327917.162536
328028.074614
327820.307731
328180.289746
328022.532973
328373.905101
328207.933269
328311.295705
328375.923298
328833.317614
328623.307288
328671.452779
328790.68977
328909.488944
329003.19208
329431.504126
329218.805516
329321.504799
329372.825607
329795.090848
329909.00004
329709.230041
330132.558377
329900.451699
330297.453757
330413.038346
330205.88885
330305.217739
330395.436574
330799.88065
330909.112227
330986.15994
330800.873978
331150.971557
331030.093894
331112.467447
331168.675312
331273.555331
331403.483306
331510.752945
331874.514572
331705.821661
331816.613127
331893.976602
332002.532199
332100.709398
332510.783482
332293.23469
332405.839597
332826.297097
332923.044288
332711.694528
332804.370313
332947.134364
332993.266857
333386.715363
333213.987254
333596.419371
333710.379215
333477.944134
333596.021047
333686.248798
333785.148245
333895.673931
334012.730276
334108.46288
334185.801705
334342.770551
334443.193045
334510.985788
334607.230185
335040.97107
334825.963981
334899.394582
335317.655299
335079.194164
335478.753839
335285.037565
335409.299461
335774.210384
335625.520503
335732.705185
335801.857827
335916.221627
336296.722545
336375.271663
336190.548186
336325.912393
336369.563068
336505.812127
336572.044221
336713.746797
337090.132487
337207.554723
337005.652701
337383.411153
337193.754955
337621.659217
337679.915016
337530.603515
337620.214852
337676.523638
338097.057825
337894.998486
337976.9172
338118.376099
338521.287501
338300.728881
338396.415426
338495.031146
338944.032774
338717.113719
338783.147284
338892.291998
339282.133522
339126.132737
339203.283375
339284.84788
339716.325997
339485.098542
339612.287477
339701.407716
339794.603927
340223.199119
340276.119486
340088.991124
340226.898134
340331.016744
340687.735201
340527.45109
340893.437456
340682.623318
340784.181561
341202.744346
340995.723569
341108.159587
341202.081864
341605.026601
341669.060689
341795.635774
341578.607003
341690.335139
341792.50034
341902.395292
341973.769628
342100.231444
342164.125422
342310.357404
342380.209109
342495.8924
342587.298754
342985.694675
343112.649034
343191.273251
343286.368585
343089.943665
343211.049809
343319.618469
343713.68811
343772.820219
343609.913766
343706.485066
343796.558322
344194.636259
343983.294665
344396.104197
344189.775462
344314.009679
344695.726137
344782.507415
344593.563098
344713.764729
344801.981182
344888.199543
345011.9829
345079.969933
345499.730804
345287.117518
345655.686054
345819.959653
345624.086061
346011.478716
346109.765391
345900.841105
346013.540934
346098.344344
346217.790501
346589.535381
346391.127901
346494.575376
346576.58827
346995.447613
346846.526288
347170.10425
347324.365787
347406.268739
347213.166653
347315.067419
347407.355869
347489.044599
347882.590988
347983.08201
347808.952671
347892.9677
347993.372415
348093.01284
348209.352125
348573.02842
348388.809911
348502.984716
348604.944265
348719.755631
348805.418405
348883.971159
349012.898332
349072.841294
349195.021575
349615.309325
349688.071502
349540.347129
349609.332143
349754.594329
349799.184927
350234.869994
350317.951282
350361.43985
350519.699299
350600.594339
350411.293401
350507.319244
350592.681898
350978.47679
350817.851362
351184.313563
351315.097815
351405.955649
351518.985478
351329.43308
351718.965145
351813.491104
351586.969441
351991.953396
351790.391678
351905.823903
352004.20153
352424.503599
352201.098538
352311.395616
352707.532565
352513.059171
352849.563679
352676.647786
352798.154826
353190.538674
352995.026412
353424.442848
353222.867517
353323.385424
353399.10722
353758.230198
353572.459528
354024.350088
353803.073748
353910.566891
354321.528666
354093.313661
354517.741441
354612.419222
354421.564796
354764.643255
354623.312207
354712.513295
354798.408091
354892.82777
354981.024219
355128.165289
355201.124217
355303.960132
355700.186845
355809.839526
355911.89823
356003.307755
356107.669884
356182.281875
355990.878133
356098.372816
356513.662989
356301.904716
356720.524805
356496.490427
356892.736367
356683.648661
357042.752479
356891.524217
356985.889973
357074.876295
357486.47738
357313.638127
357418.048525
357809.315077
357617.340642
357696.175912
358071.440128
357885.291477
358301.322344
358418.889011
358207.955699
358597.200413
358401.173344
358523.935833
358592.73951
358997.42135
358801.140714
359199.087233
359016.805611
359407.978971
359255.219389
359303.856993
359681.625406
359788.246707
359588.575427
359724.007892
359798.291509
359888.669843
359956.814989
360417.058132
360498.387766
360292.29208
360697.801504
360802.4547
360599.352174
360994.61444
361076.231409
360915.709806
361297.021108
361110.677278
361202.951729
361639.948483
361374.719679
361507.178904
361885.871604
361691.474793
361807.870064
361907.799602
362318.060027
362400.283178
362211.121357
362312.95194
362404.268987
362498.319385
362577.992831
363006.087071
362774.986081
362904.593822
363009.473458
363388.003415
363205.756311
363320.707371
363679.759158
363507.552426
363606.588573
364024.002211
363808.944852
364173.430569
363996.795637
364465.463578
364218.390545
364316.905627
364726.238328
364503.593835
364606.239431
364673.34813
364794.360165
364929.006278
365002.152904
365394.202112
365523.214049
365584.492033
365423.520015
365816.304471
365938.605473
365677.59393
366122.610127
366236.656118
366273.126221
366091.412042
366470.424098
366597.081673
366392.535067
366503.577998
366583.507137
367016.816096
366823.255295
367221.127534
367303.81873
367100.719601
367475.397577
367269.34434
367413.47885
367517.489591
367885.295207
368018.377553
367806.687128
368184.258254
368293.867539
368366.509871
368198.137331
368332.156046
368692.189308
368804.734056
368575.515082
368715.461593
369085.752068
368900.66096
369304.044372
369088.07858
369503.648361
369292.549692
369720.26013
369511.803195
369590.314169
369983.575149
369759.413521
369886.397047
369987.008897
370387.125903
370224.816867
370329.260206
370703.531639
370479.216892
370570.794323
370991.433254
370763.295903
371166.120964
370987.855168
371381.424447
371185.135575
371287.718356
371677.875592
371491.455514
371597.427832
371741.359004
372093.516009
372258.03126
372269.563352
372127.947873
372196.960686
372275.264638
372718.334182
372500.061283
372883.503027
373013.904901
373103.197085
373217.501081
373006.514716
373383.58333
373199.422239
373614.544581
373390.411631
373488.246047
373612.927046
373719.427443
373795.48415
373884.280378
374331.303113
374086.320772
374188.069608
374303.721087
374696.764984
374539.512651
374907.229212
374684.426249
375111.165782
374904.482091
374998.484582
375406.692387
375494.283
375598.613057
375421.022475
375517.212632
375593.893334
375972.413881
376094.078689
376216.019784
375945.076791
376393.796228
376534.786832
376301.568992
376370.201745
376516.306726
376599.754772
376703.69829
376803.554601
376896.404339
376989.321656
377104.096469
377496.336367
377313.790648
377420.139086
377508.109862
377859.025246
378005.794364
377800.014041
377916.871183
378283.714236
378440.129511
378200.439551
378338.061097
378376.51888
378491.925177
378874.177371
378702.071323
379097.528062
378895.948882
379025.362102
379436.92021
379475.527814
379312.186442
379409.306248
379495.338184
379581.371146
379699.194523
379792.974088
379898.15054
380272.488612
380121.508844
380495.002454
380308.467913
380695.708457
380813.874465
380903.272178
380979.86028
380853.290077
380928.051267
381333.91279
381101.473634
381185.779397
381267.212312
381689.001538
381802.363604
381873.561891
381986.538445
382117.464549
381928.181128
382021.049844
382402.902879
382487.456892
382296.157662
382414.88749
382499.283005
382895.836609
382999.756496
382753.925141
383195.086694
383269.229147
383089.572619
383519.882447
383309.953464
383710.92605
383508.299833
383892.518842
383993.428978
383777.039019
384210.251701
383973.195532
384400.295646
384222.129228
384283.414432
384692.369483
384531.722869
384590.204809
384958.582448
384792.824087
384925.13371
385017.617811
385122.16303
385213.85051
385593.908096
385391.442707
385510.353185
385578.80866
385702.030499
385795.397835
386181.261902
385984.631252
386383.574325
386195.021894
386284.770399
386709.437694
386779.561106
386907.323619
386985.412927
386828.60933
386857.262264
387299.811588
387100.375231
387212.25103
387290.188329
387688.716939
387504.152484
387905.348683
387736.713374
388119.136368
387892.850829
388334.39619
388399.632276
388516.89403
388317.210321
388403.984449
388514.179282
388596.220913
388729.526505
389088.296873
388900.299228
389294.315868
389415.080788
389211.961158
389316.229011
389689.512044
389516.438241
389607.067284
389713.868374
389791.280266
390172.421092
390290.37495
390364.258289
390193.749804
390315.878636
390704.077545
390796.552148
390904.434043
390691.345806
390795.353296
390916.365106
391278.356399
391400.644652
391238.949808
391314.714416
391394.930778
391783.81958
391889.305696
391738.538684
391819.16531
392181.344339
392025.075124
392108.622101
392520.761076
392584.840631
392398.635587
392514.775973
392885.655854
392691.284264
392793.435775
393198.620623
393005.875134
393104.357676
393205.464258
393304.157823
393408.994315
393514.30958
393617.821983
393681.232934
393837.240032
393908.06993
393992.089555
394100.630882
394186.507401
394305.910047
394725.826781
394785.495245
394900.421991
394676.618854
394791.261231
394887.197355
395279.442498
395099.622352
395220.879292
395581.049118
395412.959184
395502.23072
395896.119085
395702.924205
396109.676648
395873.735468
396012.01578
396101.659253
396211.145062
396597.321233
396428.362803
396802.158122
396592.0101
396681.088558
396798.92202
397197.852018
397011.23025
397424.778468
397192.641275
397297.340525
397411.78563
397512.917822
397617.548934
397680.996924
397845.362544
398219.59163
398011.312522
398136.949065
398205.245246
398592.285278
398732.679197
398844.765719
398608.614049
399013.672949
398775.408385
399217.903428
399000.120315
399121.915082
399223.57406
399304.408678
399695.218648
399832.527076
399588.0602
399703.544302
400099.786068
399872.961796
399980.620585
400419.771137
400233.000737
400626.517405
400403.534291
400813.291518
400586.694658
401008.333928
400774.412383
401222.7981
401308.183551
401124.496691
401498.565094
401304.285142
401392.016242
401516.047077
401890.937328
402007.71153
401764.735716
401889.163696
401995.209731
402109.612095
402170.16704
402604.84616
402441.368005
402489.813585
402916.647597
402715.342791
403140.611047
403176.65514
403021.030596
403376.344058
403210.045926
403292.785556
403646.736113
403517.901338
403922.126282
403995.999177
404105.805791
403925.977324
404291.59618
404126.7839
404234.452478
404607.939149
404673.889921
404523.457261
404628.400272
404975.207067
404823.752314
405209.140258
404997.766134
405101.805425
405183.59023
405602.312326
405393.042124
405472.904631
405906.205435
406007.125974
406095.211839
405909.945519
405986.259049
406107.081912
406211.467432
406297.357915
406427.20321
406506.911615
406594.908806
406712.047092
407075.306931
406898.183335
407027.723798
407099.878038
407522.797151
407262.647453
407694.100753
407534.71455
407602.998286
407710.225115
408101.484216
408204.225776
407962.754146
408120.379899
408469.303419
408340.464151
408391.10377
408816.468863
408589.81209
408683.222601
409082.622774
408908.707652
408963.654428
409118.880888
409204.066751
409296.574136
409411.996664
409441.992863
409913.28934
409948.888245
410120.121731
410186.211331
410011.559474
410103.979152
410199.946714
410598.202137
410409.531196
410803.649901
410616.654214
411002.053473
411068.602451
411171.416775
411017.263153
411410.845842
411205.417186
411610.094519
411697.676971
411818.317361
411593.718403
411717.000513
411789.322604
412204.446204
412302.683592
412076.682475
412223.318957
412300.117065
412383.548162
412796.856702
412584.030718
412710.264251
413120.8107
413203.515542
413324.908729
413401.331638
413488.608162
413602.212037
413706.00067
413521.911578
413917.446345
413706.618813
414055.803832
413912.361274
414315.4238
414417.617289
414208.072403
414329.582369
414398.956284
414780.134014
414878.24012
414981.38895
415082.264576
414887.389658
415031.300043
415428.298445
415482.607618
415621.239872
415402.014368
415781.253271
415919.854798
415704.840084
415795.733986
415907.383603
416300.606641
416106.532547
416196.649588
416324.064782
416688.523174
416775.845263
416585.962148
416695.779287
417133.893838
416915.627193
416984.415179
417095.224131
417201.723404
417300.538154
417713.018897
417491.500393
417875.752089
417982.037885
417812.341657
417933.763545
417990.710443
418380.080712
418209.072112
418266.241457
418426.004401
418822.081422
418910.836248
419004.492009
418804.660273
419196.855027
419011.4312
419404.819869
419186.756836
419603.171444
419410.003801
419492.774092
419919.924549
419721.745061
419782.178233
420227.45656
420019.311937
420104.993243
420197.776968
420580.241421
420701.359412
420800.884775
420581.069877
420668.115345
420783.040698
420915.851574
421283.650292
421066.866794
421512.620321
421591.202924
421390.859128
421500.270421
421592.181536
422012.145992
421783.05413
421883.43358
422259.849819
422397.678255
422194.475142
422320.597478
422693.666575
422500.074053
422926.214361
422699.950709
422768.593456
422943.702022
422991.079397
423109.351461
423484.230288
423315.731438
423715.851814
423529.028112
423942.604791
423696.138989
423798.402475
423932.131802
424305.483174
424411.165093
424183.005159
424301.530933
424369.737858
424758.884929
424602.28226
424725.247204
424782.988746
424894.217791
425256.60554
425354.25725
425507.80825
425603.78368
425396.232957
425496.046187
425623.8476
425674.689174
425783.585145
426173.85625
426296.5672
426134.229627
426220.234303
426285.039891
426388.920578
426481.576796
426630.202094
426713.360156
427095.94287
426887.826742
427002.950898
427095.070846
427525.615408
427302.051278
427432.978573
427528.628547
427604.598197
428021.318751
427755.555136
427914.335493
428005.703086
428099.716908
428191.241603
428319.373741
428679.722684
428499.196265
428901.316105
428704.749772
428787.890328
428877.421338
429286.883267
429403.614264
429221.97144
429301.752783
429674.936544
429823.824563
429605.019432
429715.280257
430109.538353
429910.440228
429974.038029
430398.573289
430213.062133
430282.835955
430358.166714
430497.752752
430602.196103
430983.646938
431090.919974
430913.391058
431004.275831
431118.897943
431511.016193
431599.598415
431677.595561
431498.344087
431596.19688
431995.513741
432120.370626
431907.645665
432005.380542
432407.917885
432209.337258
432591.784321
432407.329648
432831.071944
432910.241049
432696.50838
432801.204171
433176.140055
433291.892109
433383.285488
433197.451712
433619.239771
433395.271867
433768.666273
433909.719763
434015.353161
434105.393532
433869.821489
434018.194118
434399.219445
434201.540876
434300.759151
434713.11872
434796.573424
434852.945898
435044.963794
435133.032623
435195.433724
435308.703939
435364.255427
435482.878061
435584.988348
435385.319437
435486.167036
435878.261493
435988.978006
436097.319221
436199.949953
436008.594052
436068.679081
436189.44325
436561.321124
436391.669816
436483.949812
436615.733483
436696.40259
437123.032985
437170.1115
437003.903649
437095.057511
437164.408995
437640.899662
437394.633734
437763.747774
437597.737844
437696.738607
438087.122376
437910.960843
437991.50521
438084.217884
438475.705541
438336.515435
438423.625047
438474.076544
438882.575542
438677.436793
439110.326156
438915.970134
439252.389283
439386.423952
439498.236023
439314.722196
439404.465443
439815.980472
439903.15743
439706.395778
439792.325482
440202.755625
439999.176637
440122.05468
440206.404265
440585.430464
440399.486947
440492.968466
440593.584951
440685.424374
441125.873333
441212.481021
440992.310615
441392.725008
441460.274206
441578.958264
441415.27468
441487.664183
441603.62324
441732.14145
441814.43145
441919.036056
442306.38911
442101.424351
442197.590769
442299.791782
442691.732361
442516.311253
442604.878486
442998.524848
442781.0797
442888.185856
443007.085718
443083.710781
443480.368976
443295.761209
443672.589431
443820.431079
443608.53971
443719.048214
443785.651569
444194.741153
443991.423408
444423.444384
444177.210734
444555.390655
444715.415528
444529.923588
444597.540815
444664.689152
444822.544821
445214.817513
445024.799222
445140.826754
445505.495578
445321.497537
445409.813209
445799.308245
445895.35175
445713.822245
445799.1126
446207.886845
446268.222646
446408.943155
446203.61819
446632.113226
446380.631014
446789.151643
446599.631638
446731.569189
446804.221977
446947.120864
447286.371066
447088.024453
447220.433101
447282.012596
447384.819819
447808.870093
447602.223785
448009.52867
447810.488164
447911.026162
448276.980624
448090.504936
448518.426989
448598.813111
448664.655966
448482.894445
448619.695649
448710.143103
449092.734113
449201.29706
449007.050428
449378.12862
449213.437053
449324.069581
449690.555778
449486.99939
449884.187522
449684.295562
449795.137274
449882.998059
450312.02743
450113.864093
450501.366518
450613.774196
450706.268409
450796.229919
450882.182493
451021.900003
450801.928714
450887.129993
451002.307749
451410.783314
451533.276477
451304.23256
451644.125753
451497.148487
451906.10188
451690.997371
452082.711585
451890.37756
451987.989875
452096.363571
452217.662912
452318.002739
452677.075104
452484.138886
452908.060715
452695.791976
452846.659209
452867.928124
453012.754713
453087.189862
453182.674188
453306.029235
453705.011788
453508.849304
453897.6586
453722.386122
453800.270118
453905.944093
454023.915949
454396.299912
454212.528597
454585.538525
454701.605249
454827.900082
454578.860311
454723.374424
455103.18529
454897.044507
455005.693614
455094.804831
455219.422304
455284.838054
455676.171248
455492.388266
455896.788364
455978.94835
455824.7648
455927.616124
456281.813206
456096.736019
456514.742104
456561.893165
456389.861413
456785.273647
456843.63456
457022.314459
456777.741214
456897.817626
457019.059022
457420.65609
457218.541105
457288.231931
457403.533787
457505.903374
457603.620419
457664.312705
457797.731007
458211.792476
458018.272685
458098.703484
458175.73396
458299.918324
458396.59691
458812.560194
458906.758893
458724.065085
458841.568733
459170.941539
459010.431088
459125.933359
459513.164399
459328.899758
459703.988962
459528.052231
459611.133616
459676.415599
460098.043595
460186.73632
459989.89997
460107.340223
460196.126214
460302.245981
460700.804238
460802.705329
460862.940079
460754.598322
460790.401898
461236.752699
461314.028627
461403.204279
461163.522575
461336.97965
461663.119903
461801.021722
461604.106474
461708.676302
461787.211358
462184.924039
462344.948592
462402.904726
462171.355286
462586.471511
462714.996773
462504.748219
462927.086043
462991.447489
462826.731932
463189.439696
463260.726355
463081.581712
463170.596414
463618.787063
463383.096301
463487.523597
463597.45684
464004.634238
463807.472683
463893.874853
463983.303845
464097.458889
464223.113638
464310.868086
464442.004811
464819.532409
464910.55851
465010.833546
465117.274193
464918.497475
464983.807747
465422.643897
465178.630223
465313.518679
465700.290585
465535.318142
465589.165888
465680.37881
465808.840134
466213.219828
466337.968474
466428.433841
466201.775618
466320.646973
466386.927544
466500.471434
466915.976093
466697.177491
467082.288969
466899.046606
467003.847633
467071.942055
467195.412571
467261.38347
467402.568203
467514.958829
467902.91683
467990.004085
467826.059525
468185.971313
468258.183928
468389.304
468495.616997
468319.23607
468403.886014
468816.982897
468578.695021
469011.719135
469099.054368
468911.335532
468974.013401
469119.146224
469535.496289
469594.688985
469673.775253
469794.048778
469574.273456
469952.815247
470099.018223
469905.180665
470012.992313
470398.539818
470212.729134
470298.433111
470717.94202
470496.480152
470888.169167
470653.436046
471092.623247
470874.15844
471004.03652
471070.618124
471191.160652
471287.304679
471408.912686
471781.585583
471603.131535
472019.030934
472141.371281
471904.284281
471999.966471
472382.647058
472202.495989
472289.613876
472384.20772
472525.401147
472907.481353
473002.315702
472783.165017
472901.464751
472982.495017
473119.504767
473161.995312
473597.611535
473724.001391
473822.571105
473602.360335
473700.417801
473823.681024
473878.896559
474002.590741
474088.91868
474489.019047
474632.216869
474421.234358
474483.42542
474601.333849
474993.691628
475055.847314
474923.414075
474986.367219
475376.692601
475174.206832
475649.700711
475401.807702
475510.991138
475603.84711
475687.920875
476096.633984
475894.907224
476305.282719
476363.580684
476187.954122
476605.833024
476427.121151
476507.974725
476611.637684
476704.073466
476796.73283
477206.242838
477002.768014
477377.82994
477183.568631
477599.451702
477410.71502
477510.03335
477597.146864
477681.10522
477822.501038
477889.552683
478309.688687
478119.570967
478545.658422
478267.262531
478367.561183
478518.557414
478894.323949
479049.459825
478795.392199
478908.856431
479007.42563
479089.034183
479184.571382
479609.101564
479393.695029
479814.862398
479873.79624
479684.08322
480113.362049
479913.348903
479992.794636
480370.929278
480184.323829
480578.654732
480374.567823
480480.286989
480601.044427
480695.752959
480826.665038
480894.037629
481359.116322
481109.687432
481215.664533
481273.140365
481701.75803
481483.846197
481893.453026
482011.130416
482102.798096
482175.628547
482018.942485
482403.889107
482210.858119
482611.945783
482717.947426
482470.456371
482603.822881
482721.469021
482768.528254
482880.882385
482988.813486
483107.560613
483175.94501
483287.554847
483709.462789
483499.424997
483893.950161
483711.658415
483806.219993
484196.202657
484009.486202
484098.271539
484503.003372
484611.391203
484404.738058
484804.194431
484910.379037
485004.438803
485118.18013
484895.623534
485290.646216
485106.360665
485206.018453
485306.713853
485727.79235
485494.055711
485879.687288
486003.106798
486100.219628
485873.961677
486000.204731
486338.227146
486462.884724
486303.185766
486420.309167
486813.093534
486904.664784
486690.128005
486799.399235
486913.958111
487295.525698
487419.170256
487519.273666
487317.609923
487389.355619
487785.908497
487561.726316
487701.760453
487815.340892
487900.641845
488036.43535
488409.990692
488503.035852
488627.030209
488391.54202
488545.049408
488903.537463
489014.6313
488807.281654
488926.353597
488981.216861
489123.538502
489514.623241
489288.806223
489402.270193
489506.095537
489588.482292
489704.539856
490108.312266
490186.574772
490281.222237
490056.475883
490217.005314
490330.264724
490676.331517
490498.615677
490597.832134
490703.669843
490785.71986
490908.525787
490995.231606
491094.606141
491504.75603
491583.441351
491680.549439
491482.91425
491887.27567
491989.309893
491781.460964
492172.071002
491983.416172
492096.14063
492164.690606
492311.692382
492706.222293
492834.847814
492898.424407
492710.037883
492821.733852
493194.806077
492965.89827
493374.594875
493485.775945
493327.835475
493401.377356
493788.591149
493887.49228
494020.36105
493791.966748
493916.426766
494007.32636
494373.911238
494195.133171
494313.023574
494717.877214
494816.733914
494902.102743
494701.939013
494800.720869
494900.997713
495005.804301
495092.111791
495520.059026
495285.20445
495364.971008
495833.225209
495593.794876
495697.378076
496096.982478
496195.76267
496337.035721
496377.748928
496205.093075
496260.025378
496414.614304
496810.550319
496853.843492
496706.451721
496824.844878
496924.974534
496983.598342
497076.690381
497451.536816
497310.114236
497411.043033
497540.837495
497647.002367
497972.602554
497803.344845
498208.181547
498017.38692
498377.069302
498519.734272
498285.700605
498703.721973
498514.198537
498574.396833
499023.351394
499095.847209
498920.195095
499295.27241
499105.56901
499484.608771
499595.799021
499711.880526
499779.250433
499637.367075
499695.498448
500125.595303
499905.25328
499992.747029
500072.090403
500507.207559
500591.605831
500387.663227
500807.922922
500582.8226
