703.429189862
783.632837736
904.857909106
1324.36556928
1118.2141732
1512.2134809
1333.58126308
1704.10479219
1819.57943668
1623.7740872
1674.29477102
1765.35472531
1912.0331047
2019.27537671
2109.78886024
2197.76551008
2302.35660807
2694.01578607
2513.00063772
2911.33790491
2967.92681776
2814.4902032
2913.03653903
2988.05857825
3384.43699382
3215.33823666
3286.07598852
3674.02297
3793.71793129
3588.66114557
3659.18090051
3823.78278665
3911.98335454
3992.2596514
4086.96902395
4491.20950555
4600.60192949
4416.17700482
4477.35875294
4571.6338265
5020.54626345
4790.60729718
5206.11243643
5035.9610989
5126.96587247
5230.36751523
5624.07553114
5409.85012494
5503.52484414
5884.26665864
5716.19336463
6087.4167475
5902.73877946
6010.00717574
6099.11775978
6197.97010978
6611.81062114
6414.74523572
6806.20577148
6630.04225301
7026.2159138
6806.89788535
6906.51468976
7314.26083498
7398.11401488
7200.66739121
7608.97293543
7383.27594949
7810.05551495
7607.42739034
7687.33989366
7807.18699908
7842.36190597
7986.63578224
8386.38161957
8205.02236298
8575.63109797
8714.24165883
8806.29072476
8587.65855818
8678.1750075
8812.70189619
8882.47723691
8984.04213602
9073.86071028
9508.45407021
9299.69145203
9719.30320075
9510.87153005
9582.10931122
9712.29607996
10118.3666532
10212.1014303
10306.6947434
10107.9150024
10507.9438637
10296.1176501
10677.7557058
10515.0441493
10625.1419031
11011.1577373
11076.1198404
10916.0311684
11300.3536534
11069.3962081
11198.3571376
11299.5970591
11383.5331178
11488.6684401
11603.5789594
11983.2576806
12110.6097879
11888.7928259
12028.8701711
12081.0165033
12199.4200006
12283.5856073
12438.1777951
12793.3140138
12580.5322485
12724.3124701
13058.296097
13181.4830808
13306.6450502
13065.5479733
13192.133153
13631.0144423
13400.8016454
13474.3868348
13628.6898916
14001.6996487
14111.2817331
14230.8075331
14323.5837079
14135.1446546
14199.6259174
14290.4479612
14399.5321906
14531.6290066
14569.6979458
14706.8043377
14820.6526374
15188.5220568
15017.8307557
15403.1397384
15484.8315288
15270.9036894
15411.3296445
15526.7670513
15888.2378655
16036.0647313
16128.0102785
15860.472048
15984.6032283
16092.795826
16201.5606241
16273.1044733
16699.8752208
16823.7044077
16627.7804178
16745.8606082
17118.4602255
16915.8097748
17279.2726112
17412.2837466
17211.7769132
17592.1225899
17683.613934
17785.3831635
17898.2477877
17990.079521
17805.7236267
18223.2984884
17984.7832627
18410.641735
18209.6818006
18309.841569
18388.448304
18500.2220956
18897.4555229
18964.2332014
19072.3576132
18895.8050601
19008.3894381
19085.8785206
19509.7385316
19274.4162487
19400.4872233
19488.1421585
19595.4438225
19710.1774525
19807.647548
19910.6042177
19996.506795
20053.8380824
20176.123672
20322.8616885
20440.8086601
20778.5431448
20886.6033433
20730.129855
21095.9247791
20881.1786067
21321.4186062
21091.2884842
21494.6960097
21318.3978312
21409.0339062
21499.027386
21577.2671477
21705.4118217
21825.6646381
22191.8830636
21999.3616659
22082.1305482
22467.7592561
22618.6796636
22419.1840777
22530.0776644
22574.6496652
22687.6310933
22828.1885651
23205.6979097
23313.9382541
23139.6145842
23187.4434443
23313.7437487
23411.6094909
23481.1996488
23928.7802987
23698.7682007
23809.4926668
23890.5425951
24286.9673392
24131.7093503
24197.3129634
24307.2870585
24706.819842
24777.1999649
24616.7738015
24681.1339396
25054.9343186
25192.1225732
24987.323456
25105.1053892
25224.1477838
25315.898237
25356.4085314
25503.9743809
25911.7154993
26013.0462458
25794.6040852
25902.6532489
26304.8766402
26110.9198301
26217.8631544
26299.0225014
26727.1988395
26482.8065758
26900.9754284
26714.7108746
27104.7698825
26856.2105119
27290.9743972
27115.783365
27495.8189984
27303.5088171
27694.7839495
27793.2537959
27573.2922642
27724.1007143
28086.361062
28158.1661013
28320.3656688
28094.9956657
28213.8525907
28279.6438746
28686.1147883
28777.4059243
28932.8954121
28721.8691132
28807.7469258
29163.5475331
29300.7559573
29116.6865375
29211.7525516
29584.5725189
29414.8183487
29479.3921429
29626.2888301
29707.8631238
29811.0743064
30200.9445642
29995.8988328
30398.8900622
30514.4871951
30339.7422885
30698.968629
30775.8838682
30911.1450239
30974.6435596
31074.2379406
30907.9484065
31009.5781463
31097.2367615
31231.2308204
31296.6853298
31390.630656
31829.5243147
31593.7771003
32047.2450314
31797.4720323
31874.983078
32289.8148
32112.1047911
32497.3138723
32566.5575862
32389.6257432
32813.7703993
32893.6814631
32966.9817193
33062.7508606
33219.6633391
33281.4591339
33118.6639525
33524.2852423
33298.4193906
33385.237353
33508.6467652
33626.4091555
33675.4775365
33782.5314283
34199.0024728
33979.3238304
34105.2023679
34179.0580139
34277.8360629
34700.6254375
34820.0352875
34887.2972038
34692.614571
35101.784824
34865.338471
34997.6075859
35114.537639
35220.8424721
35306.0765141
35415.0232061
35468.9350728
35614.7853808
35701.4096952
35808.4428575
35944.9446523
36294.1216987
36116.2630194
36198.4981776
36324.0209567
36706.0361544
36501.9697781
36594.9135549
36676.3311895
36807.7628896
37211.2514683
36999.1362262
37094.7475045
37515.4908414
37614.2446933
37698.5172847
37498.0808087
37614.6690461
37704.0731701
38090.0924452
37868.7788067
37976.5474473
38097.2080568
38482.9159086
38617.8612599
38384.0770646
38786.5055123
38601.8472349
38693.1357553
38804.4238224
39207.6734224
39021.9371076
39441.3939854
39194.8798163
39313.6900631
39671.0866426
39509.0581339
39597.3527039
39991.6002913
39807.6950727
39883.1194868
40296.2544624
40086.9324262
40206.1577682
40609.1692662
40761.9155161
40510.1152936
40946.753788
40689.3125843
41091.5129982
40897.0269323
40987.392171
41064.6488478
41485.2217936
41287.5117818
41689.0277544
41767.0690619
41908.1948037
41672.4490266
41808.5109763
42220.4148035
42267.8033848
42093.6375525
42217.3995429
42303.2345516
42362.9615429
42540.202372
42946.7810465
42695.2004632
43101.616747
42889.0075487
43287.5391068
43403.2664051
43205.2908422
43599.0528362
43391.2354711
43782.8571774
43904.2715994
43700.8437434
43806.6157168
44231.6786753
43964.3571074
44423.3770867
44196.4718993
44631.9864925
44685.3131354
44805.796094
44919.592991
44695.5746999
45117.9135433
44903.4261722
45326.0542434
45432.9958421
45212.7068133
45271.9355414
45662.732181
45515.2912404
45600.4303995
46015.5738171
45824.2832143
46200.4206496
46327.6677263
46415.7989196
46157.0932007
46600.1797994
46731.9820384
46796.1422846
46890.7475805
46683.7656265
46788.7808544
46915.4054243
47293.9933656
47119.9455185
47214.0680762
47596.2473151
47399.8430305
47504.5682758
47603.8800823
48012.3454582
47816.5147878
48187.086566
47980.9797373
48399.7367627
48209.9867112
48302.6468408
48666.7491595
48850.431712
48904.8370229
48651.7143877
48780.7804577
49210.5982219
49330.017187
49082.5795061
49479.7016878
49293.5195251
49707.096973
49496.3812328
49584.8050683
49698.0962181
49808.4679756
50180.693701
50301.7234305
50414.2709055
50210.5186996
50320.0515179
50411.6331483
50494.0158253
50617.3941499
50715.768069
51083.0107031
50902.0653874
51010.9512824
51118.4488484
51488.3673079
51298.9537736
51391.4189237
51486.3814207
51599.3130442
52010.9647711
51842.1250875
52235.8447824
52013.1213547
52089.7167019
52474.9862358
52311.4516559
52395.8698463
52810.3047439
52599.8076144
52741.3515657
52810.5520941
53188.3258735
53305.1344524
53101.6247154
53196.7872521
53289.2785976
53415.5529299
53479.2887456
53621.9384489
54009.8824721
54142.5122467
54209.9390694
54273.7441865
54097.4374059
54508.1651131
54304.6110387
54416.1259336
54532.9883317
54576.3997381
54972.7840149
55064.2637173
54915.1970559
55001.7700584
55074.0751304
55220.3983933
55308.387547
55715.6270352
55753.6473847
55588.143305
55707.8272169
55802.966353
56195.5878253
56020.7730978
56094.4247262
56189.1928604
56608.5099013
56402.1884425
56513.925754
56605.8655868
56746.9355193
57075.6550258
56876.6913252
57311.6918231
57080.491278
57196.120754
57603.1442784
57761.1364183
57505.2586827
57865.5470379
58005.6062088
57814.2246708
57900.9148705
58291.8611496
58410.5200797
58195.2311073
58314.907939
58713.6999149
58791.5430525
58924.668268
58702.3454713
58804.2211047
59211.3480866
58999.4274252
59076.898043
59194.8209624
59591.0679847
59390.5260377
59489.4425477
59575.5620901
59701.0585071
59846.4774716
60204.6630841
60013.3705932
60112.2335112
60499.7127957
60294.254489
60680.2309975
60803.4776649
60581.1927936
60704.4100306
60782.5871782
61205.13202
61003.9837312
61051.8223034
61550.2534361
61292.8989571
61395.9478058
61498.1183618
61600.9157355
61709.6228229
61801.7843599
61901.3303359
62013.4475975
62405.3561257
62502.2262819
62326.3970262
62715.5692942
62785.4397975
62569.201334
62702.9536921
62827.5378025
62886.2878538
63286.9203042
63097.8286404
63199.438538
63303.3524073
63395.9025996
63500.4283519
63609.8674994
63957.0620588
63792.7927818
63908.0362978
64310.4785496
64095.3086766
64492.280108
64303.5926255
64431.1839267
64837.1545698
64599.6685093
64706.2569486
64821.9172202
65203.1467875
64989.6142104
65367.0251852
65458.4514651
65612.9586802
65434.4351742
65499.9077414
65910.0416552
65948.1396703
65772.4028993
65897.5930817
66275.1211777
66100.1831033
66218.9609364
66287.7962645
66391.1718152
66813.1174115
66901.9599185
66709.6635745
67111.7699451
66891.6176824
67324.3380562
67127.8159518
67490.9401106
67328.6773237
67397.8710464
67794.543121
67837.6233007
68006.1534836
67790.2796985
67886.0627633
68014.7793103
68390.5331807
68221.6216545
68287.7820453
68405.3189252
68516.2183201
68602.7318936
68715.2442038
69098.3135876
69193.9140471
68990.1086736
69397.3610109
69500.1017125
69301.1645261
69687.1614843
69811.8657827
69907.8298689
69689.5235134
69787.4487019
69909.4181478
70001.5346187
70139.1259395
70527.6104785
70575.5564049
70416.4823504
70513.544677
70618.9270936
70972.3020522
71096.9384713
71193.217106
71280.0325561
71122.4122678
71194.2383363
71638.2287257
71677.4393288
71486.9209889
71570.7132429
71708.1487984
72118.15177
71914.590563
71986.2977407
72106.4470155
72229.7689694
72588.6071823
72388.1627535
72531.7615408
72560.5887923
72993.5540729
73062.0499715
72919.4711907
73012.9213513
73093.5613869
73182.6870199
73597.3570353
73690.5752359
73810.9618565
73869.920302
74045.819572
73795.3442962
73901.226335
74034.9913377
74103.9320362
74505.9125267
74323.5991315
74405.3032772
74795.2596639
74584.9057822
75041.6073039
75104.0545672
75185.8196737
75279.1236953
75116.1982669
75476.2880771
75558.6511952
75384.0960879
75499.3974347
75567.8935778
75987.0193514
75791.7948515
75874.0610838
76305.0093368
76090.1393331
76510.3964722
76292.3916457
76419.8392631
76786.7365108
76868.9697502
76703.0421674
76785.379882
76896.4815548
76948.2159393
77403.6907896
77223.1912217
77331.6906047
77686.7205848
77496.7567774
77637.8742112
77680.4526033
77775.1285227
77931.7210253
77999.0058942
78372.3048609
78186.4669289
78290.3179717
78388.6826941
78804.2669949
78902.2067755
78702.3109651
79092.8275521
78913.111104
78979.1982922
79439.5884864
79204.8770255
79576.4019621
79720.6220053
79791.3118632
79905.9649862
79721.5877806
79786.8992538
80199.8561779
79981.5465955
80098.9881271
80220.9411769
80565.5442723
80417.7868351
80484.3350185
80896.672992
80712.134579
80791.6114505
80901.3768637
81279.2611172
81395.1778615
81211.9310594
81317.3832209
81703.8608234
81794.0437674
81587.5504237
81691.5998976
81783.9659625
81874.0697446
81973.0202318
82104.3328496
82486.1126774
82290.5614159
82387.8451163
82834.4727633
82856.2636646
82992.6201442
82818.2513388
82902.5990546
83002.5874957
83142.3225384
83188.2734765
83579.7651191
83399.9084386
83799.8046619
83943.6235893
83694.347116
84116.165643
84184.070278
84013.4380148
84119.6786802
84150.7254344
84316.0808715
84421.5568398
84498.8750978
84608.4799754
84721.7606045
84842.4725439
85199.8680804
85012.6794305
85050.3307025
85479.6474656
85628.2725416
85379.6909703
85778.0874949
85600.2646871
85981.0602661
86123.4081486
86176.1448353
86260.7929278
86102.9192616
86476.2022178
86277.453611
86701.4045424
86490.7046906
86575.9438339
86751.5796672
86807.6068935
86885.3482651
86973.1932227
87405.3876408
87211.893524
87605.3867976
87689.1199476
87524.8948426
87875.4296068
87745.8454118
87800.9958849
88188.1673447
87990.0531693
88087.613827
88213.3918779
88322.4347806
88703.8207198
88510.894547
88600.4916646
88697.7588701
88781.3557761
88949.0620992
89291.0399107
89108.6084624
89488.5247257
89273.5535756
89720.5251052
89439.1496472
89594.2576004
89678.8489705
89815.4466471
89912.6677042
89981.6889799
90415.0312549
90513.4363822
90620.3213606
90413.5693708
90510.6643506
90898.6680056
90714.1601217
91045.5900007
91193.9560782
91018.1843286
91429.1001617
91208.1792942
91647.3443407
91389.8603746
91818.2896538
91898.7734114
91710.9153352
91801.3136171
91901.9120679
92305.2684196
92087.3365775
92520.9102228
92634.4441991
92684.4731396
92490.5295589
92597.7654111
93005.7089476
92786.0768284
93194.5997461
93336.6255887
93392.1128998
93458.3746796
93317.859295
93412.6105906
93770.7365858
93898.5377367
93961.4241832
94075.3238579
94158.1623188
94010.8522652
94428.1817131
94514.7876404
94275.6736598
94378.2407875
94529.7959822
94625.8564856
94701.5464757
94802.7916035
94919.1474198
95320.2296328
95122.3537907
95187.0867401
95261.3165028
95400.6570621
95481.8424557
95910.2272844
95986.329309
95815.1409942
95888.7732419
96290.7760581
96083.4499164
96519.7142438
96608.1478824
96732.4140919
96498.2744688
96615.9346993
96999.10541
97097.0424957
97198.3433609
97293.7633031
97397.8709686
97213.932084
97312.3473071
97381.3200406
97507.9376685
97614.8701246
97688.1231194
97793.9452778
97886.689492
97983.4420302
98420.0241229
98489.41183
98608.4228946
98702.4699801
98824.0614103
98615.894618
98716.8955611
98825.7017243
98888.7394572
99005.3115421
99414.8414536
99520.0338458
99608.3154777
99421.5571934
99476.0117667
99912.1650711
100013.818847
99792.5542919
99873.4509168
100018.397376
100093.995108
100497.05632
100271.010653
100391.748573
100512.89029
100616.279367
100986.839887
100796.065848
100900.430053
101025.318328
101123.285214
101504.832485
101557.018106
101684.584403
101506.986607
101598.675356
101984.272809
101809.348119
102218.774509
102305.177525
102126.148127
102180.090442
102615.585804
102387.926933
102509.581
102920.122334
102997.860759
102847.304715
102869.637441
103017.596185
103125.317482
103213.269832
103590.084558
103707.198242
103764.265126
103590.313859
103988.665851
104089.979765
103907.576875
104301.347191
104085.363253
104489.703659
104258.280929
104398.242733
104484.330357
104580.036288
104701.645187
104785.54089
104901.151388
104991.676806
105388.06299
105198.454201
105621.130116
105719.268171
105494.657885
105612.858624
105671.852447
105819.822583
105881.008044
105994.765684
106401.998626
106210.862703
106289.814215
106688.028771
106800.78293
106913.733724
107016.533383
107095.963027
106916.035191
107297.584173
107117.013128
107201.670066
107597.719007
107396.706518
107515.947975
107614.126688
107721.850271
107770.156702
107913.113129
108046.422976
108132.911635
108212.86962
108649.372353
108654.397749
108519.467102
108944.72955
108686.915003
109113.829102
108911.298336
108990.976484
109417.461517
109195.123596
109584.472019
109379.370123
109482.013618
109619.5048
109679.656472
109810.163729
109885.7998
110302.623138
110404.578957
110189.640343
110298.58575
110433.792158
110824.347012
110593.327395
110674.194621
111104.536838
110884.938078
111008.133618
111131.401539
111220.01704
111303.05259
111687.317308
111780.387021
111589.561721
111689.012926
112089.000649
112227.835908
112036.183865
112104.144538
112485.005487
112578.468115
112391.575022
112487.360906
112901.125887
112659.868474
113119.11788
112925.420795
112989.702212
113152.980293
113195.368625
113627.446609
113415.010376
113461.824418
113902.296968
114018.373823
113846.471821
114192.097641
114287.760748
114129.053351
114208.0854
114291.923367
114739.57898
114489.989248
114929.509339
114714.034122
114802.780524
115213.921839
115326.627505
115404.19852
115190.582847
115579.911541
115734.989914
115517.366985
115917.901865
115713.379346
115786.123108
116206.180833
116291.039967
116087.404257
116201.211675
116300.6213
116404.165346
116505.283264
116594.493903
116683.949457
116798.273586
116886.376082
117306.097425
117422.58744
117219.779747
117598.446671
117366.767149
117512.111268
117907.359783
117699.116084
118105.332072
117917.030837
118003.003905
118384.299648
118497.534337
118318.86351
118378.430407
118511.27572
118852.061243
118705.652573
118788.14472
119253.884408
119012.46859
119110.580524
119459.382586
119306.881238
119387.695962
119517.124587
119911.1274
119983.543159
119821.945221
119921.631195
120303.709958
120389.255807
120194.540787
120611.521894
120695.522802
120501.149834
120594.850663
120697.416928
121064.388506
121213.631242
121037.348544
121410.13049
121191.350628
121307.304214
121676.197295
121517.443588
121588.319104
121991.454486
122103.269121
121902.08895
122003.871121
122073.837534
122221.132062
122319.930597
122426.886955
122529.297614
122586.069285
122693.704135
123100.692128
123188.01048
122992.348112
123113.35681
123200.34957
123264.614841
123404.790934
123492.407086
123895.338125
123671.287277
123806.366302
124165.41335
123988.19772
124075.781594
124206.624793
124295.228716
124396.07339
124795.277033
124920.297173
124964.738156
124792.308294
125167.811031
125004.046515
125086.580641
125210.736036
125576.377033
125388.990592
125775.488329
125588.985011
125697.132809
125815.653599
126214.793032
126289.121554
126102.348431
126230.183231
126623.000083
126395.094304
126508.230251
126596.741881
127008.564767
126789.08458
127179.804026
127293.224006
127391.754206
127216.940093
127316.135573
127415.259259
127817.571248
127885.237381
127709.741597
128120.38531
128198.29231
128032.278578
128087.285492
128210.948669
128580.526462
128670.5074
128488.528993
128905.135413
128993.315512
128825.685249
128873.049909
128991.115194
129097.267116
129509.82603
129599.722956
129699.598501
129823.910952
129599.6094
129968.006073
130081.578674
129865.920132
130263.682631
130399.810362
130203.571647
130306.510168
130688.978675
130529.13257
130606.587489
130700.189102
130810.232742
130907.874742
130989.081187
131390.878212
131191.655022
131589.023302
131701.11401
131820.678509
131597.988207
131709.250036
132108.35573
131922.23306
132317.444816
132395.214492
132499.02791
132270.489081
132392.232423
132450.275191
132615.008559
132966.594947
133151.253294
132883.798709
133322.064357
133389.178073
133171.630431
133291.497308
133428.001391
133497.033557
133633.410267
134067.178303
134110.427521
134205.821106
134315.703495
134396.33262
134193.131498
134594.061413
134717.67976
134769.364301
134634.54863
134960.110511
135088.638431
134924.162114
134998.773737
135108.759466
135506.88222
135319.281397
135440.300257
135791.546404
135888.068223
135985.256982
135794.965522
136211.147569
136028.51473
136098.384136
136205.16027
136581.21663
136365.641859
136501.808836
136865.263003
136681.265668
137122.055839
136915.459187
137286.400306
137072.659287
137525.009811
137596.594319
137370.497757
137841.490976
137893.858227
137701.290814
137806.629328
137890.626268
138018.022714
138097.448155
138207.050572
138590.189005
138418.303956
138511.671266
138935.688923
138971.925827
139067.26245
138914.616585
139300.047481
139119.821513
139205.806994
139625.177645
139420.728427
139537.966112
139591.426144
139736.262753
139836.878345
140182.253899
140004.473552
140095.515515
140506.747254
140293.614783
140406.744196
140825.377656
140625.67722
140685.21144
140792.407218
140924.192676
141312.236446
141374.550814
141492.553458
141286.092989
141364.215377
141483.930743
141603.360325
141712.630427
141800.868766
142187.099954
142275.198195
142106.261066
142199.216563
142285.201313
142417.900934
142507.855488
142900.70638
142949.695364
143086.126064
142904.948965
143350.3094
143132.299158
143249.57396
143589.412925
143677.175384
143501.795973
143897.381483
144018.522586
144084.746167
144196.272254
144014.629827
144423.614334
144533.040647
144296.22642
144697.884219
144473.307621
144575.624048
144688.199079
144809.301361
144915.445772
145287.920918
145098.079784
145194.314036
145302.938769
145416.811759
145524.880755
145924.88454
145672.032758
145821.668626
145885.093334
146298.226822
146132.461932
146207.161175
146602.6442
146401.128078
146528.19086
146599.743004
146688.980872
147109.067387
146903.233214
147283.34912
147095.376709
147494.388452
147295.788615
147407.903231
147795.319757
147910.61156
148027.783773
148087.274266
147951.733127
147994.591389
148408.430053
148218.266345
148293.609697
148689.628188
148787.046318
148625.463778
148994.37919
148798.748848
148884.995802
149307.154955
149426.814136
149202.888763
149621.571576
149404.164502
149501.12268
149956.144462
149706.494495
149791.519378
149907.785666
149990.937657
150103.784804
150503.933967
150606.765942
150388.640948
150521.070054
150603.746332
150719.656458
150798.137528
150915.569851
151005.465401
151100.371945
151175.916949
151260.68946
151710.067632
151509.574516
151892.035595
152046.83572
152072.30337
151872.402681
151992.269393
152114.20824
152478.692622
152290.854545
152401.932878
152480.176321
152604.673882
152676.190194
152820.687484
153195.564767
153315.135085
153078.965315
153447.08949
153309.519169
153716.360034
153518.994881
153934.44542
153677.23753
153786.676451
154236.332849
153997.636571
154391.792669
154212.86303
154611.518111
154402.808971
154506.248471
154595.670294
154965.561572
155117.941241
155215.351656
155281.394679
155082.408707
155493.936525
155554.603392
155424.770469
155505.26188
155895.007205
155723.2842
155830.444859
156217.744074
156276.8993
156101.774154
156171.583519
156291.667865
156402.131447
156804.957832
156615.742758
156715.174764
156836.717914
157173.003349
156988.889491
157089.58303
157190.970294
157546.232971
157417.530748
157527.726394
157609.34176
158027.356714
157787.746102
157876.044936
157997.17414
158419.396697
158226.521229
158335.378315
158400.92921
158799.999039
158901.323398
158680.183091
158811.423326
158886.905884
159309.971094
159397.711322
159238.238711
159304.620033
159744.853987
159791.537635
159606.864268
159983.132405
160142.265465
159896.047069
160294.779318
160097.155503
160185.939897
160595.602985
160397.446533
160545.158748
160612.39386
161011.524189
160812.666268
161193.675973
161022.808605
161090.745031
161217.192223
161604.040303
161721.165526
161800.237248
161857.952348
161714.377342
161825.282989
162199.067591
162304.234033
162083.405129
162193.88937
162604.018228
162404.154531
162762.631875
162597.856292
162674.692731
162810.512094
162919.631586
163317.217194
163399.525834
163197.542547
163626.546781
163687.578392
163508.915468
163886.225577
163719.384113
163799.824587
163904.692823
164027.888552
164418.942727
164540.529711
164324.230689
164378.15735
164794.060893
164622.109429
165018.36046
164836.755294
164903.839667
164965.535049
165377.551767
165195.924142
165277.914758
165708.176804
165497.066651
165638.968387
165709.194919
165783.225971
166205.996104
166004.46766
166392.89778
166176.734816
166272.389122
166393.229012
166493.131533
166914.553649
166724.599372
167102.837065
166887.853987
167261.0166
167087.186861
167520.394175
167313.669671
167678.390336
167772.628229
167588.071464
167713.276398
167778.880858
168202.403069
168044.014501
168077.269928
168500.803578
168305.716016
168657.226792
168498.892298
168608.403961
169011.359576
169094.498505
168904.126587
168993.956733
169125.782432
169188.338391
169333.666548
169409.647954
169779.805836
169906.464277
169697.682569
169826.905966
169920.551522
170313.812147
170110.966269
170191.376774
170602.741423
170707.17668
170491.162007
170913.628666
171001.448824
170794.346668
171186.423635
171321.795514
171359.668132
171169.910036
171627.332719
171687.811214
171512.515613
171583.704291
171708.319447
172098.395936
172176.110696
171997.16645
172095.20229
172207.132695
172608.284651
172714.275283
172779.499455
172617.610984
172999.408535
173108.071489
173197.542555
173305.925553
173438.467951
173157.533065
173556.593995
173706.388418
173805.587198
173604.366487
173974.396134
174113.257823
173881.665062
173979.845135
174118.61527
174217.881701
174616.659192
174402.40723
174479.570606
174611.356609
174705.19826
174825.611043
174889.024929
175317.746543
175088.120523
175511.264195
175277.922903
175695.808214
175491.480474
175907.51364
175999.237398
175779.569432
176227.766623
176273.842749
176388.95743
176222.648189
176307.607138
176751.307691
176765.655912
176561.864944
176678.072232
177105.657117
177160.884236
177291.313524
177379.454354
177446.52369
177280.377525
177728.998083
177781.719388
177915.447394
177988.196438
177802.975335
177887.16066
178277.539439
178420.94526
178501.91017
178315.887201
178689.054026
178488.499425
178574.839147
178697.95387
179110.955831
178909.905603
179288.979138
179113.78515
179510.767588
179294.037605
179412.289784
179493.168635
179899.902209
180022.318554
179833.089255
179884.420602
179990.416061
180109.793103
180190.065543
180294.177689
180688.648232
180515.641714
180914.588844
181000.717704
181085.937517
181205.515769
181010.825313
181404.892178
181182.770652
181296.768764
181361.684223
181508.381962
181581.549374
181685.618765
182088.38454
182173.629657
181978.917938
182383.173425
182511.505387
182305.354253
182390.387359
182791.585276
182934.996394
182656.929453
183072.782463
183175.102168
182981.145964
183069.811478
183200.797563
183609.240684
183407.782101
183806.756965
183907.518407
184002.474979
184117.21156
184221.886909
184012.681975
184106.623683
184473.429127
184298.848824
184412.491558
184496.939888
184941.621354
184721.400048
185087.90476
185183.629539
185015.792153
185381.963428
185209.097568
185345.61785
185724.259266
185471.363279
185908.128035
185665.083634
186084.106426
185897.032941
186008.499459
186090.557635
186528.490684
186297.037515
186389.25326
186484.030868
186583.473074
186691.487769
187136.580811
187182.477098
187022.83564
187406.425966
187217.472244
187290.746211
187711.813348
187526.035468
187944.08264
188013.732143
188068.490859
188167.403946
187998.722424
188425.488166
188170.430613
188309.511504
188425.378364
188820.576878
188632.842566
188727.95719
189078.196981
189192.927257
189314.431017
189112.17942
189172.435595
189600.869124
189406.68284
189515.725986
189614.249362
190003.992865
189778.330072
190184.362418
189995.023174
190093.677186
190180.722918
190586.103406
190419.402271
190796.338058
190596.443283
190719.838925
191069.418939
191166.800624
191005.798767
191098.34833
191505.810022
191302.645449
191395.391459
191811.331527
191877.335051
191703.307412
191790.210653
191892.656655
191990.24281
192402.874182
192502.962479
192310.925061
192381.78535
192452.710777
192623.303338
192978.469934
192819.27708
192899.126179
193015.378904
193083.234851
193201.550636
193262.267934
193419.712286
193506.900968
193612.884821
193995.642223
193777.692506
193904.398952
194032.74609
194412.548399
194181.469956
194323.457235
194713.78414
194487.785011
194579.709205
194993.879375
195086.185781
194895.450576
195310.629998
195411.341177
195201.122659
195322.456666
195403.842715
195838.930578
195586.797768
195701.374198
196089.63024
196189.951786
196294.039214
196109.186079
196487.740565
196305.32446
196695.812437
196807.004718
196889.106826
196694.47433
196809.135556
196906.414831
197280.873959
197382.059289
197200.305963
197364.239917
197703.475291
197525.329073
197554.261435
198010.785746
197808.692367
198188.278336
198293.322448
198421.539455
198205.957194
198644.286898
198397.238672
198522.195618
198608.70458
198987.555659
198815.859098
199208.552478
199011.535355
199095.173685
199492.874872
199283.893991
199695.28805
199491.584644
199597.712306
200009.165013
199782.621188
199892.431728
199986.249739
200414.440357
200200.289354
200275.279271
200684.971397
200789.195103
200916.218924
200979.820828
201113.543273
200909.467162
201005.640799
201113.513803
201217.529596
201292.711656
201405.150152
201815.907102
201916.903909
202038.481047
202110.942201
201929.001559
202293.31281
202096.228613
202461.014412
202280.778621
202697.049857
202544.23333
202882.722013
202998.282147
202821.577477
202901.488641
203306.768655
203104.054025
203485.925305
203581.355727
203691.107623
203805.970569
203605.77299
203687.274651
203827.402528
203900.316486
203968.716024
204116.248854
204192.16102
204632.738705
204395.057432
204497.870559
204868.428149
204719.722288
204768.702445
204894.49437
204985.149156
205141.89516
205235.122327
205280.513438
205396.155782
205509.100114
205597.250618
205993.799738
206102.008697
206208.947769
206004.538198
206395.182208
206192.928611
206552.434963
206400.533062
206814.214144
206870.277608
206683.312507
207122.958259
206887.46844
206999.245879
207418.253853
207201.384398
207297.087358
207712.020289
207518.322204
207909.567092
208024.206666
208139.288286
207901.523627
207983.860665
208107.360962
208504.28251
208299.161749
208677.326553
208794.994532
208626.960449
208985.744091
209112.447571
209178.678736
209021.068497
209386.386005
209495.907004
209308.344739
209404.047578
209832.528677
209627.621167
209702.720733
209842.583428
209903.220903
210283.818568
210099.868627
210509.827225
210566.72566
210408.053714
210786.495123
210900.213473
211035.447906
210760.743943
210918.583869
210980.501182
211091.094157
211180.666634
211566.348254
211720.078492
211830.556286
211888.441465
211999.900043
212113.929332
211902.26272
212000.600315
212089.988015
212516.907703
212595.375756
212713.702791
212494.300027
212927.400758
212704.75492
212803.108779
213176.73666
213000.435826
213355.605737
213220.262742
213305.502088
213739.048082
213792.912144
213616.492474
213709.545171
214100.338944
213924.720686
214263.688533
214117.600513
214520.056071
214617.36183
214405.357575
214532.713801
214630.758206
214999.635892
215123.588206
214905.605648
215025.804339
215111.145966
215495.098364
215302.6374
215386.906763
215799.17751
215585.8071
215686.048873
216088.321798
216191.350532
215991.776347
216359.004128
216207.307928
216618.385858
216411.98001
216792.101516
216891.230269
216713.008929
217098.126816
216925.150545
217021.551223
217382.476391
217509.939969
217254.539366
217729.676126
217507.888559
217927.814934
217701.696255
218102.265794
217935.139533
218320.361048
218373.703202
218200.515007
218603.117665
218683.890069
218502.794987
218593.600858
218987.106038
219108.975045
218876.212396
219007.957987
219121.562765
219205.83096
219262.426825
219653.571682
219472.872059
219595.301116
219708.958101
219804.21048
219903.153885
220012.05285
220137.346141
220167.554489
220582.088182
220417.054713
220511.453891
220628.221055
220703.982791
220794.035195
220895.625545
220994.464425
221409.69934
221174.48865
221618.075477
221397.695772
221499.709591
221621.763481
221699.463598
222113.44153
221889.007058
222273.522412
222358.759229
222489.247007
222583.296998
222713.365939
222506.459958
222594.678034
222703.180248
222789.734467
222921.551236
223007.300337
223390.476558
223522.037238
223574.736704
223400.733614
223501.484951
223602.99308
223661.045476
223869.347037
223914.859461
224282.408854
224449.372655
224488.394083
224325.220625
224430.364179
224808.419493
224584.991458
224716.69883
224782.542209
225195.694893
225293.641862
225077.981958
225520.519365
225329.886531
225416.036217
225499.990225
225611.356804
226000.085319
225779.542897
225874.3942
226288.061609
226407.46743
226510.922314
226626.298283
226409.3155
226792.969042
226603.057553
227012.272615
226806.643748
227242.435293
227016.287435
227072.918289
227200.401507
227280.494936
227418.510294
227802.761436
227909.360463
227989.822781
228139.722387
227909.145652
228295.894013
228116.206346
228520.600346
228301.491244
228379.742608
228479.459245
228902.754238
228703.294971
228809.525541
228907.962935
228987.772003
229091.897468
229516.995932
229265.130497
229416.682092
229798.690476
229582.157259
229665.859736
230083.624451
229899.571882
230038.421821
230405.127817
230527.412739
230291.324186
230705.087596
230820.572967
230601.936683
230721.128273
230828.07701
230909.137323
231025.663527
231086.711082
231187.074297
231568.463788
231719.092095
231514.248946
231583.945915
231968.192928
232077.413039
231898.07718
232319.501743
232449.704168
232486.727427
232310.127953
232395.872827
232492.80962
232601.789063
232728.405793
232826.873553
233200.199861
233315.720614
233371.62454
233479.239525
233583.470374
233419.104869
233506.946475
233918.558788
233984.376545
233804.193502
233884.345524
234006.07307
234131.094617
234524.746024
234320.469859
234390.840106
234504.506835
234612.038848
234700.691954
235101.438227
234908.429169
235300.883779
235405.114342
235209.090483
235566.682951
235403.465086
235839.416725
235609.550021
235707.410938
235817.17256
235908.116763
236276.649816
236116.915168
236182.867016
236314.52365
236684.407876
236805.916284
236928.408922
236712.051087
237090.806938
237195.605078
237004.447237
237425.515572
237519.464911
237628.525324
237399.605602
237490.800459
237618.948412
238011.507938
238088.048898
238205.305052
238307.460699
238366.084699
238214.291956
238608.669316
238385.963691
238786.912609
238600.65781
238690.713521
238805.837531
238895.479866
239318.374551
239110.442578
239515.440648
239305.93234
239373.090348
239489.456564
239602.893214
239996.728711
239797.72944
239885.081207
240027.211837
240388.727467
240192.316203
240593.3332
240740.731246
240503.626156
240599.491
241004.06706
241088.402373
241203.286449
241318.293984
241389.12702
241207.449871
241568.480882
241707.135543
241800.671623
241921.255331
241993.81499
241822.310891
241905.751423
242291.135772
242092.504932
242518.542358
242587.903073
242395.166382
242472.494806
242599.280207
242711.617609
243097.650994
242880.179105
243012.657338
243426.839427
243512.508031
243588.855957
243408.556286
243818.036087
243579.001919
244037.615988
243800.973956
244201.20669
244267.960832
244103.823566
244218.306075
244318.325776
244683.291379
244541.880632
244590.045664
244712.822159
244815.128296
244900.408844
245301.588885
245078.00796
245529.278099
245311.454455
245401.300131
245816.321054
245588.387585
245715.968653
246119.941642
245911.718948
246291.816291
246113.057551
246218.97256
246314.3262
246672.276503
246799.670876
246593.514207
247016.798368
246796.627269
246886.531215
247288.56269
247394.895584
247209.101729
247290.293615
247429.249161
247473.128306
247593.120954
247718.108113
247815.749158
248241.979798
248269.750772
248133.335124
248205.372201
248302.226128
248404.84577
248770.193041
248907.565456
249010.31126
248823.386045
249190.163692
249339.113358
249112.949278
249213.42715
249591.354467
249409.36289
249515.100626
249866.418131
249702.49297
249793.108355
249919.713084
249979.206319
250092.887551
250190.450302
250284.851457
250379.012362
250488.173723
250894.097545
250971.39996
251062.943058
250904.982802
251319.0454
251128.091403
251531.206289
251309.298854
251396.140515
251545.232781
251610.139579
251694.15839
252090.041756
252237.185712
252009.016506
252105.984962
252196.029368
252295.030104
252384.603845
252511.622093
252901.403081
252706.441229
252803.272164
253221.951209
253018.972425
253079.095992
253493.41821
253297.66154
253676.1099
253517.039936
253921.602602
253991.793806
253795.256697
253898.885594
254014.187839
254093.802426
254519.167826
254298.449324
254677.255736
254510.773319
254598.743434
254681.946681
255125.026576
254879.027305
254998.161092
255119.768921
255484.131644
255600.727826
255380.643343
255798.443061
255591.337652
256026.470275
255822.142117
256194.964257
255990.383378
256071.188579
256487.365847
256329.425187
256693.639567
256745.826222
256587.82475
256699.865112
256807.532327
256892.440416
257313.372081
257404.065798
257493.250155
257297.030434
257725.836534
257479.056432
257873.155165
257695.209866
257803.099571
258199.674689
258018.835607
258100.644642
258523.268694
258331.102317
258397.498368
258510.539735
258881.386865
258675.864263
258793.048967
258903.361871
259035.335148
259378.911375
259193.400503
259593.849329
259703.579999
259799.073862
259945.5007
259680.80518
259839.299821
259880.346373
260007.872275
260104.822911
260497.18708
260309.480382
260680.591693
260496.839987
260618.040646
260741.34007
261064.10571
260895.484219
261020.323662
261065.930542
261491.279053
261290.483149
261688.983129
261505.598286
261591.972558
261687.262621
261779.936053
261907.5137
261998.910443
262113.065204
262168.899785
262619.608148
262734.442178
262486.654243
262600.621983
263006.435567
263112.621919
262879.9899
263304.535816
263082.763399
263523.178521
263301.648174
263377.965453
263516.598154
263910.596953
263681.091577
263816.815207
264215.285677
264026.94439
264408.617779
264501.578752
264298.315934
264422.111586
264826.628574
264580.075656
264977.83338
264808.41983
264894.292289
264993.223325
265110.501364
265513.368653
265296.249987
265407.361355
265508.374401
265604.709069
266000.621058
266103.32006
265882.344257
265990.403866
266390.063788
266237.462329
266311.679732
266373.257709
266799.649096
266895.485217
266993.585572
266818.139331
267184.595141
267313.122829
267114.727815
267198.293405
267610.774379
267423.32958
267489.673693
267899.558884
267719.591183
267830.839446
268232.989505
268014.773749
268093.606887
268229.537653
268319.368268
268688.139809
268521.894009
268910.460433
268709.564676
269096.273167
269192.624787
269315.462969
269398.285609
269489.246347
269621.725468
269405.309025
269798.725414
269593.699237
269706.599122
270088.463901
269869.468796
270008.396896
270113.105839
270459.183104
270311.451383
270670.55708
270812.723038
270582.83001
270716.842544
270808.038186
271232.712236
271032.752489
271081.544051
271233.04914
271300.936789
271711.652952
271492.379977
271592.705216
271685.481498
271782.28658
271893.771695
272010.781513
272386.861709
272204.548073
272601.018057
272397.812056
272462.333283
272575.540171
272682.250453
273102.803337
272926.265402
273310.16474
273113.558681
273461.219524
273298.535959
273717.756026
273518.672041
273914.358914
273683.201229
273831.801419
274186.629139
274304.524768
274066.476075
274197.975982
274257.92305
274706.250309
274797.984835
274619.534129
275011.825564
274778.23045
275213.084461
275018.8519
275380.042376
275234.551127
275287.704812
275710.022454
275808.186571
275608.001648
276023.59607
275797.143086
275882.13175
276263.365813
276142.528225
276201.707759
276593.255657
276402.274865
276511.405591
276943.097951
277014.993287
276788.436307
276851.203571
277258.803013
277385.117745
277193.920021
277292.366858
277719.640961
277520.622576
277618.94031
277701.77479
277798.090453
277898.353356
277960.510485
278413.736047
278235.370505
278308.617117
278442.194474
278468.625947
278894.06209
278987.08896
278786.930748
279191.030584
279284.571726
279110.009166
279206.996333
279309.537834
279395.860754
279824.027012
279896.963854
280010.658922
280047.02758
279894.916251
280308.705283
280113.32987
280217.553249
280287.156361
280709.350758
280484.083292
280617.80408
280707.970422
280790.927925
280875.329061
281008.256539
281110.604459
281501.15645
281296.92309
281679.040976
281509.59055
281586.594863
282009.246172
281787.307763
282187.239306
282270.592886
282089.200626
282484.887349
282297.180347
282397.048023
282817.272648
282582.075725
282668.219454
283131.230006
282876.330681
283023.704112
283428.082307
283182.641488
283329.453726
283392.824786
283493.30168
283917.559984
283683.895363
283800.129776
284198.110437
284267.764253
284331.877166
284534.375893
284288.346945
284398.192032
284791.736783
284615.642054
284705.265253
284793.253224
284923.918486
285318.345592
285079.778362
285207.891462
285302.068819
285707.544753
285494.15161
285588.27631
286003.506238
285814.949093
285897.919297
286009.190459
286093.483873
286197.205012
286618.691831
286707.020319
286745.902753
286909.563304
287027.104354
286824.138709
286898.161852
287020.781448
287378.919009
287496.939333
287602.690349
287390.981988
287804.162453
287585.088364
288026.883859
288125.551848
288201.879436
287987.193204
288140.249255
288190.153152
288292.126784
288390.767682
288799.326533
288882.549907
288946.7635
289084.121571
288885.526387
289336.440049
289389.940207
289511.674818
289320.152402
289424.085521
289817.077896
289607.712529
289967.755837
290107.716639
290198.691473
289989.566161
290389.350175
290487.283954
290589.728505
290702.042861
290496.592648
290878.444445
291009.621879
290814.708728
291244.170343
291318.384442
291388.521817
291487.170011
291276.817455
291713.387934
291813.762647
291598.390639
291686.74634
291803.083379
291878.56144
292021.10748
292379.641029
292197.784017
292283.214976
292386.786288
292530.620764
292584.070819
292682.708089
292813.513078
293232.090087
292965.735011
293073.088844
293225.882736
293289.972755
293397.807659
293511.231138
293613.154188
293690.998389
293832.245859
293892.327502
293987.61504
294378.143577
294218.092132
294277.177366
294385.478534
294498.85706
294621.988983
294981.091941
294782.951901
295214.513855
295010.376885
295095.307069
295425.913326
295319.72669
295670.308647
295524.194274
295607.606557
295714.69241
296084.113506
295904.199987
296286.612738
296071.934176
296191.124184
296584.141477
296711.232524
296497.898532
296894.625204
296703.660727
297116.194176
296899.187786
297289.333744
297388.334658
297172.792789
297323.779243
297686.91491
297512.97385
297909.551065
298002.312592
298079.574853
297937.778513
298002.218914
298092.343556
298188.82104
298584.369235
298635.176537
298518.69294
298619.139121
298969.682981
299099.441266
299166.563287
298979.923562
299097.272187
299194.215943
299291.097931
299392.859542
299491.077419
299617.471706
299705.424922
300090.418918
299861.875823
299994.342865
300121.153846
300196.832531
300298.995133
300436.195564
300494.834704
300873.632192
300970.107613
301115.469487
301171.782887
301002.745462
301103.75509
301201.836978
301345.456812
301382.691485
301478.909893
301582.505344
302045.928559
301818.671731
301935.680959
301996.910585
302408.395652
302206.592667
302602.822286
302392.154341
302523.4883
302604.063702
302707.463865
303101.856491
303224.143752
302970.072226
303412.676305
303502.380846
303585.252684
303386.784214
303513.245149
303596.315287
303975.93607
303801.97407
303873.352295
304322.035391
304090.515601
304187.085012
304609.712811
304409.984764
304812.043789
304589.565735
304995.472102
304788.721061
304891.251681
305017.851586
305427.322588
305188.834263
305287.403759
305418.930923
305539.524276
305900.056864
305966.128109
306120.770773
306199.411887
306327.75296
306454.505293
306204.30768
306279.376031
306675.103896
306755.872913
306582.133243
306697.114597
306774.64617
307207.277168
306983.645679
307353.889962
307506.566766
307595.534999
307389.392187
307514.198125
307600.734692
308008.194238
307827.317932
308252.004404
308280.647792
308091.485296
308468.679834
308646.555455
308383.670614
308538.954464
308906.058089
308700.881976
308802.835928
309186.484806
309011.180715
309099.434492
309505.396311
309312.447602
309384.150182
309515.585288
309598.582754
309686.901158
309770.720976
310189.007225
309995.99968
310401.364199
310208.533446
310298.920278
310347.663383
310493.495918
310604.409391
311010.206949
311103.347526
310902.12525
311282.622975
311393.974671
311192.975294
311607.034784
311385.492383
311484.840883
311911.652598
311703.975486
312105.393991
311895.481813
312299.177931
312067.960949
312236.919375
312601.315693
312391.11247
312785.378652
312581.298784
312712.061929
312787.495004
313196.206286
312996.722918
313095.132854
313215.864078
313609.261917
313415.602105
313493.635371
313622.304221
313689.229872
313807.013124
314196.861079
314004.155151
314111.704165
314517.646127
314601.644404
314699.802585
314476.348121
314587.422801
314698.230866
315102.583585
314880.53656
315017.513452
315089.385892
315508.1625
315586.145268
315385.338563
315807.468035
315902.346665
315674.305533
315806.065274
315889.663568
315996.417426
316154.385981
316212.953496
316602.08466
316404.372674
316805.87478
316900.097318
317037.983322
316810.300532
316912.042063
317304.470726
317087.087817
317231.204734
317297.411284
317360.081966
317775.66782
317620.600513
317688.263268
318077.134688
317934.892451
318310.266664
318108.16204
318234.992188
318628.44929
318421.054456
318469.319476
318590.955681
319044.148033
319072.011965
318901.094131
318970.445688
319121.483996
319214.059814
319624.828851
319412.417892
319493.236679
319615.817395
320025.14948
320091.098719
319909.245894
319997.599
320109.647332
320482.06584
320604.015588
320389.197987
320826.286987
320619.178336
320971.571667
320768.194933
320892.751893
320993.447671
321102.334193
321204.777978
321603.319251
321398.839451
321771.828325
321589.07011
322000.546856
321821.462881
322186.23809
321994.978518
322378.800321
322207.364878
322283.662358
322399.748682
322490.935788
322600.120149
322994.532931
323127.906108
323172.876792
323324.068515
323099.292657
323178.791747
323306.600637
323397.732253
323497.364797
323959.198706
323704.303593
323766.982285
323907.877388
324280.175203
324378.612259
324210.451905
324328.906188
324385.948352
324501.267468
324876.930112
324714.471379
325120.912829
325215.229406
324965.887445
325081.391039
325476.199997
325263.71437
325390.286332
325824.391146
325615.338027
326020.569056
325807.931933
326228.473137
326014.201621
326407.006065
326424.382508
326330.47917
326381.332783
326474.150194
326899.458666
326692.956713
326797.228595
327255.29782
326980.504463
327089.478451
327485.499452
327304.373891
327680.233259
327513.827809
327899.397448
327969.801787
328098.688571
327907.359837
328309.955847
328373.908329
328479.578507
328290.06836
328700.573493
328487.773043
328584.133732
328694.399365
328825.670387
328910.446521
329282.739113
329391.571997
329202.245112
329313.297748
329710.003624
329489.380019
329921.741543
329996.953138
329798.405208
329876.28437
330003.072867
330411.54542
330212.221695
330328.225602
330704.800704
330525.49398
330925.350851
330703.735891
331132.88629
330907.44525
331334.913098
331115.61286
331192.398189
331313.10332
331376.858009
331531.099917
331628.607064
331710.133018
331790.912063
332211.154759
331976.030935
332111.897379
332201.876338
332622.08109
332394.492933
332532.116456
332627.103619
333017.419732
333057.50603
332909.706393
333306.077062
333370.633393
333196.858145
333621.836885
333405.395887
333538.229043
333918.248195
333687.354662
334104.767436
333905.092534
334265.082138
334107.516015
334209.153109
334284.334006
334373.299789
334492.369084
334613.173769
334697.517194
334831.963754
335180.322335
335000.389179
335393.760513
335210.246852
335319.575832
335405.283328
335816.030354
335880.75087
335682.239124
336117.951214
335916.900231
336282.347917
336108.307036
336204.370715
336288.20665
336725.996705
336816.651431
336924.656654
337023.657121
336818.861792
336884.407948
337023.509918
337099.132766
337487.523597
337270.346109
337733.169818
337499.798765
337586.691375
338036.136386
337791.986682
337889.710017
337976.491139
338382.785659
338205.723927
338302.6495
338691.338557
338816.369098
338909.400702
338677.068664
338797.894907
339198.157122
338969.257441
339414.00295
339521.556559
339594.011049
339380.496153
339794.489979
339922.845022
339711.76076
340102.745329
339873.710389
340038.145717
340082.57053
340476.892932
340621.732859
340685.644026
340801.990368
340914.975062
341022.868224
341131.599127
341200.736265
341293.819397
341099.246182
341188.890093
341581.714082
341715.334675
341790.576542
341925.447316
341964.096031
341797.085572
341900.713488
341998.571063
342123.202769
342195.507011
342324.123669
342650.224683
342789.812706
342879.442083
342684.373589
342811.289166
342913.084394
343003.669416
343119.595921
343527.371877
343607.638984
343690.308882
343504.680255
343621.755973
343673.183943
344090.515838
344214.11505
343985.2008
344392.129658
344486.561544
344310.587222
344676.452616
344512.151551
344590.781542
344682.407634
345117.851375
344884.677574
345010.25518
345102.260531
345185.428073
345311.77272
345393.229744
345499.436927
345595.268408
345698.906267
346112.451468
346188.883998
346016.954506
346113.792916
346195.817314
346629.49114
346412.765298
346837.326758
346583.926369
346708.30006
347084.780177
346906.23698
346996.979789
347403.382741
347210.097088
347599.616143
347406.855779
347485.126924
347851.438622
348052.530378
347780.676783
347913.169995
348299.12464
348397.198303
348514.925266
348302.319032
348432.059053
348762.092348
348880.173768
348670.47543
348794.79634
348908.548007
349019.817143
349103.037279
349196.603857
349313.347032
349415.396282
349484.141166
349607.556642
349719.011779
349819.081773
349895.946824
349974.624529
350112.480163
350496.432039
350330.077119
350390.485311
350502.553686
350592.346133
350990.582731
351090.517831
350896.965028
350997.279034
351390.504161
351222.934418
351578.706589
351710.17913
351771.235397
351622.700817
351960.307976
352090.558218
351888.873106
352319.746358
352391.173689
352516.675209
352269.900456
352723.053172
352823.846774
352953.784595
352711.76726
352821.456165
352883.457701
353000.166887
353417.855739
353517.54794
353298.80795
353374.572093
353782.826533
353897.682188
353980.572571
353804.118445
354176.719279
354011.278911
354091.938611
354512.851837
354313.247244
354392.177144
354486.256391
354912.174507
355038.060883
354845.329586
355175.28716
355302.208762
355100.969819
355192.325167
355575.337998
355420.520205
355501.68277
355888.088904
355695.835294
355803.04198
356215.262956
356009.990118
356102.107989
356204.756193
356342.724643
356399.890461
356823.476964
356928.62833
356722.785023
356811.04631
356920.843125
357313.779848
357088.271362
357487.082983
357615.849976
357388.727424
357814.151678
357890.474112
357736.464723
357806.220655
358210.36131
358017.35189
358404.602205
358186.500357
358314.779616
358388.588951
358463.517283
358884.108513
358688.827169
358792.583745
358907.490517
359288.474709
359095.330744
359505.108167
359322.719111
359415.344352
359770.956194
359587.055633
359990.74399
359823.446166
359934.113636
359995.761154
360084.259966
360198.018418
360609.933294
360704.786628
360830.690858
360577.394804
361005.245631
361089.123243
361194.598787
361317.171678
361088.672316
361175.762923
361595.427255
361383.636082
361496.816761
361608.31099
361710.464104
361822.997273
362193.451302
361982.97756
362126.432676
362492.86767
362619.337891
362710.821547
362493.503548
362615.806409
362986.608216
363089.442748
362911.870018
363309.731533
363398.870719
363463.722717
363600.521324
363399.217424
363487.200501
363880.824007
363720.150944
363813.321513
363904.433484
364005.103924
364094.143577
364514.274282
364589.195127
364419.852958
364800.010475
364907.410303
364987.021673
365118.683532
365177.799819
364986.522368
365080.22588
365200.563416
365611.58215
365693.19068
365798.79151
365611.135659
365997.641391
366114.548442
365921.542857
366021.021871
366400.631168
366227.488459
366610.712958
366700.967497
366525.293025
366606.437947
367008.978589
366801.29679
366898.813639
367297.037918
367129.194036
367513.302068
367333.828997
367374.651268
367809.39734
367602.079354
367964.687808
368084.675655
368206.109577
368001.694442
368370.407269
368187.688121
368627.358494
368403.877748
368504.105607
368626.028537
368692.276814
368815.039256
368906.504227
368983.707816
369089.224511
369500.0765
369614.178877
369395.619901
369840.909197
369580.968306
369707.265659
369801.1877
369930.298484
370312.44378
370395.414097
370198.006691
370291.352383
370678.106434
370473.209003
370604.648196
370687.909867
370796.399464
370886.189013
370981.817237
371072.251947
371190.226
371600.459285
371684.295194
371488.004918
371921.452863
371706.947245
371780.03806
371911.860192
371990.514786
372418.008068
372181.314763
372643.53532
372409.84999
372776.606152
372628.326834
372657.855786
373099.457043
372903.580881
372992.281704
373401.161675
373490.586943
373274.047384
373406.997194
373505.372518
373860.11099
373667.762728
374110.546981
373902.201608
373984.501002
374113.730824
374178.713027
374585.603257
374348.9191
374517.582969
374623.953568
374674.779877
374808.949055
375205.42145
374999.76894
375109.748382
375209.683325
375328.13893
375403.176041
375515.083966
375894.098202
375689.867614
376116.833153
375885.653647
375991.589192
376408.519683
376475.31201
376332.434588
376713.490341
376492.748063
376606.66478
376705.463535
377109.14705
377180.366123
377021.853394
377076.814891
377472.24033
377588.32453
377710.503367
377527.287418
377868.007603
377962.174036
378077.168707
377865.91712
377993.768993
378399.114195
378484.050967
378294.222366
378391.778871
378801.860193
378638.659715
378677.930518
379121.188598
378913.903795
379269.242071
379108.396453
379225.965157
379320.533122
379390.541553
379793.401188
379894.349157
380005.455951
380135.099312
380198.215181
380290.325699
380120.249408
380201.207463
380618.512895
380686.855245
380798.455552
380593.779156
381006.401113
380811.273725
381170.250864
381321.350908
381108.943191
381491.200161
381297.233103
381385.948999
381527.513123
381614.984032
381985.617435
382147.108409
381921.807896
381994.195723
382117.188444
382202.494911
382612.344713
382397.642782
382784.342003
382878.935437
382686.218857
382813.974012
382921.948314
382998.178107
383098.130724
383188.233037
383269.120595
383382.98107
383833.363416
383592.591896
383729.385472
384124.676751
383902.236268
384021.005337
384084.84233
384150.256454
384564.235932
384681.846903
384804.20694
384620.621918
385018.983529
384771.281417
384899.562204
385297.336699
385412.352253
385454.042632
385301.725551
385706.617998
385794.040198
385898.697369
386010.106101
386112.830245
385906.365281
386338.150287
386074.412751
386512.144807
386605.500206
386414.858813
386467.483481
386890.791459
387009.275532
387107.566832
387219.579643
387319.695319
387102.239596
387528.83826
387338.099435
387693.266349
387505.930245
387613.521214
387707.21199
388083.257565
388170.430135
387990.592652
388105.40851
388513.620467
388266.702642
388441.394203
388532.202791
388615.899493
389015.568029
388814.641658
388884.281833
389303.006911
389393.266363
389205.108434
389291.793057
389663.656151
389516.163248
389645.115001
390027.038817
389803.19836
389889.561295
389967.256058
390363.961684
390525.385107
390300.795934
390440.322538
390486.314354
390884.025313
390684.693946
390796.380434
390896.465618
391013.967164
391093.798243
391200.636125
391615.662323
391388.703929
391490.867986
391616.45456
391989.287813
391806.187472
391922.262368
391992.466848
392100.132346
392204.751672
392295.441231
392389.821708
392790.879762
392922.867533
392732.324273
392763.228647
393202.078873
393012.365399
393060.77586
393509.681463
393620.855188
393750.758877
393507.816768
393577.950732
393993.933355
394126.695347
393913.869059
394023.284279
394105.724357
394477.45678
394592.796606
394687.512341
394495.57331
394943.442548
394997.545058
394818.773529
394925.62015
395279.287723
395090.766855
395482.574691
395281.960012
395415.812133
395507.136545
395596.28754
395975.583193
395795.368858
395905.614735
396009.168328
396424.50174
396189.491494
396550.608414
396414.271405
396802.89325
396602.335721
396721.77648
396800.122697
396918.265548
397011.023438
397117.893916
397177.145478
397313.161122
397368.493643
397514.918526
397610.609426
398032.624345
398096.500767
397881.596928
398006.208885
398113.133466
398215.984741
398300.291477
398408.766305
398511.481675
398941.551825
398667.468644
399110.12908
398891.178737
399023.383853
399084.477297
399190.259922
399581.882418
399713.988814
399495.103711
399611.950982
400021.10857
399806.828893
399906.159159
399989.815399
400101.935981
400211.010839
400338.428267
400700.135635
400499.129169
400876.954468
400975.060191
400833.689876
401224.843274
400978.311459
401083.647462
401185.701613
401598.390011
401680.766785
401798.660556
401884.77972
401689.034678
402126.668186
401911.440815
402014.541072
402140.230666
402189.08017
402334.053646
402698.942412
402790.821253
402906.905121
402974.036166
403102.043262
402873.696099
403004.637936
403081.158053
403506.445631
403332.011496
403651.318652
403789.770945
403552.977847
403692.16443
404163.698751
403885.645263
403966.246312
404119.159549
404496.168002
404284.405532
404406.133995
404480.917866
404590.799415
404683.470154
405117.797524
405215.838864
404984.731107
405107.769883
405530.199561
405598.806321
405720.003895
405529.519056
405599.075145
405701.794434
405784.93594
405867.065922
406259.396624
406406.073539
406477.535877
406264.365024
406387.510018
406536.284295
406901.271881
406691.554348
407098.962269
407188.33195
407015.224604
407394.916222
407511.002684
407585.899055
407439.649605
407517.697994
407629.464246
407719.389371
407813.655477
407902.690956
407965.797116
408094.033695
408458.632251
408611.707148
408415.655434
408528.488195
408882.716936
408695.607825
409102.854166
409197.58572
408981.287681
409124.283927
409194.881768
409298.918392
409413.723819
409519.350878
409609.448572
409695.974964
410121.336209
410214.771772
410288.70511
410104.730752
410472.201763
410323.088256
410411.45842
410516.024684
410618.107768
410988.683236
410772.019073
410920.01687
411297.420871
411120.121771
411190.044802
411287.050032
411731.43077
411519.082414
411631.367939
411712.972336
412121.018214
411886.049446
412016.343409
412056.712036
412205.486
412557.290529
412696.055312
412514.849248
412883.315774
412710.129435
412807.857921
412910.312668
413019.275349
413111.09189
413184.957569
413285.635688
413709.796656
413492.371521
413883.167466
413725.019372
414123.823934
413888.2606
413983.113228
414085.712794
414500.524877
414578.639176
414708.228125
414498.324823
414605.308967
414706.045834
415114.616438
415214.244006
415327.519367
415086.084857
415220.424571
415609.220107
415710.597777
415499.265103
415899.707503
416008.521026
416138.565214
415878.36168
416302.374761
416361.397651
416200.703493
416301.292638
416402.766457
416481.216837
416880.369882
416704.030285
417118.068366
416920.3702
416999.65315
417426.09176
417505.993104
417604.346055
417691.880853
417482.504026
417608.796827
417723.422209
417814.287523
417900.358565
418297.20249
418400.987552
418180.994955
418316.198822
418428.484415
418495.167126
418635.112337
419002.244446
419102.006504
418916.908636
418962.056652
419138.236317
419138.287995
419303.742928
419691.649365
419482.863972
419585.956096
419985.281603
420107.593758
419910.703514
420000.215112
420120.853427
420481.401474
420618.210559
420688.26776
420495.444328
420561.451216
420690.365363
420795.255814
420900.845237
421311.663855
421106.552301
421183.499031
421611.282592
421379.45556
421505.913499
421889.54204
421671.146378
421785.44208
421935.615484
422017.863427
422101.659763
422520.051401
422642.700418
422693.551468
422495.091706
422593.535597
422683.31852
423081.511233
423166.404146
423296.303371
423101.757567
423509.732556
423299.867445
423375.446156
423759.508065
423592.070207
424016.155888
423826.30814
423867.68479
423990.61997
424100.628025
424491.986717
424599.964098
424670.209716
424465.869803
424889.271099
424698.295733
424785.902729
424920.903437
425277.88716
425408.878325
425177.36438
425254.068872
425680.695574
425790.49481
425608.749877
425711.913996
425818.126487
425901.19361
426280.336475
426100.665693
426532.282332
426307.518762
426392.738747
426505.044575
426879.806997
426699.494839
426817.049809
426895.004272
426985.543688
427118.443668
427231.716807
427599.007005
427704.03139
427517.459482
427583.994726
427694.585212
428134.246054
428215.829507
427996.423054
428116.044207
428196.224293
428594.051916
428679.857078
428505.788663
428578.255718
429012.279209
428837.583023
428926.90474
429263.049965
429366.309248
429516.738729
429283.710078
429705.893966
429482.635856
429574.356437
429710.419939
429806.561407
429915.860493
430291.577667
430098.486512
430167.83323
430319.998709
430402.182204
430802.58512
430619.784187
430717.180064
430787.719985
431189.198391
431037.613152
431105.229673
431520.950083
431280.953215
431391.239957
431769.490926
431586.945665
431711.531756
432095.730981
431887.122161
432048.354693
432112.860215
432534.342785
432583.337632
432398.788029
432501.708326
432586.384415
433007.861167
432775.173534
433160.751175
432979.518645
433354.619149
433196.964374
433312.074744
433719.721519
433504.634146
433907.764465
433996.13818
434119.121546
433910.662151
433971.670439
434094.558655
434451.630329
434308.212439
434768.659664
434814.030001
434924.386806
434991.599696
434816.684246
435172.259293
435298.824983
435107.429189
435465.019792
435276.51598
435687.966828
435498.683818
435626.062344
435995.489482
435772.663679
435923.004609
436013.156539
436087.748097
436524.742195
436623.740695
436388.622345
436813.0856
436610.71352
436981.238152
437065.919729
436888.624759
437314.995758
437388.973528
437207.241619
437285.588796
437666.479165
437513.795344
437610.4986
437995.772435
437817.056724
437868.696988
437972.494294
438096.624058
438477.806681
438308.48934
438398.04089
438518.856052
438582.973098
439027.854157
438821.991234
439186.283316
438999.324227
439104.47752
439196.38843
439300.702403
439419.337673
439821.297802
439907.211117
440006.057975
439763.11874
440194.068497
440005.310848
440132.684573
440475.049107
440315.252969
440700.138367
440491.198942
440564.955237
440690.912343
440807.764079
440906.3465
441022.678637
441146.561083
441503.221274
441328.985073
441400.258957
441500.371767
441589.98122
441695.457733
442112.989947
442208.39013
442293.797149
442410.806306
442461.944463
442581.895695
442693.697794
442493.102637
442911.983787
442987.147124
443111.014641
442919.979288
442983.130901
443380.353593
443204.38165
443300.246828
443380.970849
443519.919678
443586.647025
443697.377958
444089.992794
443891.242793
444318.495509
444407.089155
444188.816903
444294.061337
444384.394102
444484.40008
444609.160936
444723.94918
445113.345217
445227.360881
445002.350546
445394.801528
445501.693719
445585.08486
445398.871025
445793.587345
445636.05275
445713.351643
445832.443278
446209.92212
446252.449153
446116.553762
446478.458433
446614.861437
446685.629748
446498.662935
446618.56882
446714.913322
447120.275115
446896.642229
447299.204131
447111.138917
447190.36559
447587.69637
447403.985624
447491.940916
447591.274706
447695.5556
447814.366943
447902.329851
448334.55077
448402.988179
448472.922123
448568.97796
448422.730467
448542.204861
448910.860498
448993.113518
448780.106693
448917.388044
449008.542328
449077.62411
449208.714434
449262.617069
449391.348939
449796.096645
449628.335788
450020.836548
449795.512835
449896.825586
450317.601723
450379.047295
450215.135234
450284.285556
450376.405067
450502.634297
450603.864013
451001.988188
451092.655066
451217.952408
451266.718386
451435.059662
451177.340045
451302.033828
451399.344895
451504.791472
451571.858533
451720.260916
451806.477073
452189.556803
452007.03775
452396.745935
452207.663397
452551.153698
452384.301131
452513.84864
452888.57525
453036.36587
453072.49305
452888.095524
452989.795088
453440.043955
453484.586616
453613.075842
453698.162083
453507.090388
453901.277025
454013.651042
453799.938288
454176.852392
454311.007596
454071.121652
454503.634449
454319.200867
454411.466011
454521.391911
454919.871673
454731.320072
454800.285796
455212.986656
454995.268484
455112.970397
455207.366959
455291.175588
455704.846556
455505.766048
455896.989277
455692.474022
455808.727292
456212.344922
456005.713003
456070.811015
456175.721625
456295.516818
456410.294201
456817.378624
456905.58812
456679.368722
457123.806796
457202.689349
457298.537107
457399.326588
457206.1726
457319.958099
457399.805665
457485.662314
457912.625301
457681.427404
457779.5485
457908.322193
457989.087391
458096.456063
458499.748042
458600.695965
458417.840606
458496.400765
458597.561888
458993.43459
458778.289965
458927.295098
459314.400628
459083.749661
459537.8896
459304.788723
459416.432901
459793.812408
459904.968667
459712.88032
460109.788947
459891.796924
460006.81045
460393.507651
460199.878172
460338.1277
460656.988321
460497.31547
460620.799209
460744.275648
460821.016702
461173.878132
461003.434457
461402.262336
461533.263852
461293.840666
461362.355885
461794.398144
461583.818655
461993.875373
462108.580953
462214.278944
462013.02007
462063.838541
462495.911064
462267.519382
462672.992845
462788.142612
462605.059446
462694.321705
462808.043749
462896.57679
463274.225753
463104.599856
463186.820036
463594.750004
463705.097113
463829.805105
463894.839204
463689.170737
463769.44222
464184.137621
463999.704897
464403.746011
464514.534084
464633.660933
464698.392932
464500.637329
464919.89418
464694.416911
464775.912582
465185.223328
464994.958954
465082.569256
465498.759902
465601.180707
465739.43873
465503.962024
465883.600526
465724.249393
466101.444906
466222.814958
466003.965175
466096.40041
466205.212636
466294.693443
466420.112742
466783.480874
466600.605804
466711.072039
466808.460299
467204.548185
467015.716459
467078.939083
467205.985644
467300.525623
467737.192842
467528.812858
467622.811618
468023.117983
468141.776509
467887.181571
468014.968204
468409.212153
468193.443467
468307.570936
468384.441924
468811.500071
468905.648607
468711.941669
468803.503383
469206.476474
468994.356232
469400.994024
469483.376177
469544.164508
469711.493503
469494.911845
469642.69729
469711.146646
469794.965376
469905.856656
470000.905989
470396.635161
470495.260198
470567.504616
470710.380699
470780.778218
470611.389845
471008.049985
470814.964021
471189.596859
471349.650495
471101.082885
471477.124116
471613.275584
471663.458294
471487.798326
471598.973684
472032.826041
471797.784401
472207.868053
471997.142662
472080.436091
472211.585757
472308.292038
472388.318158
472803.623398
472639.376825
472972.260167
472789.523567
473201.650013
473333.535001
473400.534662
473194.704782
473291.528103
473406.632807
473472.956429
473901.574368
474011.624522
473786.844282
473890.923481
474011.135643
474414.291837
474200.345373
474305.948299
474434.541633
474816.267867
474594.220562
474693.251033
474777.640424
474909.603161
475036.861886
475098.447254
475220.279144
475606.91987
475405.759419
475760.23451
475900.801733
475698.427662
476094.138023
475906.262694
476255.613502
476373.226282
476526.794854
476610.19932
476660.45603
476824.832931
476599.890968
476704.979642
476835.45987
477217.587047
477290.194329
477103.505779
477170.172439
477546.251789
477426.301697
477768.61348
477564.826202
477676.800249
478121.06153
478158.238498
478325.609731
478097.923616
478196.193842
478326.601046
478723.025844
478525.953077
478596.315971
478676.116043
478809.467865
479165.617997
479315.640348
479110.56482
479473.328758
479301.628882
479416.587017
479520.075221
479591.081223
479748.773567
480122.672442
479890.512322
480277.128516
480116.021771
480501.478168
480312.99052
480692.417561
480483.710567
480885.294415
480711.814032
480813.711038
480899.520281
481012.976779
481398.809396
481502.364406
481317.435536
481427.26787
481769.570771
481627.977209
481716.942246
481812.683044
481889.704695
482019.331629
482418.969124
482214.642738
482263.349762
482386.34683
482498.028283
482605.085864
482711.016347
483127.272496
483153.96032
483013.978215
483421.31717
483474.480829
483294.177483
483397.395446
483780.246972
483913.99681
483712.716198
483792.961509
483913.715649
484286.711875
484113.34703
484219.612776
484605.763107
484682.9954
484803.604479
484602.756937
484730.061771
484790.008583
484893.282839
485046.483542
485429.701562
485235.431677
485583.845445
485388.6152
485785.471969
485585.865327
485722.974426
486110.625981
485895.792043
486008.746981
486081.7553
486198.887017
486326.671827
486695.649614
486758.68004
486600.313873
486987.012061
486816.556387
487172.088735
486998.837671
487365.408027
487520.145939
487299.895939
487413.862126
487775.158143
487880.379957
487698.949481
488086.856693
487916.241055
488268.502983
488091.367283
488210.128283
488305.424263
488688.117828
488502.503877
488885.541196
488719.079171
488785.984711
488881.808358
489008.736136
489078.790381
489524.798211
489604.217069
489408.79415
489797.168156
489603.059383
489736.205223
490120.138607
489903.660825
490009.070496
490385.200598
490191.297375
490329.684472
490719.630716
490798.195614
490879.479018
490703.445537
491126.446924
490925.537096
490983.839219
491401.180817
491512.048567
491323.408159
491414.947324
491506.241573
491907.967211
491691.199016
492085.093105
492203.964937
492289.285093
492379.06449
492155.435388
492610.356754
492405.027685
492535.882455
492619.470865
492701.417399
493079.118432
492921.464586
493282.400234
493106.088257
493178.157272
493306.087135
493694.78623
493831.607681
493615.095431
493706.456912
493806.050546
493885.900381
494330.569913
494099.513281
494183.225684
494283.205609
494396.708897
494512.890077
494605.718345
494722.292046
494812.027992
495191.645349
494992.06972
495400.450724
495498.255892
495282.152503
495435.058484
495802.399014
495592.621866
495695.160601
496108.232729
496192.44622
496003.336718
496070.673101
496529.376182
496290.492496
496377.4101
496513.084341
496900.235914
496709.419211
497091.407861
496945.434075
497013.577694
497109.489829
497227.211564
497308.177793
497425.614785
497521.88129
497608.573583
497688.074257
497808.193569
497901.714029
498028.21767
498414.447908
498532.923804
498625.042052
498690.35166
498494.92597
498924.765678
498973.431767
498807.523195
498900.48006
499274.960548
499370.895663
499521.295022
499589.277547
499396.3997
499804.335127
499874.449619
500016.256383
500103.162783
499926.939949
500017.444913
500086.369626
500521.082813
500339.820491
500388.226581
500486.369146
500576.121842
