696.889890946
801.922517251
918.184787084
1004.61543147
1094.47961501
1168.40631654
1300.52481296
1385.90777512
1811.15096692
1901.32513375
1967.39849249
1758.33585205
1907.21661667
2029.81681506
2407.23092362
2212.24091831
2583.23223921
2419.38714904
2556.72635774
2605.39260555
2717.62641441
2805.23208512
2915.77101948
3018.78173742
3417.21067674
3478.90760941
3300.5115649
3727.99428964
3528.92639141
3606.01401883
3716.75324068
3807.62340258
4170.42486428
3997.74725198
4116.99278645
4179.55946998
4265.45432644
4360.27379959
4514.88603205
4588.18770661
4678.23204116
5110.26761408
5206.27044995
5288.11292232
5080.31699589
5486.19070416
5601.45334732
5680.77693794
5487.45026643
5606.57168638
