698.189135457
811.463168175
884.075607904
1300.81232731
1404.60202951
1534.55099273
1331.42165134
1413.68766378
1526.59460719
1873.61172001
1726.70738446
1813.94371634
1897.31998578
2017.64349953
2089.15923169
2212.21115779
2319.27605949
2399.141712
2789.90498919
2606.76807645
2700.88051657
2810.06978991
2889.82431686
3357.25015647
3096.04117501
3190.28507858
3292.84925266
3394.70777555
3777.04984077
3591.69704603
3681.1604447
3783.7559134
4181.60372001
4290.59523476
4098.6437307
4497.32074282
4599.10570671
4727.5611552
4514.72387924
4919.04431608
5016.05587565
4797.58945567
4909.67379953
5012.52798122
5416.17121397
5493.92333234
5627.7076379
5411.10510584
5791.82681764
5602.62192739
6010.33956215
5828.63241626
5882.81133488
5980.89904724
6087.28922986
6211.5382718
6613.60529283
6418.36398739
6511.10827068
6863.2920245
7019.71363269
7128.97215144
7188.59470815
6992.10326181
7110.54393967
7526.72187111
7602.45429912
7404.2720738
7491.88346016
7613.09624798
7995.15003607
8110.5540673
7919.33595623
8372.53242044
8100.45117419
8513.80064811
8603.49720549
8400.37296149
8827.41399783
8593.4292698
8695.51852225
8807.62950916
9187.92811139
9259.70324993
9115.64304813
9191.54700529
9335.71023282
9398.29312997
9490.31989193
9914.47057637
9694.66155056
9771.06626194
9877.00795204
10016.5810951
10389.2246556
10241.7076219
10618.9396285
10395.2261421
10824.0357779
10601.621298
